[2025-12-27T13:47:28.845+0000] {processor.py:161} INFO - Started process (PID=81) to work on /usr/local/lib/python3.11/site-packages/airflow/example_dags/subdags/subdag.py
[2025-12-27T13:47:28.846+0000] {processor.py:830} INFO - Processing file /usr/local/lib/python3.11/site-packages/airflow/example_dags/subdags/subdag.py for tasks to queue
[2025-12-27T13:47:28.849+0000] {logging_mixin.py:188} INFO - [2025-12-27T13:47:28.848+0000] {dagbag.py:545} INFO - Filling up the DagBag from /usr/local/lib/python3.11/site-packages/airflow/example_dags/subdags/subdag.py
[2025-12-27T13:47:28.852+0000] {processor.py:842} WARNING - No viable dags retrieved from /usr/local/lib/python3.11/site-packages/airflow/example_dags/subdags/subdag.py
[2025-12-27T13:47:28.881+0000] {processor.py:183} INFO - Processing /usr/local/lib/python3.11/site-packages/airflow/example_dags/subdags/subdag.py took 0.053 seconds
[2025-12-27T13:49:07.810+0000] {processor.py:161} INFO - Started process (PID=149) to work on /usr/local/lib/python3.11/site-packages/airflow/example_dags/subdags/subdag.py
[2025-12-27T13:49:07.811+0000] {processor.py:830} INFO - Processing file /usr/local/lib/python3.11/site-packages/airflow/example_dags/subdags/subdag.py for tasks to queue
[2025-12-27T13:49:07.815+0000] {logging_mixin.py:188} INFO - [2025-12-27T13:49:07.814+0000] {dagbag.py:545} INFO - Filling up the DagBag from /usr/local/lib/python3.11/site-packages/airflow/example_dags/subdags/subdag.py
[2025-12-27T13:49:07.818+0000] {processor.py:842} WARNING - No viable dags retrieved from /usr/local/lib/python3.11/site-packages/airflow/example_dags/subdags/subdag.py
[2025-12-27T13:49:07.845+0000] {processor.py:183} INFO - Processing /usr/local/lib/python3.11/site-packages/airflow/example_dags/subdags/subdag.py took 0.053 seconds
[2025-12-27T13:50:42.428+0000] {processor.py:161} INFO - Started process (PID=214) to work on /usr/local/lib/python3.11/site-packages/airflow/example_dags/subdags/subdag.py
[2025-12-27T13:50:42.430+0000] {processor.py:830} INFO - Processing file /usr/local/lib/python3.11/site-packages/airflow/example_dags/subdags/subdag.py for tasks to queue
[2025-12-27T13:50:42.434+0000] {logging_mixin.py:188} INFO - [2025-12-27T13:50:42.433+0000] {dagbag.py:545} INFO - Filling up the DagBag from /usr/local/lib/python3.11/site-packages/airflow/example_dags/subdags/subdag.py
[2025-12-27T13:50:42.436+0000] {processor.py:842} WARNING - No viable dags retrieved from /usr/local/lib/python3.11/site-packages/airflow/example_dags/subdags/subdag.py
[2025-12-27T13:50:42.460+0000] {processor.py:183} INFO - Processing /usr/local/lib/python3.11/site-packages/airflow/example_dags/subdags/subdag.py took 0.047 seconds
[2025-12-27T13:52:06.468+0000] {processor.py:161} INFO - Started process (PID=275) to work on /usr/local/lib/python3.11/site-packages/airflow/example_dags/subdags/subdag.py
[2025-12-27T13:52:06.469+0000] {processor.py:830} INFO - Processing file /usr/local/lib/python3.11/site-packages/airflow/example_dags/subdags/subdag.py for tasks to queue
[2025-12-27T13:52:06.471+0000] {logging_mixin.py:188} INFO - [2025-12-27T13:52:06.471+0000] {dagbag.py:545} INFO - Filling up the DagBag from /usr/local/lib/python3.11/site-packages/airflow/example_dags/subdags/subdag.py
[2025-12-27T13:52:06.474+0000] {processor.py:842} WARNING - No viable dags retrieved from /usr/local/lib/python3.11/site-packages/airflow/example_dags/subdags/subdag.py
[2025-12-27T13:52:06.500+0000] {processor.py:183} INFO - Processing /usr/local/lib/python3.11/site-packages/airflow/example_dags/subdags/subdag.py took 0.046 seconds
[2025-12-27T13:53:27.687+0000] {processor.py:161} INFO - Started process (PID=334) to work on /usr/local/lib/python3.11/site-packages/airflow/example_dags/subdags/subdag.py
[2025-12-27T13:53:27.688+0000] {processor.py:830} INFO - Processing file /usr/local/lib/python3.11/site-packages/airflow/example_dags/subdags/subdag.py for tasks to queue
[2025-12-27T13:53:27.691+0000] {logging_mixin.py:188} INFO - [2025-12-27T13:53:27.691+0000] {dagbag.py:545} INFO - Filling up the DagBag from /usr/local/lib/python3.11/site-packages/airflow/example_dags/subdags/subdag.py
[2025-12-27T13:53:27.695+0000] {processor.py:842} WARNING - No viable dags retrieved from /usr/local/lib/python3.11/site-packages/airflow/example_dags/subdags/subdag.py
[2025-12-27T13:53:27.726+0000] {processor.py:183} INFO - Processing /usr/local/lib/python3.11/site-packages/airflow/example_dags/subdags/subdag.py took 0.055 seconds
[2025-12-27T13:54:52.100+0000] {processor.py:161} INFO - Started process (PID=396) to work on /usr/local/lib/python3.11/site-packages/airflow/example_dags/subdags/subdag.py
[2025-12-27T13:54:52.101+0000] {processor.py:830} INFO - Processing file /usr/local/lib/python3.11/site-packages/airflow/example_dags/subdags/subdag.py for tasks to queue
[2025-12-27T13:54:52.104+0000] {logging_mixin.py:188} INFO - [2025-12-27T13:54:52.103+0000] {dagbag.py:545} INFO - Filling up the DagBag from /usr/local/lib/python3.11/site-packages/airflow/example_dags/subdags/subdag.py
[2025-12-27T13:54:52.106+0000] {processor.py:842} WARNING - No viable dags retrieved from /usr/local/lib/python3.11/site-packages/airflow/example_dags/subdags/subdag.py
[2025-12-27T13:54:52.129+0000] {processor.py:183} INFO - Processing /usr/local/lib/python3.11/site-packages/airflow/example_dags/subdags/subdag.py took 0.042 seconds
[2025-12-27T13:56:16.578+0000] {processor.py:161} INFO - Started process (PID=457) to work on /usr/local/lib/python3.11/site-packages/airflow/example_dags/subdags/subdag.py
[2025-12-27T13:56:16.579+0000] {processor.py:830} INFO - Processing file /usr/local/lib/python3.11/site-packages/airflow/example_dags/subdags/subdag.py for tasks to queue
[2025-12-27T13:56:16.582+0000] {logging_mixin.py:188} INFO - [2025-12-27T13:56:16.582+0000] {dagbag.py:545} INFO - Filling up the DagBag from /usr/local/lib/python3.11/site-packages/airflow/example_dags/subdags/subdag.py
[2025-12-27T13:56:16.586+0000] {processor.py:842} WARNING - No viable dags retrieved from /usr/local/lib/python3.11/site-packages/airflow/example_dags/subdags/subdag.py
[2025-12-27T13:56:16.619+0000] {processor.py:183} INFO - Processing /usr/local/lib/python3.11/site-packages/airflow/example_dags/subdags/subdag.py took 0.067 seconds
[2025-12-27T13:57:46.574+0000] {processor.py:161} INFO - Started process (PID=519) to work on /usr/local/lib/python3.11/site-packages/airflow/example_dags/subdags/subdag.py
[2025-12-27T13:57:46.576+0000] {processor.py:830} INFO - Processing file /usr/local/lib/python3.11/site-packages/airflow/example_dags/subdags/subdag.py for tasks to queue
[2025-12-27T13:57:46.580+0000] {logging_mixin.py:188} INFO - [2025-12-27T13:57:46.579+0000] {dagbag.py:545} INFO - Filling up the DagBag from /usr/local/lib/python3.11/site-packages/airflow/example_dags/subdags/subdag.py
[2025-12-27T13:57:46.583+0000] {processor.py:842} WARNING - No viable dags retrieved from /usr/local/lib/python3.11/site-packages/airflow/example_dags/subdags/subdag.py
[2025-12-27T13:57:46.609+0000] {processor.py:183} INFO - Processing /usr/local/lib/python3.11/site-packages/airflow/example_dags/subdags/subdag.py took 0.054 seconds
[2025-12-27T13:59:08.483+0000] {processor.py:161} INFO - Started process (PID=579) to work on /usr/local/lib/python3.11/site-packages/airflow/example_dags/subdags/subdag.py
[2025-12-27T13:59:08.484+0000] {processor.py:830} INFO - Processing file /usr/local/lib/python3.11/site-packages/airflow/example_dags/subdags/subdag.py for tasks to queue
[2025-12-27T13:59:08.487+0000] {logging_mixin.py:188} INFO - [2025-12-27T13:59:08.486+0000] {dagbag.py:545} INFO - Filling up the DagBag from /usr/local/lib/python3.11/site-packages/airflow/example_dags/subdags/subdag.py
[2025-12-27T13:59:08.489+0000] {processor.py:842} WARNING - No viable dags retrieved from /usr/local/lib/python3.11/site-packages/airflow/example_dags/subdags/subdag.py
[2025-12-27T13:59:08.514+0000] {processor.py:183} INFO - Processing /usr/local/lib/python3.11/site-packages/airflow/example_dags/subdags/subdag.py took 0.045 seconds
[2025-12-27T14:00:41.324+0000] {processor.py:161} INFO - Started process (PID=640) to work on /usr/local/lib/python3.11/site-packages/airflow/example_dags/subdags/subdag.py
[2025-12-27T14:00:41.326+0000] {processor.py:830} INFO - Processing file /usr/local/lib/python3.11/site-packages/airflow/example_dags/subdags/subdag.py for tasks to queue
[2025-12-27T14:00:41.328+0000] {logging_mixin.py:188} INFO - [2025-12-27T14:00:41.328+0000] {dagbag.py:545} INFO - Filling up the DagBag from /usr/local/lib/python3.11/site-packages/airflow/example_dags/subdags/subdag.py
[2025-12-27T14:00:41.331+0000] {processor.py:842} WARNING - No viable dags retrieved from /usr/local/lib/python3.11/site-packages/airflow/example_dags/subdags/subdag.py
[2025-12-27T14:00:41.357+0000] {processor.py:183} INFO - Processing /usr/local/lib/python3.11/site-packages/airflow/example_dags/subdags/subdag.py took 0.055 seconds
[2025-12-27T14:03:08.181+0000] {processor.py:161} INFO - Started process (PID=719) to work on /usr/local/lib/python3.11/site-packages/airflow/example_dags/subdags/subdag.py
[2025-12-27T14:03:08.183+0000] {processor.py:830} INFO - Processing file /usr/local/lib/python3.11/site-packages/airflow/example_dags/subdags/subdag.py for tasks to queue
[2025-12-27T14:03:08.186+0000] {logging_mixin.py:188} INFO - [2025-12-27T14:03:08.186+0000] {dagbag.py:545} INFO - Filling up the DagBag from /usr/local/lib/python3.11/site-packages/airflow/example_dags/subdags/subdag.py
[2025-12-27T14:03:08.192+0000] {processor.py:842} WARNING - No viable dags retrieved from /usr/local/lib/python3.11/site-packages/airflow/example_dags/subdags/subdag.py
[2025-12-27T14:03:08.222+0000] {processor.py:183} INFO - Processing /usr/local/lib/python3.11/site-packages/airflow/example_dags/subdags/subdag.py took 0.065 seconds
[2025-12-27T14:04:56.916+0000] {processor.py:161} INFO - Started process (PID=795) to work on /usr/local/lib/python3.11/site-packages/airflow/example_dags/subdags/subdag.py
[2025-12-27T14:04:56.917+0000] {processor.py:830} INFO - Processing file /usr/local/lib/python3.11/site-packages/airflow/example_dags/subdags/subdag.py for tasks to queue
[2025-12-27T14:04:56.919+0000] {logging_mixin.py:188} INFO - [2025-12-27T14:04:56.919+0000] {dagbag.py:545} INFO - Filling up the DagBag from /usr/local/lib/python3.11/site-packages/airflow/example_dags/subdags/subdag.py
[2025-12-27T14:04:56.922+0000] {processor.py:842} WARNING - No viable dags retrieved from /usr/local/lib/python3.11/site-packages/airflow/example_dags/subdags/subdag.py
[2025-12-27T14:04:56.948+0000] {processor.py:183} INFO - Processing /usr/local/lib/python3.11/site-packages/airflow/example_dags/subdags/subdag.py took 0.046 seconds
[2025-12-27T14:06:44.173+0000] {processor.py:161} INFO - Started process (PID=872) to work on /usr/local/lib/python3.11/site-packages/airflow/example_dags/subdags/subdag.py
[2025-12-27T14:06:44.175+0000] {processor.py:830} INFO - Processing file /usr/local/lib/python3.11/site-packages/airflow/example_dags/subdags/subdag.py for tasks to queue
[2025-12-27T14:06:44.178+0000] {logging_mixin.py:188} INFO - [2025-12-27T14:06:44.177+0000] {dagbag.py:545} INFO - Filling up the DagBag from /usr/local/lib/python3.11/site-packages/airflow/example_dags/subdags/subdag.py
[2025-12-27T14:06:44.181+0000] {processor.py:842} WARNING - No viable dags retrieved from /usr/local/lib/python3.11/site-packages/airflow/example_dags/subdags/subdag.py
[2025-12-27T14:06:44.234+0000] {processor.py:183} INFO - Processing /usr/local/lib/python3.11/site-packages/airflow/example_dags/subdags/subdag.py took 0.076 seconds
[2025-12-27T14:08:27.175+0000] {processor.py:161} INFO - Started process (PID=936) to work on /usr/local/lib/python3.11/site-packages/airflow/example_dags/subdags/subdag.py
[2025-12-27T14:08:27.177+0000] {processor.py:830} INFO - Processing file /usr/local/lib/python3.11/site-packages/airflow/example_dags/subdags/subdag.py for tasks to queue
[2025-12-27T14:08:27.182+0000] {logging_mixin.py:188} INFO - [2025-12-27T14:08:27.181+0000] {dagbag.py:545} INFO - Filling up the DagBag from /usr/local/lib/python3.11/site-packages/airflow/example_dags/subdags/subdag.py
[2025-12-27T14:08:27.188+0000] {processor.py:842} WARNING - No viable dags retrieved from /usr/local/lib/python3.11/site-packages/airflow/example_dags/subdags/subdag.py
[2025-12-27T14:08:27.227+0000] {processor.py:183} INFO - Processing /usr/local/lib/python3.11/site-packages/airflow/example_dags/subdags/subdag.py took 0.078 seconds
[2025-12-27T14:10:03.751+0000] {processor.py:161} INFO - Started process (PID=1000) to work on /usr/local/lib/python3.11/site-packages/airflow/example_dags/subdags/subdag.py
[2025-12-27T14:10:03.752+0000] {processor.py:830} INFO - Processing file /usr/local/lib/python3.11/site-packages/airflow/example_dags/subdags/subdag.py for tasks to queue
[2025-12-27T14:10:03.754+0000] {logging_mixin.py:188} INFO - [2025-12-27T14:10:03.754+0000] {dagbag.py:545} INFO - Filling up the DagBag from /usr/local/lib/python3.11/site-packages/airflow/example_dags/subdags/subdag.py
[2025-12-27T14:10:03.757+0000] {processor.py:842} WARNING - No viable dags retrieved from /usr/local/lib/python3.11/site-packages/airflow/example_dags/subdags/subdag.py
[2025-12-27T14:10:03.779+0000] {processor.py:183} INFO - Processing /usr/local/lib/python3.11/site-packages/airflow/example_dags/subdags/subdag.py took 0.042 seconds
[2025-12-27T14:12:13.315+0000] {processor.py:161} INFO - Started process (PID=1072) to work on /usr/local/lib/python3.11/site-packages/airflow/example_dags/subdags/subdag.py
[2025-12-27T14:12:13.325+0000] {processor.py:830} INFO - Processing file /usr/local/lib/python3.11/site-packages/airflow/example_dags/subdags/subdag.py for tasks to queue
[2025-12-27T14:12:13.327+0000] {logging_mixin.py:188} INFO - [2025-12-27T14:12:13.327+0000] {dagbag.py:545} INFO - Filling up the DagBag from /usr/local/lib/python3.11/site-packages/airflow/example_dags/subdags/subdag.py
[2025-12-27T14:12:13.330+0000] {processor.py:842} WARNING - No viable dags retrieved from /usr/local/lib/python3.11/site-packages/airflow/example_dags/subdags/subdag.py
[2025-12-27T14:12:13.360+0000] {processor.py:183} INFO - Processing /usr/local/lib/python3.11/site-packages/airflow/example_dags/subdags/subdag.py took 0.060 seconds
[2025-12-27T14:14:11.948+0000] {processor.py:161} INFO - Started process (PID=1142) to work on /usr/local/lib/python3.11/site-packages/airflow/example_dags/subdags/subdag.py
[2025-12-27T14:14:11.949+0000] {processor.py:830} INFO - Processing file /usr/local/lib/python3.11/site-packages/airflow/example_dags/subdags/subdag.py for tasks to queue
[2025-12-27T14:14:11.951+0000] {logging_mixin.py:188} INFO - [2025-12-27T14:14:11.950+0000] {dagbag.py:545} INFO - Filling up the DagBag from /usr/local/lib/python3.11/site-packages/airflow/example_dags/subdags/subdag.py
[2025-12-27T14:14:11.953+0000] {processor.py:842} WARNING - No viable dags retrieved from /usr/local/lib/python3.11/site-packages/airflow/example_dags/subdags/subdag.py
[2025-12-27T14:14:11.984+0000] {processor.py:183} INFO - Processing /usr/local/lib/python3.11/site-packages/airflow/example_dags/subdags/subdag.py took 0.053 seconds
[2025-12-27T14:33:10.130+0000] {processor.py:161} INFO - Started process (PID=77) to work on /usr/local/lib/python3.11/site-packages/airflow/example_dags/subdags/subdag.py
[2025-12-27T14:33:10.131+0000] {processor.py:830} INFO - Processing file /usr/local/lib/python3.11/site-packages/airflow/example_dags/subdags/subdag.py for tasks to queue
[2025-12-27T14:33:10.134+0000] {logging_mixin.py:188} INFO - [2025-12-27T14:33:10.133+0000] {dagbag.py:545} INFO - Filling up the DagBag from /usr/local/lib/python3.11/site-packages/airflow/example_dags/subdags/subdag.py
[2025-12-27T14:33:10.136+0000] {processor.py:842} WARNING - No viable dags retrieved from /usr/local/lib/python3.11/site-packages/airflow/example_dags/subdags/subdag.py
[2025-12-27T14:33:10.160+0000] {processor.py:183} INFO - Processing /usr/local/lib/python3.11/site-packages/airflow/example_dags/subdags/subdag.py took 0.043 seconds
[2025-12-27T14:35:02.545+0000] {processor.py:161} INFO - Started process (PID=145) to work on /usr/local/lib/python3.11/site-packages/airflow/example_dags/subdags/subdag.py
[2025-12-27T14:35:02.547+0000] {processor.py:830} INFO - Processing file /usr/local/lib/python3.11/site-packages/airflow/example_dags/subdags/subdag.py for tasks to queue
[2025-12-27T14:35:02.550+0000] {logging_mixin.py:188} INFO - [2025-12-27T14:35:02.549+0000] {dagbag.py:545} INFO - Filling up the DagBag from /usr/local/lib/python3.11/site-packages/airflow/example_dags/subdags/subdag.py
[2025-12-27T14:35:02.553+0000] {processor.py:842} WARNING - No viable dags retrieved from /usr/local/lib/python3.11/site-packages/airflow/example_dags/subdags/subdag.py
[2025-12-27T14:35:02.577+0000] {processor.py:183} INFO - Processing /usr/local/lib/python3.11/site-packages/airflow/example_dags/subdags/subdag.py took 0.052 seconds
[2025-12-27T14:54:59.846+0000] {processor.py:161} INFO - Started process (PID=81) to work on /usr/local/lib/python3.11/site-packages/airflow/example_dags/subdags/subdag.py
[2025-12-27T14:54:59.847+0000] {processor.py:830} INFO - Processing file /usr/local/lib/python3.11/site-packages/airflow/example_dags/subdags/subdag.py for tasks to queue
[2025-12-27T14:54:59.850+0000] {logging_mixin.py:188} INFO - [2025-12-27T14:54:59.849+0000] {dagbag.py:545} INFO - Filling up the DagBag from /usr/local/lib/python3.11/site-packages/airflow/example_dags/subdags/subdag.py
[2025-12-27T14:54:59.852+0000] {processor.py:842} WARNING - No viable dags retrieved from /usr/local/lib/python3.11/site-packages/airflow/example_dags/subdags/subdag.py
[2025-12-27T14:54:59.886+0000] {processor.py:183} INFO - Processing /usr/local/lib/python3.11/site-packages/airflow/example_dags/subdags/subdag.py took 0.055 seconds
[2025-12-27T14:56:57.576+0000] {processor.py:161} INFO - Started process (PID=154) to work on /usr/local/lib/python3.11/site-packages/airflow/example_dags/subdags/subdag.py
[2025-12-27T14:56:57.577+0000] {processor.py:830} INFO - Processing file /usr/local/lib/python3.11/site-packages/airflow/example_dags/subdags/subdag.py for tasks to queue
[2025-12-27T14:56:57.580+0000] {logging_mixin.py:188} INFO - [2025-12-27T14:56:57.579+0000] {dagbag.py:545} INFO - Filling up the DagBag from /usr/local/lib/python3.11/site-packages/airflow/example_dags/subdags/subdag.py
[2025-12-27T14:56:57.582+0000] {processor.py:842} WARNING - No viable dags retrieved from /usr/local/lib/python3.11/site-packages/airflow/example_dags/subdags/subdag.py
[2025-12-27T14:56:57.609+0000] {processor.py:183} INFO - Processing /usr/local/lib/python3.11/site-packages/airflow/example_dags/subdags/subdag.py took 0.049 seconds
[2025-12-27T14:59:03.741+0000] {processor.py:161} INFO - Started process (PID=228) to work on /usr/local/lib/python3.11/site-packages/airflow/example_dags/subdags/subdag.py
[2025-12-27T14:59:03.742+0000] {processor.py:830} INFO - Processing file /usr/local/lib/python3.11/site-packages/airflow/example_dags/subdags/subdag.py for tasks to queue
[2025-12-27T14:59:03.746+0000] {logging_mixin.py:188} INFO - [2025-12-27T14:59:03.745+0000] {dagbag.py:545} INFO - Filling up the DagBag from /usr/local/lib/python3.11/site-packages/airflow/example_dags/subdags/subdag.py
[2025-12-27T14:59:03.749+0000] {processor.py:842} WARNING - No viable dags retrieved from /usr/local/lib/python3.11/site-packages/airflow/example_dags/subdags/subdag.py
[2025-12-27T14:59:03.777+0000] {processor.py:183} INFO - Processing /usr/local/lib/python3.11/site-packages/airflow/example_dags/subdags/subdag.py took 0.052 seconds
[2025-12-27T15:01:00.053+0000] {processor.py:161} INFO - Started process (PID=308) to work on /usr/local/lib/python3.11/site-packages/airflow/example_dags/subdags/subdag.py
[2025-12-27T15:01:00.055+0000] {processor.py:830} INFO - Processing file /usr/local/lib/python3.11/site-packages/airflow/example_dags/subdags/subdag.py for tasks to queue
[2025-12-27T15:01:00.058+0000] {logging_mixin.py:188} INFO - [2025-12-27T15:01:00.058+0000] {dagbag.py:545} INFO - Filling up the DagBag from /usr/local/lib/python3.11/site-packages/airflow/example_dags/subdags/subdag.py
[2025-12-27T15:01:00.070+0000] {processor.py:842} WARNING - No viable dags retrieved from /usr/local/lib/python3.11/site-packages/airflow/example_dags/subdags/subdag.py
[2025-12-27T15:01:00.114+0000] {processor.py:183} INFO - Processing /usr/local/lib/python3.11/site-packages/airflow/example_dags/subdags/subdag.py took 0.080 seconds
[2025-12-27T15:02:56.023+0000] {processor.py:161} INFO - Started process (PID=383) to work on /usr/local/lib/python3.11/site-packages/airflow/example_dags/subdags/subdag.py
[2025-12-27T15:02:56.025+0000] {processor.py:830} INFO - Processing file /usr/local/lib/python3.11/site-packages/airflow/example_dags/subdags/subdag.py for tasks to queue
[2025-12-27T15:02:56.027+0000] {logging_mixin.py:188} INFO - [2025-12-27T15:02:56.027+0000] {dagbag.py:545} INFO - Filling up the DagBag from /usr/local/lib/python3.11/site-packages/airflow/example_dags/subdags/subdag.py
[2025-12-27T15:02:56.031+0000] {processor.py:842} WARNING - No viable dags retrieved from /usr/local/lib/python3.11/site-packages/airflow/example_dags/subdags/subdag.py
[2025-12-27T15:02:56.056+0000] {processor.py:183} INFO - Processing /usr/local/lib/python3.11/site-packages/airflow/example_dags/subdags/subdag.py took 0.049 seconds
[2025-12-27T15:04:30.550+0000] {processor.py:161} INFO - Started process (PID=450) to work on /usr/local/lib/python3.11/site-packages/airflow/example_dags/subdags/subdag.py
[2025-12-27T15:04:30.551+0000] {processor.py:830} INFO - Processing file /usr/local/lib/python3.11/site-packages/airflow/example_dags/subdags/subdag.py for tasks to queue
[2025-12-27T15:04:30.554+0000] {logging_mixin.py:188} INFO - [2025-12-27T15:04:30.554+0000] {dagbag.py:545} INFO - Filling up the DagBag from /usr/local/lib/python3.11/site-packages/airflow/example_dags/subdags/subdag.py
[2025-12-27T15:04:30.557+0000] {processor.py:842} WARNING - No viable dags retrieved from /usr/local/lib/python3.11/site-packages/airflow/example_dags/subdags/subdag.py
[2025-12-27T15:04:30.587+0000] {processor.py:183} INFO - Processing /usr/local/lib/python3.11/site-packages/airflow/example_dags/subdags/subdag.py took 0.061 seconds
[2025-12-27T15:05:57.642+0000] {processor.py:161} INFO - Started process (PID=511) to work on /usr/local/lib/python3.11/site-packages/airflow/example_dags/subdags/subdag.py
[2025-12-27T15:05:57.643+0000] {processor.py:830} INFO - Processing file /usr/local/lib/python3.11/site-packages/airflow/example_dags/subdags/subdag.py for tasks to queue
[2025-12-27T15:05:57.646+0000] {logging_mixin.py:188} INFO - [2025-12-27T15:05:57.645+0000] {dagbag.py:545} INFO - Filling up the DagBag from /usr/local/lib/python3.11/site-packages/airflow/example_dags/subdags/subdag.py
[2025-12-27T15:05:57.648+0000] {processor.py:842} WARNING - No viable dags retrieved from /usr/local/lib/python3.11/site-packages/airflow/example_dags/subdags/subdag.py
[2025-12-27T15:05:57.676+0000] {processor.py:183} INFO - Processing /usr/local/lib/python3.11/site-packages/airflow/example_dags/subdags/subdag.py took 0.048 seconds
[2025-12-27T15:07:28.302+0000] {processor.py:161} INFO - Started process (PID=573) to work on /usr/local/lib/python3.11/site-packages/airflow/example_dags/subdags/subdag.py
[2025-12-27T15:07:28.303+0000] {processor.py:830} INFO - Processing file /usr/local/lib/python3.11/site-packages/airflow/example_dags/subdags/subdag.py for tasks to queue
[2025-12-27T15:07:28.306+0000] {logging_mixin.py:188} INFO - [2025-12-27T15:07:28.305+0000] {dagbag.py:545} INFO - Filling up the DagBag from /usr/local/lib/python3.11/site-packages/airflow/example_dags/subdags/subdag.py
[2025-12-27T15:07:28.308+0000] {processor.py:842} WARNING - No viable dags retrieved from /usr/local/lib/python3.11/site-packages/airflow/example_dags/subdags/subdag.py
[2025-12-27T15:07:28.344+0000] {processor.py:183} INFO - Processing /usr/local/lib/python3.11/site-packages/airflow/example_dags/subdags/subdag.py took 0.056 seconds
[2025-12-27T15:09:08.411+0000] {processor.py:161} INFO - Started process (PID=637) to work on /usr/local/lib/python3.11/site-packages/airflow/example_dags/subdags/subdag.py
[2025-12-27T15:09:08.413+0000] {processor.py:830} INFO - Processing file /usr/local/lib/python3.11/site-packages/airflow/example_dags/subdags/subdag.py for tasks to queue
[2025-12-27T15:09:08.416+0000] {logging_mixin.py:188} INFO - [2025-12-27T15:09:08.416+0000] {dagbag.py:545} INFO - Filling up the DagBag from /usr/local/lib/python3.11/site-packages/airflow/example_dags/subdags/subdag.py
[2025-12-27T15:09:08.419+0000] {processor.py:842} WARNING - No viable dags retrieved from /usr/local/lib/python3.11/site-packages/airflow/example_dags/subdags/subdag.py
[2025-12-27T15:09:08.469+0000] {processor.py:183} INFO - Processing /usr/local/lib/python3.11/site-packages/airflow/example_dags/subdags/subdag.py took 0.074 seconds
[2025-12-27T15:10:56.833+0000] {processor.py:161} INFO - Started process (PID=705) to work on /usr/local/lib/python3.11/site-packages/airflow/example_dags/subdags/subdag.py
[2025-12-27T15:10:56.834+0000] {processor.py:830} INFO - Processing file /usr/local/lib/python3.11/site-packages/airflow/example_dags/subdags/subdag.py for tasks to queue
[2025-12-27T15:10:56.840+0000] {logging_mixin.py:188} INFO - [2025-12-27T15:10:56.836+0000] {dagbag.py:545} INFO - Filling up the DagBag from /usr/local/lib/python3.11/site-packages/airflow/example_dags/subdags/subdag.py
[2025-12-27T15:10:56.845+0000] {processor.py:842} WARNING - No viable dags retrieved from /usr/local/lib/python3.11/site-packages/airflow/example_dags/subdags/subdag.py
[2025-12-27T15:10:56.875+0000] {processor.py:183} INFO - Processing /usr/local/lib/python3.11/site-packages/airflow/example_dags/subdags/subdag.py took 0.079 seconds
[2025-12-27T15:12:36.458+0000] {processor.py:161} INFO - Started process (PID=771) to work on /usr/local/lib/python3.11/site-packages/airflow/example_dags/subdags/subdag.py
[2025-12-27T15:12:36.459+0000] {processor.py:830} INFO - Processing file /usr/local/lib/python3.11/site-packages/airflow/example_dags/subdags/subdag.py for tasks to queue
[2025-12-27T15:12:36.462+0000] {logging_mixin.py:188} INFO - [2025-12-27T15:12:36.462+0000] {dagbag.py:545} INFO - Filling up the DagBag from /usr/local/lib/python3.11/site-packages/airflow/example_dags/subdags/subdag.py
[2025-12-27T15:12:36.465+0000] {processor.py:842} WARNING - No viable dags retrieved from /usr/local/lib/python3.11/site-packages/airflow/example_dags/subdags/subdag.py
[2025-12-27T15:12:36.493+0000] {processor.py:183} INFO - Processing /usr/local/lib/python3.11/site-packages/airflow/example_dags/subdags/subdag.py took 0.049 seconds
[2025-12-27T15:14:14.171+0000] {processor.py:161} INFO - Started process (PID=835) to work on /usr/local/lib/python3.11/site-packages/airflow/example_dags/subdags/subdag.py
[2025-12-27T15:14:14.172+0000] {processor.py:830} INFO - Processing file /usr/local/lib/python3.11/site-packages/airflow/example_dags/subdags/subdag.py for tasks to queue
[2025-12-27T15:14:14.174+0000] {logging_mixin.py:188} INFO - [2025-12-27T15:14:14.174+0000] {dagbag.py:545} INFO - Filling up the DagBag from /usr/local/lib/python3.11/site-packages/airflow/example_dags/subdags/subdag.py
[2025-12-27T15:14:14.178+0000] {processor.py:842} WARNING - No viable dags retrieved from /usr/local/lib/python3.11/site-packages/airflow/example_dags/subdags/subdag.py
[2025-12-27T15:14:14.208+0000] {processor.py:183} INFO - Processing /usr/local/lib/python3.11/site-packages/airflow/example_dags/subdags/subdag.py took 0.055 seconds
[2025-12-27T15:15:57.767+0000] {processor.py:161} INFO - Started process (PID=902) to work on /usr/local/lib/python3.11/site-packages/airflow/example_dags/subdags/subdag.py
[2025-12-27T15:15:57.768+0000] {processor.py:830} INFO - Processing file /usr/local/lib/python3.11/site-packages/airflow/example_dags/subdags/subdag.py for tasks to queue
[2025-12-27T15:15:57.770+0000] {logging_mixin.py:188} INFO - [2025-12-27T15:15:57.770+0000] {dagbag.py:545} INFO - Filling up the DagBag from /usr/local/lib/python3.11/site-packages/airflow/example_dags/subdags/subdag.py
[2025-12-27T15:15:57.773+0000] {processor.py:842} WARNING - No viable dags retrieved from /usr/local/lib/python3.11/site-packages/airflow/example_dags/subdags/subdag.py
[2025-12-27T15:15:57.802+0000] {processor.py:183} INFO - Processing /usr/local/lib/python3.11/site-packages/airflow/example_dags/subdags/subdag.py took 0.052 seconds
[2025-12-27T15:17:46.682+0000] {processor.py:161} INFO - Started process (PID=966) to work on /usr/local/lib/python3.11/site-packages/airflow/example_dags/subdags/subdag.py
[2025-12-27T15:17:46.683+0000] {processor.py:830} INFO - Processing file /usr/local/lib/python3.11/site-packages/airflow/example_dags/subdags/subdag.py for tasks to queue
[2025-12-27T15:17:46.687+0000] {logging_mixin.py:188} INFO - [2025-12-27T15:17:46.686+0000] {dagbag.py:545} INFO - Filling up the DagBag from /usr/local/lib/python3.11/site-packages/airflow/example_dags/subdags/subdag.py
[2025-12-27T15:17:46.690+0000] {processor.py:842} WARNING - No viable dags retrieved from /usr/local/lib/python3.11/site-packages/airflow/example_dags/subdags/subdag.py
[2025-12-27T15:17:46.724+0000] {processor.py:183} INFO - Processing /usr/local/lib/python3.11/site-packages/airflow/example_dags/subdags/subdag.py took 0.063 seconds
[2025-12-27T15:19:31.995+0000] {processor.py:161} INFO - Started process (PID=1033) to work on /usr/local/lib/python3.11/site-packages/airflow/example_dags/subdags/subdag.py
[2025-12-27T15:19:32.000+0000] {processor.py:830} INFO - Processing file /usr/local/lib/python3.11/site-packages/airflow/example_dags/subdags/subdag.py for tasks to queue
[2025-12-27T15:19:32.004+0000] {logging_mixin.py:188} INFO - [2025-12-27T15:19:32.003+0000] {dagbag.py:545} INFO - Filling up the DagBag from /usr/local/lib/python3.11/site-packages/airflow/example_dags/subdags/subdag.py
[2025-12-27T15:19:32.010+0000] {processor.py:842} WARNING - No viable dags retrieved from /usr/local/lib/python3.11/site-packages/airflow/example_dags/subdags/subdag.py
[2025-12-27T15:19:32.054+0000] {processor.py:183} INFO - Processing /usr/local/lib/python3.11/site-packages/airflow/example_dags/subdags/subdag.py took 0.095 seconds
[2025-12-27T15:31:58.701+0000] {processor.py:161} INFO - Started process (PID=76) to work on /usr/local/lib/python3.11/site-packages/airflow/example_dags/subdags/subdag.py
[2025-12-27T15:31:58.703+0000] {processor.py:830} INFO - Processing file /usr/local/lib/python3.11/site-packages/airflow/example_dags/subdags/subdag.py for tasks to queue
[2025-12-27T15:31:58.705+0000] {logging_mixin.py:188} INFO - [2025-12-27T15:31:58.705+0000] {dagbag.py:545} INFO - Filling up the DagBag from /usr/local/lib/python3.11/site-packages/airflow/example_dags/subdags/subdag.py
[2025-12-27T15:31:58.709+0000] {processor.py:842} WARNING - No viable dags retrieved from /usr/local/lib/python3.11/site-packages/airflow/example_dags/subdags/subdag.py
[2025-12-27T15:31:58.743+0000] {processor.py:183} INFO - Processing /usr/local/lib/python3.11/site-packages/airflow/example_dags/subdags/subdag.py took 0.065 seconds
[2025-12-27T15:33:52.834+0000] {processor.py:161} INFO - Started process (PID=148) to work on /usr/local/lib/python3.11/site-packages/airflow/example_dags/subdags/subdag.py
[2025-12-27T15:33:52.835+0000] {processor.py:830} INFO - Processing file /usr/local/lib/python3.11/site-packages/airflow/example_dags/subdags/subdag.py for tasks to queue
[2025-12-27T15:33:52.838+0000] {logging_mixin.py:188} INFO - [2025-12-27T15:33:52.837+0000] {dagbag.py:545} INFO - Filling up the DagBag from /usr/local/lib/python3.11/site-packages/airflow/example_dags/subdags/subdag.py
[2025-12-27T15:33:52.840+0000] {processor.py:842} WARNING - No viable dags retrieved from /usr/local/lib/python3.11/site-packages/airflow/example_dags/subdags/subdag.py
[2025-12-27T15:33:52.869+0000] {processor.py:183} INFO - Processing /usr/local/lib/python3.11/site-packages/airflow/example_dags/subdags/subdag.py took 0.048 seconds
[2025-12-27T15:35:27.284+0000] {processor.py:161} INFO - Started process (PID=212) to work on /usr/local/lib/python3.11/site-packages/airflow/example_dags/subdags/subdag.py
[2025-12-27T15:35:27.285+0000] {processor.py:830} INFO - Processing file /usr/local/lib/python3.11/site-packages/airflow/example_dags/subdags/subdag.py for tasks to queue
[2025-12-27T15:35:27.288+0000] {logging_mixin.py:188} INFO - [2025-12-27T15:35:27.288+0000] {dagbag.py:545} INFO - Filling up the DagBag from /usr/local/lib/python3.11/site-packages/airflow/example_dags/subdags/subdag.py
[2025-12-27T15:35:27.291+0000] {processor.py:842} WARNING - No viable dags retrieved from /usr/local/lib/python3.11/site-packages/airflow/example_dags/subdags/subdag.py
[2025-12-27T15:35:27.316+0000] {processor.py:183} INFO - Processing /usr/local/lib/python3.11/site-packages/airflow/example_dags/subdags/subdag.py took 0.045 seconds
[2025-12-27T15:37:02.163+0000] {processor.py:161} INFO - Started process (PID=275) to work on /usr/local/lib/python3.11/site-packages/airflow/example_dags/subdags/subdag.py
[2025-12-27T15:37:02.165+0000] {processor.py:830} INFO - Processing file /usr/local/lib/python3.11/site-packages/airflow/example_dags/subdags/subdag.py for tasks to queue
[2025-12-27T15:37:02.167+0000] {logging_mixin.py:188} INFO - [2025-12-27T15:37:02.167+0000] {dagbag.py:545} INFO - Filling up the DagBag from /usr/local/lib/python3.11/site-packages/airflow/example_dags/subdags/subdag.py
[2025-12-27T15:37:02.170+0000] {processor.py:842} WARNING - No viable dags retrieved from /usr/local/lib/python3.11/site-packages/airflow/example_dags/subdags/subdag.py
[2025-12-27T15:37:02.374+0000] {processor.py:183} INFO - Processing /usr/local/lib/python3.11/site-packages/airflow/example_dags/subdags/subdag.py took 0.225 seconds
[2025-12-27T15:38:33.187+0000] {processor.py:161} INFO - Started process (PID=337) to work on /usr/local/lib/python3.11/site-packages/airflow/example_dags/subdags/subdag.py
[2025-12-27T15:38:33.188+0000] {processor.py:830} INFO - Processing file /usr/local/lib/python3.11/site-packages/airflow/example_dags/subdags/subdag.py for tasks to queue
[2025-12-27T15:38:33.190+0000] {logging_mixin.py:188} INFO - [2025-12-27T15:38:33.190+0000] {dagbag.py:545} INFO - Filling up the DagBag from /usr/local/lib/python3.11/site-packages/airflow/example_dags/subdags/subdag.py
[2025-12-27T15:38:33.193+0000] {processor.py:842} WARNING - No viable dags retrieved from /usr/local/lib/python3.11/site-packages/airflow/example_dags/subdags/subdag.py
[2025-12-27T15:38:33.218+0000] {processor.py:183} INFO - Processing /usr/local/lib/python3.11/site-packages/airflow/example_dags/subdags/subdag.py took 0.049 seconds
[2025-12-27T15:40:19.542+0000] {processor.py:161} INFO - Started process (PID=403) to work on /usr/local/lib/python3.11/site-packages/airflow/example_dags/subdags/subdag.py
[2025-12-27T15:40:19.543+0000] {processor.py:830} INFO - Processing file /usr/local/lib/python3.11/site-packages/airflow/example_dags/subdags/subdag.py for tasks to queue
[2025-12-27T15:40:19.546+0000] {logging_mixin.py:188} INFO - [2025-12-27T15:40:19.546+0000] {dagbag.py:545} INFO - Filling up the DagBag from /usr/local/lib/python3.11/site-packages/airflow/example_dags/subdags/subdag.py
[2025-12-27T15:40:19.550+0000] {processor.py:842} WARNING - No viable dags retrieved from /usr/local/lib/python3.11/site-packages/airflow/example_dags/subdags/subdag.py
[2025-12-27T15:40:19.575+0000] {processor.py:183} INFO - Processing /usr/local/lib/python3.11/site-packages/airflow/example_dags/subdags/subdag.py took 0.048 seconds
[2025-12-27T15:42:00.815+0000] {processor.py:161} INFO - Started process (PID=468) to work on /usr/local/lib/python3.11/site-packages/airflow/example_dags/subdags/subdag.py
[2025-12-27T15:42:00.818+0000] {processor.py:830} INFO - Processing file /usr/local/lib/python3.11/site-packages/airflow/example_dags/subdags/subdag.py for tasks to queue
[2025-12-27T15:42:00.826+0000] {logging_mixin.py:188} INFO - [2025-12-27T15:42:00.825+0000] {dagbag.py:545} INFO - Filling up the DagBag from /usr/local/lib/python3.11/site-packages/airflow/example_dags/subdags/subdag.py
[2025-12-27T15:42:00.830+0000] {processor.py:842} WARNING - No viable dags retrieved from /usr/local/lib/python3.11/site-packages/airflow/example_dags/subdags/subdag.py
[2025-12-27T15:42:00.865+0000] {processor.py:183} INFO - Processing /usr/local/lib/python3.11/site-packages/airflow/example_dags/subdags/subdag.py took 0.071 seconds
[2025-12-27T15:44:49.010+0000] {processor.py:161} INFO - Started process (PID=80) to work on /usr/local/lib/python3.11/site-packages/airflow/example_dags/subdags/subdag.py
[2025-12-27T15:44:49.011+0000] {processor.py:830} INFO - Processing file /usr/local/lib/python3.11/site-packages/airflow/example_dags/subdags/subdag.py for tasks to queue
[2025-12-27T15:44:49.013+0000] {logging_mixin.py:188} INFO - [2025-12-27T15:44:49.013+0000] {dagbag.py:545} INFO - Filling up the DagBag from /usr/local/lib/python3.11/site-packages/airflow/example_dags/subdags/subdag.py
[2025-12-27T15:44:49.016+0000] {processor.py:842} WARNING - No viable dags retrieved from /usr/local/lib/python3.11/site-packages/airflow/example_dags/subdags/subdag.py
[2025-12-27T15:44:49.046+0000] {processor.py:183} INFO - Processing /usr/local/lib/python3.11/site-packages/airflow/example_dags/subdags/subdag.py took 0.051 seconds
[2025-12-27T15:46:33.091+0000] {processor.py:161} INFO - Started process (PID=150) to work on /usr/local/lib/python3.11/site-packages/airflow/example_dags/subdags/subdag.py
[2025-12-27T15:46:33.092+0000] {processor.py:830} INFO - Processing file /usr/local/lib/python3.11/site-packages/airflow/example_dags/subdags/subdag.py for tasks to queue
[2025-12-27T15:46:33.096+0000] {logging_mixin.py:188} INFO - [2025-12-27T15:46:33.095+0000] {dagbag.py:545} INFO - Filling up the DagBag from /usr/local/lib/python3.11/site-packages/airflow/example_dags/subdags/subdag.py
[2025-12-27T15:46:33.099+0000] {processor.py:842} WARNING - No viable dags retrieved from /usr/local/lib/python3.11/site-packages/airflow/example_dags/subdags/subdag.py
[2025-12-27T15:46:33.126+0000] {processor.py:183} INFO - Processing /usr/local/lib/python3.11/site-packages/airflow/example_dags/subdags/subdag.py took 0.051 seconds
[2025-12-27T15:48:10.660+0000] {processor.py:161} INFO - Started process (PID=245) to work on /usr/local/lib/python3.11/site-packages/airflow/example_dags/subdags/subdag.py
[2025-12-27T15:48:10.666+0000] {processor.py:830} INFO - Processing file /usr/local/lib/python3.11/site-packages/airflow/example_dags/subdags/subdag.py for tasks to queue
[2025-12-27T15:48:10.670+0000] {logging_mixin.py:188} INFO - [2025-12-27T15:48:10.670+0000] {dagbag.py:545} INFO - Filling up the DagBag from /usr/local/lib/python3.11/site-packages/airflow/example_dags/subdags/subdag.py
[2025-12-27T15:48:10.675+0000] {processor.py:842} WARNING - No viable dags retrieved from /usr/local/lib/python3.11/site-packages/airflow/example_dags/subdags/subdag.py
[2025-12-27T15:48:10.729+0000] {processor.py:183} INFO - Processing /usr/local/lib/python3.11/site-packages/airflow/example_dags/subdags/subdag.py took 0.089 seconds
[2025-12-27T15:49:40.354+0000] {processor.py:161} INFO - Started process (PID=311) to work on /usr/local/lib/python3.11/site-packages/airflow/example_dags/subdags/subdag.py
[2025-12-27T15:49:40.355+0000] {processor.py:830} INFO - Processing file /usr/local/lib/python3.11/site-packages/airflow/example_dags/subdags/subdag.py for tasks to queue
[2025-12-27T15:49:40.358+0000] {logging_mixin.py:188} INFO - [2025-12-27T15:49:40.358+0000] {dagbag.py:545} INFO - Filling up the DagBag from /usr/local/lib/python3.11/site-packages/airflow/example_dags/subdags/subdag.py
[2025-12-27T15:49:40.362+0000] {processor.py:842} WARNING - No viable dags retrieved from /usr/local/lib/python3.11/site-packages/airflow/example_dags/subdags/subdag.py
[2025-12-27T15:49:40.394+0000] {processor.py:183} INFO - Processing /usr/local/lib/python3.11/site-packages/airflow/example_dags/subdags/subdag.py took 0.056 seconds
[2025-12-27T15:51:18.444+0000] {processor.py:161} INFO - Started process (PID=388) to work on /usr/local/lib/python3.11/site-packages/airflow/example_dags/subdags/subdag.py
[2025-12-27T15:51:18.445+0000] {processor.py:830} INFO - Processing file /usr/local/lib/python3.11/site-packages/airflow/example_dags/subdags/subdag.py for tasks to queue
[2025-12-27T15:51:18.447+0000] {logging_mixin.py:188} INFO - [2025-12-27T15:51:18.447+0000] {dagbag.py:545} INFO - Filling up the DagBag from /usr/local/lib/python3.11/site-packages/airflow/example_dags/subdags/subdag.py
[2025-12-27T15:51:18.450+0000] {processor.py:842} WARNING - No viable dags retrieved from /usr/local/lib/python3.11/site-packages/airflow/example_dags/subdags/subdag.py
[2025-12-27T15:51:18.483+0000] {processor.py:183} INFO - Processing /usr/local/lib/python3.11/site-packages/airflow/example_dags/subdags/subdag.py took 0.053 seconds
[2025-12-27T15:52:48.859+0000] {processor.py:161} INFO - Started process (PID=468) to work on /usr/local/lib/python3.11/site-packages/airflow/example_dags/subdags/subdag.py
[2025-12-27T15:52:48.860+0000] {processor.py:830} INFO - Processing file /usr/local/lib/python3.11/site-packages/airflow/example_dags/subdags/subdag.py for tasks to queue
[2025-12-27T15:52:48.862+0000] {logging_mixin.py:188} INFO - [2025-12-27T15:52:48.862+0000] {dagbag.py:545} INFO - Filling up the DagBag from /usr/local/lib/python3.11/site-packages/airflow/example_dags/subdags/subdag.py
[2025-12-27T15:52:48.865+0000] {processor.py:842} WARNING - No viable dags retrieved from /usr/local/lib/python3.11/site-packages/airflow/example_dags/subdags/subdag.py
[2025-12-27T15:52:48.892+0000] {processor.py:183} INFO - Processing /usr/local/lib/python3.11/site-packages/airflow/example_dags/subdags/subdag.py took 0.051 seconds
[2025-12-27T15:54:20.904+0000] {processor.py:161} INFO - Started process (PID=532) to work on /usr/local/lib/python3.11/site-packages/airflow/example_dags/subdags/subdag.py
[2025-12-27T15:54:20.906+0000] {processor.py:830} INFO - Processing file /usr/local/lib/python3.11/site-packages/airflow/example_dags/subdags/subdag.py for tasks to queue
[2025-12-27T15:54:20.909+0000] {logging_mixin.py:188} INFO - [2025-12-27T15:54:20.908+0000] {dagbag.py:545} INFO - Filling up the DagBag from /usr/local/lib/python3.11/site-packages/airflow/example_dags/subdags/subdag.py
[2025-12-27T15:54:20.913+0000] {processor.py:842} WARNING - No viable dags retrieved from /usr/local/lib/python3.11/site-packages/airflow/example_dags/subdags/subdag.py
[2025-12-27T15:54:20.943+0000] {processor.py:183} INFO - Processing /usr/local/lib/python3.11/site-packages/airflow/example_dags/subdags/subdag.py took 0.060 seconds
[2025-12-27T15:55:52.814+0000] {processor.py:161} INFO - Started process (PID=602) to work on /usr/local/lib/python3.11/site-packages/airflow/example_dags/subdags/subdag.py
[2025-12-27T15:55:52.815+0000] {processor.py:830} INFO - Processing file /usr/local/lib/python3.11/site-packages/airflow/example_dags/subdags/subdag.py for tasks to queue
[2025-12-27T15:55:52.818+0000] {logging_mixin.py:188} INFO - [2025-12-27T15:55:52.817+0000] {dagbag.py:545} INFO - Filling up the DagBag from /usr/local/lib/python3.11/site-packages/airflow/example_dags/subdags/subdag.py
[2025-12-27T15:55:52.821+0000] {processor.py:842} WARNING - No viable dags retrieved from /usr/local/lib/python3.11/site-packages/airflow/example_dags/subdags/subdag.py
[2025-12-27T15:55:52.852+0000] {processor.py:183} INFO - Processing /usr/local/lib/python3.11/site-packages/airflow/example_dags/subdags/subdag.py took 0.052 seconds
[2025-12-27T15:57:26.305+0000] {processor.py:161} INFO - Started process (PID=670) to work on /usr/local/lib/python3.11/site-packages/airflow/example_dags/subdags/subdag.py
[2025-12-27T15:57:26.307+0000] {processor.py:830} INFO - Processing file /usr/local/lib/python3.11/site-packages/airflow/example_dags/subdags/subdag.py for tasks to queue
[2025-12-27T15:57:26.309+0000] {logging_mixin.py:188} INFO - [2025-12-27T15:57:26.309+0000] {dagbag.py:545} INFO - Filling up the DagBag from /usr/local/lib/python3.11/site-packages/airflow/example_dags/subdags/subdag.py
[2025-12-27T15:57:26.311+0000] {processor.py:842} WARNING - No viable dags retrieved from /usr/local/lib/python3.11/site-packages/airflow/example_dags/subdags/subdag.py
[2025-12-27T15:57:26.338+0000] {processor.py:183} INFO - Processing /usr/local/lib/python3.11/site-packages/airflow/example_dags/subdags/subdag.py took 0.048 seconds
[2025-12-27T15:58:55.432+0000] {processor.py:161} INFO - Started process (PID=733) to work on /usr/local/lib/python3.11/site-packages/airflow/example_dags/subdags/subdag.py
[2025-12-27T15:58:55.433+0000] {processor.py:830} INFO - Processing file /usr/local/lib/python3.11/site-packages/airflow/example_dags/subdags/subdag.py for tasks to queue
[2025-12-27T15:58:55.436+0000] {logging_mixin.py:188} INFO - [2025-12-27T15:58:55.435+0000] {dagbag.py:545} INFO - Filling up the DagBag from /usr/local/lib/python3.11/site-packages/airflow/example_dags/subdags/subdag.py
[2025-12-27T15:58:55.438+0000] {processor.py:842} WARNING - No viable dags retrieved from /usr/local/lib/python3.11/site-packages/airflow/example_dags/subdags/subdag.py
[2025-12-27T15:58:55.469+0000] {processor.py:183} INFO - Processing /usr/local/lib/python3.11/site-packages/airflow/example_dags/subdags/subdag.py took 0.056 seconds
[2025-12-27T16:00:49.348+0000] {processor.py:161} INFO - Started process (PID=801) to work on /usr/local/lib/python3.11/site-packages/airflow/example_dags/subdags/subdag.py
[2025-12-27T16:00:49.349+0000] {processor.py:830} INFO - Processing file /usr/local/lib/python3.11/site-packages/airflow/example_dags/subdags/subdag.py for tasks to queue
[2025-12-27T16:00:49.352+0000] {logging_mixin.py:188} INFO - [2025-12-27T16:00:49.352+0000] {dagbag.py:545} INFO - Filling up the DagBag from /usr/local/lib/python3.11/site-packages/airflow/example_dags/subdags/subdag.py
[2025-12-27T16:00:49.356+0000] {processor.py:842} WARNING - No viable dags retrieved from /usr/local/lib/python3.11/site-packages/airflow/example_dags/subdags/subdag.py
[2025-12-27T16:00:49.382+0000] {processor.py:183} INFO - Processing /usr/local/lib/python3.11/site-packages/airflow/example_dags/subdags/subdag.py took 0.052 seconds
[2025-12-27T21:00:54.278+0000] {processor.py:161} INFO - Started process (PID=81) to work on /usr/local/lib/python3.11/site-packages/airflow/example_dags/subdags/subdag.py
[2025-12-27T21:00:54.303+0000] {processor.py:830} INFO - Processing file /usr/local/lib/python3.11/site-packages/airflow/example_dags/subdags/subdag.py for tasks to queue
[2025-12-27T21:00:54.305+0000] {logging_mixin.py:188} INFO - [2025-12-27T21:00:54.304+0000] {dagbag.py:545} INFO - Filling up the DagBag from /usr/local/lib/python3.11/site-packages/airflow/example_dags/subdags/subdag.py
[2025-12-27T21:00:54.308+0000] {processor.py:842} WARNING - No viable dags retrieved from /usr/local/lib/python3.11/site-packages/airflow/example_dags/subdags/subdag.py
[2025-12-27T21:00:54.331+0000] {processor.py:183} INFO - Processing /usr/local/lib/python3.11/site-packages/airflow/example_dags/subdags/subdag.py took 0.070 seconds
[2025-12-27T21:02:21.021+0000] {processor.py:161} INFO - Started process (PID=143) to work on /usr/local/lib/python3.11/site-packages/airflow/example_dags/subdags/subdag.py
[2025-12-27T21:02:21.022+0000] {processor.py:830} INFO - Processing file /usr/local/lib/python3.11/site-packages/airflow/example_dags/subdags/subdag.py for tasks to queue
[2025-12-27T21:02:21.024+0000] {logging_mixin.py:188} INFO - [2025-12-27T21:02:21.023+0000] {dagbag.py:545} INFO - Filling up the DagBag from /usr/local/lib/python3.11/site-packages/airflow/example_dags/subdags/subdag.py
[2025-12-27T21:02:21.026+0000] {processor.py:842} WARNING - No viable dags retrieved from /usr/local/lib/python3.11/site-packages/airflow/example_dags/subdags/subdag.py
[2025-12-27T21:02:21.052+0000] {processor.py:183} INFO - Processing /usr/local/lib/python3.11/site-packages/airflow/example_dags/subdags/subdag.py took 0.043 seconds
[2025-12-27T21:03:47.276+0000] {processor.py:161} INFO - Started process (PID=205) to work on /usr/local/lib/python3.11/site-packages/airflow/example_dags/subdags/subdag.py
[2025-12-27T21:03:47.277+0000] {processor.py:830} INFO - Processing file /usr/local/lib/python3.11/site-packages/airflow/example_dags/subdags/subdag.py for tasks to queue
[2025-12-27T21:03:47.278+0000] {logging_mixin.py:188} INFO - [2025-12-27T21:03:47.278+0000] {dagbag.py:545} INFO - Filling up the DagBag from /usr/local/lib/python3.11/site-packages/airflow/example_dags/subdags/subdag.py
[2025-12-27T21:03:47.281+0000] {processor.py:842} WARNING - No viable dags retrieved from /usr/local/lib/python3.11/site-packages/airflow/example_dags/subdags/subdag.py
[2025-12-27T21:03:47.311+0000] {processor.py:183} INFO - Processing /usr/local/lib/python3.11/site-packages/airflow/example_dags/subdags/subdag.py took 0.048 seconds
[2025-12-27T21:05:25.102+0000] {processor.py:161} INFO - Started process (PID=268) to work on /usr/local/lib/python3.11/site-packages/airflow/example_dags/subdags/subdag.py
[2025-12-27T21:05:25.104+0000] {processor.py:830} INFO - Processing file /usr/local/lib/python3.11/site-packages/airflow/example_dags/subdags/subdag.py for tasks to queue
[2025-12-27T21:05:25.105+0000] {logging_mixin.py:188} INFO - [2025-12-27T21:05:25.105+0000] {dagbag.py:545} INFO - Filling up the DagBag from /usr/local/lib/python3.11/site-packages/airflow/example_dags/subdags/subdag.py
[2025-12-27T21:05:25.108+0000] {processor.py:842} WARNING - No viable dags retrieved from /usr/local/lib/python3.11/site-packages/airflow/example_dags/subdags/subdag.py
[2025-12-27T21:05:25.139+0000] {processor.py:183} INFO - Processing /usr/local/lib/python3.11/site-packages/airflow/example_dags/subdags/subdag.py took 0.052 seconds
[2025-12-27T21:20:25.213+0000] {processor.py:161} INFO - Started process (PID=76) to work on /usr/local/lib/python3.11/site-packages/airflow/example_dags/subdags/subdag.py
[2025-12-27T21:20:25.230+0000] {processor.py:830} INFO - Processing file /usr/local/lib/python3.11/site-packages/airflow/example_dags/subdags/subdag.py for tasks to queue
[2025-12-27T21:20:25.234+0000] {logging_mixin.py:188} INFO - [2025-12-27T21:20:25.233+0000] {dagbag.py:545} INFO - Filling up the DagBag from /usr/local/lib/python3.11/site-packages/airflow/example_dags/subdags/subdag.py
[2025-12-27T21:20:25.237+0000] {processor.py:842} WARNING - No viable dags retrieved from /usr/local/lib/python3.11/site-packages/airflow/example_dags/subdags/subdag.py
[2025-12-27T21:20:25.265+0000] {processor.py:183} INFO - Processing /usr/local/lib/python3.11/site-packages/airflow/example_dags/subdags/subdag.py took 0.070 seconds
[2025-12-27T21:22:05.814+0000] {processor.py:161} INFO - Started process (PID=150) to work on /usr/local/lib/python3.11/site-packages/airflow/example_dags/subdags/subdag.py
[2025-12-27T21:22:05.815+0000] {processor.py:830} INFO - Processing file /usr/local/lib/python3.11/site-packages/airflow/example_dags/subdags/subdag.py for tasks to queue
[2025-12-27T21:22:05.818+0000] {logging_mixin.py:188} INFO - [2025-12-27T21:22:05.817+0000] {dagbag.py:545} INFO - Filling up the DagBag from /usr/local/lib/python3.11/site-packages/airflow/example_dags/subdags/subdag.py
[2025-12-27T21:22:05.821+0000] {processor.py:842} WARNING - No viable dags retrieved from /usr/local/lib/python3.11/site-packages/airflow/example_dags/subdags/subdag.py
[2025-12-27T21:22:05.848+0000] {processor.py:183} INFO - Processing /usr/local/lib/python3.11/site-packages/airflow/example_dags/subdags/subdag.py took 0.053 seconds
[2025-12-27T21:23:39.343+0000] {processor.py:161} INFO - Started process (PID=214) to work on /usr/local/lib/python3.11/site-packages/airflow/example_dags/subdags/subdag.py
[2025-12-27T21:23:39.344+0000] {processor.py:830} INFO - Processing file /usr/local/lib/python3.11/site-packages/airflow/example_dags/subdags/subdag.py for tasks to queue
[2025-12-27T21:23:39.347+0000] {logging_mixin.py:188} INFO - [2025-12-27T21:23:39.347+0000] {dagbag.py:545} INFO - Filling up the DagBag from /usr/local/lib/python3.11/site-packages/airflow/example_dags/subdags/subdag.py
[2025-12-27T21:23:39.350+0000] {processor.py:842} WARNING - No viable dags retrieved from /usr/local/lib/python3.11/site-packages/airflow/example_dags/subdags/subdag.py
[2025-12-27T21:23:39.377+0000] {processor.py:183} INFO - Processing /usr/local/lib/python3.11/site-packages/airflow/example_dags/subdags/subdag.py took 0.050 seconds
[2025-12-27T21:25:17.126+0000] {processor.py:161} INFO - Started process (PID=277) to work on /usr/local/lib/python3.11/site-packages/airflow/example_dags/subdags/subdag.py
[2025-12-27T21:25:17.127+0000] {processor.py:830} INFO - Processing file /usr/local/lib/python3.11/site-packages/airflow/example_dags/subdags/subdag.py for tasks to queue
[2025-12-27T21:25:17.130+0000] {logging_mixin.py:188} INFO - [2025-12-27T21:25:17.130+0000] {dagbag.py:545} INFO - Filling up the DagBag from /usr/local/lib/python3.11/site-packages/airflow/example_dags/subdags/subdag.py
[2025-12-27T21:25:17.134+0000] {processor.py:842} WARNING - No viable dags retrieved from /usr/local/lib/python3.11/site-packages/airflow/example_dags/subdags/subdag.py
[2025-12-27T21:25:17.160+0000] {processor.py:183} INFO - Processing /usr/local/lib/python3.11/site-packages/airflow/example_dags/subdags/subdag.py took 0.054 seconds
[2025-12-27T21:27:00.553+0000] {processor.py:161} INFO - Started process (PID=366) to work on /usr/local/lib/python3.11/site-packages/airflow/example_dags/subdags/subdag.py
[2025-12-27T21:27:00.555+0000] {processor.py:830} INFO - Processing file /usr/local/lib/python3.11/site-packages/airflow/example_dags/subdags/subdag.py for tasks to queue
[2025-12-27T21:27:00.558+0000] {logging_mixin.py:188} INFO - [2025-12-27T21:27:00.557+0000] {dagbag.py:545} INFO - Filling up the DagBag from /usr/local/lib/python3.11/site-packages/airflow/example_dags/subdags/subdag.py
[2025-12-27T21:27:00.562+0000] {processor.py:842} WARNING - No viable dags retrieved from /usr/local/lib/python3.11/site-packages/airflow/example_dags/subdags/subdag.py
[2025-12-27T21:27:00.601+0000] {processor.py:183} INFO - Processing /usr/local/lib/python3.11/site-packages/airflow/example_dags/subdags/subdag.py took 0.071 seconds
[2025-12-27T21:28:30.678+0000] {processor.py:161} INFO - Started process (PID=630) to work on /usr/local/lib/python3.11/site-packages/airflow/example_dags/subdags/subdag.py
[2025-12-27T21:28:30.680+0000] {processor.py:830} INFO - Processing file /usr/local/lib/python3.11/site-packages/airflow/example_dags/subdags/subdag.py for tasks to queue
[2025-12-27T21:28:30.682+0000] {logging_mixin.py:188} INFO - [2025-12-27T21:28:30.682+0000] {dagbag.py:545} INFO - Filling up the DagBag from /usr/local/lib/python3.11/site-packages/airflow/example_dags/subdags/subdag.py
[2025-12-27T21:28:30.686+0000] {processor.py:842} WARNING - No viable dags retrieved from /usr/local/lib/python3.11/site-packages/airflow/example_dags/subdags/subdag.py
[2025-12-27T21:28:30.720+0000] {processor.py:183} INFO - Processing /usr/local/lib/python3.11/site-packages/airflow/example_dags/subdags/subdag.py took 0.065 seconds
[2025-12-27T21:33:28.465+0000] {processor.py:161} INFO - Started process (PID=77) to work on /usr/local/lib/python3.11/site-packages/airflow/example_dags/subdags/subdag.py
[2025-12-27T21:33:28.467+0000] {processor.py:830} INFO - Processing file /usr/local/lib/python3.11/site-packages/airflow/example_dags/subdags/subdag.py for tasks to queue
[2025-12-27T21:33:28.470+0000] {logging_mixin.py:188} INFO - [2025-12-27T21:33:28.470+0000] {dagbag.py:545} INFO - Filling up the DagBag from /usr/local/lib/python3.11/site-packages/airflow/example_dags/subdags/subdag.py
[2025-12-27T21:33:28.474+0000] {processor.py:842} WARNING - No viable dags retrieved from /usr/local/lib/python3.11/site-packages/airflow/example_dags/subdags/subdag.py
[2025-12-27T21:33:28.870+0000] {processor.py:183} INFO - Processing /usr/local/lib/python3.11/site-packages/airflow/example_dags/subdags/subdag.py took 0.423 seconds
