[2025-12-27T13:46:49.465+0000] {processor.py:161} INFO - Started process (PID=66) to work on /usr/local/lib/python3.11/site-packages/airflow/example_dags/example_dag_decorator.py
[2025-12-27T13:46:49.466+0000] {processor.py:830} INFO - Processing file /usr/local/lib/python3.11/site-packages/airflow/example_dags/example_dag_decorator.py for tasks to queue
[2025-12-27T13:46:49.468+0000] {logging_mixin.py:188} INFO - [2025-12-27T13:46:49.468+0000] {dagbag.py:545} INFO - Filling up the DagBag from /usr/local/lib/python3.11/site-packages/airflow/example_dags/example_dag_decorator.py
[2025-12-27T13:46:49.519+0000] {processor.py:840} INFO - DAG(s) 'example_dag_decorator' retrieved from /usr/local/lib/python3.11/site-packages/airflow/example_dags/example_dag_decorator.py
[2025-12-27T13:46:49.891+0000] {logging_mixin.py:188} INFO - [2025-12-27T13:46:49.890+0000] {override.py:1930} INFO - Created Permission View: can edit on DAG:example_dag_decorator
[2025-12-27T13:46:50.036+0000] {logging_mixin.py:188} INFO - [2025-12-27T13:46:50.036+0000] {override.py:1930} INFO - Created Permission View: can read on DAG:example_dag_decorator
[2025-12-27T13:46:50.224+0000] {logging_mixin.py:188} INFO - [2025-12-27T13:46:50.222+0000] {override.py:1930} INFO - Created Permission View: can delete on DAG:example_dag_decorator
[2025-12-27T13:46:50.227+0000] {logging_mixin.py:188} INFO - [2025-12-27T13:46:50.226+0000] {dag.py:3096} INFO - Sync 1 DAGs
[2025-12-27T13:46:50.280+0000] {logging_mixin.py:188} INFO - [2025-12-27T13:46:50.280+0000] {dag.py:3118} INFO - Creating ORM DAG for example_dag_decorator
[2025-12-27T13:46:50.281+0000] {logging_mixin.py:188} INFO - [2025-12-27T13:46:50.281+0000] {dag.py:3954} INFO - Setting next_dagrun for example_dag_decorator to None, run_after=None
[2025-12-27T13:46:50.681+0000] {processor.py:183} INFO - Processing /usr/local/lib/python3.11/site-packages/airflow/example_dags/example_dag_decorator.py took 1.229 seconds
[2025-12-27T13:48:20.398+0000] {processor.py:161} INFO - Started process (PID=118) to work on /usr/local/lib/python3.11/site-packages/airflow/example_dags/example_dag_decorator.py
[2025-12-27T13:48:20.399+0000] {processor.py:830} INFO - Processing file /usr/local/lib/python3.11/site-packages/airflow/example_dags/example_dag_decorator.py for tasks to queue
[2025-12-27T13:48:20.402+0000] {logging_mixin.py:188} INFO - [2025-12-27T13:48:20.401+0000] {dagbag.py:545} INFO - Filling up the DagBag from /usr/local/lib/python3.11/site-packages/airflow/example_dags/example_dag_decorator.py
[2025-12-27T13:48:20.452+0000] {processor.py:840} INFO - DAG(s) 'example_dag_decorator' retrieved from /usr/local/lib/python3.11/site-packages/airflow/example_dags/example_dag_decorator.py
[2025-12-27T13:48:20.710+0000] {logging_mixin.py:188} INFO - [2025-12-27T13:48:20.710+0000] {dag.py:3096} INFO - Sync 1 DAGs
[2025-12-27T13:48:20.724+0000] {logging_mixin.py:188} INFO - [2025-12-27T13:48:20.723+0000] {dag.py:3954} INFO - Setting next_dagrun for example_dag_decorator to None, run_after=None
[2025-12-27T13:48:20.947+0000] {processor.py:183} INFO - Processing /usr/local/lib/python3.11/site-packages/airflow/example_dags/example_dag_decorator.py took 0.561 seconds
[2025-12-27T13:49:54.530+0000] {processor.py:161} INFO - Started process (PID=181) to work on /usr/local/lib/python3.11/site-packages/airflow/example_dags/example_dag_decorator.py
[2025-12-27T13:49:54.532+0000] {processor.py:830} INFO - Processing file /usr/local/lib/python3.11/site-packages/airflow/example_dags/example_dag_decorator.py for tasks to queue
[2025-12-27T13:49:54.535+0000] {logging_mixin.py:188} INFO - [2025-12-27T13:49:54.535+0000] {dagbag.py:545} INFO - Filling up the DagBag from /usr/local/lib/python3.11/site-packages/airflow/example_dags/example_dag_decorator.py
[2025-12-27T13:49:54.595+0000] {processor.py:840} INFO - DAG(s) 'example_dag_decorator' retrieved from /usr/local/lib/python3.11/site-packages/airflow/example_dags/example_dag_decorator.py
[2025-12-27T13:49:54.735+0000] {logging_mixin.py:188} INFO - [2025-12-27T13:49:54.735+0000] {dag.py:3096} INFO - Sync 1 DAGs
[2025-12-27T13:49:54.750+0000] {logging_mixin.py:188} INFO - [2025-12-27T13:49:54.749+0000] {dag.py:3954} INFO - Setting next_dagrun for example_dag_decorator to None, run_after=None
[2025-12-27T13:49:54.964+0000] {processor.py:183} INFO - Processing /usr/local/lib/python3.11/site-packages/airflow/example_dags/example_dag_decorator.py took 0.456 seconds
[2025-12-27T13:51:19.625+0000] {processor.py:161} INFO - Started process (PID=242) to work on /usr/local/lib/python3.11/site-packages/airflow/example_dags/example_dag_decorator.py
[2025-12-27T13:51:19.626+0000] {processor.py:830} INFO - Processing file /usr/local/lib/python3.11/site-packages/airflow/example_dags/example_dag_decorator.py for tasks to queue
[2025-12-27T13:51:19.629+0000] {logging_mixin.py:188} INFO - [2025-12-27T13:51:19.628+0000] {dagbag.py:545} INFO - Filling up the DagBag from /usr/local/lib/python3.11/site-packages/airflow/example_dags/example_dag_decorator.py
[2025-12-27T13:51:19.686+0000] {processor.py:840} INFO - DAG(s) 'example_dag_decorator' retrieved from /usr/local/lib/python3.11/site-packages/airflow/example_dags/example_dag_decorator.py
[2025-12-27T13:51:19.830+0000] {logging_mixin.py:188} INFO - [2025-12-27T13:51:19.830+0000] {dag.py:3096} INFO - Sync 1 DAGs
[2025-12-27T13:51:19.844+0000] {logging_mixin.py:188} INFO - [2025-12-27T13:51:19.844+0000] {dag.py:3954} INFO - Setting next_dagrun for example_dag_decorator to None, run_after=None
[2025-12-27T13:51:20.075+0000] {processor.py:183} INFO - Processing /usr/local/lib/python3.11/site-packages/airflow/example_dags/example_dag_decorator.py took 0.462 seconds
[2025-12-27T13:52:42.428+0000] {processor.py:161} INFO - Started process (PID=302) to work on /usr/local/lib/python3.11/site-packages/airflow/example_dags/example_dag_decorator.py
[2025-12-27T13:52:42.429+0000] {processor.py:830} INFO - Processing file /usr/local/lib/python3.11/site-packages/airflow/example_dags/example_dag_decorator.py for tasks to queue
[2025-12-27T13:52:42.432+0000] {logging_mixin.py:188} INFO - [2025-12-27T13:52:42.431+0000] {dagbag.py:545} INFO - Filling up the DagBag from /usr/local/lib/python3.11/site-packages/airflow/example_dags/example_dag_decorator.py
[2025-12-27T13:52:42.504+0000] {processor.py:840} INFO - DAG(s) 'example_dag_decorator' retrieved from /usr/local/lib/python3.11/site-packages/airflow/example_dags/example_dag_decorator.py
[2025-12-27T13:52:42.669+0000] {logging_mixin.py:188} INFO - [2025-12-27T13:52:42.668+0000] {dag.py:3096} INFO - Sync 1 DAGs
[2025-12-27T13:52:42.686+0000] {logging_mixin.py:188} INFO - [2025-12-27T13:52:42.686+0000] {dag.py:3954} INFO - Setting next_dagrun for example_dag_decorator to None, run_after=None
[2025-12-27T13:52:42.914+0000] {processor.py:183} INFO - Processing /usr/local/lib/python3.11/site-packages/airflow/example_dags/example_dag_decorator.py took 0.503 seconds
[2025-12-27T13:54:07.255+0000] {processor.py:161} INFO - Started process (PID=363) to work on /usr/local/lib/python3.11/site-packages/airflow/example_dags/example_dag_decorator.py
[2025-12-27T13:54:07.256+0000] {processor.py:830} INFO - Processing file /usr/local/lib/python3.11/site-packages/airflow/example_dags/example_dag_decorator.py for tasks to queue
[2025-12-27T13:54:07.258+0000] {logging_mixin.py:188} INFO - [2025-12-27T13:54:07.258+0000] {dagbag.py:545} INFO - Filling up the DagBag from /usr/local/lib/python3.11/site-packages/airflow/example_dags/example_dag_decorator.py
[2025-12-27T13:54:07.310+0000] {processor.py:840} INFO - DAG(s) 'example_dag_decorator' retrieved from /usr/local/lib/python3.11/site-packages/airflow/example_dags/example_dag_decorator.py
[2025-12-27T13:54:07.480+0000] {logging_mixin.py:188} INFO - [2025-12-27T13:54:07.479+0000] {dag.py:3096} INFO - Sync 1 DAGs
[2025-12-27T13:54:07.501+0000] {logging_mixin.py:188} INFO - [2025-12-27T13:54:07.501+0000] {dag.py:3954} INFO - Setting next_dagrun for example_dag_decorator to None, run_after=None
[2025-12-27T13:54:07.762+0000] {processor.py:183} INFO - Processing /usr/local/lib/python3.11/site-packages/airflow/example_dags/example_dag_decorator.py took 0.521 seconds
[2025-12-27T13:55:31.627+0000] {processor.py:161} INFO - Started process (PID=425) to work on /usr/local/lib/python3.11/site-packages/airflow/example_dags/example_dag_decorator.py
[2025-12-27T13:55:31.628+0000] {processor.py:830} INFO - Processing file /usr/local/lib/python3.11/site-packages/airflow/example_dags/example_dag_decorator.py for tasks to queue
[2025-12-27T13:55:31.631+0000] {logging_mixin.py:188} INFO - [2025-12-27T13:55:31.630+0000] {dagbag.py:545} INFO - Filling up the DagBag from /usr/local/lib/python3.11/site-packages/airflow/example_dags/example_dag_decorator.py
[2025-12-27T13:55:31.685+0000] {processor.py:840} INFO - DAG(s) 'example_dag_decorator' retrieved from /usr/local/lib/python3.11/site-packages/airflow/example_dags/example_dag_decorator.py
[2025-12-27T13:55:31.837+0000] {logging_mixin.py:188} INFO - [2025-12-27T13:55:31.837+0000] {dag.py:3096} INFO - Sync 1 DAGs
[2025-12-27T13:55:31.853+0000] {logging_mixin.py:188} INFO - [2025-12-27T13:55:31.852+0000] {dag.py:3954} INFO - Setting next_dagrun for example_dag_decorator to None, run_after=None
[2025-12-27T13:55:32.108+0000] {processor.py:183} INFO - Processing /usr/local/lib/python3.11/site-packages/airflow/example_dags/example_dag_decorator.py took 0.494 seconds
[2025-12-27T13:56:57.406+0000] {processor.py:161} INFO - Started process (PID=486) to work on /usr/local/lib/python3.11/site-packages/airflow/example_dags/example_dag_decorator.py
[2025-12-27T13:56:57.407+0000] {processor.py:830} INFO - Processing file /usr/local/lib/python3.11/site-packages/airflow/example_dags/example_dag_decorator.py for tasks to queue
[2025-12-27T13:56:57.409+0000] {logging_mixin.py:188} INFO - [2025-12-27T13:56:57.409+0000] {dagbag.py:545} INFO - Filling up the DagBag from /usr/local/lib/python3.11/site-packages/airflow/example_dags/example_dag_decorator.py
[2025-12-27T13:56:57.464+0000] {processor.py:840} INFO - DAG(s) 'example_dag_decorator' retrieved from /usr/local/lib/python3.11/site-packages/airflow/example_dags/example_dag_decorator.py
[2025-12-27T13:56:57.644+0000] {logging_mixin.py:188} INFO - [2025-12-27T13:56:57.644+0000] {dag.py:3096} INFO - Sync 1 DAGs
[2025-12-27T13:56:57.673+0000] {logging_mixin.py:188} INFO - [2025-12-27T13:56:57.673+0000] {dag.py:3954} INFO - Setting next_dagrun for example_dag_decorator to None, run_after=None
[2025-12-27T13:56:57.919+0000] {processor.py:183} INFO - Processing /usr/local/lib/python3.11/site-packages/airflow/example_dags/example_dag_decorator.py took 0.534 seconds
[2025-12-27T13:58:22.057+0000] {processor.py:161} INFO - Started process (PID=547) to work on /usr/local/lib/python3.11/site-packages/airflow/example_dags/example_dag_decorator.py
[2025-12-27T13:58:22.058+0000] {processor.py:830} INFO - Processing file /usr/local/lib/python3.11/site-packages/airflow/example_dags/example_dag_decorator.py for tasks to queue
[2025-12-27T13:58:22.061+0000] {logging_mixin.py:188} INFO - [2025-12-27T13:58:22.060+0000] {dagbag.py:545} INFO - Filling up the DagBag from /usr/local/lib/python3.11/site-packages/airflow/example_dags/example_dag_decorator.py
[2025-12-27T13:58:22.125+0000] {processor.py:840} INFO - DAG(s) 'example_dag_decorator' retrieved from /usr/local/lib/python3.11/site-packages/airflow/example_dags/example_dag_decorator.py
[2025-12-27T13:58:22.280+0000] {logging_mixin.py:188} INFO - [2025-12-27T13:58:22.280+0000] {dag.py:3096} INFO - Sync 1 DAGs
[2025-12-27T13:58:22.294+0000] {logging_mixin.py:188} INFO - [2025-12-27T13:58:22.294+0000] {dag.py:3954} INFO - Setting next_dagrun for example_dag_decorator to None, run_after=None
[2025-12-27T13:58:22.542+0000] {processor.py:183} INFO - Processing /usr/local/lib/python3.11/site-packages/airflow/example_dags/example_dag_decorator.py took 0.508 seconds
[2025-12-27T13:59:48.474+0000] {processor.py:161} INFO - Started process (PID=608) to work on /usr/local/lib/python3.11/site-packages/airflow/example_dags/example_dag_decorator.py
[2025-12-27T13:59:48.482+0000] {processor.py:830} INFO - Processing file /usr/local/lib/python3.11/site-packages/airflow/example_dags/example_dag_decorator.py for tasks to queue
[2025-12-27T13:59:48.489+0000] {logging_mixin.py:188} INFO - [2025-12-27T13:59:48.488+0000] {dagbag.py:545} INFO - Filling up the DagBag from /usr/local/lib/python3.11/site-packages/airflow/example_dags/example_dag_decorator.py
[2025-12-27T13:59:48.550+0000] {processor.py:840} INFO - DAG(s) 'example_dag_decorator' retrieved from /usr/local/lib/python3.11/site-packages/airflow/example_dags/example_dag_decorator.py
[2025-12-27T13:59:48.743+0000] {logging_mixin.py:188} INFO - [2025-12-27T13:59:48.742+0000] {dag.py:3096} INFO - Sync 1 DAGs
[2025-12-27T13:59:48.761+0000] {logging_mixin.py:188} INFO - [2025-12-27T13:59:48.761+0000] {dag.py:3954} INFO - Setting next_dagrun for example_dag_decorator to None, run_after=None
[2025-12-27T13:59:48.980+0000] {processor.py:183} INFO - Processing /usr/local/lib/python3.11/site-packages/airflow/example_dags/example_dag_decorator.py took 0.529 seconds
[2025-12-27T14:01:28.427+0000] {processor.py:161} INFO - Started process (PID=673) to work on /usr/local/lib/python3.11/site-packages/airflow/example_dags/example_dag_decorator.py
[2025-12-27T14:01:28.429+0000] {processor.py:830} INFO - Processing file /usr/local/lib/python3.11/site-packages/airflow/example_dags/example_dag_decorator.py for tasks to queue
[2025-12-27T14:01:28.433+0000] {logging_mixin.py:188} INFO - [2025-12-27T14:01:28.433+0000] {dagbag.py:545} INFO - Filling up the DagBag from /usr/local/lib/python3.11/site-packages/airflow/example_dags/example_dag_decorator.py
[2025-12-27T14:01:28.505+0000] {processor.py:840} INFO - DAG(s) 'example_dag_decorator' retrieved from /usr/local/lib/python3.11/site-packages/airflow/example_dags/example_dag_decorator.py
[2025-12-27T14:01:28.793+0000] {logging_mixin.py:188} INFO - [2025-12-27T14:01:28.793+0000] {dag.py:3096} INFO - Sync 1 DAGs
[2025-12-27T14:01:28.824+0000] {logging_mixin.py:188} INFO - [2025-12-27T14:01:28.824+0000] {dag.py:3954} INFO - Setting next_dagrun for example_dag_decorator to None, run_after=None
[2025-12-27T14:01:29.408+0000] {processor.py:183} INFO - Processing /usr/local/lib/python3.11/site-packages/airflow/example_dags/example_dag_decorator.py took 1.002 seconds
[2025-12-27T14:03:56.455+0000] {processor.py:161} INFO - Started process (PID=750) to work on /usr/local/lib/python3.11/site-packages/airflow/example_dags/example_dag_decorator.py
[2025-12-27T14:03:56.456+0000] {processor.py:830} INFO - Processing file /usr/local/lib/python3.11/site-packages/airflow/example_dags/example_dag_decorator.py for tasks to queue
[2025-12-27T14:03:56.459+0000] {logging_mixin.py:188} INFO - [2025-12-27T14:03:56.458+0000] {dagbag.py:545} INFO - Filling up the DagBag from /usr/local/lib/python3.11/site-packages/airflow/example_dags/example_dag_decorator.py
[2025-12-27T14:03:56.513+0000] {processor.py:840} INFO - DAG(s) 'example_dag_decorator' retrieved from /usr/local/lib/python3.11/site-packages/airflow/example_dags/example_dag_decorator.py
[2025-12-27T14:03:56.690+0000] {logging_mixin.py:188} INFO - [2025-12-27T14:03:56.689+0000] {dag.py:3096} INFO - Sync 1 DAGs
[2025-12-27T14:03:56.705+0000] {logging_mixin.py:188} INFO - [2025-12-27T14:03:56.705+0000] {dag.py:3954} INFO - Setting next_dagrun for example_dag_decorator to None, run_after=None
[2025-12-27T14:03:56.932+0000] {processor.py:183} INFO - Processing /usr/local/lib/python3.11/site-packages/airflow/example_dags/example_dag_decorator.py took 0.496 seconds
[2025-12-27T14:05:39.394+0000] {processor.py:161} INFO - Started process (PID=834) to work on /usr/local/lib/python3.11/site-packages/airflow/example_dags/example_dag_decorator.py
[2025-12-27T14:05:39.396+0000] {processor.py:830} INFO - Processing file /usr/local/lib/python3.11/site-packages/airflow/example_dags/example_dag_decorator.py for tasks to queue
[2025-12-27T14:05:39.399+0000] {logging_mixin.py:188} INFO - [2025-12-27T14:05:39.399+0000] {dagbag.py:545} INFO - Filling up the DagBag from /usr/local/lib/python3.11/site-packages/airflow/example_dags/example_dag_decorator.py
[2025-12-27T14:05:39.572+0000] {processor.py:840} INFO - DAG(s) 'example_dag_decorator' retrieved from /usr/local/lib/python3.11/site-packages/airflow/example_dags/example_dag_decorator.py
[2025-12-27T14:05:39.773+0000] {logging_mixin.py:188} INFO - [2025-12-27T14:05:39.773+0000] {dag.py:3096} INFO - Sync 1 DAGs
[2025-12-27T14:05:39.791+0000] {logging_mixin.py:188} INFO - [2025-12-27T14:05:39.791+0000] {dag.py:3954} INFO - Setting next_dagrun for example_dag_decorator to None, run_after=None
[2025-12-27T14:05:40.152+0000] {processor.py:183} INFO - Processing /usr/local/lib/python3.11/site-packages/airflow/example_dags/example_dag_decorator.py took 0.815 seconds
[2025-12-27T14:07:27.954+0000] {processor.py:161} INFO - Started process (PID=901) to work on /usr/local/lib/python3.11/site-packages/airflow/example_dags/example_dag_decorator.py
[2025-12-27T14:07:27.960+0000] {processor.py:830} INFO - Processing file /usr/local/lib/python3.11/site-packages/airflow/example_dags/example_dag_decorator.py for tasks to queue
[2025-12-27T14:07:27.964+0000] {logging_mixin.py:188} INFO - [2025-12-27T14:07:27.963+0000] {dagbag.py:545} INFO - Filling up the DagBag from /usr/local/lib/python3.11/site-packages/airflow/example_dags/example_dag_decorator.py
[2025-12-27T14:07:28.081+0000] {processor.py:840} INFO - DAG(s) 'example_dag_decorator' retrieved from /usr/local/lib/python3.11/site-packages/airflow/example_dags/example_dag_decorator.py
[2025-12-27T14:07:28.453+0000] {logging_mixin.py:188} INFO - [2025-12-27T14:07:28.453+0000] {dag.py:3096} INFO - Sync 1 DAGs
[2025-12-27T14:07:28.472+0000] {logging_mixin.py:188} INFO - [2025-12-27T14:07:28.472+0000] {dag.py:3954} INFO - Setting next_dagrun for example_dag_decorator to None, run_after=None
[2025-12-27T14:07:28.803+0000] {processor.py:183} INFO - Processing /usr/local/lib/python3.11/site-packages/airflow/example_dags/example_dag_decorator.py took 0.904 seconds
[2025-12-27T14:09:13.040+0000] {processor.py:161} INFO - Started process (PID=967) to work on /usr/local/lib/python3.11/site-packages/airflow/example_dags/example_dag_decorator.py
[2025-12-27T14:09:13.041+0000] {processor.py:830} INFO - Processing file /usr/local/lib/python3.11/site-packages/airflow/example_dags/example_dag_decorator.py for tasks to queue
[2025-12-27T14:09:13.044+0000] {logging_mixin.py:188} INFO - [2025-12-27T14:09:13.043+0000] {dagbag.py:545} INFO - Filling up the DagBag from /usr/local/lib/python3.11/site-packages/airflow/example_dags/example_dag_decorator.py
[2025-12-27T14:09:13.127+0000] {processor.py:840} INFO - DAG(s) 'example_dag_decorator' retrieved from /usr/local/lib/python3.11/site-packages/airflow/example_dags/example_dag_decorator.py
[2025-12-27T14:09:13.297+0000] {logging_mixin.py:188} INFO - [2025-12-27T14:09:13.297+0000] {dag.py:3096} INFO - Sync 1 DAGs
[2025-12-27T14:09:13.313+0000] {logging_mixin.py:188} INFO - [2025-12-27T14:09:13.313+0000] {dag.py:3954} INFO - Setting next_dagrun for example_dag_decorator to None, run_after=None
[2025-12-27T14:09:13.516+0000] {processor.py:183} INFO - Processing /usr/local/lib/python3.11/site-packages/airflow/example_dags/example_dag_decorator.py took 0.494 seconds
[2025-12-27T14:10:58.560+0000] {processor.py:161} INFO - Started process (PID=1032) to work on /usr/local/lib/python3.11/site-packages/airflow/example_dags/example_dag_decorator.py
[2025-12-27T14:10:58.561+0000] {processor.py:830} INFO - Processing file /usr/local/lib/python3.11/site-packages/airflow/example_dags/example_dag_decorator.py for tasks to queue
[2025-12-27T14:10:58.563+0000] {logging_mixin.py:188} INFO - [2025-12-27T14:10:58.563+0000] {dagbag.py:545} INFO - Filling up the DagBag from /usr/local/lib/python3.11/site-packages/airflow/example_dags/example_dag_decorator.py
[2025-12-27T14:10:58.638+0000] {processor.py:840} INFO - DAG(s) 'example_dag_decorator' retrieved from /usr/local/lib/python3.11/site-packages/airflow/example_dags/example_dag_decorator.py
[2025-12-27T14:10:58.839+0000] {logging_mixin.py:188} INFO - [2025-12-27T14:10:58.839+0000] {dag.py:3096} INFO - Sync 1 DAGs
[2025-12-27T14:10:58.855+0000] {logging_mixin.py:188} INFO - [2025-12-27T14:10:58.855+0000] {dag.py:3954} INFO - Setting next_dagrun for example_dag_decorator to None, run_after=None
[2025-12-27T14:11:01.841+0000] {processor.py:183} INFO - Processing /usr/local/lib/python3.11/site-packages/airflow/example_dags/example_dag_decorator.py took 3.296 seconds
[2025-12-27T14:13:08.746+0000] {processor.py:161} INFO - Started process (PID=1104) to work on /usr/local/lib/python3.11/site-packages/airflow/example_dags/example_dag_decorator.py
[2025-12-27T14:13:08.747+0000] {processor.py:830} INFO - Processing file /usr/local/lib/python3.11/site-packages/airflow/example_dags/example_dag_decorator.py for tasks to queue
[2025-12-27T14:13:08.751+0000] {logging_mixin.py:188} INFO - [2025-12-27T14:13:08.751+0000] {dagbag.py:545} INFO - Filling up the DagBag from /usr/local/lib/python3.11/site-packages/airflow/example_dags/example_dag_decorator.py
[2025-12-27T14:13:08.823+0000] {processor.py:840} INFO - DAG(s) 'example_dag_decorator' retrieved from /usr/local/lib/python3.11/site-packages/airflow/example_dags/example_dag_decorator.py
[2025-12-27T14:13:08.861+0000] {logging_mixin.py:188} INFO - [2025-12-27T14:13:08.861+0000] {dag.py:3096} INFO - Sync 1 DAGs
[2025-12-27T14:13:08.879+0000] {logging_mixin.py:188} INFO - [2025-12-27T14:13:08.879+0000] {dag.py:3954} INFO - Setting next_dagrun for example_dag_decorator to None, run_after=None
[2025-12-27T14:13:09.145+0000] {processor.py:183} INFO - Processing /usr/local/lib/python3.11/site-packages/airflow/example_dags/example_dag_decorator.py took 0.416 seconds
[2025-12-27T14:15:06.676+0000] {processor.py:161} INFO - Started process (PID=1171) to work on /usr/local/lib/python3.11/site-packages/airflow/example_dags/example_dag_decorator.py
[2025-12-27T14:15:06.678+0000] {processor.py:830} INFO - Processing file /usr/local/lib/python3.11/site-packages/airflow/example_dags/example_dag_decorator.py for tasks to queue
[2025-12-27T14:15:06.682+0000] {logging_mixin.py:188} INFO - [2025-12-27T14:15:06.681+0000] {dagbag.py:545} INFO - Filling up the DagBag from /usr/local/lib/python3.11/site-packages/airflow/example_dags/example_dag_decorator.py
[2025-12-27T14:15:06.828+0000] {processor.py:840} INFO - DAG(s) 'example_dag_decorator' retrieved from /usr/local/lib/python3.11/site-packages/airflow/example_dags/example_dag_decorator.py
[2025-12-27T14:15:07.359+0000] {logging_mixin.py:188} INFO - [2025-12-27T14:15:07.359+0000] {dag.py:3096} INFO - Sync 1 DAGs
[2025-12-27T14:15:07.397+0000] {logging_mixin.py:188} INFO - [2025-12-27T14:15:07.397+0000] {dag.py:3954} INFO - Setting next_dagrun for example_dag_decorator to None, run_after=None
[2025-12-27T14:32:41.725+0000] {processor.py:161} INFO - Started process (PID=62) to work on /usr/local/lib/python3.11/site-packages/airflow/example_dags/example_dag_decorator.py
[2025-12-27T14:32:41.726+0000] {processor.py:830} INFO - Processing file /usr/local/lib/python3.11/site-packages/airflow/example_dags/example_dag_decorator.py for tasks to queue
[2025-12-27T14:32:41.728+0000] {logging_mixin.py:188} INFO - [2025-12-27T14:32:41.728+0000] {dagbag.py:545} INFO - Filling up the DagBag from /usr/local/lib/python3.11/site-packages/airflow/example_dags/example_dag_decorator.py
[2025-12-27T14:32:41.810+0000] {processor.py:840} INFO - DAG(s) 'example_dag_decorator' retrieved from /usr/local/lib/python3.11/site-packages/airflow/example_dags/example_dag_decorator.py
[2025-12-27T14:32:42.078+0000] {logging_mixin.py:188} INFO - [2025-12-27T14:32:42.078+0000] {dag.py:3096} INFO - Sync 1 DAGs
[2025-12-27T14:32:42.104+0000] {logging_mixin.py:188} INFO - [2025-12-27T14:32:42.104+0000] {dag.py:3954} INFO - Setting next_dagrun for example_dag_decorator to None, run_after=None
[2025-12-27T14:32:42.465+0000] {processor.py:183} INFO - Processing /usr/local/lib/python3.11/site-packages/airflow/example_dags/example_dag_decorator.py took 0.756 seconds
[2025-12-27T14:34:08.421+0000] {processor.py:161} INFO - Started process (PID=114) to work on /usr/local/lib/python3.11/site-packages/airflow/example_dags/example_dag_decorator.py
[2025-12-27T14:34:08.422+0000] {processor.py:830} INFO - Processing file /usr/local/lib/python3.11/site-packages/airflow/example_dags/example_dag_decorator.py for tasks to queue
[2025-12-27T14:34:08.425+0000] {logging_mixin.py:188} INFO - [2025-12-27T14:34:08.424+0000] {dagbag.py:545} INFO - Filling up the DagBag from /usr/local/lib/python3.11/site-packages/airflow/example_dags/example_dag_decorator.py
[2025-12-27T14:34:08.486+0000] {processor.py:840} INFO - DAG(s) 'example_dag_decorator' retrieved from /usr/local/lib/python3.11/site-packages/airflow/example_dags/example_dag_decorator.py
[2025-12-27T14:34:09.517+0000] {logging_mixin.py:188} INFO - [2025-12-27T14:34:09.517+0000] {dag.py:3096} INFO - Sync 1 DAGs
[2025-12-27T14:34:09.539+0000] {logging_mixin.py:188} INFO - [2025-12-27T14:34:09.538+0000] {dag.py:3954} INFO - Setting next_dagrun for example_dag_decorator to None, run_after=None
[2025-12-27T14:34:10.042+0000] {processor.py:183} INFO - Processing /usr/local/lib/python3.11/site-packages/airflow/example_dags/example_dag_decorator.py took 1.638 seconds
[2025-12-27T14:35:57.184+0000] {processor.py:161} INFO - Started process (PID=181) to work on /usr/local/lib/python3.11/site-packages/airflow/example_dags/example_dag_decorator.py
[2025-12-27T14:35:57.185+0000] {processor.py:830} INFO - Processing file /usr/local/lib/python3.11/site-packages/airflow/example_dags/example_dag_decorator.py for tasks to queue
[2025-12-27T14:35:57.187+0000] {logging_mixin.py:188} INFO - [2025-12-27T14:35:57.187+0000] {dagbag.py:545} INFO - Filling up the DagBag from /usr/local/lib/python3.11/site-packages/airflow/example_dags/example_dag_decorator.py
[2025-12-27T14:35:57.277+0000] {processor.py:840} INFO - DAG(s) 'example_dag_decorator' retrieved from /usr/local/lib/python3.11/site-packages/airflow/example_dags/example_dag_decorator.py
[2025-12-27T14:35:57.586+0000] {logging_mixin.py:188} INFO - [2025-12-27T14:35:57.586+0000] {dag.py:3096} INFO - Sync 1 DAGs
[2025-12-27T14:35:57.638+0000] {logging_mixin.py:188} INFO - [2025-12-27T14:35:57.637+0000] {dag.py:3954} INFO - Setting next_dagrun for example_dag_decorator to None, run_after=None
[2025-12-27T14:35:58.100+0000] {processor.py:183} INFO - Processing /usr/local/lib/python3.11/site-packages/airflow/example_dags/example_dag_decorator.py took 0.934 seconds
[2025-12-27T14:54:12.627+0000] {processor.py:161} INFO - Started process (PID=66) to work on /usr/local/lib/python3.11/site-packages/airflow/example_dags/example_dag_decorator.py
[2025-12-27T14:54:12.629+0000] {processor.py:830} INFO - Processing file /usr/local/lib/python3.11/site-packages/airflow/example_dags/example_dag_decorator.py for tasks to queue
[2025-12-27T14:54:12.632+0000] {logging_mixin.py:188} INFO - [2025-12-27T14:54:12.631+0000] {dagbag.py:545} INFO - Filling up the DagBag from /usr/local/lib/python3.11/site-packages/airflow/example_dags/example_dag_decorator.py
[2025-12-27T14:54:12.752+0000] {processor.py:840} INFO - DAG(s) 'example_dag_decorator' retrieved from /usr/local/lib/python3.11/site-packages/airflow/example_dags/example_dag_decorator.py
[2025-12-27T14:54:13.214+0000] {logging_mixin.py:188} INFO - [2025-12-27T14:54:13.213+0000] {override.py:1930} INFO - Created Permission View: can delete on DAG:example_dag_decorator
[2025-12-27T14:54:13.622+0000] {logging_mixin.py:188} INFO - [2025-12-27T14:54:13.622+0000] {override.py:1930} INFO - Created Permission View: can edit on DAG:example_dag_decorator
[2025-12-27T14:54:13.831+0000] {logging_mixin.py:188} INFO - [2025-12-27T14:54:13.831+0000] {override.py:1930} INFO - Created Permission View: can read on DAG:example_dag_decorator
[2025-12-27T14:54:13.833+0000] {logging_mixin.py:188} INFO - [2025-12-27T14:54:13.833+0000] {dag.py:3096} INFO - Sync 1 DAGs
[2025-12-27T14:54:13.945+0000] {logging_mixin.py:188} INFO - [2025-12-27T14:54:13.945+0000] {dag.py:3118} INFO - Creating ORM DAG for example_dag_decorator
[2025-12-27T14:54:13.949+0000] {logging_mixin.py:188} INFO - [2025-12-27T14:54:13.948+0000] {dag.py:3954} INFO - Setting next_dagrun for example_dag_decorator to None, run_after=None
[2025-12-27T14:54:14.471+0000] {processor.py:183} INFO - Processing /usr/local/lib/python3.11/site-packages/airflow/example_dags/example_dag_decorator.py took 1.858 seconds
[2025-12-27T14:55:58.838+0000] {processor.py:161} INFO - Started process (PID=118) to work on /usr/local/lib/python3.11/site-packages/airflow/example_dags/example_dag_decorator.py
[2025-12-27T14:55:58.840+0000] {processor.py:830} INFO - Processing file /usr/local/lib/python3.11/site-packages/airflow/example_dags/example_dag_decorator.py for tasks to queue
[2025-12-27T14:55:58.843+0000] {logging_mixin.py:188} INFO - [2025-12-27T14:55:58.843+0000] {dagbag.py:545} INFO - Filling up the DagBag from /usr/local/lib/python3.11/site-packages/airflow/example_dags/example_dag_decorator.py
[2025-12-27T14:55:58.907+0000] {processor.py:840} INFO - DAG(s) 'example_dag_decorator' retrieved from /usr/local/lib/python3.11/site-packages/airflow/example_dags/example_dag_decorator.py
[2025-12-27T14:55:59.173+0000] {logging_mixin.py:188} INFO - [2025-12-27T14:55:59.173+0000] {dag.py:3096} INFO - Sync 1 DAGs
[2025-12-27T14:55:59.189+0000] {logging_mixin.py:188} INFO - [2025-12-27T14:55:59.188+0000] {dag.py:3954} INFO - Setting next_dagrun for example_dag_decorator to None, run_after=None
[2025-12-27T14:55:59.519+0000] {processor.py:183} INFO - Processing /usr/local/lib/python3.11/site-packages/airflow/example_dags/example_dag_decorator.py took 0.697 seconds
[2025-12-27T14:57:48.283+0000] {processor.py:161} INFO - Started process (PID=185) to work on /usr/local/lib/python3.11/site-packages/airflow/example_dags/example_dag_decorator.py
[2025-12-27T14:57:48.285+0000] {processor.py:830} INFO - Processing file /usr/local/lib/python3.11/site-packages/airflow/example_dags/example_dag_decorator.py for tasks to queue
[2025-12-27T14:57:48.288+0000] {logging_mixin.py:188} INFO - [2025-12-27T14:57:48.287+0000] {dagbag.py:545} INFO - Filling up the DagBag from /usr/local/lib/python3.11/site-packages/airflow/example_dags/example_dag_decorator.py
[2025-12-27T14:57:48.356+0000] {processor.py:840} INFO - DAG(s) 'example_dag_decorator' retrieved from /usr/local/lib/python3.11/site-packages/airflow/example_dags/example_dag_decorator.py
[2025-12-27T14:57:48.531+0000] {logging_mixin.py:188} INFO - [2025-12-27T14:57:48.531+0000] {dag.py:3096} INFO - Sync 1 DAGs
[2025-12-27T14:57:48.545+0000] {logging_mixin.py:188} INFO - [2025-12-27T14:57:48.544+0000] {dag.py:3954} INFO - Setting next_dagrun for example_dag_decorator to None, run_after=None
[2025-12-27T14:57:48.714+0000] {processor.py:183} INFO - Processing /usr/local/lib/python3.11/site-packages/airflow/example_dags/example_dag_decorator.py took 0.452 seconds
[2025-12-27T14:59:46.168+0000] {processor.py:161} INFO - Started process (PID=267) to work on /usr/local/lib/python3.11/site-packages/airflow/example_dags/example_dag_decorator.py
[2025-12-27T14:59:46.169+0000] {processor.py:830} INFO - Processing file /usr/local/lib/python3.11/site-packages/airflow/example_dags/example_dag_decorator.py for tasks to queue
[2025-12-27T14:59:46.172+0000] {logging_mixin.py:188} INFO - [2025-12-27T14:59:46.171+0000] {dagbag.py:545} INFO - Filling up the DagBag from /usr/local/lib/python3.11/site-packages/airflow/example_dags/example_dag_decorator.py
[2025-12-27T14:59:46.309+0000] {processor.py:840} INFO - DAG(s) 'example_dag_decorator' retrieved from /usr/local/lib/python3.11/site-packages/airflow/example_dags/example_dag_decorator.py
[2025-12-27T14:59:47.174+0000] {logging_mixin.py:188} INFO - [2025-12-27T14:59:47.174+0000] {dag.py:3096} INFO - Sync 1 DAGs
[2025-12-27T14:59:47.192+0000] {logging_mixin.py:188} INFO - [2025-12-27T14:59:47.192+0000] {dag.py:3954} INFO - Setting next_dagrun for example_dag_decorator to None, run_after=None
[2025-12-27T14:59:47.405+0000] {processor.py:183} INFO - Processing /usr/local/lib/python3.11/site-packages/airflow/example_dags/example_dag_decorator.py took 1.259 seconds
[2025-12-27T15:01:49.880+0000] {processor.py:161} INFO - Started process (PID=345) to work on /usr/local/lib/python3.11/site-packages/airflow/example_dags/example_dag_decorator.py
[2025-12-27T15:01:49.881+0000] {processor.py:830} INFO - Processing file /usr/local/lib/python3.11/site-packages/airflow/example_dags/example_dag_decorator.py for tasks to queue
[2025-12-27T15:01:49.884+0000] {logging_mixin.py:188} INFO - [2025-12-27T15:01:49.884+0000] {dagbag.py:545} INFO - Filling up the DagBag from /usr/local/lib/python3.11/site-packages/airflow/example_dags/example_dag_decorator.py
[2025-12-27T15:01:49.964+0000] {processor.py:840} INFO - DAG(s) 'example_dag_decorator' retrieved from /usr/local/lib/python3.11/site-packages/airflow/example_dags/example_dag_decorator.py
[2025-12-27T15:01:50.137+0000] {logging_mixin.py:188} INFO - [2025-12-27T15:01:50.137+0000] {dag.py:3096} INFO - Sync 1 DAGs
[2025-12-27T15:01:50.154+0000] {logging_mixin.py:188} INFO - [2025-12-27T15:01:50.154+0000] {dag.py:3954} INFO - Setting next_dagrun for example_dag_decorator to None, run_after=None
[2025-12-27T15:01:50.333+0000] {processor.py:183} INFO - Processing /usr/local/lib/python3.11/site-packages/airflow/example_dags/example_dag_decorator.py took 0.476 seconds
[2025-12-27T15:03:42.983+0000] {processor.py:161} INFO - Started process (PID=417) to work on /usr/local/lib/python3.11/site-packages/airflow/example_dags/example_dag_decorator.py
[2025-12-27T15:03:42.984+0000] {processor.py:830} INFO - Processing file /usr/local/lib/python3.11/site-packages/airflow/example_dags/example_dag_decorator.py for tasks to queue
[2025-12-27T15:03:42.987+0000] {logging_mixin.py:188} INFO - [2025-12-27T15:03:42.986+0000] {dagbag.py:545} INFO - Filling up the DagBag from /usr/local/lib/python3.11/site-packages/airflow/example_dags/example_dag_decorator.py
[2025-12-27T15:03:43.048+0000] {processor.py:840} INFO - DAG(s) 'example_dag_decorator' retrieved from /usr/local/lib/python3.11/site-packages/airflow/example_dags/example_dag_decorator.py
[2025-12-27T15:03:43.223+0000] {logging_mixin.py:188} INFO - [2025-12-27T15:03:43.223+0000] {dag.py:3096} INFO - Sync 1 DAGs
[2025-12-27T15:03:43.237+0000] {logging_mixin.py:188} INFO - [2025-12-27T15:03:43.237+0000] {dag.py:3954} INFO - Setting next_dagrun for example_dag_decorator to None, run_after=None
[2025-12-27T15:03:43.563+0000] {processor.py:183} INFO - Processing /usr/local/lib/python3.11/site-packages/airflow/example_dags/example_dag_decorator.py took 0.609 seconds
[2025-12-27T15:05:09.109+0000] {processor.py:161} INFO - Started process (PID=478) to work on /usr/local/lib/python3.11/site-packages/airflow/example_dags/example_dag_decorator.py
[2025-12-27T15:05:09.110+0000] {processor.py:830} INFO - Processing file /usr/local/lib/python3.11/site-packages/airflow/example_dags/example_dag_decorator.py for tasks to queue
[2025-12-27T15:05:09.112+0000] {logging_mixin.py:188} INFO - [2025-12-27T15:05:09.112+0000] {dagbag.py:545} INFO - Filling up the DagBag from /usr/local/lib/python3.11/site-packages/airflow/example_dags/example_dag_decorator.py
[2025-12-27T15:05:09.167+0000] {processor.py:840} INFO - DAG(s) 'example_dag_decorator' retrieved from /usr/local/lib/python3.11/site-packages/airflow/example_dags/example_dag_decorator.py
[2025-12-27T15:05:09.203+0000] {logging_mixin.py:188} INFO - [2025-12-27T15:05:09.202+0000] {dag.py:3096} INFO - Sync 1 DAGs
[2025-12-27T15:05:09.221+0000] {logging_mixin.py:188} INFO - [2025-12-27T15:05:09.221+0000] {dag.py:3954} INFO - Setting next_dagrun for example_dag_decorator to None, run_after=None
[2025-12-27T15:05:09.444+0000] {processor.py:183} INFO - Processing /usr/local/lib/python3.11/site-packages/airflow/example_dags/example_dag_decorator.py took 0.350 seconds
[2025-12-27T15:06:38.538+0000] {processor.py:161} INFO - Started process (PID=540) to work on /usr/local/lib/python3.11/site-packages/airflow/example_dags/example_dag_decorator.py
[2025-12-27T15:06:38.539+0000] {processor.py:830} INFO - Processing file /usr/local/lib/python3.11/site-packages/airflow/example_dags/example_dag_decorator.py for tasks to queue
[2025-12-27T15:06:38.541+0000] {logging_mixin.py:188} INFO - [2025-12-27T15:06:38.541+0000] {dagbag.py:545} INFO - Filling up the DagBag from /usr/local/lib/python3.11/site-packages/airflow/example_dags/example_dag_decorator.py
[2025-12-27T15:06:38.595+0000] {processor.py:840} INFO - DAG(s) 'example_dag_decorator' retrieved from /usr/local/lib/python3.11/site-packages/airflow/example_dags/example_dag_decorator.py
[2025-12-27T15:06:38.744+0000] {logging_mixin.py:188} INFO - [2025-12-27T15:06:38.743+0000] {dag.py:3096} INFO - Sync 1 DAGs
[2025-12-27T15:06:38.763+0000] {logging_mixin.py:188} INFO - [2025-12-27T15:06:38.763+0000] {dag.py:3954} INFO - Setting next_dagrun for example_dag_decorator to None, run_after=None
[2025-12-27T15:06:39.056+0000] {processor.py:183} INFO - Processing /usr/local/lib/python3.11/site-packages/airflow/example_dags/example_dag_decorator.py took 0.532 seconds
[2025-12-27T15:08:11.023+0000] {processor.py:161} INFO - Started process (PID=603) to work on /usr/local/lib/python3.11/site-packages/airflow/example_dags/example_dag_decorator.py
[2025-12-27T15:08:11.024+0000] {processor.py:830} INFO - Processing file /usr/local/lib/python3.11/site-packages/airflow/example_dags/example_dag_decorator.py for tasks to queue
[2025-12-27T15:08:11.027+0000] {logging_mixin.py:188} INFO - [2025-12-27T15:08:11.026+0000] {dagbag.py:545} INFO - Filling up the DagBag from /usr/local/lib/python3.11/site-packages/airflow/example_dags/example_dag_decorator.py
[2025-12-27T15:08:11.082+0000] {processor.py:840} INFO - DAG(s) 'example_dag_decorator' retrieved from /usr/local/lib/python3.11/site-packages/airflow/example_dags/example_dag_decorator.py
[2025-12-27T15:08:11.235+0000] {logging_mixin.py:188} INFO - [2025-12-27T15:08:11.234+0000] {dag.py:3096} INFO - Sync 1 DAGs
[2025-12-27T15:08:11.250+0000] {logging_mixin.py:188} INFO - [2025-12-27T15:08:11.250+0000] {dag.py:3954} INFO - Setting next_dagrun for example_dag_decorator to None, run_after=None
[2025-12-27T15:08:11.464+0000] {processor.py:183} INFO - Processing /usr/local/lib/python3.11/site-packages/airflow/example_dags/example_dag_decorator.py took 0.456 seconds
[2025-12-27T15:09:57.721+0000] {processor.py:161} INFO - Started process (PID=670) to work on /usr/local/lib/python3.11/site-packages/airflow/example_dags/example_dag_decorator.py
[2025-12-27T15:09:57.723+0000] {processor.py:830} INFO - Processing file /usr/local/lib/python3.11/site-packages/airflow/example_dags/example_dag_decorator.py for tasks to queue
[2025-12-27T15:09:57.726+0000] {logging_mixin.py:188} INFO - [2025-12-27T15:09:57.726+0000] {dagbag.py:545} INFO - Filling up the DagBag from /usr/local/lib/python3.11/site-packages/airflow/example_dags/example_dag_decorator.py
[2025-12-27T15:09:57.795+0000] {processor.py:840} INFO - DAG(s) 'example_dag_decorator' retrieved from /usr/local/lib/python3.11/site-packages/airflow/example_dags/example_dag_decorator.py
[2025-12-27T15:09:58.018+0000] {logging_mixin.py:188} INFO - [2025-12-27T15:09:58.018+0000] {dag.py:3096} INFO - Sync 1 DAGs
[2025-12-27T15:09:58.039+0000] {logging_mixin.py:188} INFO - [2025-12-27T15:09:58.039+0000] {dag.py:3954} INFO - Setting next_dagrun for example_dag_decorator to None, run_after=None
[2025-12-27T15:09:58.243+0000] {processor.py:183} INFO - Processing /usr/local/lib/python3.11/site-packages/airflow/example_dags/example_dag_decorator.py took 0.537 seconds
[2025-12-27T15:11:47.633+0000] {processor.py:161} INFO - Started process (PID=738) to work on /usr/local/lib/python3.11/site-packages/airflow/example_dags/example_dag_decorator.py
[2025-12-27T15:11:47.635+0000] {processor.py:830} INFO - Processing file /usr/local/lib/python3.11/site-packages/airflow/example_dags/example_dag_decorator.py for tasks to queue
[2025-12-27T15:11:47.637+0000] {logging_mixin.py:188} INFO - [2025-12-27T15:11:47.637+0000] {dagbag.py:545} INFO - Filling up the DagBag from /usr/local/lib/python3.11/site-packages/airflow/example_dags/example_dag_decorator.py
[2025-12-27T15:11:47.692+0000] {processor.py:840} INFO - DAG(s) 'example_dag_decorator' retrieved from /usr/local/lib/python3.11/site-packages/airflow/example_dags/example_dag_decorator.py
[2025-12-27T15:11:47.847+0000] {logging_mixin.py:188} INFO - [2025-12-27T15:11:47.847+0000] {dag.py:3096} INFO - Sync 1 DAGs
[2025-12-27T15:11:47.863+0000] {logging_mixin.py:188} INFO - [2025-12-27T15:11:47.863+0000] {dag.py:3954} INFO - Setting next_dagrun for example_dag_decorator to None, run_after=None
[2025-12-27T15:11:48.058+0000] {processor.py:183} INFO - Processing /usr/local/lib/python3.11/site-packages/airflow/example_dags/example_dag_decorator.py took 0.446 seconds
[2025-12-27T15:13:20.608+0000] {processor.py:161} INFO - Started process (PID=801) to work on /usr/local/lib/python3.11/site-packages/airflow/example_dags/example_dag_decorator.py
[2025-12-27T15:13:20.610+0000] {processor.py:830} INFO - Processing file /usr/local/lib/python3.11/site-packages/airflow/example_dags/example_dag_decorator.py for tasks to queue
[2025-12-27T15:13:20.614+0000] {logging_mixin.py:188} INFO - [2025-12-27T15:13:20.613+0000] {dagbag.py:545} INFO - Filling up the DagBag from /usr/local/lib/python3.11/site-packages/airflow/example_dags/example_dag_decorator.py
[2025-12-27T15:13:20.694+0000] {processor.py:840} INFO - DAG(s) 'example_dag_decorator' retrieved from /usr/local/lib/python3.11/site-packages/airflow/example_dags/example_dag_decorator.py
[2025-12-27T15:13:20.879+0000] {logging_mixin.py:188} INFO - [2025-12-27T15:13:20.879+0000] {dag.py:3096} INFO - Sync 1 DAGs
[2025-12-27T15:13:20.893+0000] {logging_mixin.py:188} INFO - [2025-12-27T15:13:20.893+0000] {dag.py:3954} INFO - Setting next_dagrun for example_dag_decorator to None, run_after=None
[2025-12-27T15:13:21.104+0000] {processor.py:183} INFO - Processing /usr/local/lib/python3.11/site-packages/airflow/example_dags/example_dag_decorator.py took 0.522 seconds
[2025-12-27T15:15:00.644+0000] {processor.py:161} INFO - Started process (PID=864) to work on /usr/local/lib/python3.11/site-packages/airflow/example_dags/example_dag_decorator.py
[2025-12-27T15:15:00.645+0000] {processor.py:830} INFO - Processing file /usr/local/lib/python3.11/site-packages/airflow/example_dags/example_dag_decorator.py for tasks to queue
[2025-12-27T15:15:00.647+0000] {logging_mixin.py:188} INFO - [2025-12-27T15:15:00.647+0000] {dagbag.py:545} INFO - Filling up the DagBag from /usr/local/lib/python3.11/site-packages/airflow/example_dags/example_dag_decorator.py
[2025-12-27T15:15:00.810+0000] {processor.py:840} INFO - DAG(s) 'example_dag_decorator' retrieved from /usr/local/lib/python3.11/site-packages/airflow/example_dags/example_dag_decorator.py
[2025-12-27T15:15:01.026+0000] {logging_mixin.py:188} INFO - [2025-12-27T15:15:01.026+0000] {dag.py:3096} INFO - Sync 1 DAGs
[2025-12-27T15:15:01.092+0000] {logging_mixin.py:188} INFO - [2025-12-27T15:15:01.092+0000] {dag.py:3954} INFO - Setting next_dagrun for example_dag_decorator to None, run_after=None
[2025-12-27T15:15:01.344+0000] {processor.py:183} INFO - Processing /usr/local/lib/python3.11/site-packages/airflow/example_dags/example_dag_decorator.py took 0.717 seconds
[2025-12-27T15:16:48.864+0000] {processor.py:161} INFO - Started process (PID=931) to work on /usr/local/lib/python3.11/site-packages/airflow/example_dags/example_dag_decorator.py
[2025-12-27T15:16:48.865+0000] {processor.py:830} INFO - Processing file /usr/local/lib/python3.11/site-packages/airflow/example_dags/example_dag_decorator.py for tasks to queue
[2025-12-27T15:16:48.868+0000] {logging_mixin.py:188} INFO - [2025-12-27T15:16:48.867+0000] {dagbag.py:545} INFO - Filling up the DagBag from /usr/local/lib/python3.11/site-packages/airflow/example_dags/example_dag_decorator.py
[2025-12-27T15:16:48.936+0000] {processor.py:840} INFO - DAG(s) 'example_dag_decorator' retrieved from /usr/local/lib/python3.11/site-packages/airflow/example_dags/example_dag_decorator.py
[2025-12-27T15:16:49.235+0000] {logging_mixin.py:188} INFO - [2025-12-27T15:16:49.235+0000] {dag.py:3096} INFO - Sync 1 DAGs
[2025-12-27T15:16:49.260+0000] {logging_mixin.py:188} INFO - [2025-12-27T15:16:49.260+0000] {dag.py:3954} INFO - Setting next_dagrun for example_dag_decorator to None, run_after=None
[2025-12-27T15:16:49.543+0000] {processor.py:183} INFO - Processing /usr/local/lib/python3.11/site-packages/airflow/example_dags/example_dag_decorator.py took 0.697 seconds
[2025-12-27T15:18:33.936+0000] {processor.py:161} INFO - Started process (PID=998) to work on /usr/local/lib/python3.11/site-packages/airflow/example_dags/example_dag_decorator.py
[2025-12-27T15:18:33.938+0000] {processor.py:830} INFO - Processing file /usr/local/lib/python3.11/site-packages/airflow/example_dags/example_dag_decorator.py for tasks to queue
[2025-12-27T15:18:33.942+0000] {logging_mixin.py:188} INFO - [2025-12-27T15:18:33.941+0000] {dagbag.py:545} INFO - Filling up the DagBag from /usr/local/lib/python3.11/site-packages/airflow/example_dags/example_dag_decorator.py
[2025-12-27T15:18:34.113+0000] {processor.py:840} INFO - DAG(s) 'example_dag_decorator' retrieved from /usr/local/lib/python3.11/site-packages/airflow/example_dags/example_dag_decorator.py
[2025-12-27T15:18:34.488+0000] {logging_mixin.py:188} INFO - [2025-12-27T15:18:34.488+0000] {dag.py:3096} INFO - Sync 1 DAGs
[2025-12-27T15:18:34.518+0000] {logging_mixin.py:188} INFO - [2025-12-27T15:18:34.518+0000] {dag.py:3954} INFO - Setting next_dagrun for example_dag_decorator to None, run_after=None
[2025-12-27T15:18:34.844+0000] {processor.py:183} INFO - Processing /usr/local/lib/python3.11/site-packages/airflow/example_dags/example_dag_decorator.py took 0.942 seconds
[2025-12-27T15:20:20.397+0000] {processor.py:161} INFO - Started process (PID=1064) to work on /usr/local/lib/python3.11/site-packages/airflow/example_dags/example_dag_decorator.py
[2025-12-27T15:20:20.400+0000] {processor.py:830} INFO - Processing file /usr/local/lib/python3.11/site-packages/airflow/example_dags/example_dag_decorator.py for tasks to queue
[2025-12-27T15:20:20.403+0000] {logging_mixin.py:188} INFO - [2025-12-27T15:20:20.402+0000] {dagbag.py:545} INFO - Filling up the DagBag from /usr/local/lib/python3.11/site-packages/airflow/example_dags/example_dag_decorator.py
[2025-12-27T15:20:20.519+0000] {processor.py:840} INFO - DAG(s) 'example_dag_decorator' retrieved from /usr/local/lib/python3.11/site-packages/airflow/example_dags/example_dag_decorator.py
[2025-12-27T15:20:20.697+0000] {logging_mixin.py:188} INFO - [2025-12-27T15:20:20.697+0000] {dag.py:3096} INFO - Sync 1 DAGs
[2025-12-27T15:20:20.714+0000] {logging_mixin.py:188} INFO - [2025-12-27T15:20:20.714+0000] {dag.py:3954} INFO - Setting next_dagrun for example_dag_decorator to None, run_after=None
[2025-12-27T15:20:20.920+0000] {processor.py:183} INFO - Processing /usr/local/lib/python3.11/site-packages/airflow/example_dags/example_dag_decorator.py took 0.544 seconds
[2025-12-27T15:31:27.664+0000] {processor.py:161} INFO - Started process (PID=61) to work on /usr/local/lib/python3.11/site-packages/airflow/example_dags/example_dag_decorator.py
[2025-12-27T15:31:27.665+0000] {processor.py:830} INFO - Processing file /usr/local/lib/python3.11/site-packages/airflow/example_dags/example_dag_decorator.py for tasks to queue
[2025-12-27T15:31:27.669+0000] {logging_mixin.py:188} INFO - [2025-12-27T15:31:27.669+0000] {dagbag.py:545} INFO - Filling up the DagBag from /usr/local/lib/python3.11/site-packages/airflow/example_dags/example_dag_decorator.py
[2025-12-27T15:31:27.745+0000] {processor.py:840} INFO - DAG(s) 'example_dag_decorator' retrieved from /usr/local/lib/python3.11/site-packages/airflow/example_dags/example_dag_decorator.py
[2025-12-27T15:31:27.900+0000] {logging_mixin.py:188} INFO - [2025-12-27T15:31:27.899+0000] {dag.py:3096} INFO - Sync 1 DAGs
[2025-12-27T15:31:27.915+0000] {logging_mixin.py:188} INFO - [2025-12-27T15:31:27.914+0000] {dag.py:3954} INFO - Setting next_dagrun for example_dag_decorator to None, run_after=None
[2025-12-27T15:31:28.128+0000] {processor.py:183} INFO - Processing /usr/local/lib/python3.11/site-packages/airflow/example_dags/example_dag_decorator.py took 0.482 seconds
[2025-12-27T15:32:58.303+0000] {processor.py:161} INFO - Started process (PID=113) to work on /usr/local/lib/python3.11/site-packages/airflow/example_dags/example_dag_decorator.py
[2025-12-27T15:32:58.305+0000] {processor.py:830} INFO - Processing file /usr/local/lib/python3.11/site-packages/airflow/example_dags/example_dag_decorator.py for tasks to queue
[2025-12-27T15:32:58.307+0000] {logging_mixin.py:188} INFO - [2025-12-27T15:32:58.307+0000] {dagbag.py:545} INFO - Filling up the DagBag from /usr/local/lib/python3.11/site-packages/airflow/example_dags/example_dag_decorator.py
[2025-12-27T15:32:58.359+0000] {processor.py:840} INFO - DAG(s) 'example_dag_decorator' retrieved from /usr/local/lib/python3.11/site-packages/airflow/example_dags/example_dag_decorator.py
[2025-12-27T15:32:58.532+0000] {logging_mixin.py:188} INFO - [2025-12-27T15:32:58.532+0000] {dag.py:3096} INFO - Sync 1 DAGs
[2025-12-27T15:32:58.546+0000] {logging_mixin.py:188} INFO - [2025-12-27T15:32:58.545+0000] {dag.py:3954} INFO - Setting next_dagrun for example_dag_decorator to None, run_after=None
[2025-12-27T15:32:58.740+0000] {processor.py:183} INFO - Processing /usr/local/lib/python3.11/site-packages/airflow/example_dags/example_dag_decorator.py took 0.451 seconds
[2025-12-27T15:34:37.442+0000] {processor.py:161} INFO - Started process (PID=178) to work on /usr/local/lib/python3.11/site-packages/airflow/example_dags/example_dag_decorator.py
[2025-12-27T15:34:37.443+0000] {processor.py:830} INFO - Processing file /usr/local/lib/python3.11/site-packages/airflow/example_dags/example_dag_decorator.py for tasks to queue
[2025-12-27T15:34:37.445+0000] {logging_mixin.py:188} INFO - [2025-12-27T15:34:37.445+0000] {dagbag.py:545} INFO - Filling up the DagBag from /usr/local/lib/python3.11/site-packages/airflow/example_dags/example_dag_decorator.py
[2025-12-27T15:34:37.497+0000] {processor.py:840} INFO - DAG(s) 'example_dag_decorator' retrieved from /usr/local/lib/python3.11/site-packages/airflow/example_dags/example_dag_decorator.py
[2025-12-27T15:34:37.796+0000] {logging_mixin.py:188} INFO - [2025-12-27T15:34:37.796+0000] {dag.py:3096} INFO - Sync 1 DAGs
[2025-12-27T15:34:37.814+0000] {logging_mixin.py:188} INFO - [2025-12-27T15:34:37.814+0000] {dag.py:3954} INFO - Setting next_dagrun for example_dag_decorator to None, run_after=None
[2025-12-27T15:34:38.024+0000] {processor.py:183} INFO - Processing /usr/local/lib/python3.11/site-packages/airflow/example_dags/example_dag_decorator.py took 0.596 seconds
[2025-12-27T15:36:07.576+0000] {processor.py:161} INFO - Started process (PID=241) to work on /usr/local/lib/python3.11/site-packages/airflow/example_dags/example_dag_decorator.py
[2025-12-27T15:36:07.577+0000] {processor.py:830} INFO - Processing file /usr/local/lib/python3.11/site-packages/airflow/example_dags/example_dag_decorator.py for tasks to queue
[2025-12-27T15:36:07.581+0000] {logging_mixin.py:188} INFO - [2025-12-27T15:36:07.580+0000] {dagbag.py:545} INFO - Filling up the DagBag from /usr/local/lib/python3.11/site-packages/airflow/example_dags/example_dag_decorator.py
[2025-12-27T15:36:07.685+0000] {processor.py:840} INFO - DAG(s) 'example_dag_decorator' retrieved from /usr/local/lib/python3.11/site-packages/airflow/example_dags/example_dag_decorator.py
[2025-12-27T15:36:07.829+0000] {logging_mixin.py:188} INFO - [2025-12-27T15:36:07.829+0000] {dag.py:3096} INFO - Sync 1 DAGs
[2025-12-27T15:36:07.845+0000] {logging_mixin.py:188} INFO - [2025-12-27T15:36:07.844+0000] {dag.py:3954} INFO - Setting next_dagrun for example_dag_decorator to None, run_after=None
[2025-12-27T15:36:08.093+0000] {processor.py:183} INFO - Processing /usr/local/lib/python3.11/site-packages/airflow/example_dags/example_dag_decorator.py took 0.559 seconds
[2025-12-27T15:37:44.279+0000] {processor.py:161} INFO - Started process (PID=305) to work on /usr/local/lib/python3.11/site-packages/airflow/example_dags/example_dag_decorator.py
[2025-12-27T15:37:44.280+0000] {processor.py:830} INFO - Processing file /usr/local/lib/python3.11/site-packages/airflow/example_dags/example_dag_decorator.py for tasks to queue
[2025-12-27T15:37:44.282+0000] {logging_mixin.py:188} INFO - [2025-12-27T15:37:44.282+0000] {dagbag.py:545} INFO - Filling up the DagBag from /usr/local/lib/python3.11/site-packages/airflow/example_dags/example_dag_decorator.py
[2025-12-27T15:37:44.337+0000] {processor.py:840} INFO - DAG(s) 'example_dag_decorator' retrieved from /usr/local/lib/python3.11/site-packages/airflow/example_dags/example_dag_decorator.py
[2025-12-27T15:37:44.505+0000] {logging_mixin.py:188} INFO - [2025-12-27T15:37:44.505+0000] {dag.py:3096} INFO - Sync 1 DAGs
[2025-12-27T15:37:44.518+0000] {logging_mixin.py:188} INFO - [2025-12-27T15:37:44.518+0000] {dag.py:3954} INFO - Setting next_dagrun for example_dag_decorator to None, run_after=None
[2025-12-27T15:37:44.696+0000] {processor.py:183} INFO - Processing /usr/local/lib/python3.11/site-packages/airflow/example_dags/example_dag_decorator.py took 0.436 seconds
[2025-12-27T15:39:17.031+0000] {processor.py:161} INFO - Started process (PID=367) to work on /usr/local/lib/python3.11/site-packages/airflow/example_dags/example_dag_decorator.py
[2025-12-27T15:39:17.032+0000] {processor.py:830} INFO - Processing file /usr/local/lib/python3.11/site-packages/airflow/example_dags/example_dag_decorator.py for tasks to queue
[2025-12-27T15:39:17.035+0000] {logging_mixin.py:188} INFO - [2025-12-27T15:39:17.034+0000] {dagbag.py:545} INFO - Filling up the DagBag from /usr/local/lib/python3.11/site-packages/airflow/example_dags/example_dag_decorator.py
[2025-12-27T15:39:17.119+0000] {processor.py:840} INFO - DAG(s) 'example_dag_decorator' retrieved from /usr/local/lib/python3.11/site-packages/airflow/example_dags/example_dag_decorator.py
[2025-12-27T15:39:17.290+0000] {logging_mixin.py:188} INFO - [2025-12-27T15:39:17.290+0000] {dag.py:3096} INFO - Sync 1 DAGs
[2025-12-27T15:39:17.307+0000] {logging_mixin.py:188} INFO - [2025-12-27T15:39:17.307+0000] {dag.py:3954} INFO - Setting next_dagrun for example_dag_decorator to None, run_after=None
[2025-12-27T15:39:17.490+0000] {processor.py:183} INFO - Processing /usr/local/lib/python3.11/site-packages/airflow/example_dags/example_dag_decorator.py took 0.476 seconds
[2025-12-27T15:41:03.350+0000] {processor.py:161} INFO - Started process (PID=432) to work on /usr/local/lib/python3.11/site-packages/airflow/example_dags/example_dag_decorator.py
[2025-12-27T15:41:03.352+0000] {processor.py:830} INFO - Processing file /usr/local/lib/python3.11/site-packages/airflow/example_dags/example_dag_decorator.py for tasks to queue
[2025-12-27T15:41:03.356+0000] {logging_mixin.py:188} INFO - [2025-12-27T15:41:03.355+0000] {dagbag.py:545} INFO - Filling up the DagBag from /usr/local/lib/python3.11/site-packages/airflow/example_dags/example_dag_decorator.py
[2025-12-27T15:41:03.437+0000] {processor.py:840} INFO - DAG(s) 'example_dag_decorator' retrieved from /usr/local/lib/python3.11/site-packages/airflow/example_dags/example_dag_decorator.py
[2025-12-27T15:41:03.663+0000] {logging_mixin.py:188} INFO - [2025-12-27T15:41:03.663+0000] {dag.py:3096} INFO - Sync 1 DAGs
[2025-12-27T15:41:03.685+0000] {logging_mixin.py:188} INFO - [2025-12-27T15:41:03.685+0000] {dag.py:3954} INFO - Setting next_dagrun for example_dag_decorator to None, run_after=None
[2025-12-27T15:41:04.324+0000] {processor.py:183} INFO - Processing /usr/local/lib/python3.11/site-packages/airflow/example_dags/example_dag_decorator.py took 0.991 seconds
[2025-12-27T15:44:24.865+0000] {processor.py:161} INFO - Started process (PID=65) to work on /usr/local/lib/python3.11/site-packages/airflow/example_dags/example_dag_decorator.py
[2025-12-27T15:44:24.866+0000] {processor.py:830} INFO - Processing file /usr/local/lib/python3.11/site-packages/airflow/example_dags/example_dag_decorator.py for tasks to queue
[2025-12-27T15:44:24.869+0000] {logging_mixin.py:188} INFO - [2025-12-27T15:44:24.868+0000] {dagbag.py:545} INFO - Filling up the DagBag from /usr/local/lib/python3.11/site-packages/airflow/example_dags/example_dag_decorator.py
[2025-12-27T15:44:24.925+0000] {processor.py:840} INFO - DAG(s) 'example_dag_decorator' retrieved from /usr/local/lib/python3.11/site-packages/airflow/example_dags/example_dag_decorator.py
[2025-12-27T15:44:25.089+0000] {logging_mixin.py:188} INFO - [2025-12-27T15:44:25.089+0000] {dag.py:3096} INFO - Sync 1 DAGs
[2025-12-27T15:44:25.105+0000] {logging_mixin.py:188} INFO - [2025-12-27T15:44:25.105+0000] {dag.py:3954} INFO - Setting next_dagrun for example_dag_decorator to None, run_after=None
[2025-12-27T15:44:25.346+0000] {processor.py:183} INFO - Processing /usr/local/lib/python3.11/site-packages/airflow/example_dags/example_dag_decorator.py took 0.494 seconds
[2025-12-27T15:45:42.062+0000] {processor.py:161} INFO - Started process (PID=117) to work on /usr/local/lib/python3.11/site-packages/airflow/example_dags/example_dag_decorator.py
[2025-12-27T15:45:42.063+0000] {processor.py:830} INFO - Processing file /usr/local/lib/python3.11/site-packages/airflow/example_dags/example_dag_decorator.py for tasks to queue
[2025-12-27T15:45:42.066+0000] {logging_mixin.py:188} INFO - [2025-12-27T15:45:42.065+0000] {dagbag.py:545} INFO - Filling up the DagBag from /usr/local/lib/python3.11/site-packages/airflow/example_dags/example_dag_decorator.py
[2025-12-27T15:45:42.130+0000] {processor.py:840} INFO - DAG(s) 'example_dag_decorator' retrieved from /usr/local/lib/python3.11/site-packages/airflow/example_dags/example_dag_decorator.py
[2025-12-27T15:45:42.483+0000] {logging_mixin.py:188} INFO - [2025-12-27T15:45:42.482+0000] {dag.py:3096} INFO - Sync 1 DAGs
[2025-12-27T15:45:42.499+0000] {logging_mixin.py:188} INFO - [2025-12-27T15:45:42.499+0000] {dag.py:3954} INFO - Setting next_dagrun for example_dag_decorator to None, run_after=None
[2025-12-27T15:45:42.713+0000] {processor.py:183} INFO - Processing /usr/local/lib/python3.11/site-packages/airflow/example_dags/example_dag_decorator.py took 0.671 seconds
[2025-12-27T15:47:28.115+0000] {processor.py:161} INFO - Started process (PID=206) to work on /usr/local/lib/python3.11/site-packages/airflow/example_dags/example_dag_decorator.py
[2025-12-27T15:47:28.116+0000] {processor.py:830} INFO - Processing file /usr/local/lib/python3.11/site-packages/airflow/example_dags/example_dag_decorator.py for tasks to queue
[2025-12-27T15:47:28.119+0000] {logging_mixin.py:188} INFO - [2025-12-27T15:47:28.119+0000] {dagbag.py:545} INFO - Filling up the DagBag from /usr/local/lib/python3.11/site-packages/airflow/example_dags/example_dag_decorator.py
[2025-12-27T15:47:28.198+0000] {processor.py:840} INFO - DAG(s) 'example_dag_decorator' retrieved from /usr/local/lib/python3.11/site-packages/airflow/example_dags/example_dag_decorator.py
[2025-12-27T15:47:28.774+0000] {logging_mixin.py:188} INFO - [2025-12-27T15:47:28.773+0000] {dag.py:3096} INFO - Sync 1 DAGs
[2025-12-27T15:47:28.813+0000] {logging_mixin.py:188} INFO - [2025-12-27T15:47:28.813+0000] {dag.py:3954} INFO - Setting next_dagrun for example_dag_decorator to None, run_after=None
[2025-12-27T15:47:29.209+0000] {processor.py:183} INFO - Processing /usr/local/lib/python3.11/site-packages/airflow/example_dags/example_dag_decorator.py took 1.109 seconds
[2025-12-27T15:49:00.285+0000] {processor.py:161} INFO - Started process (PID=281) to work on /usr/local/lib/python3.11/site-packages/airflow/example_dags/example_dag_decorator.py
[2025-12-27T15:49:00.287+0000] {processor.py:830} INFO - Processing file /usr/local/lib/python3.11/site-packages/airflow/example_dags/example_dag_decorator.py for tasks to queue
[2025-12-27T15:49:00.290+0000] {logging_mixin.py:188} INFO - [2025-12-27T15:49:00.289+0000] {dagbag.py:545} INFO - Filling up the DagBag from /usr/local/lib/python3.11/site-packages/airflow/example_dags/example_dag_decorator.py
[2025-12-27T15:49:00.342+0000] {processor.py:840} INFO - DAG(s) 'example_dag_decorator' retrieved from /usr/local/lib/python3.11/site-packages/airflow/example_dags/example_dag_decorator.py
[2025-12-27T15:49:00.610+0000] {logging_mixin.py:188} INFO - [2025-12-27T15:49:00.610+0000] {dag.py:3096} INFO - Sync 1 DAGs
[2025-12-27T15:49:00.625+0000] {logging_mixin.py:188} INFO - [2025-12-27T15:49:00.625+0000] {dag.py:3954} INFO - Setting next_dagrun for example_dag_decorator to None, run_after=None
[2025-12-27T15:49:00.852+0000] {processor.py:183} INFO - Processing /usr/local/lib/python3.11/site-packages/airflow/example_dags/example_dag_decorator.py took 0.583 seconds
[2025-12-27T15:50:35.829+0000] {processor.py:161} INFO - Started process (PID=347) to work on /usr/local/lib/python3.11/site-packages/airflow/example_dags/example_dag_decorator.py
[2025-12-27T15:50:35.831+0000] {processor.py:830} INFO - Processing file /usr/local/lib/python3.11/site-packages/airflow/example_dags/example_dag_decorator.py for tasks to queue
[2025-12-27T15:50:35.833+0000] {logging_mixin.py:188} INFO - [2025-12-27T15:50:35.833+0000] {dagbag.py:545} INFO - Filling up the DagBag from /usr/local/lib/python3.11/site-packages/airflow/example_dags/example_dag_decorator.py
[2025-12-27T15:50:35.891+0000] {processor.py:840} INFO - DAG(s) 'example_dag_decorator' retrieved from /usr/local/lib/python3.11/site-packages/airflow/example_dags/example_dag_decorator.py
[2025-12-27T15:50:36.038+0000] {logging_mixin.py:188} INFO - [2025-12-27T15:50:36.038+0000] {dag.py:3096} INFO - Sync 1 DAGs
[2025-12-27T15:50:36.054+0000] {logging_mixin.py:188} INFO - [2025-12-27T15:50:36.053+0000] {dag.py:3954} INFO - Setting next_dagrun for example_dag_decorator to None, run_after=None
[2025-12-27T15:50:36.308+0000] {processor.py:183} INFO - Processing /usr/local/lib/python3.11/site-packages/airflow/example_dags/example_dag_decorator.py took 0.492 seconds
[2025-12-27T15:52:07.067+0000] {processor.py:161} INFO - Started process (PID=423) to work on /usr/local/lib/python3.11/site-packages/airflow/example_dags/example_dag_decorator.py
[2025-12-27T15:52:07.074+0000] {processor.py:830} INFO - Processing file /usr/local/lib/python3.11/site-packages/airflow/example_dags/example_dag_decorator.py for tasks to queue
[2025-12-27T15:52:07.082+0000] {logging_mixin.py:188} INFO - [2025-12-27T15:52:07.081+0000] {dagbag.py:545} INFO - Filling up the DagBag from /usr/local/lib/python3.11/site-packages/airflow/example_dags/example_dag_decorator.py
[2025-12-27T15:52:07.165+0000] {processor.py:840} INFO - DAG(s) 'example_dag_decorator' retrieved from /usr/local/lib/python3.11/site-packages/airflow/example_dags/example_dag_decorator.py
[2025-12-27T15:52:07.311+0000] {logging_mixin.py:188} INFO - [2025-12-27T15:52:07.311+0000] {dag.py:3096} INFO - Sync 1 DAGs
[2025-12-27T15:52:07.325+0000] {logging_mixin.py:188} INFO - [2025-12-27T15:52:07.325+0000] {dag.py:3954} INFO - Setting next_dagrun for example_dag_decorator to None, run_after=None
[2025-12-27T15:52:07.525+0000] {processor.py:183} INFO - Processing /usr/local/lib/python3.11/site-packages/airflow/example_dags/example_dag_decorator.py took 0.480 seconds
[2025-12-27T15:53:40.134+0000] {processor.py:161} INFO - Started process (PID=504) to work on /usr/local/lib/python3.11/site-packages/airflow/example_dags/example_dag_decorator.py
[2025-12-27T15:53:40.136+0000] {processor.py:830} INFO - Processing file /usr/local/lib/python3.11/site-packages/airflow/example_dags/example_dag_decorator.py for tasks to queue
[2025-12-27T15:53:40.139+0000] {logging_mixin.py:188} INFO - [2025-12-27T15:53:40.138+0000] {dagbag.py:545} INFO - Filling up the DagBag from /usr/local/lib/python3.11/site-packages/airflow/example_dags/example_dag_decorator.py
[2025-12-27T15:53:40.197+0000] {processor.py:840} INFO - DAG(s) 'example_dag_decorator' retrieved from /usr/local/lib/python3.11/site-packages/airflow/example_dags/example_dag_decorator.py
[2025-12-27T15:53:40.236+0000] {logging_mixin.py:188} INFO - [2025-12-27T15:53:40.236+0000] {dag.py:3096} INFO - Sync 1 DAGs
[2025-12-27T15:53:40.256+0000] {logging_mixin.py:188} INFO - [2025-12-27T15:53:40.256+0000] {dag.py:3954} INFO - Setting next_dagrun for example_dag_decorator to None, run_after=None
[2025-12-27T15:53:40.504+0000] {processor.py:183} INFO - Processing /usr/local/lib/python3.11/site-packages/airflow/example_dags/example_dag_decorator.py took 0.383 seconds
[2025-12-27T15:55:11.031+0000] {processor.py:161} INFO - Started process (PID=574) to work on /usr/local/lib/python3.11/site-packages/airflow/example_dags/example_dag_decorator.py
[2025-12-27T15:55:11.037+0000] {processor.py:830} INFO - Processing file /usr/local/lib/python3.11/site-packages/airflow/example_dags/example_dag_decorator.py for tasks to queue
[2025-12-27T15:55:11.040+0000] {logging_mixin.py:188} INFO - [2025-12-27T15:55:11.039+0000] {dagbag.py:545} INFO - Filling up the DagBag from /usr/local/lib/python3.11/site-packages/airflow/example_dags/example_dag_decorator.py
[2025-12-27T15:55:11.102+0000] {processor.py:840} INFO - DAG(s) 'example_dag_decorator' retrieved from /usr/local/lib/python3.11/site-packages/airflow/example_dags/example_dag_decorator.py
[2025-12-27T15:55:11.133+0000] {logging_mixin.py:188} INFO - [2025-12-27T15:55:11.133+0000] {dag.py:3096} INFO - Sync 1 DAGs
[2025-12-27T15:55:11.153+0000] {logging_mixin.py:188} INFO - [2025-12-27T15:55:11.152+0000] {dag.py:3954} INFO - Setting next_dagrun for example_dag_decorator to None, run_after=None
[2025-12-27T15:55:11.479+0000] {processor.py:183} INFO - Processing /usr/local/lib/python3.11/site-packages/airflow/example_dags/example_dag_decorator.py took 0.468 seconds
[2025-12-27T15:56:44.234+0000] {processor.py:161} INFO - Started process (PID=644) to work on /usr/local/lib/python3.11/site-packages/airflow/example_dags/example_dag_decorator.py
[2025-12-27T15:56:44.236+0000] {processor.py:830} INFO - Processing file /usr/local/lib/python3.11/site-packages/airflow/example_dags/example_dag_decorator.py for tasks to queue
[2025-12-27T15:56:44.240+0000] {logging_mixin.py:188} INFO - [2025-12-27T15:56:44.239+0000] {dagbag.py:545} INFO - Filling up the DagBag from /usr/local/lib/python3.11/site-packages/airflow/example_dags/example_dag_decorator.py
[2025-12-27T15:56:44.304+0000] {processor.py:840} INFO - DAG(s) 'example_dag_decorator' retrieved from /usr/local/lib/python3.11/site-packages/airflow/example_dags/example_dag_decorator.py
[2025-12-27T15:56:44.495+0000] {logging_mixin.py:188} INFO - [2025-12-27T15:56:44.495+0000] {dag.py:3096} INFO - Sync 1 DAGs
[2025-12-27T15:56:44.515+0000] {logging_mixin.py:188} INFO - [2025-12-27T15:56:44.515+0000] {dag.py:3954} INFO - Setting next_dagrun for example_dag_decorator to None, run_after=None
[2025-12-27T15:56:44.764+0000] {processor.py:183} INFO - Processing /usr/local/lib/python3.11/site-packages/airflow/example_dags/example_dag_decorator.py took 0.547 seconds
[2025-12-27T15:58:14.476+0000] {processor.py:161} INFO - Started process (PID=706) to work on /usr/local/lib/python3.11/site-packages/airflow/example_dags/example_dag_decorator.py
[2025-12-27T15:58:14.477+0000] {processor.py:830} INFO - Processing file /usr/local/lib/python3.11/site-packages/airflow/example_dags/example_dag_decorator.py for tasks to queue
[2025-12-27T15:58:14.480+0000] {logging_mixin.py:188} INFO - [2025-12-27T15:58:14.479+0000] {dagbag.py:545} INFO - Filling up the DagBag from /usr/local/lib/python3.11/site-packages/airflow/example_dags/example_dag_decorator.py
[2025-12-27T15:58:14.544+0000] {processor.py:840} INFO - DAG(s) 'example_dag_decorator' retrieved from /usr/local/lib/python3.11/site-packages/airflow/example_dags/example_dag_decorator.py
[2025-12-27T15:58:14.694+0000] {logging_mixin.py:188} INFO - [2025-12-27T15:58:14.694+0000] {dag.py:3096} INFO - Sync 1 DAGs
[2025-12-27T15:58:14.710+0000] {logging_mixin.py:188} INFO - [2025-12-27T15:58:14.710+0000] {dag.py:3954} INFO - Setting next_dagrun for example_dag_decorator to None, run_after=None
[2025-12-27T15:58:14.940+0000] {processor.py:183} INFO - Processing /usr/local/lib/python3.11/site-packages/airflow/example_dags/example_dag_decorator.py took 0.479 seconds
[2025-12-27T15:59:58.509+0000] {processor.py:161} INFO - Started process (PID=769) to work on /usr/local/lib/python3.11/site-packages/airflow/example_dags/example_dag_decorator.py
[2025-12-27T15:59:58.510+0000] {processor.py:830} INFO - Processing file /usr/local/lib/python3.11/site-packages/airflow/example_dags/example_dag_decorator.py for tasks to queue
[2025-12-27T15:59:58.512+0000] {logging_mixin.py:188} INFO - [2025-12-27T15:59:58.512+0000] {dagbag.py:545} INFO - Filling up the DagBag from /usr/local/lib/python3.11/site-packages/airflow/example_dags/example_dag_decorator.py
[2025-12-27T15:59:58.564+0000] {processor.py:840} INFO - DAG(s) 'example_dag_decorator' retrieved from /usr/local/lib/python3.11/site-packages/airflow/example_dags/example_dag_decorator.py
[2025-12-27T15:59:58.720+0000] {logging_mixin.py:188} INFO - [2025-12-27T15:59:58.720+0000] {dag.py:3096} INFO - Sync 1 DAGs
[2025-12-27T15:59:58.739+0000] {logging_mixin.py:188} INFO - [2025-12-27T15:59:58.739+0000] {dag.py:3954} INFO - Setting next_dagrun for example_dag_decorator to None, run_after=None
[2025-12-27T15:59:58.926+0000] {processor.py:183} INFO - Processing /usr/local/lib/python3.11/site-packages/airflow/example_dags/example_dag_decorator.py took 0.432 seconds
[2025-12-27T16:01:49.621+0000] {processor.py:161} INFO - Started process (PID=838) to work on /usr/local/lib/python3.11/site-packages/airflow/example_dags/example_dag_decorator.py
[2025-12-27T16:01:49.622+0000] {processor.py:830} INFO - Processing file /usr/local/lib/python3.11/site-packages/airflow/example_dags/example_dag_decorator.py for tasks to queue
[2025-12-27T16:01:49.624+0000] {logging_mixin.py:188} INFO - [2025-12-27T16:01:49.624+0000] {dagbag.py:545} INFO - Filling up the DagBag from /usr/local/lib/python3.11/site-packages/airflow/example_dags/example_dag_decorator.py
[2025-12-27T16:01:49.695+0000] {processor.py:840} INFO - DAG(s) 'example_dag_decorator' retrieved from /usr/local/lib/python3.11/site-packages/airflow/example_dags/example_dag_decorator.py
[2025-12-27T16:01:49.881+0000] {logging_mixin.py:188} INFO - [2025-12-27T16:01:49.881+0000] {dag.py:3096} INFO - Sync 1 DAGs
[2025-12-27T16:01:49.896+0000] {logging_mixin.py:188} INFO - [2025-12-27T16:01:49.896+0000] {dag.py:3954} INFO - Setting next_dagrun for example_dag_decorator to None, run_after=None
[2025-12-27T16:01:50.133+0000] {processor.py:183} INFO - Processing /usr/local/lib/python3.11/site-packages/airflow/example_dags/example_dag_decorator.py took 0.527 seconds
