[2025-12-27T13:46:20.475+0000] {processor.py:161} INFO - Started process (PID=53) to work on /usr/local/lib/python3.11/site-packages/airflow/example_dags/example_dynamic_task_mapping.py
[2025-12-27T13:46:20.477+0000] {processor.py:830} INFO - Processing file /usr/local/lib/python3.11/site-packages/airflow/example_dags/example_dynamic_task_mapping.py for tasks to queue
[2025-12-27T13:46:20.481+0000] {logging_mixin.py:188} INFO - [2025-12-27T13:46:20.480+0000] {dagbag.py:545} INFO - Filling up the DagBag from /usr/local/lib/python3.11/site-packages/airflow/example_dags/example_dynamic_task_mapping.py
[2025-12-27T13:46:20.499+0000] {processor.py:840} INFO - DAG(s) 'example_dynamic_task_mapping' retrieved from /usr/local/lib/python3.11/site-packages/airflow/example_dags/example_dynamic_task_mapping.py
[2025-12-27T13:46:20.890+0000] {logging_mixin.py:188} INFO - [2025-12-27T13:46:20.890+0000] {override.py:1930} INFO - Created Permission View: can edit on DAG:example_dynamic_task_mapping
[2025-12-27T13:46:21.046+0000] {logging_mixin.py:188} INFO - [2025-12-27T13:46:21.046+0000] {override.py:1930} INFO - Created Permission View: can read on DAG:example_dynamic_task_mapping
[2025-12-27T13:46:21.224+0000] {logging_mixin.py:188} INFO - [2025-12-27T13:46:21.223+0000] {override.py:1930} INFO - Created Permission View: can delete on DAG:example_dynamic_task_mapping
[2025-12-27T13:46:21.227+0000] {logging_mixin.py:188} INFO - [2025-12-27T13:46:21.226+0000] {dag.py:3096} INFO - Sync 1 DAGs
[2025-12-27T13:46:21.267+0000] {logging_mixin.py:188} INFO - [2025-12-27T13:46:21.267+0000] {dag.py:3118} INFO - Creating ORM DAG for example_dynamic_task_mapping
[2025-12-27T13:46:21.286+0000] {logging_mixin.py:188} INFO - [2025-12-27T13:46:21.286+0000] {dag.py:3954} INFO - Setting next_dagrun for example_dynamic_task_mapping to 2022-03-04 00:00:00+00:00, run_after=2022-03-05 00:00:00+00:00
[2025-12-27T13:46:21.744+0000] {processor.py:183} INFO - Processing /usr/local/lib/python3.11/site-packages/airflow/example_dags/example_dynamic_task_mapping.py took 1.289 seconds
[2025-12-27T13:48:02.585+0000] {processor.py:161} INFO - Started process (PID=105) to work on /usr/local/lib/python3.11/site-packages/airflow/example_dags/example_dynamic_task_mapping.py
[2025-12-27T13:48:02.587+0000] {processor.py:830} INFO - Processing file /usr/local/lib/python3.11/site-packages/airflow/example_dags/example_dynamic_task_mapping.py for tasks to queue
[2025-12-27T13:48:02.590+0000] {logging_mixin.py:188} INFO - [2025-12-27T13:48:02.589+0000] {dagbag.py:545} INFO - Filling up the DagBag from /usr/local/lib/python3.11/site-packages/airflow/example_dags/example_dynamic_task_mapping.py
[2025-12-27T13:48:02.598+0000] {processor.py:840} INFO - DAG(s) 'example_dynamic_task_mapping' retrieved from /usr/local/lib/python3.11/site-packages/airflow/example_dags/example_dynamic_task_mapping.py
[2025-12-27T13:48:02.628+0000] {logging_mixin.py:188} INFO - [2025-12-27T13:48:02.628+0000] {dag.py:3096} INFO - Sync 1 DAGs
[2025-12-27T13:48:02.659+0000] {logging_mixin.py:188} INFO - [2025-12-27T13:48:02.658+0000] {dag.py:3954} INFO - Setting next_dagrun for example_dynamic_task_mapping to 2022-03-04 00:00:00+00:00, run_after=2022-03-05 00:00:00+00:00
[2025-12-27T13:48:02.865+0000] {processor.py:183} INFO - Processing /usr/local/lib/python3.11/site-packages/airflow/example_dags/example_dynamic_task_mapping.py took 0.295 seconds
[2025-12-27T13:49:35.771+0000] {processor.py:161} INFO - Started process (PID=168) to work on /usr/local/lib/python3.11/site-packages/airflow/example_dags/example_dynamic_task_mapping.py
[2025-12-27T13:49:35.772+0000] {processor.py:830} INFO - Processing file /usr/local/lib/python3.11/site-packages/airflow/example_dags/example_dynamic_task_mapping.py for tasks to queue
[2025-12-27T13:49:35.774+0000] {logging_mixin.py:188} INFO - [2025-12-27T13:49:35.774+0000] {dagbag.py:545} INFO - Filling up the DagBag from /usr/local/lib/python3.11/site-packages/airflow/example_dags/example_dynamic_task_mapping.py
[2025-12-27T13:49:35.893+0000] {processor.py:840} INFO - DAG(s) 'example_dynamic_task_mapping' retrieved from /usr/local/lib/python3.11/site-packages/airflow/example_dags/example_dynamic_task_mapping.py
[2025-12-27T13:49:35.919+0000] {logging_mixin.py:188} INFO - [2025-12-27T13:49:35.918+0000] {dag.py:3096} INFO - Sync 1 DAGs
[2025-12-27T13:49:35.946+0000] {logging_mixin.py:188} INFO - [2025-12-27T13:49:35.946+0000] {dag.py:3954} INFO - Setting next_dagrun for example_dynamic_task_mapping to 2022-03-04 00:00:00+00:00, run_after=2022-03-05 00:00:00+00:00
[2025-12-27T13:49:36.229+0000] {processor.py:183} INFO - Processing /usr/local/lib/python3.11/site-packages/airflow/example_dags/example_dynamic_task_mapping.py took 0.471 seconds
[2025-12-27T13:51:01.199+0000] {processor.py:161} INFO - Started process (PID=229) to work on /usr/local/lib/python3.11/site-packages/airflow/example_dags/example_dynamic_task_mapping.py
[2025-12-27T13:51:01.200+0000] {processor.py:830} INFO - Processing file /usr/local/lib/python3.11/site-packages/airflow/example_dags/example_dynamic_task_mapping.py for tasks to queue
[2025-12-27T13:51:01.202+0000] {logging_mixin.py:188} INFO - [2025-12-27T13:51:01.202+0000] {dagbag.py:545} INFO - Filling up the DagBag from /usr/local/lib/python3.11/site-packages/airflow/example_dags/example_dynamic_task_mapping.py
[2025-12-27T13:51:01.211+0000] {processor.py:840} INFO - DAG(s) 'example_dynamic_task_mapping' retrieved from /usr/local/lib/python3.11/site-packages/airflow/example_dags/example_dynamic_task_mapping.py
[2025-12-27T13:51:01.242+0000] {logging_mixin.py:188} INFO - [2025-12-27T13:51:01.242+0000] {dag.py:3096} INFO - Sync 1 DAGs
[2025-12-27T13:51:01.281+0000] {logging_mixin.py:188} INFO - [2025-12-27T13:51:01.280+0000] {dag.py:3954} INFO - Setting next_dagrun for example_dynamic_task_mapping to 2022-03-04 00:00:00+00:00, run_after=2022-03-05 00:00:00+00:00
[2025-12-27T13:51:01.450+0000] {processor.py:183} INFO - Processing /usr/local/lib/python3.11/site-packages/airflow/example_dags/example_dynamic_task_mapping.py took 0.266 seconds
[2025-12-27T13:52:24.200+0000] {processor.py:161} INFO - Started process (PID=289) to work on /usr/local/lib/python3.11/site-packages/airflow/example_dags/example_dynamic_task_mapping.py
[2025-12-27T13:52:24.202+0000] {processor.py:830} INFO - Processing file /usr/local/lib/python3.11/site-packages/airflow/example_dags/example_dynamic_task_mapping.py for tasks to queue
[2025-12-27T13:52:24.206+0000] {logging_mixin.py:188} INFO - [2025-12-27T13:52:24.206+0000] {dagbag.py:545} INFO - Filling up the DagBag from /usr/local/lib/python3.11/site-packages/airflow/example_dags/example_dynamic_task_mapping.py
[2025-12-27T13:52:24.218+0000] {processor.py:840} INFO - DAG(s) 'example_dynamic_task_mapping' retrieved from /usr/local/lib/python3.11/site-packages/airflow/example_dags/example_dynamic_task_mapping.py
[2025-12-27T13:52:24.262+0000] {logging_mixin.py:188} INFO - [2025-12-27T13:52:24.262+0000] {dag.py:3096} INFO - Sync 1 DAGs
[2025-12-27T13:52:24.309+0000] {logging_mixin.py:188} INFO - [2025-12-27T13:52:24.309+0000] {dag.py:3954} INFO - Setting next_dagrun for example_dynamic_task_mapping to 2022-03-04 00:00:00+00:00, run_after=2022-03-05 00:00:00+00:00
[2025-12-27T13:52:24.696+0000] {processor.py:183} INFO - Processing /usr/local/lib/python3.11/site-packages/airflow/example_dags/example_dynamic_task_mapping.py took 0.515 seconds
[2025-12-27T13:53:48.624+0000] {processor.py:161} INFO - Started process (PID=350) to work on /usr/local/lib/python3.11/site-packages/airflow/example_dags/example_dynamic_task_mapping.py
[2025-12-27T13:53:48.625+0000] {processor.py:830} INFO - Processing file /usr/local/lib/python3.11/site-packages/airflow/example_dags/example_dynamic_task_mapping.py for tasks to queue
[2025-12-27T13:53:48.627+0000] {logging_mixin.py:188} INFO - [2025-12-27T13:53:48.627+0000] {dagbag.py:545} INFO - Filling up the DagBag from /usr/local/lib/python3.11/site-packages/airflow/example_dags/example_dynamic_task_mapping.py
[2025-12-27T13:53:48.636+0000] {processor.py:840} INFO - DAG(s) 'example_dynamic_task_mapping' retrieved from /usr/local/lib/python3.11/site-packages/airflow/example_dags/example_dynamic_task_mapping.py
[2025-12-27T13:53:48.666+0000] {logging_mixin.py:188} INFO - [2025-12-27T13:53:48.666+0000] {dag.py:3096} INFO - Sync 1 DAGs
[2025-12-27T13:53:48.699+0000] {logging_mixin.py:188} INFO - [2025-12-27T13:53:48.698+0000] {dag.py:3954} INFO - Setting next_dagrun for example_dynamic_task_mapping to 2022-03-04 00:00:00+00:00, run_after=2022-03-05 00:00:00+00:00
[2025-12-27T13:53:48.943+0000] {processor.py:183} INFO - Processing /usr/local/lib/python3.11/site-packages/airflow/example_dags/example_dynamic_task_mapping.py took 0.334 seconds
[2025-12-27T13:55:13.784+0000] {processor.py:161} INFO - Started process (PID=412) to work on /usr/local/lib/python3.11/site-packages/airflow/example_dags/example_dynamic_task_mapping.py
[2025-12-27T13:55:13.785+0000] {processor.py:830} INFO - Processing file /usr/local/lib/python3.11/site-packages/airflow/example_dags/example_dynamic_task_mapping.py for tasks to queue
[2025-12-27T13:55:13.790+0000] {logging_mixin.py:188} INFO - [2025-12-27T13:55:13.789+0000] {dagbag.py:545} INFO - Filling up the DagBag from /usr/local/lib/python3.11/site-packages/airflow/example_dags/example_dynamic_task_mapping.py
[2025-12-27T13:55:13.803+0000] {processor.py:840} INFO - DAG(s) 'example_dynamic_task_mapping' retrieved from /usr/local/lib/python3.11/site-packages/airflow/example_dags/example_dynamic_task_mapping.py
[2025-12-27T13:55:13.844+0000] {logging_mixin.py:188} INFO - [2025-12-27T13:55:13.844+0000] {dag.py:3096} INFO - Sync 1 DAGs
[2025-12-27T13:55:13.877+0000] {logging_mixin.py:188} INFO - [2025-12-27T13:55:13.877+0000] {dag.py:3954} INFO - Setting next_dagrun for example_dynamic_task_mapping to 2022-03-04 00:00:00+00:00, run_after=2022-03-05 00:00:00+00:00
[2025-12-27T13:55:14.103+0000] {processor.py:183} INFO - Processing /usr/local/lib/python3.11/site-packages/airflow/example_dags/example_dynamic_task_mapping.py took 0.336 seconds
[2025-12-27T13:56:38.119+0000] {processor.py:161} INFO - Started process (PID=473) to work on /usr/local/lib/python3.11/site-packages/airflow/example_dags/example_dynamic_task_mapping.py
[2025-12-27T13:56:38.120+0000] {processor.py:830} INFO - Processing file /usr/local/lib/python3.11/site-packages/airflow/example_dags/example_dynamic_task_mapping.py for tasks to queue
[2025-12-27T13:56:38.122+0000] {logging_mixin.py:188} INFO - [2025-12-27T13:56:38.122+0000] {dagbag.py:545} INFO - Filling up the DagBag from /usr/local/lib/python3.11/site-packages/airflow/example_dags/example_dynamic_task_mapping.py
[2025-12-27T13:56:38.130+0000] {processor.py:840} INFO - DAG(s) 'example_dynamic_task_mapping' retrieved from /usr/local/lib/python3.11/site-packages/airflow/example_dags/example_dynamic_task_mapping.py
[2025-12-27T13:56:38.162+0000] {logging_mixin.py:188} INFO - [2025-12-27T13:56:38.162+0000] {dag.py:3096} INFO - Sync 1 DAGs
[2025-12-27T13:56:38.195+0000] {logging_mixin.py:188} INFO - [2025-12-27T13:56:38.195+0000] {dag.py:3954} INFO - Setting next_dagrun for example_dynamic_task_mapping to 2022-03-04 00:00:00+00:00, run_after=2022-03-05 00:00:00+00:00
[2025-12-27T13:56:38.416+0000] {processor.py:183} INFO - Processing /usr/local/lib/python3.11/site-packages/airflow/example_dags/example_dynamic_task_mapping.py took 0.312 seconds
[2025-12-27T13:58:04.916+0000] {processor.py:161} INFO - Started process (PID=534) to work on /usr/local/lib/python3.11/site-packages/airflow/example_dags/example_dynamic_task_mapping.py
[2025-12-27T13:58:04.917+0000] {processor.py:830} INFO - Processing file /usr/local/lib/python3.11/site-packages/airflow/example_dags/example_dynamic_task_mapping.py for tasks to queue
[2025-12-27T13:58:04.919+0000] {logging_mixin.py:188} INFO - [2025-12-27T13:58:04.919+0000] {dagbag.py:545} INFO - Filling up the DagBag from /usr/local/lib/python3.11/site-packages/airflow/example_dags/example_dynamic_task_mapping.py
[2025-12-27T13:58:04.927+0000] {processor.py:840} INFO - DAG(s) 'example_dynamic_task_mapping' retrieved from /usr/local/lib/python3.11/site-packages/airflow/example_dags/example_dynamic_task_mapping.py
[2025-12-27T13:58:04.957+0000] {logging_mixin.py:188} INFO - [2025-12-27T13:58:04.956+0000] {dag.py:3096} INFO - Sync 1 DAGs
[2025-12-27T13:58:04.994+0000] {logging_mixin.py:188} INFO - [2025-12-27T13:58:04.994+0000] {dag.py:3954} INFO - Setting next_dagrun for example_dynamic_task_mapping to 2022-03-04 00:00:00+00:00, run_after=2022-03-05 00:00:00+00:00
[2025-12-27T13:58:05.191+0000] {processor.py:183} INFO - Processing /usr/local/lib/python3.11/site-packages/airflow/example_dags/example_dynamic_task_mapping.py took 0.288 seconds
[2025-12-27T13:59:29.929+0000] {processor.py:161} INFO - Started process (PID=595) to work on /usr/local/lib/python3.11/site-packages/airflow/example_dags/example_dynamic_task_mapping.py
[2025-12-27T13:59:29.931+0000] {processor.py:830} INFO - Processing file /usr/local/lib/python3.11/site-packages/airflow/example_dags/example_dynamic_task_mapping.py for tasks to queue
[2025-12-27T13:59:29.933+0000] {logging_mixin.py:188} INFO - [2025-12-27T13:59:29.932+0000] {dagbag.py:545} INFO - Filling up the DagBag from /usr/local/lib/python3.11/site-packages/airflow/example_dags/example_dynamic_task_mapping.py
[2025-12-27T13:59:29.942+0000] {processor.py:840} INFO - DAG(s) 'example_dynamic_task_mapping' retrieved from /usr/local/lib/python3.11/site-packages/airflow/example_dags/example_dynamic_task_mapping.py
[2025-12-27T13:59:29.969+0000] {logging_mixin.py:188} INFO - [2025-12-27T13:59:29.969+0000] {dag.py:3096} INFO - Sync 1 DAGs
[2025-12-27T13:59:29.998+0000] {logging_mixin.py:188} INFO - [2025-12-27T13:59:29.998+0000] {dag.py:3954} INFO - Setting next_dagrun for example_dynamic_task_mapping to 2022-03-04 00:00:00+00:00, run_after=2022-03-05 00:00:00+00:00
[2025-12-27T13:59:30.225+0000] {processor.py:183} INFO - Processing /usr/local/lib/python3.11/site-packages/airflow/example_dags/example_dynamic_task_mapping.py took 0.312 seconds
[2025-12-27T14:01:05.995+0000] {processor.py:161} INFO - Started process (PID=660) to work on /usr/local/lib/python3.11/site-packages/airflow/example_dags/example_dynamic_task_mapping.py
[2025-12-27T14:01:05.996+0000] {processor.py:830} INFO - Processing file /usr/local/lib/python3.11/site-packages/airflow/example_dags/example_dynamic_task_mapping.py for tasks to queue
[2025-12-27T14:01:05.999+0000] {logging_mixin.py:188} INFO - [2025-12-27T14:01:05.998+0000] {dagbag.py:545} INFO - Filling up the DagBag from /usr/local/lib/python3.11/site-packages/airflow/example_dags/example_dynamic_task_mapping.py
[2025-12-27T14:01:06.008+0000] {processor.py:840} INFO - DAG(s) 'example_dynamic_task_mapping' retrieved from /usr/local/lib/python3.11/site-packages/airflow/example_dags/example_dynamic_task_mapping.py
[2025-12-27T14:01:06.041+0000] {logging_mixin.py:188} INFO - [2025-12-27T14:01:06.041+0000] {dag.py:3096} INFO - Sync 1 DAGs
[2025-12-27T14:01:06.095+0000] {logging_mixin.py:188} INFO - [2025-12-27T14:01:06.095+0000] {dag.py:3954} INFO - Setting next_dagrun for example_dynamic_task_mapping to 2022-03-04 00:00:00+00:00, run_after=2022-03-05 00:00:00+00:00
[2025-12-27T14:01:06.402+0000] {processor.py:183} INFO - Processing /usr/local/lib/python3.11/site-packages/airflow/example_dags/example_dynamic_task_mapping.py took 0.422 seconds
[2025-12-27T14:02:39.886+0000] {processor.py:161} INFO - Started process (PID=700) to work on /usr/local/lib/python3.11/site-packages/airflow/example_dags/example_dynamic_task_mapping.py
[2025-12-27T14:02:39.888+0000] {processor.py:830} INFO - Processing file /usr/local/lib/python3.11/site-packages/airflow/example_dags/example_dynamic_task_mapping.py for tasks to queue
[2025-12-27T14:02:39.899+0000] {logging_mixin.py:188} INFO - [2025-12-27T14:02:39.899+0000] {dagbag.py:545} INFO - Filling up the DagBag from /usr/local/lib/python3.11/site-packages/airflow/example_dags/example_dynamic_task_mapping.py
[2025-12-27T14:02:39.916+0000] {processor.py:840} INFO - DAG(s) 'example_dynamic_task_mapping' retrieved from /usr/local/lib/python3.11/site-packages/airflow/example_dags/example_dynamic_task_mapping.py
[2025-12-27T14:02:39.973+0000] {logging_mixin.py:188} INFO - [2025-12-27T14:02:39.972+0000] {dag.py:3096} INFO - Sync 1 DAGs
[2025-12-27T14:02:40.039+0000] {logging_mixin.py:188} INFO - [2025-12-27T14:02:40.038+0000] {dag.py:3954} INFO - Setting next_dagrun for example_dynamic_task_mapping to 2022-03-04 00:00:00+00:00, run_after=2022-03-05 00:00:00+00:00
[2025-12-27T14:02:40.211+0000] {processor.py:183} INFO - Processing /usr/local/lib/python3.11/site-packages/airflow/example_dags/example_dynamic_task_mapping.py took 0.355 seconds
[2025-12-27T14:03:41.118+0000] {processor.py:161} INFO - Started process (PID=743) to work on /usr/local/lib/python3.11/site-packages/airflow/example_dags/example_dynamic_task_mapping.py
[2025-12-27T14:03:41.119+0000] {processor.py:830} INFO - Processing file /usr/local/lib/python3.11/site-packages/airflow/example_dags/example_dynamic_task_mapping.py for tasks to queue
[2025-12-27T14:03:41.121+0000] {logging_mixin.py:188} INFO - [2025-12-27T14:03:41.121+0000] {dagbag.py:545} INFO - Filling up the DagBag from /usr/local/lib/python3.11/site-packages/airflow/example_dags/example_dynamic_task_mapping.py
[2025-12-27T14:03:41.129+0000] {processor.py:840} INFO - DAG(s) 'example_dynamic_task_mapping' retrieved from /usr/local/lib/python3.11/site-packages/airflow/example_dags/example_dynamic_task_mapping.py
[2025-12-27T14:03:41.158+0000] {logging_mixin.py:188} INFO - [2025-12-27T14:03:41.157+0000] {dag.py:3096} INFO - Sync 1 DAGs
[2025-12-27T14:03:41.188+0000] {logging_mixin.py:188} INFO - [2025-12-27T14:03:41.188+0000] {dag.py:3954} INFO - Setting next_dagrun for example_dynamic_task_mapping to 2022-03-04 00:00:00+00:00, run_after=2022-03-05 00:00:00+00:00
[2025-12-27T14:03:41.421+0000] {processor.py:183} INFO - Processing /usr/local/lib/python3.11/site-packages/airflow/example_dags/example_dynamic_task_mapping.py took 0.317 seconds
[2025-12-27T14:05:30.518+0000] {processor.py:161} INFO - Started process (PID=827) to work on /usr/local/lib/python3.11/site-packages/airflow/example_dags/example_dynamic_task_mapping.py
[2025-12-27T14:05:30.519+0000] {processor.py:830} INFO - Processing file /usr/local/lib/python3.11/site-packages/airflow/example_dags/example_dynamic_task_mapping.py for tasks to queue
[2025-12-27T14:05:30.522+0000] {logging_mixin.py:188} INFO - [2025-12-27T14:05:30.522+0000] {dagbag.py:545} INFO - Filling up the DagBag from /usr/local/lib/python3.11/site-packages/airflow/example_dags/example_dynamic_task_mapping.py
[2025-12-27T14:05:30.539+0000] {processor.py:840} INFO - DAG(s) 'example_dynamic_task_mapping' retrieved from /usr/local/lib/python3.11/site-packages/airflow/example_dags/example_dynamic_task_mapping.py
[2025-12-27T14:05:30.593+0000] {logging_mixin.py:188} INFO - [2025-12-27T14:05:30.592+0000] {dag.py:3096} INFO - Sync 1 DAGs
[2025-12-27T14:05:30.678+0000] {logging_mixin.py:188} INFO - [2025-12-27T14:05:30.678+0000] {dag.py:3954} INFO - Setting next_dagrun for example_dynamic_task_mapping to 2022-03-04 00:00:00+00:00, run_after=2022-03-05 00:00:00+00:00
[2025-12-27T14:05:30.908+0000] {processor.py:183} INFO - Processing /usr/local/lib/python3.11/site-packages/airflow/example_dags/example_dynamic_task_mapping.py took 0.411 seconds
[2025-12-27T14:07:18.424+0000] {processor.py:161} INFO - Started process (PID=895) to work on /usr/local/lib/python3.11/site-packages/airflow/example_dags/example_dynamic_task_mapping.py
[2025-12-27T14:07:18.435+0000] {processor.py:830} INFO - Processing file /usr/local/lib/python3.11/site-packages/airflow/example_dags/example_dynamic_task_mapping.py for tasks to queue
[2025-12-27T14:07:18.437+0000] {logging_mixin.py:188} INFO - [2025-12-27T14:07:18.437+0000] {dagbag.py:545} INFO - Filling up the DagBag from /usr/local/lib/python3.11/site-packages/airflow/example_dags/example_dynamic_task_mapping.py
[2025-12-27T14:07:18.458+0000] {processor.py:840} INFO - DAG(s) 'example_dynamic_task_mapping' retrieved from /usr/local/lib/python3.11/site-packages/airflow/example_dags/example_dynamic_task_mapping.py
[2025-12-27T14:07:18.859+0000] {logging_mixin.py:188} INFO - [2025-12-27T14:07:18.859+0000] {dag.py:3096} INFO - Sync 1 DAGs
[2025-12-27T14:07:18.924+0000] {logging_mixin.py:188} INFO - [2025-12-27T14:07:18.924+0000] {dag.py:3954} INFO - Setting next_dagrun for example_dynamic_task_mapping to 2022-03-04 00:00:00+00:00, run_after=2022-03-05 00:00:00+00:00
[2025-12-27T14:07:19.558+0000] {processor.py:183} INFO - Processing /usr/local/lib/python3.11/site-packages/airflow/example_dags/example_dynamic_task_mapping.py took 1.163 seconds
[2025-12-27T14:09:02.839+0000] {processor.py:161} INFO - Started process (PID=960) to work on /usr/local/lib/python3.11/site-packages/airflow/example_dags/example_dynamic_task_mapping.py
[2025-12-27T14:09:02.840+0000] {processor.py:830} INFO - Processing file /usr/local/lib/python3.11/site-packages/airflow/example_dags/example_dynamic_task_mapping.py for tasks to queue
[2025-12-27T14:09:02.843+0000] {logging_mixin.py:188} INFO - [2025-12-27T14:09:02.842+0000] {dagbag.py:545} INFO - Filling up the DagBag from /usr/local/lib/python3.11/site-packages/airflow/example_dags/example_dynamic_task_mapping.py
[2025-12-27T14:09:02.852+0000] {processor.py:840} INFO - DAG(s) 'example_dynamic_task_mapping' retrieved from /usr/local/lib/python3.11/site-packages/airflow/example_dags/example_dynamic_task_mapping.py
[2025-12-27T14:09:02.888+0000] {logging_mixin.py:188} INFO - [2025-12-27T14:09:02.888+0000] {dag.py:3096} INFO - Sync 1 DAGs
[2025-12-27T14:09:02.926+0000] {logging_mixin.py:188} INFO - [2025-12-27T14:09:02.926+0000] {dag.py:3954} INFO - Setting next_dagrun for example_dynamic_task_mapping to 2022-03-04 00:00:00+00:00, run_after=2022-03-05 00:00:00+00:00
[2025-12-27T14:09:03.180+0000] {processor.py:183} INFO - Processing /usr/local/lib/python3.11/site-packages/airflow/example_dags/example_dynamic_task_mapping.py took 0.358 seconds
[2025-12-27T14:10:45.283+0000] {processor.py:161} INFO - Started process (PID=1024) to work on /usr/local/lib/python3.11/site-packages/airflow/example_dags/example_dynamic_task_mapping.py
[2025-12-27T14:10:45.293+0000] {processor.py:830} INFO - Processing file /usr/local/lib/python3.11/site-packages/airflow/example_dags/example_dynamic_task_mapping.py for tasks to queue
[2025-12-27T14:10:45.301+0000] {logging_mixin.py:188} INFO - [2025-12-27T14:10:45.300+0000] {dagbag.py:545} INFO - Filling up the DagBag from /usr/local/lib/python3.11/site-packages/airflow/example_dags/example_dynamic_task_mapping.py
[2025-12-27T14:10:45.311+0000] {processor.py:840} INFO - DAG(s) 'example_dynamic_task_mapping' retrieved from /usr/local/lib/python3.11/site-packages/airflow/example_dags/example_dynamic_task_mapping.py
[2025-12-27T14:10:45.346+0000] {logging_mixin.py:188} INFO - [2025-12-27T14:10:45.346+0000] {dag.py:3096} INFO - Sync 1 DAGs
[2025-12-27T14:10:45.382+0000] {logging_mixin.py:188} INFO - [2025-12-27T14:10:45.382+0000] {dag.py:3954} INFO - Setting next_dagrun for example_dynamic_task_mapping to 2022-03-04 00:00:00+00:00, run_after=2022-03-05 00:00:00+00:00
[2025-12-27T14:10:45.611+0000] {processor.py:183} INFO - Processing /usr/local/lib/python3.11/site-packages/airflow/example_dags/example_dynamic_task_mapping.py took 0.347 seconds
[2025-12-27T14:11:47.467+0000] {processor.py:161} INFO - Started process (PID=1057) to work on /usr/local/lib/python3.11/site-packages/airflow/example_dags/example_dynamic_task_mapping.py
[2025-12-27T14:11:47.468+0000] {processor.py:830} INFO - Processing file /usr/local/lib/python3.11/site-packages/airflow/example_dags/example_dynamic_task_mapping.py for tasks to queue
[2025-12-27T14:11:47.471+0000] {logging_mixin.py:188} INFO - [2025-12-27T14:11:47.470+0000] {dagbag.py:545} INFO - Filling up the DagBag from /usr/local/lib/python3.11/site-packages/airflow/example_dags/example_dynamic_task_mapping.py
[2025-12-27T14:11:47.481+0000] {processor.py:840} INFO - DAG(s) 'example_dynamic_task_mapping' retrieved from /usr/local/lib/python3.11/site-packages/airflow/example_dags/example_dynamic_task_mapping.py
[2025-12-27T14:11:47.516+0000] {logging_mixin.py:188} INFO - [2025-12-27T14:11:47.515+0000] {dag.py:3096} INFO - Sync 1 DAGs
[2025-12-27T14:11:47.561+0000] {logging_mixin.py:188} INFO - [2025-12-27T14:11:47.561+0000] {dag.py:3954} INFO - Setting next_dagrun for example_dynamic_task_mapping to 2022-03-04 00:00:00+00:00, run_after=2022-03-05 00:00:00+00:00
[2025-12-27T14:11:47.784+0000] {processor.py:183} INFO - Processing /usr/local/lib/python3.11/site-packages/airflow/example_dags/example_dynamic_task_mapping.py took 0.334 seconds
[2025-12-27T14:12:56.275+0000] {processor.py:161} INFO - Started process (PID=1096) to work on /usr/local/lib/python3.11/site-packages/airflow/example_dags/example_dynamic_task_mapping.py
[2025-12-27T14:12:56.277+0000] {processor.py:830} INFO - Processing file /usr/local/lib/python3.11/site-packages/airflow/example_dags/example_dynamic_task_mapping.py for tasks to queue
[2025-12-27T14:12:56.279+0000] {logging_mixin.py:188} INFO - [2025-12-27T14:12:56.279+0000] {dagbag.py:545} INFO - Filling up the DagBag from /usr/local/lib/python3.11/site-packages/airflow/example_dags/example_dynamic_task_mapping.py
[2025-12-27T14:12:56.291+0000] {processor.py:840} INFO - DAG(s) 'example_dynamic_task_mapping' retrieved from /usr/local/lib/python3.11/site-packages/airflow/example_dags/example_dynamic_task_mapping.py
[2025-12-27T14:12:56.350+0000] {logging_mixin.py:188} INFO - [2025-12-27T14:12:56.348+0000] {dag.py:3096} INFO - Sync 1 DAGs
[2025-12-27T14:12:56.433+0000] {logging_mixin.py:188} INFO - [2025-12-27T14:12:56.433+0000] {dag.py:3954} INFO - Setting next_dagrun for example_dynamic_task_mapping to 2022-03-04 00:00:00+00:00, run_after=2022-03-05 00:00:00+00:00
[2025-12-27T14:12:56.844+0000] {processor.py:183} INFO - Processing /usr/local/lib/python3.11/site-packages/airflow/example_dags/example_dynamic_task_mapping.py took 0.588 seconds
[2025-12-27T14:14:52.781+0000] {processor.py:161} INFO - Started process (PID=1163) to work on /usr/local/lib/python3.11/site-packages/airflow/example_dags/example_dynamic_task_mapping.py
[2025-12-27T14:14:52.783+0000] {processor.py:830} INFO - Processing file /usr/local/lib/python3.11/site-packages/airflow/example_dags/example_dynamic_task_mapping.py for tasks to queue
[2025-12-27T14:14:52.785+0000] {logging_mixin.py:188} INFO - [2025-12-27T14:14:52.784+0000] {dagbag.py:545} INFO - Filling up the DagBag from /usr/local/lib/python3.11/site-packages/airflow/example_dags/example_dynamic_task_mapping.py
[2025-12-27T14:14:52.793+0000] {processor.py:840} INFO - DAG(s) 'example_dynamic_task_mapping' retrieved from /usr/local/lib/python3.11/site-packages/airflow/example_dags/example_dynamic_task_mapping.py
[2025-12-27T14:14:52.826+0000] {logging_mixin.py:188} INFO - [2025-12-27T14:14:52.826+0000] {dag.py:3096} INFO - Sync 1 DAGs
[2025-12-27T14:14:52.860+0000] {logging_mixin.py:188} INFO - [2025-12-27T14:14:52.860+0000] {dag.py:3954} INFO - Setting next_dagrun for example_dynamic_task_mapping to 2022-03-04 00:00:00+00:00, run_after=2022-03-05 00:00:00+00:00
[2025-12-27T14:14:53.070+0000] {processor.py:183} INFO - Processing /usr/local/lib/python3.11/site-packages/airflow/example_dags/example_dynamic_task_mapping.py took 0.302 seconds
[2025-12-27T14:32:20.807+0000] {processor.py:161} INFO - Started process (PID=49) to work on /usr/local/lib/python3.11/site-packages/airflow/example_dags/example_dynamic_task_mapping.py
[2025-12-27T14:32:20.808+0000] {processor.py:830} INFO - Processing file /usr/local/lib/python3.11/site-packages/airflow/example_dags/example_dynamic_task_mapping.py for tasks to queue
[2025-12-27T14:32:20.811+0000] {logging_mixin.py:188} INFO - [2025-12-27T14:32:20.811+0000] {dagbag.py:545} INFO - Filling up the DagBag from /usr/local/lib/python3.11/site-packages/airflow/example_dags/example_dynamic_task_mapping.py
[2025-12-27T14:32:20.821+0000] {processor.py:840} INFO - DAG(s) 'example_dynamic_task_mapping' retrieved from /usr/local/lib/python3.11/site-packages/airflow/example_dags/example_dynamic_task_mapping.py
[2025-12-27T14:32:21.058+0000] {logging_mixin.py:188} INFO - [2025-12-27T14:32:21.058+0000] {dag.py:3096} INFO - Sync 1 DAGs
[2025-12-27T14:32:21.114+0000] {logging_mixin.py:188} INFO - [2025-12-27T14:32:21.114+0000] {dag.py:3954} INFO - Setting next_dagrun for example_dynamic_task_mapping to 2022-03-04 00:00:00+00:00, run_after=2022-03-05 00:00:00+00:00
[2025-12-27T14:32:21.881+0000] {processor.py:183} INFO - Processing /usr/local/lib/python3.11/site-packages/airflow/example_dags/example_dynamic_task_mapping.py took 1.094 seconds
[2025-12-27T14:33:49.852+0000] {processor.py:161} INFO - Started process (PID=101) to work on /usr/local/lib/python3.11/site-packages/airflow/example_dags/example_dynamic_task_mapping.py
[2025-12-27T14:33:49.853+0000] {processor.py:830} INFO - Processing file /usr/local/lib/python3.11/site-packages/airflow/example_dags/example_dynamic_task_mapping.py for tasks to queue
[2025-12-27T14:33:49.856+0000] {logging_mixin.py:188} INFO - [2025-12-27T14:33:49.855+0000] {dagbag.py:545} INFO - Filling up the DagBag from /usr/local/lib/python3.11/site-packages/airflow/example_dags/example_dynamic_task_mapping.py
[2025-12-27T14:33:49.864+0000] {processor.py:840} INFO - DAG(s) 'example_dynamic_task_mapping' retrieved from /usr/local/lib/python3.11/site-packages/airflow/example_dags/example_dynamic_task_mapping.py
[2025-12-27T14:33:49.890+0000] {logging_mixin.py:188} INFO - [2025-12-27T14:33:49.889+0000] {dag.py:3096} INFO - Sync 1 DAGs
[2025-12-27T14:33:49.917+0000] {logging_mixin.py:188} INFO - [2025-12-27T14:33:49.917+0000] {dag.py:3954} INFO - Setting next_dagrun for example_dynamic_task_mapping to 2022-03-04 00:00:00+00:00, run_after=2022-03-05 00:00:00+00:00
[2025-12-27T14:33:50.155+0000] {processor.py:183} INFO - Processing /usr/local/lib/python3.11/site-packages/airflow/example_dags/example_dynamic_task_mapping.py took 0.317 seconds
[2025-12-27T14:35:37.013+0000] {processor.py:161} INFO - Started process (PID=168) to work on /usr/local/lib/python3.11/site-packages/airflow/example_dags/example_dynamic_task_mapping.py
[2025-12-27T14:35:37.014+0000] {processor.py:830} INFO - Processing file /usr/local/lib/python3.11/site-packages/airflow/example_dags/example_dynamic_task_mapping.py for tasks to queue
[2025-12-27T14:35:37.161+0000] {logging_mixin.py:188} INFO - [2025-12-27T14:35:37.159+0000] {dagbag.py:545} INFO - Filling up the DagBag from /usr/local/lib/python3.11/site-packages/airflow/example_dags/example_dynamic_task_mapping.py
[2025-12-27T14:35:37.168+0000] {processor.py:840} INFO - DAG(s) 'example_dynamic_task_mapping' retrieved from /usr/local/lib/python3.11/site-packages/airflow/example_dags/example_dynamic_task_mapping.py
[2025-12-27T14:35:37.200+0000] {logging_mixin.py:188} INFO - [2025-12-27T14:35:37.200+0000] {dag.py:3096} INFO - Sync 1 DAGs
[2025-12-27T14:35:37.240+0000] {logging_mixin.py:188} INFO - [2025-12-27T14:35:37.240+0000] {dag.py:3954} INFO - Setting next_dagrun for example_dynamic_task_mapping to 2022-03-04 00:00:00+00:00, run_after=2022-03-05 00:00:00+00:00
[2025-12-27T14:35:37.427+0000] {processor.py:183} INFO - Processing /usr/local/lib/python3.11/site-packages/airflow/example_dags/example_dynamic_task_mapping.py took 0.429 seconds
[2025-12-27T14:53:36.252+0000] {processor.py:161} INFO - Started process (PID=53) to work on /usr/local/lib/python3.11/site-packages/airflow/example_dags/example_dynamic_task_mapping.py
[2025-12-27T14:53:36.253+0000] {processor.py:830} INFO - Processing file /usr/local/lib/python3.11/site-packages/airflow/example_dags/example_dynamic_task_mapping.py for tasks to queue
[2025-12-27T14:53:36.257+0000] {logging_mixin.py:188} INFO - [2025-12-27T14:53:36.256+0000] {dagbag.py:545} INFO - Filling up the DagBag from /usr/local/lib/python3.11/site-packages/airflow/example_dags/example_dynamic_task_mapping.py
[2025-12-27T14:53:36.267+0000] {processor.py:840} INFO - DAG(s) 'example_dynamic_task_mapping' retrieved from /usr/local/lib/python3.11/site-packages/airflow/example_dags/example_dynamic_task_mapping.py
[2025-12-27T14:53:36.739+0000] {logging_mixin.py:188} INFO - [2025-12-27T14:53:36.738+0000] {override.py:1930} INFO - Created Permission View: can delete on DAG:example_dynamic_task_mapping
[2025-12-27T14:53:36.949+0000] {logging_mixin.py:188} INFO - [2025-12-27T14:53:36.948+0000] {override.py:1930} INFO - Created Permission View: can edit on DAG:example_dynamic_task_mapping
[2025-12-27T14:53:37.125+0000] {logging_mixin.py:188} INFO - [2025-12-27T14:53:37.124+0000] {override.py:1930} INFO - Created Permission View: can read on DAG:example_dynamic_task_mapping
[2025-12-27T14:53:37.126+0000] {logging_mixin.py:188} INFO - [2025-12-27T14:53:37.126+0000] {dag.py:3096} INFO - Sync 1 DAGs
[2025-12-27T14:53:37.155+0000] {logging_mixin.py:188} INFO - [2025-12-27T14:53:37.154+0000] {dag.py:3118} INFO - Creating ORM DAG for example_dynamic_task_mapping
[2025-12-27T14:53:37.175+0000] {logging_mixin.py:188} INFO - [2025-12-27T14:53:37.175+0000] {dag.py:3954} INFO - Setting next_dagrun for example_dynamic_task_mapping to 2022-03-04 00:00:00+00:00, run_after=2022-03-05 00:00:00+00:00
[2025-12-27T14:53:37.369+0000] {processor.py:183} INFO - Processing /usr/local/lib/python3.11/site-packages/airflow/example_dags/example_dynamic_task_mapping.py took 1.133 seconds
[2025-12-27T14:55:37.211+0000] {processor.py:161} INFO - Started process (PID=105) to work on /usr/local/lib/python3.11/site-packages/airflow/example_dags/example_dynamic_task_mapping.py
[2025-12-27T14:55:37.212+0000] {processor.py:830} INFO - Processing file /usr/local/lib/python3.11/site-packages/airflow/example_dags/example_dynamic_task_mapping.py for tasks to queue
[2025-12-27T14:55:37.215+0000] {logging_mixin.py:188} INFO - [2025-12-27T14:55:37.215+0000] {dagbag.py:545} INFO - Filling up the DagBag from /usr/local/lib/python3.11/site-packages/airflow/example_dags/example_dynamic_task_mapping.py
[2025-12-27T14:55:37.225+0000] {processor.py:840} INFO - DAG(s) 'example_dynamic_task_mapping' retrieved from /usr/local/lib/python3.11/site-packages/airflow/example_dags/example_dynamic_task_mapping.py
[2025-12-27T14:55:37.265+0000] {logging_mixin.py:188} INFO - [2025-12-27T14:55:37.265+0000] {dag.py:3096} INFO - Sync 1 DAGs
[2025-12-27T14:55:37.306+0000] {logging_mixin.py:188} INFO - [2025-12-27T14:55:37.306+0000] {dag.py:3954} INFO - Setting next_dagrun for example_dynamic_task_mapping to 2022-03-04 00:00:00+00:00, run_after=2022-03-05 00:00:00+00:00
[2025-12-27T14:55:37.484+0000] {processor.py:183} INFO - Processing /usr/local/lib/python3.11/site-packages/airflow/example_dags/example_dynamic_task_mapping.py took 0.289 seconds
[2025-12-27T14:56:41.528+0000] {processor.py:161} INFO - Started process (PID=144) to work on /usr/local/lib/python3.11/site-packages/airflow/example_dags/example_dynamic_task_mapping.py
[2025-12-27T14:56:41.530+0000] {processor.py:830} INFO - Processing file /usr/local/lib/python3.11/site-packages/airflow/example_dags/example_dynamic_task_mapping.py for tasks to queue
[2025-12-27T14:56:41.539+0000] {logging_mixin.py:188} INFO - [2025-12-27T14:56:41.538+0000] {dagbag.py:545} INFO - Filling up the DagBag from /usr/local/lib/python3.11/site-packages/airflow/example_dags/example_dynamic_task_mapping.py
[2025-12-27T14:56:41.557+0000] {processor.py:840} INFO - DAG(s) 'example_dynamic_task_mapping' retrieved from /usr/local/lib/python3.11/site-packages/airflow/example_dags/example_dynamic_task_mapping.py
[2025-12-27T14:56:41.592+0000] {logging_mixin.py:188} INFO - [2025-12-27T14:56:41.592+0000] {dag.py:3096} INFO - Sync 1 DAGs
[2025-12-27T14:56:41.746+0000] {logging_mixin.py:188} INFO - [2025-12-27T14:56:41.746+0000] {dag.py:3954} INFO - Setting next_dagrun for example_dynamic_task_mapping to 2022-03-04 00:00:00+00:00, run_after=2022-03-05 00:00:00+00:00
[2025-12-27T14:56:42.086+0000] {processor.py:183} INFO - Processing /usr/local/lib/python3.11/site-packages/airflow/example_dags/example_dynamic_task_mapping.py took 0.585 seconds
[2025-12-27T14:58:49.798+0000] {processor.py:161} INFO - Started process (PID=212) to work on /usr/local/lib/python3.11/site-packages/airflow/example_dags/example_dynamic_task_mapping.py
[2025-12-27T14:58:49.799+0000] {processor.py:830} INFO - Processing file /usr/local/lib/python3.11/site-packages/airflow/example_dags/example_dynamic_task_mapping.py for tasks to queue
[2025-12-27T14:58:49.802+0000] {logging_mixin.py:188} INFO - [2025-12-27T14:58:49.802+0000] {dagbag.py:545} INFO - Filling up the DagBag from /usr/local/lib/python3.11/site-packages/airflow/example_dags/example_dynamic_task_mapping.py
[2025-12-27T14:58:49.810+0000] {processor.py:840} INFO - DAG(s) 'example_dynamic_task_mapping' retrieved from /usr/local/lib/python3.11/site-packages/airflow/example_dags/example_dynamic_task_mapping.py
[2025-12-27T14:58:49.843+0000] {logging_mixin.py:188} INFO - [2025-12-27T14:58:49.843+0000] {dag.py:3096} INFO - Sync 1 DAGs
[2025-12-27T14:58:49.877+0000] {logging_mixin.py:188} INFO - [2025-12-27T14:58:49.877+0000] {dag.py:3954} INFO - Setting next_dagrun for example_dynamic_task_mapping to 2022-03-04 00:00:00+00:00, run_after=2022-03-05 00:00:00+00:00
[2025-12-27T14:58:50.050+0000] {processor.py:183} INFO - Processing /usr/local/lib/python3.11/site-packages/airflow/example_dags/example_dynamic_task_mapping.py took 0.267 seconds
[2025-12-27T15:00:35.279+0000] {processor.py:161} INFO - Started process (PID=293) to work on /usr/local/lib/python3.11/site-packages/airflow/example_dags/example_dynamic_task_mapping.py
[2025-12-27T15:00:35.280+0000] {processor.py:830} INFO - Processing file /usr/local/lib/python3.11/site-packages/airflow/example_dags/example_dynamic_task_mapping.py for tasks to queue
[2025-12-27T15:00:35.282+0000] {logging_mixin.py:188} INFO - [2025-12-27T15:00:35.282+0000] {dagbag.py:545} INFO - Filling up the DagBag from /usr/local/lib/python3.11/site-packages/airflow/example_dags/example_dynamic_task_mapping.py
[2025-12-27T15:00:35.293+0000] {processor.py:840} INFO - DAG(s) 'example_dynamic_task_mapping' retrieved from /usr/local/lib/python3.11/site-packages/airflow/example_dags/example_dynamic_task_mapping.py
[2025-12-27T15:00:35.331+0000] {logging_mixin.py:188} INFO - [2025-12-27T15:00:35.330+0000] {dag.py:3096} INFO - Sync 1 DAGs
[2025-12-27T15:00:35.379+0000] {logging_mixin.py:188} INFO - [2025-12-27T15:00:35.379+0000] {dag.py:3954} INFO - Setting next_dagrun for example_dynamic_task_mapping to 2022-03-04 00:00:00+00:00, run_after=2022-03-05 00:00:00+00:00
[2025-12-27T15:00:35.622+0000] {processor.py:183} INFO - Processing /usr/local/lib/python3.11/site-packages/airflow/example_dags/example_dynamic_task_mapping.py took 0.361 seconds
[2025-12-27T15:01:37.908+0000] {processor.py:161} INFO - Started process (PID=332) to work on /usr/local/lib/python3.11/site-packages/airflow/example_dags/example_dynamic_task_mapping.py
[2025-12-27T15:01:37.910+0000] {processor.py:830} INFO - Processing file /usr/local/lib/python3.11/site-packages/airflow/example_dags/example_dynamic_task_mapping.py for tasks to queue
[2025-12-27T15:01:37.913+0000] {logging_mixin.py:188} INFO - [2025-12-27T15:01:37.912+0000] {dagbag.py:545} INFO - Filling up the DagBag from /usr/local/lib/python3.11/site-packages/airflow/example_dags/example_dynamic_task_mapping.py
[2025-12-27T15:01:37.923+0000] {processor.py:840} INFO - DAG(s) 'example_dynamic_task_mapping' retrieved from /usr/local/lib/python3.11/site-packages/airflow/example_dags/example_dynamic_task_mapping.py
[2025-12-27T15:01:37.961+0000] {logging_mixin.py:188} INFO - [2025-12-27T15:01:37.961+0000] {dag.py:3096} INFO - Sync 1 DAGs
[2025-12-27T15:01:38.004+0000] {logging_mixin.py:188} INFO - [2025-12-27T15:01:38.004+0000] {dag.py:3954} INFO - Setting next_dagrun for example_dynamic_task_mapping to 2022-03-04 00:00:00+00:00, run_after=2022-03-05 00:00:00+00:00
[2025-12-27T15:01:38.304+0000] {processor.py:183} INFO - Processing /usr/local/lib/python3.11/site-packages/airflow/example_dags/example_dynamic_task_mapping.py took 0.414 seconds
[2025-12-27T15:03:29.342+0000] {processor.py:161} INFO - Started process (PID=407) to work on /usr/local/lib/python3.11/site-packages/airflow/example_dags/example_dynamic_task_mapping.py
[2025-12-27T15:03:29.344+0000] {processor.py:830} INFO - Processing file /usr/local/lib/python3.11/site-packages/airflow/example_dags/example_dynamic_task_mapping.py for tasks to queue
[2025-12-27T15:03:29.347+0000] {logging_mixin.py:188} INFO - [2025-12-27T15:03:29.346+0000] {dagbag.py:545} INFO - Filling up the DagBag from /usr/local/lib/python3.11/site-packages/airflow/example_dags/example_dynamic_task_mapping.py
[2025-12-27T15:03:29.357+0000] {processor.py:840} INFO - DAG(s) 'example_dynamic_task_mapping' retrieved from /usr/local/lib/python3.11/site-packages/airflow/example_dags/example_dynamic_task_mapping.py
[2025-12-27T15:03:29.395+0000] {logging_mixin.py:188} INFO - [2025-12-27T15:03:29.395+0000] {dag.py:3096} INFO - Sync 1 DAGs
[2025-12-27T15:03:29.438+0000] {logging_mixin.py:188} INFO - [2025-12-27T15:03:29.437+0000] {dag.py:3954} INFO - Setting next_dagrun for example_dynamic_task_mapping to 2022-03-04 00:00:00+00:00, run_after=2022-03-05 00:00:00+00:00
[2025-12-27T15:03:29.629+0000] {processor.py:183} INFO - Processing /usr/local/lib/python3.11/site-packages/airflow/example_dags/example_dynamic_task_mapping.py took 0.304 seconds
[2025-12-27T15:04:55.471+0000] {processor.py:161} INFO - Started process (PID=468) to work on /usr/local/lib/python3.11/site-packages/airflow/example_dags/example_dynamic_task_mapping.py
[2025-12-27T15:04:55.472+0000] {processor.py:830} INFO - Processing file /usr/local/lib/python3.11/site-packages/airflow/example_dags/example_dynamic_task_mapping.py for tasks to queue
[2025-12-27T15:04:55.474+0000] {logging_mixin.py:188} INFO - [2025-12-27T15:04:55.474+0000] {dagbag.py:545} INFO - Filling up the DagBag from /usr/local/lib/python3.11/site-packages/airflow/example_dags/example_dynamic_task_mapping.py
[2025-12-27T15:04:55.483+0000] {processor.py:840} INFO - DAG(s) 'example_dynamic_task_mapping' retrieved from /usr/local/lib/python3.11/site-packages/airflow/example_dags/example_dynamic_task_mapping.py
[2025-12-27T15:04:55.516+0000] {logging_mixin.py:188} INFO - [2025-12-27T15:04:55.515+0000] {dag.py:3096} INFO - Sync 1 DAGs
[2025-12-27T15:04:55.550+0000] {logging_mixin.py:188} INFO - [2025-12-27T15:04:55.550+0000] {dag.py:3954} INFO - Setting next_dagrun for example_dynamic_task_mapping to 2022-03-04 00:00:00+00:00, run_after=2022-03-05 00:00:00+00:00
[2025-12-27T15:04:55.869+0000] {processor.py:183} INFO - Processing /usr/local/lib/python3.11/site-packages/airflow/example_dags/example_dynamic_task_mapping.py took 0.424 seconds
[2025-12-27T15:06:24.480+0000] {processor.py:161} INFO - Started process (PID=530) to work on /usr/local/lib/python3.11/site-packages/airflow/example_dags/example_dynamic_task_mapping.py
[2025-12-27T15:06:24.482+0000] {processor.py:830} INFO - Processing file /usr/local/lib/python3.11/site-packages/airflow/example_dags/example_dynamic_task_mapping.py for tasks to queue
[2025-12-27T15:06:24.484+0000] {logging_mixin.py:188} INFO - [2025-12-27T15:06:24.483+0000] {dagbag.py:545} INFO - Filling up the DagBag from /usr/local/lib/python3.11/site-packages/airflow/example_dags/example_dynamic_task_mapping.py
[2025-12-27T15:06:24.493+0000] {processor.py:840} INFO - DAG(s) 'example_dynamic_task_mapping' retrieved from /usr/local/lib/python3.11/site-packages/airflow/example_dags/example_dynamic_task_mapping.py
[2025-12-27T15:06:24.523+0000] {logging_mixin.py:188} INFO - [2025-12-27T15:06:24.523+0000] {dag.py:3096} INFO - Sync 1 DAGs
[2025-12-27T15:06:24.559+0000] {logging_mixin.py:188} INFO - [2025-12-27T15:06:24.559+0000] {dag.py:3954} INFO - Setting next_dagrun for example_dynamic_task_mapping to 2022-03-04 00:00:00+00:00, run_after=2022-03-05 00:00:00+00:00
[2025-12-27T15:06:24.738+0000] {processor.py:183} INFO - Processing /usr/local/lib/python3.11/site-packages/airflow/example_dags/example_dynamic_task_mapping.py took 0.272 seconds
[2025-12-27T15:07:56.330+0000] {processor.py:161} INFO - Started process (PID=593) to work on /usr/local/lib/python3.11/site-packages/airflow/example_dags/example_dynamic_task_mapping.py
[2025-12-27T15:07:56.331+0000] {processor.py:830} INFO - Processing file /usr/local/lib/python3.11/site-packages/airflow/example_dags/example_dynamic_task_mapping.py for tasks to queue
[2025-12-27T15:07:56.333+0000] {logging_mixin.py:188} INFO - [2025-12-27T15:07:56.333+0000] {dagbag.py:545} INFO - Filling up the DagBag from /usr/local/lib/python3.11/site-packages/airflow/example_dags/example_dynamic_task_mapping.py
[2025-12-27T15:07:56.342+0000] {processor.py:840} INFO - DAG(s) 'example_dynamic_task_mapping' retrieved from /usr/local/lib/python3.11/site-packages/airflow/example_dags/example_dynamic_task_mapping.py
[2025-12-27T15:07:56.379+0000] {logging_mixin.py:188} INFO - [2025-12-27T15:07:56.378+0000] {dag.py:3096} INFO - Sync 1 DAGs
[2025-12-27T15:07:56.414+0000] {logging_mixin.py:188} INFO - [2025-12-27T15:07:56.414+0000] {dag.py:3954} INFO - Setting next_dagrun for example_dynamic_task_mapping to 2022-03-04 00:00:00+00:00, run_after=2022-03-05 00:00:00+00:00
[2025-12-27T15:07:56.619+0000] {processor.py:183} INFO - Processing /usr/local/lib/python3.11/site-packages/airflow/example_dags/example_dynamic_task_mapping.py took 0.304 seconds
[2025-12-27T15:09:42.784+0000] {processor.py:161} INFO - Started process (PID=660) to work on /usr/local/lib/python3.11/site-packages/airflow/example_dags/example_dynamic_task_mapping.py
[2025-12-27T15:09:42.786+0000] {processor.py:830} INFO - Processing file /usr/local/lib/python3.11/site-packages/airflow/example_dags/example_dynamic_task_mapping.py for tasks to queue
[2025-12-27T15:09:42.792+0000] {logging_mixin.py:188} INFO - [2025-12-27T15:09:42.791+0000] {dagbag.py:545} INFO - Filling up the DagBag from /usr/local/lib/python3.11/site-packages/airflow/example_dags/example_dynamic_task_mapping.py
[2025-12-27T15:09:42.809+0000] {processor.py:840} INFO - DAG(s) 'example_dynamic_task_mapping' retrieved from /usr/local/lib/python3.11/site-packages/airflow/example_dags/example_dynamic_task_mapping.py
[2025-12-27T15:09:42.869+0000] {logging_mixin.py:188} INFO - [2025-12-27T15:09:42.869+0000] {dag.py:3096} INFO - Sync 1 DAGs
[2025-12-27T15:09:42.902+0000] {logging_mixin.py:188} INFO - [2025-12-27T15:09:42.902+0000] {dag.py:3954} INFO - Setting next_dagrun for example_dynamic_task_mapping to 2022-03-04 00:00:00+00:00, run_after=2022-03-05 00:00:00+00:00
[2025-12-27T15:09:43.171+0000] {processor.py:183} INFO - Processing /usr/local/lib/python3.11/site-packages/airflow/example_dags/example_dynamic_task_mapping.py took 0.415 seconds
[2025-12-27T15:11:33.579+0000] {processor.py:161} INFO - Started process (PID=728) to work on /usr/local/lib/python3.11/site-packages/airflow/example_dags/example_dynamic_task_mapping.py
[2025-12-27T15:11:33.581+0000] {processor.py:830} INFO - Processing file /usr/local/lib/python3.11/site-packages/airflow/example_dags/example_dynamic_task_mapping.py for tasks to queue
[2025-12-27T15:11:33.583+0000] {logging_mixin.py:188} INFO - [2025-12-27T15:11:33.582+0000] {dagbag.py:545} INFO - Filling up the DagBag from /usr/local/lib/python3.11/site-packages/airflow/example_dags/example_dynamic_task_mapping.py
[2025-12-27T15:11:33.592+0000] {processor.py:840} INFO - DAG(s) 'example_dynamic_task_mapping' retrieved from /usr/local/lib/python3.11/site-packages/airflow/example_dags/example_dynamic_task_mapping.py
[2025-12-27T15:11:33.627+0000] {logging_mixin.py:188} INFO - [2025-12-27T15:11:33.627+0000] {dag.py:3096} INFO - Sync 1 DAGs
[2025-12-27T15:11:33.670+0000] {logging_mixin.py:188} INFO - [2025-12-27T15:11:33.669+0000] {dag.py:3954} INFO - Setting next_dagrun for example_dynamic_task_mapping to 2022-03-04 00:00:00+00:00, run_after=2022-03-05 00:00:00+00:00
[2025-12-27T15:11:33.843+0000] {processor.py:183} INFO - Processing /usr/local/lib/python3.11/site-packages/airflow/example_dags/example_dynamic_task_mapping.py took 0.279 seconds
[2025-12-27T15:13:05.811+0000] {processor.py:161} INFO - Started process (PID=791) to work on /usr/local/lib/python3.11/site-packages/airflow/example_dags/example_dynamic_task_mapping.py
[2025-12-27T15:13:05.813+0000] {processor.py:830} INFO - Processing file /usr/local/lib/python3.11/site-packages/airflow/example_dags/example_dynamic_task_mapping.py for tasks to queue
[2025-12-27T15:13:05.816+0000] {logging_mixin.py:188} INFO - [2025-12-27T15:13:05.815+0000] {dagbag.py:545} INFO - Filling up the DagBag from /usr/local/lib/python3.11/site-packages/airflow/example_dags/example_dynamic_task_mapping.py
[2025-12-27T15:13:05.834+0000] {processor.py:840} INFO - DAG(s) 'example_dynamic_task_mapping' retrieved from /usr/local/lib/python3.11/site-packages/airflow/example_dags/example_dynamic_task_mapping.py
[2025-12-27T15:13:05.937+0000] {logging_mixin.py:188} INFO - [2025-12-27T15:13:05.937+0000] {dag.py:3096} INFO - Sync 1 DAGs
[2025-12-27T15:13:06.044+0000] {logging_mixin.py:188} INFO - [2025-12-27T15:13:06.044+0000] {dag.py:3954} INFO - Setting next_dagrun for example_dynamic_task_mapping to 2022-03-04 00:00:00+00:00, run_after=2022-03-05 00:00:00+00:00
[2025-12-27T15:13:06.570+0000] {processor.py:183} INFO - Processing /usr/local/lib/python3.11/site-packages/airflow/example_dags/example_dynamic_task_mapping.py took 0.791 seconds
[2025-12-27T15:14:43.324+0000] {processor.py:161} INFO - Started process (PID=854) to work on /usr/local/lib/python3.11/site-packages/airflow/example_dags/example_dynamic_task_mapping.py
[2025-12-27T15:14:43.325+0000] {processor.py:830} INFO - Processing file /usr/local/lib/python3.11/site-packages/airflow/example_dags/example_dynamic_task_mapping.py for tasks to queue
[2025-12-27T15:14:43.327+0000] {logging_mixin.py:188} INFO - [2025-12-27T15:14:43.327+0000] {dagbag.py:545} INFO - Filling up the DagBag from /usr/local/lib/python3.11/site-packages/airflow/example_dags/example_dynamic_task_mapping.py
[2025-12-27T15:14:43.339+0000] {processor.py:840} INFO - DAG(s) 'example_dynamic_task_mapping' retrieved from /usr/local/lib/python3.11/site-packages/airflow/example_dags/example_dynamic_task_mapping.py
[2025-12-27T15:14:43.379+0000] {logging_mixin.py:188} INFO - [2025-12-27T15:14:43.379+0000] {dag.py:3096} INFO - Sync 1 DAGs
[2025-12-27T15:14:43.421+0000] {logging_mixin.py:188} INFO - [2025-12-27T15:14:43.420+0000] {dag.py:3954} INFO - Setting next_dagrun for example_dynamic_task_mapping to 2022-03-04 00:00:00+00:00, run_after=2022-03-05 00:00:00+00:00
[2025-12-27T15:14:43.630+0000] {processor.py:183} INFO - Processing /usr/local/lib/python3.11/site-packages/airflow/example_dags/example_dynamic_task_mapping.py took 0.336 seconds
[2025-12-27T15:15:41.416+0000] {processor.py:161} INFO - Started process (PID=890) to work on /usr/local/lib/python3.11/site-packages/airflow/example_dags/example_dynamic_task_mapping.py
[2025-12-27T15:15:41.419+0000] {processor.py:830} INFO - Processing file /usr/local/lib/python3.11/site-packages/airflow/example_dags/example_dynamic_task_mapping.py for tasks to queue
[2025-12-27T15:15:41.422+0000] {logging_mixin.py:188} INFO - [2025-12-27T15:15:41.422+0000] {dagbag.py:545} INFO - Filling up the DagBag from /usr/local/lib/python3.11/site-packages/airflow/example_dags/example_dynamic_task_mapping.py
[2025-12-27T15:15:41.441+0000] {processor.py:840} INFO - DAG(s) 'example_dynamic_task_mapping' retrieved from /usr/local/lib/python3.11/site-packages/airflow/example_dags/example_dynamic_task_mapping.py
[2025-12-27T15:15:41.532+0000] {logging_mixin.py:188} INFO - [2025-12-27T15:15:41.532+0000] {dag.py:3096} INFO - Sync 1 DAGs
[2025-12-27T15:15:41.642+0000] {logging_mixin.py:188} INFO - [2025-12-27T15:15:41.642+0000] {dag.py:3954} INFO - Setting next_dagrun for example_dynamic_task_mapping to 2022-03-04 00:00:00+00:00, run_after=2022-03-05 00:00:00+00:00
[2025-12-27T15:15:42.081+0000] {processor.py:183} INFO - Processing /usr/local/lib/python3.11/site-packages/airflow/example_dags/example_dynamic_task_mapping.py took 0.691 seconds
[2025-12-27T15:17:24.714+0000] {processor.py:161} INFO - Started process (PID=954) to work on /usr/local/lib/python3.11/site-packages/airflow/example_dags/example_dynamic_task_mapping.py
[2025-12-27T15:17:24.715+0000] {processor.py:830} INFO - Processing file /usr/local/lib/python3.11/site-packages/airflow/example_dags/example_dynamic_task_mapping.py for tasks to queue
[2025-12-27T15:17:24.719+0000] {logging_mixin.py:188} INFO - [2025-12-27T15:17:24.719+0000] {dagbag.py:545} INFO - Filling up the DagBag from /usr/local/lib/python3.11/site-packages/airflow/example_dags/example_dynamic_task_mapping.py
[2025-12-27T15:17:24.730+0000] {processor.py:840} INFO - DAG(s) 'example_dynamic_task_mapping' retrieved from /usr/local/lib/python3.11/site-packages/airflow/example_dags/example_dynamic_task_mapping.py
[2025-12-27T15:17:24.765+0000] {logging_mixin.py:188} INFO - [2025-12-27T15:17:24.765+0000] {dag.py:3096} INFO - Sync 1 DAGs
[2025-12-27T15:17:24.804+0000] {logging_mixin.py:188} INFO - [2025-12-27T15:17:24.804+0000] {dag.py:3954} INFO - Setting next_dagrun for example_dynamic_task_mapping to 2022-03-04 00:00:00+00:00, run_after=2022-03-05 00:00:00+00:00
[2025-12-27T15:17:25.168+0000] {processor.py:183} INFO - Processing /usr/local/lib/python3.11/site-packages/airflow/example_dags/example_dynamic_task_mapping.py took 0.471 seconds
[2025-12-27T15:19:11.922+0000] {processor.py:161} INFO - Started process (PID=1021) to work on /usr/local/lib/python3.11/site-packages/airflow/example_dags/example_dynamic_task_mapping.py
[2025-12-27T15:19:11.923+0000] {processor.py:830} INFO - Processing file /usr/local/lib/python3.11/site-packages/airflow/example_dags/example_dynamic_task_mapping.py for tasks to queue
[2025-12-27T15:19:11.925+0000] {logging_mixin.py:188} INFO - [2025-12-27T15:19:11.925+0000] {dagbag.py:545} INFO - Filling up the DagBag from /usr/local/lib/python3.11/site-packages/airflow/example_dags/example_dynamic_task_mapping.py
[2025-12-27T15:19:11.941+0000] {processor.py:840} INFO - DAG(s) 'example_dynamic_task_mapping' retrieved from /usr/local/lib/python3.11/site-packages/airflow/example_dags/example_dynamic_task_mapping.py
[2025-12-27T15:19:11.979+0000] {logging_mixin.py:188} INFO - [2025-12-27T15:19:11.979+0000] {dag.py:3096} INFO - Sync 1 DAGs
[2025-12-27T15:19:12.026+0000] {logging_mixin.py:188} INFO - [2025-12-27T15:19:12.026+0000] {dag.py:3954} INFO - Setting next_dagrun for example_dynamic_task_mapping to 2022-03-04 00:00:00+00:00, run_after=2022-03-05 00:00:00+00:00
[2025-12-27T15:19:12.354+0000] {processor.py:183} INFO - Processing /usr/local/lib/python3.11/site-packages/airflow/example_dags/example_dynamic_task_mapping.py took 0.448 seconds
[2025-12-27T15:31:08.184+0000] {processor.py:161} INFO - Started process (PID=48) to work on /usr/local/lib/python3.11/site-packages/airflow/example_dags/example_dynamic_task_mapping.py
[2025-12-27T15:31:08.185+0000] {processor.py:830} INFO - Processing file /usr/local/lib/python3.11/site-packages/airflow/example_dags/example_dynamic_task_mapping.py for tasks to queue
[2025-12-27T15:31:08.188+0000] {logging_mixin.py:188} INFO - [2025-12-27T15:31:08.187+0000] {dagbag.py:545} INFO - Filling up the DagBag from /usr/local/lib/python3.11/site-packages/airflow/example_dags/example_dynamic_task_mapping.py
[2025-12-27T15:31:08.196+0000] {processor.py:840} INFO - DAG(s) 'example_dynamic_task_mapping' retrieved from /usr/local/lib/python3.11/site-packages/airflow/example_dags/example_dynamic_task_mapping.py
[2025-12-27T15:31:08.355+0000] {logging_mixin.py:188} INFO - [2025-12-27T15:31:08.354+0000] {dag.py:3096} INFO - Sync 1 DAGs
[2025-12-27T15:31:08.387+0000] {logging_mixin.py:188} INFO - [2025-12-27T15:31:08.387+0000] {dag.py:3954} INFO - Setting next_dagrun for example_dynamic_task_mapping to 2022-03-04 00:00:00+00:00, run_after=2022-03-05 00:00:00+00:00
[2025-12-27T15:31:08.733+0000] {processor.py:183} INFO - Processing /usr/local/lib/python3.11/site-packages/airflow/example_dags/example_dynamic_task_mapping.py took 0.563 seconds
[2025-12-27T15:32:40.662+0000] {processor.py:161} INFO - Started process (PID=100) to work on /usr/local/lib/python3.11/site-packages/airflow/example_dags/example_dynamic_task_mapping.py
[2025-12-27T15:32:40.663+0000] {processor.py:830} INFO - Processing file /usr/local/lib/python3.11/site-packages/airflow/example_dags/example_dynamic_task_mapping.py for tasks to queue
[2025-12-27T15:32:40.667+0000] {logging_mixin.py:188} INFO - [2025-12-27T15:32:40.666+0000] {dagbag.py:545} INFO - Filling up the DagBag from /usr/local/lib/python3.11/site-packages/airflow/example_dags/example_dynamic_task_mapping.py
[2025-12-27T15:32:40.676+0000] {processor.py:840} INFO - DAG(s) 'example_dynamic_task_mapping' retrieved from /usr/local/lib/python3.11/site-packages/airflow/example_dags/example_dynamic_task_mapping.py
[2025-12-27T15:32:40.704+0000] {logging_mixin.py:188} INFO - [2025-12-27T15:32:40.704+0000] {dag.py:3096} INFO - Sync 1 DAGs
[2025-12-27T15:32:40.736+0000] {logging_mixin.py:188} INFO - [2025-12-27T15:32:40.736+0000] {dag.py:3954} INFO - Setting next_dagrun for example_dynamic_task_mapping to 2022-03-04 00:00:00+00:00, run_after=2022-03-05 00:00:00+00:00
[2025-12-27T15:32:40.928+0000] {processor.py:183} INFO - Processing /usr/local/lib/python3.11/site-packages/airflow/example_dags/example_dynamic_task_mapping.py took 0.279 seconds
[2025-12-27T15:33:39.206+0000] {processor.py:161} INFO - Started process (PID=139) to work on /usr/local/lib/python3.11/site-packages/airflow/example_dags/example_dynamic_task_mapping.py
[2025-12-27T15:33:39.207+0000] {processor.py:830} INFO - Processing file /usr/local/lib/python3.11/site-packages/airflow/example_dags/example_dynamic_task_mapping.py for tasks to queue
[2025-12-27T15:33:39.212+0000] {logging_mixin.py:188} INFO - [2025-12-27T15:33:39.211+0000] {dagbag.py:545} INFO - Filling up the DagBag from /usr/local/lib/python3.11/site-packages/airflow/example_dags/example_dynamic_task_mapping.py
[2025-12-27T15:33:39.236+0000] {processor.py:840} INFO - DAG(s) 'example_dynamic_task_mapping' retrieved from /usr/local/lib/python3.11/site-packages/airflow/example_dags/example_dynamic_task_mapping.py
[2025-12-27T15:33:39.279+0000] {logging_mixin.py:188} INFO - [2025-12-27T15:33:39.278+0000] {dag.py:3096} INFO - Sync 1 DAGs
[2025-12-27T15:33:39.312+0000] {logging_mixin.py:188} INFO - [2025-12-27T15:33:39.312+0000] {dag.py:3954} INFO - Setting next_dagrun for example_dynamic_task_mapping to 2022-03-04 00:00:00+00:00, run_after=2022-03-05 00:00:00+00:00
[2025-12-27T15:33:39.510+0000] {processor.py:183} INFO - Processing /usr/local/lib/python3.11/site-packages/airflow/example_dags/example_dynamic_task_mapping.py took 0.346 seconds
[2025-12-27T15:35:14.210+0000] {processor.py:161} INFO - Started process (PID=203) to work on /usr/local/lib/python3.11/site-packages/airflow/example_dags/example_dynamic_task_mapping.py
[2025-12-27T15:35:14.211+0000] {processor.py:830} INFO - Processing file /usr/local/lib/python3.11/site-packages/airflow/example_dags/example_dynamic_task_mapping.py for tasks to queue
[2025-12-27T15:35:14.214+0000] {logging_mixin.py:188} INFO - [2025-12-27T15:35:14.213+0000] {dagbag.py:545} INFO - Filling up the DagBag from /usr/local/lib/python3.11/site-packages/airflow/example_dags/example_dynamic_task_mapping.py
[2025-12-27T15:35:14.222+0000] {processor.py:840} INFO - DAG(s) 'example_dynamic_task_mapping' retrieved from /usr/local/lib/python3.11/site-packages/airflow/example_dags/example_dynamic_task_mapping.py
[2025-12-27T15:35:14.251+0000] {logging_mixin.py:188} INFO - [2025-12-27T15:35:14.251+0000] {dag.py:3096} INFO - Sync 1 DAGs
[2025-12-27T15:35:14.283+0000] {logging_mixin.py:188} INFO - [2025-12-27T15:35:14.282+0000] {dag.py:3954} INFO - Setting next_dagrun for example_dynamic_task_mapping to 2022-03-04 00:00:00+00:00, run_after=2022-03-05 00:00:00+00:00
[2025-12-27T15:35:14.442+0000] {processor.py:183} INFO - Processing /usr/local/lib/python3.11/site-packages/airflow/example_dags/example_dynamic_task_mapping.py took 0.245 seconds
[2025-12-27T15:36:48.286+0000] {processor.py:161} INFO - Started process (PID=266) to work on /usr/local/lib/python3.11/site-packages/airflow/example_dags/example_dynamic_task_mapping.py
[2025-12-27T15:36:48.287+0000] {processor.py:830} INFO - Processing file /usr/local/lib/python3.11/site-packages/airflow/example_dags/example_dynamic_task_mapping.py for tasks to queue
[2025-12-27T15:36:48.290+0000] {logging_mixin.py:188} INFO - [2025-12-27T15:36:48.290+0000] {dagbag.py:545} INFO - Filling up the DagBag from /usr/local/lib/python3.11/site-packages/airflow/example_dags/example_dynamic_task_mapping.py
[2025-12-27T15:36:48.302+0000] {processor.py:840} INFO - DAG(s) 'example_dynamic_task_mapping' retrieved from /usr/local/lib/python3.11/site-packages/airflow/example_dags/example_dynamic_task_mapping.py
[2025-12-27T15:36:48.341+0000] {logging_mixin.py:188} INFO - [2025-12-27T15:36:48.341+0000] {dag.py:3096} INFO - Sync 1 DAGs
[2025-12-27T15:36:48.500+0000] {logging_mixin.py:188} INFO - [2025-12-27T15:36:48.500+0000] {dag.py:3954} INFO - Setting next_dagrun for example_dynamic_task_mapping to 2022-03-04 00:00:00+00:00, run_after=2022-03-05 00:00:00+00:00
[2025-12-27T15:36:48.811+0000] {processor.py:183} INFO - Processing /usr/local/lib/python3.11/site-packages/airflow/example_dags/example_dynamic_task_mapping.py took 0.541 seconds
[2025-12-27T15:38:18.132+0000] {processor.py:161} INFO - Started process (PID=328) to work on /usr/local/lib/python3.11/site-packages/airflow/example_dags/example_dynamic_task_mapping.py
[2025-12-27T15:38:18.134+0000] {processor.py:830} INFO - Processing file /usr/local/lib/python3.11/site-packages/airflow/example_dags/example_dynamic_task_mapping.py for tasks to queue
[2025-12-27T15:38:18.137+0000] {logging_mixin.py:188} INFO - [2025-12-27T15:38:18.137+0000] {dagbag.py:545} INFO - Filling up the DagBag from /usr/local/lib/python3.11/site-packages/airflow/example_dags/example_dynamic_task_mapping.py
[2025-12-27T15:38:18.150+0000] {processor.py:840} INFO - DAG(s) 'example_dynamic_task_mapping' retrieved from /usr/local/lib/python3.11/site-packages/airflow/example_dags/example_dynamic_task_mapping.py
[2025-12-27T15:38:18.186+0000] {logging_mixin.py:188} INFO - [2025-12-27T15:38:18.186+0000] {dag.py:3096} INFO - Sync 1 DAGs
[2025-12-27T15:38:18.252+0000] {logging_mixin.py:188} INFO - [2025-12-27T15:38:18.252+0000] {dag.py:3954} INFO - Setting next_dagrun for example_dynamic_task_mapping to 2022-03-04 00:00:00+00:00, run_after=2022-03-05 00:00:00+00:00
[2025-12-27T15:38:18.443+0000] {processor.py:183} INFO - Processing /usr/local/lib/python3.11/site-packages/airflow/example_dags/example_dynamic_task_mapping.py took 0.331 seconds
[2025-12-27T15:40:05.803+0000] {processor.py:161} INFO - Started process (PID=393) to work on /usr/local/lib/python3.11/site-packages/airflow/example_dags/example_dynamic_task_mapping.py
[2025-12-27T15:40:05.805+0000] {processor.py:830} INFO - Processing file /usr/local/lib/python3.11/site-packages/airflow/example_dags/example_dynamic_task_mapping.py for tasks to queue
[2025-12-27T15:40:05.807+0000] {logging_mixin.py:188} INFO - [2025-12-27T15:40:05.806+0000] {dagbag.py:545} INFO - Filling up the DagBag from /usr/local/lib/python3.11/site-packages/airflow/example_dags/example_dynamic_task_mapping.py
[2025-12-27T15:40:05.818+0000] {processor.py:840} INFO - DAG(s) 'example_dynamic_task_mapping' retrieved from /usr/local/lib/python3.11/site-packages/airflow/example_dags/example_dynamic_task_mapping.py
[2025-12-27T15:40:05.851+0000] {logging_mixin.py:188} INFO - [2025-12-27T15:40:05.851+0000] {dag.py:3096} INFO - Sync 1 DAGs
[2025-12-27T15:40:05.894+0000] {logging_mixin.py:188} INFO - [2025-12-27T15:40:05.894+0000] {dag.py:3954} INFO - Setting next_dagrun for example_dynamic_task_mapping to 2022-03-04 00:00:00+00:00, run_after=2022-03-05 00:00:00+00:00
[2025-12-27T15:40:06.153+0000] {processor.py:183} INFO - Processing /usr/local/lib/python3.11/site-packages/airflow/example_dags/example_dynamic_task_mapping.py took 0.365 seconds
[2025-12-27T15:41:43.228+0000] {processor.py:161} INFO - Started process (PID=458) to work on /usr/local/lib/python3.11/site-packages/airflow/example_dags/example_dynamic_task_mapping.py
[2025-12-27T15:41:43.229+0000] {processor.py:830} INFO - Processing file /usr/local/lib/python3.11/site-packages/airflow/example_dags/example_dynamic_task_mapping.py for tasks to queue
[2025-12-27T15:41:43.232+0000] {logging_mixin.py:188} INFO - [2025-12-27T15:41:43.231+0000] {dagbag.py:545} INFO - Filling up the DagBag from /usr/local/lib/python3.11/site-packages/airflow/example_dags/example_dynamic_task_mapping.py
[2025-12-27T15:41:43.240+0000] {processor.py:840} INFO - DAG(s) 'example_dynamic_task_mapping' retrieved from /usr/local/lib/python3.11/site-packages/airflow/example_dags/example_dynamic_task_mapping.py
[2025-12-27T15:41:43.279+0000] {logging_mixin.py:188} INFO - [2025-12-27T15:41:43.279+0000] {dag.py:3096} INFO - Sync 1 DAGs
[2025-12-27T15:41:43.316+0000] {logging_mixin.py:188} INFO - [2025-12-27T15:41:43.315+0000] {dag.py:3954} INFO - Setting next_dagrun for example_dynamic_task_mapping to 2022-03-04 00:00:00+00:00, run_after=2022-03-05 00:00:00+00:00
[2025-12-27T15:41:43.539+0000] {processor.py:183} INFO - Processing /usr/local/lib/python3.11/site-packages/airflow/example_dags/example_dynamic_task_mapping.py took 0.325 seconds
[2025-12-27T15:44:04.926+0000] {processor.py:161} INFO - Started process (PID=52) to work on /usr/local/lib/python3.11/site-packages/airflow/example_dags/example_dynamic_task_mapping.py
[2025-12-27T15:44:04.928+0000] {processor.py:830} INFO - Processing file /usr/local/lib/python3.11/site-packages/airflow/example_dags/example_dynamic_task_mapping.py for tasks to queue
[2025-12-27T15:44:04.931+0000] {logging_mixin.py:188} INFO - [2025-12-27T15:44:04.930+0000] {dagbag.py:545} INFO - Filling up the DagBag from /usr/local/lib/python3.11/site-packages/airflow/example_dags/example_dynamic_task_mapping.py
[2025-12-27T15:44:04.940+0000] {processor.py:840} INFO - DAG(s) 'example_dynamic_task_mapping' retrieved from /usr/local/lib/python3.11/site-packages/airflow/example_dags/example_dynamic_task_mapping.py
[2025-12-27T15:44:05.089+0000] {logging_mixin.py:188} INFO - [2025-12-27T15:44:05.089+0000] {dag.py:3096} INFO - Sync 1 DAGs
[2025-12-27T15:44:05.117+0000] {logging_mixin.py:188} INFO - [2025-12-27T15:44:05.117+0000] {dag.py:3954} INFO - Setting next_dagrun for example_dynamic_task_mapping to 2022-03-04 00:00:00+00:00, run_after=2022-03-05 00:00:00+00:00
[2025-12-27T15:44:05.323+0000] {processor.py:183} INFO - Processing /usr/local/lib/python3.11/site-packages/airflow/example_dags/example_dynamic_task_mapping.py took 0.416 seconds
[2025-12-27T15:45:25.192+0000] {processor.py:161} INFO - Started process (PID=104) to work on /usr/local/lib/python3.11/site-packages/airflow/example_dags/example_dynamic_task_mapping.py
[2025-12-27T15:45:25.194+0000] {processor.py:830} INFO - Processing file /usr/local/lib/python3.11/site-packages/airflow/example_dags/example_dynamic_task_mapping.py for tasks to queue
[2025-12-27T15:45:25.197+0000] {logging_mixin.py:188} INFO - [2025-12-27T15:45:25.197+0000] {dagbag.py:545} INFO - Filling up the DagBag from /usr/local/lib/python3.11/site-packages/airflow/example_dags/example_dynamic_task_mapping.py
[2025-12-27T15:45:25.205+0000] {processor.py:840} INFO - DAG(s) 'example_dynamic_task_mapping' retrieved from /usr/local/lib/python3.11/site-packages/airflow/example_dags/example_dynamic_task_mapping.py
[2025-12-27T15:45:25.238+0000] {logging_mixin.py:188} INFO - [2025-12-27T15:45:25.238+0000] {dag.py:3096} INFO - Sync 1 DAGs
[2025-12-27T15:45:25.270+0000] {logging_mixin.py:188} INFO - [2025-12-27T15:45:25.270+0000] {dag.py:3954} INFO - Setting next_dagrun for example_dynamic_task_mapping to 2022-03-04 00:00:00+00:00, run_after=2022-03-05 00:00:00+00:00
[2025-12-27T15:45:25.436+0000] {processor.py:183} INFO - Processing /usr/local/lib/python3.11/site-packages/airflow/example_dags/example_dynamic_task_mapping.py took 0.256 seconds
[2025-12-27T15:47:06.489+0000] {processor.py:161} INFO - Started process (PID=193) to work on /usr/local/lib/python3.11/site-packages/airflow/example_dags/example_dynamic_task_mapping.py
[2025-12-27T15:47:06.490+0000] {processor.py:830} INFO - Processing file /usr/local/lib/python3.11/site-packages/airflow/example_dags/example_dynamic_task_mapping.py for tasks to queue
[2025-12-27T15:47:06.494+0000] {logging_mixin.py:188} INFO - [2025-12-27T15:47:06.493+0000] {dagbag.py:545} INFO - Filling up the DagBag from /usr/local/lib/python3.11/site-packages/airflow/example_dags/example_dynamic_task_mapping.py
[2025-12-27T15:47:06.506+0000] {processor.py:840} INFO - DAG(s) 'example_dynamic_task_mapping' retrieved from /usr/local/lib/python3.11/site-packages/airflow/example_dags/example_dynamic_task_mapping.py
[2025-12-27T15:47:06.549+0000] {logging_mixin.py:188} INFO - [2025-12-27T15:47:06.549+0000] {dag.py:3096} INFO - Sync 1 DAGs
[2025-12-27T15:47:06.591+0000] {logging_mixin.py:188} INFO - [2025-12-27T15:47:06.590+0000] {dag.py:3954} INFO - Setting next_dagrun for example_dynamic_task_mapping to 2022-03-04 00:00:00+00:00, run_after=2022-03-05 00:00:00+00:00
[2025-12-27T15:47:06.796+0000] {processor.py:183} INFO - Processing /usr/local/lib/python3.11/site-packages/airflow/example_dags/example_dynamic_task_mapping.py took 0.326 seconds
[2025-12-27T15:48:42.392+0000] {processor.py:161} INFO - Started process (PID=268) to work on /usr/local/lib/python3.11/site-packages/airflow/example_dags/example_dynamic_task_mapping.py
[2025-12-27T15:48:42.395+0000] {processor.py:830} INFO - Processing file /usr/local/lib/python3.11/site-packages/airflow/example_dags/example_dynamic_task_mapping.py for tasks to queue
[2025-12-27T15:48:42.402+0000] {logging_mixin.py:188} INFO - [2025-12-27T15:48:42.401+0000] {dagbag.py:545} INFO - Filling up the DagBag from /usr/local/lib/python3.11/site-packages/airflow/example_dags/example_dynamic_task_mapping.py
[2025-12-27T15:48:42.416+0000] {processor.py:840} INFO - DAG(s) 'example_dynamic_task_mapping' retrieved from /usr/local/lib/python3.11/site-packages/airflow/example_dags/example_dynamic_task_mapping.py
[2025-12-27T15:48:42.684+0000] {logging_mixin.py:188} INFO - [2025-12-27T15:48:42.683+0000] {dag.py:3096} INFO - Sync 1 DAGs
[2025-12-27T15:48:42.722+0000] {logging_mixin.py:188} INFO - [2025-12-27T15:48:42.721+0000] {dag.py:3954} INFO - Setting next_dagrun for example_dynamic_task_mapping to 2022-03-04 00:00:00+00:00, run_after=2022-03-05 00:00:00+00:00
[2025-12-27T15:48:42.905+0000] {processor.py:183} INFO - Processing /usr/local/lib/python3.11/site-packages/airflow/example_dags/example_dynamic_task_mapping.py took 0.531 seconds
[2025-12-27T15:50:16.493+0000] {processor.py:161} INFO - Started process (PID=334) to work on /usr/local/lib/python3.11/site-packages/airflow/example_dags/example_dynamic_task_mapping.py
[2025-12-27T15:50:16.494+0000] {processor.py:830} INFO - Processing file /usr/local/lib/python3.11/site-packages/airflow/example_dags/example_dynamic_task_mapping.py for tasks to queue
[2025-12-27T15:50:16.497+0000] {logging_mixin.py:188} INFO - [2025-12-27T15:50:16.496+0000] {dagbag.py:545} INFO - Filling up the DagBag from /usr/local/lib/python3.11/site-packages/airflow/example_dags/example_dynamic_task_mapping.py
[2025-12-27T15:50:16.505+0000] {processor.py:840} INFO - DAG(s) 'example_dynamic_task_mapping' retrieved from /usr/local/lib/python3.11/site-packages/airflow/example_dags/example_dynamic_task_mapping.py
[2025-12-27T15:50:16.644+0000] {logging_mixin.py:188} INFO - [2025-12-27T15:50:16.644+0000] {dag.py:3096} INFO - Sync 1 DAGs
[2025-12-27T15:50:16.671+0000] {logging_mixin.py:188} INFO - [2025-12-27T15:50:16.671+0000] {dag.py:3954} INFO - Setting next_dagrun for example_dynamic_task_mapping to 2022-03-04 00:00:00+00:00, run_after=2022-03-05 00:00:00+00:00
[2025-12-27T15:50:17.004+0000] {processor.py:183} INFO - Processing /usr/local/lib/python3.11/site-packages/airflow/example_dags/example_dynamic_task_mapping.py took 0.525 seconds
[2025-12-27T15:51:48.836+0000] {processor.py:161} INFO - Started process (PID=410) to work on /usr/local/lib/python3.11/site-packages/airflow/example_dags/example_dynamic_task_mapping.py
[2025-12-27T15:51:48.837+0000] {processor.py:830} INFO - Processing file /usr/local/lib/python3.11/site-packages/airflow/example_dags/example_dynamic_task_mapping.py for tasks to queue
[2025-12-27T15:51:48.840+0000] {logging_mixin.py:188} INFO - [2025-12-27T15:51:48.839+0000] {dagbag.py:545} INFO - Filling up the DagBag from /usr/local/lib/python3.11/site-packages/airflow/example_dags/example_dynamic_task_mapping.py
[2025-12-27T15:51:48.854+0000] {processor.py:840} INFO - DAG(s) 'example_dynamic_task_mapping' retrieved from /usr/local/lib/python3.11/site-packages/airflow/example_dags/example_dynamic_task_mapping.py
[2025-12-27T15:51:48.893+0000] {logging_mixin.py:188} INFO - [2025-12-27T15:51:48.892+0000] {dag.py:3096} INFO - Sync 1 DAGs
[2025-12-27T15:51:48.926+0000] {logging_mixin.py:188} INFO - [2025-12-27T15:51:48.926+0000] {dag.py:3954} INFO - Setting next_dagrun for example_dynamic_task_mapping to 2022-03-04 00:00:00+00:00, run_after=2022-03-05 00:00:00+00:00
[2025-12-27T15:51:49.130+0000] {processor.py:183} INFO - Processing /usr/local/lib/python3.11/site-packages/airflow/example_dags/example_dynamic_task_mapping.py took 0.312 seconds
[2025-12-27T15:53:20.709+0000] {processor.py:161} INFO - Started process (PID=491) to work on /usr/local/lib/python3.11/site-packages/airflow/example_dags/example_dynamic_task_mapping.py
[2025-12-27T15:53:20.710+0000] {processor.py:830} INFO - Processing file /usr/local/lib/python3.11/site-packages/airflow/example_dags/example_dynamic_task_mapping.py for tasks to queue
[2025-12-27T15:53:20.712+0000] {logging_mixin.py:188} INFO - [2025-12-27T15:53:20.712+0000] {dagbag.py:545} INFO - Filling up the DagBag from /usr/local/lib/python3.11/site-packages/airflow/example_dags/example_dynamic_task_mapping.py
[2025-12-27T15:53:20.729+0000] {processor.py:840} INFO - DAG(s) 'example_dynamic_task_mapping' retrieved from /usr/local/lib/python3.11/site-packages/airflow/example_dags/example_dynamic_task_mapping.py
[2025-12-27T15:53:20.770+0000] {logging_mixin.py:188} INFO - [2025-12-27T15:53:20.770+0000] {dag.py:3096} INFO - Sync 1 DAGs
[2025-12-27T15:53:20.842+0000] {logging_mixin.py:188} INFO - [2025-12-27T15:53:20.842+0000] {dag.py:3954} INFO - Setting next_dagrun for example_dynamic_task_mapping to 2022-03-04 00:00:00+00:00, run_after=2022-03-05 00:00:00+00:00
[2025-12-27T15:53:21.038+0000] {processor.py:183} INFO - Processing /usr/local/lib/python3.11/site-packages/airflow/example_dags/example_dynamic_task_mapping.py took 0.343 seconds
[2025-12-27T15:54:52.751+0000] {processor.py:161} INFO - Started process (PID=561) to work on /usr/local/lib/python3.11/site-packages/airflow/example_dags/example_dynamic_task_mapping.py
[2025-12-27T15:54:52.752+0000] {processor.py:830} INFO - Processing file /usr/local/lib/python3.11/site-packages/airflow/example_dags/example_dynamic_task_mapping.py for tasks to queue
[2025-12-27T15:54:52.755+0000] {logging_mixin.py:188} INFO - [2025-12-27T15:54:52.755+0000] {dagbag.py:545} INFO - Filling up the DagBag from /usr/local/lib/python3.11/site-packages/airflow/example_dags/example_dynamic_task_mapping.py
[2025-12-27T15:54:52.765+0000] {processor.py:840} INFO - DAG(s) 'example_dynamic_task_mapping' retrieved from /usr/local/lib/python3.11/site-packages/airflow/example_dags/example_dynamic_task_mapping.py
[2025-12-27T15:54:52.951+0000] {logging_mixin.py:188} INFO - [2025-12-27T15:54:52.951+0000] {dag.py:3096} INFO - Sync 1 DAGs
[2025-12-27T15:54:52.993+0000] {logging_mixin.py:188} INFO - [2025-12-27T15:54:52.993+0000] {dag.py:3954} INFO - Setting next_dagrun for example_dynamic_task_mapping to 2022-03-04 00:00:00+00:00, run_after=2022-03-05 00:00:00+00:00
[2025-12-27T15:54:53.161+0000] {processor.py:183} INFO - Processing /usr/local/lib/python3.11/site-packages/airflow/example_dags/example_dynamic_task_mapping.py took 0.429 seconds
[2025-12-27T15:56:26.175+0000] {processor.py:161} INFO - Started process (PID=631) to work on /usr/local/lib/python3.11/site-packages/airflow/example_dags/example_dynamic_task_mapping.py
[2025-12-27T15:56:26.177+0000] {processor.py:830} INFO - Processing file /usr/local/lib/python3.11/site-packages/airflow/example_dags/example_dynamic_task_mapping.py for tasks to queue
[2025-12-27T15:56:26.180+0000] {logging_mixin.py:188} INFO - [2025-12-27T15:56:26.180+0000] {dagbag.py:545} INFO - Filling up the DagBag from /usr/local/lib/python3.11/site-packages/airflow/example_dags/example_dynamic_task_mapping.py
[2025-12-27T15:56:26.192+0000] {processor.py:840} INFO - DAG(s) 'example_dynamic_task_mapping' retrieved from /usr/local/lib/python3.11/site-packages/airflow/example_dags/example_dynamic_task_mapping.py
[2025-12-27T15:56:26.233+0000] {logging_mixin.py:188} INFO - [2025-12-27T15:56:26.232+0000] {dag.py:3096} INFO - Sync 1 DAGs
[2025-12-27T15:56:26.270+0000] {logging_mixin.py:188} INFO - [2025-12-27T15:56:26.270+0000] {dag.py:3954} INFO - Setting next_dagrun for example_dynamic_task_mapping to 2022-03-04 00:00:00+00:00, run_after=2022-03-05 00:00:00+00:00
[2025-12-27T15:56:26.527+0000] {processor.py:183} INFO - Processing /usr/local/lib/python3.11/site-packages/airflow/example_dags/example_dynamic_task_mapping.py took 0.370 seconds
[2025-12-27T15:57:56.110+0000] {processor.py:161} INFO - Started process (PID=693) to work on /usr/local/lib/python3.11/site-packages/airflow/example_dags/example_dynamic_task_mapping.py
[2025-12-27T15:57:56.112+0000] {processor.py:830} INFO - Processing file /usr/local/lib/python3.11/site-packages/airflow/example_dags/example_dynamic_task_mapping.py for tasks to queue
[2025-12-27T15:57:56.114+0000] {logging_mixin.py:188} INFO - [2025-12-27T15:57:56.114+0000] {dagbag.py:545} INFO - Filling up the DagBag from /usr/local/lib/python3.11/site-packages/airflow/example_dags/example_dynamic_task_mapping.py
[2025-12-27T15:57:56.123+0000] {processor.py:840} INFO - DAG(s) 'example_dynamic_task_mapping' retrieved from /usr/local/lib/python3.11/site-packages/airflow/example_dags/example_dynamic_task_mapping.py
[2025-12-27T15:57:56.158+0000] {logging_mixin.py:188} INFO - [2025-12-27T15:57:56.158+0000] {dag.py:3096} INFO - Sync 1 DAGs
[2025-12-27T15:57:56.191+0000] {logging_mixin.py:188} INFO - [2025-12-27T15:57:56.191+0000] {dag.py:3954} INFO - Setting next_dagrun for example_dynamic_task_mapping to 2022-03-04 00:00:00+00:00, run_after=2022-03-05 00:00:00+00:00
[2025-12-27T15:57:56.534+0000] {processor.py:183} INFO - Processing /usr/local/lib/python3.11/site-packages/airflow/example_dags/example_dynamic_task_mapping.py took 0.436 seconds
[2025-12-27T15:59:39.165+0000] {processor.py:161} INFO - Started process (PID=756) to work on /usr/local/lib/python3.11/site-packages/airflow/example_dags/example_dynamic_task_mapping.py
[2025-12-27T15:59:39.167+0000] {processor.py:830} INFO - Processing file /usr/local/lib/python3.11/site-packages/airflow/example_dags/example_dynamic_task_mapping.py for tasks to queue
[2025-12-27T15:59:39.178+0000] {logging_mixin.py:188} INFO - [2025-12-27T15:59:39.178+0000] {dagbag.py:545} INFO - Filling up the DagBag from /usr/local/lib/python3.11/site-packages/airflow/example_dags/example_dynamic_task_mapping.py
[2025-12-27T15:59:39.207+0000] {processor.py:840} INFO - DAG(s) 'example_dynamic_task_mapping' retrieved from /usr/local/lib/python3.11/site-packages/airflow/example_dags/example_dynamic_task_mapping.py
[2025-12-27T15:59:39.328+0000] {logging_mixin.py:188} INFO - [2025-12-27T15:59:39.328+0000] {dag.py:3096} INFO - Sync 1 DAGs
[2025-12-27T15:59:39.415+0000] {logging_mixin.py:188} INFO - [2025-12-27T15:59:39.413+0000] {dag.py:3954} INFO - Setting next_dagrun for example_dynamic_task_mapping to 2022-03-04 00:00:00+00:00, run_after=2022-03-05 00:00:00+00:00
[2025-12-27T15:59:39.701+0000] {processor.py:183} INFO - Processing /usr/local/lib/python3.11/site-packages/airflow/example_dags/example_dynamic_task_mapping.py took 0.584 seconds
[2025-12-27T16:01:28.597+0000] {processor.py:161} INFO - Started process (PID=825) to work on /usr/local/lib/python3.11/site-packages/airflow/example_dags/example_dynamic_task_mapping.py
[2025-12-27T16:01:28.598+0000] {processor.py:830} INFO - Processing file /usr/local/lib/python3.11/site-packages/airflow/example_dags/example_dynamic_task_mapping.py for tasks to queue
[2025-12-27T16:01:28.600+0000] {logging_mixin.py:188} INFO - [2025-12-27T16:01:28.600+0000] {dagbag.py:545} INFO - Filling up the DagBag from /usr/local/lib/python3.11/site-packages/airflow/example_dags/example_dynamic_task_mapping.py
[2025-12-27T16:01:28.609+0000] {processor.py:840} INFO - DAG(s) 'example_dynamic_task_mapping' retrieved from /usr/local/lib/python3.11/site-packages/airflow/example_dags/example_dynamic_task_mapping.py
[2025-12-27T16:01:28.648+0000] {logging_mixin.py:188} INFO - [2025-12-27T16:01:28.648+0000] {dag.py:3096} INFO - Sync 1 DAGs
[2025-12-27T16:01:28.699+0000] {logging_mixin.py:188} INFO - [2025-12-27T16:01:28.698+0000] {dag.py:3954} INFO - Setting next_dagrun for example_dynamic_task_mapping to 2022-03-04 00:00:00+00:00, run_after=2022-03-05 00:00:00+00:00
[2025-12-27T16:01:28.882+0000] {processor.py:183} INFO - Processing /usr/local/lib/python3.11/site-packages/airflow/example_dags/example_dynamic_task_mapping.py took 0.300 seconds
