[2025-12-27T13:47:15.307+0000] {processor.py:161} INFO - Started process (PID=76) to work on /usr/local/lib/python3.11/site-packages/airflow/example_dags/example_task_group_decorator.py
[2025-12-27T13:47:15.308+0000] {processor.py:830} INFO - Processing file /usr/local/lib/python3.11/site-packages/airflow/example_dags/example_task_group_decorator.py for tasks to queue
[2025-12-27T13:47:15.310+0000] {logging_mixin.py:188} INFO - [2025-12-27T13:47:15.310+0000] {dagbag.py:545} INFO - Filling up the DagBag from /usr/local/lib/python3.11/site-packages/airflow/example_dags/example_task_group_decorator.py
[2025-12-27T13:47:15.328+0000] {processor.py:840} INFO - DAG(s) 'example_task_group_decorator' retrieved from /usr/local/lib/python3.11/site-packages/airflow/example_dags/example_task_group_decorator.py
[2025-12-27T13:47:15.759+0000] {logging_mixin.py:188} INFO - [2025-12-27T13:47:15.759+0000] {override.py:1930} INFO - Created Permission View: can edit on DAG:example_task_group_decorator
[2025-12-27T13:47:15.893+0000] {logging_mixin.py:188} INFO - [2025-12-27T13:47:15.892+0000] {override.py:1930} INFO - Created Permission View: can read on DAG:example_task_group_decorator
[2025-12-27T13:47:16.205+0000] {logging_mixin.py:188} INFO - [2025-12-27T13:47:16.204+0000] {override.py:1930} INFO - Created Permission View: can delete on DAG:example_task_group_decorator
[2025-12-27T13:47:16.208+0000] {logging_mixin.py:188} INFO - [2025-12-27T13:47:16.207+0000] {dag.py:3096} INFO - Sync 1 DAGs
[2025-12-27T13:47:16.247+0000] {logging_mixin.py:188} INFO - [2025-12-27T13:47:16.247+0000] {dag.py:3118} INFO - Creating ORM DAG for example_task_group_decorator
[2025-12-27T13:47:16.262+0000] {logging_mixin.py:188} INFO - [2025-12-27T13:47:16.262+0000] {dag.py:3954} INFO - Setting next_dagrun for example_task_group_decorator to 2025-12-26 00:00:00+00:00, run_after=2025-12-27 00:00:00+00:00
[2025-12-27T13:47:16.501+0000] {processor.py:183} INFO - Processing /usr/local/lib/python3.11/site-packages/airflow/example_dags/example_task_group_decorator.py took 1.207 seconds
[2025-12-27T13:48:58.888+0000] {processor.py:161} INFO - Started process (PID=144) to work on /usr/local/lib/python3.11/site-packages/airflow/example_dags/example_task_group_decorator.py
[2025-12-27T13:48:58.890+0000] {processor.py:830} INFO - Processing file /usr/local/lib/python3.11/site-packages/airflow/example_dags/example_task_group_decorator.py for tasks to queue
[2025-12-27T13:48:58.893+0000] {logging_mixin.py:188} INFO - [2025-12-27T13:48:58.893+0000] {dagbag.py:545} INFO - Filling up the DagBag from /usr/local/lib/python3.11/site-packages/airflow/example_dags/example_task_group_decorator.py
[2025-12-27T13:48:58.918+0000] {processor.py:840} INFO - DAG(s) 'example_task_group_decorator' retrieved from /usr/local/lib/python3.11/site-packages/airflow/example_dags/example_task_group_decorator.py
[2025-12-27T13:48:58.972+0000] {logging_mixin.py:188} INFO - [2025-12-27T13:48:58.972+0000] {dag.py:3096} INFO - Sync 1 DAGs
[2025-12-27T13:48:59.166+0000] {logging_mixin.py:188} INFO - [2025-12-27T13:48:59.166+0000] {dag.py:3954} INFO - Setting next_dagrun for example_task_group_decorator to 2025-12-26 00:00:00+00:00, run_after=2025-12-27 00:00:00+00:00
[2025-12-27T13:48:59.376+0000] {processor.py:183} INFO - Processing /usr/local/lib/python3.11/site-packages/airflow/example_dags/example_task_group_decorator.py took 0.507 seconds
[2025-12-27T13:50:35.797+0000] {processor.py:161} INFO - Started process (PID=209) to work on /usr/local/lib/python3.11/site-packages/airflow/example_dags/example_task_group_decorator.py
[2025-12-27T13:50:35.798+0000] {processor.py:830} INFO - Processing file /usr/local/lib/python3.11/site-packages/airflow/example_dags/example_task_group_decorator.py for tasks to queue
[2025-12-27T13:50:35.800+0000] {logging_mixin.py:188} INFO - [2025-12-27T13:50:35.800+0000] {dagbag.py:545} INFO - Filling up the DagBag from /usr/local/lib/python3.11/site-packages/airflow/example_dags/example_task_group_decorator.py
[2025-12-27T13:50:35.817+0000] {processor.py:840} INFO - DAG(s) 'example_task_group_decorator' retrieved from /usr/local/lib/python3.11/site-packages/airflow/example_dags/example_task_group_decorator.py
[2025-12-27T13:50:35.853+0000] {logging_mixin.py:188} INFO - [2025-12-27T13:50:35.853+0000] {dag.py:3096} INFO - Sync 1 DAGs
[2025-12-27T13:50:35.885+0000] {logging_mixin.py:188} INFO - [2025-12-27T13:50:35.885+0000] {dag.py:3954} INFO - Setting next_dagrun for example_task_group_decorator to 2025-12-26 00:00:00+00:00, run_after=2025-12-27 00:00:00+00:00
[2025-12-27T13:50:36.077+0000] {processor.py:183} INFO - Processing /usr/local/lib/python3.11/site-packages/airflow/example_dags/example_task_group_decorator.py took 0.294 seconds
[2025-12-27T13:51:59.086+0000] {processor.py:161} INFO - Started process (PID=270) to work on /usr/local/lib/python3.11/site-packages/airflow/example_dags/example_task_group_decorator.py
[2025-12-27T13:51:59.088+0000] {processor.py:830} INFO - Processing file /usr/local/lib/python3.11/site-packages/airflow/example_dags/example_task_group_decorator.py for tasks to queue
[2025-12-27T13:51:59.090+0000] {logging_mixin.py:188} INFO - [2025-12-27T13:51:59.090+0000] {dagbag.py:545} INFO - Filling up the DagBag from /usr/local/lib/python3.11/site-packages/airflow/example_dags/example_task_group_decorator.py
[2025-12-27T13:51:59.111+0000] {processor.py:840} INFO - DAG(s) 'example_task_group_decorator' retrieved from /usr/local/lib/python3.11/site-packages/airflow/example_dags/example_task_group_decorator.py
[2025-12-27T13:51:59.168+0000] {logging_mixin.py:188} INFO - [2025-12-27T13:51:59.168+0000] {dag.py:3096} INFO - Sync 1 DAGs
[2025-12-27T13:51:59.203+0000] {logging_mixin.py:188} INFO - [2025-12-27T13:51:59.202+0000] {dag.py:3954} INFO - Setting next_dagrun for example_task_group_decorator to 2025-12-26 00:00:00+00:00, run_after=2025-12-27 00:00:00+00:00
[2025-12-27T13:51:59.473+0000] {processor.py:183} INFO - Processing /usr/local/lib/python3.11/site-packages/airflow/example_dags/example_task_group_decorator.py took 0.402 seconds
[2025-12-27T13:53:20.862+0000] {processor.py:161} INFO - Started process (PID=329) to work on /usr/local/lib/python3.11/site-packages/airflow/example_dags/example_task_group_decorator.py
[2025-12-27T13:53:20.863+0000] {processor.py:830} INFO - Processing file /usr/local/lib/python3.11/site-packages/airflow/example_dags/example_task_group_decorator.py for tasks to queue
[2025-12-27T13:53:20.865+0000] {logging_mixin.py:188} INFO - [2025-12-27T13:53:20.865+0000] {dagbag.py:545} INFO - Filling up the DagBag from /usr/local/lib/python3.11/site-packages/airflow/example_dags/example_task_group_decorator.py
[2025-12-27T13:53:20.882+0000] {processor.py:840} INFO - DAG(s) 'example_task_group_decorator' retrieved from /usr/local/lib/python3.11/site-packages/airflow/example_dags/example_task_group_decorator.py
[2025-12-27T13:53:20.921+0000] {logging_mixin.py:188} INFO - [2025-12-27T13:53:20.920+0000] {dag.py:3096} INFO - Sync 1 DAGs
[2025-12-27T13:53:20.989+0000] {logging_mixin.py:188} INFO - [2025-12-27T13:53:20.988+0000] {dag.py:3954} INFO - Setting next_dagrun for example_task_group_decorator to 2025-12-26 00:00:00+00:00, run_after=2025-12-27 00:00:00+00:00
[2025-12-27T13:53:21.219+0000] {processor.py:183} INFO - Processing /usr/local/lib/python3.11/site-packages/airflow/example_dags/example_task_group_decorator.py took 0.371 seconds
[2025-12-27T13:54:45.044+0000] {processor.py:161} INFO - Started process (PID=391) to work on /usr/local/lib/python3.11/site-packages/airflow/example_dags/example_task_group_decorator.py
[2025-12-27T13:54:45.046+0000] {processor.py:830} INFO - Processing file /usr/local/lib/python3.11/site-packages/airflow/example_dags/example_task_group_decorator.py for tasks to queue
[2025-12-27T13:54:45.050+0000] {logging_mixin.py:188} INFO - [2025-12-27T13:54:45.049+0000] {dagbag.py:545} INFO - Filling up the DagBag from /usr/local/lib/python3.11/site-packages/airflow/example_dags/example_task_group_decorator.py
[2025-12-27T13:54:45.096+0000] {processor.py:840} INFO - DAG(s) 'example_task_group_decorator' retrieved from /usr/local/lib/python3.11/site-packages/airflow/example_dags/example_task_group_decorator.py
[2025-12-27T13:54:45.338+0000] {logging_mixin.py:188} INFO - [2025-12-27T13:54:45.338+0000] {dag.py:3096} INFO - Sync 1 DAGs
[2025-12-27T13:54:45.370+0000] {logging_mixin.py:188} INFO - [2025-12-27T13:54:45.370+0000] {dag.py:3954} INFO - Setting next_dagrun for example_task_group_decorator to 2025-12-26 00:00:00+00:00, run_after=2025-12-27 00:00:00+00:00
[2025-12-27T13:54:45.575+0000] {processor.py:183} INFO - Processing /usr/local/lib/python3.11/site-packages/airflow/example_dags/example_task_group_decorator.py took 0.560 seconds
[2025-12-27T13:56:09.921+0000] {processor.py:161} INFO - Started process (PID=452) to work on /usr/local/lib/python3.11/site-packages/airflow/example_dags/example_task_group_decorator.py
[2025-12-27T13:56:09.922+0000] {processor.py:830} INFO - Processing file /usr/local/lib/python3.11/site-packages/airflow/example_dags/example_task_group_decorator.py for tasks to queue
[2025-12-27T13:56:09.924+0000] {logging_mixin.py:188} INFO - [2025-12-27T13:56:09.924+0000] {dagbag.py:545} INFO - Filling up the DagBag from /usr/local/lib/python3.11/site-packages/airflow/example_dags/example_task_group_decorator.py
[2025-12-27T13:56:09.941+0000] {processor.py:840} INFO - DAG(s) 'example_task_group_decorator' retrieved from /usr/local/lib/python3.11/site-packages/airflow/example_dags/example_task_group_decorator.py
[2025-12-27T13:56:09.980+0000] {logging_mixin.py:188} INFO - [2025-12-27T13:56:09.980+0000] {dag.py:3096} INFO - Sync 1 DAGs
[2025-12-27T13:56:10.013+0000] {logging_mixin.py:188} INFO - [2025-12-27T13:56:10.013+0000] {dag.py:3954} INFO - Setting next_dagrun for example_task_group_decorator to 2025-12-26 00:00:00+00:00, run_after=2025-12-27 00:00:00+00:00
[2025-12-27T13:56:10.188+0000] {processor.py:183} INFO - Processing /usr/local/lib/python3.11/site-packages/airflow/example_dags/example_task_group_decorator.py took 0.282 seconds
[2025-12-27T13:57:38.136+0000] {processor.py:161} INFO - Started process (PID=514) to work on /usr/local/lib/python3.11/site-packages/airflow/example_dags/example_task_group_decorator.py
[2025-12-27T13:57:38.137+0000] {processor.py:830} INFO - Processing file /usr/local/lib/python3.11/site-packages/airflow/example_dags/example_task_group_decorator.py for tasks to queue
[2025-12-27T13:57:38.140+0000] {logging_mixin.py:188} INFO - [2025-12-27T13:57:38.139+0000] {dagbag.py:545} INFO - Filling up the DagBag from /usr/local/lib/python3.11/site-packages/airflow/example_dags/example_task_group_decorator.py
[2025-12-27T13:57:38.161+0000] {processor.py:840} INFO - DAG(s) 'example_task_group_decorator' retrieved from /usr/local/lib/python3.11/site-packages/airflow/example_dags/example_task_group_decorator.py
[2025-12-27T13:57:38.202+0000] {logging_mixin.py:188} INFO - [2025-12-27T13:57:38.201+0000] {dag.py:3096} INFO - Sync 1 DAGs
[2025-12-27T13:57:38.230+0000] {logging_mixin.py:188} INFO - [2025-12-27T13:57:38.230+0000] {dag.py:3954} INFO - Setting next_dagrun for example_task_group_decorator to 2025-12-26 00:00:00+00:00, run_after=2025-12-27 00:00:00+00:00
[2025-12-27T13:57:38.415+0000] {processor.py:183} INFO - Processing /usr/local/lib/python3.11/site-packages/airflow/example_dags/example_task_group_decorator.py took 0.299 seconds
[2025-12-27T13:59:01.012+0000] {processor.py:161} INFO - Started process (PID=574) to work on /usr/local/lib/python3.11/site-packages/airflow/example_dags/example_task_group_decorator.py
[2025-12-27T13:59:01.014+0000] {processor.py:830} INFO - Processing file /usr/local/lib/python3.11/site-packages/airflow/example_dags/example_task_group_decorator.py for tasks to queue
[2025-12-27T13:59:01.017+0000] {logging_mixin.py:188} INFO - [2025-12-27T13:59:01.016+0000] {dagbag.py:545} INFO - Filling up the DagBag from /usr/local/lib/python3.11/site-packages/airflow/example_dags/example_task_group_decorator.py
[2025-12-27T13:59:01.044+0000] {processor.py:840} INFO - DAG(s) 'example_task_group_decorator' retrieved from /usr/local/lib/python3.11/site-packages/airflow/example_dags/example_task_group_decorator.py
[2025-12-27T13:59:01.089+0000] {logging_mixin.py:188} INFO - [2025-12-27T13:59:01.089+0000] {dag.py:3096} INFO - Sync 1 DAGs
[2025-12-27T13:59:01.122+0000] {logging_mixin.py:188} INFO - [2025-12-27T13:59:01.122+0000] {dag.py:3954} INFO - Setting next_dagrun for example_task_group_decorator to 2025-12-26 00:00:00+00:00, run_after=2025-12-27 00:00:00+00:00
[2025-12-27T13:59:01.379+0000] {processor.py:183} INFO - Processing /usr/local/lib/python3.11/site-packages/airflow/example_dags/example_task_group_decorator.py took 0.389 seconds
[2025-12-27T14:00:32.366+0000] {processor.py:161} INFO - Started process (PID=635) to work on /usr/local/lib/python3.11/site-packages/airflow/example_dags/example_task_group_decorator.py
[2025-12-27T14:00:32.368+0000] {processor.py:830} INFO - Processing file /usr/local/lib/python3.11/site-packages/airflow/example_dags/example_task_group_decorator.py for tasks to queue
[2025-12-27T14:00:32.372+0000] {logging_mixin.py:188} INFO - [2025-12-27T14:00:32.372+0000] {dagbag.py:545} INFO - Filling up the DagBag from /usr/local/lib/python3.11/site-packages/airflow/example_dags/example_task_group_decorator.py
[2025-12-27T14:00:32.389+0000] {processor.py:840} INFO - DAG(s) 'example_task_group_decorator' retrieved from /usr/local/lib/python3.11/site-packages/airflow/example_dags/example_task_group_decorator.py
[2025-12-27T14:00:32.426+0000] {logging_mixin.py:188} INFO - [2025-12-27T14:00:32.426+0000] {dag.py:3096} INFO - Sync 1 DAGs
[2025-12-27T14:00:32.457+0000] {logging_mixin.py:188} INFO - [2025-12-27T14:00:32.457+0000] {dag.py:3954} INFO - Setting next_dagrun for example_task_group_decorator to 2025-12-26 00:00:00+00:00, run_after=2025-12-27 00:00:00+00:00
[2025-12-27T14:00:32.989+0000] {processor.py:183} INFO - Processing /usr/local/lib/python3.11/site-packages/airflow/example_dags/example_task_group_decorator.py took 0.637 seconds
[2025-12-27T14:03:00.285+0000] {processor.py:161} INFO - Started process (PID=714) to work on /usr/local/lib/python3.11/site-packages/airflow/example_dags/example_task_group_decorator.py
[2025-12-27T14:03:00.286+0000] {processor.py:830} INFO - Processing file /usr/local/lib/python3.11/site-packages/airflow/example_dags/example_task_group_decorator.py for tasks to queue
[2025-12-27T14:03:00.289+0000] {logging_mixin.py:188} INFO - [2025-12-27T14:03:00.288+0000] {dagbag.py:545} INFO - Filling up the DagBag from /usr/local/lib/python3.11/site-packages/airflow/example_dags/example_task_group_decorator.py
[2025-12-27T14:03:00.310+0000] {processor.py:840} INFO - DAG(s) 'example_task_group_decorator' retrieved from /usr/local/lib/python3.11/site-packages/airflow/example_dags/example_task_group_decorator.py
[2025-12-27T14:03:00.358+0000] {logging_mixin.py:188} INFO - [2025-12-27T14:03:00.358+0000] {dag.py:3096} INFO - Sync 1 DAGs
[2025-12-27T14:03:00.399+0000] {logging_mixin.py:188} INFO - [2025-12-27T14:03:00.398+0000] {dag.py:3954} INFO - Setting next_dagrun for example_task_group_decorator to 2025-12-26 00:00:00+00:00, run_after=2025-12-27 00:00:00+00:00
[2025-12-27T14:03:00.621+0000] {processor.py:183} INFO - Processing /usr/local/lib/python3.11/site-packages/airflow/example_dags/example_task_group_decorator.py took 0.351 seconds
[2025-12-27T14:04:50.815+0000] {processor.py:161} INFO - Started process (PID=790) to work on /usr/local/lib/python3.11/site-packages/airflow/example_dags/example_task_group_decorator.py
[2025-12-27T14:04:50.816+0000] {processor.py:830} INFO - Processing file /usr/local/lib/python3.11/site-packages/airflow/example_dags/example_task_group_decorator.py for tasks to queue
[2025-12-27T14:04:50.818+0000] {logging_mixin.py:188} INFO - [2025-12-27T14:04:50.818+0000] {dagbag.py:545} INFO - Filling up the DagBag from /usr/local/lib/python3.11/site-packages/airflow/example_dags/example_task_group_decorator.py
[2025-12-27T14:04:50.852+0000] {processor.py:840} INFO - DAG(s) 'example_task_group_decorator' retrieved from /usr/local/lib/python3.11/site-packages/airflow/example_dags/example_task_group_decorator.py
[2025-12-27T14:04:50.899+0000] {logging_mixin.py:188} INFO - [2025-12-27T14:04:50.899+0000] {dag.py:3096} INFO - Sync 1 DAGs
[2025-12-27T14:04:50.930+0000] {logging_mixin.py:188} INFO - [2025-12-27T14:04:50.930+0000] {dag.py:3954} INFO - Setting next_dagrun for example_task_group_decorator to 2025-12-26 00:00:00+00:00, run_after=2025-12-27 00:00:00+00:00
[2025-12-27T14:04:51.167+0000] {processor.py:183} INFO - Processing /usr/local/lib/python3.11/site-packages/airflow/example_dags/example_task_group_decorator.py took 0.371 seconds
[2025-12-27T14:06:36.642+0000] {processor.py:161} INFO - Started process (PID=867) to work on /usr/local/lib/python3.11/site-packages/airflow/example_dags/example_task_group_decorator.py
[2025-12-27T14:06:36.643+0000] {processor.py:830} INFO - Processing file /usr/local/lib/python3.11/site-packages/airflow/example_dags/example_task_group_decorator.py for tasks to queue
[2025-12-27T14:06:36.646+0000] {logging_mixin.py:188} INFO - [2025-12-27T14:06:36.645+0000] {dagbag.py:545} INFO - Filling up the DagBag from /usr/local/lib/python3.11/site-packages/airflow/example_dags/example_task_group_decorator.py
[2025-12-27T14:06:36.663+0000] {processor.py:840} INFO - DAG(s) 'example_task_group_decorator' retrieved from /usr/local/lib/python3.11/site-packages/airflow/example_dags/example_task_group_decorator.py
[2025-12-27T14:06:36.701+0000] {logging_mixin.py:188} INFO - [2025-12-27T14:06:36.700+0000] {dag.py:3096} INFO - Sync 1 DAGs
[2025-12-27T14:06:36.733+0000] {logging_mixin.py:188} INFO - [2025-12-27T14:06:36.732+0000] {dag.py:3954} INFO - Setting next_dagrun for example_task_group_decorator to 2025-12-26 00:00:00+00:00, run_after=2025-12-27 00:00:00+00:00
[2025-12-27T14:06:36.954+0000] {processor.py:183} INFO - Processing /usr/local/lib/python3.11/site-packages/airflow/example_dags/example_task_group_decorator.py took 0.328 seconds
[2025-12-27T14:08:18.119+0000] {processor.py:161} INFO - Started process (PID=931) to work on /usr/local/lib/python3.11/site-packages/airflow/example_dags/example_task_group_decorator.py
[2025-12-27T14:08:18.120+0000] {processor.py:830} INFO - Processing file /usr/local/lib/python3.11/site-packages/airflow/example_dags/example_task_group_decorator.py for tasks to queue
[2025-12-27T14:08:18.124+0000] {logging_mixin.py:188} INFO - [2025-12-27T14:08:18.124+0000] {dagbag.py:545} INFO - Filling up the DagBag from /usr/local/lib/python3.11/site-packages/airflow/example_dags/example_task_group_decorator.py
[2025-12-27T14:08:18.165+0000] {processor.py:840} INFO - DAG(s) 'example_task_group_decorator' retrieved from /usr/local/lib/python3.11/site-packages/airflow/example_dags/example_task_group_decorator.py
[2025-12-27T14:08:18.223+0000] {logging_mixin.py:188} INFO - [2025-12-27T14:08:18.223+0000] {dag.py:3096} INFO - Sync 1 DAGs
[2025-12-27T14:08:18.281+0000] {logging_mixin.py:188} INFO - [2025-12-27T14:08:18.281+0000] {dag.py:3954} INFO - Setting next_dagrun for example_task_group_decorator to 2025-12-26 00:00:00+00:00, run_after=2025-12-27 00:00:00+00:00
[2025-12-27T14:08:18.491+0000] {processor.py:183} INFO - Processing /usr/local/lib/python3.11/site-packages/airflow/example_dags/example_task_group_decorator.py took 0.392 seconds
[2025-12-27T14:09:55.322+0000] {processor.py:161} INFO - Started process (PID=995) to work on /usr/local/lib/python3.11/site-packages/airflow/example_dags/example_task_group_decorator.py
[2025-12-27T14:09:55.325+0000] {processor.py:830} INFO - Processing file /usr/local/lib/python3.11/site-packages/airflow/example_dags/example_task_group_decorator.py for tasks to queue
[2025-12-27T14:09:55.328+0000] {logging_mixin.py:188} INFO - [2025-12-27T14:09:55.328+0000] {dagbag.py:545} INFO - Filling up the DagBag from /usr/local/lib/python3.11/site-packages/airflow/example_dags/example_task_group_decorator.py
[2025-12-27T14:09:55.365+0000] {processor.py:840} INFO - DAG(s) 'example_task_group_decorator' retrieved from /usr/local/lib/python3.11/site-packages/airflow/example_dags/example_task_group_decorator.py
[2025-12-27T14:09:55.555+0000] {logging_mixin.py:188} INFO - [2025-12-27T14:09:55.554+0000] {dag.py:3096} INFO - Sync 1 DAGs
[2025-12-27T14:09:55.625+0000] {logging_mixin.py:188} INFO - [2025-12-27T14:09:55.625+0000] {dag.py:3954} INFO - Setting next_dagrun for example_task_group_decorator to 2025-12-26 00:00:00+00:00, run_after=2025-12-27 00:00:00+00:00
[2025-12-27T14:09:55.866+0000] {processor.py:183} INFO - Processing /usr/local/lib/python3.11/site-packages/airflow/example_dags/example_task_group_decorator.py took 0.586 seconds
[2025-12-27T14:12:05.921+0000] {processor.py:161} INFO - Started process (PID=1067) to work on /usr/local/lib/python3.11/site-packages/airflow/example_dags/example_task_group_decorator.py
[2025-12-27T14:12:05.929+0000] {processor.py:830} INFO - Processing file /usr/local/lib/python3.11/site-packages/airflow/example_dags/example_task_group_decorator.py for tasks to queue
[2025-12-27T14:12:05.932+0000] {logging_mixin.py:188} INFO - [2025-12-27T14:12:05.931+0000] {dagbag.py:545} INFO - Filling up the DagBag from /usr/local/lib/python3.11/site-packages/airflow/example_dags/example_task_group_decorator.py
[2025-12-27T14:12:05.962+0000] {processor.py:840} INFO - DAG(s) 'example_task_group_decorator' retrieved from /usr/local/lib/python3.11/site-packages/airflow/example_dags/example_task_group_decorator.py
[2025-12-27T14:12:06.020+0000] {logging_mixin.py:188} INFO - [2025-12-27T14:12:06.020+0000] {dag.py:3096} INFO - Sync 1 DAGs
[2025-12-27T14:12:06.054+0000] {logging_mixin.py:188} INFO - [2025-12-27T14:12:06.053+0000] {dag.py:3954} INFO - Setting next_dagrun for example_task_group_decorator to 2025-12-26 00:00:00+00:00, run_after=2025-12-27 00:00:00+00:00
[2025-12-27T14:12:06.242+0000] {processor.py:183} INFO - Processing /usr/local/lib/python3.11/site-packages/airflow/example_dags/example_task_group_decorator.py took 0.345 seconds
[2025-12-27T14:14:05.091+0000] {processor.py:161} INFO - Started process (PID=1137) to work on /usr/local/lib/python3.11/site-packages/airflow/example_dags/example_task_group_decorator.py
[2025-12-27T14:14:05.092+0000] {processor.py:830} INFO - Processing file /usr/local/lib/python3.11/site-packages/airflow/example_dags/example_task_group_decorator.py for tasks to queue
[2025-12-27T14:14:05.097+0000] {logging_mixin.py:188} INFO - [2025-12-27T14:14:05.097+0000] {dagbag.py:545} INFO - Filling up the DagBag from /usr/local/lib/python3.11/site-packages/airflow/example_dags/example_task_group_decorator.py
[2025-12-27T14:14:05.120+0000] {processor.py:840} INFO - DAG(s) 'example_task_group_decorator' retrieved from /usr/local/lib/python3.11/site-packages/airflow/example_dags/example_task_group_decorator.py
[2025-12-27T14:14:05.182+0000] {logging_mixin.py:188} INFO - [2025-12-27T14:14:05.181+0000] {dag.py:3096} INFO - Sync 1 DAGs
[2025-12-27T14:14:05.231+0000] {logging_mixin.py:188} INFO - [2025-12-27T14:14:05.230+0000] {dag.py:3954} INFO - Setting next_dagrun for example_task_group_decorator to 2025-12-26 00:00:00+00:00, run_after=2025-12-27 00:00:00+00:00
[2025-12-27T14:14:05.444+0000] {processor.py:183} INFO - Processing /usr/local/lib/python3.11/site-packages/airflow/example_dags/example_task_group_decorator.py took 0.373 seconds
[2025-12-27T14:33:00.580+0000] {processor.py:161} INFO - Started process (PID=72) to work on /usr/local/lib/python3.11/site-packages/airflow/example_dags/example_task_group_decorator.py
[2025-12-27T14:33:00.582+0000] {processor.py:830} INFO - Processing file /usr/local/lib/python3.11/site-packages/airflow/example_dags/example_task_group_decorator.py for tasks to queue
[2025-12-27T14:33:00.584+0000] {logging_mixin.py:188} INFO - [2025-12-27T14:33:00.584+0000] {dagbag.py:545} INFO - Filling up the DagBag from /usr/local/lib/python3.11/site-packages/airflow/example_dags/example_task_group_decorator.py
[2025-12-27T14:33:00.611+0000] {processor.py:840} INFO - DAG(s) 'example_task_group_decorator' retrieved from /usr/local/lib/python3.11/site-packages/airflow/example_dags/example_task_group_decorator.py
[2025-12-27T14:33:00.782+0000] {logging_mixin.py:188} INFO - [2025-12-27T14:33:00.782+0000] {dag.py:3096} INFO - Sync 1 DAGs
[2025-12-27T14:33:00.917+0000] {logging_mixin.py:188} INFO - [2025-12-27T14:33:00.916+0000] {dag.py:3954} INFO - Setting next_dagrun for example_task_group_decorator to 2025-12-26 00:00:00+00:00, run_after=2025-12-27 00:00:00+00:00
[2025-12-27T14:33:01.162+0000] {processor.py:183} INFO - Processing /usr/local/lib/python3.11/site-packages/airflow/example_dags/example_task_group_decorator.py took 0.595 seconds
[2025-12-27T14:34:52.879+0000] {processor.py:161} INFO - Started process (PID=140) to work on /usr/local/lib/python3.11/site-packages/airflow/example_dags/example_task_group_decorator.py
[2025-12-27T14:34:52.880+0000] {processor.py:830} INFO - Processing file /usr/local/lib/python3.11/site-packages/airflow/example_dags/example_task_group_decorator.py for tasks to queue
[2025-12-27T14:34:52.882+0000] {logging_mixin.py:188} INFO - [2025-12-27T14:34:52.881+0000] {dagbag.py:545} INFO - Filling up the DagBag from /usr/local/lib/python3.11/site-packages/airflow/example_dags/example_task_group_decorator.py
[2025-12-27T14:34:52.899+0000] {processor.py:840} INFO - DAG(s) 'example_task_group_decorator' retrieved from /usr/local/lib/python3.11/site-packages/airflow/example_dags/example_task_group_decorator.py
[2025-12-27T14:34:52.937+0000] {logging_mixin.py:188} INFO - [2025-12-27T14:34:52.937+0000] {dag.py:3096} INFO - Sync 1 DAGs
[2025-12-27T14:34:53.116+0000] {logging_mixin.py:188} INFO - [2025-12-27T14:34:53.116+0000] {dag.py:3954} INFO - Setting next_dagrun for example_task_group_decorator to 2025-12-26 00:00:00+00:00, run_after=2025-12-27 00:00:00+00:00
[2025-12-27T14:34:53.407+0000] {processor.py:183} INFO - Processing /usr/local/lib/python3.11/site-packages/airflow/example_dags/example_task_group_decorator.py took 0.544 seconds
[2025-12-27T14:54:43.603+0000] {processor.py:161} INFO - Started process (PID=76) to work on /usr/local/lib/python3.11/site-packages/airflow/example_dags/example_task_group_decorator.py
[2025-12-27T14:54:43.604+0000] {processor.py:830} INFO - Processing file /usr/local/lib/python3.11/site-packages/airflow/example_dags/example_task_group_decorator.py for tasks to queue
[2025-12-27T14:54:43.606+0000] {logging_mixin.py:188} INFO - [2025-12-27T14:54:43.606+0000] {dagbag.py:545} INFO - Filling up the DagBag from /usr/local/lib/python3.11/site-packages/airflow/example_dags/example_task_group_decorator.py
[2025-12-27T14:54:43.629+0000] {processor.py:840} INFO - DAG(s) 'example_task_group_decorator' retrieved from /usr/local/lib/python3.11/site-packages/airflow/example_dags/example_task_group_decorator.py
[2025-12-27T14:54:44.108+0000] {logging_mixin.py:188} INFO - [2025-12-27T14:54:44.107+0000] {override.py:1930} INFO - Created Permission View: can delete on DAG:example_task_group_decorator
[2025-12-27T14:54:44.260+0000] {logging_mixin.py:188} INFO - [2025-12-27T14:54:44.260+0000] {override.py:1930} INFO - Created Permission View: can edit on DAG:example_task_group_decorator
[2025-12-27T14:54:44.529+0000] {logging_mixin.py:188} INFO - [2025-12-27T14:54:44.528+0000] {override.py:1930} INFO - Created Permission View: can read on DAG:example_task_group_decorator
[2025-12-27T14:54:44.530+0000] {logging_mixin.py:188} INFO - [2025-12-27T14:54:44.530+0000] {dag.py:3096} INFO - Sync 1 DAGs
[2025-12-27T14:54:44.563+0000] {logging_mixin.py:188} INFO - [2025-12-27T14:54:44.563+0000] {dag.py:3118} INFO - Creating ORM DAG for example_task_group_decorator
[2025-12-27T14:54:44.585+0000] {logging_mixin.py:188} INFO - [2025-12-27T14:54:44.585+0000] {dag.py:3954} INFO - Setting next_dagrun for example_task_group_decorator to 2025-12-26 00:00:00+00:00, run_after=2025-12-27 00:00:00+00:00
[2025-12-27T14:54:44.903+0000] {processor.py:183} INFO - Processing /usr/local/lib/python3.11/site-packages/airflow/example_dags/example_task_group_decorator.py took 1.316 seconds
[2025-12-27T14:56:50.190+0000] {processor.py:161} INFO - Started process (PID=149) to work on /usr/local/lib/python3.11/site-packages/airflow/example_dags/example_task_group_decorator.py
[2025-12-27T14:56:50.191+0000] {processor.py:830} INFO - Processing file /usr/local/lib/python3.11/site-packages/airflow/example_dags/example_task_group_decorator.py for tasks to queue
[2025-12-27T14:56:50.194+0000] {logging_mixin.py:188} INFO - [2025-12-27T14:56:50.193+0000] {dagbag.py:545} INFO - Filling up the DagBag from /usr/local/lib/python3.11/site-packages/airflow/example_dags/example_task_group_decorator.py
[2025-12-27T14:56:50.235+0000] {processor.py:840} INFO - DAG(s) 'example_task_group_decorator' retrieved from /usr/local/lib/python3.11/site-packages/airflow/example_dags/example_task_group_decorator.py
[2025-12-27T14:56:50.318+0000] {logging_mixin.py:188} INFO - [2025-12-27T14:56:50.318+0000] {dag.py:3096} INFO - Sync 1 DAGs
[2025-12-27T14:56:50.657+0000] {logging_mixin.py:188} INFO - [2025-12-27T14:56:50.657+0000] {dag.py:3954} INFO - Setting next_dagrun for example_task_group_decorator to 2025-12-26 00:00:00+00:00, run_after=2025-12-27 00:00:00+00:00
[2025-12-27T14:56:50.845+0000] {processor.py:183} INFO - Processing /usr/local/lib/python3.11/site-packages/airflow/example_dags/example_task_group_decorator.py took 0.672 seconds
[2025-12-27T14:58:56.306+0000] {processor.py:161} INFO - Started process (PID=217) to work on /usr/local/lib/python3.11/site-packages/airflow/example_dags/example_task_group_decorator.py
[2025-12-27T14:58:56.308+0000] {processor.py:830} INFO - Processing file /usr/local/lib/python3.11/site-packages/airflow/example_dags/example_task_group_decorator.py for tasks to queue
[2025-12-27T14:58:56.311+0000] {logging_mixin.py:188} INFO - [2025-12-27T14:58:56.310+0000] {dagbag.py:545} INFO - Filling up the DagBag from /usr/local/lib/python3.11/site-packages/airflow/example_dags/example_task_group_decorator.py
[2025-12-27T14:58:56.340+0000] {processor.py:840} INFO - DAG(s) 'example_task_group_decorator' retrieved from /usr/local/lib/python3.11/site-packages/airflow/example_dags/example_task_group_decorator.py
[2025-12-27T14:58:56.393+0000] {logging_mixin.py:188} INFO - [2025-12-27T14:58:56.393+0000] {dag.py:3096} INFO - Sync 1 DAGs
[2025-12-27T14:58:56.446+0000] {logging_mixin.py:188} INFO - [2025-12-27T14:58:56.446+0000] {dag.py:3954} INFO - Setting next_dagrun for example_task_group_decorator to 2025-12-26 00:00:00+00:00, run_after=2025-12-27 00:00:00+00:00
[2025-12-27T14:58:56.667+0000] {processor.py:183} INFO - Processing /usr/local/lib/python3.11/site-packages/airflow/example_dags/example_task_group_decorator.py took 0.379 seconds
[2025-12-27T15:00:50.620+0000] {processor.py:161} INFO - Started process (PID=303) to work on /usr/local/lib/python3.11/site-packages/airflow/example_dags/example_task_group_decorator.py
[2025-12-27T15:00:50.621+0000] {processor.py:830} INFO - Processing file /usr/local/lib/python3.11/site-packages/airflow/example_dags/example_task_group_decorator.py for tasks to queue
[2025-12-27T15:00:50.624+0000] {logging_mixin.py:188} INFO - [2025-12-27T15:00:50.623+0000] {dagbag.py:545} INFO - Filling up the DagBag from /usr/local/lib/python3.11/site-packages/airflow/example_dags/example_task_group_decorator.py
[2025-12-27T15:00:50.647+0000] {processor.py:840} INFO - DAG(s) 'example_task_group_decorator' retrieved from /usr/local/lib/python3.11/site-packages/airflow/example_dags/example_task_group_decorator.py
[2025-12-27T15:00:50.691+0000] {logging_mixin.py:188} INFO - [2025-12-27T15:00:50.691+0000] {dag.py:3096} INFO - Sync 1 DAGs
[2025-12-27T15:00:50.723+0000] {logging_mixin.py:188} INFO - [2025-12-27T15:00:50.723+0000] {dag.py:3954} INFO - Setting next_dagrun for example_task_group_decorator to 2025-12-26 00:00:00+00:00, run_after=2025-12-27 00:00:00+00:00
[2025-12-27T15:00:50.891+0000] {processor.py:183} INFO - Processing /usr/local/lib/python3.11/site-packages/airflow/example_dags/example_task_group_decorator.py took 0.290 seconds
[2025-12-27T15:02:46.128+0000] {processor.py:161} INFO - Started process (PID=378) to work on /usr/local/lib/python3.11/site-packages/airflow/example_dags/example_task_group_decorator.py
[2025-12-27T15:02:46.131+0000] {processor.py:830} INFO - Processing file /usr/local/lib/python3.11/site-packages/airflow/example_dags/example_task_group_decorator.py for tasks to queue
[2025-12-27T15:02:46.142+0000] {logging_mixin.py:188} INFO - [2025-12-27T15:02:46.142+0000] {dagbag.py:545} INFO - Filling up the DagBag from /usr/local/lib/python3.11/site-packages/airflow/example_dags/example_task_group_decorator.py
[2025-12-27T15:02:46.165+0000] {processor.py:840} INFO - DAG(s) 'example_task_group_decorator' retrieved from /usr/local/lib/python3.11/site-packages/airflow/example_dags/example_task_group_decorator.py
[2025-12-27T15:02:46.237+0000] {logging_mixin.py:188} INFO - [2025-12-27T15:02:46.236+0000] {dag.py:3096} INFO - Sync 1 DAGs
[2025-12-27T15:02:46.276+0000] {logging_mixin.py:188} INFO - [2025-12-27T15:02:46.276+0000] {dag.py:3954} INFO - Setting next_dagrun for example_task_group_decorator to 2025-12-26 00:00:00+00:00, run_after=2025-12-27 00:00:00+00:00
[2025-12-27T15:02:46.508+0000] {processor.py:183} INFO - Processing /usr/local/lib/python3.11/site-packages/airflow/example_dags/example_task_group_decorator.py took 0.410 seconds
[2025-12-27T15:04:23.020+0000] {processor.py:161} INFO - Started process (PID=445) to work on /usr/local/lib/python3.11/site-packages/airflow/example_dags/example_task_group_decorator.py
[2025-12-27T15:04:23.022+0000] {processor.py:830} INFO - Processing file /usr/local/lib/python3.11/site-packages/airflow/example_dags/example_task_group_decorator.py for tasks to queue
[2025-12-27T15:04:23.024+0000] {logging_mixin.py:188} INFO - [2025-12-27T15:04:23.024+0000] {dagbag.py:545} INFO - Filling up the DagBag from /usr/local/lib/python3.11/site-packages/airflow/example_dags/example_task_group_decorator.py
[2025-12-27T15:04:23.046+0000] {processor.py:840} INFO - DAG(s) 'example_task_group_decorator' retrieved from /usr/local/lib/python3.11/site-packages/airflow/example_dags/example_task_group_decorator.py
[2025-12-27T15:04:23.092+0000] {logging_mixin.py:188} INFO - [2025-12-27T15:04:23.091+0000] {dag.py:3096} INFO - Sync 1 DAGs
[2025-12-27T15:04:23.128+0000] {logging_mixin.py:188} INFO - [2025-12-27T15:04:23.128+0000] {dag.py:3954} INFO - Setting next_dagrun for example_task_group_decorator to 2025-12-26 00:00:00+00:00, run_after=2025-12-27 00:00:00+00:00
[2025-12-27T15:04:23.315+0000] {processor.py:183} INFO - Processing /usr/local/lib/python3.11/site-packages/airflow/example_dags/example_task_group_decorator.py took 0.309 seconds
[2025-12-27T15:05:51.082+0000] {processor.py:161} INFO - Started process (PID=506) to work on /usr/local/lib/python3.11/site-packages/airflow/example_dags/example_task_group_decorator.py
[2025-12-27T15:05:51.083+0000] {processor.py:830} INFO - Processing file /usr/local/lib/python3.11/site-packages/airflow/example_dags/example_task_group_decorator.py for tasks to queue
[2025-12-27T15:05:51.086+0000] {logging_mixin.py:188} INFO - [2025-12-27T15:05:51.085+0000] {dagbag.py:545} INFO - Filling up the DagBag from /usr/local/lib/python3.11/site-packages/airflow/example_dags/example_task_group_decorator.py
[2025-12-27T15:05:51.108+0000] {processor.py:840} INFO - DAG(s) 'example_task_group_decorator' retrieved from /usr/local/lib/python3.11/site-packages/airflow/example_dags/example_task_group_decorator.py
[2025-12-27T15:05:51.154+0000] {logging_mixin.py:188} INFO - [2025-12-27T15:05:51.153+0000] {dag.py:3096} INFO - Sync 1 DAGs
[2025-12-27T15:05:51.188+0000] {logging_mixin.py:188} INFO - [2025-12-27T15:05:51.187+0000] {dag.py:3954} INFO - Setting next_dagrun for example_task_group_decorator to 2025-12-26 00:00:00+00:00, run_after=2025-12-27 00:00:00+00:00
[2025-12-27T15:05:51.377+0000] {processor.py:183} INFO - Processing /usr/local/lib/python3.11/site-packages/airflow/example_dags/example_task_group_decorator.py took 0.315 seconds
[2025-12-27T15:07:21.785+0000] {processor.py:161} INFO - Started process (PID=568) to work on /usr/local/lib/python3.11/site-packages/airflow/example_dags/example_task_group_decorator.py
[2025-12-27T15:07:21.787+0000] {processor.py:830} INFO - Processing file /usr/local/lib/python3.11/site-packages/airflow/example_dags/example_task_group_decorator.py for tasks to queue
[2025-12-27T15:07:21.789+0000] {logging_mixin.py:188} INFO - [2025-12-27T15:07:21.789+0000] {dagbag.py:545} INFO - Filling up the DagBag from /usr/local/lib/python3.11/site-packages/airflow/example_dags/example_task_group_decorator.py
[2025-12-27T15:07:21.810+0000] {processor.py:840} INFO - DAG(s) 'example_task_group_decorator' retrieved from /usr/local/lib/python3.11/site-packages/airflow/example_dags/example_task_group_decorator.py
[2025-12-27T15:07:21.851+0000] {logging_mixin.py:188} INFO - [2025-12-27T15:07:21.851+0000] {dag.py:3096} INFO - Sync 1 DAGs
[2025-12-27T15:07:21.887+0000] {logging_mixin.py:188} INFO - [2025-12-27T15:07:21.887+0000] {dag.py:3954} INFO - Setting next_dagrun for example_task_group_decorator to 2025-12-26 00:00:00+00:00, run_after=2025-12-27 00:00:00+00:00
[2025-12-27T15:07:22.070+0000] {processor.py:183} INFO - Processing /usr/local/lib/python3.11/site-packages/airflow/example_dags/example_task_group_decorator.py took 0.302 seconds
[2025-12-27T15:08:54.797+0000] {processor.py:161} INFO - Started process (PID=632) to work on /usr/local/lib/python3.11/site-packages/airflow/example_dags/example_task_group_decorator.py
[2025-12-27T15:08:54.799+0000] {processor.py:830} INFO - Processing file /usr/local/lib/python3.11/site-packages/airflow/example_dags/example_task_group_decorator.py for tasks to queue
[2025-12-27T15:08:54.805+0000] {logging_mixin.py:188} INFO - [2025-12-27T15:08:54.804+0000] {dagbag.py:545} INFO - Filling up the DagBag from /usr/local/lib/python3.11/site-packages/airflow/example_dags/example_task_group_decorator.py
[2025-12-27T15:08:54.857+0000] {processor.py:840} INFO - DAG(s) 'example_task_group_decorator' retrieved from /usr/local/lib/python3.11/site-packages/airflow/example_dags/example_task_group_decorator.py
[2025-12-27T15:08:54.935+0000] {logging_mixin.py:188} INFO - [2025-12-27T15:08:54.935+0000] {dag.py:3096} INFO - Sync 1 DAGs
[2025-12-27T15:08:55.010+0000] {logging_mixin.py:188} INFO - [2025-12-27T15:08:55.010+0000] {dag.py:3954} INFO - Setting next_dagrun for example_task_group_decorator to 2025-12-26 00:00:00+00:00, run_after=2025-12-27 00:00:00+00:00
[2025-12-27T15:08:55.255+0000] {processor.py:183} INFO - Processing /usr/local/lib/python3.11/site-packages/airflow/example_dags/example_task_group_decorator.py took 0.490 seconds
[2025-12-27T15:10:46.221+0000] {processor.py:161} INFO - Started process (PID=700) to work on /usr/local/lib/python3.11/site-packages/airflow/example_dags/example_task_group_decorator.py
[2025-12-27T15:10:46.223+0000] {processor.py:830} INFO - Processing file /usr/local/lib/python3.11/site-packages/airflow/example_dags/example_task_group_decorator.py for tasks to queue
[2025-12-27T15:10:46.225+0000] {logging_mixin.py:188} INFO - [2025-12-27T15:10:46.225+0000] {dagbag.py:545} INFO - Filling up the DagBag from /usr/local/lib/python3.11/site-packages/airflow/example_dags/example_task_group_decorator.py
[2025-12-27T15:10:46.243+0000] {processor.py:840} INFO - DAG(s) 'example_task_group_decorator' retrieved from /usr/local/lib/python3.11/site-packages/airflow/example_dags/example_task_group_decorator.py
[2025-12-27T15:10:46.288+0000] {logging_mixin.py:188} INFO - [2025-12-27T15:10:46.288+0000] {dag.py:3096} INFO - Sync 1 DAGs
[2025-12-27T15:10:46.324+0000] {logging_mixin.py:188} INFO - [2025-12-27T15:10:46.324+0000] {dag.py:3954} INFO - Setting next_dagrun for example_task_group_decorator to 2025-12-26 00:00:00+00:00, run_after=2025-12-27 00:00:00+00:00
[2025-12-27T15:10:46.575+0000] {processor.py:183} INFO - Processing /usr/local/lib/python3.11/site-packages/airflow/example_dags/example_task_group_decorator.py took 0.368 seconds
[2025-12-27T15:12:29.098+0000] {processor.py:161} INFO - Started process (PID=766) to work on /usr/local/lib/python3.11/site-packages/airflow/example_dags/example_task_group_decorator.py
[2025-12-27T15:12:29.105+0000] {processor.py:830} INFO - Processing file /usr/local/lib/python3.11/site-packages/airflow/example_dags/example_task_group_decorator.py for tasks to queue
[2025-12-27T15:12:29.107+0000] {logging_mixin.py:188} INFO - [2025-12-27T15:12:29.107+0000] {dagbag.py:545} INFO - Filling up the DagBag from /usr/local/lib/python3.11/site-packages/airflow/example_dags/example_task_group_decorator.py
[2025-12-27T15:12:29.130+0000] {processor.py:840} INFO - DAG(s) 'example_task_group_decorator' retrieved from /usr/local/lib/python3.11/site-packages/airflow/example_dags/example_task_group_decorator.py
[2025-12-27T15:12:29.173+0000] {logging_mixin.py:188} INFO - [2025-12-27T15:12:29.173+0000] {dag.py:3096} INFO - Sync 1 DAGs
[2025-12-27T15:12:29.212+0000] {logging_mixin.py:188} INFO - [2025-12-27T15:12:29.211+0000] {dag.py:3954} INFO - Setting next_dagrun for example_task_group_decorator to 2025-12-26 00:00:00+00:00, run_after=2025-12-27 00:00:00+00:00
[2025-12-27T15:12:29.379+0000] {processor.py:183} INFO - Processing /usr/local/lib/python3.11/site-packages/airflow/example_dags/example_task_group_decorator.py took 0.299 seconds
[2025-12-27T15:14:06.241+0000] {processor.py:161} INFO - Started process (PID=830) to work on /usr/local/lib/python3.11/site-packages/airflow/example_dags/example_task_group_decorator.py
[2025-12-27T15:14:06.242+0000] {processor.py:830} INFO - Processing file /usr/local/lib/python3.11/site-packages/airflow/example_dags/example_task_group_decorator.py for tasks to queue
[2025-12-27T15:14:06.245+0000] {logging_mixin.py:188} INFO - [2025-12-27T15:14:06.244+0000] {dagbag.py:545} INFO - Filling up the DagBag from /usr/local/lib/python3.11/site-packages/airflow/example_dags/example_task_group_decorator.py
[2025-12-27T15:14:06.263+0000] {processor.py:840} INFO - DAG(s) 'example_task_group_decorator' retrieved from /usr/local/lib/python3.11/site-packages/airflow/example_dags/example_task_group_decorator.py
[2025-12-27T15:14:06.309+0000] {logging_mixin.py:188} INFO - [2025-12-27T15:14:06.309+0000] {dag.py:3096} INFO - Sync 1 DAGs
[2025-12-27T15:14:06.342+0000] {logging_mixin.py:188} INFO - [2025-12-27T15:14:06.341+0000] {dag.py:3954} INFO - Setting next_dagrun for example_task_group_decorator to 2025-12-26 00:00:00+00:00, run_after=2025-12-27 00:00:00+00:00
[2025-12-27T15:14:06.544+0000] {processor.py:183} INFO - Processing /usr/local/lib/python3.11/site-packages/airflow/example_dags/example_task_group_decorator.py took 0.316 seconds
[2025-12-27T15:15:50.569+0000] {processor.py:161} INFO - Started process (PID=897) to work on /usr/local/lib/python3.11/site-packages/airflow/example_dags/example_task_group_decorator.py
[2025-12-27T15:15:50.570+0000] {processor.py:830} INFO - Processing file /usr/local/lib/python3.11/site-packages/airflow/example_dags/example_task_group_decorator.py for tasks to queue
[2025-12-27T15:15:50.573+0000] {logging_mixin.py:188} INFO - [2025-12-27T15:15:50.573+0000] {dagbag.py:545} INFO - Filling up the DagBag from /usr/local/lib/python3.11/site-packages/airflow/example_dags/example_task_group_decorator.py
[2025-12-27T15:15:50.590+0000] {processor.py:840} INFO - DAG(s) 'example_task_group_decorator' retrieved from /usr/local/lib/python3.11/site-packages/airflow/example_dags/example_task_group_decorator.py
[2025-12-27T15:15:50.630+0000] {logging_mixin.py:188} INFO - [2025-12-27T15:15:50.629+0000] {dag.py:3096} INFO - Sync 1 DAGs
[2025-12-27T15:15:50.666+0000] {logging_mixin.py:188} INFO - [2025-12-27T15:15:50.666+0000] {dag.py:3954} INFO - Setting next_dagrun for example_task_group_decorator to 2025-12-26 00:00:00+00:00, run_after=2025-12-27 00:00:00+00:00
[2025-12-27T15:15:50.891+0000] {processor.py:183} INFO - Processing /usr/local/lib/python3.11/site-packages/airflow/example_dags/example_task_group_decorator.py took 0.342 seconds
[2025-12-27T15:17:37.090+0000] {processor.py:161} INFO - Started process (PID=961) to work on /usr/local/lib/python3.11/site-packages/airflow/example_dags/example_task_group_decorator.py
[2025-12-27T15:17:37.091+0000] {processor.py:830} INFO - Processing file /usr/local/lib/python3.11/site-packages/airflow/example_dags/example_task_group_decorator.py for tasks to queue
[2025-12-27T15:17:37.094+0000] {logging_mixin.py:188} INFO - [2025-12-27T15:17:37.093+0000] {dagbag.py:545} INFO - Filling up the DagBag from /usr/local/lib/python3.11/site-packages/airflow/example_dags/example_task_group_decorator.py
[2025-12-27T15:17:37.119+0000] {processor.py:840} INFO - DAG(s) 'example_task_group_decorator' retrieved from /usr/local/lib/python3.11/site-packages/airflow/example_dags/example_task_group_decorator.py
[2025-12-27T15:17:37.179+0000] {logging_mixin.py:188} INFO - [2025-12-27T15:17:37.178+0000] {dag.py:3096} INFO - Sync 1 DAGs
[2025-12-27T15:17:37.223+0000] {logging_mixin.py:188} INFO - [2025-12-27T15:17:37.223+0000] {dag.py:3954} INFO - Setting next_dagrun for example_task_group_decorator to 2025-12-26 00:00:00+00:00, run_after=2025-12-27 00:00:00+00:00
[2025-12-27T15:17:37.544+0000] {processor.py:183} INFO - Processing /usr/local/lib/python3.11/site-packages/airflow/example_dags/example_task_group_decorator.py took 0.477 seconds
[2025-12-27T15:19:22.875+0000] {processor.py:161} INFO - Started process (PID=1028) to work on /usr/local/lib/python3.11/site-packages/airflow/example_dags/example_task_group_decorator.py
[2025-12-27T15:19:22.877+0000] {processor.py:830} INFO - Processing file /usr/local/lib/python3.11/site-packages/airflow/example_dags/example_task_group_decorator.py for tasks to queue
[2025-12-27T15:19:22.879+0000] {logging_mixin.py:188} INFO - [2025-12-27T15:19:22.879+0000] {dagbag.py:545} INFO - Filling up the DagBag from /usr/local/lib/python3.11/site-packages/airflow/example_dags/example_task_group_decorator.py
[2025-12-27T15:19:22.907+0000] {processor.py:840} INFO - DAG(s) 'example_task_group_decorator' retrieved from /usr/local/lib/python3.11/site-packages/airflow/example_dags/example_task_group_decorator.py
[2025-12-27T15:19:22.956+0000] {logging_mixin.py:188} INFO - [2025-12-27T15:19:22.955+0000] {dag.py:3096} INFO - Sync 1 DAGs
[2025-12-27T15:19:23.012+0000] {logging_mixin.py:188} INFO - [2025-12-27T15:19:23.012+0000] {dag.py:3954} INFO - Setting next_dagrun for example_task_group_decorator to 2025-12-26 00:00:00+00:00, run_after=2025-12-27 00:00:00+00:00
[2025-12-27T15:19:23.253+0000] {processor.py:183} INFO - Processing /usr/local/lib/python3.11/site-packages/airflow/example_dags/example_task_group_decorator.py took 0.398 seconds
[2025-12-27T15:31:44.231+0000] {processor.py:161} INFO - Started process (PID=71) to work on /usr/local/lib/python3.11/site-packages/airflow/example_dags/example_task_group_decorator.py
[2025-12-27T15:31:44.232+0000] {processor.py:830} INFO - Processing file /usr/local/lib/python3.11/site-packages/airflow/example_dags/example_task_group_decorator.py for tasks to queue
[2025-12-27T15:31:44.235+0000] {logging_mixin.py:188} INFO - [2025-12-27T15:31:44.234+0000] {dagbag.py:545} INFO - Filling up the DagBag from /usr/local/lib/python3.11/site-packages/airflow/example_dags/example_task_group_decorator.py
[2025-12-27T15:31:44.254+0000] {processor.py:840} INFO - DAG(s) 'example_task_group_decorator' retrieved from /usr/local/lib/python3.11/site-packages/airflow/example_dags/example_task_group_decorator.py
[2025-12-27T15:31:44.431+0000] {logging_mixin.py:188} INFO - [2025-12-27T15:31:44.431+0000] {dag.py:3096} INFO - Sync 1 DAGs
[2025-12-27T15:31:44.462+0000] {logging_mixin.py:188} INFO - [2025-12-27T15:31:44.462+0000] {dag.py:3954} INFO - Setting next_dagrun for example_task_group_decorator to 2025-12-26 00:00:00+00:00, run_after=2025-12-27 00:00:00+00:00
[2025-12-27T15:31:44.803+0000] {processor.py:183} INFO - Processing /usr/local/lib/python3.11/site-packages/airflow/example_dags/example_task_group_decorator.py took 0.586 seconds
[2025-12-27T15:33:44.952+0000] {processor.py:161} INFO - Started process (PID=143) to work on /usr/local/lib/python3.11/site-packages/airflow/example_dags/example_task_group_decorator.py
[2025-12-27T15:33:44.954+0000] {processor.py:830} INFO - Processing file /usr/local/lib/python3.11/site-packages/airflow/example_dags/example_task_group_decorator.py for tasks to queue
[2025-12-27T15:33:44.957+0000] {logging_mixin.py:188} INFO - [2025-12-27T15:33:44.957+0000] {dagbag.py:545} INFO - Filling up the DagBag from /usr/local/lib/python3.11/site-packages/airflow/example_dags/example_task_group_decorator.py
[2025-12-27T15:33:45.008+0000] {processor.py:840} INFO - DAG(s) 'example_task_group_decorator' retrieved from /usr/local/lib/python3.11/site-packages/airflow/example_dags/example_task_group_decorator.py
[2025-12-27T15:33:45.058+0000] {logging_mixin.py:188} INFO - [2025-12-27T15:33:45.057+0000] {dag.py:3096} INFO - Sync 1 DAGs
[2025-12-27T15:33:45.243+0000] {logging_mixin.py:188} INFO - [2025-12-27T15:33:45.243+0000] {dag.py:3954} INFO - Setting next_dagrun for example_task_group_decorator to 2025-12-26 00:00:00+00:00, run_after=2025-12-27 00:00:00+00:00
[2025-12-27T15:33:45.540+0000] {processor.py:183} INFO - Processing /usr/local/lib/python3.11/site-packages/airflow/example_dags/example_task_group_decorator.py took 0.615 seconds
[2025-12-27T15:35:19.897+0000] {processor.py:161} INFO - Started process (PID=207) to work on /usr/local/lib/python3.11/site-packages/airflow/example_dags/example_task_group_decorator.py
[2025-12-27T15:35:19.898+0000] {processor.py:830} INFO - Processing file /usr/local/lib/python3.11/site-packages/airflow/example_dags/example_task_group_decorator.py for tasks to queue
[2025-12-27T15:35:19.901+0000] {logging_mixin.py:188} INFO - [2025-12-27T15:35:19.900+0000] {dagbag.py:545} INFO - Filling up the DagBag from /usr/local/lib/python3.11/site-packages/airflow/example_dags/example_task_group_decorator.py
[2025-12-27T15:35:19.923+0000] {processor.py:840} INFO - DAG(s) 'example_task_group_decorator' retrieved from /usr/local/lib/python3.11/site-packages/airflow/example_dags/example_task_group_decorator.py
[2025-12-27T15:35:19.969+0000] {logging_mixin.py:188} INFO - [2025-12-27T15:35:19.969+0000] {dag.py:3096} INFO - Sync 1 DAGs
[2025-12-27T15:35:20.005+0000] {logging_mixin.py:188} INFO - [2025-12-27T15:35:20.005+0000] {dag.py:3954} INFO - Setting next_dagrun for example_task_group_decorator to 2025-12-26 00:00:00+00:00, run_after=2025-12-27 00:00:00+00:00
[2025-12-27T15:35:20.188+0000] {processor.py:183} INFO - Processing /usr/local/lib/python3.11/site-packages/airflow/example_dags/example_task_group_decorator.py took 0.310 seconds
[2025-12-27T15:36:53.869+0000] {processor.py:161} INFO - Started process (PID=270) to work on /usr/local/lib/python3.11/site-packages/airflow/example_dags/example_task_group_decorator.py
[2025-12-27T15:36:53.871+0000] {processor.py:830} INFO - Processing file /usr/local/lib/python3.11/site-packages/airflow/example_dags/example_task_group_decorator.py for tasks to queue
[2025-12-27T15:36:53.874+0000] {logging_mixin.py:188} INFO - [2025-12-27T15:36:53.873+0000] {dagbag.py:545} INFO - Filling up the DagBag from /usr/local/lib/python3.11/site-packages/airflow/example_dags/example_task_group_decorator.py
[2025-12-27T15:36:53.893+0000] {processor.py:840} INFO - DAG(s) 'example_task_group_decorator' retrieved from /usr/local/lib/python3.11/site-packages/airflow/example_dags/example_task_group_decorator.py
[2025-12-27T15:36:53.938+0000] {logging_mixin.py:188} INFO - [2025-12-27T15:36:53.938+0000] {dag.py:3096} INFO - Sync 1 DAGs
[2025-12-27T15:36:54.093+0000] {logging_mixin.py:188} INFO - [2025-12-27T15:36:54.093+0000] {dag.py:3954} INFO - Setting next_dagrun for example_task_group_decorator to 2025-12-26 00:00:00+00:00, run_after=2025-12-27 00:00:00+00:00
[2025-12-27T15:36:54.299+0000] {processor.py:183} INFO - Processing /usr/local/lib/python3.11/site-packages/airflow/example_dags/example_task_group_decorator.py took 0.446 seconds
[2025-12-27T15:38:26.342+0000] {processor.py:161} INFO - Started process (PID=332) to work on /usr/local/lib/python3.11/site-packages/airflow/example_dags/example_task_group_decorator.py
[2025-12-27T15:38:26.344+0000] {processor.py:830} INFO - Processing file /usr/local/lib/python3.11/site-packages/airflow/example_dags/example_task_group_decorator.py for tasks to queue
[2025-12-27T15:38:26.346+0000] {logging_mixin.py:188} INFO - [2025-12-27T15:38:26.346+0000] {dagbag.py:545} INFO - Filling up the DagBag from /usr/local/lib/python3.11/site-packages/airflow/example_dags/example_task_group_decorator.py
[2025-12-27T15:38:26.367+0000] {processor.py:840} INFO - DAG(s) 'example_task_group_decorator' retrieved from /usr/local/lib/python3.11/site-packages/airflow/example_dags/example_task_group_decorator.py
[2025-12-27T15:38:26.409+0000] {logging_mixin.py:188} INFO - [2025-12-27T15:38:26.408+0000] {dag.py:3096} INFO - Sync 1 DAGs
[2025-12-27T15:38:26.451+0000] {logging_mixin.py:188} INFO - [2025-12-27T15:38:26.451+0000] {dag.py:3954} INFO - Setting next_dagrun for example_task_group_decorator to 2025-12-26 00:00:00+00:00, run_after=2025-12-27 00:00:00+00:00
[2025-12-27T15:38:26.649+0000] {processor.py:183} INFO - Processing /usr/local/lib/python3.11/site-packages/airflow/example_dags/example_task_group_decorator.py took 0.321 seconds
[2025-12-27T15:40:12.836+0000] {processor.py:161} INFO - Started process (PID=398) to work on /usr/local/lib/python3.11/site-packages/airflow/example_dags/example_task_group_decorator.py
[2025-12-27T15:40:12.837+0000] {processor.py:830} INFO - Processing file /usr/local/lib/python3.11/site-packages/airflow/example_dags/example_task_group_decorator.py for tasks to queue
[2025-12-27T15:40:12.839+0000] {logging_mixin.py:188} INFO - [2025-12-27T15:40:12.839+0000] {dagbag.py:545} INFO - Filling up the DagBag from /usr/local/lib/python3.11/site-packages/airflow/example_dags/example_task_group_decorator.py
[2025-12-27T15:40:12.861+0000] {processor.py:840} INFO - DAG(s) 'example_task_group_decorator' retrieved from /usr/local/lib/python3.11/site-packages/airflow/example_dags/example_task_group_decorator.py
[2025-12-27T15:40:12.903+0000] {logging_mixin.py:188} INFO - [2025-12-27T15:40:12.903+0000] {dag.py:3096} INFO - Sync 1 DAGs
[2025-12-27T15:40:12.941+0000] {logging_mixin.py:188} INFO - [2025-12-27T15:40:12.941+0000] {dag.py:3954} INFO - Setting next_dagrun for example_task_group_decorator to 2025-12-26 00:00:00+00:00, run_after=2025-12-27 00:00:00+00:00
[2025-12-27T15:40:13.117+0000] {processor.py:183} INFO - Processing /usr/local/lib/python3.11/site-packages/airflow/example_dags/example_task_group_decorator.py took 0.297 seconds
[2025-12-27T15:41:51.323+0000] {processor.py:161} INFO - Started process (PID=463) to work on /usr/local/lib/python3.11/site-packages/airflow/example_dags/example_task_group_decorator.py
[2025-12-27T15:41:51.325+0000] {processor.py:830} INFO - Processing file /usr/local/lib/python3.11/site-packages/airflow/example_dags/example_task_group_decorator.py for tasks to queue
[2025-12-27T15:41:51.330+0000] {logging_mixin.py:188} INFO - [2025-12-27T15:41:51.329+0000] {dagbag.py:545} INFO - Filling up the DagBag from /usr/local/lib/python3.11/site-packages/airflow/example_dags/example_task_group_decorator.py
[2025-12-27T15:41:51.374+0000] {processor.py:840} INFO - DAG(s) 'example_task_group_decorator' retrieved from /usr/local/lib/python3.11/site-packages/airflow/example_dags/example_task_group_decorator.py
[2025-12-27T15:41:51.540+0000] {logging_mixin.py:188} INFO - [2025-12-27T15:41:51.540+0000] {dag.py:3096} INFO - Sync 1 DAGs
[2025-12-27T15:41:51.597+0000] {logging_mixin.py:188} INFO - [2025-12-27T15:41:51.596+0000] {dag.py:3954} INFO - Setting next_dagrun for example_task_group_decorator to 2025-12-26 00:00:00+00:00, run_after=2025-12-27 00:00:00+00:00
[2025-12-27T15:41:51.826+0000] {processor.py:183} INFO - Processing /usr/local/lib/python3.11/site-packages/airflow/example_dags/example_task_group_decorator.py took 0.558 seconds
[2025-12-27T15:44:40.002+0000] {processor.py:161} INFO - Started process (PID=75) to work on /usr/local/lib/python3.11/site-packages/airflow/example_dags/example_task_group_decorator.py
[2025-12-27T15:44:40.004+0000] {processor.py:830} INFO - Processing file /usr/local/lib/python3.11/site-packages/airflow/example_dags/example_task_group_decorator.py for tasks to queue
[2025-12-27T15:44:40.006+0000] {logging_mixin.py:188} INFO - [2025-12-27T15:44:40.005+0000] {dagbag.py:545} INFO - Filling up the DagBag from /usr/local/lib/python3.11/site-packages/airflow/example_dags/example_task_group_decorator.py
[2025-12-27T15:44:40.024+0000] {processor.py:840} INFO - DAG(s) 'example_task_group_decorator' retrieved from /usr/local/lib/python3.11/site-packages/airflow/example_dags/example_task_group_decorator.py
[2025-12-27T15:44:40.180+0000] {logging_mixin.py:188} INFO - [2025-12-27T15:44:40.179+0000] {dag.py:3096} INFO - Sync 1 DAGs
[2025-12-27T15:44:40.210+0000] {logging_mixin.py:188} INFO - [2025-12-27T15:44:40.210+0000] {dag.py:3954} INFO - Setting next_dagrun for example_task_group_decorator to 2025-12-26 00:00:00+00:00, run_after=2025-12-27 00:00:00+00:00
[2025-12-27T15:44:40.442+0000] {processor.py:183} INFO - Processing /usr/local/lib/python3.11/site-packages/airflow/example_dags/example_task_group_decorator.py took 0.453 seconds
[2025-12-27T15:46:26.336+0000] {processor.py:161} INFO - Started process (PID=138) to work on /usr/local/lib/python3.11/site-packages/airflow/example_dags/example_task_group_decorator.py
[2025-12-27T15:46:26.337+0000] {processor.py:830} INFO - Processing file /usr/local/lib/python3.11/site-packages/airflow/example_dags/example_task_group_decorator.py for tasks to queue
[2025-12-27T15:46:26.339+0000] {logging_mixin.py:188} INFO - [2025-12-27T15:46:26.339+0000] {dagbag.py:545} INFO - Filling up the DagBag from /usr/local/lib/python3.11/site-packages/airflow/example_dags/example_task_group_decorator.py
[2025-12-27T15:46:26.360+0000] {processor.py:840} INFO - DAG(s) 'example_task_group_decorator' retrieved from /usr/local/lib/python3.11/site-packages/airflow/example_dags/example_task_group_decorator.py
[2025-12-27T15:46:26.400+0000] {logging_mixin.py:188} INFO - [2025-12-27T15:46:26.400+0000] {dag.py:3096} INFO - Sync 1 DAGs
[2025-12-27T15:46:26.435+0000] {logging_mixin.py:188} INFO - [2025-12-27T15:46:26.434+0000] {dag.py:3954} INFO - Setting next_dagrun for example_task_group_decorator to 2025-12-26 00:00:00+00:00, run_after=2025-12-27 00:00:00+00:00
[2025-12-27T15:46:26.620+0000] {processor.py:183} INFO - Processing /usr/local/lib/python3.11/site-packages/airflow/example_dags/example_task_group_decorator.py took 0.299 seconds
[2025-12-27T15:48:04.128+0000] {processor.py:161} INFO - Started process (PID=239) to work on /usr/local/lib/python3.11/site-packages/airflow/example_dags/example_task_group_decorator.py
[2025-12-27T15:48:04.129+0000] {processor.py:830} INFO - Processing file /usr/local/lib/python3.11/site-packages/airflow/example_dags/example_task_group_decorator.py for tasks to queue
[2025-12-27T15:48:04.131+0000] {logging_mixin.py:188} INFO - [2025-12-27T15:48:04.131+0000] {dagbag.py:545} INFO - Filling up the DagBag from /usr/local/lib/python3.11/site-packages/airflow/example_dags/example_task_group_decorator.py
[2025-12-27T15:48:04.149+0000] {processor.py:840} INFO - DAG(s) 'example_task_group_decorator' retrieved from /usr/local/lib/python3.11/site-packages/airflow/example_dags/example_task_group_decorator.py
[2025-12-27T15:48:04.192+0000] {logging_mixin.py:188} INFO - [2025-12-27T15:48:04.192+0000] {dag.py:3096} INFO - Sync 1 DAGs
[2025-12-27T15:48:04.228+0000] {logging_mixin.py:188} INFO - [2025-12-27T15:48:04.228+0000] {dag.py:3954} INFO - Setting next_dagrun for example_task_group_decorator to 2025-12-26 00:00:00+00:00, run_after=2025-12-27 00:00:00+00:00
[2025-12-27T15:48:04.423+0000] {processor.py:183} INFO - Processing /usr/local/lib/python3.11/site-packages/airflow/example_dags/example_task_group_decorator.py took 0.309 seconds
[2025-12-27T15:49:33.012+0000] {processor.py:161} INFO - Started process (PID=306) to work on /usr/local/lib/python3.11/site-packages/airflow/example_dags/example_task_group_decorator.py
[2025-12-27T15:49:33.013+0000] {processor.py:830} INFO - Processing file /usr/local/lib/python3.11/site-packages/airflow/example_dags/example_task_group_decorator.py for tasks to queue
[2025-12-27T15:49:33.015+0000] {logging_mixin.py:188} INFO - [2025-12-27T15:49:33.015+0000] {dagbag.py:545} INFO - Filling up the DagBag from /usr/local/lib/python3.11/site-packages/airflow/example_dags/example_task_group_decorator.py
[2025-12-27T15:49:33.039+0000] {processor.py:840} INFO - DAG(s) 'example_task_group_decorator' retrieved from /usr/local/lib/python3.11/site-packages/airflow/example_dags/example_task_group_decorator.py
[2025-12-27T15:49:33.090+0000] {logging_mixin.py:188} INFO - [2025-12-27T15:49:33.090+0000] {dag.py:3096} INFO - Sync 1 DAGs
[2025-12-27T15:49:33.122+0000] {logging_mixin.py:188} INFO - [2025-12-27T15:49:33.122+0000] {dag.py:3954} INFO - Setting next_dagrun for example_task_group_decorator to 2025-12-26 00:00:00+00:00, run_after=2025-12-27 00:00:00+00:00
[2025-12-27T15:49:33.427+0000] {processor.py:183} INFO - Processing /usr/local/lib/python3.11/site-packages/airflow/example_dags/example_task_group_decorator.py took 0.429 seconds
[2025-12-27T15:51:10.943+0000] {processor.py:161} INFO - Started process (PID=383) to work on /usr/local/lib/python3.11/site-packages/airflow/example_dags/example_task_group_decorator.py
[2025-12-27T15:51:10.944+0000] {processor.py:830} INFO - Processing file /usr/local/lib/python3.11/site-packages/airflow/example_dags/example_task_group_decorator.py for tasks to queue
[2025-12-27T15:51:10.946+0000] {logging_mixin.py:188} INFO - [2025-12-27T15:51:10.946+0000] {dagbag.py:545} INFO - Filling up the DagBag from /usr/local/lib/python3.11/site-packages/airflow/example_dags/example_task_group_decorator.py
[2025-12-27T15:51:10.963+0000] {processor.py:840} INFO - DAG(s) 'example_task_group_decorator' retrieved from /usr/local/lib/python3.11/site-packages/airflow/example_dags/example_task_group_decorator.py
[2025-12-27T15:51:11.003+0000] {logging_mixin.py:188} INFO - [2025-12-27T15:51:11.003+0000] {dag.py:3096} INFO - Sync 1 DAGs
[2025-12-27T15:51:11.036+0000] {logging_mixin.py:188} INFO - [2025-12-27T15:51:11.036+0000] {dag.py:3954} INFO - Setting next_dagrun for example_task_group_decorator to 2025-12-26 00:00:00+00:00, run_after=2025-12-27 00:00:00+00:00
[2025-12-27T15:51:11.267+0000] {processor.py:183} INFO - Processing /usr/local/lib/python3.11/site-packages/airflow/example_dags/example_task_group_decorator.py took 0.338 seconds
[2025-12-27T15:52:40.991+0000] {processor.py:161} INFO - Started process (PID=463) to work on /usr/local/lib/python3.11/site-packages/airflow/example_dags/example_task_group_decorator.py
[2025-12-27T15:52:40.992+0000] {processor.py:830} INFO - Processing file /usr/local/lib/python3.11/site-packages/airflow/example_dags/example_task_group_decorator.py for tasks to queue
[2025-12-27T15:52:40.994+0000] {logging_mixin.py:188} INFO - [2025-12-27T15:52:40.994+0000] {dagbag.py:545} INFO - Filling up the DagBag from /usr/local/lib/python3.11/site-packages/airflow/example_dags/example_task_group_decorator.py
[2025-12-27T15:52:41.023+0000] {processor.py:840} INFO - DAG(s) 'example_task_group_decorator' retrieved from /usr/local/lib/python3.11/site-packages/airflow/example_dags/example_task_group_decorator.py
[2025-12-27T15:52:41.063+0000] {logging_mixin.py:188} INFO - [2025-12-27T15:52:41.061+0000] {dag.py:3096} INFO - Sync 1 DAGs
[2025-12-27T15:52:41.096+0000] {logging_mixin.py:188} INFO - [2025-12-27T15:52:41.096+0000] {dag.py:3954} INFO - Setting next_dagrun for example_task_group_decorator to 2025-12-26 00:00:00+00:00, run_after=2025-12-27 00:00:00+00:00
[2025-12-27T15:52:41.365+0000] {processor.py:183} INFO - Processing /usr/local/lib/python3.11/site-packages/airflow/example_dags/example_task_group_decorator.py took 0.398 seconds
[2025-12-27T15:54:13.706+0000] {processor.py:161} INFO - Started process (PID=527) to work on /usr/local/lib/python3.11/site-packages/airflow/example_dags/example_task_group_decorator.py
[2025-12-27T15:54:13.708+0000] {processor.py:830} INFO - Processing file /usr/local/lib/python3.11/site-packages/airflow/example_dags/example_task_group_decorator.py for tasks to queue
[2025-12-27T15:54:13.710+0000] {logging_mixin.py:188} INFO - [2025-12-27T15:54:13.710+0000] {dagbag.py:545} INFO - Filling up the DagBag from /usr/local/lib/python3.11/site-packages/airflow/example_dags/example_task_group_decorator.py
[2025-12-27T15:54:13.735+0000] {processor.py:840} INFO - DAG(s) 'example_task_group_decorator' retrieved from /usr/local/lib/python3.11/site-packages/airflow/example_dags/example_task_group_decorator.py
[2025-12-27T15:54:13.973+0000] {logging_mixin.py:188} INFO - [2025-12-27T15:54:13.972+0000] {dag.py:3096} INFO - Sync 1 DAGs
[2025-12-27T15:54:14.012+0000] {logging_mixin.py:188} INFO - [2025-12-27T15:54:14.012+0000] {dag.py:3954} INFO - Setting next_dagrun for example_task_group_decorator to 2025-12-26 00:00:00+00:00, run_after=2025-12-27 00:00:00+00:00
[2025-12-27T15:54:14.216+0000] {processor.py:183} INFO - Processing /usr/local/lib/python3.11/site-packages/airflow/example_dags/example_task_group_decorator.py took 0.527 seconds
[2025-12-27T15:55:45.783+0000] {processor.py:161} INFO - Started process (PID=597) to work on /usr/local/lib/python3.11/site-packages/airflow/example_dags/example_task_group_decorator.py
[2025-12-27T15:55:45.784+0000] {processor.py:830} INFO - Processing file /usr/local/lib/python3.11/site-packages/airflow/example_dags/example_task_group_decorator.py for tasks to queue
[2025-12-27T15:55:45.789+0000] {logging_mixin.py:188} INFO - [2025-12-27T15:55:45.788+0000] {dagbag.py:545} INFO - Filling up the DagBag from /usr/local/lib/python3.11/site-packages/airflow/example_dags/example_task_group_decorator.py
[2025-12-27T15:55:45.815+0000] {processor.py:840} INFO - DAG(s) 'example_task_group_decorator' retrieved from /usr/local/lib/python3.11/site-packages/airflow/example_dags/example_task_group_decorator.py
[2025-12-27T15:55:45.861+0000] {logging_mixin.py:188} INFO - [2025-12-27T15:55:45.861+0000] {dag.py:3096} INFO - Sync 1 DAGs
[2025-12-27T15:55:45.899+0000] {logging_mixin.py:188} INFO - [2025-12-27T15:55:45.898+0000] {dag.py:3954} INFO - Setting next_dagrun for example_task_group_decorator to 2025-12-26 00:00:00+00:00, run_after=2025-12-27 00:00:00+00:00
[2025-12-27T15:55:46.081+0000] {processor.py:183} INFO - Processing /usr/local/lib/python3.11/site-packages/airflow/example_dags/example_task_group_decorator.py took 0.322 seconds
[2025-12-27T15:57:17.471+0000] {processor.py:161} INFO - Started process (PID=665) to work on /usr/local/lib/python3.11/site-packages/airflow/example_dags/example_task_group_decorator.py
[2025-12-27T15:57:17.472+0000] {processor.py:830} INFO - Processing file /usr/local/lib/python3.11/site-packages/airflow/example_dags/example_task_group_decorator.py for tasks to queue
[2025-12-27T15:57:17.475+0000] {logging_mixin.py:188} INFO - [2025-12-27T15:57:17.475+0000] {dagbag.py:545} INFO - Filling up the DagBag from /usr/local/lib/python3.11/site-packages/airflow/example_dags/example_task_group_decorator.py
[2025-12-27T15:57:17.502+0000] {processor.py:840} INFO - DAG(s) 'example_task_group_decorator' retrieved from /usr/local/lib/python3.11/site-packages/airflow/example_dags/example_task_group_decorator.py
[2025-12-27T15:57:17.594+0000] {logging_mixin.py:188} INFO - [2025-12-27T15:57:17.594+0000] {dag.py:3096} INFO - Sync 1 DAGs
[2025-12-27T15:57:17.650+0000] {logging_mixin.py:188} INFO - [2025-12-27T15:57:17.650+0000] {dag.py:3954} INFO - Setting next_dagrun for example_task_group_decorator to 2025-12-26 00:00:00+00:00, run_after=2025-12-27 00:00:00+00:00
[2025-12-27T15:57:18.046+0000] {processor.py:183} INFO - Processing /usr/local/lib/python3.11/site-packages/airflow/example_dags/example_task_group_decorator.py took 0.591 seconds
[2025-12-27T15:58:49.629+0000] {processor.py:161} INFO - Started process (PID=728) to work on /usr/local/lib/python3.11/site-packages/airflow/example_dags/example_task_group_decorator.py
[2025-12-27T15:58:49.631+0000] {processor.py:830} INFO - Processing file /usr/local/lib/python3.11/site-packages/airflow/example_dags/example_task_group_decorator.py for tasks to queue
[2025-12-27T15:58:49.633+0000] {logging_mixin.py:188} INFO - [2025-12-27T15:58:49.633+0000] {dagbag.py:545} INFO - Filling up the DagBag from /usr/local/lib/python3.11/site-packages/airflow/example_dags/example_task_group_decorator.py
[2025-12-27T15:58:49.652+0000] {processor.py:840} INFO - DAG(s) 'example_task_group_decorator' retrieved from /usr/local/lib/python3.11/site-packages/airflow/example_dags/example_task_group_decorator.py
[2025-12-27T15:58:49.701+0000] {logging_mixin.py:188} INFO - [2025-12-27T15:58:49.700+0000] {dag.py:3096} INFO - Sync 1 DAGs
[2025-12-27T15:58:49.750+0000] {logging_mixin.py:188} INFO - [2025-12-27T15:58:49.749+0000] {dag.py:3954} INFO - Setting next_dagrun for example_task_group_decorator to 2025-12-26 00:00:00+00:00, run_after=2025-12-27 00:00:00+00:00
[2025-12-27T15:58:49.985+0000] {processor.py:183} INFO - Processing /usr/local/lib/python3.11/site-packages/airflow/example_dags/example_task_group_decorator.py took 0.371 seconds
[2025-12-27T16:00:41.622+0000] {processor.py:161} INFO - Started process (PID=796) to work on /usr/local/lib/python3.11/site-packages/airflow/example_dags/example_task_group_decorator.py
[2025-12-27T16:00:41.623+0000] {processor.py:830} INFO - Processing file /usr/local/lib/python3.11/site-packages/airflow/example_dags/example_task_group_decorator.py for tasks to queue
[2025-12-27T16:00:41.626+0000] {logging_mixin.py:188} INFO - [2025-12-27T16:00:41.625+0000] {dagbag.py:545} INFO - Filling up the DagBag from /usr/local/lib/python3.11/site-packages/airflow/example_dags/example_task_group_decorator.py
[2025-12-27T16:00:41.649+0000] {processor.py:840} INFO - DAG(s) 'example_task_group_decorator' retrieved from /usr/local/lib/python3.11/site-packages/airflow/example_dags/example_task_group_decorator.py
[2025-12-27T16:00:41.735+0000] {logging_mixin.py:188} INFO - [2025-12-27T16:00:41.735+0000] {dag.py:3096} INFO - Sync 1 DAGs
[2025-12-27T16:00:41.800+0000] {logging_mixin.py:188} INFO - [2025-12-27T16:00:41.800+0000] {dag.py:3954} INFO - Setting next_dagrun for example_task_group_decorator to 2025-12-26 00:00:00+00:00, run_after=2025-12-27 00:00:00+00:00
[2025-12-27T16:00:42.022+0000] {processor.py:183} INFO - Processing /usr/local/lib/python3.11/site-packages/airflow/example_dags/example_task_group_decorator.py took 0.417 seconds
