[2025-12-27T13:46:51.887+0000] {processor.py:161} INFO - Started process (PID=67) to work on /usr/local/lib/python3.11/site-packages/airflow/example_dags/example_latest_only.py
[2025-12-27T13:46:51.889+0000] {processor.py:830} INFO - Processing file /usr/local/lib/python3.11/site-packages/airflow/example_dags/example_latest_only.py for tasks to queue
[2025-12-27T13:46:51.891+0000] {logging_mixin.py:188} INFO - [2025-12-27T13:46:51.890+0000] {dagbag.py:545} INFO - Filling up the DagBag from /usr/local/lib/python3.11/site-packages/airflow/example_dags/example_latest_only.py
[2025-12-27T13:46:51.897+0000] {processor.py:840} INFO - DAG(s) 'latest_only' retrieved from /usr/local/lib/python3.11/site-packages/airflow/example_dags/example_latest_only.py
[2025-12-27T13:46:52.306+0000] {logging_mixin.py:188} INFO - [2025-12-27T13:46:52.303+0000] {override.py:1930} INFO - Created Permission View: can edit on DAG:latest_only
[2025-12-27T13:46:52.473+0000] {logging_mixin.py:188} INFO - [2025-12-27T13:46:52.473+0000] {override.py:1930} INFO - Created Permission View: can read on DAG:latest_only
[2025-12-27T13:46:52.649+0000] {logging_mixin.py:188} INFO - [2025-12-27T13:46:52.649+0000] {override.py:1930} INFO - Created Permission View: can delete on DAG:latest_only
[2025-12-27T13:46:52.650+0000] {logging_mixin.py:188} INFO - [2025-12-27T13:46:52.650+0000] {dag.py:3096} INFO - Sync 1 DAGs
[2025-12-27T13:46:52.677+0000] {logging_mixin.py:188} INFO - [2025-12-27T13:46:52.677+0000] {dag.py:3118} INFO - Creating ORM DAG for latest_only
[2025-12-27T13:46:52.694+0000] {logging_mixin.py:188} INFO - [2025-12-27T13:46:52.694+0000] {dag.py:3954} INFO - Setting next_dagrun for latest_only to 2025-12-27 08:00:00+00:00, run_after=2025-12-27 12:00:00+00:00
[2025-12-27T13:46:52.926+0000] {processor.py:183} INFO - Processing /usr/local/lib/python3.11/site-packages/airflow/example_dags/example_latest_only.py took 1.052 seconds
[2025-12-27T13:48:22.217+0000] {processor.py:161} INFO - Started process (PID=119) to work on /usr/local/lib/python3.11/site-packages/airflow/example_dags/example_latest_only.py
[2025-12-27T13:48:22.219+0000] {processor.py:830} INFO - Processing file /usr/local/lib/python3.11/site-packages/airflow/example_dags/example_latest_only.py for tasks to queue
[2025-12-27T13:48:22.221+0000] {logging_mixin.py:188} INFO - [2025-12-27T13:48:22.221+0000] {dagbag.py:545} INFO - Filling up the DagBag from /usr/local/lib/python3.11/site-packages/airflow/example_dags/example_latest_only.py
[2025-12-27T13:48:22.227+0000] {processor.py:840} INFO - DAG(s) 'latest_only' retrieved from /usr/local/lib/python3.11/site-packages/airflow/example_dags/example_latest_only.py
[2025-12-27T13:48:22.258+0000] {logging_mixin.py:188} INFO - [2025-12-27T13:48:22.258+0000] {dag.py:3096} INFO - Sync 1 DAGs
[2025-12-27T13:48:22.293+0000] {logging_mixin.py:188} INFO - [2025-12-27T13:48:22.293+0000] {dag.py:3954} INFO - Setting next_dagrun for latest_only to 2025-12-27 08:00:00+00:00, run_after=2025-12-27 12:00:00+00:00
[2025-12-27T13:48:22.496+0000] {processor.py:183} INFO - Processing /usr/local/lib/python3.11/site-packages/airflow/example_dags/example_latest_only.py took 0.292 seconds
[2025-12-27T13:49:56.186+0000] {processor.py:161} INFO - Started process (PID=182) to work on /usr/local/lib/python3.11/site-packages/airflow/example_dags/example_latest_only.py
[2025-12-27T13:49:56.188+0000] {processor.py:830} INFO - Processing file /usr/local/lib/python3.11/site-packages/airflow/example_dags/example_latest_only.py for tasks to queue
[2025-12-27T13:49:56.190+0000] {logging_mixin.py:188} INFO - [2025-12-27T13:49:56.190+0000] {dagbag.py:545} INFO - Filling up the DagBag from /usr/local/lib/python3.11/site-packages/airflow/example_dags/example_latest_only.py
[2025-12-27T13:49:56.198+0000] {processor.py:840} INFO - DAG(s) 'latest_only' retrieved from /usr/local/lib/python3.11/site-packages/airflow/example_dags/example_latest_only.py
[2025-12-27T13:49:56.239+0000] {logging_mixin.py:188} INFO - [2025-12-27T13:49:56.238+0000] {dag.py:3096} INFO - Sync 1 DAGs
[2025-12-27T13:49:56.275+0000] {logging_mixin.py:188} INFO - [2025-12-27T13:49:56.275+0000] {dag.py:3954} INFO - Setting next_dagrun for latest_only to 2025-12-27 08:00:00+00:00, run_after=2025-12-27 12:00:00+00:00
[2025-12-27T13:49:56.508+0000] {processor.py:183} INFO - Processing /usr/local/lib/python3.11/site-packages/airflow/example_dags/example_latest_only.py took 0.339 seconds
[2025-12-27T13:51:21.232+0000] {processor.py:161} INFO - Started process (PID=243) to work on /usr/local/lib/python3.11/site-packages/airflow/example_dags/example_latest_only.py
[2025-12-27T13:51:21.234+0000] {processor.py:830} INFO - Processing file /usr/local/lib/python3.11/site-packages/airflow/example_dags/example_latest_only.py for tasks to queue
[2025-12-27T13:51:21.236+0000] {logging_mixin.py:188} INFO - [2025-12-27T13:51:21.236+0000] {dagbag.py:545} INFO - Filling up the DagBag from /usr/local/lib/python3.11/site-packages/airflow/example_dags/example_latest_only.py
[2025-12-27T13:51:21.242+0000] {processor.py:840} INFO - DAG(s) 'latest_only' retrieved from /usr/local/lib/python3.11/site-packages/airflow/example_dags/example_latest_only.py
[2025-12-27T13:51:21.274+0000] {logging_mixin.py:188} INFO - [2025-12-27T13:51:21.274+0000] {dag.py:3096} INFO - Sync 1 DAGs
[2025-12-27T13:51:21.313+0000] {logging_mixin.py:188} INFO - [2025-12-27T13:51:21.312+0000] {dag.py:3954} INFO - Setting next_dagrun for latest_only to 2025-12-27 08:00:00+00:00, run_after=2025-12-27 12:00:00+00:00
[2025-12-27T13:51:21.495+0000] {processor.py:183} INFO - Processing /usr/local/lib/python3.11/site-packages/airflow/example_dags/example_latest_only.py took 0.276 seconds
[2025-12-27T13:52:43.961+0000] {processor.py:161} INFO - Started process (PID=303) to work on /usr/local/lib/python3.11/site-packages/airflow/example_dags/example_latest_only.py
[2025-12-27T13:52:43.962+0000] {processor.py:830} INFO - Processing file /usr/local/lib/python3.11/site-packages/airflow/example_dags/example_latest_only.py for tasks to queue
[2025-12-27T13:52:43.965+0000] {logging_mixin.py:188} INFO - [2025-12-27T13:52:43.964+0000] {dagbag.py:545} INFO - Filling up the DagBag from /usr/local/lib/python3.11/site-packages/airflow/example_dags/example_latest_only.py
[2025-12-27T13:52:43.970+0000] {processor.py:840} INFO - DAG(s) 'latest_only' retrieved from /usr/local/lib/python3.11/site-packages/airflow/example_dags/example_latest_only.py
[2025-12-27T13:52:44.001+0000] {logging_mixin.py:188} INFO - [2025-12-27T13:52:44.001+0000] {dag.py:3096} INFO - Sync 1 DAGs
[2025-12-27T13:52:44.034+0000] {logging_mixin.py:188} INFO - [2025-12-27T13:52:44.034+0000] {dag.py:3954} INFO - Setting next_dagrun for latest_only to 2025-12-27 08:00:00+00:00, run_after=2025-12-27 12:00:00+00:00
[2025-12-27T13:52:44.920+0000] {processor.py:183} INFO - Processing /usr/local/lib/python3.11/site-packages/airflow/example_dags/example_latest_only.py took 0.972 seconds
[2025-12-27T13:54:08.805+0000] {processor.py:161} INFO - Started process (PID=364) to work on /usr/local/lib/python3.11/site-packages/airflow/example_dags/example_latest_only.py
[2025-12-27T13:54:08.806+0000] {processor.py:830} INFO - Processing file /usr/local/lib/python3.11/site-packages/airflow/example_dags/example_latest_only.py for tasks to queue
[2025-12-27T13:54:08.810+0000] {logging_mixin.py:188} INFO - [2025-12-27T13:54:08.808+0000] {dagbag.py:545} INFO - Filling up the DagBag from /usr/local/lib/python3.11/site-packages/airflow/example_dags/example_latest_only.py
[2025-12-27T13:54:08.821+0000] {processor.py:840} INFO - DAG(s) 'latest_only' retrieved from /usr/local/lib/python3.11/site-packages/airflow/example_dags/example_latest_only.py
[2025-12-27T13:54:08.852+0000] {logging_mixin.py:188} INFO - [2025-12-27T13:54:08.852+0000] {dag.py:3096} INFO - Sync 1 DAGs
[2025-12-27T13:54:08.885+0000] {logging_mixin.py:188} INFO - [2025-12-27T13:54:08.885+0000] {dag.py:3954} INFO - Setting next_dagrun for latest_only to 2025-12-27 08:00:00+00:00, run_after=2025-12-27 12:00:00+00:00
[2025-12-27T13:54:09.088+0000] {processor.py:183} INFO - Processing /usr/local/lib/python3.11/site-packages/airflow/example_dags/example_latest_only.py took 0.296 seconds
[2025-12-27T13:55:33.601+0000] {processor.py:161} INFO - Started process (PID=426) to work on /usr/local/lib/python3.11/site-packages/airflow/example_dags/example_latest_only.py
[2025-12-27T13:55:33.602+0000] {processor.py:830} INFO - Processing file /usr/local/lib/python3.11/site-packages/airflow/example_dags/example_latest_only.py for tasks to queue
[2025-12-27T13:55:33.606+0000] {logging_mixin.py:188} INFO - [2025-12-27T13:55:33.606+0000] {dagbag.py:545} INFO - Filling up the DagBag from /usr/local/lib/python3.11/site-packages/airflow/example_dags/example_latest_only.py
[2025-12-27T13:55:33.613+0000] {processor.py:840} INFO - DAG(s) 'latest_only' retrieved from /usr/local/lib/python3.11/site-packages/airflow/example_dags/example_latest_only.py
[2025-12-27T13:55:33.647+0000] {logging_mixin.py:188} INFO - [2025-12-27T13:55:33.647+0000] {dag.py:3096} INFO - Sync 1 DAGs
[2025-12-27T13:55:33.683+0000] {logging_mixin.py:188} INFO - [2025-12-27T13:55:33.683+0000] {dag.py:3954} INFO - Setting next_dagrun for latest_only to 2025-12-27 08:00:00+00:00, run_after=2025-12-27 12:00:00+00:00
[2025-12-27T13:55:33.884+0000] {processor.py:183} INFO - Processing /usr/local/lib/python3.11/site-packages/airflow/example_dags/example_latest_only.py took 0.303 seconds
[2025-12-27T13:56:59.101+0000] {processor.py:161} INFO - Started process (PID=487) to work on /usr/local/lib/python3.11/site-packages/airflow/example_dags/example_latest_only.py
[2025-12-27T13:56:59.102+0000] {processor.py:830} INFO - Processing file /usr/local/lib/python3.11/site-packages/airflow/example_dags/example_latest_only.py for tasks to queue
[2025-12-27T13:56:59.104+0000] {logging_mixin.py:188} INFO - [2025-12-27T13:56:59.104+0000] {dagbag.py:545} INFO - Filling up the DagBag from /usr/local/lib/python3.11/site-packages/airflow/example_dags/example_latest_only.py
[2025-12-27T13:56:59.110+0000] {processor.py:840} INFO - DAG(s) 'latest_only' retrieved from /usr/local/lib/python3.11/site-packages/airflow/example_dags/example_latest_only.py
[2025-12-27T13:56:59.139+0000] {logging_mixin.py:188} INFO - [2025-12-27T13:56:59.139+0000] {dag.py:3096} INFO - Sync 1 DAGs
[2025-12-27T13:56:59.172+0000] {logging_mixin.py:188} INFO - [2025-12-27T13:56:59.172+0000] {dag.py:3954} INFO - Setting next_dagrun for latest_only to 2025-12-27 08:00:00+00:00, run_after=2025-12-27 12:00:00+00:00
[2025-12-27T13:56:59.396+0000] {processor.py:183} INFO - Processing /usr/local/lib/python3.11/site-packages/airflow/example_dags/example_latest_only.py took 0.309 seconds
[2025-12-27T13:58:23.853+0000] {processor.py:161} INFO - Started process (PID=548) to work on /usr/local/lib/python3.11/site-packages/airflow/example_dags/example_latest_only.py
[2025-12-27T13:58:23.855+0000] {processor.py:830} INFO - Processing file /usr/local/lib/python3.11/site-packages/airflow/example_dags/example_latest_only.py for tasks to queue
[2025-12-27T13:58:23.858+0000] {logging_mixin.py:188} INFO - [2025-12-27T13:58:23.857+0000] {dagbag.py:545} INFO - Filling up the DagBag from /usr/local/lib/python3.11/site-packages/airflow/example_dags/example_latest_only.py
[2025-12-27T13:58:23.865+0000] {processor.py:840} INFO - DAG(s) 'latest_only' retrieved from /usr/local/lib/python3.11/site-packages/airflow/example_dags/example_latest_only.py
[2025-12-27T13:58:23.906+0000] {logging_mixin.py:188} INFO - [2025-12-27T13:58:23.906+0000] {dag.py:3096} INFO - Sync 1 DAGs
[2025-12-27T13:58:23.944+0000] {logging_mixin.py:188} INFO - [2025-12-27T13:58:23.944+0000] {dag.py:3954} INFO - Setting next_dagrun for latest_only to 2025-12-27 08:00:00+00:00, run_after=2025-12-27 12:00:00+00:00
[2025-12-27T13:58:24.138+0000] {processor.py:183} INFO - Processing /usr/local/lib/python3.11/site-packages/airflow/example_dags/example_latest_only.py took 0.302 seconds
[2025-12-27T13:59:49.601+0000] {processor.py:161} INFO - Started process (PID=609) to work on /usr/local/lib/python3.11/site-packages/airflow/example_dags/example_latest_only.py
[2025-12-27T13:59:49.603+0000] {processor.py:830} INFO - Processing file /usr/local/lib/python3.11/site-packages/airflow/example_dags/example_latest_only.py for tasks to queue
[2025-12-27T13:59:49.606+0000] {logging_mixin.py:188} INFO - [2025-12-27T13:59:49.605+0000] {dagbag.py:545} INFO - Filling up the DagBag from /usr/local/lib/python3.11/site-packages/airflow/example_dags/example_latest_only.py
[2025-12-27T13:59:49.615+0000] {processor.py:840} INFO - DAG(s) 'latest_only' retrieved from /usr/local/lib/python3.11/site-packages/airflow/example_dags/example_latest_only.py
[2025-12-27T13:59:49.670+0000] {logging_mixin.py:188} INFO - [2025-12-27T13:59:49.670+0000] {dag.py:3096} INFO - Sync 1 DAGs
[2025-12-27T13:59:49.726+0000] {logging_mixin.py:188} INFO - [2025-12-27T13:59:49.725+0000] {dag.py:3954} INFO - Setting next_dagrun for latest_only to 2025-12-27 08:00:00+00:00, run_after=2025-12-27 12:00:00+00:00
[2025-12-27T13:59:49.929+0000] {processor.py:183} INFO - Processing /usr/local/lib/python3.11/site-packages/airflow/example_dags/example_latest_only.py took 0.344 seconds
[2025-12-27T14:01:31.876+0000] {processor.py:161} INFO - Started process (PID=674) to work on /usr/local/lib/python3.11/site-packages/airflow/example_dags/example_latest_only.py
[2025-12-27T14:01:31.878+0000] {processor.py:830} INFO - Processing file /usr/local/lib/python3.11/site-packages/airflow/example_dags/example_latest_only.py for tasks to queue
[2025-12-27T14:01:31.880+0000] {logging_mixin.py:188} INFO - [2025-12-27T14:01:31.880+0000] {dagbag.py:545} INFO - Filling up the DagBag from /usr/local/lib/python3.11/site-packages/airflow/example_dags/example_latest_only.py
[2025-12-27T14:01:31.888+0000] {processor.py:840} INFO - DAG(s) 'latest_only' retrieved from /usr/local/lib/python3.11/site-packages/airflow/example_dags/example_latest_only.py
[2025-12-27T14:01:31.925+0000] {logging_mixin.py:188} INFO - [2025-12-27T14:01:31.924+0000] {dag.py:3096} INFO - Sync 1 DAGs
[2025-12-27T14:01:31.984+0000] {logging_mixin.py:188} INFO - [2025-12-27T14:01:31.983+0000] {dag.py:3954} INFO - Setting next_dagrun for latest_only to 2025-12-27 08:00:00+00:00, run_after=2025-12-27 12:00:00+00:00
[2025-12-27T14:01:32.621+0000] {processor.py:183} INFO - Processing /usr/local/lib/python3.11/site-packages/airflow/example_dags/example_latest_only.py took 0.765 seconds
[2025-12-27T14:03:58.172+0000] {processor.py:161} INFO - Started process (PID=751) to work on /usr/local/lib/python3.11/site-packages/airflow/example_dags/example_latest_only.py
[2025-12-27T14:03:58.174+0000] {processor.py:830} INFO - Processing file /usr/local/lib/python3.11/site-packages/airflow/example_dags/example_latest_only.py for tasks to queue
[2025-12-27T14:03:58.177+0000] {logging_mixin.py:188} INFO - [2025-12-27T14:03:58.176+0000] {dagbag.py:545} INFO - Filling up the DagBag from /usr/local/lib/python3.11/site-packages/airflow/example_dags/example_latest_only.py
[2025-12-27T14:03:58.186+0000] {processor.py:840} INFO - DAG(s) 'latest_only' retrieved from /usr/local/lib/python3.11/site-packages/airflow/example_dags/example_latest_only.py
[2025-12-27T14:03:58.220+0000] {logging_mixin.py:188} INFO - [2025-12-27T14:03:58.219+0000] {dag.py:3096} INFO - Sync 1 DAGs
[2025-12-27T14:03:58.252+0000] {logging_mixin.py:188} INFO - [2025-12-27T14:03:58.252+0000] {dag.py:3954} INFO - Setting next_dagrun for latest_only to 2025-12-27 08:00:00+00:00, run_after=2025-12-27 12:00:00+00:00
[2025-12-27T14:03:58.444+0000] {processor.py:183} INFO - Processing /usr/local/lib/python3.11/site-packages/airflow/example_dags/example_latest_only.py took 0.289 seconds
[2025-12-27T14:05:41.730+0000] {processor.py:161} INFO - Started process (PID=835) to work on /usr/local/lib/python3.11/site-packages/airflow/example_dags/example_latest_only.py
[2025-12-27T14:05:41.731+0000] {processor.py:830} INFO - Processing file /usr/local/lib/python3.11/site-packages/airflow/example_dags/example_latest_only.py for tasks to queue
[2025-12-27T14:05:41.734+0000] {logging_mixin.py:188} INFO - [2025-12-27T14:05:41.733+0000] {dagbag.py:545} INFO - Filling up the DagBag from /usr/local/lib/python3.11/site-packages/airflow/example_dags/example_latest_only.py
[2025-12-27T14:05:41.740+0000] {processor.py:840} INFO - DAG(s) 'latest_only' retrieved from /usr/local/lib/python3.11/site-packages/airflow/example_dags/example_latest_only.py
[2025-12-27T14:05:41.998+0000] {logging_mixin.py:188} INFO - [2025-12-27T14:05:41.998+0000] {dag.py:3096} INFO - Sync 1 DAGs
[2025-12-27T14:05:42.350+0000] {logging_mixin.py:188} INFO - [2025-12-27T14:05:42.350+0000] {dag.py:3954} INFO - Setting next_dagrun for latest_only to 2025-12-27 08:00:00+00:00, run_after=2025-12-27 12:00:00+00:00
[2025-12-27T14:05:43.264+0000] {processor.py:183} INFO - Processing /usr/local/lib/python3.11/site-packages/airflow/example_dags/example_latest_only.py took 1.561 seconds
[2025-12-27T14:07:30.348+0000] {processor.py:161} INFO - Started process (PID=902) to work on /usr/local/lib/python3.11/site-packages/airflow/example_dags/example_latest_only.py
[2025-12-27T14:07:30.351+0000] {processor.py:830} INFO - Processing file /usr/local/lib/python3.11/site-packages/airflow/example_dags/example_latest_only.py for tasks to queue
[2025-12-27T14:07:30.356+0000] {logging_mixin.py:188} INFO - [2025-12-27T14:07:30.355+0000] {dagbag.py:545} INFO - Filling up the DagBag from /usr/local/lib/python3.11/site-packages/airflow/example_dags/example_latest_only.py
[2025-12-27T14:07:30.374+0000] {processor.py:840} INFO - DAG(s) 'latest_only' retrieved from /usr/local/lib/python3.11/site-packages/airflow/example_dags/example_latest_only.py
[2025-12-27T14:07:30.620+0000] {logging_mixin.py:188} INFO - [2025-12-27T14:07:30.619+0000] {dag.py:3096} INFO - Sync 1 DAGs
[2025-12-27T14:07:30.750+0000] {logging_mixin.py:188} INFO - [2025-12-27T14:07:30.750+0000] {dag.py:3954} INFO - Setting next_dagrun for latest_only to 2025-12-27 08:00:00+00:00, run_after=2025-12-27 12:00:00+00:00
[2025-12-27T14:07:31.116+0000] {processor.py:183} INFO - Processing /usr/local/lib/python3.11/site-packages/airflow/example_dags/example_latest_only.py took 0.802 seconds
[2025-12-27T14:09:14.926+0000] {processor.py:161} INFO - Started process (PID=968) to work on /usr/local/lib/python3.11/site-packages/airflow/example_dags/example_latest_only.py
[2025-12-27T14:09:14.928+0000] {processor.py:830} INFO - Processing file /usr/local/lib/python3.11/site-packages/airflow/example_dags/example_latest_only.py for tasks to queue
[2025-12-27T14:09:14.934+0000] {logging_mixin.py:188} INFO - [2025-12-27T14:09:14.933+0000] {dagbag.py:545} INFO - Filling up the DagBag from /usr/local/lib/python3.11/site-packages/airflow/example_dags/example_latest_only.py
[2025-12-27T14:09:14.944+0000] {processor.py:840} INFO - DAG(s) 'latest_only' retrieved from /usr/local/lib/python3.11/site-packages/airflow/example_dags/example_latest_only.py
[2025-12-27T14:09:15.029+0000] {logging_mixin.py:188} INFO - [2025-12-27T14:09:15.028+0000] {dag.py:3096} INFO - Sync 1 DAGs
[2025-12-27T14:09:15.071+0000] {logging_mixin.py:188} INFO - [2025-12-27T14:09:15.071+0000] {dag.py:3954} INFO - Setting next_dagrun for latest_only to 2025-12-27 08:00:00+00:00, run_after=2025-12-27 12:00:00+00:00
[2025-12-27T14:09:15.277+0000] {processor.py:183} INFO - Processing /usr/local/lib/python3.11/site-packages/airflow/example_dags/example_latest_only.py took 0.373 seconds
[2025-12-27T14:11:04.015+0000] {processor.py:161} INFO - Started process (PID=1033) to work on /usr/local/lib/python3.11/site-packages/airflow/example_dags/example_latest_only.py
[2025-12-27T14:11:04.016+0000] {processor.py:830} INFO - Processing file /usr/local/lib/python3.11/site-packages/airflow/example_dags/example_latest_only.py for tasks to queue
[2025-12-27T14:11:04.018+0000] {logging_mixin.py:188} INFO - [2025-12-27T14:11:04.018+0000] {dagbag.py:545} INFO - Filling up the DagBag from /usr/local/lib/python3.11/site-packages/airflow/example_dags/example_latest_only.py
[2025-12-27T14:11:04.025+0000] {processor.py:840} INFO - DAG(s) 'latest_only' retrieved from /usr/local/lib/python3.11/site-packages/airflow/example_dags/example_latest_only.py
[2025-12-27T14:11:04.070+0000] {logging_mixin.py:188} INFO - [2025-12-27T14:11:04.070+0000] {dag.py:3096} INFO - Sync 1 DAGs
[2025-12-27T14:11:04.112+0000] {logging_mixin.py:188} INFO - [2025-12-27T14:11:04.112+0000] {dag.py:3954} INFO - Setting next_dagrun for latest_only to 2025-12-27 08:00:00+00:00, run_after=2025-12-27 12:00:00+00:00
[2025-12-27T14:11:05.295+0000] {processor.py:183} INFO - Processing /usr/local/lib/python3.11/site-packages/airflow/example_dags/example_latest_only.py took 1.295 seconds
[2025-12-27T14:13:10.776+0000] {processor.py:161} INFO - Started process (PID=1105) to work on /usr/local/lib/python3.11/site-packages/airflow/example_dags/example_latest_only.py
[2025-12-27T14:13:10.778+0000] {processor.py:830} INFO - Processing file /usr/local/lib/python3.11/site-packages/airflow/example_dags/example_latest_only.py for tasks to queue
[2025-12-27T14:13:10.781+0000] {logging_mixin.py:188} INFO - [2025-12-27T14:13:10.780+0000] {dagbag.py:545} INFO - Filling up the DagBag from /usr/local/lib/python3.11/site-packages/airflow/example_dags/example_latest_only.py
[2025-12-27T14:13:10.795+0000] {processor.py:840} INFO - DAG(s) 'latest_only' retrieved from /usr/local/lib/python3.11/site-packages/airflow/example_dags/example_latest_only.py
[2025-12-27T14:13:10.892+0000] {logging_mixin.py:188} INFO - [2025-12-27T14:13:10.891+0000] {dag.py:3096} INFO - Sync 1 DAGs
[2025-12-27T14:13:10.986+0000] {logging_mixin.py:188} INFO - [2025-12-27T14:13:10.986+0000] {dag.py:3954} INFO - Setting next_dagrun for latest_only to 2025-12-27 08:00:00+00:00, run_after=2025-12-27 12:00:00+00:00
[2025-12-27T14:13:11.281+0000] {processor.py:183} INFO - Processing /usr/local/lib/python3.11/site-packages/airflow/example_dags/example_latest_only.py took 0.524 seconds
[2025-12-27T14:32:43.861+0000] {processor.py:161} INFO - Started process (PID=63) to work on /usr/local/lib/python3.11/site-packages/airflow/example_dags/example_latest_only.py
[2025-12-27T14:32:43.862+0000] {processor.py:830} INFO - Processing file /usr/local/lib/python3.11/site-packages/airflow/example_dags/example_latest_only.py for tasks to queue
[2025-12-27T14:32:43.864+0000] {logging_mixin.py:188} INFO - [2025-12-27T14:32:43.864+0000] {dagbag.py:545} INFO - Filling up the DagBag from /usr/local/lib/python3.11/site-packages/airflow/example_dags/example_latest_only.py
[2025-12-27T14:32:43.871+0000] {processor.py:840} INFO - DAG(s) 'latest_only' retrieved from /usr/local/lib/python3.11/site-packages/airflow/example_dags/example_latest_only.py
[2025-12-27T14:32:44.012+0000] {logging_mixin.py:188} INFO - [2025-12-27T14:32:44.012+0000] {dag.py:3096} INFO - Sync 1 DAGs
[2025-12-27T14:32:44.041+0000] {logging_mixin.py:188} INFO - [2025-12-27T14:32:44.041+0000] {dag.py:3954} INFO - Setting next_dagrun for latest_only to 2025-12-27 08:00:00+00:00, run_after=2025-12-27 12:00:00+00:00
[2025-12-27T14:32:44.238+0000] {processor.py:183} INFO - Processing /usr/local/lib/python3.11/site-packages/airflow/example_dags/example_latest_only.py took 0.396 seconds
[2025-12-27T14:34:11.308+0000] {processor.py:161} INFO - Started process (PID=115) to work on /usr/local/lib/python3.11/site-packages/airflow/example_dags/example_latest_only.py
[2025-12-27T14:34:11.309+0000] {processor.py:830} INFO - Processing file /usr/local/lib/python3.11/site-packages/airflow/example_dags/example_latest_only.py for tasks to queue
[2025-12-27T14:34:11.318+0000] {logging_mixin.py:188} INFO - [2025-12-27T14:34:11.318+0000] {dagbag.py:545} INFO - Filling up the DagBag from /usr/local/lib/python3.11/site-packages/airflow/example_dags/example_latest_only.py
[2025-12-27T14:34:11.324+0000] {processor.py:840} INFO - DAG(s) 'latest_only' retrieved from /usr/local/lib/python3.11/site-packages/airflow/example_dags/example_latest_only.py
[2025-12-27T14:34:11.375+0000] {logging_mixin.py:188} INFO - [2025-12-27T14:34:11.375+0000] {dag.py:3096} INFO - Sync 1 DAGs
[2025-12-27T14:34:11.422+0000] {logging_mixin.py:188} INFO - [2025-12-27T14:34:11.422+0000] {dag.py:3954} INFO - Setting next_dagrun for latest_only to 2025-12-27 08:00:00+00:00, run_after=2025-12-27 12:00:00+00:00
[2025-12-27T14:34:11.707+0000] {processor.py:183} INFO - Processing /usr/local/lib/python3.11/site-packages/airflow/example_dags/example_latest_only.py took 0.416 seconds
[2025-12-27T14:35:59.480+0000] {processor.py:161} INFO - Started process (PID=182) to work on /usr/local/lib/python3.11/site-packages/airflow/example_dags/example_latest_only.py
[2025-12-27T14:35:59.482+0000] {processor.py:830} INFO - Processing file /usr/local/lib/python3.11/site-packages/airflow/example_dags/example_latest_only.py for tasks to queue
[2025-12-27T14:35:59.485+0000] {logging_mixin.py:188} INFO - [2025-12-27T14:35:59.484+0000] {dagbag.py:545} INFO - Filling up the DagBag from /usr/local/lib/python3.11/site-packages/airflow/example_dags/example_latest_only.py
[2025-12-27T14:35:59.492+0000] {processor.py:840} INFO - DAG(s) 'latest_only' retrieved from /usr/local/lib/python3.11/site-packages/airflow/example_dags/example_latest_only.py
[2025-12-27T14:35:59.526+0000] {logging_mixin.py:188} INFO - [2025-12-27T14:35:59.526+0000] {dag.py:3096} INFO - Sync 1 DAGs
[2025-12-27T14:35:59.574+0000] {logging_mixin.py:188} INFO - [2025-12-27T14:35:59.574+0000] {dag.py:3954} INFO - Setting next_dagrun for latest_only to 2025-12-27 08:00:00+00:00, run_after=2025-12-27 12:00:00+00:00
[2025-12-27T14:36:00.004+0000] {processor.py:183} INFO - Processing /usr/local/lib/python3.11/site-packages/airflow/example_dags/example_latest_only.py took 0.542 seconds
[2025-12-27T14:54:15.106+0000] {processor.py:161} INFO - Started process (PID=67) to work on /usr/local/lib/python3.11/site-packages/airflow/example_dags/example_latest_only.py
[2025-12-27T14:54:15.108+0000] {processor.py:830} INFO - Processing file /usr/local/lib/python3.11/site-packages/airflow/example_dags/example_latest_only.py for tasks to queue
[2025-12-27T14:54:15.111+0000] {logging_mixin.py:188} INFO - [2025-12-27T14:54:15.110+0000] {dagbag.py:545} INFO - Filling up the DagBag from /usr/local/lib/python3.11/site-packages/airflow/example_dags/example_latest_only.py
[2025-12-27T14:54:15.117+0000] {processor.py:840} INFO - DAG(s) 'latest_only' retrieved from /usr/local/lib/python3.11/site-packages/airflow/example_dags/example_latest_only.py
[2025-12-27T14:54:15.549+0000] {logging_mixin.py:188} INFO - [2025-12-27T14:54:15.548+0000] {override.py:1930} INFO - Created Permission View: can delete on DAG:latest_only
[2025-12-27T14:54:15.685+0000] {logging_mixin.py:188} INFO - [2025-12-27T14:54:15.684+0000] {override.py:1930} INFO - Created Permission View: can edit on DAG:latest_only
[2025-12-27T14:54:15.825+0000] {logging_mixin.py:188} INFO - [2025-12-27T14:54:15.825+0000] {override.py:1930} INFO - Created Permission View: can read on DAG:latest_only
[2025-12-27T14:54:15.826+0000] {logging_mixin.py:188} INFO - [2025-12-27T14:54:15.826+0000] {dag.py:3096} INFO - Sync 1 DAGs
[2025-12-27T14:54:15.851+0000] {logging_mixin.py:188} INFO - [2025-12-27T14:54:15.851+0000] {dag.py:3118} INFO - Creating ORM DAG for latest_only
[2025-12-27T14:54:15.866+0000] {logging_mixin.py:188} INFO - [2025-12-27T14:54:15.866+0000] {dag.py:3954} INFO - Setting next_dagrun for latest_only to 2025-12-27 08:00:00+00:00, run_after=2025-12-27 12:00:00+00:00
[2025-12-27T14:54:16.187+0000] {processor.py:183} INFO - Processing /usr/local/lib/python3.11/site-packages/airflow/example_dags/example_latest_only.py took 1.098 seconds
[2025-12-27T14:56:00.941+0000] {processor.py:161} INFO - Started process (PID=119) to work on /usr/local/lib/python3.11/site-packages/airflow/example_dags/example_latest_only.py
[2025-12-27T14:56:00.943+0000] {processor.py:830} INFO - Processing file /usr/local/lib/python3.11/site-packages/airflow/example_dags/example_latest_only.py for tasks to queue
[2025-12-27T14:56:00.946+0000] {logging_mixin.py:188} INFO - [2025-12-27T14:56:00.946+0000] {dagbag.py:545} INFO - Filling up the DagBag from /usr/local/lib/python3.11/site-packages/airflow/example_dags/example_latest_only.py
[2025-12-27T14:56:00.952+0000] {processor.py:840} INFO - DAG(s) 'latest_only' retrieved from /usr/local/lib/python3.11/site-packages/airflow/example_dags/example_latest_only.py
[2025-12-27T14:56:00.985+0000] {logging_mixin.py:188} INFO - [2025-12-27T14:56:00.985+0000] {dag.py:3096} INFO - Sync 1 DAGs
[2025-12-27T14:56:01.019+0000] {logging_mixin.py:188} INFO - [2025-12-27T14:56:01.019+0000] {dag.py:3954} INFO - Setting next_dagrun for latest_only to 2025-12-27 08:00:00+00:00, run_after=2025-12-27 12:00:00+00:00
[2025-12-27T14:56:01.227+0000] {processor.py:183} INFO - Processing /usr/local/lib/python3.11/site-packages/airflow/example_dags/example_latest_only.py took 0.300 seconds
[2025-12-27T14:57:50.036+0000] {processor.py:161} INFO - Started process (PID=186) to work on /usr/local/lib/python3.11/site-packages/airflow/example_dags/example_latest_only.py
[2025-12-27T14:57:50.037+0000] {processor.py:830} INFO - Processing file /usr/local/lib/python3.11/site-packages/airflow/example_dags/example_latest_only.py for tasks to queue
[2025-12-27T14:57:50.040+0000] {logging_mixin.py:188} INFO - [2025-12-27T14:57:50.039+0000] {dagbag.py:545} INFO - Filling up the DagBag from /usr/local/lib/python3.11/site-packages/airflow/example_dags/example_latest_only.py
[2025-12-27T14:57:50.046+0000] {processor.py:840} INFO - DAG(s) 'latest_only' retrieved from /usr/local/lib/python3.11/site-packages/airflow/example_dags/example_latest_only.py
[2025-12-27T14:57:50.078+0000] {logging_mixin.py:188} INFO - [2025-12-27T14:57:50.078+0000] {dag.py:3096} INFO - Sync 1 DAGs
[2025-12-27T14:57:50.120+0000] {logging_mixin.py:188} INFO - [2025-12-27T14:57:50.120+0000] {dag.py:3954} INFO - Setting next_dagrun for latest_only to 2025-12-27 08:00:00+00:00, run_after=2025-12-27 12:00:00+00:00
[2025-12-27T14:57:50.300+0000] {processor.py:183} INFO - Processing /usr/local/lib/python3.11/site-packages/airflow/example_dags/example_latest_only.py took 0.278 seconds
[2025-12-27T14:59:48.895+0000] {processor.py:161} INFO - Started process (PID=268) to work on /usr/local/lib/python3.11/site-packages/airflow/example_dags/example_latest_only.py
[2025-12-27T14:59:48.897+0000] {processor.py:830} INFO - Processing file /usr/local/lib/python3.11/site-packages/airflow/example_dags/example_latest_only.py for tasks to queue
[2025-12-27T14:59:48.899+0000] {logging_mixin.py:188} INFO - [2025-12-27T14:59:48.899+0000] {dagbag.py:545} INFO - Filling up the DagBag from /usr/local/lib/python3.11/site-packages/airflow/example_dags/example_latest_only.py
[2025-12-27T14:59:48.907+0000] {processor.py:840} INFO - DAG(s) 'latest_only' retrieved from /usr/local/lib/python3.11/site-packages/airflow/example_dags/example_latest_only.py
[2025-12-27T14:59:49.159+0000] {logging_mixin.py:188} INFO - [2025-12-27T14:59:49.158+0000] {dag.py:3096} INFO - Sync 1 DAGs
[2025-12-27T14:59:49.522+0000] {logging_mixin.py:188} INFO - [2025-12-27T14:59:49.522+0000] {dag.py:3954} INFO - Setting next_dagrun for latest_only to 2025-12-27 08:00:00+00:00, run_after=2025-12-27 12:00:00+00:00
[2025-12-27T14:59:51.217+0000] {processor.py:183} INFO - Processing /usr/local/lib/python3.11/site-packages/airflow/example_dags/example_latest_only.py took 2.342 seconds
[2025-12-27T15:01:51.612+0000] {processor.py:161} INFO - Started process (PID=346) to work on /usr/local/lib/python3.11/site-packages/airflow/example_dags/example_latest_only.py
[2025-12-27T15:01:51.614+0000] {processor.py:830} INFO - Processing file /usr/local/lib/python3.11/site-packages/airflow/example_dags/example_latest_only.py for tasks to queue
[2025-12-27T15:01:51.617+0000] {logging_mixin.py:188} INFO - [2025-12-27T15:01:51.616+0000] {dagbag.py:545} INFO - Filling up the DagBag from /usr/local/lib/python3.11/site-packages/airflow/example_dags/example_latest_only.py
[2025-12-27T15:01:51.623+0000] {processor.py:840} INFO - DAG(s) 'latest_only' retrieved from /usr/local/lib/python3.11/site-packages/airflow/example_dags/example_latest_only.py
[2025-12-27T15:01:51.652+0000] {logging_mixin.py:188} INFO - [2025-12-27T15:01:51.652+0000] {dag.py:3096} INFO - Sync 1 DAGs
[2025-12-27T15:01:51.692+0000] {logging_mixin.py:188} INFO - [2025-12-27T15:01:51.692+0000] {dag.py:3954} INFO - Setting next_dagrun for latest_only to 2025-12-27 08:00:00+00:00, run_after=2025-12-27 12:00:00+00:00
[2025-12-27T15:01:51.909+0000] {processor.py:183} INFO - Processing /usr/local/lib/python3.11/site-packages/airflow/example_dags/example_latest_only.py took 0.313 seconds
[2025-12-27T15:03:45.006+0000] {processor.py:161} INFO - Started process (PID=418) to work on /usr/local/lib/python3.11/site-packages/airflow/example_dags/example_latest_only.py
[2025-12-27T15:03:45.008+0000] {processor.py:830} INFO - Processing file /usr/local/lib/python3.11/site-packages/airflow/example_dags/example_latest_only.py for tasks to queue
[2025-12-27T15:03:45.012+0000] {logging_mixin.py:188} INFO - [2025-12-27T15:03:45.011+0000] {dagbag.py:545} INFO - Filling up the DagBag from /usr/local/lib/python3.11/site-packages/airflow/example_dags/example_latest_only.py
[2025-12-27T15:03:45.020+0000] {processor.py:840} INFO - DAG(s) 'latest_only' retrieved from /usr/local/lib/python3.11/site-packages/airflow/example_dags/example_latest_only.py
[2025-12-27T15:03:45.063+0000] {logging_mixin.py:188} INFO - [2025-12-27T15:03:45.063+0000] {dag.py:3096} INFO - Sync 1 DAGs
[2025-12-27T15:03:45.104+0000] {logging_mixin.py:188} INFO - [2025-12-27T15:03:45.104+0000] {dag.py:3954} INFO - Setting next_dagrun for latest_only to 2025-12-27 08:00:00+00:00, run_after=2025-12-27 12:00:00+00:00
[2025-12-27T15:03:45.296+0000] {processor.py:183} INFO - Processing /usr/local/lib/python3.11/site-packages/airflow/example_dags/example_latest_only.py took 0.309 seconds
[2025-12-27T15:05:10.752+0000] {processor.py:161} INFO - Started process (PID=479) to work on /usr/local/lib/python3.11/site-packages/airflow/example_dags/example_latest_only.py
[2025-12-27T15:05:10.754+0000] {processor.py:830} INFO - Processing file /usr/local/lib/python3.11/site-packages/airflow/example_dags/example_latest_only.py for tasks to queue
[2025-12-27T15:05:10.756+0000] {logging_mixin.py:188} INFO - [2025-12-27T15:05:10.756+0000] {dagbag.py:545} INFO - Filling up the DagBag from /usr/local/lib/python3.11/site-packages/airflow/example_dags/example_latest_only.py
[2025-12-27T15:05:10.763+0000] {processor.py:840} INFO - DAG(s) 'latest_only' retrieved from /usr/local/lib/python3.11/site-packages/airflow/example_dags/example_latest_only.py
[2025-12-27T15:05:10.796+0000] {logging_mixin.py:188} INFO - [2025-12-27T15:05:10.796+0000] {dag.py:3096} INFO - Sync 1 DAGs
[2025-12-27T15:05:10.837+0000] {logging_mixin.py:188} INFO - [2025-12-27T15:05:10.837+0000] {dag.py:3954} INFO - Setting next_dagrun for latest_only to 2025-12-27 08:00:00+00:00, run_after=2025-12-27 12:00:00+00:00
[2025-12-27T15:05:11.029+0000] {processor.py:183} INFO - Processing /usr/local/lib/python3.11/site-packages/airflow/example_dags/example_latest_only.py took 0.293 seconds
[2025-12-27T15:06:39.907+0000] {processor.py:161} INFO - Started process (PID=541) to work on /usr/local/lib/python3.11/site-packages/airflow/example_dags/example_latest_only.py
[2025-12-27T15:06:39.908+0000] {processor.py:830} INFO - Processing file /usr/local/lib/python3.11/site-packages/airflow/example_dags/example_latest_only.py for tasks to queue
[2025-12-27T15:06:39.910+0000] {logging_mixin.py:188} INFO - [2025-12-27T15:06:39.909+0000] {dagbag.py:545} INFO - Filling up the DagBag from /usr/local/lib/python3.11/site-packages/airflow/example_dags/example_latest_only.py
[2025-12-27T15:06:39.917+0000] {processor.py:840} INFO - DAG(s) 'latest_only' retrieved from /usr/local/lib/python3.11/site-packages/airflow/example_dags/example_latest_only.py
[2025-12-27T15:06:39.955+0000] {logging_mixin.py:188} INFO - [2025-12-27T15:06:39.955+0000] {dag.py:3096} INFO - Sync 1 DAGs
[2025-12-27T15:06:39.996+0000] {logging_mixin.py:188} INFO - [2025-12-27T15:06:39.995+0000] {dag.py:3954} INFO - Setting next_dagrun for latest_only to 2025-12-27 08:00:00+00:00, run_after=2025-12-27 12:00:00+00:00
[2025-12-27T15:06:40.295+0000] {processor.py:183} INFO - Processing /usr/local/lib/python3.11/site-packages/airflow/example_dags/example_latest_only.py took 0.410 seconds
[2025-12-27T15:08:12.635+0000] {processor.py:161} INFO - Started process (PID=604) to work on /usr/local/lib/python3.11/site-packages/airflow/example_dags/example_latest_only.py
[2025-12-27T15:08:12.637+0000] {processor.py:830} INFO - Processing file /usr/local/lib/python3.11/site-packages/airflow/example_dags/example_latest_only.py for tasks to queue
[2025-12-27T15:08:12.639+0000] {logging_mixin.py:188} INFO - [2025-12-27T15:08:12.639+0000] {dagbag.py:545} INFO - Filling up the DagBag from /usr/local/lib/python3.11/site-packages/airflow/example_dags/example_latest_only.py
[2025-12-27T15:08:12.647+0000] {processor.py:840} INFO - DAG(s) 'latest_only' retrieved from /usr/local/lib/python3.11/site-packages/airflow/example_dags/example_latest_only.py
[2025-12-27T15:08:12.717+0000] {logging_mixin.py:188} INFO - [2025-12-27T15:08:12.716+0000] {dag.py:3096} INFO - Sync 1 DAGs
[2025-12-27T15:08:12.773+0000] {logging_mixin.py:188} INFO - [2025-12-27T15:08:12.772+0000] {dag.py:3954} INFO - Setting next_dagrun for latest_only to 2025-12-27 08:00:00+00:00, run_after=2025-12-27 12:00:00+00:00
[2025-12-27T15:08:13.028+0000] {processor.py:183} INFO - Processing /usr/local/lib/python3.11/site-packages/airflow/example_dags/example_latest_only.py took 0.411 seconds
[2025-12-27T15:09:59.443+0000] {processor.py:161} INFO - Started process (PID=671) to work on /usr/local/lib/python3.11/site-packages/airflow/example_dags/example_latest_only.py
[2025-12-27T15:09:59.445+0000] {processor.py:830} INFO - Processing file /usr/local/lib/python3.11/site-packages/airflow/example_dags/example_latest_only.py for tasks to queue
[2025-12-27T15:09:59.448+0000] {logging_mixin.py:188} INFO - [2025-12-27T15:09:59.448+0000] {dagbag.py:545} INFO - Filling up the DagBag from /usr/local/lib/python3.11/site-packages/airflow/example_dags/example_latest_only.py
[2025-12-27T15:09:59.457+0000] {processor.py:840} INFO - DAG(s) 'latest_only' retrieved from /usr/local/lib/python3.11/site-packages/airflow/example_dags/example_latest_only.py
[2025-12-27T15:09:59.493+0000] {logging_mixin.py:188} INFO - [2025-12-27T15:09:59.493+0000] {dag.py:3096} INFO - Sync 1 DAGs
[2025-12-27T15:09:59.532+0000] {logging_mixin.py:188} INFO - [2025-12-27T15:09:59.532+0000] {dag.py:3954} INFO - Setting next_dagrun for latest_only to 2025-12-27 08:00:00+00:00, run_after=2025-12-27 12:00:00+00:00
[2025-12-27T15:09:59.873+0000] {processor.py:183} INFO - Processing /usr/local/lib/python3.11/site-packages/airflow/example_dags/example_latest_only.py took 0.449 seconds
[2025-12-27T15:11:49.410+0000] {processor.py:161} INFO - Started process (PID=739) to work on /usr/local/lib/python3.11/site-packages/airflow/example_dags/example_latest_only.py
[2025-12-27T15:11:49.412+0000] {processor.py:830} INFO - Processing file /usr/local/lib/python3.11/site-packages/airflow/example_dags/example_latest_only.py for tasks to queue
[2025-12-27T15:11:49.416+0000] {logging_mixin.py:188} INFO - [2025-12-27T15:11:49.415+0000] {dagbag.py:545} INFO - Filling up the DagBag from /usr/local/lib/python3.11/site-packages/airflow/example_dags/example_latest_only.py
[2025-12-27T15:11:49.425+0000] {processor.py:840} INFO - DAG(s) 'latest_only' retrieved from /usr/local/lib/python3.11/site-packages/airflow/example_dags/example_latest_only.py
[2025-12-27T15:11:49.462+0000] {logging_mixin.py:188} INFO - [2025-12-27T15:11:49.462+0000] {dag.py:3096} INFO - Sync 1 DAGs
[2025-12-27T15:11:49.501+0000] {logging_mixin.py:188} INFO - [2025-12-27T15:11:49.501+0000] {dag.py:3954} INFO - Setting next_dagrun for latest_only to 2025-12-27 08:00:00+00:00, run_after=2025-12-27 12:00:00+00:00
[2025-12-27T15:11:49.722+0000] {processor.py:183} INFO - Processing /usr/local/lib/python3.11/site-packages/airflow/example_dags/example_latest_only.py took 0.335 seconds
[2025-12-27T15:13:22.328+0000] {processor.py:161} INFO - Started process (PID=802) to work on /usr/local/lib/python3.11/site-packages/airflow/example_dags/example_latest_only.py
[2025-12-27T15:13:22.330+0000] {processor.py:830} INFO - Processing file /usr/local/lib/python3.11/site-packages/airflow/example_dags/example_latest_only.py for tasks to queue
[2025-12-27T15:13:22.332+0000] {logging_mixin.py:188} INFO - [2025-12-27T15:13:22.331+0000] {dagbag.py:545} INFO - Filling up the DagBag from /usr/local/lib/python3.11/site-packages/airflow/example_dags/example_latest_only.py
[2025-12-27T15:13:22.340+0000] {processor.py:840} INFO - DAG(s) 'latest_only' retrieved from /usr/local/lib/python3.11/site-packages/airflow/example_dags/example_latest_only.py
[2025-12-27T15:13:22.384+0000] {logging_mixin.py:188} INFO - [2025-12-27T15:13:22.384+0000] {dag.py:3096} INFO - Sync 1 DAGs
[2025-12-27T15:13:22.422+0000] {logging_mixin.py:188} INFO - [2025-12-27T15:13:22.421+0000] {dag.py:3954} INFO - Setting next_dagrun for latest_only to 2025-12-27 08:00:00+00:00, run_after=2025-12-27 12:00:00+00:00
[2025-12-27T15:13:22.686+0000] {processor.py:183} INFO - Processing /usr/local/lib/python3.11/site-packages/airflow/example_dags/example_latest_only.py took 0.372 seconds
[2025-12-27T15:15:02.868+0000] {processor.py:161} INFO - Started process (PID=865) to work on /usr/local/lib/python3.11/site-packages/airflow/example_dags/example_latest_only.py
[2025-12-27T15:15:02.869+0000] {processor.py:830} INFO - Processing file /usr/local/lib/python3.11/site-packages/airflow/example_dags/example_latest_only.py for tasks to queue
[2025-12-27T15:15:02.880+0000] {logging_mixin.py:188} INFO - [2025-12-27T15:15:02.879+0000] {dagbag.py:545} INFO - Filling up the DagBag from /usr/local/lib/python3.11/site-packages/airflow/example_dags/example_latest_only.py
[2025-12-27T15:15:02.888+0000] {processor.py:840} INFO - DAG(s) 'latest_only' retrieved from /usr/local/lib/python3.11/site-packages/airflow/example_dags/example_latest_only.py
[2025-12-27T15:15:02.929+0000] {logging_mixin.py:188} INFO - [2025-12-27T15:15:02.929+0000] {dag.py:3096} INFO - Sync 1 DAGs
[2025-12-27T15:15:02.974+0000] {logging_mixin.py:188} INFO - [2025-12-27T15:15:02.974+0000] {dag.py:3954} INFO - Setting next_dagrun for latest_only to 2025-12-27 08:00:00+00:00, run_after=2025-12-27 12:00:00+00:00
[2025-12-27T15:15:03.229+0000] {processor.py:183} INFO - Processing /usr/local/lib/python3.11/site-packages/airflow/example_dags/example_latest_only.py took 0.378 seconds
[2025-12-27T15:16:50.656+0000] {processor.py:161} INFO - Started process (PID=932) to work on /usr/local/lib/python3.11/site-packages/airflow/example_dags/example_latest_only.py
[2025-12-27T15:16:50.658+0000] {processor.py:830} INFO - Processing file /usr/local/lib/python3.11/site-packages/airflow/example_dags/example_latest_only.py for tasks to queue
[2025-12-27T15:16:50.660+0000] {logging_mixin.py:188} INFO - [2025-12-27T15:16:50.660+0000] {dagbag.py:545} INFO - Filling up the DagBag from /usr/local/lib/python3.11/site-packages/airflow/example_dags/example_latest_only.py
[2025-12-27T15:16:50.666+0000] {processor.py:840} INFO - DAG(s) 'latest_only' retrieved from /usr/local/lib/python3.11/site-packages/airflow/example_dags/example_latest_only.py
[2025-12-27T15:16:50.701+0000] {logging_mixin.py:188} INFO - [2025-12-27T15:16:50.700+0000] {dag.py:3096} INFO - Sync 1 DAGs
[2025-12-27T15:16:50.741+0000] {logging_mixin.py:188} INFO - [2025-12-27T15:16:50.741+0000] {dag.py:3954} INFO - Setting next_dagrun for latest_only to 2025-12-27 08:00:00+00:00, run_after=2025-12-27 12:00:00+00:00
[2025-12-27T15:16:50.955+0000] {processor.py:183} INFO - Processing /usr/local/lib/python3.11/site-packages/airflow/example_dags/example_latest_only.py took 0.313 seconds
[2025-12-27T15:18:36.607+0000] {processor.py:161} INFO - Started process (PID=999) to work on /usr/local/lib/python3.11/site-packages/airflow/example_dags/example_latest_only.py
[2025-12-27T15:18:36.608+0000] {processor.py:830} INFO - Processing file /usr/local/lib/python3.11/site-packages/airflow/example_dags/example_latest_only.py for tasks to queue
[2025-12-27T15:18:36.611+0000] {logging_mixin.py:188} INFO - [2025-12-27T15:18:36.611+0000] {dagbag.py:545} INFO - Filling up the DagBag from /usr/local/lib/python3.11/site-packages/airflow/example_dags/example_latest_only.py
[2025-12-27T15:18:36.619+0000] {processor.py:840} INFO - DAG(s) 'latest_only' retrieved from /usr/local/lib/python3.11/site-packages/airflow/example_dags/example_latest_only.py
[2025-12-27T15:18:36.649+0000] {logging_mixin.py:188} INFO - [2025-12-27T15:18:36.649+0000] {dag.py:3096} INFO - Sync 1 DAGs
[2025-12-27T15:18:36.694+0000] {logging_mixin.py:188} INFO - [2025-12-27T15:18:36.694+0000] {dag.py:3954} INFO - Setting next_dagrun for latest_only to 2025-12-27 08:00:00+00:00, run_after=2025-12-27 12:00:00+00:00
[2025-12-27T15:18:36.913+0000] {processor.py:183} INFO - Processing /usr/local/lib/python3.11/site-packages/airflow/example_dags/example_latest_only.py took 0.321 seconds
[2025-12-27T15:20:21.295+0000] {processor.py:161} INFO - Started process (PID=1065) to work on /usr/local/lib/python3.11/site-packages/airflow/example_dags/example_latest_only.py
[2025-12-27T15:20:21.296+0000] {processor.py:830} INFO - Processing file /usr/local/lib/python3.11/site-packages/airflow/example_dags/example_latest_only.py for tasks to queue
[2025-12-27T15:20:21.299+0000] {logging_mixin.py:188} INFO - [2025-12-27T15:20:21.298+0000] {dagbag.py:545} INFO - Filling up the DagBag from /usr/local/lib/python3.11/site-packages/airflow/example_dags/example_latest_only.py
[2025-12-27T15:20:21.305+0000] {processor.py:840} INFO - DAG(s) 'latest_only' retrieved from /usr/local/lib/python3.11/site-packages/airflow/example_dags/example_latest_only.py
[2025-12-27T15:20:21.339+0000] {logging_mixin.py:188} INFO - [2025-12-27T15:20:21.339+0000] {dag.py:3096} INFO - Sync 1 DAGs
[2025-12-27T15:20:21.377+0000] {logging_mixin.py:188} INFO - [2025-12-27T15:20:21.377+0000] {dag.py:3954} INFO - Setting next_dagrun for latest_only to 2025-12-27 08:00:00+00:00, run_after=2025-12-27 12:00:00+00:00
[2025-12-27T15:20:21.725+0000] {processor.py:183} INFO - Processing /usr/local/lib/python3.11/site-packages/airflow/example_dags/example_latest_only.py took 0.448 seconds
[2025-12-27T15:31:29.235+0000] {processor.py:161} INFO - Started process (PID=62) to work on /usr/local/lib/python3.11/site-packages/airflow/example_dags/example_latest_only.py
[2025-12-27T15:31:29.236+0000] {processor.py:830} INFO - Processing file /usr/local/lib/python3.11/site-packages/airflow/example_dags/example_latest_only.py for tasks to queue
[2025-12-27T15:31:29.238+0000] {logging_mixin.py:188} INFO - [2025-12-27T15:31:29.238+0000] {dagbag.py:545} INFO - Filling up the DagBag from /usr/local/lib/python3.11/site-packages/airflow/example_dags/example_latest_only.py
[2025-12-27T15:31:29.245+0000] {processor.py:840} INFO - DAG(s) 'latest_only' retrieved from /usr/local/lib/python3.11/site-packages/airflow/example_dags/example_latest_only.py
[2025-12-27T15:31:29.620+0000] {logging_mixin.py:188} INFO - [2025-12-27T15:31:29.620+0000] {dag.py:3096} INFO - Sync 1 DAGs
[2025-12-27T15:31:29.648+0000] {logging_mixin.py:188} INFO - [2025-12-27T15:31:29.648+0000] {dag.py:3954} INFO - Setting next_dagrun for latest_only to 2025-12-27 08:00:00+00:00, run_after=2025-12-27 12:00:00+00:00
[2025-12-27T15:31:29.876+0000] {processor.py:183} INFO - Processing /usr/local/lib/python3.11/site-packages/airflow/example_dags/example_latest_only.py took 0.656 seconds
[2025-12-27T15:33:00.601+0000] {processor.py:161} INFO - Started process (PID=114) to work on /usr/local/lib/python3.11/site-packages/airflow/example_dags/example_latest_only.py
[2025-12-27T15:33:00.602+0000] {processor.py:830} INFO - Processing file /usr/local/lib/python3.11/site-packages/airflow/example_dags/example_latest_only.py for tasks to queue
[2025-12-27T15:33:00.635+0000] {logging_mixin.py:188} INFO - [2025-12-27T15:33:00.634+0000] {dagbag.py:545} INFO - Filling up the DagBag from /usr/local/lib/python3.11/site-packages/airflow/example_dags/example_latest_only.py
[2025-12-27T15:33:00.643+0000] {processor.py:840} INFO - DAG(s) 'latest_only' retrieved from /usr/local/lib/python3.11/site-packages/airflow/example_dags/example_latest_only.py
[2025-12-27T15:33:01.054+0000] {logging_mixin.py:188} INFO - [2025-12-27T15:33:01.054+0000] {dag.py:3096} INFO - Sync 1 DAGs
[2025-12-27T15:33:01.092+0000] {logging_mixin.py:188} INFO - [2025-12-27T15:33:01.092+0000] {dag.py:3954} INFO - Setting next_dagrun for latest_only to 2025-12-27 08:00:00+00:00, run_after=2025-12-27 12:00:00+00:00
[2025-12-27T15:33:01.343+0000] {processor.py:183} INFO - Processing /usr/local/lib/python3.11/site-packages/airflow/example_dags/example_latest_only.py took 0.773 seconds
[2025-12-27T15:34:39.254+0000] {processor.py:161} INFO - Started process (PID=179) to work on /usr/local/lib/python3.11/site-packages/airflow/example_dags/example_latest_only.py
[2025-12-27T15:34:39.255+0000] {processor.py:830} INFO - Processing file /usr/local/lib/python3.11/site-packages/airflow/example_dags/example_latest_only.py for tasks to queue
[2025-12-27T15:34:39.257+0000] {logging_mixin.py:188} INFO - [2025-12-27T15:34:39.257+0000] {dagbag.py:545} INFO - Filling up the DagBag from /usr/local/lib/python3.11/site-packages/airflow/example_dags/example_latest_only.py
[2025-12-27T15:34:39.263+0000] {processor.py:840} INFO - DAG(s) 'latest_only' retrieved from /usr/local/lib/python3.11/site-packages/airflow/example_dags/example_latest_only.py
[2025-12-27T15:34:39.297+0000] {logging_mixin.py:188} INFO - [2025-12-27T15:34:39.296+0000] {dag.py:3096} INFO - Sync 1 DAGs
[2025-12-27T15:34:39.328+0000] {logging_mixin.py:188} INFO - [2025-12-27T15:34:39.328+0000] {dag.py:3954} INFO - Setting next_dagrun for latest_only to 2025-12-27 08:00:00+00:00, run_after=2025-12-27 12:00:00+00:00
[2025-12-27T15:34:39.528+0000] {processor.py:183} INFO - Processing /usr/local/lib/python3.11/site-packages/airflow/example_dags/example_latest_only.py took 0.287 seconds
[2025-12-27T15:36:09.285+0000] {processor.py:161} INFO - Started process (PID=242) to work on /usr/local/lib/python3.11/site-packages/airflow/example_dags/example_latest_only.py
[2025-12-27T15:36:09.286+0000] {processor.py:830} INFO - Processing file /usr/local/lib/python3.11/site-packages/airflow/example_dags/example_latest_only.py for tasks to queue
[2025-12-27T15:36:09.290+0000] {logging_mixin.py:188} INFO - [2025-12-27T15:36:09.289+0000] {dagbag.py:545} INFO - Filling up the DagBag from /usr/local/lib/python3.11/site-packages/airflow/example_dags/example_latest_only.py
[2025-12-27T15:36:09.296+0000] {processor.py:840} INFO - DAG(s) 'latest_only' retrieved from /usr/local/lib/python3.11/site-packages/airflow/example_dags/example_latest_only.py
[2025-12-27T15:36:09.331+0000] {logging_mixin.py:188} INFO - [2025-12-27T15:36:09.330+0000] {dag.py:3096} INFO - Sync 1 DAGs
[2025-12-27T15:36:09.363+0000] {logging_mixin.py:188} INFO - [2025-12-27T15:36:09.363+0000] {dag.py:3954} INFO - Setting next_dagrun for latest_only to 2025-12-27 08:00:00+00:00, run_after=2025-12-27 12:00:00+00:00
[2025-12-27T15:36:09.564+0000] {processor.py:183} INFO - Processing /usr/local/lib/python3.11/site-packages/airflow/example_dags/example_latest_only.py took 0.297 seconds
[2025-12-27T15:37:45.887+0000] {processor.py:161} INFO - Started process (PID=306) to work on /usr/local/lib/python3.11/site-packages/airflow/example_dags/example_latest_only.py
[2025-12-27T15:37:45.888+0000] {processor.py:830} INFO - Processing file /usr/local/lib/python3.11/site-packages/airflow/example_dags/example_latest_only.py for tasks to queue
[2025-12-27T15:37:45.890+0000] {logging_mixin.py:188} INFO - [2025-12-27T15:37:45.890+0000] {dagbag.py:545} INFO - Filling up the DagBag from /usr/local/lib/python3.11/site-packages/airflow/example_dags/example_latest_only.py
[2025-12-27T15:37:45.896+0000] {processor.py:840} INFO - DAG(s) 'latest_only' retrieved from /usr/local/lib/python3.11/site-packages/airflow/example_dags/example_latest_only.py
[2025-12-27T15:37:45.928+0000] {logging_mixin.py:188} INFO - [2025-12-27T15:37:45.927+0000] {dag.py:3096} INFO - Sync 1 DAGs
[2025-12-27T15:37:45.965+0000] {logging_mixin.py:188} INFO - [2025-12-27T15:37:45.965+0000] {dag.py:3954} INFO - Setting next_dagrun for latest_only to 2025-12-27 08:00:00+00:00, run_after=2025-12-27 12:00:00+00:00
[2025-12-27T15:37:46.209+0000] {processor.py:183} INFO - Processing /usr/local/lib/python3.11/site-packages/airflow/example_dags/example_latest_only.py took 0.336 seconds
[2025-12-27T15:39:18.663+0000] {processor.py:161} INFO - Started process (PID=368) to work on /usr/local/lib/python3.11/site-packages/airflow/example_dags/example_latest_only.py
[2025-12-27T15:39:18.664+0000] {processor.py:830} INFO - Processing file /usr/local/lib/python3.11/site-packages/airflow/example_dags/example_latest_only.py for tasks to queue
[2025-12-27T15:39:18.666+0000] {logging_mixin.py:188} INFO - [2025-12-27T15:39:18.666+0000] {dagbag.py:545} INFO - Filling up the DagBag from /usr/local/lib/python3.11/site-packages/airflow/example_dags/example_latest_only.py
[2025-12-27T15:39:18.672+0000] {processor.py:840} INFO - DAG(s) 'latest_only' retrieved from /usr/local/lib/python3.11/site-packages/airflow/example_dags/example_latest_only.py
[2025-12-27T15:39:18.700+0000] {logging_mixin.py:188} INFO - [2025-12-27T15:39:18.700+0000] {dag.py:3096} INFO - Sync 1 DAGs
[2025-12-27T15:39:18.733+0000] {logging_mixin.py:188} INFO - [2025-12-27T15:39:18.733+0000] {dag.py:3954} INFO - Setting next_dagrun for latest_only to 2025-12-27 08:00:00+00:00, run_after=2025-12-27 12:00:00+00:00
[2025-12-27T15:39:18.917+0000] {processor.py:183} INFO - Processing /usr/local/lib/python3.11/site-packages/airflow/example_dags/example_latest_only.py took 0.268 seconds
[2025-12-27T15:41:06.286+0000] {processor.py:161} INFO - Started process (PID=433) to work on /usr/local/lib/python3.11/site-packages/airflow/example_dags/example_latest_only.py
[2025-12-27T15:41:06.288+0000] {processor.py:830} INFO - Processing file /usr/local/lib/python3.11/site-packages/airflow/example_dags/example_latest_only.py for tasks to queue
[2025-12-27T15:41:06.292+0000] {logging_mixin.py:188} INFO - [2025-12-27T15:41:06.291+0000] {dagbag.py:545} INFO - Filling up the DagBag from /usr/local/lib/python3.11/site-packages/airflow/example_dags/example_latest_only.py
[2025-12-27T15:41:06.307+0000] {processor.py:840} INFO - DAG(s) 'latest_only' retrieved from /usr/local/lib/python3.11/site-packages/airflow/example_dags/example_latest_only.py
[2025-12-27T15:41:06.547+0000] {logging_mixin.py:188} INFO - [2025-12-27T15:41:06.547+0000] {dag.py:3096} INFO - Sync 1 DAGs
[2025-12-27T15:41:06.599+0000] {logging_mixin.py:188} INFO - [2025-12-27T15:41:06.598+0000] {dag.py:3954} INFO - Setting next_dagrun for latest_only to 2025-12-27 08:00:00+00:00, run_after=2025-12-27 12:00:00+00:00
[2025-12-27T15:41:06.834+0000] {processor.py:183} INFO - Processing /usr/local/lib/python3.11/site-packages/airflow/example_dags/example_latest_only.py took 0.571 seconds
[2025-12-27T15:44:26.595+0000] {processor.py:161} INFO - Started process (PID=66) to work on /usr/local/lib/python3.11/site-packages/airflow/example_dags/example_latest_only.py
[2025-12-27T15:44:26.596+0000] {processor.py:830} INFO - Processing file /usr/local/lib/python3.11/site-packages/airflow/example_dags/example_latest_only.py for tasks to queue
[2025-12-27T15:44:26.600+0000] {logging_mixin.py:188} INFO - [2025-12-27T15:44:26.599+0000] {dagbag.py:545} INFO - Filling up the DagBag from /usr/local/lib/python3.11/site-packages/airflow/example_dags/example_latest_only.py
[2025-12-27T15:44:26.607+0000] {processor.py:840} INFO - DAG(s) 'latest_only' retrieved from /usr/local/lib/python3.11/site-packages/airflow/example_dags/example_latest_only.py
[2025-12-27T15:44:26.771+0000] {logging_mixin.py:188} INFO - [2025-12-27T15:44:26.771+0000] {dag.py:3096} INFO - Sync 1 DAGs
[2025-12-27T15:44:26.801+0000] {logging_mixin.py:188} INFO - [2025-12-27T15:44:26.801+0000] {dag.py:3954} INFO - Setting next_dagrun for latest_only to 2025-12-27 08:00:00+00:00, run_after=2025-12-27 12:00:00+00:00
[2025-12-27T15:44:27.015+0000] {processor.py:183} INFO - Processing /usr/local/lib/python3.11/site-packages/airflow/example_dags/example_latest_only.py took 0.435 seconds
[2025-12-27T15:46:07.816+0000] {processor.py:161} INFO - Started process (PID=129) to work on /usr/local/lib/python3.11/site-packages/airflow/example_dags/example_latest_only.py
[2025-12-27T15:46:07.826+0000] {processor.py:830} INFO - Processing file /usr/local/lib/python3.11/site-packages/airflow/example_dags/example_latest_only.py for tasks to queue
[2025-12-27T15:46:07.837+0000] {logging_mixin.py:188} INFO - [2025-12-27T15:46:07.836+0000] {dagbag.py:545} INFO - Filling up the DagBag from /usr/local/lib/python3.11/site-packages/airflow/example_dags/example_latest_only.py
[2025-12-27T15:46:07.859+0000] {processor.py:840} INFO - DAG(s) 'latest_only' retrieved from /usr/local/lib/python3.11/site-packages/airflow/example_dags/example_latest_only.py
[2025-12-27T15:46:08.074+0000] {logging_mixin.py:188} INFO - [2025-12-27T15:46:08.074+0000] {dag.py:3096} INFO - Sync 1 DAGs
[2025-12-27T15:46:08.216+0000] {logging_mixin.py:188} INFO - [2025-12-27T15:46:08.216+0000] {dag.py:3954} INFO - Setting next_dagrun for latest_only to 2025-12-27 08:00:00+00:00, run_after=2025-12-27 12:00:00+00:00
[2025-12-27T15:46:08.617+0000] {processor.py:183} INFO - Processing /usr/local/lib/python3.11/site-packages/airflow/example_dags/example_latest_only.py took 0.830 seconds
[2025-12-27T15:47:30.505+0000] {processor.py:161} INFO - Started process (PID=207) to work on /usr/local/lib/python3.11/site-packages/airflow/example_dags/example_latest_only.py
[2025-12-27T15:47:30.506+0000] {processor.py:830} INFO - Processing file /usr/local/lib/python3.11/site-packages/airflow/example_dags/example_latest_only.py for tasks to queue
[2025-12-27T15:47:30.509+0000] {logging_mixin.py:188} INFO - [2025-12-27T15:47:30.509+0000] {dagbag.py:545} INFO - Filling up the DagBag from /usr/local/lib/python3.11/site-packages/airflow/example_dags/example_latest_only.py
[2025-12-27T15:47:30.516+0000] {processor.py:840} INFO - DAG(s) 'latest_only' retrieved from /usr/local/lib/python3.11/site-packages/airflow/example_dags/example_latest_only.py
[2025-12-27T15:47:30.554+0000] {logging_mixin.py:188} INFO - [2025-12-27T15:47:30.554+0000] {dag.py:3096} INFO - Sync 1 DAGs
[2025-12-27T15:47:30.594+0000] {logging_mixin.py:188} INFO - [2025-12-27T15:47:30.594+0000] {dag.py:3954} INFO - Setting next_dagrun for latest_only to 2025-12-27 08:00:00+00:00, run_after=2025-12-27 12:00:00+00:00
[2025-12-27T15:47:30.845+0000] {processor.py:183} INFO - Processing /usr/local/lib/python3.11/site-packages/airflow/example_dags/example_latest_only.py took 0.354 seconds
[2025-12-27T15:49:02.260+0000] {processor.py:161} INFO - Started process (PID=282) to work on /usr/local/lib/python3.11/site-packages/airflow/example_dags/example_latest_only.py
[2025-12-27T15:49:02.263+0000] {processor.py:830} INFO - Processing file /usr/local/lib/python3.11/site-packages/airflow/example_dags/example_latest_only.py for tasks to queue
[2025-12-27T15:49:02.267+0000] {logging_mixin.py:188} INFO - [2025-12-27T15:49:02.266+0000] {dagbag.py:545} INFO - Filling up the DagBag from /usr/local/lib/python3.11/site-packages/airflow/example_dags/example_latest_only.py
[2025-12-27T15:49:02.277+0000] {processor.py:840} INFO - DAG(s) 'latest_only' retrieved from /usr/local/lib/python3.11/site-packages/airflow/example_dags/example_latest_only.py
[2025-12-27T15:49:02.319+0000] {logging_mixin.py:188} INFO - [2025-12-27T15:49:02.318+0000] {dag.py:3096} INFO - Sync 1 DAGs
[2025-12-27T15:49:02.365+0000] {logging_mixin.py:188} INFO - [2025-12-27T15:49:02.364+0000] {dag.py:3954} INFO - Setting next_dagrun for latest_only to 2025-12-27 08:00:00+00:00, run_after=2025-12-27 12:00:00+00:00
[2025-12-27T15:49:02.587+0000] {processor.py:183} INFO - Processing /usr/local/lib/python3.11/site-packages/airflow/example_dags/example_latest_only.py took 0.364 seconds
[2025-12-27T15:50:36.899+0000] {processor.py:161} INFO - Started process (PID=348) to work on /usr/local/lib/python3.11/site-packages/airflow/example_dags/example_latest_only.py
[2025-12-27T15:50:36.900+0000] {processor.py:830} INFO - Processing file /usr/local/lib/python3.11/site-packages/airflow/example_dags/example_latest_only.py for tasks to queue
[2025-12-27T15:50:36.902+0000] {logging_mixin.py:188} INFO - [2025-12-27T15:50:36.902+0000] {dagbag.py:545} INFO - Filling up the DagBag from /usr/local/lib/python3.11/site-packages/airflow/example_dags/example_latest_only.py
[2025-12-27T15:50:36.908+0000] {processor.py:840} INFO - DAG(s) 'latest_only' retrieved from /usr/local/lib/python3.11/site-packages/airflow/example_dags/example_latest_only.py
[2025-12-27T15:50:36.941+0000] {logging_mixin.py:188} INFO - [2025-12-27T15:50:36.941+0000] {dag.py:3096} INFO - Sync 1 DAGs
[2025-12-27T15:50:36.975+0000] {logging_mixin.py:188} INFO - [2025-12-27T15:50:36.975+0000] {dag.py:3954} INFO - Setting next_dagrun for latest_only to 2025-12-27 08:00:00+00:00, run_after=2025-12-27 12:00:00+00:00
[2025-12-27T15:50:37.942+0000] {processor.py:183} INFO - Processing /usr/local/lib/python3.11/site-packages/airflow/example_dags/example_latest_only.py took 1.055 seconds
[2025-12-27T15:52:08.802+0000] {processor.py:161} INFO - Started process (PID=430) to work on /usr/local/lib/python3.11/site-packages/airflow/example_dags/example_latest_only.py
[2025-12-27T15:52:08.803+0000] {processor.py:830} INFO - Processing file /usr/local/lib/python3.11/site-packages/airflow/example_dags/example_latest_only.py for tasks to queue
[2025-12-27T15:52:08.806+0000] {logging_mixin.py:188} INFO - [2025-12-27T15:52:08.805+0000] {dagbag.py:545} INFO - Filling up the DagBag from /usr/local/lib/python3.11/site-packages/airflow/example_dags/example_latest_only.py
[2025-12-27T15:52:08.812+0000] {processor.py:840} INFO - DAG(s) 'latest_only' retrieved from /usr/local/lib/python3.11/site-packages/airflow/example_dags/example_latest_only.py
[2025-12-27T15:52:08.844+0000] {logging_mixin.py:188} INFO - [2025-12-27T15:52:08.844+0000] {dag.py:3096} INFO - Sync 1 DAGs
[2025-12-27T15:52:08.878+0000] {logging_mixin.py:188} INFO - [2025-12-27T15:52:08.878+0000] {dag.py:3954} INFO - Setting next_dagrun for latest_only to 2025-12-27 08:00:00+00:00, run_after=2025-12-27 12:00:00+00:00
[2025-12-27T15:52:09.074+0000] {processor.py:183} INFO - Processing /usr/local/lib/python3.11/site-packages/airflow/example_dags/example_latest_only.py took 0.285 seconds
[2025-12-27T15:53:41.984+0000] {processor.py:161} INFO - Started process (PID=505) to work on /usr/local/lib/python3.11/site-packages/airflow/example_dags/example_latest_only.py
[2025-12-27T15:53:41.986+0000] {processor.py:830} INFO - Processing file /usr/local/lib/python3.11/site-packages/airflow/example_dags/example_latest_only.py for tasks to queue
[2025-12-27T15:53:41.988+0000] {logging_mixin.py:188} INFO - [2025-12-27T15:53:41.987+0000] {dagbag.py:545} INFO - Filling up the DagBag from /usr/local/lib/python3.11/site-packages/airflow/example_dags/example_latest_only.py
[2025-12-27T15:53:41.994+0000] {processor.py:840} INFO - DAG(s) 'latest_only' retrieved from /usr/local/lib/python3.11/site-packages/airflow/example_dags/example_latest_only.py
[2025-12-27T15:53:42.026+0000] {logging_mixin.py:188} INFO - [2025-12-27T15:53:42.026+0000] {dag.py:3096} INFO - Sync 1 DAGs
[2025-12-27T15:53:42.072+0000] {logging_mixin.py:188} INFO - [2025-12-27T15:53:42.072+0000] {dag.py:3954} INFO - Setting next_dagrun for latest_only to 2025-12-27 08:00:00+00:00, run_after=2025-12-27 12:00:00+00:00
[2025-12-27T15:53:42.265+0000] {processor.py:183} INFO - Processing /usr/local/lib/python3.11/site-packages/airflow/example_dags/example_latest_only.py took 0.294 seconds
[2025-12-27T15:55:12.854+0000] {processor.py:161} INFO - Started process (PID=575) to work on /usr/local/lib/python3.11/site-packages/airflow/example_dags/example_latest_only.py
[2025-12-27T15:55:12.856+0000] {processor.py:830} INFO - Processing file /usr/local/lib/python3.11/site-packages/airflow/example_dags/example_latest_only.py for tasks to queue
[2025-12-27T15:55:12.858+0000] {logging_mixin.py:188} INFO - [2025-12-27T15:55:12.858+0000] {dagbag.py:545} INFO - Filling up the DagBag from /usr/local/lib/python3.11/site-packages/airflow/example_dags/example_latest_only.py
[2025-12-27T15:55:12.864+0000] {processor.py:840} INFO - DAG(s) 'latest_only' retrieved from /usr/local/lib/python3.11/site-packages/airflow/example_dags/example_latest_only.py
[2025-12-27T15:55:12.897+0000] {logging_mixin.py:188} INFO - [2025-12-27T15:55:12.897+0000] {dag.py:3096} INFO - Sync 1 DAGs
[2025-12-27T15:55:12.932+0000] {logging_mixin.py:188} INFO - [2025-12-27T15:55:12.931+0000] {dag.py:3954} INFO - Setting next_dagrun for latest_only to 2025-12-27 08:00:00+00:00, run_after=2025-12-27 12:00:00+00:00
[2025-12-27T15:55:13.167+0000] {processor.py:183} INFO - Processing /usr/local/lib/python3.11/site-packages/airflow/example_dags/example_latest_only.py took 0.326 seconds
[2025-12-27T15:56:45.229+0000] {processor.py:161} INFO - Started process (PID=645) to work on /usr/local/lib/python3.11/site-packages/airflow/example_dags/example_latest_only.py
[2025-12-27T15:56:45.232+0000] {processor.py:830} INFO - Processing file /usr/local/lib/python3.11/site-packages/airflow/example_dags/example_latest_only.py for tasks to queue
[2025-12-27T15:56:45.236+0000] {logging_mixin.py:188} INFO - [2025-12-27T15:56:45.235+0000] {dagbag.py:545} INFO - Filling up the DagBag from /usr/local/lib/python3.11/site-packages/airflow/example_dags/example_latest_only.py
[2025-12-27T15:56:45.249+0000] {processor.py:840} INFO - DAG(s) 'latest_only' retrieved from /usr/local/lib/python3.11/site-packages/airflow/example_dags/example_latest_only.py
[2025-12-27T15:56:45.545+0000] {logging_mixin.py:188} INFO - [2025-12-27T15:56:45.544+0000] {dag.py:3096} INFO - Sync 1 DAGs
[2025-12-27T15:56:45.588+0000] {logging_mixin.py:188} INFO - [2025-12-27T15:56:45.588+0000] {dag.py:3954} INFO - Setting next_dagrun for latest_only to 2025-12-27 08:00:00+00:00, run_after=2025-12-27 12:00:00+00:00
[2025-12-27T15:56:45.771+0000] {processor.py:183} INFO - Processing /usr/local/lib/python3.11/site-packages/airflow/example_dags/example_latest_only.py took 0.570 seconds
[2025-12-27T15:58:16.116+0000] {processor.py:161} INFO - Started process (PID=707) to work on /usr/local/lib/python3.11/site-packages/airflow/example_dags/example_latest_only.py
[2025-12-27T15:58:16.118+0000] {processor.py:830} INFO - Processing file /usr/local/lib/python3.11/site-packages/airflow/example_dags/example_latest_only.py for tasks to queue
[2025-12-27T15:58:16.121+0000] {logging_mixin.py:188} INFO - [2025-12-27T15:58:16.120+0000] {dagbag.py:545} INFO - Filling up the DagBag from /usr/local/lib/python3.11/site-packages/airflow/example_dags/example_latest_only.py
[2025-12-27T15:58:16.127+0000] {processor.py:840} INFO - DAG(s) 'latest_only' retrieved from /usr/local/lib/python3.11/site-packages/airflow/example_dags/example_latest_only.py
[2025-12-27T15:58:16.165+0000] {logging_mixin.py:188} INFO - [2025-12-27T15:58:16.164+0000] {dag.py:3096} INFO - Sync 1 DAGs
[2025-12-27T15:58:16.199+0000] {logging_mixin.py:188} INFO - [2025-12-27T15:58:16.199+0000] {dag.py:3954} INFO - Setting next_dagrun for latest_only to 2025-12-27 08:00:00+00:00, run_after=2025-12-27 12:00:00+00:00
[2025-12-27T15:58:16.377+0000] {processor.py:183} INFO - Processing /usr/local/lib/python3.11/site-packages/airflow/example_dags/example_latest_only.py took 0.276 seconds
[2025-12-27T16:00:00.117+0000] {processor.py:161} INFO - Started process (PID=770) to work on /usr/local/lib/python3.11/site-packages/airflow/example_dags/example_latest_only.py
[2025-12-27T16:00:00.118+0000] {processor.py:830} INFO - Processing file /usr/local/lib/python3.11/site-packages/airflow/example_dags/example_latest_only.py for tasks to queue
[2025-12-27T16:00:00.121+0000] {logging_mixin.py:188} INFO - [2025-12-27T16:00:00.120+0000] {dagbag.py:545} INFO - Filling up the DagBag from /usr/local/lib/python3.11/site-packages/airflow/example_dags/example_latest_only.py
[2025-12-27T16:00:00.135+0000] {processor.py:840} INFO - DAG(s) 'latest_only' retrieved from /usr/local/lib/python3.11/site-packages/airflow/example_dags/example_latest_only.py
[2025-12-27T16:00:00.211+0000] {logging_mixin.py:188} INFO - [2025-12-27T16:00:00.211+0000] {dag.py:3096} INFO - Sync 1 DAGs
[2025-12-27T16:00:00.262+0000] {logging_mixin.py:188} INFO - [2025-12-27T16:00:00.262+0000] {dag.py:3954} INFO - Setting next_dagrun for latest_only to 2025-12-27 12:00:00+00:00, run_after=2025-12-27 16:00:00+00:00
[2025-12-27T16:00:01.145+0000] {processor.py:183} INFO - Processing /usr/local/lib/python3.11/site-packages/airflow/example_dags/example_latest_only.py took 1.043 seconds
[2025-12-27T16:01:51.371+0000] {processor.py:161} INFO - Started process (PID=839) to work on /usr/local/lib/python3.11/site-packages/airflow/example_dags/example_latest_only.py
[2025-12-27T16:01:51.373+0000] {processor.py:830} INFO - Processing file /usr/local/lib/python3.11/site-packages/airflow/example_dags/example_latest_only.py for tasks to queue
[2025-12-27T16:01:51.379+0000] {logging_mixin.py:188} INFO - [2025-12-27T16:01:51.378+0000] {dagbag.py:545} INFO - Filling up the DagBag from /usr/local/lib/python3.11/site-packages/airflow/example_dags/example_latest_only.py
[2025-12-27T16:01:51.385+0000] {processor.py:840} INFO - DAG(s) 'latest_only' retrieved from /usr/local/lib/python3.11/site-packages/airflow/example_dags/example_latest_only.py
[2025-12-27T16:01:51.549+0000] {logging_mixin.py:188} INFO - [2025-12-27T16:01:51.548+0000] {dag.py:3096} INFO - Sync 1 DAGs
[2025-12-27T16:01:51.584+0000] {logging_mixin.py:188} INFO - [2025-12-27T16:01:51.584+0000] {dag.py:3954} INFO - Setting next_dagrun for latest_only to 2025-12-27 12:00:00+00:00, run_after=2025-12-27 16:00:00+00:00
[2025-12-27T16:01:51.784+0000] {processor.py:183} INFO - Processing /usr/local/lib/python3.11/site-packages/airflow/example_dags/example_latest_only.py took 0.427 seconds
[2025-12-27T21:00:31.943+0000] {processor.py:161} INFO - Started process (PID=67) to work on /usr/local/lib/python3.11/site-packages/airflow/example_dags/example_latest_only.py
[2025-12-27T21:00:31.970+0000] {processor.py:830} INFO - Processing file /usr/local/lib/python3.11/site-packages/airflow/example_dags/example_latest_only.py for tasks to queue
[2025-12-27T21:00:31.973+0000] {logging_mixin.py:188} INFO - [2025-12-27T21:00:31.972+0000] {dagbag.py:545} INFO - Filling up the DagBag from /usr/local/lib/python3.11/site-packages/airflow/example_dags/example_latest_only.py
[2025-12-27T21:00:31.982+0000] {processor.py:840} INFO - DAG(s) 'latest_only' retrieved from /usr/local/lib/python3.11/site-packages/airflow/example_dags/example_latest_only.py
[2025-12-27T21:00:32.144+0000] {logging_mixin.py:188} INFO - [2025-12-27T21:00:32.143+0000] {dag.py:3096} INFO - Sync 1 DAGs
[2025-12-27T21:00:32.172+0000] {logging_mixin.py:188} INFO - [2025-12-27T21:00:32.172+0000] {dag.py:3954} INFO - Setting next_dagrun for latest_only to 2025-12-27 16:00:00+00:00, run_after=2025-12-27 20:00:00+00:00
[2025-12-27T21:00:32.356+0000] {processor.py:183} INFO - Processing /usr/local/lib/python3.11/site-packages/airflow/example_dags/example_latest_only.py took 0.430 seconds
[2025-12-27T21:02:01.557+0000] {processor.py:161} INFO - Started process (PID=129) to work on /usr/local/lib/python3.11/site-packages/airflow/example_dags/example_latest_only.py
[2025-12-27T21:02:01.559+0000] {processor.py:830} INFO - Processing file /usr/local/lib/python3.11/site-packages/airflow/example_dags/example_latest_only.py for tasks to queue
[2025-12-27T21:02:01.561+0000] {logging_mixin.py:188} INFO - [2025-12-27T21:02:01.560+0000] {dagbag.py:545} INFO - Filling up the DagBag from /usr/local/lib/python3.11/site-packages/airflow/example_dags/example_latest_only.py
[2025-12-27T21:02:01.570+0000] {processor.py:840} INFO - DAG(s) 'latest_only' retrieved from /usr/local/lib/python3.11/site-packages/airflow/example_dags/example_latest_only.py
[2025-12-27T21:02:01.622+0000] {logging_mixin.py:188} INFO - [2025-12-27T21:02:01.622+0000] {dag.py:3096} INFO - Sync 1 DAGs
[2025-12-27T21:02:01.664+0000] {logging_mixin.py:188} INFO - [2025-12-27T21:02:01.664+0000] {dag.py:3954} INFO - Setting next_dagrun for latest_only to 2025-12-27 16:00:00+00:00, run_after=2025-12-27 20:00:00+00:00
[2025-12-27T21:02:01.842+0000] {processor.py:183} INFO - Processing /usr/local/lib/python3.11/site-packages/airflow/example_dags/example_latest_only.py took 0.304 seconds
[2025-12-27T21:03:28.400+0000] {processor.py:161} INFO - Started process (PID=191) to work on /usr/local/lib/python3.11/site-packages/airflow/example_dags/example_latest_only.py
[2025-12-27T21:03:28.401+0000] {processor.py:830} INFO - Processing file /usr/local/lib/python3.11/site-packages/airflow/example_dags/example_latest_only.py for tasks to queue
[2025-12-27T21:03:28.403+0000] {logging_mixin.py:188} INFO - [2025-12-27T21:03:28.402+0000] {dagbag.py:545} INFO - Filling up the DagBag from /usr/local/lib/python3.11/site-packages/airflow/example_dags/example_latest_only.py
[2025-12-27T21:03:28.409+0000] {processor.py:840} INFO - DAG(s) 'latest_only' retrieved from /usr/local/lib/python3.11/site-packages/airflow/example_dags/example_latest_only.py
[2025-12-27T21:03:28.441+0000] {logging_mixin.py:188} INFO - [2025-12-27T21:03:28.441+0000] {dag.py:3096} INFO - Sync 1 DAGs
[2025-12-27T21:03:28.475+0000] {logging_mixin.py:188} INFO - [2025-12-27T21:03:28.475+0000] {dag.py:3954} INFO - Setting next_dagrun for latest_only to 2025-12-27 16:00:00+00:00, run_after=2025-12-27 20:00:00+00:00
[2025-12-27T21:03:28.652+0000] {processor.py:183} INFO - Processing /usr/local/lib/python3.11/site-packages/airflow/example_dags/example_latest_only.py took 0.267 seconds
[2025-12-27T21:05:02.446+0000] {processor.py:161} INFO - Started process (PID=254) to work on /usr/local/lib/python3.11/site-packages/airflow/example_dags/example_latest_only.py
[2025-12-27T21:05:02.447+0000] {processor.py:830} INFO - Processing file /usr/local/lib/python3.11/site-packages/airflow/example_dags/example_latest_only.py for tasks to queue
[2025-12-27T21:05:02.449+0000] {logging_mixin.py:188} INFO - [2025-12-27T21:05:02.448+0000] {dagbag.py:545} INFO - Filling up the DagBag from /usr/local/lib/python3.11/site-packages/airflow/example_dags/example_latest_only.py
[2025-12-27T21:05:02.458+0000] {processor.py:840} INFO - DAG(s) 'latest_only' retrieved from /usr/local/lib/python3.11/site-packages/airflow/example_dags/example_latest_only.py
[2025-12-27T21:05:02.495+0000] {logging_mixin.py:188} INFO - [2025-12-27T21:05:02.495+0000] {dag.py:3096} INFO - Sync 1 DAGs
[2025-12-27T21:05:02.533+0000] {logging_mixin.py:188} INFO - [2025-12-27T21:05:02.533+0000] {dag.py:3954} INFO - Setting next_dagrun for latest_only to 2025-12-27 16:00:00+00:00, run_after=2025-12-27 20:00:00+00:00
[2025-12-27T21:05:02.820+0000] {processor.py:183} INFO - Processing /usr/local/lib/python3.11/site-packages/airflow/example_dags/example_latest_only.py took 0.391 seconds
[2025-12-27T21:06:58.312+0000] {processor.py:161} INFO - Started process (PID=322) to work on /usr/local/lib/python3.11/site-packages/airflow/example_dags/example_latest_only.py
[2025-12-27T21:06:58.313+0000] {processor.py:830} INFO - Processing file /usr/local/lib/python3.11/site-packages/airflow/example_dags/example_latest_only.py for tasks to queue
[2025-12-27T21:06:58.315+0000] {logging_mixin.py:188} INFO - [2025-12-27T21:06:58.315+0000] {dagbag.py:545} INFO - Filling up the DagBag from /usr/local/lib/python3.11/site-packages/airflow/example_dags/example_latest_only.py
[2025-12-27T21:06:58.326+0000] {processor.py:840} INFO - DAG(s) 'latest_only' retrieved from /usr/local/lib/python3.11/site-packages/airflow/example_dags/example_latest_only.py
[2025-12-27T21:06:58.370+0000] {logging_mixin.py:188} INFO - [2025-12-27T21:06:58.369+0000] {dag.py:3096} INFO - Sync 1 DAGs
[2025-12-27T21:06:58.411+0000] {logging_mixin.py:188} INFO - [2025-12-27T21:06:58.411+0000] {dag.py:3954} INFO - Setting next_dagrun for latest_only to 2025-12-27 16:00:00+00:00, run_after=2025-12-27 20:00:00+00:00
[2025-12-27T21:06:58.690+0000] {processor.py:183} INFO - Processing /usr/local/lib/python3.11/site-packages/airflow/example_dags/example_latest_only.py took 0.402 seconds
[2025-12-27T21:20:00.060+0000] {processor.py:161} INFO - Started process (PID=62) to work on /usr/local/lib/python3.11/site-packages/airflow/example_dags/example_latest_only.py
[2025-12-27T21:20:00.073+0000] {processor.py:830} INFO - Processing file /usr/local/lib/python3.11/site-packages/airflow/example_dags/example_latest_only.py for tasks to queue
[2025-12-27T21:20:00.076+0000] {logging_mixin.py:188} INFO - [2025-12-27T21:20:00.075+0000] {dagbag.py:545} INFO - Filling up the DagBag from /usr/local/lib/python3.11/site-packages/airflow/example_dags/example_latest_only.py
[2025-12-27T21:20:00.085+0000] {processor.py:840} INFO - DAG(s) 'latest_only' retrieved from /usr/local/lib/python3.11/site-packages/airflow/example_dags/example_latest_only.py
[2025-12-27T21:20:00.251+0000] {logging_mixin.py:188} INFO - [2025-12-27T21:20:00.250+0000] {dag.py:3096} INFO - Sync 1 DAGs
[2025-12-27T21:20:00.283+0000] {logging_mixin.py:188} INFO - [2025-12-27T21:20:00.282+0000] {dag.py:3954} INFO - Setting next_dagrun for latest_only to 2025-12-27 16:00:00+00:00, run_after=2025-12-27 20:00:00+00:00
[2025-12-27T21:20:00.489+0000] {processor.py:183} INFO - Processing /usr/local/lib/python3.11/site-packages/airflow/example_dags/example_latest_only.py took 0.447 seconds
[2025-12-27T21:21:23.404+0000] {processor.py:161} INFO - Started process (PID=121) to work on /usr/local/lib/python3.11/site-packages/airflow/example_dags/example_latest_only.py
[2025-12-27T21:21:23.405+0000] {processor.py:830} INFO - Processing file /usr/local/lib/python3.11/site-packages/airflow/example_dags/example_latest_only.py for tasks to queue
[2025-12-27T21:21:23.407+0000] {logging_mixin.py:188} INFO - [2025-12-27T21:21:23.407+0000] {dagbag.py:545} INFO - Filling up the DagBag from /usr/local/lib/python3.11/site-packages/airflow/example_dags/example_latest_only.py
[2025-12-27T21:21:23.413+0000] {processor.py:840} INFO - DAG(s) 'latest_only' retrieved from /usr/local/lib/python3.11/site-packages/airflow/example_dags/example_latest_only.py
[2025-12-27T21:21:23.446+0000] {logging_mixin.py:188} INFO - [2025-12-27T21:21:23.445+0000] {dag.py:3096} INFO - Sync 1 DAGs
[2025-12-27T21:21:23.484+0000] {logging_mixin.py:188} INFO - [2025-12-27T21:21:23.483+0000] {dag.py:3954} INFO - Setting next_dagrun for latest_only to 2025-12-27 16:00:00+00:00, run_after=2025-12-27 20:00:00+00:00
[2025-12-27T21:21:23.703+0000] {processor.py:183} INFO - Processing /usr/local/lib/python3.11/site-packages/airflow/example_dags/example_latest_only.py took 0.325 seconds
[2025-12-27T21:22:59.772+0000] {processor.py:161} INFO - Started process (PID=186) to work on /usr/local/lib/python3.11/site-packages/airflow/example_dags/example_latest_only.py
[2025-12-27T21:22:59.773+0000] {processor.py:830} INFO - Processing file /usr/local/lib/python3.11/site-packages/airflow/example_dags/example_latest_only.py for tasks to queue
[2025-12-27T21:22:59.776+0000] {logging_mixin.py:188} INFO - [2025-12-27T21:22:59.775+0000] {dagbag.py:545} INFO - Filling up the DagBag from /usr/local/lib/python3.11/site-packages/airflow/example_dags/example_latest_only.py
[2025-12-27T21:22:59.782+0000] {processor.py:840} INFO - DAG(s) 'latest_only' retrieved from /usr/local/lib/python3.11/site-packages/airflow/example_dags/example_latest_only.py
[2025-12-27T21:22:59.813+0000] {logging_mixin.py:188} INFO - [2025-12-27T21:22:59.813+0000] {dag.py:3096} INFO - Sync 1 DAGs
[2025-12-27T21:22:59.846+0000] {logging_mixin.py:188} INFO - [2025-12-27T21:22:59.846+0000] {dag.py:3954} INFO - Setting next_dagrun for latest_only to 2025-12-27 16:00:00+00:00, run_after=2025-12-27 20:00:00+00:00
[2025-12-27T21:23:00.097+0000] {processor.py:183} INFO - Processing /usr/local/lib/python3.11/site-packages/airflow/example_dags/example_latest_only.py took 0.340 seconds
[2025-12-27T21:24:28.953+0000] {processor.py:161} INFO - Started process (PID=248) to work on /usr/local/lib/python3.11/site-packages/airflow/example_dags/example_latest_only.py
[2025-12-27T21:24:28.954+0000] {processor.py:830} INFO - Processing file /usr/local/lib/python3.11/site-packages/airflow/example_dags/example_latest_only.py for tasks to queue
[2025-12-27T21:24:28.957+0000] {logging_mixin.py:188} INFO - [2025-12-27T21:24:28.957+0000] {dagbag.py:545} INFO - Filling up the DagBag from /usr/local/lib/python3.11/site-packages/airflow/example_dags/example_latest_only.py
[2025-12-27T21:24:28.966+0000] {processor.py:840} INFO - DAG(s) 'latest_only' retrieved from /usr/local/lib/python3.11/site-packages/airflow/example_dags/example_latest_only.py
[2025-12-27T21:24:29.003+0000] {logging_mixin.py:188} INFO - [2025-12-27T21:24:29.003+0000] {dag.py:3096} INFO - Sync 1 DAGs
[2025-12-27T21:24:29.037+0000] {logging_mixin.py:188} INFO - [2025-12-27T21:24:29.037+0000] {dag.py:3954} INFO - Setting next_dagrun for latest_only to 2025-12-27 16:00:00+00:00, run_after=2025-12-27 20:00:00+00:00
[2025-12-27T21:24:29.385+0000] {processor.py:183} INFO - Processing /usr/local/lib/python3.11/site-packages/airflow/example_dags/example_latest_only.py took 0.449 seconds
[2025-12-27T21:26:16.304+0000] {processor.py:161} INFO - Started process (PID=312) to work on /usr/local/lib/python3.11/site-packages/airflow/example_dags/example_latest_only.py
[2025-12-27T21:26:16.305+0000] {processor.py:830} INFO - Processing file /usr/local/lib/python3.11/site-packages/airflow/example_dags/example_latest_only.py for tasks to queue
[2025-12-27T21:26:16.307+0000] {logging_mixin.py:188} INFO - [2025-12-27T21:26:16.307+0000] {dagbag.py:545} INFO - Filling up the DagBag from /usr/local/lib/python3.11/site-packages/airflow/example_dags/example_latest_only.py
[2025-12-27T21:26:16.316+0000] {processor.py:840} INFO - DAG(s) 'latest_only' retrieved from /usr/local/lib/python3.11/site-packages/airflow/example_dags/example_latest_only.py
[2025-12-27T21:26:16.364+0000] {logging_mixin.py:188} INFO - [2025-12-27T21:26:16.363+0000] {dag.py:3096} INFO - Sync 1 DAGs
[2025-12-27T21:26:16.416+0000] {logging_mixin.py:188} INFO - [2025-12-27T21:26:16.416+0000] {dag.py:3954} INFO - Setting next_dagrun for latest_only to 2025-12-27 16:00:00+00:00, run_after=2025-12-27 20:00:00+00:00
[2025-12-27T21:26:16.792+0000] {processor.py:183} INFO - Processing /usr/local/lib/python3.11/site-packages/airflow/example_dags/example_latest_only.py took 0.509 seconds
[2025-12-27T21:27:46.188+0000] {processor.py:161} INFO - Started process (PID=442) to work on /usr/local/lib/python3.11/site-packages/airflow/example_dags/example_latest_only.py
[2025-12-27T21:27:46.189+0000] {processor.py:830} INFO - Processing file /usr/local/lib/python3.11/site-packages/airflow/example_dags/example_latest_only.py for tasks to queue
[2025-12-27T21:27:46.191+0000] {logging_mixin.py:188} INFO - [2025-12-27T21:27:46.191+0000] {dagbag.py:545} INFO - Filling up the DagBag from /usr/local/lib/python3.11/site-packages/airflow/example_dags/example_latest_only.py
[2025-12-27T21:27:46.197+0000] {processor.py:840} INFO - DAG(s) 'latest_only' retrieved from /usr/local/lib/python3.11/site-packages/airflow/example_dags/example_latest_only.py
[2025-12-27T21:27:46.237+0000] {logging_mixin.py:188} INFO - [2025-12-27T21:27:46.236+0000] {dag.py:3096} INFO - Sync 1 DAGs
[2025-12-27T21:27:46.279+0000] {logging_mixin.py:188} INFO - [2025-12-27T21:27:46.279+0000] {dag.py:3954} INFO - Setting next_dagrun for latest_only to 2025-12-27 16:00:00+00:00, run_after=2025-12-27 20:00:00+00:00
[2025-12-27T21:27:46.807+0000] {processor.py:183} INFO - Processing /usr/local/lib/python3.11/site-packages/airflow/example_dags/example_latest_only.py took 0.635 seconds
[2025-12-27T21:29:18.821+0000] {processor.py:161} INFO - Started process (PID=665) to work on /usr/local/lib/python3.11/site-packages/airflow/example_dags/example_latest_only.py
[2025-12-27T21:29:18.822+0000] {processor.py:830} INFO - Processing file /usr/local/lib/python3.11/site-packages/airflow/example_dags/example_latest_only.py for tasks to queue
[2025-12-27T21:29:18.826+0000] {logging_mixin.py:188} INFO - [2025-12-27T21:29:18.825+0000] {dagbag.py:545} INFO - Filling up the DagBag from /usr/local/lib/python3.11/site-packages/airflow/example_dags/example_latest_only.py
[2025-12-27T21:29:18.834+0000] {processor.py:840} INFO - DAG(s) 'latest_only' retrieved from /usr/local/lib/python3.11/site-packages/airflow/example_dags/example_latest_only.py
[2025-12-27T21:29:18.871+0000] {logging_mixin.py:188} INFO - [2025-12-27T21:29:18.871+0000] {dag.py:3096} INFO - Sync 1 DAGs
[2025-12-27T21:29:18.913+0000] {logging_mixin.py:188} INFO - [2025-12-27T21:29:18.912+0000] {dag.py:3954} INFO - Setting next_dagrun for latest_only to 2025-12-27 16:00:00+00:00, run_after=2025-12-27 20:00:00+00:00
[2025-12-27T21:29:19.129+0000] {processor.py:183} INFO - Processing /usr/local/lib/python3.11/site-packages/airflow/example_dags/example_latest_only.py took 0.325 seconds
[2025-12-27T21:33:03.894+0000] {processor.py:161} INFO - Started process (PID=63) to work on /usr/local/lib/python3.11/site-packages/airflow/example_dags/example_latest_only.py
[2025-12-27T21:33:03.895+0000] {processor.py:830} INFO - Processing file /usr/local/lib/python3.11/site-packages/airflow/example_dags/example_latest_only.py for tasks to queue
[2025-12-27T21:33:03.897+0000] {logging_mixin.py:188} INFO - [2025-12-27T21:33:03.897+0000] {dagbag.py:545} INFO - Filling up the DagBag from /usr/local/lib/python3.11/site-packages/airflow/example_dags/example_latest_only.py
[2025-12-27T21:33:03.903+0000] {processor.py:840} INFO - DAG(s) 'latest_only' retrieved from /usr/local/lib/python3.11/site-packages/airflow/example_dags/example_latest_only.py
[2025-12-27T21:33:04.052+0000] {logging_mixin.py:188} INFO - [2025-12-27T21:33:04.052+0000] {dag.py:3096} INFO - Sync 1 DAGs
[2025-12-27T21:33:04.091+0000] {logging_mixin.py:188} INFO - [2025-12-27T21:33:04.090+0000] {dag.py:3954} INFO - Setting next_dagrun for latest_only to 2025-12-27 16:00:00+00:00, run_after=2025-12-27 20:00:00+00:00
[2025-12-27T21:33:04.305+0000] {processor.py:183} INFO - Processing /usr/local/lib/python3.11/site-packages/airflow/example_dags/example_latest_only.py took 0.429 seconds
