[2025-12-27T13:46:17.456+0000] {processor.py:161} INFO - Started process (PID=52) to work on /usr/local/lib/python3.11/site-packages/airflow/example_dags/example_python_operator.py
[2025-12-27T13:46:17.458+0000] {processor.py:830} INFO - Processing file /usr/local/lib/python3.11/site-packages/airflow/example_dags/example_python_operator.py for tasks to queue
[2025-12-27T13:46:17.463+0000] {logging_mixin.py:188} INFO - [2025-12-27T13:46:17.462+0000] {dagbag.py:545} INFO - Filling up the DagBag from /usr/local/lib/python3.11/site-packages/airflow/example_dags/example_python_operator.py
[2025-12-27T13:46:17.489+0000] {logging_mixin.py:188} INFO - [2025-12-27T13:46:17.489+0000] {example_python_operator.py:93} WARNING - The virtalenv_python example task requires virtualenv, please install it.
[2025-12-27T13:46:17.490+0000] {processor.py:840} INFO - DAG(s) 'example_python_operator' retrieved from /usr/local/lib/python3.11/site-packages/airflow/example_dags/example_python_operator.py
[2025-12-27T13:46:18.242+0000] {logging_mixin.py:188} INFO - [2025-12-27T13:46:18.240+0000] {override.py:1930} INFO - Created Permission View: can edit on DAG:example_python_operator
[2025-12-27T13:46:18.574+0000] {logging_mixin.py:188} INFO - [2025-12-27T13:46:18.573+0000] {override.py:1930} INFO - Created Permission View: can read on DAG:example_python_operator
[2025-12-27T13:46:18.722+0000] {logging_mixin.py:188} INFO - [2025-12-27T13:46:18.722+0000] {override.py:1930} INFO - Created Permission View: can delete on DAG:example_python_operator
[2025-12-27T13:46:18.723+0000] {logging_mixin.py:188} INFO - [2025-12-27T13:46:18.723+0000] {dag.py:3096} INFO - Sync 1 DAGs
[2025-12-27T13:46:18.755+0000] {logging_mixin.py:188} INFO - [2025-12-27T13:46:18.754+0000] {dag.py:3118} INFO - Creating ORM DAG for example_python_operator
[2025-12-27T13:46:18.757+0000] {logging_mixin.py:188} INFO - [2025-12-27T13:46:18.756+0000] {dag.py:3954} INFO - Setting next_dagrun for example_python_operator to None, run_after=None
[2025-12-27T13:46:19.096+0000] {processor.py:183} INFO - Processing /usr/local/lib/python3.11/site-packages/airflow/example_dags/example_python_operator.py took 1.660 seconds
[2025-12-27T13:48:01.920+0000] {processor.py:161} INFO - Started process (PID=104) to work on /usr/local/lib/python3.11/site-packages/airflow/example_dags/example_python_operator.py
[2025-12-27T13:48:01.922+0000] {processor.py:830} INFO - Processing file /usr/local/lib/python3.11/site-packages/airflow/example_dags/example_python_operator.py for tasks to queue
[2025-12-27T13:48:01.924+0000] {logging_mixin.py:188} INFO - [2025-12-27T13:48:01.924+0000] {dagbag.py:545} INFO - Filling up the DagBag from /usr/local/lib/python3.11/site-packages/airflow/example_dags/example_python_operator.py
[2025-12-27T13:48:01.939+0000] {logging_mixin.py:188} INFO - [2025-12-27T13:48:01.939+0000] {example_python_operator.py:93} WARNING - The virtalenv_python example task requires virtualenv, please install it.
[2025-12-27T13:48:01.940+0000] {processor.py:840} INFO - DAG(s) 'example_python_operator' retrieved from /usr/local/lib/python3.11/site-packages/airflow/example_dags/example_python_operator.py
[2025-12-27T13:48:01.976+0000] {logging_mixin.py:188} INFO - [2025-12-27T13:48:01.976+0000] {dag.py:3096} INFO - Sync 1 DAGs
[2025-12-27T13:48:01.993+0000] {logging_mixin.py:188} INFO - [2025-12-27T13:48:01.993+0000] {dag.py:3954} INFO - Setting next_dagrun for example_python_operator to None, run_after=None
[2025-12-27T13:48:02.212+0000] {processor.py:183} INFO - Processing /usr/local/lib/python3.11/site-packages/airflow/example_dags/example_python_operator.py took 0.306 seconds
[2025-12-27T13:49:34.264+0000] {processor.py:161} INFO - Started process (PID=167) to work on /usr/local/lib/python3.11/site-packages/airflow/example_dags/example_python_operator.py
[2025-12-27T13:49:34.265+0000] {processor.py:830} INFO - Processing file /usr/local/lib/python3.11/site-packages/airflow/example_dags/example_python_operator.py for tasks to queue
[2025-12-27T13:49:34.268+0000] {logging_mixin.py:188} INFO - [2025-12-27T13:49:34.267+0000] {dagbag.py:545} INFO - Filling up the DagBag from /usr/local/lib/python3.11/site-packages/airflow/example_dags/example_python_operator.py
[2025-12-27T13:49:34.281+0000] {logging_mixin.py:188} INFO - [2025-12-27T13:49:34.280+0000] {example_python_operator.py:93} WARNING - The virtalenv_python example task requires virtualenv, please install it.
[2025-12-27T13:49:34.282+0000] {processor.py:840} INFO - DAG(s) 'example_python_operator' retrieved from /usr/local/lib/python3.11/site-packages/airflow/example_dags/example_python_operator.py
[2025-12-27T13:49:34.417+0000] {logging_mixin.py:188} INFO - [2025-12-27T13:49:34.417+0000] {dag.py:3096} INFO - Sync 1 DAGs
[2025-12-27T13:49:34.431+0000] {logging_mixin.py:188} INFO - [2025-12-27T13:49:34.431+0000] {dag.py:3954} INFO - Setting next_dagrun for example_python_operator to None, run_after=None
[2025-12-27T13:49:34.632+0000] {processor.py:183} INFO - Processing /usr/local/lib/python3.11/site-packages/airflow/example_dags/example_python_operator.py took 0.381 seconds
[2025-12-27T13:50:29.411+0000] {processor.py:161} INFO - Started process (PID=205) to work on /usr/local/lib/python3.11/site-packages/airflow/example_dags/example_python_operator.py
[2025-12-27T13:50:29.412+0000] {processor.py:830} INFO - Processing file /usr/local/lib/python3.11/site-packages/airflow/example_dags/example_python_operator.py for tasks to queue
[2025-12-27T13:50:29.415+0000] {logging_mixin.py:188} INFO - [2025-12-27T13:50:29.414+0000] {dagbag.py:545} INFO - Filling up the DagBag from /usr/local/lib/python3.11/site-packages/airflow/example_dags/example_python_operator.py
[2025-12-27T13:50:29.437+0000] {logging_mixin.py:188} INFO - [2025-12-27T13:50:29.437+0000] {example_python_operator.py:93} WARNING - The virtalenv_python example task requires virtualenv, please install it.
[2025-12-27T13:50:29.438+0000] {processor.py:840} INFO - DAG(s) 'example_python_operator' retrieved from /usr/local/lib/python3.11/site-packages/airflow/example_dags/example_python_operator.py
[2025-12-27T13:50:29.476+0000] {logging_mixin.py:188} INFO - [2025-12-27T13:50:29.476+0000] {dag.py:3096} INFO - Sync 1 DAGs
[2025-12-27T13:50:29.499+0000] {logging_mixin.py:188} INFO - [2025-12-27T13:50:29.499+0000] {dag.py:3954} INFO - Setting next_dagrun for example_python_operator to None, run_after=None
[2025-12-27T13:50:29.719+0000] {processor.py:183} INFO - Processing /usr/local/lib/python3.11/site-packages/airflow/example_dags/example_python_operator.py took 0.323 seconds
[2025-12-27T13:51:54.487+0000] {processor.py:161} INFO - Started process (PID=266) to work on /usr/local/lib/python3.11/site-packages/airflow/example_dags/example_python_operator.py
[2025-12-27T13:51:54.488+0000] {processor.py:830} INFO - Processing file /usr/local/lib/python3.11/site-packages/airflow/example_dags/example_python_operator.py for tasks to queue
[2025-12-27T13:51:54.490+0000] {logging_mixin.py:188} INFO - [2025-12-27T13:51:54.490+0000] {dagbag.py:545} INFO - Filling up the DagBag from /usr/local/lib/python3.11/site-packages/airflow/example_dags/example_python_operator.py
[2025-12-27T13:51:54.502+0000] {logging_mixin.py:188} INFO - [2025-12-27T13:51:54.502+0000] {example_python_operator.py:93} WARNING - The virtalenv_python example task requires virtualenv, please install it.
[2025-12-27T13:51:54.503+0000] {processor.py:840} INFO - DAG(s) 'example_python_operator' retrieved from /usr/local/lib/python3.11/site-packages/airflow/example_dags/example_python_operator.py
[2025-12-27T13:51:54.543+0000] {logging_mixin.py:188} INFO - [2025-12-27T13:51:54.542+0000] {dag.py:3096} INFO - Sync 1 DAGs
[2025-12-27T13:51:54.560+0000] {logging_mixin.py:188} INFO - [2025-12-27T13:51:54.560+0000] {dag.py:3954} INFO - Setting next_dagrun for example_python_operator to None, run_after=None
[2025-12-27T13:51:54.733+0000] {processor.py:183} INFO - Processing /usr/local/lib/python3.11/site-packages/airflow/example_dags/example_python_operator.py took 0.260 seconds
[2025-12-27T13:53:14.398+0000] {processor.py:161} INFO - Started process (PID=325) to work on /usr/local/lib/python3.11/site-packages/airflow/example_dags/example_python_operator.py
[2025-12-27T13:53:14.399+0000] {processor.py:830} INFO - Processing file /usr/local/lib/python3.11/site-packages/airflow/example_dags/example_python_operator.py for tasks to queue
[2025-12-27T13:53:14.403+0000] {logging_mixin.py:188} INFO - [2025-12-27T13:53:14.402+0000] {dagbag.py:545} INFO - Filling up the DagBag from /usr/local/lib/python3.11/site-packages/airflow/example_dags/example_python_operator.py
[2025-12-27T13:53:14.424+0000] {logging_mixin.py:188} INFO - [2025-12-27T13:53:14.424+0000] {example_python_operator.py:93} WARNING - The virtalenv_python example task requires virtualenv, please install it.
[2025-12-27T13:53:14.425+0000] {processor.py:840} INFO - DAG(s) 'example_python_operator' retrieved from /usr/local/lib/python3.11/site-packages/airflow/example_dags/example_python_operator.py
[2025-12-27T13:53:14.602+0000] {logging_mixin.py:188} INFO - [2025-12-27T13:53:14.602+0000] {dag.py:3096} INFO - Sync 1 DAGs
[2025-12-27T13:53:14.635+0000] {logging_mixin.py:188} INFO - [2025-12-27T13:53:14.635+0000] {dag.py:3954} INFO - Setting next_dagrun for example_python_operator to None, run_after=None
[2025-12-27T13:53:14.860+0000] {processor.py:183} INFO - Processing /usr/local/lib/python3.11/site-packages/airflow/example_dags/example_python_operator.py took 0.485 seconds
[2025-12-27T13:54:39.027+0000] {processor.py:161} INFO - Started process (PID=387) to work on /usr/local/lib/python3.11/site-packages/airflow/example_dags/example_python_operator.py
[2025-12-27T13:54:39.028+0000] {processor.py:830} INFO - Processing file /usr/local/lib/python3.11/site-packages/airflow/example_dags/example_python_operator.py for tasks to queue
[2025-12-27T13:54:39.031+0000] {logging_mixin.py:188} INFO - [2025-12-27T13:54:39.030+0000] {dagbag.py:545} INFO - Filling up the DagBag from /usr/local/lib/python3.11/site-packages/airflow/example_dags/example_python_operator.py
[2025-12-27T13:54:39.043+0000] {logging_mixin.py:188} INFO - [2025-12-27T13:54:39.043+0000] {example_python_operator.py:93} WARNING - The virtalenv_python example task requires virtualenv, please install it.
[2025-12-27T13:54:39.044+0000] {processor.py:840} INFO - DAG(s) 'example_python_operator' retrieved from /usr/local/lib/python3.11/site-packages/airflow/example_dags/example_python_operator.py
[2025-12-27T13:54:39.078+0000] {logging_mixin.py:188} INFO - [2025-12-27T13:54:39.077+0000] {dag.py:3096} INFO - Sync 1 DAGs
[2025-12-27T13:54:39.095+0000] {logging_mixin.py:188} INFO - [2025-12-27T13:54:39.095+0000] {dag.py:3954} INFO - Setting next_dagrun for example_python_operator to None, run_after=None
[2025-12-27T13:54:39.318+0000] {processor.py:183} INFO - Processing /usr/local/lib/python3.11/site-packages/airflow/example_dags/example_python_operator.py took 0.304 seconds
[2025-12-27T13:56:03.388+0000] {processor.py:161} INFO - Started process (PID=448) to work on /usr/local/lib/python3.11/site-packages/airflow/example_dags/example_python_operator.py
[2025-12-27T13:56:03.390+0000] {processor.py:830} INFO - Processing file /usr/local/lib/python3.11/site-packages/airflow/example_dags/example_python_operator.py for tasks to queue
[2025-12-27T13:56:03.393+0000] {logging_mixin.py:188} INFO - [2025-12-27T13:56:03.392+0000] {dagbag.py:545} INFO - Filling up the DagBag from /usr/local/lib/python3.11/site-packages/airflow/example_dags/example_python_operator.py
[2025-12-27T13:56:03.413+0000] {logging_mixin.py:188} INFO - [2025-12-27T13:56:03.412+0000] {example_python_operator.py:93} WARNING - The virtalenv_python example task requires virtualenv, please install it.
[2025-12-27T13:56:03.414+0000] {processor.py:840} INFO - DAG(s) 'example_python_operator' retrieved from /usr/local/lib/python3.11/site-packages/airflow/example_dags/example_python_operator.py
[2025-12-27T13:56:03.443+0000] {logging_mixin.py:188} INFO - [2025-12-27T13:56:03.443+0000] {dag.py:3096} INFO - Sync 1 DAGs
[2025-12-27T13:56:03.459+0000] {logging_mixin.py:188} INFO - [2025-12-27T13:56:03.459+0000] {dag.py:3954} INFO - Setting next_dagrun for example_python_operator to None, run_after=None
[2025-12-27T13:56:03.681+0000] {processor.py:183} INFO - Processing /usr/local/lib/python3.11/site-packages/airflow/example_dags/example_python_operator.py took 0.313 seconds
[2025-12-27T13:57:32.908+0000] {processor.py:161} INFO - Started process (PID=510) to work on /usr/local/lib/python3.11/site-packages/airflow/example_dags/example_python_operator.py
[2025-12-27T13:57:32.910+0000] {processor.py:830} INFO - Processing file /usr/local/lib/python3.11/site-packages/airflow/example_dags/example_python_operator.py for tasks to queue
[2025-12-27T13:57:32.913+0000] {logging_mixin.py:188} INFO - [2025-12-27T13:57:32.913+0000] {dagbag.py:545} INFO - Filling up the DagBag from /usr/local/lib/python3.11/site-packages/airflow/example_dags/example_python_operator.py
[2025-12-27T13:57:32.941+0000] {logging_mixin.py:188} INFO - [2025-12-27T13:57:32.940+0000] {example_python_operator.py:93} WARNING - The virtalenv_python example task requires virtualenv, please install it.
[2025-12-27T13:57:32.943+0000] {processor.py:840} INFO - DAG(s) 'example_python_operator' retrieved from /usr/local/lib/python3.11/site-packages/airflow/example_dags/example_python_operator.py
[2025-12-27T13:57:33.008+0000] {logging_mixin.py:188} INFO - [2025-12-27T13:57:33.007+0000] {dag.py:3096} INFO - Sync 1 DAGs
[2025-12-27T13:57:33.044+0000] {logging_mixin.py:188} INFO - [2025-12-27T13:57:33.043+0000] {dag.py:3954} INFO - Setting next_dagrun for example_python_operator to None, run_after=None
[2025-12-27T13:57:33.278+0000] {processor.py:183} INFO - Processing /usr/local/lib/python3.11/site-packages/airflow/example_dags/example_python_operator.py took 0.393 seconds
[2025-12-27T13:58:54.575+0000] {processor.py:161} INFO - Started process (PID=570) to work on /usr/local/lib/python3.11/site-packages/airflow/example_dags/example_python_operator.py
[2025-12-27T13:58:54.576+0000] {processor.py:830} INFO - Processing file /usr/local/lib/python3.11/site-packages/airflow/example_dags/example_python_operator.py for tasks to queue
[2025-12-27T13:58:54.579+0000] {logging_mixin.py:188} INFO - [2025-12-27T13:58:54.579+0000] {dagbag.py:545} INFO - Filling up the DagBag from /usr/local/lib/python3.11/site-packages/airflow/example_dags/example_python_operator.py
[2025-12-27T13:58:54.595+0000] {logging_mixin.py:188} INFO - [2025-12-27T13:58:54.595+0000] {example_python_operator.py:93} WARNING - The virtalenv_python example task requires virtualenv, please install it.
[2025-12-27T13:58:54.596+0000] {processor.py:840} INFO - DAG(s) 'example_python_operator' retrieved from /usr/local/lib/python3.11/site-packages/airflow/example_dags/example_python_operator.py
[2025-12-27T13:58:54.635+0000] {logging_mixin.py:188} INFO - [2025-12-27T13:58:54.635+0000] {dag.py:3096} INFO - Sync 1 DAGs
[2025-12-27T13:58:54.653+0000] {logging_mixin.py:188} INFO - [2025-12-27T13:58:54.652+0000] {dag.py:3954} INFO - Setting next_dagrun for example_python_operator to None, run_after=None
[2025-12-27T13:58:54.829+0000] {processor.py:183} INFO - Processing /usr/local/lib/python3.11/site-packages/airflow/example_dags/example_python_operator.py took 0.270 seconds
[2025-12-27T14:00:24.229+0000] {processor.py:161} INFO - Started process (PID=631) to work on /usr/local/lib/python3.11/site-packages/airflow/example_dags/example_python_operator.py
[2025-12-27T14:00:24.230+0000] {processor.py:830} INFO - Processing file /usr/local/lib/python3.11/site-packages/airflow/example_dags/example_python_operator.py for tasks to queue
[2025-12-27T14:00:24.236+0000] {logging_mixin.py:188} INFO - [2025-12-27T14:00:24.235+0000] {dagbag.py:545} INFO - Filling up the DagBag from /usr/local/lib/python3.11/site-packages/airflow/example_dags/example_python_operator.py
[2025-12-27T14:00:24.258+0000] {logging_mixin.py:188} INFO - [2025-12-27T14:00:24.258+0000] {example_python_operator.py:93} WARNING - The virtalenv_python example task requires virtualenv, please install it.
[2025-12-27T14:00:24.259+0000] {processor.py:840} INFO - DAG(s) 'example_python_operator' retrieved from /usr/local/lib/python3.11/site-packages/airflow/example_dags/example_python_operator.py
[2025-12-27T14:00:24.318+0000] {logging_mixin.py:188} INFO - [2025-12-27T14:00:24.318+0000] {dag.py:3096} INFO - Sync 1 DAGs
[2025-12-27T14:00:24.347+0000] {logging_mixin.py:188} INFO - [2025-12-27T14:00:24.346+0000] {dag.py:3954} INFO - Setting next_dagrun for example_python_operator to None, run_after=None
[2025-12-27T14:00:24.705+0000] {processor.py:183} INFO - Processing /usr/local/lib/python3.11/site-packages/airflow/example_dags/example_python_operator.py took 0.497 seconds
[2025-12-27T14:02:38.649+0000] {processor.py:161} INFO - Started process (PID=699) to work on /usr/local/lib/python3.11/site-packages/airflow/example_dags/example_python_operator.py
[2025-12-27T14:02:38.650+0000] {processor.py:830} INFO - Processing file /usr/local/lib/python3.11/site-packages/airflow/example_dags/example_python_operator.py for tasks to queue
[2025-12-27T14:02:38.653+0000] {logging_mixin.py:188} INFO - [2025-12-27T14:02:38.652+0000] {dagbag.py:545} INFO - Filling up the DagBag from /usr/local/lib/python3.11/site-packages/airflow/example_dags/example_python_operator.py
[2025-12-27T14:02:38.666+0000] {logging_mixin.py:188} INFO - [2025-12-27T14:02:38.666+0000] {example_python_operator.py:93} WARNING - The virtalenv_python example task requires virtualenv, please install it.
[2025-12-27T14:02:38.667+0000] {processor.py:840} INFO - DAG(s) 'example_python_operator' retrieved from /usr/local/lib/python3.11/site-packages/airflow/example_dags/example_python_operator.py
[2025-12-27T14:02:38.699+0000] {logging_mixin.py:188} INFO - [2025-12-27T14:02:38.699+0000] {dag.py:3096} INFO - Sync 1 DAGs
[2025-12-27T14:02:38.718+0000] {logging_mixin.py:188} INFO - [2025-12-27T14:02:38.717+0000] {dag.py:3954} INFO - Setting next_dagrun for example_python_operator to None, run_after=None
[2025-12-27T14:02:38.912+0000] {processor.py:183} INFO - Processing /usr/local/lib/python3.11/site-packages/airflow/example_dags/example_python_operator.py took 0.281 seconds
[2025-12-27T14:03:39.616+0000] {processor.py:161} INFO - Started process (PID=742) to work on /usr/local/lib/python3.11/site-packages/airflow/example_dags/example_python_operator.py
[2025-12-27T14:03:39.617+0000] {processor.py:830} INFO - Processing file /usr/local/lib/python3.11/site-packages/airflow/example_dags/example_python_operator.py for tasks to queue
[2025-12-27T14:03:39.620+0000] {logging_mixin.py:188} INFO - [2025-12-27T14:03:39.619+0000] {dagbag.py:545} INFO - Filling up the DagBag from /usr/local/lib/python3.11/site-packages/airflow/example_dags/example_python_operator.py
[2025-12-27T14:03:39.637+0000] {logging_mixin.py:188} INFO - [2025-12-27T14:03:39.637+0000] {example_python_operator.py:93} WARNING - The virtalenv_python example task requires virtualenv, please install it.
[2025-12-27T14:03:39.638+0000] {processor.py:840} INFO - DAG(s) 'example_python_operator' retrieved from /usr/local/lib/python3.11/site-packages/airflow/example_dags/example_python_operator.py
[2025-12-27T14:03:39.704+0000] {logging_mixin.py:188} INFO - [2025-12-27T14:03:39.704+0000] {dag.py:3096} INFO - Sync 1 DAGs
[2025-12-27T14:03:39.754+0000] {logging_mixin.py:188} INFO - [2025-12-27T14:03:39.754+0000] {dag.py:3954} INFO - Setting next_dagrun for example_python_operator to None, run_after=None
[2025-12-27T14:03:39.951+0000] {processor.py:183} INFO - Processing /usr/local/lib/python3.11/site-packages/airflow/example_dags/example_python_operator.py took 0.349 seconds
[2025-12-27T14:05:29.205+0000] {processor.py:161} INFO - Started process (PID=825) to work on /usr/local/lib/python3.11/site-packages/airflow/example_dags/example_python_operator.py
[2025-12-27T14:05:29.206+0000] {processor.py:830} INFO - Processing file /usr/local/lib/python3.11/site-packages/airflow/example_dags/example_python_operator.py for tasks to queue
[2025-12-27T14:05:29.208+0000] {logging_mixin.py:188} INFO - [2025-12-27T14:05:29.208+0000] {dagbag.py:545} INFO - Filling up the DagBag from /usr/local/lib/python3.11/site-packages/airflow/example_dags/example_python_operator.py
[2025-12-27T14:05:29.223+0000] {logging_mixin.py:188} INFO - [2025-12-27T14:05:29.223+0000] {example_python_operator.py:93} WARNING - The virtalenv_python example task requires virtualenv, please install it.
[2025-12-27T14:05:29.225+0000] {processor.py:840} INFO - DAG(s) 'example_python_operator' retrieved from /usr/local/lib/python3.11/site-packages/airflow/example_dags/example_python_operator.py
[2025-12-27T14:05:29.260+0000] {logging_mixin.py:188} INFO - [2025-12-27T14:05:29.260+0000] {dag.py:3096} INFO - Sync 1 DAGs
[2025-12-27T14:05:29.277+0000] {logging_mixin.py:188} INFO - [2025-12-27T14:05:29.277+0000] {dag.py:3954} INFO - Setting next_dagrun for example_python_operator to None, run_after=None
[2025-12-27T14:05:29.509+0000] {processor.py:183} INFO - Processing /usr/local/lib/python3.11/site-packages/airflow/example_dags/example_python_operator.py took 0.317 seconds
[2025-12-27T14:07:17.062+0000] {processor.py:161} INFO - Started process (PID=894) to work on /usr/local/lib/python3.11/site-packages/airflow/example_dags/example_python_operator.py
[2025-12-27T14:07:17.065+0000] {processor.py:830} INFO - Processing file /usr/local/lib/python3.11/site-packages/airflow/example_dags/example_python_operator.py for tasks to queue
[2025-12-27T14:07:17.071+0000] {logging_mixin.py:188} INFO - [2025-12-27T14:07:17.070+0000] {dagbag.py:545} INFO - Filling up the DagBag from /usr/local/lib/python3.11/site-packages/airflow/example_dags/example_python_operator.py
[2025-12-27T14:07:17.090+0000] {logging_mixin.py:188} INFO - [2025-12-27T14:07:17.090+0000] {example_python_operator.py:93} WARNING - The virtalenv_python example task requires virtualenv, please install it.
[2025-12-27T14:07:17.092+0000] {processor.py:840} INFO - DAG(s) 'example_python_operator' retrieved from /usr/local/lib/python3.11/site-packages/airflow/example_dags/example_python_operator.py
[2025-12-27T14:07:17.144+0000] {logging_mixin.py:188} INFO - [2025-12-27T14:07:17.144+0000] {dag.py:3096} INFO - Sync 1 DAGs
[2025-12-27T14:07:17.167+0000] {logging_mixin.py:188} INFO - [2025-12-27T14:07:17.167+0000] {dag.py:3954} INFO - Setting next_dagrun for example_python_operator to None, run_after=None
[2025-12-27T14:07:17.382+0000] {processor.py:183} INFO - Processing /usr/local/lib/python3.11/site-packages/airflow/example_dags/example_python_operator.py took 0.343 seconds
[2025-12-27T14:09:01.347+0000] {processor.py:161} INFO - Started process (PID=959) to work on /usr/local/lib/python3.11/site-packages/airflow/example_dags/example_python_operator.py
[2025-12-27T14:09:01.348+0000] {processor.py:830} INFO - Processing file /usr/local/lib/python3.11/site-packages/airflow/example_dags/example_python_operator.py for tasks to queue
[2025-12-27T14:09:01.351+0000] {logging_mixin.py:188} INFO - [2025-12-27T14:09:01.350+0000] {dagbag.py:545} INFO - Filling up the DagBag from /usr/local/lib/python3.11/site-packages/airflow/example_dags/example_python_operator.py
[2025-12-27T14:09:01.365+0000] {logging_mixin.py:188} INFO - [2025-12-27T14:09:01.365+0000] {example_python_operator.py:93} WARNING - The virtalenv_python example task requires virtualenv, please install it.
[2025-12-27T14:09:01.366+0000] {processor.py:840} INFO - DAG(s) 'example_python_operator' retrieved from /usr/local/lib/python3.11/site-packages/airflow/example_dags/example_python_operator.py
[2025-12-27T14:09:01.405+0000] {logging_mixin.py:188} INFO - [2025-12-27T14:09:01.404+0000] {dag.py:3096} INFO - Sync 1 DAGs
[2025-12-27T14:09:01.425+0000] {logging_mixin.py:188} INFO - [2025-12-27T14:09:01.425+0000] {dag.py:3954} INFO - Setting next_dagrun for example_python_operator to None, run_after=None
[2025-12-27T14:09:01.624+0000] {processor.py:183} INFO - Processing /usr/local/lib/python3.11/site-packages/airflow/example_dags/example_python_operator.py took 0.291 seconds
[2025-12-27T14:10:44.527+0000] {processor.py:161} INFO - Started process (PID=1023) to work on /usr/local/lib/python3.11/site-packages/airflow/example_dags/example_python_operator.py
[2025-12-27T14:10:44.529+0000] {processor.py:830} INFO - Processing file /usr/local/lib/python3.11/site-packages/airflow/example_dags/example_python_operator.py for tasks to queue
[2025-12-27T14:10:44.532+0000] {logging_mixin.py:188} INFO - [2025-12-27T14:10:44.531+0000] {dagbag.py:545} INFO - Filling up the DagBag from /usr/local/lib/python3.11/site-packages/airflow/example_dags/example_python_operator.py
[2025-12-27T14:10:44.562+0000] {logging_mixin.py:188} INFO - [2025-12-27T14:10:44.562+0000] {example_python_operator.py:93} WARNING - The virtalenv_python example task requires virtualenv, please install it.
[2025-12-27T14:10:44.563+0000] {processor.py:840} INFO - DAG(s) 'example_python_operator' retrieved from /usr/local/lib/python3.11/site-packages/airflow/example_dags/example_python_operator.py
[2025-12-27T14:10:44.593+0000] {logging_mixin.py:188} INFO - [2025-12-27T14:10:44.593+0000] {dag.py:3096} INFO - Sync 1 DAGs
[2025-12-27T14:10:44.619+0000] {logging_mixin.py:188} INFO - [2025-12-27T14:10:44.619+0000] {dag.py:3954} INFO - Setting next_dagrun for example_python_operator to None, run_after=None
[2025-12-27T14:10:44.837+0000] {processor.py:183} INFO - Processing /usr/local/lib/python3.11/site-packages/airflow/example_dags/example_python_operator.py took 0.323 seconds
[2025-12-27T14:11:45.950+0000] {processor.py:161} INFO - Started process (PID=1056) to work on /usr/local/lib/python3.11/site-packages/airflow/example_dags/example_python_operator.py
[2025-12-27T14:11:45.951+0000] {processor.py:830} INFO - Processing file /usr/local/lib/python3.11/site-packages/airflow/example_dags/example_python_operator.py for tasks to queue
[2025-12-27T14:11:45.956+0000] {logging_mixin.py:188} INFO - [2025-12-27T14:11:45.955+0000] {dagbag.py:545} INFO - Filling up the DagBag from /usr/local/lib/python3.11/site-packages/airflow/example_dags/example_python_operator.py
[2025-12-27T14:11:45.976+0000] {logging_mixin.py:188} INFO - [2025-12-27T14:11:45.976+0000] {example_python_operator.py:93} WARNING - The virtalenv_python example task requires virtualenv, please install it.
[2025-12-27T14:11:45.977+0000] {processor.py:840} INFO - DAG(s) 'example_python_operator' retrieved from /usr/local/lib/python3.11/site-packages/airflow/example_dags/example_python_operator.py
[2025-12-27T14:11:46.024+0000] {logging_mixin.py:188} INFO - [2025-12-27T14:11:46.024+0000] {dag.py:3096} INFO - Sync 1 DAGs
[2025-12-27T14:11:46.058+0000] {logging_mixin.py:188} INFO - [2025-12-27T14:11:46.057+0000] {dag.py:3954} INFO - Setting next_dagrun for example_python_operator to None, run_after=None
[2025-12-27T14:11:46.278+0000] {processor.py:183} INFO - Processing /usr/local/lib/python3.11/site-packages/airflow/example_dags/example_python_operator.py took 0.347 seconds
[2025-12-27T14:12:52.829+0000] {processor.py:161} INFO - Started process (PID=1095) to work on /usr/local/lib/python3.11/site-packages/airflow/example_dags/example_python_operator.py
[2025-12-27T14:12:52.830+0000] {processor.py:830} INFO - Processing file /usr/local/lib/python3.11/site-packages/airflow/example_dags/example_python_operator.py for tasks to queue
[2025-12-27T14:12:52.832+0000] {logging_mixin.py:188} INFO - [2025-12-27T14:12:52.832+0000] {dagbag.py:545} INFO - Filling up the DagBag from /usr/local/lib/python3.11/site-packages/airflow/example_dags/example_python_operator.py
[2025-12-27T14:12:52.846+0000] {logging_mixin.py:188} INFO - [2025-12-27T14:12:52.845+0000] {example_python_operator.py:93} WARNING - The virtalenv_python example task requires virtualenv, please install it.
[2025-12-27T14:12:52.847+0000] {processor.py:840} INFO - DAG(s) 'example_python_operator' retrieved from /usr/local/lib/python3.11/site-packages/airflow/example_dags/example_python_operator.py
[2025-12-27T14:12:53.278+0000] {logging_mixin.py:188} INFO - [2025-12-27T14:12:53.278+0000] {dag.py:3096} INFO - Sync 1 DAGs
[2025-12-27T14:12:53.457+0000] {logging_mixin.py:188} INFO - [2025-12-27T14:12:53.457+0000] {dag.py:3954} INFO - Setting next_dagrun for example_python_operator to None, run_after=None
[2025-12-27T14:12:54.440+0000] {processor.py:183} INFO - Processing /usr/local/lib/python3.11/site-packages/airflow/example_dags/example_python_operator.py took 1.625 seconds
[2025-12-27T14:14:51.075+0000] {processor.py:161} INFO - Started process (PID=1162) to work on /usr/local/lib/python3.11/site-packages/airflow/example_dags/example_python_operator.py
[2025-12-27T14:14:51.079+0000] {processor.py:830} INFO - Processing file /usr/local/lib/python3.11/site-packages/airflow/example_dags/example_python_operator.py for tasks to queue
[2025-12-27T14:14:51.084+0000] {logging_mixin.py:188} INFO - [2025-12-27T14:14:51.084+0000] {dagbag.py:545} INFO - Filling up the DagBag from /usr/local/lib/python3.11/site-packages/airflow/example_dags/example_python_operator.py
[2025-12-27T14:14:51.116+0000] {logging_mixin.py:188} INFO - [2025-12-27T14:14:51.116+0000] {example_python_operator.py:93} WARNING - The virtalenv_python example task requires virtualenv, please install it.
[2025-12-27T14:14:51.117+0000] {processor.py:840} INFO - DAG(s) 'example_python_operator' retrieved from /usr/local/lib/python3.11/site-packages/airflow/example_dags/example_python_operator.py
[2025-12-27T14:14:51.191+0000] {logging_mixin.py:188} INFO - [2025-12-27T14:14:51.190+0000] {dag.py:3096} INFO - Sync 1 DAGs
[2025-12-27T14:14:51.240+0000] {logging_mixin.py:188} INFO - [2025-12-27T14:14:51.240+0000] {dag.py:3954} INFO - Setting next_dagrun for example_python_operator to None, run_after=None
[2025-12-27T14:14:51.508+0000] {processor.py:183} INFO - Processing /usr/local/lib/python3.11/site-packages/airflow/example_dags/example_python_operator.py took 0.484 seconds
[2025-12-27T14:32:14.749+0000] {processor.py:161} INFO - Started process (PID=48) to work on /usr/local/lib/python3.11/site-packages/airflow/example_dags/example_python_operator.py
[2025-12-27T14:32:14.750+0000] {processor.py:830} INFO - Processing file /usr/local/lib/python3.11/site-packages/airflow/example_dags/example_python_operator.py for tasks to queue
[2025-12-27T14:32:14.752+0000] {logging_mixin.py:188} INFO - [2025-12-27T14:32:14.752+0000] {dagbag.py:545} INFO - Filling up the DagBag from /usr/local/lib/python3.11/site-packages/airflow/example_dags/example_python_operator.py
[2025-12-27T14:32:14.762+0000] {logging_mixin.py:188} INFO - [2025-12-27T14:32:14.762+0000] {example_python_operator.py:93} WARNING - The virtalenv_python example task requires virtualenv, please install it.
[2025-12-27T14:32:14.763+0000] {processor.py:840} INFO - DAG(s) 'example_python_operator' retrieved from /usr/local/lib/python3.11/site-packages/airflow/example_dags/example_python_operator.py
[2025-12-27T14:32:15.199+0000] {logging_mixin.py:188} INFO - [2025-12-27T14:32:15.199+0000] {dag.py:3096} INFO - Sync 1 DAGs
[2025-12-27T14:32:15.220+0000] {logging_mixin.py:188} INFO - [2025-12-27T14:32:15.220+0000] {dag.py:3954} INFO - Setting next_dagrun for example_python_operator to None, run_after=None
[2025-12-27T14:32:16.375+0000] {processor.py:183} INFO - Processing /usr/local/lib/python3.11/site-packages/airflow/example_dags/example_python_operator.py took 1.639 seconds
[2025-12-27T14:33:47.195+0000] {processor.py:161} INFO - Started process (PID=100) to work on /usr/local/lib/python3.11/site-packages/airflow/example_dags/example_python_operator.py
[2025-12-27T14:33:47.198+0000] {processor.py:830} INFO - Processing file /usr/local/lib/python3.11/site-packages/airflow/example_dags/example_python_operator.py for tasks to queue
[2025-12-27T14:33:47.202+0000] {logging_mixin.py:188} INFO - [2025-12-27T14:33:47.201+0000] {dagbag.py:545} INFO - Filling up the DagBag from /usr/local/lib/python3.11/site-packages/airflow/example_dags/example_python_operator.py
[2025-12-27T14:33:47.219+0000] {logging_mixin.py:188} INFO - [2025-12-27T14:33:47.219+0000] {example_python_operator.py:93} WARNING - The virtalenv_python example task requires virtualenv, please install it.
[2025-12-27T14:33:47.221+0000] {processor.py:840} INFO - DAG(s) 'example_python_operator' retrieved from /usr/local/lib/python3.11/site-packages/airflow/example_dags/example_python_operator.py
[2025-12-27T14:33:47.263+0000] {logging_mixin.py:188} INFO - [2025-12-27T14:33:47.263+0000] {dag.py:3096} INFO - Sync 1 DAGs
[2025-12-27T14:33:47.291+0000] {logging_mixin.py:188} INFO - [2025-12-27T14:33:47.290+0000] {dag.py:3954} INFO - Setting next_dagrun for example_python_operator to None, run_after=None
[2025-12-27T14:33:47.520+0000] {processor.py:183} INFO - Processing /usr/local/lib/python3.11/site-packages/airflow/example_dags/example_python_operator.py took 0.345 seconds
[2025-12-27T14:35:35.854+0000] {processor.py:161} INFO - Started process (PID=167) to work on /usr/local/lib/python3.11/site-packages/airflow/example_dags/example_python_operator.py
[2025-12-27T14:35:35.856+0000] {processor.py:830} INFO - Processing file /usr/local/lib/python3.11/site-packages/airflow/example_dags/example_python_operator.py for tasks to queue
[2025-12-27T14:35:35.995+0000] {logging_mixin.py:188} INFO - [2025-12-27T14:35:35.995+0000] {dagbag.py:545} INFO - Filling up the DagBag from /usr/local/lib/python3.11/site-packages/airflow/example_dags/example_python_operator.py
[2025-12-27T14:35:36.007+0000] {logging_mixin.py:188} INFO - [2025-12-27T14:35:36.007+0000] {example_python_operator.py:93} WARNING - The virtalenv_python example task requires virtualenv, please install it.
[2025-12-27T14:35:36.008+0000] {processor.py:840} INFO - DAG(s) 'example_python_operator' retrieved from /usr/local/lib/python3.11/site-packages/airflow/example_dags/example_python_operator.py
[2025-12-27T14:35:36.141+0000] {logging_mixin.py:188} INFO - [2025-12-27T14:35:36.141+0000] {dag.py:3096} INFO - Sync 1 DAGs
[2025-12-27T14:35:36.166+0000] {logging_mixin.py:188} INFO - [2025-12-27T14:35:36.165+0000] {dag.py:3954} INFO - Setting next_dagrun for example_python_operator to None, run_after=None
[2025-12-27T14:35:36.359+0000] {processor.py:183} INFO - Processing /usr/local/lib/python3.11/site-packages/airflow/example_dags/example_python_operator.py took 0.520 seconds
[2025-12-27T14:53:33.576+0000] {processor.py:161} INFO - Started process (PID=52) to work on /usr/local/lib/python3.11/site-packages/airflow/example_dags/example_python_operator.py
[2025-12-27T14:53:33.577+0000] {processor.py:830} INFO - Processing file /usr/local/lib/python3.11/site-packages/airflow/example_dags/example_python_operator.py for tasks to queue
[2025-12-27T14:53:33.582+0000] {logging_mixin.py:188} INFO - [2025-12-27T14:53:33.581+0000] {dagbag.py:545} INFO - Filling up the DagBag from /usr/local/lib/python3.11/site-packages/airflow/example_dags/example_python_operator.py
[2025-12-27T14:53:33.600+0000] {logging_mixin.py:188} INFO - [2025-12-27T14:53:33.599+0000] {example_python_operator.py:93} WARNING - The virtalenv_python example task requires virtualenv, please install it.
[2025-12-27T14:53:33.601+0000] {processor.py:840} INFO - DAG(s) 'example_python_operator' retrieved from /usr/local/lib/python3.11/site-packages/airflow/example_dags/example_python_operator.py
[2025-12-27T14:53:34.173+0000] {logging_mixin.py:188} INFO - [2025-12-27T14:53:34.172+0000] {override.py:1930} INFO - Created Permission View: can delete on DAG:example_python_operator
[2025-12-27T14:53:34.453+0000] {logging_mixin.py:188} INFO - [2025-12-27T14:53:34.452+0000] {override.py:1930} INFO - Created Permission View: can edit on DAG:example_python_operator
[2025-12-27T14:53:34.724+0000] {logging_mixin.py:188} INFO - [2025-12-27T14:53:34.724+0000] {override.py:1930} INFO - Created Permission View: can read on DAG:example_python_operator
[2025-12-27T14:53:34.725+0000] {logging_mixin.py:188} INFO - [2025-12-27T14:53:34.725+0000] {dag.py:3096} INFO - Sync 1 DAGs
[2025-12-27T14:53:34.755+0000] {logging_mixin.py:188} INFO - [2025-12-27T14:53:34.755+0000] {dag.py:3118} INFO - Creating ORM DAG for example_python_operator
[2025-12-27T14:53:34.757+0000] {logging_mixin.py:188} INFO - [2025-12-27T14:53:34.756+0000] {dag.py:3954} INFO - Setting next_dagrun for example_python_operator to None, run_after=None
[2025-12-27T14:53:35.051+0000] {processor.py:183} INFO - Processing /usr/local/lib/python3.11/site-packages/airflow/example_dags/example_python_operator.py took 1.490 seconds
[2025-12-27T14:55:35.512+0000] {processor.py:161} INFO - Started process (PID=104) to work on /usr/local/lib/python3.11/site-packages/airflow/example_dags/example_python_operator.py
[2025-12-27T14:55:35.513+0000] {processor.py:830} INFO - Processing file /usr/local/lib/python3.11/site-packages/airflow/example_dags/example_python_operator.py for tasks to queue
[2025-12-27T14:55:35.516+0000] {logging_mixin.py:188} INFO - [2025-12-27T14:55:35.515+0000] {dagbag.py:545} INFO - Filling up the DagBag from /usr/local/lib/python3.11/site-packages/airflow/example_dags/example_python_operator.py
[2025-12-27T14:55:35.532+0000] {logging_mixin.py:188} INFO - [2025-12-27T14:55:35.532+0000] {example_python_operator.py:93} WARNING - The virtalenv_python example task requires virtualenv, please install it.
[2025-12-27T14:55:35.533+0000] {processor.py:840} INFO - DAG(s) 'example_python_operator' retrieved from /usr/local/lib/python3.11/site-packages/airflow/example_dags/example_python_operator.py
[2025-12-27T14:55:35.577+0000] {logging_mixin.py:188} INFO - [2025-12-27T14:55:35.576+0000] {dag.py:3096} INFO - Sync 1 DAGs
[2025-12-27T14:55:35.599+0000] {logging_mixin.py:188} INFO - [2025-12-27T14:55:35.599+0000] {dag.py:3954} INFO - Setting next_dagrun for example_python_operator to None, run_after=None
[2025-12-27T14:55:35.856+0000] {processor.py:183} INFO - Processing /usr/local/lib/python3.11/site-packages/airflow/example_dags/example_python_operator.py took 0.367 seconds
[2025-12-27T14:56:39.702+0000] {processor.py:161} INFO - Started process (PID=143) to work on /usr/local/lib/python3.11/site-packages/airflow/example_dags/example_python_operator.py
[2025-12-27T14:56:39.705+0000] {processor.py:830} INFO - Processing file /usr/local/lib/python3.11/site-packages/airflow/example_dags/example_python_operator.py for tasks to queue
[2025-12-27T14:56:39.707+0000] {logging_mixin.py:188} INFO - [2025-12-27T14:56:39.707+0000] {dagbag.py:545} INFO - Filling up the DagBag from /usr/local/lib/python3.11/site-packages/airflow/example_dags/example_python_operator.py
[2025-12-27T14:56:39.722+0000] {logging_mixin.py:188} INFO - [2025-12-27T14:56:39.722+0000] {example_python_operator.py:93} WARNING - The virtalenv_python example task requires virtualenv, please install it.
[2025-12-27T14:56:39.723+0000] {processor.py:840} INFO - DAG(s) 'example_python_operator' retrieved from /usr/local/lib/python3.11/site-packages/airflow/example_dags/example_python_operator.py
[2025-12-27T14:56:39.755+0000] {logging_mixin.py:188} INFO - [2025-12-27T14:56:39.755+0000] {dag.py:3096} INFO - Sync 1 DAGs
[2025-12-27T14:56:39.774+0000] {logging_mixin.py:188} INFO - [2025-12-27T14:56:39.774+0000] {dag.py:3954} INFO - Setting next_dagrun for example_python_operator to None, run_after=None
[2025-12-27T14:56:40.113+0000] {processor.py:183} INFO - Processing /usr/local/lib/python3.11/site-packages/airflow/example_dags/example_python_operator.py took 0.430 seconds
[2025-12-27T14:58:48.320+0000] {processor.py:161} INFO - Started process (PID=211) to work on /usr/local/lib/python3.11/site-packages/airflow/example_dags/example_python_operator.py
[2025-12-27T14:58:48.322+0000] {processor.py:830} INFO - Processing file /usr/local/lib/python3.11/site-packages/airflow/example_dags/example_python_operator.py for tasks to queue
[2025-12-27T14:58:48.325+0000] {logging_mixin.py:188} INFO - [2025-12-27T14:58:48.324+0000] {dagbag.py:545} INFO - Filling up the DagBag from /usr/local/lib/python3.11/site-packages/airflow/example_dags/example_python_operator.py
[2025-12-27T14:58:48.341+0000] {logging_mixin.py:188} INFO - [2025-12-27T14:58:48.340+0000] {example_python_operator.py:93} WARNING - The virtalenv_python example task requires virtualenv, please install it.
[2025-12-27T14:58:48.342+0000] {processor.py:840} INFO - DAG(s) 'example_python_operator' retrieved from /usr/local/lib/python3.11/site-packages/airflow/example_dags/example_python_operator.py
[2025-12-27T14:58:48.390+0000] {logging_mixin.py:188} INFO - [2025-12-27T14:58:48.390+0000] {dag.py:3096} INFO - Sync 1 DAGs
[2025-12-27T14:58:48.409+0000] {logging_mixin.py:188} INFO - [2025-12-27T14:58:48.409+0000] {dag.py:3954} INFO - Setting next_dagrun for example_python_operator to None, run_after=None
[2025-12-27T14:58:48.628+0000] {processor.py:183} INFO - Processing /usr/local/lib/python3.11/site-packages/airflow/example_dags/example_python_operator.py took 0.345 seconds
[2025-12-27T15:00:34.412+0000] {processor.py:161} INFO - Started process (PID=292) to work on /usr/local/lib/python3.11/site-packages/airflow/example_dags/example_python_operator.py
[2025-12-27T15:00:34.413+0000] {processor.py:830} INFO - Processing file /usr/local/lib/python3.11/site-packages/airflow/example_dags/example_python_operator.py for tasks to queue
[2025-12-27T15:00:34.415+0000] {logging_mixin.py:188} INFO - [2025-12-27T15:00:34.415+0000] {dagbag.py:545} INFO - Filling up the DagBag from /usr/local/lib/python3.11/site-packages/airflow/example_dags/example_python_operator.py
[2025-12-27T15:00:34.429+0000] {logging_mixin.py:188} INFO - [2025-12-27T15:00:34.429+0000] {example_python_operator.py:93} WARNING - The virtalenv_python example task requires virtualenv, please install it.
[2025-12-27T15:00:34.430+0000] {processor.py:840} INFO - DAG(s) 'example_python_operator' retrieved from /usr/local/lib/python3.11/site-packages/airflow/example_dags/example_python_operator.py
[2025-12-27T15:00:34.469+0000] {logging_mixin.py:188} INFO - [2025-12-27T15:00:34.469+0000] {dag.py:3096} INFO - Sync 1 DAGs
[2025-12-27T15:00:34.489+0000] {logging_mixin.py:188} INFO - [2025-12-27T15:00:34.489+0000] {dag.py:3954} INFO - Setting next_dagrun for example_python_operator to None, run_after=None
[2025-12-27T15:00:34.707+0000] {processor.py:183} INFO - Processing /usr/local/lib/python3.11/site-packages/airflow/example_dags/example_python_operator.py took 0.311 seconds
[2025-12-27T15:01:36.193+0000] {processor.py:161} INFO - Started process (PID=331) to work on /usr/local/lib/python3.11/site-packages/airflow/example_dags/example_python_operator.py
[2025-12-27T15:01:36.195+0000] {processor.py:830} INFO - Processing file /usr/local/lib/python3.11/site-packages/airflow/example_dags/example_python_operator.py for tasks to queue
[2025-12-27T15:01:36.198+0000] {logging_mixin.py:188} INFO - [2025-12-27T15:01:36.197+0000] {dagbag.py:545} INFO - Filling up the DagBag from /usr/local/lib/python3.11/site-packages/airflow/example_dags/example_python_operator.py
[2025-12-27T15:01:36.213+0000] {logging_mixin.py:188} INFO - [2025-12-27T15:01:36.213+0000] {example_python_operator.py:93} WARNING - The virtalenv_python example task requires virtualenv, please install it.
[2025-12-27T15:01:36.215+0000] {processor.py:840} INFO - DAG(s) 'example_python_operator' retrieved from /usr/local/lib/python3.11/site-packages/airflow/example_dags/example_python_operator.py
[2025-12-27T15:01:36.284+0000] {logging_mixin.py:188} INFO - [2025-12-27T15:01:36.284+0000] {dag.py:3096} INFO - Sync 1 DAGs
[2025-12-27T15:01:36.318+0000] {logging_mixin.py:188} INFO - [2025-12-27T15:01:36.318+0000] {dag.py:3954} INFO - Setting next_dagrun for example_python_operator to None, run_after=None
[2025-12-27T15:01:36.577+0000] {processor.py:183} INFO - Processing /usr/local/lib/python3.11/site-packages/airflow/example_dags/example_python_operator.py took 0.405 seconds
[2025-12-27T15:03:27.526+0000] {processor.py:161} INFO - Started process (PID=406) to work on /usr/local/lib/python3.11/site-packages/airflow/example_dags/example_python_operator.py
[2025-12-27T15:03:27.527+0000] {processor.py:830} INFO - Processing file /usr/local/lib/python3.11/site-packages/airflow/example_dags/example_python_operator.py for tasks to queue
[2025-12-27T15:03:27.530+0000] {logging_mixin.py:188} INFO - [2025-12-27T15:03:27.529+0000] {dagbag.py:545} INFO - Filling up the DagBag from /usr/local/lib/python3.11/site-packages/airflow/example_dags/example_python_operator.py
[2025-12-27T15:03:27.545+0000] {logging_mixin.py:188} INFO - [2025-12-27T15:03:27.545+0000] {example_python_operator.py:93} WARNING - The virtalenv_python example task requires virtualenv, please install it.
[2025-12-27T15:03:27.546+0000] {processor.py:840} INFO - DAG(s) 'example_python_operator' retrieved from /usr/local/lib/python3.11/site-packages/airflow/example_dags/example_python_operator.py
[2025-12-27T15:03:27.582+0000] {logging_mixin.py:188} INFO - [2025-12-27T15:03:27.582+0000] {dag.py:3096} INFO - Sync 1 DAGs
[2025-12-27T15:03:27.603+0000] {logging_mixin.py:188} INFO - [2025-12-27T15:03:27.603+0000] {dag.py:3954} INFO - Setting next_dagrun for example_python_operator to None, run_after=None
[2025-12-27T15:03:27.956+0000] {processor.py:183} INFO - Processing /usr/local/lib/python3.11/site-packages/airflow/example_dags/example_python_operator.py took 0.445 seconds
[2025-12-27T15:04:53.822+0000] {processor.py:161} INFO - Started process (PID=467) to work on /usr/local/lib/python3.11/site-packages/airflow/example_dags/example_python_operator.py
[2025-12-27T15:04:53.823+0000] {processor.py:830} INFO - Processing file /usr/local/lib/python3.11/site-packages/airflow/example_dags/example_python_operator.py for tasks to queue
[2025-12-27T15:04:53.826+0000] {logging_mixin.py:188} INFO - [2025-12-27T15:04:53.825+0000] {dagbag.py:545} INFO - Filling up the DagBag from /usr/local/lib/python3.11/site-packages/airflow/example_dags/example_python_operator.py
[2025-12-27T15:04:53.838+0000] {logging_mixin.py:188} INFO - [2025-12-27T15:04:53.837+0000] {example_python_operator.py:93} WARNING - The virtalenv_python example task requires virtualenv, please install it.
[2025-12-27T15:04:53.839+0000] {processor.py:840} INFO - DAG(s) 'example_python_operator' retrieved from /usr/local/lib/python3.11/site-packages/airflow/example_dags/example_python_operator.py
[2025-12-27T15:04:53.873+0000] {logging_mixin.py:188} INFO - [2025-12-27T15:04:53.872+0000] {dag.py:3096} INFO - Sync 1 DAGs
[2025-12-27T15:04:53.890+0000] {logging_mixin.py:188} INFO - [2025-12-27T15:04:53.890+0000] {dag.py:3954} INFO - Setting next_dagrun for example_python_operator to None, run_after=None
[2025-12-27T15:04:54.100+0000] {processor.py:183} INFO - Processing /usr/local/lib/python3.11/site-packages/airflow/example_dags/example_python_operator.py took 0.292 seconds
[2025-12-27T15:06:23.042+0000] {processor.py:161} INFO - Started process (PID=529) to work on /usr/local/lib/python3.11/site-packages/airflow/example_dags/example_python_operator.py
[2025-12-27T15:06:23.043+0000] {processor.py:830} INFO - Processing file /usr/local/lib/python3.11/site-packages/airflow/example_dags/example_python_operator.py for tasks to queue
[2025-12-27T15:06:23.046+0000] {logging_mixin.py:188} INFO - [2025-12-27T15:06:23.045+0000] {dagbag.py:545} INFO - Filling up the DagBag from /usr/local/lib/python3.11/site-packages/airflow/example_dags/example_python_operator.py
[2025-12-27T15:06:23.058+0000] {logging_mixin.py:188} INFO - [2025-12-27T15:06:23.058+0000] {example_python_operator.py:93} WARNING - The virtalenv_python example task requires virtualenv, please install it.
[2025-12-27T15:06:23.059+0000] {processor.py:840} INFO - DAG(s) 'example_python_operator' retrieved from /usr/local/lib/python3.11/site-packages/airflow/example_dags/example_python_operator.py
[2025-12-27T15:06:23.097+0000] {logging_mixin.py:188} INFO - [2025-12-27T15:06:23.096+0000] {dag.py:3096} INFO - Sync 1 DAGs
[2025-12-27T15:06:23.115+0000] {logging_mixin.py:188} INFO - [2025-12-27T15:06:23.115+0000] {dag.py:3954} INFO - Setting next_dagrun for example_python_operator to None, run_after=None
[2025-12-27T15:06:23.289+0000] {processor.py:183} INFO - Processing /usr/local/lib/python3.11/site-packages/airflow/example_dags/example_python_operator.py took 0.261 seconds
[2025-12-27T15:07:55.091+0000] {processor.py:161} INFO - Started process (PID=592) to work on /usr/local/lib/python3.11/site-packages/airflow/example_dags/example_python_operator.py
[2025-12-27T15:07:55.092+0000] {processor.py:830} INFO - Processing file /usr/local/lib/python3.11/site-packages/airflow/example_dags/example_python_operator.py for tasks to queue
[2025-12-27T15:07:55.095+0000] {logging_mixin.py:188} INFO - [2025-12-27T15:07:55.095+0000] {dagbag.py:545} INFO - Filling up the DagBag from /usr/local/lib/python3.11/site-packages/airflow/example_dags/example_python_operator.py
[2025-12-27T15:07:55.107+0000] {logging_mixin.py:188} INFO - [2025-12-27T15:07:55.107+0000] {example_python_operator.py:93} WARNING - The virtalenv_python example task requires virtualenv, please install it.
[2025-12-27T15:07:55.108+0000] {processor.py:840} INFO - DAG(s) 'example_python_operator' retrieved from /usr/local/lib/python3.11/site-packages/airflow/example_dags/example_python_operator.py
[2025-12-27T15:07:55.149+0000] {logging_mixin.py:188} INFO - [2025-12-27T15:07:55.149+0000] {dag.py:3096} INFO - Sync 1 DAGs
[2025-12-27T15:07:55.170+0000] {logging_mixin.py:188} INFO - [2025-12-27T15:07:55.170+0000] {dag.py:3954} INFO - Setting next_dagrun for example_python_operator to None, run_after=None
[2025-12-27T15:07:55.357+0000] {processor.py:183} INFO - Processing /usr/local/lib/python3.11/site-packages/airflow/example_dags/example_python_operator.py took 0.284 seconds
[2025-12-27T15:09:41.024+0000] {processor.py:161} INFO - Started process (PID=659) to work on /usr/local/lib/python3.11/site-packages/airflow/example_dags/example_python_operator.py
[2025-12-27T15:09:41.025+0000] {processor.py:830} INFO - Processing file /usr/local/lib/python3.11/site-packages/airflow/example_dags/example_python_operator.py for tasks to queue
[2025-12-27T15:09:41.029+0000] {logging_mixin.py:188} INFO - [2025-12-27T15:09:41.029+0000] {dagbag.py:545} INFO - Filling up the DagBag from /usr/local/lib/python3.11/site-packages/airflow/example_dags/example_python_operator.py
[2025-12-27T15:09:41.052+0000] {logging_mixin.py:188} INFO - [2025-12-27T15:09:41.052+0000] {example_python_operator.py:93} WARNING - The virtalenv_python example task requires virtualenv, please install it.
[2025-12-27T15:09:41.055+0000] {processor.py:840} INFO - DAG(s) 'example_python_operator' retrieved from /usr/local/lib/python3.11/site-packages/airflow/example_dags/example_python_operator.py
[2025-12-27T15:09:41.111+0000] {logging_mixin.py:188} INFO - [2025-12-27T15:09:41.110+0000] {dag.py:3096} INFO - Sync 1 DAGs
[2025-12-27T15:09:41.138+0000] {logging_mixin.py:188} INFO - [2025-12-27T15:09:41.138+0000] {dag.py:3954} INFO - Setting next_dagrun for example_python_operator to None, run_after=None
[2025-12-27T15:09:41.398+0000] {processor.py:183} INFO - Processing /usr/local/lib/python3.11/site-packages/airflow/example_dags/example_python_operator.py took 0.395 seconds
[2025-12-27T15:11:32.033+0000] {processor.py:161} INFO - Started process (PID=727) to work on /usr/local/lib/python3.11/site-packages/airflow/example_dags/example_python_operator.py
[2025-12-27T15:11:32.035+0000] {processor.py:830} INFO - Processing file /usr/local/lib/python3.11/site-packages/airflow/example_dags/example_python_operator.py for tasks to queue
[2025-12-27T15:11:32.038+0000] {logging_mixin.py:188} INFO - [2025-12-27T15:11:32.037+0000] {dagbag.py:545} INFO - Filling up the DagBag from /usr/local/lib/python3.11/site-packages/airflow/example_dags/example_python_operator.py
[2025-12-27T15:11:32.050+0000] {logging_mixin.py:188} INFO - [2025-12-27T15:11:32.049+0000] {example_python_operator.py:93} WARNING - The virtalenv_python example task requires virtualenv, please install it.
[2025-12-27T15:11:32.052+0000] {processor.py:840} INFO - DAG(s) 'example_python_operator' retrieved from /usr/local/lib/python3.11/site-packages/airflow/example_dags/example_python_operator.py
[2025-12-27T15:11:32.096+0000] {logging_mixin.py:188} INFO - [2025-12-27T15:11:32.095+0000] {dag.py:3096} INFO - Sync 1 DAGs
[2025-12-27T15:11:32.119+0000] {logging_mixin.py:188} INFO - [2025-12-27T15:11:32.119+0000] {dag.py:3954} INFO - Setting next_dagrun for example_python_operator to None, run_after=None
[2025-12-27T15:11:32.389+0000] {processor.py:183} INFO - Processing /usr/local/lib/python3.11/site-packages/airflow/example_dags/example_python_operator.py took 0.375 seconds
[2025-12-27T15:13:03.688+0000] {processor.py:161} INFO - Started process (PID=790) to work on /usr/local/lib/python3.11/site-packages/airflow/example_dags/example_python_operator.py
[2025-12-27T15:13:03.689+0000] {processor.py:830} INFO - Processing file /usr/local/lib/python3.11/site-packages/airflow/example_dags/example_python_operator.py for tasks to queue
[2025-12-27T15:13:03.693+0000] {logging_mixin.py:188} INFO - [2025-12-27T15:13:03.692+0000] {dagbag.py:545} INFO - Filling up the DagBag from /usr/local/lib/python3.11/site-packages/airflow/example_dags/example_python_operator.py
[2025-12-27T15:13:03.707+0000] {logging_mixin.py:188} INFO - [2025-12-27T15:13:03.707+0000] {example_python_operator.py:93} WARNING - The virtalenv_python example task requires virtualenv, please install it.
[2025-12-27T15:13:03.708+0000] {processor.py:840} INFO - DAG(s) 'example_python_operator' retrieved from /usr/local/lib/python3.11/site-packages/airflow/example_dags/example_python_operator.py
[2025-12-27T15:13:03.749+0000] {logging_mixin.py:188} INFO - [2025-12-27T15:13:03.749+0000] {dag.py:3096} INFO - Sync 1 DAGs
[2025-12-27T15:13:03.769+0000] {logging_mixin.py:188} INFO - [2025-12-27T15:13:03.769+0000] {dag.py:3954} INFO - Setting next_dagrun for example_python_operator to None, run_after=None
[2025-12-27T15:13:04.269+0000] {processor.py:183} INFO - Processing /usr/local/lib/python3.11/site-packages/airflow/example_dags/example_python_operator.py took 0.605 seconds
[2025-12-27T15:14:41.762+0000] {processor.py:161} INFO - Started process (PID=853) to work on /usr/local/lib/python3.11/site-packages/airflow/example_dags/example_python_operator.py
[2025-12-27T15:14:41.763+0000] {processor.py:830} INFO - Processing file /usr/local/lib/python3.11/site-packages/airflow/example_dags/example_python_operator.py for tasks to queue
[2025-12-27T15:14:41.767+0000] {logging_mixin.py:188} INFO - [2025-12-27T15:14:41.766+0000] {dagbag.py:545} INFO - Filling up the DagBag from /usr/local/lib/python3.11/site-packages/airflow/example_dags/example_python_operator.py
[2025-12-27T15:14:41.778+0000] {logging_mixin.py:188} INFO - [2025-12-27T15:14:41.778+0000] {example_python_operator.py:93} WARNING - The virtalenv_python example task requires virtualenv, please install it.
[2025-12-27T15:14:41.779+0000] {processor.py:840} INFO - DAG(s) 'example_python_operator' retrieved from /usr/local/lib/python3.11/site-packages/airflow/example_dags/example_python_operator.py
[2025-12-27T15:14:41.812+0000] {logging_mixin.py:188} INFO - [2025-12-27T15:14:41.812+0000] {dag.py:3096} INFO - Sync 1 DAGs
[2025-12-27T15:14:41.829+0000] {logging_mixin.py:188} INFO - [2025-12-27T15:14:41.829+0000] {dag.py:3954} INFO - Setting next_dagrun for example_python_operator to None, run_after=None
[2025-12-27T15:14:42.031+0000] {processor.py:183} INFO - Processing /usr/local/lib/python3.11/site-packages/airflow/example_dags/example_python_operator.py took 0.299 seconds
[2025-12-27T15:15:39.912+0000] {processor.py:161} INFO - Started process (PID=889) to work on /usr/local/lib/python3.11/site-packages/airflow/example_dags/example_python_operator.py
[2025-12-27T15:15:39.914+0000] {processor.py:830} INFO - Processing file /usr/local/lib/python3.11/site-packages/airflow/example_dags/example_python_operator.py for tasks to queue
[2025-12-27T15:15:39.919+0000] {logging_mixin.py:188} INFO - [2025-12-27T15:15:39.918+0000] {dagbag.py:545} INFO - Filling up the DagBag from /usr/local/lib/python3.11/site-packages/airflow/example_dags/example_python_operator.py
[2025-12-27T15:15:39.936+0000] {logging_mixin.py:188} INFO - [2025-12-27T15:15:39.936+0000] {example_python_operator.py:93} WARNING - The virtalenv_python example task requires virtualenv, please install it.
[2025-12-27T15:15:39.937+0000] {processor.py:840} INFO - DAG(s) 'example_python_operator' retrieved from /usr/local/lib/python3.11/site-packages/airflow/example_dags/example_python_operator.py
[2025-12-27T15:15:39.985+0000] {logging_mixin.py:188} INFO - [2025-12-27T15:15:39.984+0000] {dag.py:3096} INFO - Sync 1 DAGs
[2025-12-27T15:15:40.020+0000] {logging_mixin.py:188} INFO - [2025-12-27T15:15:40.020+0000] {dag.py:3954} INFO - Setting next_dagrun for example_python_operator to None, run_after=None
[2025-12-27T15:15:40.238+0000] {processor.py:183} INFO - Processing /usr/local/lib/python3.11/site-packages/airflow/example_dags/example_python_operator.py took 0.349 seconds
[2025-12-27T15:17:23.097+0000] {processor.py:161} INFO - Started process (PID=953) to work on /usr/local/lib/python3.11/site-packages/airflow/example_dags/example_python_operator.py
[2025-12-27T15:17:23.098+0000] {processor.py:830} INFO - Processing file /usr/local/lib/python3.11/site-packages/airflow/example_dags/example_python_operator.py for tasks to queue
[2025-12-27T15:17:23.100+0000] {logging_mixin.py:188} INFO - [2025-12-27T15:17:23.100+0000] {dagbag.py:545} INFO - Filling up the DagBag from /usr/local/lib/python3.11/site-packages/airflow/example_dags/example_python_operator.py
[2025-12-27T15:17:23.112+0000] {logging_mixin.py:188} INFO - [2025-12-27T15:17:23.112+0000] {example_python_operator.py:93} WARNING - The virtalenv_python example task requires virtualenv, please install it.
[2025-12-27T15:17:23.113+0000] {processor.py:840} INFO - DAG(s) 'example_python_operator' retrieved from /usr/local/lib/python3.11/site-packages/airflow/example_dags/example_python_operator.py
[2025-12-27T15:17:23.155+0000] {logging_mixin.py:188} INFO - [2025-12-27T15:17:23.155+0000] {dag.py:3096} INFO - Sync 1 DAGs
[2025-12-27T15:17:23.185+0000] {logging_mixin.py:188} INFO - [2025-12-27T15:17:23.185+0000] {dag.py:3954} INFO - Setting next_dagrun for example_python_operator to None, run_after=None
[2025-12-27T15:17:23.557+0000] {processor.py:183} INFO - Processing /usr/local/lib/python3.11/site-packages/airflow/example_dags/example_python_operator.py took 0.477 seconds
[2025-12-27T15:19:09.450+0000] {processor.py:161} INFO - Started process (PID=1020) to work on /usr/local/lib/python3.11/site-packages/airflow/example_dags/example_python_operator.py
[2025-12-27T15:19:09.451+0000] {processor.py:830} INFO - Processing file /usr/local/lib/python3.11/site-packages/airflow/example_dags/example_python_operator.py for tasks to queue
[2025-12-27T15:19:09.465+0000] {logging_mixin.py:188} INFO - [2025-12-27T15:19:09.464+0000] {dagbag.py:545} INFO - Filling up the DagBag from /usr/local/lib/python3.11/site-packages/airflow/example_dags/example_python_operator.py
[2025-12-27T15:19:09.514+0000] {logging_mixin.py:188} INFO - [2025-12-27T15:19:09.513+0000] {example_python_operator.py:93} WARNING - The virtalenv_python example task requires virtualenv, please install it.
[2025-12-27T15:19:09.516+0000] {processor.py:840} INFO - DAG(s) 'example_python_operator' retrieved from /usr/local/lib/python3.11/site-packages/airflow/example_dags/example_python_operator.py
[2025-12-27T15:19:09.625+0000] {logging_mixin.py:188} INFO - [2025-12-27T15:19:09.625+0000] {dag.py:3096} INFO - Sync 1 DAGs
[2025-12-27T15:19:09.703+0000] {logging_mixin.py:188} INFO - [2025-12-27T15:19:09.703+0000] {dag.py:3954} INFO - Setting next_dagrun for example_python_operator to None, run_after=None
[2025-12-27T15:19:10.073+0000] {processor.py:183} INFO - Processing /usr/local/lib/python3.11/site-packages/airflow/example_dags/example_python_operator.py took 0.674 seconds
[2025-12-27T15:31:06.115+0000] {processor.py:161} INFO - Started process (PID=47) to work on /usr/local/lib/python3.11/site-packages/airflow/example_dags/example_python_operator.py
[2025-12-27T15:31:06.119+0000] {processor.py:830} INFO - Processing file /usr/local/lib/python3.11/site-packages/airflow/example_dags/example_python_operator.py for tasks to queue
[2025-12-27T15:31:06.122+0000] {logging_mixin.py:188} INFO - [2025-12-27T15:31:06.121+0000] {dagbag.py:545} INFO - Filling up the DagBag from /usr/local/lib/python3.11/site-packages/airflow/example_dags/example_python_operator.py
[2025-12-27T15:31:06.135+0000] {logging_mixin.py:188} INFO - [2025-12-27T15:31:06.134+0000] {example_python_operator.py:93} WARNING - The virtalenv_python example task requires virtualenv, please install it.
[2025-12-27T15:31:06.136+0000] {processor.py:840} INFO - DAG(s) 'example_python_operator' retrieved from /usr/local/lib/python3.11/site-packages/airflow/example_dags/example_python_operator.py
[2025-12-27T15:31:06.304+0000] {logging_mixin.py:188} INFO - [2025-12-27T15:31:06.304+0000] {dag.py:3096} INFO - Sync 1 DAGs
[2025-12-27T15:31:06.323+0000] {logging_mixin.py:188} INFO - [2025-12-27T15:31:06.322+0000] {dag.py:3954} INFO - Setting next_dagrun for example_python_operator to None, run_after=None
[2025-12-27T15:31:06.878+0000] {processor.py:183} INFO - Processing /usr/local/lib/python3.11/site-packages/airflow/example_dags/example_python_operator.py took 0.778 seconds
[2025-12-27T15:32:38.650+0000] {processor.py:161} INFO - Started process (PID=99) to work on /usr/local/lib/python3.11/site-packages/airflow/example_dags/example_python_operator.py
[2025-12-27T15:32:38.652+0000] {processor.py:830} INFO - Processing file /usr/local/lib/python3.11/site-packages/airflow/example_dags/example_python_operator.py for tasks to queue
[2025-12-27T15:32:38.655+0000] {logging_mixin.py:188} INFO - [2025-12-27T15:32:38.654+0000] {dagbag.py:545} INFO - Filling up the DagBag from /usr/local/lib/python3.11/site-packages/airflow/example_dags/example_python_operator.py
[2025-12-27T15:32:38.672+0000] {logging_mixin.py:188} INFO - [2025-12-27T15:32:38.671+0000] {example_python_operator.py:93} WARNING - The virtalenv_python example task requires virtualenv, please install it.
[2025-12-27T15:32:38.673+0000] {processor.py:840} INFO - DAG(s) 'example_python_operator' retrieved from /usr/local/lib/python3.11/site-packages/airflow/example_dags/example_python_operator.py
[2025-12-27T15:32:38.938+0000] {logging_mixin.py:188} INFO - [2025-12-27T15:32:38.938+0000] {dag.py:3096} INFO - Sync 1 DAGs
[2025-12-27T15:32:38.960+0000] {logging_mixin.py:188} INFO - [2025-12-27T15:32:38.960+0000] {dag.py:3954} INFO - Setting next_dagrun for example_python_operator to None, run_after=None
[2025-12-27T15:32:39.267+0000] {processor.py:183} INFO - Processing /usr/local/lib/python3.11/site-packages/airflow/example_dags/example_python_operator.py took 0.641 seconds
[2025-12-27T15:33:37.583+0000] {processor.py:161} INFO - Started process (PID=138) to work on /usr/local/lib/python3.11/site-packages/airflow/example_dags/example_python_operator.py
[2025-12-27T15:33:37.610+0000] {processor.py:830} INFO - Processing file /usr/local/lib/python3.11/site-packages/airflow/example_dags/example_python_operator.py for tasks to queue
[2025-12-27T15:33:37.613+0000] {logging_mixin.py:188} INFO - [2025-12-27T15:33:37.613+0000] {dagbag.py:545} INFO - Filling up the DagBag from /usr/local/lib/python3.11/site-packages/airflow/example_dags/example_python_operator.py
[2025-12-27T15:33:37.633+0000] {logging_mixin.py:188} INFO - [2025-12-27T15:33:37.633+0000] {example_python_operator.py:93} WARNING - The virtalenv_python example task requires virtualenv, please install it.
[2025-12-27T15:33:37.635+0000] {processor.py:840} INFO - DAG(s) 'example_python_operator' retrieved from /usr/local/lib/python3.11/site-packages/airflow/example_dags/example_python_operator.py
[2025-12-27T15:33:37.671+0000] {logging_mixin.py:188} INFO - [2025-12-27T15:33:37.671+0000] {dag.py:3096} INFO - Sync 1 DAGs
[2025-12-27T15:33:37.689+0000] {logging_mixin.py:188} INFO - [2025-12-27T15:33:37.688+0000] {dag.py:3954} INFO - Setting next_dagrun for example_python_operator to None, run_after=None
[2025-12-27T15:33:37.931+0000] {processor.py:183} INFO - Processing /usr/local/lib/python3.11/site-packages/airflow/example_dags/example_python_operator.py took 0.371 seconds
[2025-12-27T15:35:12.666+0000] {processor.py:161} INFO - Started process (PID=202) to work on /usr/local/lib/python3.11/site-packages/airflow/example_dags/example_python_operator.py
[2025-12-27T15:35:12.667+0000] {processor.py:830} INFO - Processing file /usr/local/lib/python3.11/site-packages/airflow/example_dags/example_python_operator.py for tasks to queue
[2025-12-27T15:35:12.670+0000] {logging_mixin.py:188} INFO - [2025-12-27T15:35:12.669+0000] {dagbag.py:545} INFO - Filling up the DagBag from /usr/local/lib/python3.11/site-packages/airflow/example_dags/example_python_operator.py
[2025-12-27T15:35:12.682+0000] {logging_mixin.py:188} INFO - [2025-12-27T15:35:12.682+0000] {example_python_operator.py:93} WARNING - The virtalenv_python example task requires virtualenv, please install it.
[2025-12-27T15:35:12.683+0000] {processor.py:840} INFO - DAG(s) 'example_python_operator' retrieved from /usr/local/lib/python3.11/site-packages/airflow/example_dags/example_python_operator.py
[2025-12-27T15:35:12.714+0000] {logging_mixin.py:188} INFO - [2025-12-27T15:35:12.714+0000] {dag.py:3096} INFO - Sync 1 DAGs
[2025-12-27T15:35:12.732+0000] {logging_mixin.py:188} INFO - [2025-12-27T15:35:12.732+0000] {dag.py:3954} INFO - Setting next_dagrun for example_python_operator to None, run_after=None
[2025-12-27T15:35:12.984+0000] {processor.py:183} INFO - Processing /usr/local/lib/python3.11/site-packages/airflow/example_dags/example_python_operator.py took 0.334 seconds
[2025-12-27T15:36:47.203+0000] {processor.py:161} INFO - Started process (PID=265) to work on /usr/local/lib/python3.11/site-packages/airflow/example_dags/example_python_operator.py
[2025-12-27T15:36:47.205+0000] {processor.py:830} INFO - Processing file /usr/local/lib/python3.11/site-packages/airflow/example_dags/example_python_operator.py for tasks to queue
[2025-12-27T15:36:47.207+0000] {logging_mixin.py:188} INFO - [2025-12-27T15:36:47.207+0000] {dagbag.py:545} INFO - Filling up the DagBag from /usr/local/lib/python3.11/site-packages/airflow/example_dags/example_python_operator.py
[2025-12-27T15:36:47.219+0000] {logging_mixin.py:188} INFO - [2025-12-27T15:36:47.219+0000] {example_python_operator.py:93} WARNING - The virtalenv_python example task requires virtualenv, please install it.
[2025-12-27T15:36:47.220+0000] {processor.py:840} INFO - DAG(s) 'example_python_operator' retrieved from /usr/local/lib/python3.11/site-packages/airflow/example_dags/example_python_operator.py
[2025-12-27T15:36:47.262+0000] {logging_mixin.py:188} INFO - [2025-12-27T15:36:47.262+0000] {dag.py:3096} INFO - Sync 1 DAGs
[2025-12-27T15:36:47.283+0000] {logging_mixin.py:188} INFO - [2025-12-27T15:36:47.283+0000] {dag.py:3954} INFO - Setting next_dagrun for example_python_operator to None, run_after=None
[2025-12-27T15:36:47.668+0000] {processor.py:183} INFO - Processing /usr/local/lib/python3.11/site-packages/airflow/example_dags/example_python_operator.py took 0.479 seconds
[2025-12-27T15:38:16.695+0000] {processor.py:161} INFO - Started process (PID=327) to work on /usr/local/lib/python3.11/site-packages/airflow/example_dags/example_python_operator.py
[2025-12-27T15:38:16.696+0000] {processor.py:830} INFO - Processing file /usr/local/lib/python3.11/site-packages/airflow/example_dags/example_python_operator.py for tasks to queue
[2025-12-27T15:38:16.700+0000] {logging_mixin.py:188} INFO - [2025-12-27T15:38:16.699+0000] {dagbag.py:545} INFO - Filling up the DagBag from /usr/local/lib/python3.11/site-packages/airflow/example_dags/example_python_operator.py
[2025-12-27T15:38:16.711+0000] {logging_mixin.py:188} INFO - [2025-12-27T15:38:16.711+0000] {example_python_operator.py:93} WARNING - The virtalenv_python example task requires virtualenv, please install it.
[2025-12-27T15:38:16.713+0000] {processor.py:840} INFO - DAG(s) 'example_python_operator' retrieved from /usr/local/lib/python3.11/site-packages/airflow/example_dags/example_python_operator.py
[2025-12-27T15:38:16.751+0000] {logging_mixin.py:188} INFO - [2025-12-27T15:38:16.751+0000] {dag.py:3096} INFO - Sync 1 DAGs
[2025-12-27T15:38:16.770+0000] {logging_mixin.py:188} INFO - [2025-12-27T15:38:16.770+0000] {dag.py:3954} INFO - Setting next_dagrun for example_python_operator to None, run_after=None
[2025-12-27T15:38:16.919+0000] {processor.py:183} INFO - Processing /usr/local/lib/python3.11/site-packages/airflow/example_dags/example_python_operator.py took 0.255 seconds
[2025-12-27T15:40:04.313+0000] {processor.py:161} INFO - Started process (PID=392) to work on /usr/local/lib/python3.11/site-packages/airflow/example_dags/example_python_operator.py
[2025-12-27T15:40:04.314+0000] {processor.py:830} INFO - Processing file /usr/local/lib/python3.11/site-packages/airflow/example_dags/example_python_operator.py for tasks to queue
[2025-12-27T15:40:04.317+0000] {logging_mixin.py:188} INFO - [2025-12-27T15:40:04.316+0000] {dagbag.py:545} INFO - Filling up the DagBag from /usr/local/lib/python3.11/site-packages/airflow/example_dags/example_python_operator.py
[2025-12-27T15:40:04.332+0000] {logging_mixin.py:188} INFO - [2025-12-27T15:40:04.332+0000] {example_python_operator.py:93} WARNING - The virtalenv_python example task requires virtualenv, please install it.
[2025-12-27T15:40:04.333+0000] {processor.py:840} INFO - DAG(s) 'example_python_operator' retrieved from /usr/local/lib/python3.11/site-packages/airflow/example_dags/example_python_operator.py
[2025-12-27T15:40:04.376+0000] {logging_mixin.py:188} INFO - [2025-12-27T15:40:04.376+0000] {dag.py:3096} INFO - Sync 1 DAGs
[2025-12-27T15:40:04.402+0000] {logging_mixin.py:188} INFO - [2025-12-27T15:40:04.402+0000] {dag.py:3954} INFO - Setting next_dagrun for example_python_operator to None, run_after=None
[2025-12-27T15:40:04.586+0000] {processor.py:183} INFO - Processing /usr/local/lib/python3.11/site-packages/airflow/example_dags/example_python_operator.py took 0.291 seconds
[2025-12-27T15:41:41.588+0000] {processor.py:161} INFO - Started process (PID=457) to work on /usr/local/lib/python3.11/site-packages/airflow/example_dags/example_python_operator.py
[2025-12-27T15:41:41.590+0000] {processor.py:830} INFO - Processing file /usr/local/lib/python3.11/site-packages/airflow/example_dags/example_python_operator.py for tasks to queue
[2025-12-27T15:41:41.592+0000] {logging_mixin.py:188} INFO - [2025-12-27T15:41:41.592+0000] {dagbag.py:545} INFO - Filling up the DagBag from /usr/local/lib/python3.11/site-packages/airflow/example_dags/example_python_operator.py
[2025-12-27T15:41:41.604+0000] {logging_mixin.py:188} INFO - [2025-12-27T15:41:41.604+0000] {example_python_operator.py:93} WARNING - The virtalenv_python example task requires virtualenv, please install it.
[2025-12-27T15:41:41.605+0000] {processor.py:840} INFO - DAG(s) 'example_python_operator' retrieved from /usr/local/lib/python3.11/site-packages/airflow/example_dags/example_python_operator.py
[2025-12-27T15:41:41.641+0000] {logging_mixin.py:188} INFO - [2025-12-27T15:41:41.641+0000] {dag.py:3096} INFO - Sync 1 DAGs
[2025-12-27T15:41:41.659+0000] {logging_mixin.py:188} INFO - [2025-12-27T15:41:41.659+0000] {dag.py:3954} INFO - Setting next_dagrun for example_python_operator to None, run_after=None
[2025-12-27T15:41:41.940+0000] {processor.py:183} INFO - Processing /usr/local/lib/python3.11/site-packages/airflow/example_dags/example_python_operator.py took 0.365 seconds
[2025-12-27T15:44:03.314+0000] {processor.py:161} INFO - Started process (PID=51) to work on /usr/local/lib/python3.11/site-packages/airflow/example_dags/example_python_operator.py
[2025-12-27T15:44:03.315+0000] {processor.py:830} INFO - Processing file /usr/local/lib/python3.11/site-packages/airflow/example_dags/example_python_operator.py for tasks to queue
[2025-12-27T15:44:03.317+0000] {logging_mixin.py:188} INFO - [2025-12-27T15:44:03.317+0000] {dagbag.py:545} INFO - Filling up the DagBag from /usr/local/lib/python3.11/site-packages/airflow/example_dags/example_python_operator.py
[2025-12-27T15:44:03.329+0000] {logging_mixin.py:188} INFO - [2025-12-27T15:44:03.329+0000] {example_python_operator.py:93} WARNING - The virtalenv_python example task requires virtualenv, please install it.
[2025-12-27T15:44:03.330+0000] {processor.py:840} INFO - DAG(s) 'example_python_operator' retrieved from /usr/local/lib/python3.11/site-packages/airflow/example_dags/example_python_operator.py
[2025-12-27T15:44:03.513+0000] {logging_mixin.py:188} INFO - [2025-12-27T15:44:03.513+0000] {dag.py:3096} INFO - Sync 1 DAGs
[2025-12-27T15:44:03.531+0000] {logging_mixin.py:188} INFO - [2025-12-27T15:44:03.531+0000] {dag.py:3954} INFO - Setting next_dagrun for example_python_operator to None, run_after=None
[2025-12-27T15:44:03.776+0000] {processor.py:183} INFO - Processing /usr/local/lib/python3.11/site-packages/airflow/example_dags/example_python_operator.py took 0.474 seconds
[2025-12-27T15:45:23.285+0000] {processor.py:161} INFO - Started process (PID=103) to work on /usr/local/lib/python3.11/site-packages/airflow/example_dags/example_python_operator.py
[2025-12-27T15:45:23.287+0000] {processor.py:830} INFO - Processing file /usr/local/lib/python3.11/site-packages/airflow/example_dags/example_python_operator.py for tasks to queue
[2025-12-27T15:45:23.290+0000] {logging_mixin.py:188} INFO - [2025-12-27T15:45:23.290+0000] {dagbag.py:545} INFO - Filling up the DagBag from /usr/local/lib/python3.11/site-packages/airflow/example_dags/example_python_operator.py
[2025-12-27T15:45:23.317+0000] {logging_mixin.py:188} INFO - [2025-12-27T15:45:23.316+0000] {example_python_operator.py:93} WARNING - The virtalenv_python example task requires virtualenv, please install it.
[2025-12-27T15:45:23.319+0000] {processor.py:840} INFO - DAG(s) 'example_python_operator' retrieved from /usr/local/lib/python3.11/site-packages/airflow/example_dags/example_python_operator.py
[2025-12-27T15:45:23.390+0000] {logging_mixin.py:188} INFO - [2025-12-27T15:45:23.389+0000] {dag.py:3096} INFO - Sync 1 DAGs
[2025-12-27T15:45:23.440+0000] {logging_mixin.py:188} INFO - [2025-12-27T15:45:23.440+0000] {dag.py:3954} INFO - Setting next_dagrun for example_python_operator to None, run_after=None
[2025-12-27T15:45:23.733+0000] {processor.py:183} INFO - Processing /usr/local/lib/python3.11/site-packages/airflow/example_dags/example_python_operator.py took 0.480 seconds
[2025-12-27T15:47:05.312+0000] {processor.py:161} INFO - Started process (PID=192) to work on /usr/local/lib/python3.11/site-packages/airflow/example_dags/example_python_operator.py
[2025-12-27T15:47:05.313+0000] {processor.py:830} INFO - Processing file /usr/local/lib/python3.11/site-packages/airflow/example_dags/example_python_operator.py for tasks to queue
[2025-12-27T15:47:05.316+0000] {logging_mixin.py:188} INFO - [2025-12-27T15:47:05.315+0000] {dagbag.py:545} INFO - Filling up the DagBag from /usr/local/lib/python3.11/site-packages/airflow/example_dags/example_python_operator.py
[2025-12-27T15:47:05.331+0000] {logging_mixin.py:188} INFO - [2025-12-27T15:47:05.330+0000] {example_python_operator.py:93} WARNING - The virtalenv_python example task requires virtualenv, please install it.
[2025-12-27T15:47:05.332+0000] {processor.py:840} INFO - DAG(s) 'example_python_operator' retrieved from /usr/local/lib/python3.11/site-packages/airflow/example_dags/example_python_operator.py
[2025-12-27T15:47:05.375+0000] {logging_mixin.py:188} INFO - [2025-12-27T15:47:05.375+0000] {dag.py:3096} INFO - Sync 1 DAGs
[2025-12-27T15:47:05.395+0000] {logging_mixin.py:188} INFO - [2025-12-27T15:47:05.395+0000] {dag.py:3954} INFO - Setting next_dagrun for example_python_operator to None, run_after=None
[2025-12-27T15:47:05.633+0000] {processor.py:183} INFO - Processing /usr/local/lib/python3.11/site-packages/airflow/example_dags/example_python_operator.py took 0.338 seconds
[2025-12-27T15:48:40.733+0000] {processor.py:161} INFO - Started process (PID=267) to work on /usr/local/lib/python3.11/site-packages/airflow/example_dags/example_python_operator.py
[2025-12-27T15:48:40.734+0000] {processor.py:830} INFO - Processing file /usr/local/lib/python3.11/site-packages/airflow/example_dags/example_python_operator.py for tasks to queue
[2025-12-27T15:48:40.738+0000] {logging_mixin.py:188} INFO - [2025-12-27T15:48:40.737+0000] {dagbag.py:545} INFO - Filling up the DagBag from /usr/local/lib/python3.11/site-packages/airflow/example_dags/example_python_operator.py
[2025-12-27T15:48:40.751+0000] {logging_mixin.py:188} INFO - [2025-12-27T15:48:40.751+0000] {example_python_operator.py:93} WARNING - The virtalenv_python example task requires virtualenv, please install it.
[2025-12-27T15:48:40.752+0000] {processor.py:840} INFO - DAG(s) 'example_python_operator' retrieved from /usr/local/lib/python3.11/site-packages/airflow/example_dags/example_python_operator.py
[2025-12-27T15:48:40.791+0000] {logging_mixin.py:188} INFO - [2025-12-27T15:48:40.791+0000] {dag.py:3096} INFO - Sync 1 DAGs
[2025-12-27T15:48:40.809+0000] {logging_mixin.py:188} INFO - [2025-12-27T15:48:40.808+0000] {dag.py:3954} INFO - Setting next_dagrun for example_python_operator to None, run_after=None
[2025-12-27T15:48:41.135+0000] {processor.py:183} INFO - Processing /usr/local/lib/python3.11/site-packages/airflow/example_dags/example_python_operator.py took 0.419 seconds
[2025-12-27T15:50:14.926+0000] {processor.py:161} INFO - Started process (PID=333) to work on /usr/local/lib/python3.11/site-packages/airflow/example_dags/example_python_operator.py
[2025-12-27T15:50:14.927+0000] {processor.py:830} INFO - Processing file /usr/local/lib/python3.11/site-packages/airflow/example_dags/example_python_operator.py for tasks to queue
[2025-12-27T15:50:14.930+0000] {logging_mixin.py:188} INFO - [2025-12-27T15:50:14.929+0000] {dagbag.py:545} INFO - Filling up the DagBag from /usr/local/lib/python3.11/site-packages/airflow/example_dags/example_python_operator.py
[2025-12-27T15:50:14.941+0000] {logging_mixin.py:188} INFO - [2025-12-27T15:50:14.941+0000] {example_python_operator.py:93} WARNING - The virtalenv_python example task requires virtualenv, please install it.
[2025-12-27T15:50:14.943+0000] {processor.py:840} INFO - DAG(s) 'example_python_operator' retrieved from /usr/local/lib/python3.11/site-packages/airflow/example_dags/example_python_operator.py
[2025-12-27T15:50:15.103+0000] {logging_mixin.py:188} INFO - [2025-12-27T15:50:15.103+0000] {dag.py:3096} INFO - Sync 1 DAGs
[2025-12-27T15:50:15.118+0000] {logging_mixin.py:188} INFO - [2025-12-27T15:50:15.118+0000] {dag.py:3954} INFO - Setting next_dagrun for example_python_operator to None, run_after=None
[2025-12-27T15:50:15.289+0000] {processor.py:183} INFO - Processing /usr/local/lib/python3.11/site-packages/airflow/example_dags/example_python_operator.py took 0.376 seconds
[2025-12-27T15:51:47.190+0000] {processor.py:161} INFO - Started process (PID=409) to work on /usr/local/lib/python3.11/site-packages/airflow/example_dags/example_python_operator.py
[2025-12-27T15:51:47.191+0000] {processor.py:830} INFO - Processing file /usr/local/lib/python3.11/site-packages/airflow/example_dags/example_python_operator.py for tasks to queue
[2025-12-27T15:51:47.194+0000] {logging_mixin.py:188} INFO - [2025-12-27T15:51:47.194+0000] {dagbag.py:545} INFO - Filling up the DagBag from /usr/local/lib/python3.11/site-packages/airflow/example_dags/example_python_operator.py
[2025-12-27T15:51:47.210+0000] {logging_mixin.py:188} INFO - [2025-12-27T15:51:47.209+0000] {example_python_operator.py:93} WARNING - The virtalenv_python example task requires virtualenv, please install it.
[2025-12-27T15:51:47.211+0000] {processor.py:840} INFO - DAG(s) 'example_python_operator' retrieved from /usr/local/lib/python3.11/site-packages/airflow/example_dags/example_python_operator.py
[2025-12-27T15:51:47.252+0000] {logging_mixin.py:188} INFO - [2025-12-27T15:51:47.252+0000] {dag.py:3096} INFO - Sync 1 DAGs
[2025-12-27T15:51:47.273+0000] {logging_mixin.py:188} INFO - [2025-12-27T15:51:47.273+0000] {dag.py:3954} INFO - Setting next_dagrun for example_python_operator to None, run_after=None
[2025-12-27T15:51:47.473+0000] {processor.py:183} INFO - Processing /usr/local/lib/python3.11/site-packages/airflow/example_dags/example_python_operator.py took 0.300 seconds
[2025-12-27T15:53:19.273+0000] {processor.py:161} INFO - Started process (PID=490) to work on /usr/local/lib/python3.11/site-packages/airflow/example_dags/example_python_operator.py
[2025-12-27T15:53:19.274+0000] {processor.py:830} INFO - Processing file /usr/local/lib/python3.11/site-packages/airflow/example_dags/example_python_operator.py for tasks to queue
[2025-12-27T15:53:19.277+0000] {logging_mixin.py:188} INFO - [2025-12-27T15:53:19.276+0000] {dagbag.py:545} INFO - Filling up the DagBag from /usr/local/lib/python3.11/site-packages/airflow/example_dags/example_python_operator.py
[2025-12-27T15:53:19.292+0000] {logging_mixin.py:188} INFO - [2025-12-27T15:53:19.292+0000] {example_python_operator.py:93} WARNING - The virtalenv_python example task requires virtualenv, please install it.
[2025-12-27T15:53:19.294+0000] {processor.py:840} INFO - DAG(s) 'example_python_operator' retrieved from /usr/local/lib/python3.11/site-packages/airflow/example_dags/example_python_operator.py
[2025-12-27T15:53:19.329+0000] {logging_mixin.py:188} INFO - [2025-12-27T15:53:19.329+0000] {dag.py:3096} INFO - Sync 1 DAGs
[2025-12-27T15:53:19.348+0000] {logging_mixin.py:188} INFO - [2025-12-27T15:53:19.348+0000] {dag.py:3954} INFO - Setting next_dagrun for example_python_operator to None, run_after=None
[2025-12-27T15:53:19.532+0000] {processor.py:183} INFO - Processing /usr/local/lib/python3.11/site-packages/airflow/example_dags/example_python_operator.py took 0.276 seconds
[2025-12-27T15:54:50.749+0000] {processor.py:161} INFO - Started process (PID=560) to work on /usr/local/lib/python3.11/site-packages/airflow/example_dags/example_python_operator.py
[2025-12-27T15:54:50.750+0000] {processor.py:830} INFO - Processing file /usr/local/lib/python3.11/site-packages/airflow/example_dags/example_python_operator.py for tasks to queue
[2025-12-27T15:54:50.753+0000] {logging_mixin.py:188} INFO - [2025-12-27T15:54:50.752+0000] {dagbag.py:545} INFO - Filling up the DagBag from /usr/local/lib/python3.11/site-packages/airflow/example_dags/example_python_operator.py
[2025-12-27T15:54:50.763+0000] {logging_mixin.py:188} INFO - [2025-12-27T15:54:50.763+0000] {example_python_operator.py:93} WARNING - The virtalenv_python example task requires virtualenv, please install it.
[2025-12-27T15:54:50.764+0000] {processor.py:840} INFO - DAG(s) 'example_python_operator' retrieved from /usr/local/lib/python3.11/site-packages/airflow/example_dags/example_python_operator.py
[2025-12-27T15:54:50.801+0000] {logging_mixin.py:188} INFO - [2025-12-27T15:54:50.801+0000] {dag.py:3096} INFO - Sync 1 DAGs
[2025-12-27T15:54:50.823+0000] {logging_mixin.py:188} INFO - [2025-12-27T15:54:50.823+0000] {dag.py:3954} INFO - Setting next_dagrun for example_python_operator to None, run_after=None
[2025-12-27T15:54:51.511+0000] {processor.py:183} INFO - Processing /usr/local/lib/python3.11/site-packages/airflow/example_dags/example_python_operator.py took 0.779 seconds
[2025-12-27T15:56:24.576+0000] {processor.py:161} INFO - Started process (PID=630) to work on /usr/local/lib/python3.11/site-packages/airflow/example_dags/example_python_operator.py
[2025-12-27T15:56:24.577+0000] {processor.py:830} INFO - Processing file /usr/local/lib/python3.11/site-packages/airflow/example_dags/example_python_operator.py for tasks to queue
[2025-12-27T15:56:24.579+0000] {logging_mixin.py:188} INFO - [2025-12-27T15:56:24.579+0000] {dagbag.py:545} INFO - Filling up the DagBag from /usr/local/lib/python3.11/site-packages/airflow/example_dags/example_python_operator.py
[2025-12-27T15:56:24.590+0000] {logging_mixin.py:188} INFO - [2025-12-27T15:56:24.589+0000] {example_python_operator.py:93} WARNING - The virtalenv_python example task requires virtualenv, please install it.
[2025-12-27T15:56:24.591+0000] {processor.py:840} INFO - DAG(s) 'example_python_operator' retrieved from /usr/local/lib/python3.11/site-packages/airflow/example_dags/example_python_operator.py
[2025-12-27T15:56:24.624+0000] {logging_mixin.py:188} INFO - [2025-12-27T15:56:24.624+0000] {dag.py:3096} INFO - Sync 1 DAGs
[2025-12-27T15:56:24.642+0000] {logging_mixin.py:188} INFO - [2025-12-27T15:56:24.642+0000] {dag.py:3954} INFO - Setting next_dagrun for example_python_operator to None, run_after=None
[2025-12-27T15:56:24.857+0000] {processor.py:183} INFO - Processing /usr/local/lib/python3.11/site-packages/airflow/example_dags/example_python_operator.py took 0.294 seconds
[2025-12-27T15:57:55.221+0000] {processor.py:161} INFO - Started process (PID=692) to work on /usr/local/lib/python3.11/site-packages/airflow/example_dags/example_python_operator.py
[2025-12-27T15:57:55.222+0000] {processor.py:830} INFO - Processing file /usr/local/lib/python3.11/site-packages/airflow/example_dags/example_python_operator.py for tasks to queue
[2025-12-27T15:57:55.224+0000] {logging_mixin.py:188} INFO - [2025-12-27T15:57:55.224+0000] {dagbag.py:545} INFO - Filling up the DagBag from /usr/local/lib/python3.11/site-packages/airflow/example_dags/example_python_operator.py
[2025-12-27T15:57:55.236+0000] {logging_mixin.py:188} INFO - [2025-12-27T15:57:55.236+0000] {example_python_operator.py:93} WARNING - The virtalenv_python example task requires virtualenv, please install it.
[2025-12-27T15:57:55.237+0000] {processor.py:840} INFO - DAG(s) 'example_python_operator' retrieved from /usr/local/lib/python3.11/site-packages/airflow/example_dags/example_python_operator.py
[2025-12-27T15:57:55.281+0000] {logging_mixin.py:188} INFO - [2025-12-27T15:57:55.281+0000] {dag.py:3096} INFO - Sync 1 DAGs
[2025-12-27T15:57:55.310+0000] {logging_mixin.py:188} INFO - [2025-12-27T15:57:55.310+0000] {dag.py:3954} INFO - Setting next_dagrun for example_python_operator to None, run_after=None
[2025-12-27T15:57:55.524+0000] {processor.py:183} INFO - Processing /usr/local/lib/python3.11/site-packages/airflow/example_dags/example_python_operator.py took 0.318 seconds
[2025-12-27T15:59:36.260+0000] {processor.py:161} INFO - Started process (PID=755) to work on /usr/local/lib/python3.11/site-packages/airflow/example_dags/example_python_operator.py
[2025-12-27T15:59:36.262+0000] {processor.py:830} INFO - Processing file /usr/local/lib/python3.11/site-packages/airflow/example_dags/example_python_operator.py for tasks to queue
[2025-12-27T15:59:36.265+0000] {logging_mixin.py:188} INFO - [2025-12-27T15:59:36.265+0000] {dagbag.py:545} INFO - Filling up the DagBag from /usr/local/lib/python3.11/site-packages/airflow/example_dags/example_python_operator.py
[2025-12-27T15:59:36.312+0000] {logging_mixin.py:188} INFO - [2025-12-27T15:59:36.311+0000] {example_python_operator.py:93} WARNING - The virtalenv_python example task requires virtualenv, please install it.
[2025-12-27T15:59:36.314+0000] {processor.py:840} INFO - DAG(s) 'example_python_operator' retrieved from /usr/local/lib/python3.11/site-packages/airflow/example_dags/example_python_operator.py
[2025-12-27T15:59:36.815+0000] {logging_mixin.py:188} INFO - [2025-12-27T15:59:36.814+0000] {dag.py:3096} INFO - Sync 1 DAGs
[2025-12-27T15:59:36.836+0000] {logging_mixin.py:188} INFO - [2025-12-27T15:59:36.836+0000] {dag.py:3954} INFO - Setting next_dagrun for example_python_operator to None, run_after=None
[2025-12-27T15:59:37.132+0000] {processor.py:183} INFO - Processing /usr/local/lib/python3.11/site-packages/airflow/example_dags/example_python_operator.py took 0.910 seconds
[2025-12-27T16:01:27.865+0000] {processor.py:161} INFO - Started process (PID=824) to work on /usr/local/lib/python3.11/site-packages/airflow/example_dags/example_python_operator.py
[2025-12-27T16:01:27.867+0000] {processor.py:830} INFO - Processing file /usr/local/lib/python3.11/site-packages/airflow/example_dags/example_python_operator.py for tasks to queue
[2025-12-27T16:01:27.869+0000] {logging_mixin.py:188} INFO - [2025-12-27T16:01:27.868+0000] {dagbag.py:545} INFO - Filling up the DagBag from /usr/local/lib/python3.11/site-packages/airflow/example_dags/example_python_operator.py
[2025-12-27T16:01:27.883+0000] {logging_mixin.py:188} INFO - [2025-12-27T16:01:27.883+0000] {example_python_operator.py:93} WARNING - The virtalenv_python example task requires virtualenv, please install it.
[2025-12-27T16:01:27.884+0000] {processor.py:840} INFO - DAG(s) 'example_python_operator' retrieved from /usr/local/lib/python3.11/site-packages/airflow/example_dags/example_python_operator.py
[2025-12-27T16:01:27.924+0000] {logging_mixin.py:188} INFO - [2025-12-27T16:01:27.924+0000] {dag.py:3096} INFO - Sync 1 DAGs
[2025-12-27T16:01:27.942+0000] {logging_mixin.py:188} INFO - [2025-12-27T16:01:27.942+0000] {dag.py:3954} INFO - Setting next_dagrun for example_python_operator to None, run_after=None
[2025-12-27T16:01:28.122+0000] {processor.py:183} INFO - Processing /usr/local/lib/python3.11/site-packages/airflow/example_dags/example_python_operator.py took 0.270 seconds
