[2025-12-27T13:46:34.254+0000] {processor.py:161} INFO - Started process (PID=59) to work on /usr/local/lib/python3.11/site-packages/airflow/example_dags/example_bash_decorator.py
[2025-12-27T13:46:34.256+0000] {processor.py:830} INFO - Processing file /usr/local/lib/python3.11/site-packages/airflow/example_dags/example_bash_decorator.py for tasks to queue
[2025-12-27T13:46:34.258+0000] {logging_mixin.py:188} INFO - [2025-12-27T13:46:34.258+0000] {dagbag.py:545} INFO - Filling up the DagBag from /usr/local/lib/python3.11/site-packages/airflow/example_dags/example_bash_decorator.py
[2025-12-27T13:46:34.274+0000] {processor.py:840} INFO - DAG(s) 'example_bash_decorator' retrieved from /usr/local/lib/python3.11/site-packages/airflow/example_dags/example_bash_decorator.py
[2025-12-27T13:46:34.754+0000] {logging_mixin.py:188} INFO - [2025-12-27T13:46:34.752+0000] {override.py:1930} INFO - Created Permission View: can edit on DAG:example_bash_decorator
[2025-12-27T13:46:34.896+0000] {logging_mixin.py:188} INFO - [2025-12-27T13:46:34.896+0000] {override.py:1930} INFO - Created Permission View: can read on DAG:example_bash_decorator
[2025-12-27T13:46:35.019+0000] {logging_mixin.py:188} INFO - [2025-12-27T13:46:35.018+0000] {override.py:1930} INFO - Created Permission View: can delete on DAG:example_bash_decorator
[2025-12-27T13:46:35.021+0000] {logging_mixin.py:188} INFO - [2025-12-27T13:46:35.020+0000] {dag.py:3096} INFO - Sync 1 DAGs
[2025-12-27T13:46:35.049+0000] {logging_mixin.py:188} INFO - [2025-12-27T13:46:35.049+0000] {dag.py:3118} INFO - Creating ORM DAG for example_bash_decorator
[2025-12-27T13:46:35.050+0000] {logging_mixin.py:188} INFO - [2025-12-27T13:46:35.050+0000] {dag.py:3954} INFO - Setting next_dagrun for example_bash_decorator to None, run_after=None
[2025-12-27T13:46:35.343+0000] {processor.py:183} INFO - Processing /usr/local/lib/python3.11/site-packages/airflow/example_dags/example_bash_decorator.py took 1.101 seconds
[2025-12-27T13:48:11.399+0000] {processor.py:161} INFO - Started process (PID=111) to work on /usr/local/lib/python3.11/site-packages/airflow/example_dags/example_bash_decorator.py
[2025-12-27T13:48:11.400+0000] {processor.py:830} INFO - Processing file /usr/local/lib/python3.11/site-packages/airflow/example_dags/example_bash_decorator.py for tasks to queue
[2025-12-27T13:48:11.403+0000] {logging_mixin.py:188} INFO - [2025-12-27T13:48:11.402+0000] {dagbag.py:545} INFO - Filling up the DagBag from /usr/local/lib/python3.11/site-packages/airflow/example_dags/example_bash_decorator.py
[2025-12-27T13:48:11.424+0000] {processor.py:840} INFO - DAG(s) 'example_bash_decorator' retrieved from /usr/local/lib/python3.11/site-packages/airflow/example_dags/example_bash_decorator.py
[2025-12-27T13:48:11.470+0000] {logging_mixin.py:188} INFO - [2025-12-27T13:48:11.470+0000] {dag.py:3096} INFO - Sync 1 DAGs
[2025-12-27T13:48:11.492+0000] {logging_mixin.py:188} INFO - [2025-12-27T13:48:11.492+0000] {dag.py:3954} INFO - Setting next_dagrun for example_bash_decorator to None, run_after=None
[2025-12-27T13:48:11.861+0000] {processor.py:183} INFO - Processing /usr/local/lib/python3.11/site-packages/airflow/example_dags/example_bash_decorator.py took 0.474 seconds
[2025-12-27T13:49:44.431+0000] {processor.py:161} INFO - Started process (PID=174) to work on /usr/local/lib/python3.11/site-packages/airflow/example_dags/example_bash_decorator.py
[2025-12-27T13:49:44.432+0000] {processor.py:830} INFO - Processing file /usr/local/lib/python3.11/site-packages/airflow/example_dags/example_bash_decorator.py for tasks to queue
[2025-12-27T13:49:44.435+0000] {logging_mixin.py:188} INFO - [2025-12-27T13:49:44.434+0000] {dagbag.py:545} INFO - Filling up the DagBag from /usr/local/lib/python3.11/site-packages/airflow/example_dags/example_bash_decorator.py
[2025-12-27T13:49:44.461+0000] {processor.py:840} INFO - DAG(s) 'example_bash_decorator' retrieved from /usr/local/lib/python3.11/site-packages/airflow/example_dags/example_bash_decorator.py
[2025-12-27T13:49:44.497+0000] {logging_mixin.py:188} INFO - [2025-12-27T13:49:44.497+0000] {dag.py:3096} INFO - Sync 1 DAGs
[2025-12-27T13:49:44.512+0000] {logging_mixin.py:188} INFO - [2025-12-27T13:49:44.512+0000] {dag.py:3954} INFO - Setting next_dagrun for example_bash_decorator to None, run_after=None
[2025-12-27T13:49:44.699+0000] {processor.py:183} INFO - Processing /usr/local/lib/python3.11/site-packages/airflow/example_dags/example_bash_decorator.py took 0.284 seconds
[2025-12-27T13:51:09.536+0000] {processor.py:161} INFO - Started process (PID=235) to work on /usr/local/lib/python3.11/site-packages/airflow/example_dags/example_bash_decorator.py
[2025-12-27T13:51:09.538+0000] {processor.py:830} INFO - Processing file /usr/local/lib/python3.11/site-packages/airflow/example_dags/example_bash_decorator.py for tasks to queue
[2025-12-27T13:51:09.540+0000] {logging_mixin.py:188} INFO - [2025-12-27T13:51:09.540+0000] {dagbag.py:545} INFO - Filling up the DagBag from /usr/local/lib/python3.11/site-packages/airflow/example_dags/example_bash_decorator.py
[2025-12-27T13:51:09.559+0000] {processor.py:840} INFO - DAG(s) 'example_bash_decorator' retrieved from /usr/local/lib/python3.11/site-packages/airflow/example_dags/example_bash_decorator.py
[2025-12-27T13:51:09.594+0000] {logging_mixin.py:188} INFO - [2025-12-27T13:51:09.594+0000] {dag.py:3096} INFO - Sync 1 DAGs
[2025-12-27T13:51:09.611+0000] {logging_mixin.py:188} INFO - [2025-12-27T13:51:09.611+0000] {dag.py:3954} INFO - Setting next_dagrun for example_bash_decorator to None, run_after=None
[2025-12-27T13:51:09.851+0000] {processor.py:183} INFO - Processing /usr/local/lib/python3.11/site-packages/airflow/example_dags/example_bash_decorator.py took 0.331 seconds
[2025-12-27T13:52:33.385+0000] {processor.py:161} INFO - Started process (PID=295) to work on /usr/local/lib/python3.11/site-packages/airflow/example_dags/example_bash_decorator.py
[2025-12-27T13:52:33.387+0000] {processor.py:830} INFO - Processing file /usr/local/lib/python3.11/site-packages/airflow/example_dags/example_bash_decorator.py for tasks to queue
[2025-12-27T13:52:33.389+0000] {logging_mixin.py:188} INFO - [2025-12-27T13:52:33.388+0000] {dagbag.py:545} INFO - Filling up the DagBag from /usr/local/lib/python3.11/site-packages/airflow/example_dags/example_bash_decorator.py
[2025-12-27T13:52:33.405+0000] {processor.py:840} INFO - DAG(s) 'example_bash_decorator' retrieved from /usr/local/lib/python3.11/site-packages/airflow/example_dags/example_bash_decorator.py
[2025-12-27T13:52:33.441+0000] {logging_mixin.py:188} INFO - [2025-12-27T13:52:33.440+0000] {dag.py:3096} INFO - Sync 1 DAGs
[2025-12-27T13:52:33.457+0000] {logging_mixin.py:188} INFO - [2025-12-27T13:52:33.457+0000] {dag.py:3954} INFO - Setting next_dagrun for example_bash_decorator to None, run_after=None
[2025-12-27T13:52:33.695+0000] {processor.py:183} INFO - Processing /usr/local/lib/python3.11/site-packages/airflow/example_dags/example_bash_decorator.py took 0.326 seconds
[2025-12-27T13:53:56.724+0000] {processor.py:161} INFO - Started process (PID=356) to work on /usr/local/lib/python3.11/site-packages/airflow/example_dags/example_bash_decorator.py
[2025-12-27T13:53:56.725+0000] {processor.py:830} INFO - Processing file /usr/local/lib/python3.11/site-packages/airflow/example_dags/example_bash_decorator.py for tasks to queue
[2025-12-27T13:53:56.728+0000] {logging_mixin.py:188} INFO - [2025-12-27T13:53:56.727+0000] {dagbag.py:545} INFO - Filling up the DagBag from /usr/local/lib/python3.11/site-packages/airflow/example_dags/example_bash_decorator.py
[2025-12-27T13:53:56.743+0000] {processor.py:840} INFO - DAG(s) 'example_bash_decorator' retrieved from /usr/local/lib/python3.11/site-packages/airflow/example_dags/example_bash_decorator.py
[2025-12-27T13:53:56.782+0000] {logging_mixin.py:188} INFO - [2025-12-27T13:53:56.782+0000] {dag.py:3096} INFO - Sync 1 DAGs
[2025-12-27T13:53:56.799+0000] {logging_mixin.py:188} INFO - [2025-12-27T13:53:56.799+0000] {dag.py:3954} INFO - Setting next_dagrun for example_bash_decorator to None, run_after=None
[2025-12-27T13:53:57.003+0000] {processor.py:183} INFO - Processing /usr/local/lib/python3.11/site-packages/airflow/example_dags/example_bash_decorator.py took 0.292 seconds
[2025-12-27T13:55:21.230+0000] {processor.py:161} INFO - Started process (PID=418) to work on /usr/local/lib/python3.11/site-packages/airflow/example_dags/example_bash_decorator.py
[2025-12-27T13:55:21.231+0000] {processor.py:830} INFO - Processing file /usr/local/lib/python3.11/site-packages/airflow/example_dags/example_bash_decorator.py for tasks to queue
[2025-12-27T13:55:21.234+0000] {logging_mixin.py:188} INFO - [2025-12-27T13:55:21.233+0000] {dagbag.py:545} INFO - Filling up the DagBag from /usr/local/lib/python3.11/site-packages/airflow/example_dags/example_bash_decorator.py
[2025-12-27T13:55:21.249+0000] {processor.py:840} INFO - DAG(s) 'example_bash_decorator' retrieved from /usr/local/lib/python3.11/site-packages/airflow/example_dags/example_bash_decorator.py
[2025-12-27T13:55:21.292+0000] {logging_mixin.py:188} INFO - [2025-12-27T13:55:21.292+0000] {dag.py:3096} INFO - Sync 1 DAGs
[2025-12-27T13:55:21.315+0000] {logging_mixin.py:188} INFO - [2025-12-27T13:55:21.315+0000] {dag.py:3954} INFO - Setting next_dagrun for example_bash_decorator to None, run_after=None
[2025-12-27T13:55:21.526+0000] {processor.py:183} INFO - Processing /usr/local/lib/python3.11/site-packages/airflow/example_dags/example_bash_decorator.py took 0.309 seconds
[2025-12-27T13:56:47.114+0000] {processor.py:161} INFO - Started process (PID=479) to work on /usr/local/lib/python3.11/site-packages/airflow/example_dags/example_bash_decorator.py
[2025-12-27T13:56:47.115+0000] {processor.py:830} INFO - Processing file /usr/local/lib/python3.11/site-packages/airflow/example_dags/example_bash_decorator.py for tasks to queue
[2025-12-27T13:56:47.117+0000] {logging_mixin.py:188} INFO - [2025-12-27T13:56:47.117+0000] {dagbag.py:545} INFO - Filling up the DagBag from /usr/local/lib/python3.11/site-packages/airflow/example_dags/example_bash_decorator.py
[2025-12-27T13:56:47.134+0000] {processor.py:840} INFO - DAG(s) 'example_bash_decorator' retrieved from /usr/local/lib/python3.11/site-packages/airflow/example_dags/example_bash_decorator.py
[2025-12-27T13:56:47.173+0000] {logging_mixin.py:188} INFO - [2025-12-27T13:56:47.172+0000] {dag.py:3096} INFO - Sync 1 DAGs
[2025-12-27T13:56:47.189+0000] {logging_mixin.py:188} INFO - [2025-12-27T13:56:47.189+0000] {dag.py:3954} INFO - Setting next_dagrun for example_bash_decorator to None, run_after=None
[2025-12-27T13:56:47.468+0000] {processor.py:183} INFO - Processing /usr/local/lib/python3.11/site-packages/airflow/example_dags/example_bash_decorator.py took 0.370 seconds
[2025-12-27T13:58:12.589+0000] {processor.py:161} INFO - Started process (PID=540) to work on /usr/local/lib/python3.11/site-packages/airflow/example_dags/example_bash_decorator.py
[2025-12-27T13:58:12.590+0000] {processor.py:830} INFO - Processing file /usr/local/lib/python3.11/site-packages/airflow/example_dags/example_bash_decorator.py for tasks to queue
[2025-12-27T13:58:12.593+0000] {logging_mixin.py:188} INFO - [2025-12-27T13:58:12.592+0000] {dagbag.py:545} INFO - Filling up the DagBag from /usr/local/lib/python3.11/site-packages/airflow/example_dags/example_bash_decorator.py
[2025-12-27T13:58:12.618+0000] {processor.py:840} INFO - DAG(s) 'example_bash_decorator' retrieved from /usr/local/lib/python3.11/site-packages/airflow/example_dags/example_bash_decorator.py
[2025-12-27T13:58:12.800+0000] {logging_mixin.py:188} INFO - [2025-12-27T13:58:12.799+0000] {dag.py:3096} INFO - Sync 1 DAGs
[2025-12-27T13:58:12.823+0000] {logging_mixin.py:188} INFO - [2025-12-27T13:58:12.822+0000] {dag.py:3954} INFO - Setting next_dagrun for example_bash_decorator to None, run_after=None
[2025-12-27T13:58:13.033+0000] {processor.py:183} INFO - Processing /usr/local/lib/python3.11/site-packages/airflow/example_dags/example_bash_decorator.py took 0.462 seconds
[2025-12-27T13:59:38.153+0000] {processor.py:161} INFO - Started process (PID=601) to work on /usr/local/lib/python3.11/site-packages/airflow/example_dags/example_bash_decorator.py
[2025-12-27T13:59:38.154+0000] {processor.py:830} INFO - Processing file /usr/local/lib/python3.11/site-packages/airflow/example_dags/example_bash_decorator.py for tasks to queue
[2025-12-27T13:59:38.157+0000] {logging_mixin.py:188} INFO - [2025-12-27T13:59:38.156+0000] {dagbag.py:545} INFO - Filling up the DagBag from /usr/local/lib/python3.11/site-packages/airflow/example_dags/example_bash_decorator.py
[2025-12-27T13:59:38.172+0000] {processor.py:840} INFO - DAG(s) 'example_bash_decorator' retrieved from /usr/local/lib/python3.11/site-packages/airflow/example_dags/example_bash_decorator.py
[2025-12-27T13:59:38.218+0000] {logging_mixin.py:188} INFO - [2025-12-27T13:59:38.218+0000] {dag.py:3096} INFO - Sync 1 DAGs
[2025-12-27T13:59:38.246+0000] {logging_mixin.py:188} INFO - [2025-12-27T13:59:38.246+0000] {dag.py:3954} INFO - Setting next_dagrun for example_bash_decorator to None, run_after=None
[2025-12-27T13:59:38.421+0000] {processor.py:183} INFO - Processing /usr/local/lib/python3.11/site-packages/airflow/example_dags/example_bash_decorator.py took 0.282 seconds
[2025-12-27T14:01:14.718+0000] {processor.py:161} INFO - Started process (PID=666) to work on /usr/local/lib/python3.11/site-packages/airflow/example_dags/example_bash_decorator.py
[2025-12-27T14:01:14.719+0000] {processor.py:830} INFO - Processing file /usr/local/lib/python3.11/site-packages/airflow/example_dags/example_bash_decorator.py for tasks to queue
[2025-12-27T14:01:14.725+0000] {logging_mixin.py:188} INFO - [2025-12-27T14:01:14.724+0000] {dagbag.py:545} INFO - Filling up the DagBag from /usr/local/lib/python3.11/site-packages/airflow/example_dags/example_bash_decorator.py
[2025-12-27T14:01:14.781+0000] {processor.py:840} INFO - DAG(s) 'example_bash_decorator' retrieved from /usr/local/lib/python3.11/site-packages/airflow/example_dags/example_bash_decorator.py
[2025-12-27T14:01:14.829+0000] {logging_mixin.py:188} INFO - [2025-12-27T14:01:14.828+0000] {dag.py:3096} INFO - Sync 1 DAGs
[2025-12-27T14:01:14.931+0000] {logging_mixin.py:188} INFO - [2025-12-27T14:01:14.931+0000] {dag.py:3954} INFO - Setting next_dagrun for example_bash_decorator to None, run_after=None
[2025-12-27T14:01:15.451+0000] {processor.py:183} INFO - Processing /usr/local/lib/python3.11/site-packages/airflow/example_dags/example_bash_decorator.py took 0.759 seconds
[2025-12-27T14:02:48.266+0000] {processor.py:161} INFO - Started process (PID=706) to work on /usr/local/lib/python3.11/site-packages/airflow/example_dags/example_bash_decorator.py
[2025-12-27T14:02:48.268+0000] {processor.py:830} INFO - Processing file /usr/local/lib/python3.11/site-packages/airflow/example_dags/example_bash_decorator.py for tasks to queue
[2025-12-27T14:02:48.270+0000] {logging_mixin.py:188} INFO - [2025-12-27T14:02:48.269+0000] {dagbag.py:545} INFO - Filling up the DagBag from /usr/local/lib/python3.11/site-packages/airflow/example_dags/example_bash_decorator.py
[2025-12-27T14:02:48.286+0000] {processor.py:840} INFO - DAG(s) 'example_bash_decorator' retrieved from /usr/local/lib/python3.11/site-packages/airflow/example_dags/example_bash_decorator.py
[2025-12-27T14:02:48.329+0000] {logging_mixin.py:188} INFO - [2025-12-27T14:02:48.328+0000] {dag.py:3096} INFO - Sync 1 DAGs
[2025-12-27T14:02:48.346+0000] {logging_mixin.py:188} INFO - [2025-12-27T14:02:48.346+0000] {dag.py:3954} INFO - Setting next_dagrun for example_bash_decorator to None, run_after=None
[2025-12-27T14:02:48.585+0000] {processor.py:183} INFO - Processing /usr/local/lib/python3.11/site-packages/airflow/example_dags/example_bash_decorator.py took 0.342 seconds
[2025-12-27T14:04:39.284+0000] {processor.py:161} INFO - Started process (PID=775) to work on /usr/local/lib/python3.11/site-packages/airflow/example_dags/example_bash_decorator.py
[2025-12-27T14:04:39.286+0000] {processor.py:830} INFO - Processing file /usr/local/lib/python3.11/site-packages/airflow/example_dags/example_bash_decorator.py for tasks to queue
[2025-12-27T14:04:39.298+0000] {logging_mixin.py:188} INFO - [2025-12-27T14:04:39.297+0000] {dagbag.py:545} INFO - Filling up the DagBag from /usr/local/lib/python3.11/site-packages/airflow/example_dags/example_bash_decorator.py
[2025-12-27T14:04:39.336+0000] {processor.py:840} INFO - DAG(s) 'example_bash_decorator' retrieved from /usr/local/lib/python3.11/site-packages/airflow/example_dags/example_bash_decorator.py
[2025-12-27T14:04:39.386+0000] {logging_mixin.py:188} INFO - [2025-12-27T14:04:39.386+0000] {dag.py:3096} INFO - Sync 1 DAGs
[2025-12-27T14:04:39.412+0000] {logging_mixin.py:188} INFO - [2025-12-27T14:04:39.411+0000] {dag.py:3954} INFO - Setting next_dagrun for example_bash_decorator to None, run_after=None
[2025-12-27T14:04:39.736+0000] {processor.py:183} INFO - Processing /usr/local/lib/python3.11/site-packages/airflow/example_dags/example_bash_decorator.py took 0.475 seconds
[2025-12-27T14:06:25.485+0000] {processor.py:161} INFO - Started process (PID=859) to work on /usr/local/lib/python3.11/site-packages/airflow/example_dags/example_bash_decorator.py
[2025-12-27T14:06:25.486+0000] {processor.py:830} INFO - Processing file /usr/local/lib/python3.11/site-packages/airflow/example_dags/example_bash_decorator.py for tasks to queue
[2025-12-27T14:06:25.489+0000] {logging_mixin.py:188} INFO - [2025-12-27T14:06:25.489+0000] {dagbag.py:545} INFO - Filling up the DagBag from /usr/local/lib/python3.11/site-packages/airflow/example_dags/example_bash_decorator.py
[2025-12-27T14:06:25.514+0000] {processor.py:840} INFO - DAG(s) 'example_bash_decorator' retrieved from /usr/local/lib/python3.11/site-packages/airflow/example_dags/example_bash_decorator.py
[2025-12-27T14:06:25.565+0000] {logging_mixin.py:188} INFO - [2025-12-27T14:06:25.564+0000] {dag.py:3096} INFO - Sync 1 DAGs
[2025-12-27T14:06:25.587+0000] {logging_mixin.py:188} INFO - [2025-12-27T14:06:25.587+0000] {dag.py:3954} INFO - Setting next_dagrun for example_bash_decorator to None, run_after=None
[2025-12-27T14:06:25.991+0000] {processor.py:183} INFO - Processing /usr/local/lib/python3.11/site-packages/airflow/example_dags/example_bash_decorator.py took 0.529 seconds
[2025-12-27T14:08:06.354+0000] {processor.py:161} INFO - Started process (PID=923) to work on /usr/local/lib/python3.11/site-packages/airflow/example_dags/example_bash_decorator.py
[2025-12-27T14:08:06.356+0000] {processor.py:830} INFO - Processing file /usr/local/lib/python3.11/site-packages/airflow/example_dags/example_bash_decorator.py for tasks to queue
[2025-12-27T14:08:06.359+0000] {logging_mixin.py:188} INFO - [2025-12-27T14:08:06.358+0000] {dagbag.py:545} INFO - Filling up the DagBag from /usr/local/lib/python3.11/site-packages/airflow/example_dags/example_bash_decorator.py
[2025-12-27T14:08:06.379+0000] {processor.py:840} INFO - DAG(s) 'example_bash_decorator' retrieved from /usr/local/lib/python3.11/site-packages/airflow/example_dags/example_bash_decorator.py
[2025-12-27T14:08:06.415+0000] {logging_mixin.py:188} INFO - [2025-12-27T14:08:06.414+0000] {dag.py:3096} INFO - Sync 1 DAGs
[2025-12-27T14:08:06.437+0000] {logging_mixin.py:188} INFO - [2025-12-27T14:08:06.437+0000] {dag.py:3954} INFO - Setting next_dagrun for example_bash_decorator to None, run_after=None
[2025-12-27T14:08:06.792+0000] {processor.py:183} INFO - Processing /usr/local/lib/python3.11/site-packages/airflow/example_dags/example_bash_decorator.py took 0.456 seconds
[2025-12-27T14:09:43.389+0000] {processor.py:161} INFO - Started process (PID=987) to work on /usr/local/lib/python3.11/site-packages/airflow/example_dags/example_bash_decorator.py
[2025-12-27T14:09:43.391+0000] {processor.py:830} INFO - Processing file /usr/local/lib/python3.11/site-packages/airflow/example_dags/example_bash_decorator.py for tasks to queue
[2025-12-27T14:09:43.395+0000] {logging_mixin.py:188} INFO - [2025-12-27T14:09:43.395+0000] {dagbag.py:545} INFO - Filling up the DagBag from /usr/local/lib/python3.11/site-packages/airflow/example_dags/example_bash_decorator.py
[2025-12-27T14:09:43.424+0000] {processor.py:840} INFO - DAG(s) 'example_bash_decorator' retrieved from /usr/local/lib/python3.11/site-packages/airflow/example_dags/example_bash_decorator.py
[2025-12-27T14:09:43.472+0000] {logging_mixin.py:188} INFO - [2025-12-27T14:09:43.472+0000] {dag.py:3096} INFO - Sync 1 DAGs
[2025-12-27T14:09:43.489+0000] {logging_mixin.py:188} INFO - [2025-12-27T14:09:43.488+0000] {dag.py:3954} INFO - Setting next_dagrun for example_bash_decorator to None, run_after=None
[2025-12-27T14:09:43.687+0000] {processor.py:183} INFO - Processing /usr/local/lib/python3.11/site-packages/airflow/example_dags/example_bash_decorator.py took 0.318 seconds
[2025-12-27T14:11:49.947+0000] {processor.py:161} INFO - Started process (PID=1059) to work on /usr/local/lib/python3.11/site-packages/airflow/example_dags/example_bash_decorator.py
[2025-12-27T14:11:49.948+0000] {processor.py:830} INFO - Processing file /usr/local/lib/python3.11/site-packages/airflow/example_dags/example_bash_decorator.py for tasks to queue
[2025-12-27T14:11:49.950+0000] {logging_mixin.py:188} INFO - [2025-12-27T14:11:49.950+0000] {dagbag.py:545} INFO - Filling up the DagBag from /usr/local/lib/python3.11/site-packages/airflow/example_dags/example_bash_decorator.py
[2025-12-27T14:11:49.982+0000] {processor.py:840} INFO - DAG(s) 'example_bash_decorator' retrieved from /usr/local/lib/python3.11/site-packages/airflow/example_dags/example_bash_decorator.py
[2025-12-27T14:11:50.064+0000] {logging_mixin.py:188} INFO - [2025-12-27T14:11:50.063+0000] {dag.py:3096} INFO - Sync 1 DAGs
[2025-12-27T14:11:50.095+0000] {logging_mixin.py:188} INFO - [2025-12-27T14:11:50.094+0000] {dag.py:3954} INFO - Setting next_dagrun for example_bash_decorator to None, run_after=None
[2025-12-27T14:11:50.420+0000] {processor.py:183} INFO - Processing /usr/local/lib/python3.11/site-packages/airflow/example_dags/example_bash_decorator.py took 0.490 seconds
[2025-12-27T14:13:52.786+0000] {processor.py:161} INFO - Started process (PID=1129) to work on /usr/local/lib/python3.11/site-packages/airflow/example_dags/example_bash_decorator.py
[2025-12-27T14:13:52.787+0000] {processor.py:830} INFO - Processing file /usr/local/lib/python3.11/site-packages/airflow/example_dags/example_bash_decorator.py for tasks to queue
[2025-12-27T14:13:52.789+0000] {logging_mixin.py:188} INFO - [2025-12-27T14:13:52.789+0000] {dagbag.py:545} INFO - Filling up the DagBag from /usr/local/lib/python3.11/site-packages/airflow/example_dags/example_bash_decorator.py
[2025-12-27T14:13:52.809+0000] {processor.py:840} INFO - DAG(s) 'example_bash_decorator' retrieved from /usr/local/lib/python3.11/site-packages/airflow/example_dags/example_bash_decorator.py
[2025-12-27T14:13:52.852+0000] {logging_mixin.py:188} INFO - [2025-12-27T14:13:52.851+0000] {dag.py:3096} INFO - Sync 1 DAGs
[2025-12-27T14:13:52.872+0000] {logging_mixin.py:188} INFO - [2025-12-27T14:13:52.871+0000] {dag.py:3954} INFO - Setting next_dagrun for example_bash_decorator to None, run_after=None
[2025-12-27T14:13:53.126+0000] {processor.py:183} INFO - Processing /usr/local/lib/python3.11/site-packages/airflow/example_dags/example_bash_decorator.py took 0.355 seconds
[2025-12-27T14:32:31.929+0000] {processor.py:161} INFO - Started process (PID=55) to work on /usr/local/lib/python3.11/site-packages/airflow/example_dags/example_bash_decorator.py
[2025-12-27T14:32:31.930+0000] {processor.py:830} INFO - Processing file /usr/local/lib/python3.11/site-packages/airflow/example_dags/example_bash_decorator.py for tasks to queue
[2025-12-27T14:32:31.933+0000] {logging_mixin.py:188} INFO - [2025-12-27T14:32:31.933+0000] {dagbag.py:545} INFO - Filling up the DagBag from /usr/local/lib/python3.11/site-packages/airflow/example_dags/example_bash_decorator.py
[2025-12-27T14:32:31.954+0000] {processor.py:840} INFO - DAG(s) 'example_bash_decorator' retrieved from /usr/local/lib/python3.11/site-packages/airflow/example_dags/example_bash_decorator.py
[2025-12-27T14:32:32.134+0000] {logging_mixin.py:188} INFO - [2025-12-27T14:32:32.134+0000] {dag.py:3096} INFO - Sync 1 DAGs
[2025-12-27T14:32:32.154+0000] {logging_mixin.py:188} INFO - [2025-12-27T14:32:32.154+0000] {dag.py:3954} INFO - Setting next_dagrun for example_bash_decorator to None, run_after=None
[2025-12-27T14:32:32.414+0000] {processor.py:183} INFO - Processing /usr/local/lib/python3.11/site-packages/airflow/example_dags/example_bash_decorator.py took 0.505 seconds
[2025-12-27T14:33:58.282+0000] {processor.py:161} INFO - Started process (PID=107) to work on /usr/local/lib/python3.11/site-packages/airflow/example_dags/example_bash_decorator.py
[2025-12-27T14:33:58.283+0000] {processor.py:830} INFO - Processing file /usr/local/lib/python3.11/site-packages/airflow/example_dags/example_bash_decorator.py for tasks to queue
[2025-12-27T14:33:58.287+0000] {logging_mixin.py:188} INFO - [2025-12-27T14:33:58.287+0000] {dagbag.py:545} INFO - Filling up the DagBag from /usr/local/lib/python3.11/site-packages/airflow/example_dags/example_bash_decorator.py
[2025-12-27T14:33:58.306+0000] {processor.py:840} INFO - DAG(s) 'example_bash_decorator' retrieved from /usr/local/lib/python3.11/site-packages/airflow/example_dags/example_bash_decorator.py
[2025-12-27T14:33:58.342+0000] {logging_mixin.py:188} INFO - [2025-12-27T14:33:58.342+0000] {dag.py:3096} INFO - Sync 1 DAGs
[2025-12-27T14:33:58.360+0000] {logging_mixin.py:188} INFO - [2025-12-27T14:33:58.359+0000] {dag.py:3954} INFO - Setting next_dagrun for example_bash_decorator to None, run_after=None
[2025-12-27T14:33:58.549+0000] {processor.py:183} INFO - Processing /usr/local/lib/python3.11/site-packages/airflow/example_dags/example_bash_decorator.py took 0.286 seconds
[2025-12-27T14:35:47.310+0000] {processor.py:161} INFO - Started process (PID=174) to work on /usr/local/lib/python3.11/site-packages/airflow/example_dags/example_bash_decorator.py
[2025-12-27T14:35:47.312+0000] {processor.py:830} INFO - Processing file /usr/local/lib/python3.11/site-packages/airflow/example_dags/example_bash_decorator.py for tasks to queue
[2025-12-27T14:35:47.315+0000] {logging_mixin.py:188} INFO - [2025-12-27T14:35:47.315+0000] {dagbag.py:545} INFO - Filling up the DagBag from /usr/local/lib/python3.11/site-packages/airflow/example_dags/example_bash_decorator.py
[2025-12-27T14:35:47.346+0000] {processor.py:840} INFO - DAG(s) 'example_bash_decorator' retrieved from /usr/local/lib/python3.11/site-packages/airflow/example_dags/example_bash_decorator.py
[2025-12-27T14:35:47.406+0000] {logging_mixin.py:188} INFO - [2025-12-27T14:35:47.405+0000] {dag.py:3096} INFO - Sync 1 DAGs
[2025-12-27T14:35:47.447+0000] {logging_mixin.py:188} INFO - [2025-12-27T14:35:47.446+0000] {dag.py:3954} INFO - Setting next_dagrun for example_bash_decorator to None, run_after=None
[2025-12-27T14:35:47.661+0000] {processor.py:183} INFO - Processing /usr/local/lib/python3.11/site-packages/airflow/example_dags/example_bash_decorator.py took 0.378 seconds
[2025-12-27T14:53:51.980+0000] {processor.py:161} INFO - Started process (PID=59) to work on /usr/local/lib/python3.11/site-packages/airflow/example_dags/example_bash_decorator.py
[2025-12-27T14:53:51.982+0000] {processor.py:830} INFO - Processing file /usr/local/lib/python3.11/site-packages/airflow/example_dags/example_bash_decorator.py for tasks to queue
[2025-12-27T14:53:51.985+0000] {logging_mixin.py:188} INFO - [2025-12-27T14:53:51.984+0000] {dagbag.py:545} INFO - Filling up the DagBag from /usr/local/lib/python3.11/site-packages/airflow/example_dags/example_bash_decorator.py
[2025-12-27T14:53:52.007+0000] {processor.py:840} INFO - DAG(s) 'example_bash_decorator' retrieved from /usr/local/lib/python3.11/site-packages/airflow/example_dags/example_bash_decorator.py
[2025-12-27T14:53:52.717+0000] {logging_mixin.py:188} INFO - [2025-12-27T14:53:52.716+0000] {override.py:1930} INFO - Created Permission View: can delete on DAG:example_bash_decorator
[2025-12-27T14:53:53.293+0000] {logging_mixin.py:188} INFO - [2025-12-27T14:53:53.292+0000] {override.py:1930} INFO - Created Permission View: can edit on DAG:example_bash_decorator
[2025-12-27T14:53:53.537+0000] {logging_mixin.py:188} INFO - [2025-12-27T14:53:53.537+0000] {override.py:1930} INFO - Created Permission View: can read on DAG:example_bash_decorator
[2025-12-27T14:53:53.539+0000] {logging_mixin.py:188} INFO - [2025-12-27T14:53:53.539+0000] {dag.py:3096} INFO - Sync 1 DAGs
[2025-12-27T14:53:53.578+0000] {logging_mixin.py:188} INFO - [2025-12-27T14:53:53.577+0000] {dag.py:3118} INFO - Creating ORM DAG for example_bash_decorator
[2025-12-27T14:53:53.582+0000] {logging_mixin.py:188} INFO - [2025-12-27T14:53:53.582+0000] {dag.py:3954} INFO - Setting next_dagrun for example_bash_decorator to None, run_after=None
[2025-12-27T14:53:54.254+0000] {processor.py:183} INFO - Processing /usr/local/lib/python3.11/site-packages/airflow/example_dags/example_bash_decorator.py took 2.295 seconds
[2025-12-27T14:55:48.013+0000] {processor.py:161} INFO - Started process (PID=111) to work on /usr/local/lib/python3.11/site-packages/airflow/example_dags/example_bash_decorator.py
[2025-12-27T14:55:48.015+0000] {processor.py:830} INFO - Processing file /usr/local/lib/python3.11/site-packages/airflow/example_dags/example_bash_decorator.py for tasks to queue
[2025-12-27T14:55:48.028+0000] {logging_mixin.py:188} INFO - [2025-12-27T14:55:48.019+0000] {dagbag.py:545} INFO - Filling up the DagBag from /usr/local/lib/python3.11/site-packages/airflow/example_dags/example_bash_decorator.py
[2025-12-27T14:55:48.096+0000] {processor.py:840} INFO - DAG(s) 'example_bash_decorator' retrieved from /usr/local/lib/python3.11/site-packages/airflow/example_dags/example_bash_decorator.py
[2025-12-27T14:55:48.157+0000] {logging_mixin.py:188} INFO - [2025-12-27T14:55:48.157+0000] {dag.py:3096} INFO - Sync 1 DAGs
[2025-12-27T14:55:48.197+0000] {logging_mixin.py:188} INFO - [2025-12-27T14:55:48.196+0000] {dag.py:3954} INFO - Setting next_dagrun for example_bash_decorator to None, run_after=None
[2025-12-27T14:55:48.419+0000] {processor.py:183} INFO - Processing /usr/local/lib/python3.11/site-packages/airflow/example_dags/example_bash_decorator.py took 0.426 seconds
[2025-12-27T14:57:35.648+0000] {processor.py:161} INFO - Started process (PID=178) to work on /usr/local/lib/python3.11/site-packages/airflow/example_dags/example_bash_decorator.py
[2025-12-27T14:57:35.649+0000] {processor.py:830} INFO - Processing file /usr/local/lib/python3.11/site-packages/airflow/example_dags/example_bash_decorator.py for tasks to queue
[2025-12-27T14:57:35.652+0000] {logging_mixin.py:188} INFO - [2025-12-27T14:57:35.652+0000] {dagbag.py:545} INFO - Filling up the DagBag from /usr/local/lib/python3.11/site-packages/airflow/example_dags/example_bash_decorator.py
[2025-12-27T14:57:35.698+0000] {processor.py:840} INFO - DAG(s) 'example_bash_decorator' retrieved from /usr/local/lib/python3.11/site-packages/airflow/example_dags/example_bash_decorator.py
[2025-12-27T14:57:35.978+0000] {logging_mixin.py:188} INFO - [2025-12-27T14:57:35.978+0000] {dag.py:3096} INFO - Sync 1 DAGs
[2025-12-27T14:57:36.002+0000] {logging_mixin.py:188} INFO - [2025-12-27T14:57:36.001+0000] {dag.py:3954} INFO - Setting next_dagrun for example_bash_decorator to None, run_after=None
[2025-12-27T14:57:36.268+0000] {processor.py:183} INFO - Processing /usr/local/lib/python3.11/site-packages/airflow/example_dags/example_bash_decorator.py took 0.641 seconds
[2025-12-27T14:59:33.707+0000] {processor.py:161} INFO - Started process (PID=258) to work on /usr/local/lib/python3.11/site-packages/airflow/example_dags/example_bash_decorator.py
[2025-12-27T14:59:33.708+0000] {processor.py:830} INFO - Processing file /usr/local/lib/python3.11/site-packages/airflow/example_dags/example_bash_decorator.py for tasks to queue
[2025-12-27T14:59:33.710+0000] {logging_mixin.py:188} INFO - [2025-12-27T14:59:33.709+0000] {dagbag.py:545} INFO - Filling up the DagBag from /usr/local/lib/python3.11/site-packages/airflow/example_dags/example_bash_decorator.py
[2025-12-27T14:59:33.727+0000] {processor.py:840} INFO - DAG(s) 'example_bash_decorator' retrieved from /usr/local/lib/python3.11/site-packages/airflow/example_dags/example_bash_decorator.py
[2025-12-27T14:59:33.769+0000] {logging_mixin.py:188} INFO - [2025-12-27T14:59:33.768+0000] {dag.py:3096} INFO - Sync 1 DAGs
[2025-12-27T14:59:33.788+0000] {logging_mixin.py:188} INFO - [2025-12-27T14:59:33.788+0000] {dag.py:3954} INFO - Setting next_dagrun for example_bash_decorator to None, run_after=None
[2025-12-27T14:59:33.974+0000] {processor.py:183} INFO - Processing /usr/local/lib/python3.11/site-packages/airflow/example_dags/example_bash_decorator.py took 0.284 seconds
[2025-12-27T15:00:44.627+0000] {processor.py:161} INFO - Started process (PID=299) to work on /usr/local/lib/python3.11/site-packages/airflow/example_dags/example_bash_decorator.py
[2025-12-27T15:00:44.629+0000] {processor.py:830} INFO - Processing file /usr/local/lib/python3.11/site-packages/airflow/example_dags/example_bash_decorator.py for tasks to queue
[2025-12-27T15:00:44.631+0000] {logging_mixin.py:188} INFO - [2025-12-27T15:00:44.631+0000] {dagbag.py:545} INFO - Filling up the DagBag from /usr/local/lib/python3.11/site-packages/airflow/example_dags/example_bash_decorator.py
[2025-12-27T15:00:44.648+0000] {processor.py:840} INFO - DAG(s) 'example_bash_decorator' retrieved from /usr/local/lib/python3.11/site-packages/airflow/example_dags/example_bash_decorator.py
[2025-12-27T15:00:44.684+0000] {logging_mixin.py:188} INFO - [2025-12-27T15:00:44.684+0000] {dag.py:3096} INFO - Sync 1 DAGs
[2025-12-27T15:00:44.702+0000] {logging_mixin.py:188} INFO - [2025-12-27T15:00:44.702+0000] {dag.py:3954} INFO - Setting next_dagrun for example_bash_decorator to None, run_after=None
[2025-12-27T15:00:44.935+0000] {processor.py:183} INFO - Processing /usr/local/lib/python3.11/site-packages/airflow/example_dags/example_bash_decorator.py took 0.326 seconds
[2025-12-27T15:02:37.858+0000] {processor.py:161} INFO - Started process (PID=374) to work on /usr/local/lib/python3.11/site-packages/airflow/example_dags/example_bash_decorator.py
[2025-12-27T15:02:37.860+0000] {processor.py:830} INFO - Processing file /usr/local/lib/python3.11/site-packages/airflow/example_dags/example_bash_decorator.py for tasks to queue
[2025-12-27T15:02:37.873+0000] {logging_mixin.py:188} INFO - [2025-12-27T15:02:37.872+0000] {dagbag.py:545} INFO - Filling up the DagBag from /usr/local/lib/python3.11/site-packages/airflow/example_dags/example_bash_decorator.py
[2025-12-27T15:02:37.926+0000] {processor.py:840} INFO - DAG(s) 'example_bash_decorator' retrieved from /usr/local/lib/python3.11/site-packages/airflow/example_dags/example_bash_decorator.py
[2025-12-27T15:02:38.154+0000] {logging_mixin.py:188} INFO - [2025-12-27T15:02:38.153+0000] {dag.py:3096} INFO - Sync 1 DAGs
[2025-12-27T15:02:38.199+0000] {logging_mixin.py:188} INFO - [2025-12-27T15:02:38.199+0000] {dag.py:3954} INFO - Setting next_dagrun for example_bash_decorator to None, run_after=None
[2025-12-27T15:02:38.502+0000] {processor.py:183} INFO - Processing /usr/local/lib/python3.11/site-packages/airflow/example_dags/example_bash_decorator.py took 0.693 seconds
[2025-12-27T15:04:17.491+0000] {processor.py:161} INFO - Started process (PID=441) to work on /usr/local/lib/python3.11/site-packages/airflow/example_dags/example_bash_decorator.py
[2025-12-27T15:04:17.492+0000] {processor.py:830} INFO - Processing file /usr/local/lib/python3.11/site-packages/airflow/example_dags/example_bash_decorator.py for tasks to queue
[2025-12-27T15:04:17.495+0000] {logging_mixin.py:188} INFO - [2025-12-27T15:04:17.494+0000] {dagbag.py:545} INFO - Filling up the DagBag from /usr/local/lib/python3.11/site-packages/airflow/example_dags/example_bash_decorator.py
[2025-12-27T15:04:17.513+0000] {processor.py:840} INFO - DAG(s) 'example_bash_decorator' retrieved from /usr/local/lib/python3.11/site-packages/airflow/example_dags/example_bash_decorator.py
[2025-12-27T15:04:17.552+0000] {logging_mixin.py:188} INFO - [2025-12-27T15:04:17.552+0000] {dag.py:3096} INFO - Sync 1 DAGs
[2025-12-27T15:04:17.571+0000] {logging_mixin.py:188} INFO - [2025-12-27T15:04:17.571+0000] {dag.py:3954} INFO - Setting next_dagrun for example_bash_decorator to None, run_after=None
[2025-12-27T15:04:17.733+0000] {processor.py:183} INFO - Processing /usr/local/lib/python3.11/site-packages/airflow/example_dags/example_bash_decorator.py took 0.257 seconds
[2025-12-27T15:05:44.646+0000] {processor.py:161} INFO - Started process (PID=502) to work on /usr/local/lib/python3.11/site-packages/airflow/example_dags/example_bash_decorator.py
[2025-12-27T15:05:44.647+0000] {processor.py:830} INFO - Processing file /usr/local/lib/python3.11/site-packages/airflow/example_dags/example_bash_decorator.py for tasks to queue
[2025-12-27T15:05:44.650+0000] {logging_mixin.py:188} INFO - [2025-12-27T15:05:44.649+0000] {dagbag.py:545} INFO - Filling up the DagBag from /usr/local/lib/python3.11/site-packages/airflow/example_dags/example_bash_decorator.py
[2025-12-27T15:05:44.667+0000] {processor.py:840} INFO - DAG(s) 'example_bash_decorator' retrieved from /usr/local/lib/python3.11/site-packages/airflow/example_dags/example_bash_decorator.py
[2025-12-27T15:05:44.705+0000] {logging_mixin.py:188} INFO - [2025-12-27T15:05:44.705+0000] {dag.py:3096} INFO - Sync 1 DAGs
[2025-12-27T15:05:44.725+0000] {logging_mixin.py:188} INFO - [2025-12-27T15:05:44.725+0000] {dag.py:3954} INFO - Setting next_dagrun for example_bash_decorator to None, run_after=None
[2025-12-27T15:05:45.104+0000] {processor.py:183} INFO - Processing /usr/local/lib/python3.11/site-packages/airflow/example_dags/example_bash_decorator.py took 0.478 seconds
[2025-12-27T15:07:14.921+0000] {processor.py:161} INFO - Started process (PID=564) to work on /usr/local/lib/python3.11/site-packages/airflow/example_dags/example_bash_decorator.py
[2025-12-27T15:07:14.922+0000] {processor.py:830} INFO - Processing file /usr/local/lib/python3.11/site-packages/airflow/example_dags/example_bash_decorator.py for tasks to queue
[2025-12-27T15:07:14.926+0000] {logging_mixin.py:188} INFO - [2025-12-27T15:07:14.926+0000] {dagbag.py:545} INFO - Filling up the DagBag from /usr/local/lib/python3.11/site-packages/airflow/example_dags/example_bash_decorator.py
[2025-12-27T15:07:14.958+0000] {processor.py:840} INFO - DAG(s) 'example_bash_decorator' retrieved from /usr/local/lib/python3.11/site-packages/airflow/example_dags/example_bash_decorator.py
[2025-12-27T15:07:14.997+0000] {logging_mixin.py:188} INFO - [2025-12-27T15:07:14.997+0000] {dag.py:3096} INFO - Sync 1 DAGs
[2025-12-27T15:07:15.017+0000] {logging_mixin.py:188} INFO - [2025-12-27T15:07:15.017+0000] {dag.py:3954} INFO - Setting next_dagrun for example_bash_decorator to None, run_after=None
[2025-12-27T15:07:15.456+0000] {processor.py:183} INFO - Processing /usr/local/lib/python3.11/site-packages/airflow/example_dags/example_bash_decorator.py took 0.553 seconds
[2025-12-27T15:08:49.261+0000] {processor.py:161} INFO - Started process (PID=628) to work on /usr/local/lib/python3.11/site-packages/airflow/example_dags/example_bash_decorator.py
[2025-12-27T15:08:49.262+0000] {processor.py:830} INFO - Processing file /usr/local/lib/python3.11/site-packages/airflow/example_dags/example_bash_decorator.py for tasks to queue
[2025-12-27T15:08:49.266+0000] {logging_mixin.py:188} INFO - [2025-12-27T15:08:49.266+0000] {dagbag.py:545} INFO - Filling up the DagBag from /usr/local/lib/python3.11/site-packages/airflow/example_dags/example_bash_decorator.py
[2025-12-27T15:08:49.285+0000] {processor.py:840} INFO - DAG(s) 'example_bash_decorator' retrieved from /usr/local/lib/python3.11/site-packages/airflow/example_dags/example_bash_decorator.py
[2025-12-27T15:08:49.330+0000] {logging_mixin.py:188} INFO - [2025-12-27T15:08:49.330+0000] {dag.py:3096} INFO - Sync 1 DAGs
[2025-12-27T15:08:49.352+0000] {logging_mixin.py:188} INFO - [2025-12-27T15:08:49.351+0000] {dag.py:3954} INFO - Setting next_dagrun for example_bash_decorator to None, run_after=None
[2025-12-27T15:08:49.512+0000] {processor.py:183} INFO - Processing /usr/local/lib/python3.11/site-packages/airflow/example_dags/example_bash_decorator.py took 0.270 seconds
[2025-12-27T15:10:39.715+0000] {processor.py:161} INFO - Started process (PID=696) to work on /usr/local/lib/python3.11/site-packages/airflow/example_dags/example_bash_decorator.py
[2025-12-27T15:10:39.716+0000] {processor.py:830} INFO - Processing file /usr/local/lib/python3.11/site-packages/airflow/example_dags/example_bash_decorator.py for tasks to queue
[2025-12-27T15:10:39.718+0000] {logging_mixin.py:188} INFO - [2025-12-27T15:10:39.718+0000] {dagbag.py:545} INFO - Filling up the DagBag from /usr/local/lib/python3.11/site-packages/airflow/example_dags/example_bash_decorator.py
[2025-12-27T15:10:39.735+0000] {processor.py:840} INFO - DAG(s) 'example_bash_decorator' retrieved from /usr/local/lib/python3.11/site-packages/airflow/example_dags/example_bash_decorator.py
[2025-12-27T15:10:39.771+0000] {logging_mixin.py:188} INFO - [2025-12-27T15:10:39.771+0000] {dag.py:3096} INFO - Sync 1 DAGs
[2025-12-27T15:10:39.791+0000] {logging_mixin.py:188} INFO - [2025-12-27T15:10:39.791+0000] {dag.py:3954} INFO - Setting next_dagrun for example_bash_decorator to None, run_after=None
[2025-12-27T15:10:40.277+0000] {processor.py:183} INFO - Processing /usr/local/lib/python3.11/site-packages/airflow/example_dags/example_bash_decorator.py took 0.576 seconds
[2025-12-27T15:12:22.177+0000] {processor.py:161} INFO - Started process (PID=762) to work on /usr/local/lib/python3.11/site-packages/airflow/example_dags/example_bash_decorator.py
[2025-12-27T15:12:22.178+0000] {processor.py:830} INFO - Processing file /usr/local/lib/python3.11/site-packages/airflow/example_dags/example_bash_decorator.py for tasks to queue
[2025-12-27T15:12:22.182+0000] {logging_mixin.py:188} INFO - [2025-12-27T15:12:22.181+0000] {dagbag.py:545} INFO - Filling up the DagBag from /usr/local/lib/python3.11/site-packages/airflow/example_dags/example_bash_decorator.py
[2025-12-27T15:12:22.211+0000] {processor.py:840} INFO - DAG(s) 'example_bash_decorator' retrieved from /usr/local/lib/python3.11/site-packages/airflow/example_dags/example_bash_decorator.py
[2025-12-27T15:12:22.255+0000] {logging_mixin.py:188} INFO - [2025-12-27T15:12:22.255+0000] {dag.py:3096} INFO - Sync 1 DAGs
[2025-12-27T15:12:22.279+0000] {logging_mixin.py:188} INFO - [2025-12-27T15:12:22.279+0000] {dag.py:3954} INFO - Setting next_dagrun for example_bash_decorator to None, run_after=None
[2025-12-27T15:12:22.497+0000] {processor.py:183} INFO - Processing /usr/local/lib/python3.11/site-packages/airflow/example_dags/example_bash_decorator.py took 0.353 seconds
[2025-12-27T15:14:00.139+0000] {processor.py:161} INFO - Started process (PID=826) to work on /usr/local/lib/python3.11/site-packages/airflow/example_dags/example_bash_decorator.py
[2025-12-27T15:14:00.141+0000] {processor.py:830} INFO - Processing file /usr/local/lib/python3.11/site-packages/airflow/example_dags/example_bash_decorator.py for tasks to queue
[2025-12-27T15:14:00.143+0000] {logging_mixin.py:188} INFO - [2025-12-27T15:14:00.143+0000] {dagbag.py:545} INFO - Filling up the DagBag from /usr/local/lib/python3.11/site-packages/airflow/example_dags/example_bash_decorator.py
[2025-12-27T15:14:00.161+0000] {processor.py:840} INFO - DAG(s) 'example_bash_decorator' retrieved from /usr/local/lib/python3.11/site-packages/airflow/example_dags/example_bash_decorator.py
[2025-12-27T15:14:00.200+0000] {logging_mixin.py:188} INFO - [2025-12-27T15:14:00.199+0000] {dag.py:3096} INFO - Sync 1 DAGs
[2025-12-27T15:14:00.221+0000] {logging_mixin.py:188} INFO - [2025-12-27T15:14:00.221+0000] {dag.py:3954} INFO - Setting next_dagrun for example_bash_decorator to None, run_after=None
[2025-12-27T15:14:00.430+0000] {processor.py:183} INFO - Processing /usr/local/lib/python3.11/site-packages/airflow/example_dags/example_bash_decorator.py took 0.306 seconds
[2025-12-27T15:15:45.500+0000] {processor.py:161} INFO - Started process (PID=893) to work on /usr/local/lib/python3.11/site-packages/airflow/example_dags/example_bash_decorator.py
[2025-12-27T15:15:45.502+0000] {processor.py:830} INFO - Processing file /usr/local/lib/python3.11/site-packages/airflow/example_dags/example_bash_decorator.py for tasks to queue
[2025-12-27T15:15:45.504+0000] {logging_mixin.py:188} INFO - [2025-12-27T15:15:45.504+0000] {dagbag.py:545} INFO - Filling up the DagBag from /usr/local/lib/python3.11/site-packages/airflow/example_dags/example_bash_decorator.py
[2025-12-27T15:15:45.533+0000] {processor.py:840} INFO - DAG(s) 'example_bash_decorator' retrieved from /usr/local/lib/python3.11/site-packages/airflow/example_dags/example_bash_decorator.py
[2025-12-27T15:15:45.578+0000] {logging_mixin.py:188} INFO - [2025-12-27T15:15:45.577+0000] {dag.py:3096} INFO - Sync 1 DAGs
[2025-12-27T15:15:45.599+0000] {logging_mixin.py:188} INFO - [2025-12-27T15:15:45.599+0000] {dag.py:3954} INFO - Setting next_dagrun for example_bash_decorator to None, run_after=None
[2025-12-27T15:15:45.794+0000] {processor.py:183} INFO - Processing /usr/local/lib/python3.11/site-packages/airflow/example_dags/example_bash_decorator.py took 0.309 seconds
[2025-12-27T15:17:30.009+0000] {processor.py:161} INFO - Started process (PID=957) to work on /usr/local/lib/python3.11/site-packages/airflow/example_dags/example_bash_decorator.py
[2025-12-27T15:17:30.010+0000] {processor.py:830} INFO - Processing file /usr/local/lib/python3.11/site-packages/airflow/example_dags/example_bash_decorator.py for tasks to queue
[2025-12-27T15:17:30.012+0000] {logging_mixin.py:188} INFO - [2025-12-27T15:17:30.012+0000] {dagbag.py:545} INFO - Filling up the DagBag from /usr/local/lib/python3.11/site-packages/airflow/example_dags/example_bash_decorator.py
[2025-12-27T15:17:30.029+0000] {processor.py:840} INFO - DAG(s) 'example_bash_decorator' retrieved from /usr/local/lib/python3.11/site-packages/airflow/example_dags/example_bash_decorator.py
[2025-12-27T15:17:30.074+0000] {logging_mixin.py:188} INFO - [2025-12-27T15:17:30.073+0000] {dag.py:3096} INFO - Sync 1 DAGs
[2025-12-27T15:17:30.095+0000] {logging_mixin.py:188} INFO - [2025-12-27T15:17:30.095+0000] {dag.py:3954} INFO - Setting next_dagrun for example_bash_decorator to None, run_after=None
[2025-12-27T15:17:30.366+0000] {processor.py:183} INFO - Processing /usr/local/lib/python3.11/site-packages/airflow/example_dags/example_bash_decorator.py took 0.373 seconds
[2025-12-27T15:19:16.916+0000] {processor.py:161} INFO - Started process (PID=1024) to work on /usr/local/lib/python3.11/site-packages/airflow/example_dags/example_bash_decorator.py
[2025-12-27T15:19:16.918+0000] {processor.py:830} INFO - Processing file /usr/local/lib/python3.11/site-packages/airflow/example_dags/example_bash_decorator.py for tasks to queue
[2025-12-27T15:19:16.921+0000] {logging_mixin.py:188} INFO - [2025-12-27T15:19:16.920+0000] {dagbag.py:545} INFO - Filling up the DagBag from /usr/local/lib/python3.11/site-packages/airflow/example_dags/example_bash_decorator.py
[2025-12-27T15:19:16.951+0000] {processor.py:840} INFO - DAG(s) 'example_bash_decorator' retrieved from /usr/local/lib/python3.11/site-packages/airflow/example_dags/example_bash_decorator.py
[2025-12-27T15:19:17.005+0000] {logging_mixin.py:188} INFO - [2025-12-27T15:19:17.004+0000] {dag.py:3096} INFO - Sync 1 DAGs
[2025-12-27T15:19:17.029+0000] {logging_mixin.py:188} INFO - [2025-12-27T15:19:17.029+0000] {dag.py:3954} INFO - Setting next_dagrun for example_bash_decorator to None, run_after=None
[2025-12-27T15:19:17.249+0000] {processor.py:183} INFO - Processing /usr/local/lib/python3.11/site-packages/airflow/example_dags/example_bash_decorator.py took 0.350 seconds
[2025-12-27T15:31:16.059+0000] {processor.py:161} INFO - Started process (PID=54) to work on /usr/local/lib/python3.11/site-packages/airflow/example_dags/example_bash_decorator.py
[2025-12-27T15:31:16.061+0000] {processor.py:830} INFO - Processing file /usr/local/lib/python3.11/site-packages/airflow/example_dags/example_bash_decorator.py for tasks to queue
[2025-12-27T15:31:16.064+0000] {logging_mixin.py:188} INFO - [2025-12-27T15:31:16.063+0000] {dagbag.py:545} INFO - Filling up the DagBag from /usr/local/lib/python3.11/site-packages/airflow/example_dags/example_bash_decorator.py
[2025-12-27T15:31:16.085+0000] {processor.py:840} INFO - DAG(s) 'example_bash_decorator' retrieved from /usr/local/lib/python3.11/site-packages/airflow/example_dags/example_bash_decorator.py
[2025-12-27T15:31:16.236+0000] {logging_mixin.py:188} INFO - [2025-12-27T15:31:16.236+0000] {dag.py:3096} INFO - Sync 1 DAGs
[2025-12-27T15:31:16.251+0000] {logging_mixin.py:188} INFO - [2025-12-27T15:31:16.251+0000] {dag.py:3954} INFO - Setting next_dagrun for example_bash_decorator to None, run_after=None
[2025-12-27T15:31:16.493+0000] {processor.py:183} INFO - Processing /usr/local/lib/python3.11/site-packages/airflow/example_dags/example_bash_decorator.py took 0.449 seconds
[2025-12-27T15:32:48.215+0000] {processor.py:161} INFO - Started process (PID=106) to work on /usr/local/lib/python3.11/site-packages/airflow/example_dags/example_bash_decorator.py
[2025-12-27T15:32:48.216+0000] {processor.py:830} INFO - Processing file /usr/local/lib/python3.11/site-packages/airflow/example_dags/example_bash_decorator.py for tasks to queue
[2025-12-27T15:32:48.219+0000] {logging_mixin.py:188} INFO - [2025-12-27T15:32:48.218+0000] {dagbag.py:545} INFO - Filling up the DagBag from /usr/local/lib/python3.11/site-packages/airflow/example_dags/example_bash_decorator.py
[2025-12-27T15:32:48.235+0000] {processor.py:840} INFO - DAG(s) 'example_bash_decorator' retrieved from /usr/local/lib/python3.11/site-packages/airflow/example_dags/example_bash_decorator.py
[2025-12-27T15:32:48.269+0000] {logging_mixin.py:188} INFO - [2025-12-27T15:32:48.269+0000] {dag.py:3096} INFO - Sync 1 DAGs
[2025-12-27T15:32:48.286+0000] {logging_mixin.py:188} INFO - [2025-12-27T15:32:48.286+0000] {dag.py:3954} INFO - Setting next_dagrun for example_bash_decorator to None, run_after=None
[2025-12-27T15:32:48.468+0000] {processor.py:183} INFO - Processing /usr/local/lib/python3.11/site-packages/airflow/example_dags/example_bash_decorator.py took 0.267 seconds
[2025-12-27T15:34:27.833+0000] {processor.py:161} INFO - Started process (PID=171) to work on /usr/local/lib/python3.11/site-packages/airflow/example_dags/example_bash_decorator.py
[2025-12-27T15:34:27.834+0000] {processor.py:830} INFO - Processing file /usr/local/lib/python3.11/site-packages/airflow/example_dags/example_bash_decorator.py for tasks to queue
[2025-12-27T15:34:27.836+0000] {logging_mixin.py:188} INFO - [2025-12-27T15:34:27.836+0000] {dagbag.py:545} INFO - Filling up the DagBag from /usr/local/lib/python3.11/site-packages/airflow/example_dags/example_bash_decorator.py
[2025-12-27T15:34:27.854+0000] {processor.py:840} INFO - DAG(s) 'example_bash_decorator' retrieved from /usr/local/lib/python3.11/site-packages/airflow/example_dags/example_bash_decorator.py
[2025-12-27T15:34:27.890+0000] {logging_mixin.py:188} INFO - [2025-12-27T15:34:27.890+0000] {dag.py:3096} INFO - Sync 1 DAGs
[2025-12-27T15:34:27.910+0000] {logging_mixin.py:188} INFO - [2025-12-27T15:34:27.909+0000] {dag.py:3954} INFO - Setting next_dagrun for example_bash_decorator to None, run_after=None
[2025-12-27T15:34:28.147+0000] {processor.py:183} INFO - Processing /usr/local/lib/python3.11/site-packages/airflow/example_dags/example_bash_decorator.py took 0.333 seconds
[2025-12-27T15:35:57.008+0000] {processor.py:161} INFO - Started process (PID=234) to work on /usr/local/lib/python3.11/site-packages/airflow/example_dags/example_bash_decorator.py
[2025-12-27T15:35:57.009+0000] {processor.py:830} INFO - Processing file /usr/local/lib/python3.11/site-packages/airflow/example_dags/example_bash_decorator.py for tasks to queue
[2025-12-27T15:35:57.012+0000] {logging_mixin.py:188} INFO - [2025-12-27T15:35:57.012+0000] {dagbag.py:545} INFO - Filling up the DagBag from /usr/local/lib/python3.11/site-packages/airflow/example_dags/example_bash_decorator.py
[2025-12-27T15:35:57.030+0000] {processor.py:840} INFO - DAG(s) 'example_bash_decorator' retrieved from /usr/local/lib/python3.11/site-packages/airflow/example_dags/example_bash_decorator.py
[2025-12-27T15:35:57.065+0000] {logging_mixin.py:188} INFO - [2025-12-27T15:35:57.065+0000] {dag.py:3096} INFO - Sync 1 DAGs
[2025-12-27T15:35:57.087+0000] {logging_mixin.py:188} INFO - [2025-12-27T15:35:57.087+0000] {dag.py:3954} INFO - Setting next_dagrun for example_bash_decorator to None, run_after=None
[2025-12-27T15:35:57.289+0000] {processor.py:183} INFO - Processing /usr/local/lib/python3.11/site-packages/airflow/example_dags/example_bash_decorator.py took 0.296 seconds
[2025-12-27T15:37:35.770+0000] {processor.py:161} INFO - Started process (PID=298) to work on /usr/local/lib/python3.11/site-packages/airflow/example_dags/example_bash_decorator.py
[2025-12-27T15:37:35.771+0000] {processor.py:830} INFO - Processing file /usr/local/lib/python3.11/site-packages/airflow/example_dags/example_bash_decorator.py for tasks to queue
[2025-12-27T15:37:35.773+0000] {logging_mixin.py:188} INFO - [2025-12-27T15:37:35.773+0000] {dagbag.py:545} INFO - Filling up the DagBag from /usr/local/lib/python3.11/site-packages/airflow/example_dags/example_bash_decorator.py
[2025-12-27T15:37:35.797+0000] {processor.py:840} INFO - DAG(s) 'example_bash_decorator' retrieved from /usr/local/lib/python3.11/site-packages/airflow/example_dags/example_bash_decorator.py
[2025-12-27T15:37:35.834+0000] {logging_mixin.py:188} INFO - [2025-12-27T15:37:35.834+0000] {dag.py:3096} INFO - Sync 1 DAGs
[2025-12-27T15:37:35.852+0000] {logging_mixin.py:188} INFO - [2025-12-27T15:37:35.852+0000] {dag.py:3954} INFO - Setting next_dagrun for example_bash_decorator to None, run_after=None
[2025-12-27T15:37:36.025+0000] {processor.py:183} INFO - Processing /usr/local/lib/python3.11/site-packages/airflow/example_dags/example_bash_decorator.py took 0.269 seconds
[2025-12-27T15:39:06.836+0000] {processor.py:161} INFO - Started process (PID=360) to work on /usr/local/lib/python3.11/site-packages/airflow/example_dags/example_bash_decorator.py
[2025-12-27T15:39:06.837+0000] {processor.py:830} INFO - Processing file /usr/local/lib/python3.11/site-packages/airflow/example_dags/example_bash_decorator.py for tasks to queue
[2025-12-27T15:39:06.840+0000] {logging_mixin.py:188} INFO - [2025-12-27T15:39:06.839+0000] {dagbag.py:545} INFO - Filling up the DagBag from /usr/local/lib/python3.11/site-packages/airflow/example_dags/example_bash_decorator.py
[2025-12-27T15:39:06.858+0000] {processor.py:840} INFO - DAG(s) 'example_bash_decorator' retrieved from /usr/local/lib/python3.11/site-packages/airflow/example_dags/example_bash_decorator.py
[2025-12-27T15:39:06.896+0000] {logging_mixin.py:188} INFO - [2025-12-27T15:39:06.895+0000] {dag.py:3096} INFO - Sync 1 DAGs
[2025-12-27T15:39:06.916+0000] {logging_mixin.py:188} INFO - [2025-12-27T15:39:06.915+0000] {dag.py:3954} INFO - Setting next_dagrun for example_bash_decorator to None, run_after=None
[2025-12-27T15:39:07.392+0000] {processor.py:183} INFO - Processing /usr/local/lib/python3.11/site-packages/airflow/example_dags/example_bash_decorator.py took 0.572 seconds
[2025-12-27T15:40:53.130+0000] {processor.py:161} INFO - Started process (PID=425) to work on /usr/local/lib/python3.11/site-packages/airflow/example_dags/example_bash_decorator.py
[2025-12-27T15:40:53.132+0000] {processor.py:830} INFO - Processing file /usr/local/lib/python3.11/site-packages/airflow/example_dags/example_bash_decorator.py for tasks to queue
[2025-12-27T15:40:53.134+0000] {logging_mixin.py:188} INFO - [2025-12-27T15:40:53.134+0000] {dagbag.py:545} INFO - Filling up the DagBag from /usr/local/lib/python3.11/site-packages/airflow/example_dags/example_bash_decorator.py
[2025-12-27T15:40:53.165+0000] {processor.py:840} INFO - DAG(s) 'example_bash_decorator' retrieved from /usr/local/lib/python3.11/site-packages/airflow/example_dags/example_bash_decorator.py
[2025-12-27T15:40:53.217+0000] {logging_mixin.py:188} INFO - [2025-12-27T15:40:53.217+0000] {dag.py:3096} INFO - Sync 1 DAGs
[2025-12-27T15:40:53.233+0000] {logging_mixin.py:188} INFO - [2025-12-27T15:40:53.233+0000] {dag.py:3954} INFO - Setting next_dagrun for example_bash_decorator to None, run_after=None
[2025-12-27T15:40:53.533+0000] {processor.py:183} INFO - Processing /usr/local/lib/python3.11/site-packages/airflow/example_dags/example_bash_decorator.py took 0.421 seconds
[2025-12-27T15:44:14.164+0000] {processor.py:161} INFO - Started process (PID=58) to work on /usr/local/lib/python3.11/site-packages/airflow/example_dags/example_bash_decorator.py
[2025-12-27T15:44:14.166+0000] {processor.py:830} INFO - Processing file /usr/local/lib/python3.11/site-packages/airflow/example_dags/example_bash_decorator.py for tasks to queue
[2025-12-27T15:44:14.168+0000] {logging_mixin.py:188} INFO - [2025-12-27T15:44:14.168+0000] {dagbag.py:545} INFO - Filling up the DagBag from /usr/local/lib/python3.11/site-packages/airflow/example_dags/example_bash_decorator.py
[2025-12-27T15:44:14.184+0000] {processor.py:840} INFO - DAG(s) 'example_bash_decorator' retrieved from /usr/local/lib/python3.11/site-packages/airflow/example_dags/example_bash_decorator.py
[2025-12-27T15:44:14.334+0000] {logging_mixin.py:188} INFO - [2025-12-27T15:44:14.333+0000] {dag.py:3096} INFO - Sync 1 DAGs
[2025-12-27T15:44:14.348+0000] {logging_mixin.py:188} INFO - [2025-12-27T15:44:14.347+0000] {dag.py:3954} INFO - Setting next_dagrun for example_bash_decorator to None, run_after=None
[2025-12-27T15:44:14.547+0000] {processor.py:183} INFO - Processing /usr/local/lib/python3.11/site-packages/airflow/example_dags/example_bash_decorator.py took 0.395 seconds
[2025-12-27T15:45:33.612+0000] {processor.py:161} INFO - Started process (PID=110) to work on /usr/local/lib/python3.11/site-packages/airflow/example_dags/example_bash_decorator.py
[2025-12-27T15:45:33.613+0000] {processor.py:830} INFO - Processing file /usr/local/lib/python3.11/site-packages/airflow/example_dags/example_bash_decorator.py for tasks to queue
[2025-12-27T15:45:33.616+0000] {logging_mixin.py:188} INFO - [2025-12-27T15:45:33.615+0000] {dagbag.py:545} INFO - Filling up the DagBag from /usr/local/lib/python3.11/site-packages/airflow/example_dags/example_bash_decorator.py
[2025-12-27T15:45:33.645+0000] {processor.py:840} INFO - DAG(s) 'example_bash_decorator' retrieved from /usr/local/lib/python3.11/site-packages/airflow/example_dags/example_bash_decorator.py
[2025-12-27T15:45:33.709+0000] {logging_mixin.py:188} INFO - [2025-12-27T15:45:33.708+0000] {dag.py:3096} INFO - Sync 1 DAGs
[2025-12-27T15:45:33.733+0000] {logging_mixin.py:188} INFO - [2025-12-27T15:45:33.733+0000] {dag.py:3954} INFO - Setting next_dagrun for example_bash_decorator to None, run_after=None
[2025-12-27T15:45:33.931+0000] {processor.py:183} INFO - Processing /usr/local/lib/python3.11/site-packages/airflow/example_dags/example_bash_decorator.py took 0.332 seconds
[2025-12-27T15:47:16.888+0000] {processor.py:161} INFO - Started process (PID=199) to work on /usr/local/lib/python3.11/site-packages/airflow/example_dags/example_bash_decorator.py
[2025-12-27T15:47:16.890+0000] {processor.py:830} INFO - Processing file /usr/local/lib/python3.11/site-packages/airflow/example_dags/example_bash_decorator.py for tasks to queue
[2025-12-27T15:47:16.893+0000] {logging_mixin.py:188} INFO - [2025-12-27T15:47:16.892+0000] {dagbag.py:545} INFO - Filling up the DagBag from /usr/local/lib/python3.11/site-packages/airflow/example_dags/example_bash_decorator.py
[2025-12-27T15:47:16.914+0000] {processor.py:840} INFO - DAG(s) 'example_bash_decorator' retrieved from /usr/local/lib/python3.11/site-packages/airflow/example_dags/example_bash_decorator.py
[2025-12-27T15:47:16.965+0000] {logging_mixin.py:188} INFO - [2025-12-27T15:47:16.965+0000] {dag.py:3096} INFO - Sync 1 DAGs
[2025-12-27T15:47:16.990+0000] {logging_mixin.py:188} INFO - [2025-12-27T15:47:16.990+0000] {dag.py:3954} INFO - Setting next_dagrun for example_bash_decorator to None, run_after=None
[2025-12-27T15:47:17.212+0000] {processor.py:183} INFO - Processing /usr/local/lib/python3.11/site-packages/airflow/example_dags/example_bash_decorator.py took 0.340 seconds
[2025-12-27T15:48:50.880+0000] {processor.py:161} INFO - Started process (PID=274) to work on /usr/local/lib/python3.11/site-packages/airflow/example_dags/example_bash_decorator.py
[2025-12-27T15:48:50.882+0000] {processor.py:830} INFO - Processing file /usr/local/lib/python3.11/site-packages/airflow/example_dags/example_bash_decorator.py for tasks to queue
[2025-12-27T15:48:50.884+0000] {logging_mixin.py:188} INFO - [2025-12-27T15:48:50.884+0000] {dagbag.py:545} INFO - Filling up the DagBag from /usr/local/lib/python3.11/site-packages/airflow/example_dags/example_bash_decorator.py
[2025-12-27T15:48:50.901+0000] {processor.py:840} INFO - DAG(s) 'example_bash_decorator' retrieved from /usr/local/lib/python3.11/site-packages/airflow/example_dags/example_bash_decorator.py
[2025-12-27T15:48:50.939+0000] {logging_mixin.py:188} INFO - [2025-12-27T15:48:50.939+0000] {dag.py:3096} INFO - Sync 1 DAGs
[2025-12-27T15:48:50.957+0000] {logging_mixin.py:188} INFO - [2025-12-27T15:48:50.957+0000] {dag.py:3954} INFO - Setting next_dagrun for example_bash_decorator to None, run_after=None
[2025-12-27T15:48:51.141+0000] {processor.py:183} INFO - Processing /usr/local/lib/python3.11/site-packages/airflow/example_dags/example_bash_decorator.py took 0.273 seconds
[2025-12-27T15:50:26.231+0000] {processor.py:161} INFO - Started process (PID=340) to work on /usr/local/lib/python3.11/site-packages/airflow/example_dags/example_bash_decorator.py
[2025-12-27T15:50:26.232+0000] {processor.py:830} INFO - Processing file /usr/local/lib/python3.11/site-packages/airflow/example_dags/example_bash_decorator.py for tasks to queue
[2025-12-27T15:50:26.345+0000] {logging_mixin.py:188} INFO - [2025-12-27T15:50:26.345+0000] {dagbag.py:545} INFO - Filling up the DagBag from /usr/local/lib/python3.11/site-packages/airflow/example_dags/example_bash_decorator.py
[2025-12-27T15:50:26.356+0000] {processor.py:840} INFO - DAG(s) 'example_bash_decorator' retrieved from /usr/local/lib/python3.11/site-packages/airflow/example_dags/example_bash_decorator.py
[2025-12-27T15:50:26.386+0000] {logging_mixin.py:188} INFO - [2025-12-27T15:50:26.386+0000] {dag.py:3096} INFO - Sync 1 DAGs
[2025-12-27T15:50:26.401+0000] {logging_mixin.py:188} INFO - [2025-12-27T15:50:26.401+0000] {dag.py:3954} INFO - Setting next_dagrun for example_bash_decorator to None, run_after=None
[2025-12-27T15:50:26.574+0000] {processor.py:183} INFO - Processing /usr/local/lib/python3.11/site-packages/airflow/example_dags/example_bash_decorator.py took 0.360 seconds
[2025-12-27T15:51:57.381+0000] {processor.py:161} INFO - Started process (PID=416) to work on /usr/local/lib/python3.11/site-packages/airflow/example_dags/example_bash_decorator.py
[2025-12-27T15:51:57.382+0000] {processor.py:830} INFO - Processing file /usr/local/lib/python3.11/site-packages/airflow/example_dags/example_bash_decorator.py for tasks to queue
[2025-12-27T15:51:57.384+0000] {logging_mixin.py:188} INFO - [2025-12-27T15:51:57.384+0000] {dagbag.py:545} INFO - Filling up the DagBag from /usr/local/lib/python3.11/site-packages/airflow/example_dags/example_bash_decorator.py
[2025-12-27T15:51:57.401+0000] {processor.py:840} INFO - DAG(s) 'example_bash_decorator' retrieved from /usr/local/lib/python3.11/site-packages/airflow/example_dags/example_bash_decorator.py
[2025-12-27T15:51:57.440+0000] {logging_mixin.py:188} INFO - [2025-12-27T15:51:57.439+0000] {dag.py:3096} INFO - Sync 1 DAGs
[2025-12-27T15:51:57.459+0000] {logging_mixin.py:188} INFO - [2025-12-27T15:51:57.459+0000] {dag.py:3954} INFO - Setting next_dagrun for example_bash_decorator to None, run_after=None
[2025-12-27T15:51:57.668+0000] {processor.py:183} INFO - Processing /usr/local/lib/python3.11/site-packages/airflow/example_dags/example_bash_decorator.py took 0.301 seconds
[2025-12-27T15:53:28.929+0000] {processor.py:161} INFO - Started process (PID=497) to work on /usr/local/lib/python3.11/site-packages/airflow/example_dags/example_bash_decorator.py
[2025-12-27T15:53:28.931+0000] {processor.py:830} INFO - Processing file /usr/local/lib/python3.11/site-packages/airflow/example_dags/example_bash_decorator.py for tasks to queue
[2025-12-27T15:53:28.933+0000] {logging_mixin.py:188} INFO - [2025-12-27T15:53:28.933+0000] {dagbag.py:545} INFO - Filling up the DagBag from /usr/local/lib/python3.11/site-packages/airflow/example_dags/example_bash_decorator.py
[2025-12-27T15:53:28.952+0000] {processor.py:840} INFO - DAG(s) 'example_bash_decorator' retrieved from /usr/local/lib/python3.11/site-packages/airflow/example_dags/example_bash_decorator.py
[2025-12-27T15:53:28.993+0000] {logging_mixin.py:188} INFO - [2025-12-27T15:53:28.993+0000] {dag.py:3096} INFO - Sync 1 DAGs
[2025-12-27T15:53:29.014+0000] {logging_mixin.py:188} INFO - [2025-12-27T15:53:29.014+0000] {dag.py:3954} INFO - Setting next_dagrun for example_bash_decorator to None, run_after=None
[2025-12-27T15:53:29.235+0000] {processor.py:183} INFO - Processing /usr/local/lib/python3.11/site-packages/airflow/example_dags/example_bash_decorator.py took 0.321 seconds
[2025-12-27T15:55:01.581+0000] {processor.py:161} INFO - Started process (PID=567) to work on /usr/local/lib/python3.11/site-packages/airflow/example_dags/example_bash_decorator.py
[2025-12-27T15:55:01.583+0000] {processor.py:830} INFO - Processing file /usr/local/lib/python3.11/site-packages/airflow/example_dags/example_bash_decorator.py for tasks to queue
[2025-12-27T15:55:01.585+0000] {logging_mixin.py:188} INFO - [2025-12-27T15:55:01.585+0000] {dagbag.py:545} INFO - Filling up the DagBag from /usr/local/lib/python3.11/site-packages/airflow/example_dags/example_bash_decorator.py
[2025-12-27T15:55:01.602+0000] {processor.py:840} INFO - DAG(s) 'example_bash_decorator' retrieved from /usr/local/lib/python3.11/site-packages/airflow/example_dags/example_bash_decorator.py
[2025-12-27T15:55:01.642+0000] {logging_mixin.py:188} INFO - [2025-12-27T15:55:01.642+0000] {dag.py:3096} INFO - Sync 1 DAGs
[2025-12-27T15:55:01.664+0000] {logging_mixin.py:188} INFO - [2025-12-27T15:55:01.664+0000] {dag.py:3954} INFO - Setting next_dagrun for example_bash_decorator to None, run_after=None
[2025-12-27T15:55:02.047+0000] {processor.py:183} INFO - Processing /usr/local/lib/python3.11/site-packages/airflow/example_dags/example_bash_decorator.py took 0.479 seconds
[2025-12-27T15:56:34.464+0000] {processor.py:161} INFO - Started process (PID=637) to work on /usr/local/lib/python3.11/site-packages/airflow/example_dags/example_bash_decorator.py
[2025-12-27T15:56:34.466+0000] {processor.py:830} INFO - Processing file /usr/local/lib/python3.11/site-packages/airflow/example_dags/example_bash_decorator.py for tasks to queue
[2025-12-27T15:56:34.468+0000] {logging_mixin.py:188} INFO - [2025-12-27T15:56:34.468+0000] {dagbag.py:545} INFO - Filling up the DagBag from /usr/local/lib/python3.11/site-packages/airflow/example_dags/example_bash_decorator.py
[2025-12-27T15:56:34.485+0000] {processor.py:840} INFO - DAG(s) 'example_bash_decorator' retrieved from /usr/local/lib/python3.11/site-packages/airflow/example_dags/example_bash_decorator.py
[2025-12-27T15:56:34.522+0000] {logging_mixin.py:188} INFO - [2025-12-27T15:56:34.522+0000] {dag.py:3096} INFO - Sync 1 DAGs
[2025-12-27T15:56:34.541+0000] {logging_mixin.py:188} INFO - [2025-12-27T15:56:34.540+0000] {dag.py:3954} INFO - Setting next_dagrun for example_bash_decorator to None, run_after=None
[2025-12-27T15:56:34.715+0000] {processor.py:183} INFO - Processing /usr/local/lib/python3.11/site-packages/airflow/example_dags/example_bash_decorator.py took 0.263 seconds
[2025-12-27T15:58:04.974+0000] {processor.py:161} INFO - Started process (PID=699) to work on /usr/local/lib/python3.11/site-packages/airflow/example_dags/example_bash_decorator.py
[2025-12-27T15:58:04.976+0000] {processor.py:830} INFO - Processing file /usr/local/lib/python3.11/site-packages/airflow/example_dags/example_bash_decorator.py for tasks to queue
[2025-12-27T15:58:04.979+0000] {logging_mixin.py:188} INFO - [2025-12-27T15:58:04.979+0000] {dagbag.py:545} INFO - Filling up the DagBag from /usr/local/lib/python3.11/site-packages/airflow/example_dags/example_bash_decorator.py
[2025-12-27T15:58:04.998+0000] {processor.py:840} INFO - DAG(s) 'example_bash_decorator' retrieved from /usr/local/lib/python3.11/site-packages/airflow/example_dags/example_bash_decorator.py
[2025-12-27T15:58:05.044+0000] {logging_mixin.py:188} INFO - [2025-12-27T15:58:05.044+0000] {dag.py:3096} INFO - Sync 1 DAGs
[2025-12-27T15:58:05.067+0000] {logging_mixin.py:188} INFO - [2025-12-27T15:58:05.067+0000] {dag.py:3954} INFO - Setting next_dagrun for example_bash_decorator to None, run_after=None
[2025-12-27T15:58:05.296+0000] {processor.py:183} INFO - Processing /usr/local/lib/python3.11/site-packages/airflow/example_dags/example_bash_decorator.py took 0.338 seconds
[2025-12-27T15:59:49.336+0000] {processor.py:161} INFO - Started process (PID=762) to work on /usr/local/lib/python3.11/site-packages/airflow/example_dags/example_bash_decorator.py
[2025-12-27T15:59:49.337+0000] {processor.py:830} INFO - Processing file /usr/local/lib/python3.11/site-packages/airflow/example_dags/example_bash_decorator.py for tasks to queue
[2025-12-27T15:59:49.341+0000] {logging_mixin.py:188} INFO - [2025-12-27T15:59:49.341+0000] {dagbag.py:545} INFO - Filling up the DagBag from /usr/local/lib/python3.11/site-packages/airflow/example_dags/example_bash_decorator.py
[2025-12-27T15:59:49.366+0000] {processor.py:840} INFO - DAG(s) 'example_bash_decorator' retrieved from /usr/local/lib/python3.11/site-packages/airflow/example_dags/example_bash_decorator.py
[2025-12-27T15:59:49.403+0000] {logging_mixin.py:188} INFO - [2025-12-27T15:59:49.403+0000] {dag.py:3096} INFO - Sync 1 DAGs
[2025-12-27T15:59:49.419+0000] {logging_mixin.py:188} INFO - [2025-12-27T15:59:49.418+0000] {dag.py:3954} INFO - Setting next_dagrun for example_bash_decorator to None, run_after=None
[2025-12-27T15:59:49.745+0000] {processor.py:183} INFO - Processing /usr/local/lib/python3.11/site-packages/airflow/example_dags/example_bash_decorator.py took 0.428 seconds
[2025-12-27T16:01:39.095+0000] {processor.py:161} INFO - Started process (PID=831) to work on /usr/local/lib/python3.11/site-packages/airflow/example_dags/example_bash_decorator.py
[2025-12-27T16:01:39.096+0000] {processor.py:830} INFO - Processing file /usr/local/lib/python3.11/site-packages/airflow/example_dags/example_bash_decorator.py for tasks to queue
[2025-12-27T16:01:39.099+0000] {logging_mixin.py:188} INFO - [2025-12-27T16:01:39.098+0000] {dagbag.py:545} INFO - Filling up the DagBag from /usr/local/lib/python3.11/site-packages/airflow/example_dags/example_bash_decorator.py
[2025-12-27T16:01:39.122+0000] {processor.py:840} INFO - DAG(s) 'example_bash_decorator' retrieved from /usr/local/lib/python3.11/site-packages/airflow/example_dags/example_bash_decorator.py
[2025-12-27T16:01:39.166+0000] {logging_mixin.py:188} INFO - [2025-12-27T16:01:39.165+0000] {dag.py:3096} INFO - Sync 1 DAGs
[2025-12-27T16:01:39.183+0000] {logging_mixin.py:188} INFO - [2025-12-27T16:01:39.183+0000] {dag.py:3954} INFO - Setting next_dagrun for example_bash_decorator to None, run_after=None
[2025-12-27T16:01:39.441+0000] {processor.py:183} INFO - Processing /usr/local/lib/python3.11/site-packages/airflow/example_dags/example_bash_decorator.py took 0.363 seconds
[2025-12-27T20:53:58.689+0000] {processor.py:161} INFO - Started process (PID=54) to work on /usr/local/lib/python3.11/site-packages/airflow/example_dags/example_bash_decorator.py
[2025-12-27T20:53:58.710+0000] {processor.py:830} INFO - Processing file /usr/local/lib/python3.11/site-packages/airflow/example_dags/example_bash_decorator.py for tasks to queue
[2025-12-27T20:53:58.715+0000] {logging_mixin.py:188} INFO - [2025-12-27T20:53:58.715+0000] {dagbag.py:545} INFO - Filling up the DagBag from /usr/local/lib/python3.11/site-packages/airflow/example_dags/example_bash_decorator.py
[2025-12-27T20:53:58.755+0000] {processor.py:840} INFO - DAG(s) 'example_bash_decorator' retrieved from /usr/local/lib/python3.11/site-packages/airflow/example_dags/example_bash_decorator.py
[2025-12-27T20:53:59.027+0000] {logging_mixin.py:188} INFO - [2025-12-27T20:53:59.027+0000] {dag.py:3096} INFO - Sync 1 DAGs
[2025-12-27T20:53:59.051+0000] {logging_mixin.py:188} INFO - [2025-12-27T20:53:59.050+0000] {dag.py:3954} INFO - Setting next_dagrun for example_bash_decorator to None, run_after=None
[2025-12-27T20:53:59.568+0000] {processor.py:183} INFO - Processing /usr/local/lib/python3.11/site-packages/airflow/example_dags/example_bash_decorator.py took 0.904 seconds
[2025-12-27T20:55:51.118+0000] {processor.py:161} INFO - Started process (PID=59) to work on /usr/local/lib/python3.11/site-packages/airflow/example_dags/example_bash_decorator.py
[2025-12-27T20:55:51.119+0000] {processor.py:830} INFO - Processing file /usr/local/lib/python3.11/site-packages/airflow/example_dags/example_bash_decorator.py for tasks to queue
[2025-12-27T20:55:51.122+0000] {logging_mixin.py:188} INFO - [2025-12-27T20:55:51.122+0000] {dagbag.py:545} INFO - Filling up the DagBag from /usr/local/lib/python3.11/site-packages/airflow/example_dags/example_bash_decorator.py
[2025-12-27T20:55:51.140+0000] {processor.py:840} INFO - DAG(s) 'example_bash_decorator' retrieved from /usr/local/lib/python3.11/site-packages/airflow/example_dags/example_bash_decorator.py
[2025-12-27T20:55:51.426+0000] {logging_mixin.py:188} INFO - [2025-12-27T20:55:51.426+0000] {dag.py:3096} INFO - Sync 1 DAGs
[2025-12-27T20:55:51.462+0000] {logging_mixin.py:188} INFO - [2025-12-27T20:55:51.461+0000] {dag.py:3954} INFO - Setting next_dagrun for example_bash_decorator to None, run_after=None
[2025-12-27T20:55:51.802+0000] {processor.py:183} INFO - Processing /usr/local/lib/python3.11/site-packages/airflow/example_dags/example_bash_decorator.py took 0.699 seconds
[2025-12-27T21:00:19.227+0000] {processor.py:161} INFO - Started process (PID=59) to work on /usr/local/lib/python3.11/site-packages/airflow/example_dags/example_bash_decorator.py
[2025-12-27T21:00:19.229+0000] {processor.py:830} INFO - Processing file /usr/local/lib/python3.11/site-packages/airflow/example_dags/example_bash_decorator.py for tasks to queue
[2025-12-27T21:00:19.232+0000] {logging_mixin.py:188} INFO - [2025-12-27T21:00:19.231+0000] {dagbag.py:545} INFO - Filling up the DagBag from /usr/local/lib/python3.11/site-packages/airflow/example_dags/example_bash_decorator.py
[2025-12-27T21:00:19.250+0000] {processor.py:840} INFO - DAG(s) 'example_bash_decorator' retrieved from /usr/local/lib/python3.11/site-packages/airflow/example_dags/example_bash_decorator.py
[2025-12-27T21:00:19.420+0000] {logging_mixin.py:188} INFO - [2025-12-27T21:00:19.420+0000] {dag.py:3096} INFO - Sync 1 DAGs
[2025-12-27T21:00:19.434+0000] {logging_mixin.py:188} INFO - [2025-12-27T21:00:19.434+0000] {dag.py:3954} INFO - Setting next_dagrun for example_bash_decorator to None, run_after=None
[2025-12-27T21:00:19.660+0000] {processor.py:183} INFO - Processing /usr/local/lib/python3.11/site-packages/airflow/example_dags/example_bash_decorator.py took 0.448 seconds
[2025-12-27T21:01:37.260+0000] {processor.py:161} INFO - Started process (PID=111) to work on /usr/local/lib/python3.11/site-packages/airflow/example_dags/example_bash_decorator.py
[2025-12-27T21:01:37.261+0000] {processor.py:830} INFO - Processing file /usr/local/lib/python3.11/site-packages/airflow/example_dags/example_bash_decorator.py for tasks to queue
[2025-12-27T21:01:37.263+0000] {logging_mixin.py:188} INFO - [2025-12-27T21:01:37.262+0000] {dagbag.py:545} INFO - Filling up the DagBag from /usr/local/lib/python3.11/site-packages/airflow/example_dags/example_bash_decorator.py
[2025-12-27T21:01:37.283+0000] {processor.py:840} INFO - DAG(s) 'example_bash_decorator' retrieved from /usr/local/lib/python3.11/site-packages/airflow/example_dags/example_bash_decorator.py
[2025-12-27T21:01:37.333+0000] {logging_mixin.py:188} INFO - [2025-12-27T21:01:37.332+0000] {dag.py:3096} INFO - Sync 1 DAGs
[2025-12-27T21:01:37.354+0000] {logging_mixin.py:188} INFO - [2025-12-27T21:01:37.354+0000] {dag.py:3954} INFO - Setting next_dagrun for example_bash_decorator to None, run_after=None
[2025-12-27T21:01:37.557+0000] {processor.py:183} INFO - Processing /usr/local/lib/python3.11/site-packages/airflow/example_dags/example_bash_decorator.py took 0.310 seconds
[2025-12-27T21:03:00.041+0000] {processor.py:161} INFO - Started process (PID=172) to work on /usr/local/lib/python3.11/site-packages/airflow/example_dags/example_bash_decorator.py
[2025-12-27T21:03:00.043+0000] {processor.py:830} INFO - Processing file /usr/local/lib/python3.11/site-packages/airflow/example_dags/example_bash_decorator.py for tasks to queue
[2025-12-27T21:03:00.045+0000] {logging_mixin.py:188} INFO - [2025-12-27T21:03:00.045+0000] {dagbag.py:545} INFO - Filling up the DagBag from /usr/local/lib/python3.11/site-packages/airflow/example_dags/example_bash_decorator.py
[2025-12-27T21:03:00.071+0000] {processor.py:840} INFO - DAG(s) 'example_bash_decorator' retrieved from /usr/local/lib/python3.11/site-packages/airflow/example_dags/example_bash_decorator.py
[2025-12-27T21:03:00.114+0000] {logging_mixin.py:188} INFO - [2025-12-27T21:03:00.114+0000] {dag.py:3096} INFO - Sync 1 DAGs
[2025-12-27T21:03:00.146+0000] {logging_mixin.py:188} INFO - [2025-12-27T21:03:00.146+0000] {dag.py:3954} INFO - Setting next_dagrun for example_bash_decorator to None, run_after=None
[2025-12-27T21:03:00.339+0000] {processor.py:183} INFO - Processing /usr/local/lib/python3.11/site-packages/airflow/example_dags/example_bash_decorator.py took 0.356 seconds
[2025-12-27T21:04:27.728+0000] {processor.py:161} INFO - Started process (PID=232) to work on /usr/local/lib/python3.11/site-packages/airflow/example_dags/example_bash_decorator.py
[2025-12-27T21:04:27.729+0000] {processor.py:830} INFO - Processing file /usr/local/lib/python3.11/site-packages/airflow/example_dags/example_bash_decorator.py for tasks to queue
[2025-12-27T21:04:27.730+0000] {logging_mixin.py:188} INFO - [2025-12-27T21:04:27.730+0000] {dagbag.py:545} INFO - Filling up the DagBag from /usr/local/lib/python3.11/site-packages/airflow/example_dags/example_bash_decorator.py
[2025-12-27T21:04:27.752+0000] {processor.py:840} INFO - DAG(s) 'example_bash_decorator' retrieved from /usr/local/lib/python3.11/site-packages/airflow/example_dags/example_bash_decorator.py
[2025-12-27T21:04:27.796+0000] {logging_mixin.py:188} INFO - [2025-12-27T21:04:27.796+0000] {dag.py:3096} INFO - Sync 1 DAGs
[2025-12-27T21:04:27.830+0000] {logging_mixin.py:188} INFO - [2025-12-27T21:04:27.830+0000] {dag.py:3954} INFO - Setting next_dagrun for example_bash_decorator to None, run_after=None
[2025-12-27T21:04:28.035+0000] {processor.py:183} INFO - Processing /usr/local/lib/python3.11/site-packages/airflow/example_dags/example_bash_decorator.py took 0.324 seconds
[2025-12-27T21:06:15.555+0000] {processor.py:161} INFO - Started process (PID=298) to work on /usr/local/lib/python3.11/site-packages/airflow/example_dags/example_bash_decorator.py
[2025-12-27T21:06:15.556+0000] {processor.py:830} INFO - Processing file /usr/local/lib/python3.11/site-packages/airflow/example_dags/example_bash_decorator.py for tasks to queue
[2025-12-27T21:06:15.557+0000] {logging_mixin.py:188} INFO - [2025-12-27T21:06:15.557+0000] {dagbag.py:545} INFO - Filling up the DagBag from /usr/local/lib/python3.11/site-packages/airflow/example_dags/example_bash_decorator.py
[2025-12-27T21:06:15.739+0000] {processor.py:840} INFO - DAG(s) 'example_bash_decorator' retrieved from /usr/local/lib/python3.11/site-packages/airflow/example_dags/example_bash_decorator.py
[2025-12-27T21:06:15.786+0000] {logging_mixin.py:188} INFO - [2025-12-27T21:06:15.785+0000] {dag.py:3096} INFO - Sync 1 DAGs
[2025-12-27T21:06:15.805+0000] {logging_mixin.py:188} INFO - [2025-12-27T21:06:15.804+0000] {dag.py:3954} INFO - Setting next_dagrun for example_bash_decorator to None, run_after=None
[2025-12-27T21:06:16.208+0000] {processor.py:183} INFO - Processing /usr/local/lib/python3.11/site-packages/airflow/example_dags/example_bash_decorator.py took 0.669 seconds
[2025-12-27T21:19:48.055+0000] {processor.py:161} INFO - Started process (PID=54) to work on /usr/local/lib/python3.11/site-packages/airflow/example_dags/example_bash_decorator.py
[2025-12-27T21:19:48.096+0000] {processor.py:830} INFO - Processing file /usr/local/lib/python3.11/site-packages/airflow/example_dags/example_bash_decorator.py for tasks to queue
[2025-12-27T21:19:48.100+0000] {logging_mixin.py:188} INFO - [2025-12-27T21:19:48.099+0000] {dagbag.py:545} INFO - Filling up the DagBag from /usr/local/lib/python3.11/site-packages/airflow/example_dags/example_bash_decorator.py
[2025-12-27T21:19:48.124+0000] {processor.py:840} INFO - DAG(s) 'example_bash_decorator' retrieved from /usr/local/lib/python3.11/site-packages/airflow/example_dags/example_bash_decorator.py
[2025-12-27T21:19:48.302+0000] {logging_mixin.py:188} INFO - [2025-12-27T21:19:48.302+0000] {dag.py:3096} INFO - Sync 1 DAGs
[2025-12-27T21:19:48.319+0000] {logging_mixin.py:188} INFO - [2025-12-27T21:19:48.319+0000] {dag.py:3954} INFO - Setting next_dagrun for example_bash_decorator to None, run_after=None
[2025-12-27T21:19:48.669+0000] {processor.py:183} INFO - Processing /usr/local/lib/python3.11/site-packages/airflow/example_dags/example_bash_decorator.py took 0.629 seconds
[2025-12-27T21:21:11.369+0000] {processor.py:161} INFO - Started process (PID=113) to work on /usr/local/lib/python3.11/site-packages/airflow/example_dags/example_bash_decorator.py
[2025-12-27T21:21:11.370+0000] {processor.py:830} INFO - Processing file /usr/local/lib/python3.11/site-packages/airflow/example_dags/example_bash_decorator.py for tasks to queue
[2025-12-27T21:21:11.373+0000] {logging_mixin.py:188} INFO - [2025-12-27T21:21:11.373+0000] {dagbag.py:545} INFO - Filling up the DagBag from /usr/local/lib/python3.11/site-packages/airflow/example_dags/example_bash_decorator.py
[2025-12-27T21:21:11.394+0000] {processor.py:840} INFO - DAG(s) 'example_bash_decorator' retrieved from /usr/local/lib/python3.11/site-packages/airflow/example_dags/example_bash_decorator.py
[2025-12-27T21:21:11.467+0000] {logging_mixin.py:188} INFO - [2025-12-27T21:21:11.467+0000] {dag.py:3096} INFO - Sync 1 DAGs
[2025-12-27T21:21:11.521+0000] {logging_mixin.py:188} INFO - [2025-12-27T21:21:11.521+0000] {dag.py:3954} INFO - Setting next_dagrun for example_bash_decorator to None, run_after=None
[2025-12-27T21:21:11.863+0000] {processor.py:183} INFO - Processing /usr/local/lib/python3.11/site-packages/airflow/example_dags/example_bash_decorator.py took 0.512 seconds
[2025-12-27T21:22:48.745+0000] {processor.py:161} INFO - Started process (PID=178) to work on /usr/local/lib/python3.11/site-packages/airflow/example_dags/example_bash_decorator.py
[2025-12-27T21:22:48.746+0000] {processor.py:830} INFO - Processing file /usr/local/lib/python3.11/site-packages/airflow/example_dags/example_bash_decorator.py for tasks to queue
[2025-12-27T21:22:48.749+0000] {logging_mixin.py:188} INFO - [2025-12-27T21:22:48.749+0000] {dagbag.py:545} INFO - Filling up the DagBag from /usr/local/lib/python3.11/site-packages/airflow/example_dags/example_bash_decorator.py
[2025-12-27T21:22:48.771+0000] {processor.py:840} INFO - DAG(s) 'example_bash_decorator' retrieved from /usr/local/lib/python3.11/site-packages/airflow/example_dags/example_bash_decorator.py
[2025-12-27T21:22:48.812+0000] {logging_mixin.py:188} INFO - [2025-12-27T21:22:48.812+0000] {dag.py:3096} INFO - Sync 1 DAGs
[2025-12-27T21:22:48.831+0000] {logging_mixin.py:188} INFO - [2025-12-27T21:22:48.831+0000] {dag.py:3954} INFO - Setting next_dagrun for example_bash_decorator to None, run_after=None
[2025-12-27T21:22:48.978+0000] {processor.py:183} INFO - Processing /usr/local/lib/python3.11/site-packages/airflow/example_dags/example_bash_decorator.py took 0.253 seconds
[2025-12-27T21:24:17.113+0000] {processor.py:161} INFO - Started process (PID=240) to work on /usr/local/lib/python3.11/site-packages/airflow/example_dags/example_bash_decorator.py
[2025-12-27T21:24:17.115+0000] {processor.py:830} INFO - Processing file /usr/local/lib/python3.11/site-packages/airflow/example_dags/example_bash_decorator.py for tasks to queue
[2025-12-27T21:24:17.117+0000] {logging_mixin.py:188} INFO - [2025-12-27T21:24:17.117+0000] {dagbag.py:545} INFO - Filling up the DagBag from /usr/local/lib/python3.11/site-packages/airflow/example_dags/example_bash_decorator.py
[2025-12-27T21:24:17.135+0000] {processor.py:840} INFO - DAG(s) 'example_bash_decorator' retrieved from /usr/local/lib/python3.11/site-packages/airflow/example_dags/example_bash_decorator.py
[2025-12-27T21:24:17.177+0000] {logging_mixin.py:188} INFO - [2025-12-27T21:24:17.177+0000] {dag.py:3096} INFO - Sync 1 DAGs
[2025-12-27T21:24:17.199+0000] {logging_mixin.py:188} INFO - [2025-12-27T21:24:17.198+0000] {dag.py:3954} INFO - Setting next_dagrun for example_bash_decorator to None, run_after=None
[2025-12-27T21:24:17.396+0000] {processor.py:183} INFO - Processing /usr/local/lib/python3.11/site-packages/airflow/example_dags/example_bash_decorator.py took 0.300 seconds
[2025-12-27T21:26:03.354+0000] {processor.py:161} INFO - Started process (PID=304) to work on /usr/local/lib/python3.11/site-packages/airflow/example_dags/example_bash_decorator.py
[2025-12-27T21:26:03.355+0000] {processor.py:830} INFO - Processing file /usr/local/lib/python3.11/site-packages/airflow/example_dags/example_bash_decorator.py for tasks to queue
[2025-12-27T21:26:03.484+0000] {logging_mixin.py:188} INFO - [2025-12-27T21:26:03.484+0000] {dagbag.py:545} INFO - Filling up the DagBag from /usr/local/lib/python3.11/site-packages/airflow/example_dags/example_bash_decorator.py
[2025-12-27T21:26:03.497+0000] {processor.py:840} INFO - DAG(s) 'example_bash_decorator' retrieved from /usr/local/lib/python3.11/site-packages/airflow/example_dags/example_bash_decorator.py
[2025-12-27T21:26:03.527+0000] {logging_mixin.py:188} INFO - [2025-12-27T21:26:03.527+0000] {dag.py:3096} INFO - Sync 1 DAGs
[2025-12-27T21:26:03.542+0000] {logging_mixin.py:188} INFO - [2025-12-27T21:26:03.541+0000] {dag.py:3954} INFO - Setting next_dagrun for example_bash_decorator to None, run_after=None
[2025-12-27T21:26:03.814+0000] {processor.py:183} INFO - Processing /usr/local/lib/python3.11/site-packages/airflow/example_dags/example_bash_decorator.py took 0.475 seconds
[2025-12-27T21:27:34.393+0000] {processor.py:161} INFO - Started process (PID=400) to work on /usr/local/lib/python3.11/site-packages/airflow/example_dags/example_bash_decorator.py
[2025-12-27T21:27:34.394+0000] {processor.py:830} INFO - Processing file /usr/local/lib/python3.11/site-packages/airflow/example_dags/example_bash_decorator.py for tasks to queue
[2025-12-27T21:27:34.396+0000] {logging_mixin.py:188} INFO - [2025-12-27T21:27:34.396+0000] {dagbag.py:545} INFO - Filling up the DagBag from /usr/local/lib/python3.11/site-packages/airflow/example_dags/example_bash_decorator.py
[2025-12-27T21:27:34.414+0000] {processor.py:840} INFO - DAG(s) 'example_bash_decorator' retrieved from /usr/local/lib/python3.11/site-packages/airflow/example_dags/example_bash_decorator.py
[2025-12-27T21:27:34.461+0000] {logging_mixin.py:188} INFO - [2025-12-27T21:27:34.460+0000] {dag.py:3096} INFO - Sync 1 DAGs
[2025-12-27T21:27:34.487+0000] {logging_mixin.py:188} INFO - [2025-12-27T21:27:34.486+0000] {dag.py:3954} INFO - Setting next_dagrun for example_bash_decorator to None, run_after=None
[2025-12-27T21:27:34.693+0000] {processor.py:183} INFO - Processing /usr/local/lib/python3.11/site-packages/airflow/example_dags/example_bash_decorator.py took 0.319 seconds
[2025-12-27T21:29:06.805+0000] {processor.py:161} INFO - Started process (PID=657) to work on /usr/local/lib/python3.11/site-packages/airflow/example_dags/example_bash_decorator.py
[2025-12-27T21:29:06.807+0000] {processor.py:830} INFO - Processing file /usr/local/lib/python3.11/site-packages/airflow/example_dags/example_bash_decorator.py for tasks to queue
[2025-12-27T21:29:06.810+0000] {logging_mixin.py:188} INFO - [2025-12-27T21:29:06.810+0000] {dagbag.py:545} INFO - Filling up the DagBag from /usr/local/lib/python3.11/site-packages/airflow/example_dags/example_bash_decorator.py
[2025-12-27T21:29:06.832+0000] {processor.py:840} INFO - DAG(s) 'example_bash_decorator' retrieved from /usr/local/lib/python3.11/site-packages/airflow/example_dags/example_bash_decorator.py
[2025-12-27T21:29:06.875+0000] {logging_mixin.py:188} INFO - [2025-12-27T21:29:06.875+0000] {dag.py:3096} INFO - Sync 1 DAGs
[2025-12-27T21:29:06.899+0000] {logging_mixin.py:188} INFO - [2025-12-27T21:29:06.899+0000] {dag.py:3954} INFO - Setting next_dagrun for example_bash_decorator to None, run_after=None
[2025-12-27T21:29:07.252+0000] {processor.py:183} INFO - Processing /usr/local/lib/python3.11/site-packages/airflow/example_dags/example_bash_decorator.py took 0.465 seconds
[2025-12-27T21:32:51.007+0000] {processor.py:161} INFO - Started process (PID=55) to work on /usr/local/lib/python3.11/site-packages/airflow/example_dags/example_bash_decorator.py
[2025-12-27T21:32:51.009+0000] {processor.py:830} INFO - Processing file /usr/local/lib/python3.11/site-packages/airflow/example_dags/example_bash_decorator.py for tasks to queue
[2025-12-27T21:32:51.011+0000] {logging_mixin.py:188} INFO - [2025-12-27T21:32:51.011+0000] {dagbag.py:545} INFO - Filling up the DagBag from /usr/local/lib/python3.11/site-packages/airflow/example_dags/example_bash_decorator.py
[2025-12-27T21:32:51.028+0000] {processor.py:840} INFO - DAG(s) 'example_bash_decorator' retrieved from /usr/local/lib/python3.11/site-packages/airflow/example_dags/example_bash_decorator.py
[2025-12-27T21:32:51.195+0000] {logging_mixin.py:188} INFO - [2025-12-27T21:32:51.195+0000] {dag.py:3096} INFO - Sync 1 DAGs
[2025-12-27T21:32:51.210+0000] {logging_mixin.py:188} INFO - [2025-12-27T21:32:51.210+0000] {dag.py:3954} INFO - Setting next_dagrun for example_bash_decorator to None, run_after=None
[2025-12-27T21:32:51.605+0000] {processor.py:183} INFO - Processing /usr/local/lib/python3.11/site-packages/airflow/example_dags/example_bash_decorator.py took 0.611 seconds
