[2025-12-27T13:47:26.191+0000] {processor.py:161} INFO - Started process (PID=80) to work on /usr/local/lib/python3.11/site-packages/airflow/example_dags/example_trigger_controller_dag.py
[2025-12-27T13:47:26.193+0000] {processor.py:830} INFO - Processing file /usr/local/lib/python3.11/site-packages/airflow/example_dags/example_trigger_controller_dag.py for tasks to queue
[2025-12-27T13:47:26.196+0000] {logging_mixin.py:188} INFO - [2025-12-27T13:47:26.196+0000] {dagbag.py:545} INFO - Filling up the DagBag from /usr/local/lib/python3.11/site-packages/airflow/example_dags/example_trigger_controller_dag.py
[2025-12-27T13:47:26.206+0000] {processor.py:840} INFO - DAG(s) 'example_trigger_controller_dag' retrieved from /usr/local/lib/python3.11/site-packages/airflow/example_dags/example_trigger_controller_dag.py
[2025-12-27T13:47:26.703+0000] {logging_mixin.py:188} INFO - [2025-12-27T13:47:26.702+0000] {override.py:1930} INFO - Created Permission View: can edit on DAG:example_trigger_controller_dag
[2025-12-27T13:47:26.851+0000] {logging_mixin.py:188} INFO - [2025-12-27T13:47:26.850+0000] {override.py:1930} INFO - Created Permission View: can read on DAG:example_trigger_controller_dag
[2025-12-27T13:47:26.995+0000] {logging_mixin.py:188} INFO - [2025-12-27T13:47:26.994+0000] {override.py:1930} INFO - Created Permission View: can delete on DAG:example_trigger_controller_dag
[2025-12-27T13:47:26.996+0000] {logging_mixin.py:188} INFO - [2025-12-27T13:47:26.996+0000] {dag.py:3096} INFO - Sync 1 DAGs
[2025-12-27T13:47:27.123+0000] {logging_mixin.py:188} INFO - [2025-12-27T13:47:27.123+0000] {dag.py:3118} INFO - Creating ORM DAG for example_trigger_controller_dag
[2025-12-27T13:47:27.137+0000] {logging_mixin.py:188} INFO - [2025-12-27T13:47:27.137+0000] {dag.py:3954} INFO - Setting next_dagrun for example_trigger_controller_dag to 2021-01-01 00:00:00+00:00, run_after=2021-01-01 00:00:00+00:00
[2025-12-27T13:47:27.368+0000] {processor.py:183} INFO - Processing /usr/local/lib/python3.11/site-packages/airflow/example_dags/example_trigger_controller_dag.py took 1.196 seconds
[2025-12-27T13:49:06.187+0000] {processor.py:161} INFO - Started process (PID=148) to work on /usr/local/lib/python3.11/site-packages/airflow/example_dags/example_trigger_controller_dag.py
[2025-12-27T13:49:06.188+0000] {processor.py:830} INFO - Processing file /usr/local/lib/python3.11/site-packages/airflow/example_dags/example_trigger_controller_dag.py for tasks to queue
[2025-12-27T13:49:06.191+0000] {logging_mixin.py:188} INFO - [2025-12-27T13:49:06.190+0000] {dagbag.py:545} INFO - Filling up the DagBag from /usr/local/lib/python3.11/site-packages/airflow/example_dags/example_trigger_controller_dag.py
[2025-12-27T13:49:06.196+0000] {processor.py:840} INFO - DAG(s) 'example_trigger_controller_dag' retrieved from /usr/local/lib/python3.11/site-packages/airflow/example_dags/example_trigger_controller_dag.py
[2025-12-27T13:49:06.226+0000] {logging_mixin.py:188} INFO - [2025-12-27T13:49:06.226+0000] {dag.py:3096} INFO - Sync 1 DAGs
[2025-12-27T13:49:06.367+0000] {logging_mixin.py:188} INFO - [2025-12-27T13:49:06.367+0000] {dag.py:3954} INFO - Setting next_dagrun for example_trigger_controller_dag to 2021-01-01 00:00:00+00:00, run_after=2021-01-01 00:00:00+00:00
[2025-12-27T13:49:06.621+0000] {processor.py:183} INFO - Processing /usr/local/lib/python3.11/site-packages/airflow/example_dags/example_trigger_controller_dag.py took 0.449 seconds
[2025-12-27T13:50:41.453+0000] {processor.py:161} INFO - Started process (PID=213) to work on /usr/local/lib/python3.11/site-packages/airflow/example_dags/example_trigger_controller_dag.py
[2025-12-27T13:50:41.454+0000] {processor.py:830} INFO - Processing file /usr/local/lib/python3.11/site-packages/airflow/example_dags/example_trigger_controller_dag.py for tasks to queue
[2025-12-27T13:50:41.456+0000] {logging_mixin.py:188} INFO - [2025-12-27T13:50:41.456+0000] {dagbag.py:545} INFO - Filling up the DagBag from /usr/local/lib/python3.11/site-packages/airflow/example_dags/example_trigger_controller_dag.py
[2025-12-27T13:50:41.462+0000] {processor.py:840} INFO - DAG(s) 'example_trigger_controller_dag' retrieved from /usr/local/lib/python3.11/site-packages/airflow/example_dags/example_trigger_controller_dag.py
[2025-12-27T13:50:41.493+0000] {logging_mixin.py:188} INFO - [2025-12-27T13:50:41.493+0000] {dag.py:3096} INFO - Sync 1 DAGs
[2025-12-27T13:50:41.525+0000] {logging_mixin.py:188} INFO - [2025-12-27T13:50:41.525+0000] {dag.py:3954} INFO - Setting next_dagrun for example_trigger_controller_dag to 2021-01-01 00:00:00+00:00, run_after=2021-01-01 00:00:00+00:00
[2025-12-27T13:50:41.704+0000] {processor.py:183} INFO - Processing /usr/local/lib/python3.11/site-packages/airflow/example_dags/example_trigger_controller_dag.py took 0.265 seconds
[2025-12-27T13:52:04.885+0000] {processor.py:161} INFO - Started process (PID=274) to work on /usr/local/lib/python3.11/site-packages/airflow/example_dags/example_trigger_controller_dag.py
[2025-12-27T13:52:04.887+0000] {processor.py:830} INFO - Processing file /usr/local/lib/python3.11/site-packages/airflow/example_dags/example_trigger_controller_dag.py for tasks to queue
[2025-12-27T13:52:04.889+0000] {logging_mixin.py:188} INFO - [2025-12-27T13:52:04.888+0000] {dagbag.py:545} INFO - Filling up the DagBag from /usr/local/lib/python3.11/site-packages/airflow/example_dags/example_trigger_controller_dag.py
[2025-12-27T13:52:04.894+0000] {processor.py:840} INFO - DAG(s) 'example_trigger_controller_dag' retrieved from /usr/local/lib/python3.11/site-packages/airflow/example_dags/example_trigger_controller_dag.py
[2025-12-27T13:52:04.922+0000] {logging_mixin.py:188} INFO - [2025-12-27T13:52:04.922+0000] {dag.py:3096} INFO - Sync 1 DAGs
[2025-12-27T13:52:04.958+0000] {logging_mixin.py:188} INFO - [2025-12-27T13:52:04.958+0000] {dag.py:3954} INFO - Setting next_dagrun for example_trigger_controller_dag to 2021-01-01 00:00:00+00:00, run_after=2021-01-01 00:00:00+00:00
[2025-12-27T13:52:05.183+0000] {processor.py:183} INFO - Processing /usr/local/lib/python3.11/site-packages/airflow/example_dags/example_trigger_controller_dag.py took 0.311 seconds
[2025-12-27T13:53:26.591+0000] {processor.py:161} INFO - Started process (PID=333) to work on /usr/local/lib/python3.11/site-packages/airflow/example_dags/example_trigger_controller_dag.py
[2025-12-27T13:53:26.592+0000] {processor.py:830} INFO - Processing file /usr/local/lib/python3.11/site-packages/airflow/example_dags/example_trigger_controller_dag.py for tasks to queue
[2025-12-27T13:53:26.595+0000] {logging_mixin.py:188} INFO - [2025-12-27T13:53:26.594+0000] {dagbag.py:545} INFO - Filling up the DagBag from /usr/local/lib/python3.11/site-packages/airflow/example_dags/example_trigger_controller_dag.py
[2025-12-27T13:53:26.600+0000] {processor.py:840} INFO - DAG(s) 'example_trigger_controller_dag' retrieved from /usr/local/lib/python3.11/site-packages/airflow/example_dags/example_trigger_controller_dag.py
[2025-12-27T13:53:26.632+0000] {logging_mixin.py:188} INFO - [2025-12-27T13:53:26.632+0000] {dag.py:3096} INFO - Sync 1 DAGs
[2025-12-27T13:53:26.666+0000] {logging_mixin.py:188} INFO - [2025-12-27T13:53:26.664+0000] {dag.py:3954} INFO - Setting next_dagrun for example_trigger_controller_dag to 2021-01-01 00:00:00+00:00, run_after=2021-01-01 00:00:00+00:00
[2025-12-27T13:53:26.877+0000] {processor.py:183} INFO - Processing /usr/local/lib/python3.11/site-packages/airflow/example_dags/example_trigger_controller_dag.py took 0.300 seconds
[2025-12-27T13:54:50.487+0000] {processor.py:161} INFO - Started process (PID=395) to work on /usr/local/lib/python3.11/site-packages/airflow/example_dags/example_trigger_controller_dag.py
[2025-12-27T13:54:50.488+0000] {processor.py:830} INFO - Processing file /usr/local/lib/python3.11/site-packages/airflow/example_dags/example_trigger_controller_dag.py for tasks to queue
[2025-12-27T13:54:50.491+0000] {logging_mixin.py:188} INFO - [2025-12-27T13:54:50.490+0000] {dagbag.py:545} INFO - Filling up the DagBag from /usr/local/lib/python3.11/site-packages/airflow/example_dags/example_trigger_controller_dag.py
[2025-12-27T13:54:50.497+0000] {processor.py:840} INFO - DAG(s) 'example_trigger_controller_dag' retrieved from /usr/local/lib/python3.11/site-packages/airflow/example_dags/example_trigger_controller_dag.py
[2025-12-27T13:54:50.533+0000] {logging_mixin.py:188} INFO - [2025-12-27T13:54:50.532+0000] {dag.py:3096} INFO - Sync 1 DAGs
[2025-12-27T13:54:50.569+0000] {logging_mixin.py:188} INFO - [2025-12-27T13:54:50.568+0000] {dag.py:3954} INFO - Setting next_dagrun for example_trigger_controller_dag to 2021-01-01 00:00:00+00:00, run_after=2021-01-01 00:00:00+00:00
[2025-12-27T13:54:50.775+0000] {processor.py:183} INFO - Processing /usr/local/lib/python3.11/site-packages/airflow/example_dags/example_trigger_controller_dag.py took 0.304 seconds
[2025-12-27T13:56:15.582+0000] {processor.py:161} INFO - Started process (PID=456) to work on /usr/local/lib/python3.11/site-packages/airflow/example_dags/example_trigger_controller_dag.py
[2025-12-27T13:56:15.583+0000] {processor.py:830} INFO - Processing file /usr/local/lib/python3.11/site-packages/airflow/example_dags/example_trigger_controller_dag.py for tasks to queue
[2025-12-27T13:56:15.585+0000] {logging_mixin.py:188} INFO - [2025-12-27T13:56:15.585+0000] {dagbag.py:545} INFO - Filling up the DagBag from /usr/local/lib/python3.11/site-packages/airflow/example_dags/example_trigger_controller_dag.py
[2025-12-27T13:56:15.591+0000] {processor.py:840} INFO - DAG(s) 'example_trigger_controller_dag' retrieved from /usr/local/lib/python3.11/site-packages/airflow/example_dags/example_trigger_controller_dag.py
[2025-12-27T13:56:15.619+0000] {logging_mixin.py:188} INFO - [2025-12-27T13:56:15.618+0000] {dag.py:3096} INFO - Sync 1 DAGs
[2025-12-27T13:56:15.649+0000] {logging_mixin.py:188} INFO - [2025-12-27T13:56:15.649+0000] {dag.py:3954} INFO - Setting next_dagrun for example_trigger_controller_dag to 2021-01-01 00:00:00+00:00, run_after=2021-01-01 00:00:00+00:00
[2025-12-27T13:56:15.836+0000] {processor.py:183} INFO - Processing /usr/local/lib/python3.11/site-packages/airflow/example_dags/example_trigger_controller_dag.py took 0.268 seconds
[2025-12-27T13:57:44.629+0000] {processor.py:161} INFO - Started process (PID=518) to work on /usr/local/lib/python3.11/site-packages/airflow/example_dags/example_trigger_controller_dag.py
[2025-12-27T13:57:44.631+0000] {processor.py:830} INFO - Processing file /usr/local/lib/python3.11/site-packages/airflow/example_dags/example_trigger_controller_dag.py for tasks to queue
[2025-12-27T13:57:44.634+0000] {logging_mixin.py:188} INFO - [2025-12-27T13:57:44.634+0000] {dagbag.py:545} INFO - Filling up the DagBag from /usr/local/lib/python3.11/site-packages/airflow/example_dags/example_trigger_controller_dag.py
[2025-12-27T13:57:44.647+0000] {processor.py:840} INFO - DAG(s) 'example_trigger_controller_dag' retrieved from /usr/local/lib/python3.11/site-packages/airflow/example_dags/example_trigger_controller_dag.py
[2025-12-27T13:57:44.707+0000] {logging_mixin.py:188} INFO - [2025-12-27T13:57:44.707+0000] {dag.py:3096} INFO - Sync 1 DAGs
[2025-12-27T13:57:44.892+0000] {logging_mixin.py:188} INFO - [2025-12-27T13:57:44.892+0000] {dag.py:3954} INFO - Setting next_dagrun for example_trigger_controller_dag to 2021-01-01 00:00:00+00:00, run_after=2021-01-01 00:00:00+00:00
[2025-12-27T13:57:45.113+0000] {processor.py:183} INFO - Processing /usr/local/lib/python3.11/site-packages/airflow/example_dags/example_trigger_controller_dag.py took 0.506 seconds
[2025-12-27T13:59:06.911+0000] {processor.py:161} INFO - Started process (PID=578) to work on /usr/local/lib/python3.11/site-packages/airflow/example_dags/example_trigger_controller_dag.py
[2025-12-27T13:59:06.912+0000] {processor.py:830} INFO - Processing file /usr/local/lib/python3.11/site-packages/airflow/example_dags/example_trigger_controller_dag.py for tasks to queue
[2025-12-27T13:59:06.915+0000] {logging_mixin.py:188} INFO - [2025-12-27T13:59:06.914+0000] {dagbag.py:545} INFO - Filling up the DagBag from /usr/local/lib/python3.11/site-packages/airflow/example_dags/example_trigger_controller_dag.py
[2025-12-27T13:59:06.920+0000] {processor.py:840} INFO - DAG(s) 'example_trigger_controller_dag' retrieved from /usr/local/lib/python3.11/site-packages/airflow/example_dags/example_trigger_controller_dag.py
[2025-12-27T13:59:06.955+0000] {logging_mixin.py:188} INFO - [2025-12-27T13:59:06.955+0000] {dag.py:3096} INFO - Sync 1 DAGs
[2025-12-27T13:59:06.987+0000] {logging_mixin.py:188} INFO - [2025-12-27T13:59:06.987+0000] {dag.py:3954} INFO - Setting next_dagrun for example_trigger_controller_dag to 2021-01-01 00:00:00+00:00, run_after=2021-01-01 00:00:00+00:00
[2025-12-27T13:59:07.184+0000] {processor.py:183} INFO - Processing /usr/local/lib/python3.11/site-packages/airflow/example_dags/example_trigger_controller_dag.py took 0.288 seconds
[2025-12-27T14:00:39.797+0000] {processor.py:161} INFO - Started process (PID=639) to work on /usr/local/lib/python3.11/site-packages/airflow/example_dags/example_trigger_controller_dag.py
[2025-12-27T14:00:39.799+0000] {processor.py:830} INFO - Processing file /usr/local/lib/python3.11/site-packages/airflow/example_dags/example_trigger_controller_dag.py for tasks to queue
[2025-12-27T14:00:39.801+0000] {logging_mixin.py:188} INFO - [2025-12-27T14:00:39.801+0000] {dagbag.py:545} INFO - Filling up the DagBag from /usr/local/lib/python3.11/site-packages/airflow/example_dags/example_trigger_controller_dag.py
[2025-12-27T14:00:39.808+0000] {processor.py:840} INFO - DAG(s) 'example_trigger_controller_dag' retrieved from /usr/local/lib/python3.11/site-packages/airflow/example_dags/example_trigger_controller_dag.py
[2025-12-27T14:00:39.839+0000] {logging_mixin.py:188} INFO - [2025-12-27T14:00:39.838+0000] {dag.py:3096} INFO - Sync 1 DAGs
[2025-12-27T14:00:39.869+0000] {logging_mixin.py:188} INFO - [2025-12-27T14:00:39.869+0000] {dag.py:3954} INFO - Setting next_dagrun for example_trigger_controller_dag to 2021-01-01 00:00:00+00:00, run_after=2021-01-01 00:00:00+00:00
[2025-12-27T14:00:40.060+0000] {processor.py:183} INFO - Processing /usr/local/lib/python3.11/site-packages/airflow/example_dags/example_trigger_controller_dag.py took 0.285 seconds
[2025-12-27T14:03:06.574+0000] {processor.py:161} INFO - Started process (PID=718) to work on /usr/local/lib/python3.11/site-packages/airflow/example_dags/example_trigger_controller_dag.py
[2025-12-27T14:03:06.575+0000] {processor.py:830} INFO - Processing file /usr/local/lib/python3.11/site-packages/airflow/example_dags/example_trigger_controller_dag.py for tasks to queue
[2025-12-27T14:03:06.578+0000] {logging_mixin.py:188} INFO - [2025-12-27T14:03:06.578+0000] {dagbag.py:545} INFO - Filling up the DagBag from /usr/local/lib/python3.11/site-packages/airflow/example_dags/example_trigger_controller_dag.py
[2025-12-27T14:03:06.588+0000] {processor.py:840} INFO - DAG(s) 'example_trigger_controller_dag' retrieved from /usr/local/lib/python3.11/site-packages/airflow/example_dags/example_trigger_controller_dag.py
[2025-12-27T14:03:06.664+0000] {logging_mixin.py:188} INFO - [2025-12-27T14:03:06.663+0000] {dag.py:3096} INFO - Sync 1 DAGs
[2025-12-27T14:03:06.718+0000] {logging_mixin.py:188} INFO - [2025-12-27T14:03:06.717+0000] {dag.py:3954} INFO - Setting next_dagrun for example_trigger_controller_dag to 2021-01-01 00:00:00+00:00, run_after=2021-01-01 00:00:00+00:00
[2025-12-27T14:03:06.931+0000] {processor.py:183} INFO - Processing /usr/local/lib/python3.11/site-packages/airflow/example_dags/example_trigger_controller_dag.py took 0.377 seconds
[2025-12-27T14:04:55.381+0000] {processor.py:161} INFO - Started process (PID=794) to work on /usr/local/lib/python3.11/site-packages/airflow/example_dags/example_trigger_controller_dag.py
[2025-12-27T14:04:55.382+0000] {processor.py:830} INFO - Processing file /usr/local/lib/python3.11/site-packages/airflow/example_dags/example_trigger_controller_dag.py for tasks to queue
[2025-12-27T14:04:55.384+0000] {logging_mixin.py:188} INFO - [2025-12-27T14:04:55.383+0000] {dagbag.py:545} INFO - Filling up the DagBag from /usr/local/lib/python3.11/site-packages/airflow/example_dags/example_trigger_controller_dag.py
[2025-12-27T14:04:55.389+0000] {processor.py:840} INFO - DAG(s) 'example_trigger_controller_dag' retrieved from /usr/local/lib/python3.11/site-packages/airflow/example_dags/example_trigger_controller_dag.py
[2025-12-27T14:04:55.415+0000] {logging_mixin.py:188} INFO - [2025-12-27T14:04:55.415+0000] {dag.py:3096} INFO - Sync 1 DAGs
[2025-12-27T14:04:55.444+0000] {logging_mixin.py:188} INFO - [2025-12-27T14:04:55.444+0000] {dag.py:3954} INFO - Setting next_dagrun for example_trigger_controller_dag to 2021-01-01 00:00:00+00:00, run_after=2021-01-01 00:00:00+00:00
[2025-12-27T14:04:55.728+0000] {processor.py:183} INFO - Processing /usr/local/lib/python3.11/site-packages/airflow/example_dags/example_trigger_controller_dag.py took 0.363 seconds
[2025-12-27T14:06:42.331+0000] {processor.py:161} INFO - Started process (PID=871) to work on /usr/local/lib/python3.11/site-packages/airflow/example_dags/example_trigger_controller_dag.py
[2025-12-27T14:06:42.334+0000] {processor.py:830} INFO - Processing file /usr/local/lib/python3.11/site-packages/airflow/example_dags/example_trigger_controller_dag.py for tasks to queue
[2025-12-27T14:06:42.338+0000] {logging_mixin.py:188} INFO - [2025-12-27T14:06:42.337+0000] {dagbag.py:545} INFO - Filling up the DagBag from /usr/local/lib/python3.11/site-packages/airflow/example_dags/example_trigger_controller_dag.py
[2025-12-27T14:06:42.345+0000] {processor.py:840} INFO - DAG(s) 'example_trigger_controller_dag' retrieved from /usr/local/lib/python3.11/site-packages/airflow/example_dags/example_trigger_controller_dag.py
[2025-12-27T14:06:42.373+0000] {logging_mixin.py:188} INFO - [2025-12-27T14:06:42.373+0000] {dag.py:3096} INFO - Sync 1 DAGs
[2025-12-27T14:06:42.403+0000] {logging_mixin.py:188} INFO - [2025-12-27T14:06:42.403+0000] {dag.py:3954} INFO - Setting next_dagrun for example_trigger_controller_dag to 2021-01-01 00:00:00+00:00, run_after=2021-01-01 00:00:00+00:00
[2025-12-27T14:06:42.722+0000] {processor.py:183} INFO - Processing /usr/local/lib/python3.11/site-packages/airflow/example_dags/example_trigger_controller_dag.py took 0.411 seconds
[2025-12-27T14:08:25.541+0000] {processor.py:161} INFO - Started process (PID=935) to work on /usr/local/lib/python3.11/site-packages/airflow/example_dags/example_trigger_controller_dag.py
[2025-12-27T14:08:25.583+0000] {processor.py:830} INFO - Processing file /usr/local/lib/python3.11/site-packages/airflow/example_dags/example_trigger_controller_dag.py for tasks to queue
[2025-12-27T14:08:25.592+0000] {logging_mixin.py:188} INFO - [2025-12-27T14:08:25.591+0000] {dagbag.py:545} INFO - Filling up the DagBag from /usr/local/lib/python3.11/site-packages/airflow/example_dags/example_trigger_controller_dag.py
[2025-12-27T14:08:25.603+0000] {processor.py:840} INFO - DAG(s) 'example_trigger_controller_dag' retrieved from /usr/local/lib/python3.11/site-packages/airflow/example_dags/example_trigger_controller_dag.py
[2025-12-27T14:08:25.642+0000] {logging_mixin.py:188} INFO - [2025-12-27T14:08:25.642+0000] {dag.py:3096} INFO - Sync 1 DAGs
[2025-12-27T14:08:25.710+0000] {logging_mixin.py:188} INFO - [2025-12-27T14:08:25.709+0000] {dag.py:3954} INFO - Setting next_dagrun for example_trigger_controller_dag to 2021-01-01 00:00:00+00:00, run_after=2021-01-01 00:00:00+00:00
[2025-12-27T14:08:25.924+0000] {processor.py:183} INFO - Processing /usr/local/lib/python3.11/site-packages/airflow/example_dags/example_trigger_controller_dag.py took 0.424 seconds
[2025-12-27T14:10:01.172+0000] {processor.py:161} INFO - Started process (PID=999) to work on /usr/local/lib/python3.11/site-packages/airflow/example_dags/example_trigger_controller_dag.py
[2025-12-27T14:10:01.174+0000] {processor.py:830} INFO - Processing file /usr/local/lib/python3.11/site-packages/airflow/example_dags/example_trigger_controller_dag.py for tasks to queue
[2025-12-27T14:10:01.176+0000] {logging_mixin.py:188} INFO - [2025-12-27T14:10:01.176+0000] {dagbag.py:545} INFO - Filling up the DagBag from /usr/local/lib/python3.11/site-packages/airflow/example_dags/example_trigger_controller_dag.py
[2025-12-27T14:10:01.181+0000] {processor.py:840} INFO - DAG(s) 'example_trigger_controller_dag' retrieved from /usr/local/lib/python3.11/site-packages/airflow/example_dags/example_trigger_controller_dag.py
[2025-12-27T14:10:01.228+0000] {logging_mixin.py:188} INFO - [2025-12-27T14:10:01.228+0000] {dag.py:3096} INFO - Sync 1 DAGs
[2025-12-27T14:10:01.278+0000] {logging_mixin.py:188} INFO - [2025-12-27T14:10:01.278+0000] {dag.py:3954} INFO - Setting next_dagrun for example_trigger_controller_dag to 2021-01-01 00:00:00+00:00, run_after=2021-01-01 00:00:00+00:00
[2025-12-27T14:10:02.483+0000] {processor.py:183} INFO - Processing /usr/local/lib/python3.11/site-packages/airflow/example_dags/example_trigger_controller_dag.py took 1.325 seconds
[2025-12-27T14:12:11.774+0000] {processor.py:161} INFO - Started process (PID=1071) to work on /usr/local/lib/python3.11/site-packages/airflow/example_dags/example_trigger_controller_dag.py
[2025-12-27T14:12:11.790+0000] {processor.py:830} INFO - Processing file /usr/local/lib/python3.11/site-packages/airflow/example_dags/example_trigger_controller_dag.py for tasks to queue
[2025-12-27T14:12:11.792+0000] {logging_mixin.py:188} INFO - [2025-12-27T14:12:11.791+0000] {dagbag.py:545} INFO - Filling up the DagBag from /usr/local/lib/python3.11/site-packages/airflow/example_dags/example_trigger_controller_dag.py
[2025-12-27T14:12:11.798+0000] {processor.py:840} INFO - DAG(s) 'example_trigger_controller_dag' retrieved from /usr/local/lib/python3.11/site-packages/airflow/example_dags/example_trigger_controller_dag.py
[2025-12-27T14:12:11.831+0000] {logging_mixin.py:188} INFO - [2025-12-27T14:12:11.831+0000] {dag.py:3096} INFO - Sync 1 DAGs
[2025-12-27T14:12:11.869+0000] {logging_mixin.py:188} INFO - [2025-12-27T14:12:11.868+0000] {dag.py:3954} INFO - Setting next_dagrun for example_trigger_controller_dag to 2021-01-01 00:00:00+00:00, run_after=2021-01-01 00:00:00+00:00
[2025-12-27T14:12:12.068+0000] {processor.py:183} INFO - Processing /usr/local/lib/python3.11/site-packages/airflow/example_dags/example_trigger_controller_dag.py took 0.309 seconds
[2025-12-27T14:14:11.232+0000] {processor.py:161} INFO - Started process (PID=1141) to work on /usr/local/lib/python3.11/site-packages/airflow/example_dags/example_trigger_controller_dag.py
[2025-12-27T14:14:11.233+0000] {processor.py:830} INFO - Processing file /usr/local/lib/python3.11/site-packages/airflow/example_dags/example_trigger_controller_dag.py for tasks to queue
[2025-12-27T14:14:11.235+0000] {logging_mixin.py:188} INFO - [2025-12-27T14:14:11.235+0000] {dagbag.py:545} INFO - Filling up the DagBag from /usr/local/lib/python3.11/site-packages/airflow/example_dags/example_trigger_controller_dag.py
[2025-12-27T14:14:11.244+0000] {processor.py:840} INFO - DAG(s) 'example_trigger_controller_dag' retrieved from /usr/local/lib/python3.11/site-packages/airflow/example_dags/example_trigger_controller_dag.py
[2025-12-27T14:14:11.284+0000] {logging_mixin.py:188} INFO - [2025-12-27T14:14:11.284+0000] {dag.py:3096} INFO - Sync 1 DAGs
[2025-12-27T14:14:11.341+0000] {logging_mixin.py:188} INFO - [2025-12-27T14:14:11.341+0000] {dag.py:3954} INFO - Setting next_dagrun for example_trigger_controller_dag to 2021-01-01 00:00:00+00:00, run_after=2021-01-01 00:00:00+00:00
[2025-12-27T14:14:11.588+0000] {processor.py:183} INFO - Processing /usr/local/lib/python3.11/site-packages/airflow/example_dags/example_trigger_controller_dag.py took 0.372 seconds
[2025-12-27T14:33:08.443+0000] {processor.py:161} INFO - Started process (PID=76) to work on /usr/local/lib/python3.11/site-packages/airflow/example_dags/example_trigger_controller_dag.py
[2025-12-27T14:33:08.445+0000] {processor.py:830} INFO - Processing file /usr/local/lib/python3.11/site-packages/airflow/example_dags/example_trigger_controller_dag.py for tasks to queue
[2025-12-27T14:33:08.447+0000] {logging_mixin.py:188} INFO - [2025-12-27T14:33:08.446+0000] {dagbag.py:545} INFO - Filling up the DagBag from /usr/local/lib/python3.11/site-packages/airflow/example_dags/example_trigger_controller_dag.py
[2025-12-27T14:33:08.453+0000] {processor.py:840} INFO - DAG(s) 'example_trigger_controller_dag' retrieved from /usr/local/lib/python3.11/site-packages/airflow/example_dags/example_trigger_controller_dag.py
[2025-12-27T14:33:08.599+0000] {logging_mixin.py:188} INFO - [2025-12-27T14:33:08.598+0000] {dag.py:3096} INFO - Sync 1 DAGs
[2025-12-27T14:33:08.768+0000] {logging_mixin.py:188} INFO - [2025-12-27T14:33:08.768+0000] {dag.py:3954} INFO - Setting next_dagrun for example_trigger_controller_dag to 2021-01-01 00:00:00+00:00, run_after=2021-01-01 00:00:00+00:00
[2025-12-27T14:33:08.978+0000] {processor.py:183} INFO - Processing /usr/local/lib/python3.11/site-packages/airflow/example_dags/example_trigger_controller_dag.py took 0.551 seconds
[2025-12-27T14:35:00.278+0000] {processor.py:161} INFO - Started process (PID=144) to work on /usr/local/lib/python3.11/site-packages/airflow/example_dags/example_trigger_controller_dag.py
[2025-12-27T14:35:00.279+0000] {processor.py:830} INFO - Processing file /usr/local/lib/python3.11/site-packages/airflow/example_dags/example_trigger_controller_dag.py for tasks to queue
[2025-12-27T14:35:00.281+0000] {logging_mixin.py:188} INFO - [2025-12-27T14:35:00.281+0000] {dagbag.py:545} INFO - Filling up the DagBag from /usr/local/lib/python3.11/site-packages/airflow/example_dags/example_trigger_controller_dag.py
[2025-12-27T14:35:00.287+0000] {processor.py:840} INFO - DAG(s) 'example_trigger_controller_dag' retrieved from /usr/local/lib/python3.11/site-packages/airflow/example_dags/example_trigger_controller_dag.py
[2025-12-27T14:35:00.431+0000] {logging_mixin.py:188} INFO - [2025-12-27T14:35:00.431+0000] {dag.py:3096} INFO - Sync 1 DAGs
[2025-12-27T14:35:00.610+0000] {logging_mixin.py:188} INFO - [2025-12-27T14:35:00.609+0000] {dag.py:3954} INFO - Setting next_dagrun for example_trigger_controller_dag to 2021-01-01 00:00:00+00:00, run_after=2021-01-01 00:00:00+00:00
[2025-12-27T14:35:00.987+0000] {processor.py:183} INFO - Processing /usr/local/lib/python3.11/site-packages/airflow/example_dags/example_trigger_controller_dag.py took 0.730 seconds
[2025-12-27T14:54:57.335+0000] {processor.py:161} INFO - Started process (PID=80) to work on /usr/local/lib/python3.11/site-packages/airflow/example_dags/example_trigger_controller_dag.py
[2025-12-27T14:54:57.338+0000] {processor.py:830} INFO - Processing file /usr/local/lib/python3.11/site-packages/airflow/example_dags/example_trigger_controller_dag.py for tasks to queue
[2025-12-27T14:54:57.345+0000] {logging_mixin.py:188} INFO - [2025-12-27T14:54:57.344+0000] {dagbag.py:545} INFO - Filling up the DagBag from /usr/local/lib/python3.11/site-packages/airflow/example_dags/example_trigger_controller_dag.py
[2025-12-27T14:54:57.354+0000] {processor.py:840} INFO - DAG(s) 'example_trigger_controller_dag' retrieved from /usr/local/lib/python3.11/site-packages/airflow/example_dags/example_trigger_controller_dag.py
[2025-12-27T14:54:57.966+0000] {logging_mixin.py:188} INFO - [2025-12-27T14:54:57.965+0000] {override.py:1930} INFO - Created Permission View: can delete on DAG:example_trigger_controller_dag
[2025-12-27T14:54:58.185+0000] {logging_mixin.py:188} INFO - [2025-12-27T14:54:58.184+0000] {override.py:1930} INFO - Created Permission View: can edit on DAG:example_trigger_controller_dag
[2025-12-27T14:54:58.480+0000] {logging_mixin.py:188} INFO - [2025-12-27T14:54:58.479+0000] {override.py:1930} INFO - Created Permission View: can read on DAG:example_trigger_controller_dag
[2025-12-27T14:54:58.481+0000] {logging_mixin.py:188} INFO - [2025-12-27T14:54:58.481+0000] {dag.py:3096} INFO - Sync 1 DAGs
[2025-12-27T14:54:58.721+0000] {logging_mixin.py:188} INFO - [2025-12-27T14:54:58.720+0000] {dag.py:3118} INFO - Creating ORM DAG for example_trigger_controller_dag
[2025-12-27T14:54:58.760+0000] {logging_mixin.py:188} INFO - [2025-12-27T14:54:58.760+0000] {dag.py:3954} INFO - Setting next_dagrun for example_trigger_controller_dag to 2021-01-01 00:00:00+00:00, run_after=2021-01-01 00:00:00+00:00
[2025-12-27T14:54:59.061+0000] {processor.py:183} INFO - Processing /usr/local/lib/python3.11/site-packages/airflow/example_dags/example_trigger_controller_dag.py took 1.752 seconds
[2025-12-27T14:56:55.675+0000] {processor.py:161} INFO - Started process (PID=153) to work on /usr/local/lib/python3.11/site-packages/airflow/example_dags/example_trigger_controller_dag.py
[2025-12-27T14:56:55.676+0000] {processor.py:830} INFO - Processing file /usr/local/lib/python3.11/site-packages/airflow/example_dags/example_trigger_controller_dag.py for tasks to queue
[2025-12-27T14:56:55.679+0000] {logging_mixin.py:188} INFO - [2025-12-27T14:56:55.679+0000] {dagbag.py:545} INFO - Filling up the DagBag from /usr/local/lib/python3.11/site-packages/airflow/example_dags/example_trigger_controller_dag.py
[2025-12-27T14:56:55.685+0000] {processor.py:840} INFO - DAG(s) 'example_trigger_controller_dag' retrieved from /usr/local/lib/python3.11/site-packages/airflow/example_dags/example_trigger_controller_dag.py
[2025-12-27T14:56:55.719+0000] {logging_mixin.py:188} INFO - [2025-12-27T14:56:55.719+0000] {dag.py:3096} INFO - Sync 1 DAGs
[2025-12-27T14:56:55.863+0000] {logging_mixin.py:188} INFO - [2025-12-27T14:56:55.863+0000] {dag.py:3954} INFO - Setting next_dagrun for example_trigger_controller_dag to 2021-01-01 00:00:00+00:00, run_after=2021-01-01 00:00:00+00:00
[2025-12-27T14:56:56.137+0000] {processor.py:183} INFO - Processing /usr/local/lib/python3.11/site-packages/airflow/example_dags/example_trigger_controller_dag.py took 0.476 seconds
[2025-12-27T14:59:01.898+0000] {processor.py:161} INFO - Started process (PID=221) to work on /usr/local/lib/python3.11/site-packages/airflow/example_dags/example_trigger_controller_dag.py
[2025-12-27T14:59:01.900+0000] {processor.py:830} INFO - Processing file /usr/local/lib/python3.11/site-packages/airflow/example_dags/example_trigger_controller_dag.py for tasks to queue
[2025-12-27T14:59:01.904+0000] {logging_mixin.py:188} INFO - [2025-12-27T14:59:01.903+0000] {dagbag.py:545} INFO - Filling up the DagBag from /usr/local/lib/python3.11/site-packages/airflow/example_dags/example_trigger_controller_dag.py
[2025-12-27T14:59:01.912+0000] {processor.py:840} INFO - DAG(s) 'example_trigger_controller_dag' retrieved from /usr/local/lib/python3.11/site-packages/airflow/example_dags/example_trigger_controller_dag.py
[2025-12-27T14:59:01.947+0000] {logging_mixin.py:188} INFO - [2025-12-27T14:59:01.946+0000] {dag.py:3096} INFO - Sync 1 DAGs
[2025-12-27T14:59:02.002+0000] {logging_mixin.py:188} INFO - [2025-12-27T14:59:02.001+0000] {dag.py:3954} INFO - Setting next_dagrun for example_trigger_controller_dag to 2021-01-01 00:00:00+00:00, run_after=2021-01-01 00:00:00+00:00
[2025-12-27T14:59:02.371+0000] {processor.py:183} INFO - Processing /usr/local/lib/python3.11/site-packages/airflow/example_dags/example_trigger_controller_dag.py took 0.497 seconds
[2025-12-27T15:00:58.232+0000] {processor.py:161} INFO - Started process (PID=307) to work on /usr/local/lib/python3.11/site-packages/airflow/example_dags/example_trigger_controller_dag.py
[2025-12-27T15:00:58.233+0000] {processor.py:830} INFO - Processing file /usr/local/lib/python3.11/site-packages/airflow/example_dags/example_trigger_controller_dag.py for tasks to queue
[2025-12-27T15:00:58.236+0000] {logging_mixin.py:188} INFO - [2025-12-27T15:00:58.235+0000] {dagbag.py:545} INFO - Filling up the DagBag from /usr/local/lib/python3.11/site-packages/airflow/example_dags/example_trigger_controller_dag.py
[2025-12-27T15:00:58.244+0000] {processor.py:840} INFO - DAG(s) 'example_trigger_controller_dag' retrieved from /usr/local/lib/python3.11/site-packages/airflow/example_dags/example_trigger_controller_dag.py
[2025-12-27T15:00:58.278+0000] {logging_mixin.py:188} INFO - [2025-12-27T15:00:58.278+0000] {dag.py:3096} INFO - Sync 1 DAGs
[2025-12-27T15:00:58.312+0000] {logging_mixin.py:188} INFO - [2025-12-27T15:00:58.312+0000] {dag.py:3954} INFO - Setting next_dagrun for example_trigger_controller_dag to 2021-01-01 00:00:00+00:00, run_after=2021-01-01 00:00:00+00:00
[2025-12-27T15:00:58.507+0000] {processor.py:183} INFO - Processing /usr/local/lib/python3.11/site-packages/airflow/example_dags/example_trigger_controller_dag.py took 0.289 seconds
[2025-12-27T15:02:53.678+0000] {processor.py:161} INFO - Started process (PID=382) to work on /usr/local/lib/python3.11/site-packages/airflow/example_dags/example_trigger_controller_dag.py
[2025-12-27T15:02:53.680+0000] {processor.py:830} INFO - Processing file /usr/local/lib/python3.11/site-packages/airflow/example_dags/example_trigger_controller_dag.py for tasks to queue
[2025-12-27T15:02:53.682+0000] {logging_mixin.py:188} INFO - [2025-12-27T15:02:53.681+0000] {dagbag.py:545} INFO - Filling up the DagBag from /usr/local/lib/python3.11/site-packages/airflow/example_dags/example_trigger_controller_dag.py
[2025-12-27T15:02:53.688+0000] {processor.py:840} INFO - DAG(s) 'example_trigger_controller_dag' retrieved from /usr/local/lib/python3.11/site-packages/airflow/example_dags/example_trigger_controller_dag.py
[2025-12-27T15:02:53.723+0000] {logging_mixin.py:188} INFO - [2025-12-27T15:02:53.723+0000] {dag.py:3096} INFO - Sync 1 DAGs
[2025-12-27T15:02:53.770+0000] {logging_mixin.py:188} INFO - [2025-12-27T15:02:53.770+0000] {dag.py:3954} INFO - Setting next_dagrun for example_trigger_controller_dag to 2021-01-01 00:00:00+00:00, run_after=2021-01-01 00:00:00+00:00
[2025-12-27T15:02:54.329+0000] {processor.py:183} INFO - Processing /usr/local/lib/python3.11/site-packages/airflow/example_dags/example_trigger_controller_dag.py took 0.670 seconds
[2025-12-27T15:04:28.763+0000] {processor.py:161} INFO - Started process (PID=449) to work on /usr/local/lib/python3.11/site-packages/airflow/example_dags/example_trigger_controller_dag.py
[2025-12-27T15:04:28.764+0000] {processor.py:830} INFO - Processing file /usr/local/lib/python3.11/site-packages/airflow/example_dags/example_trigger_controller_dag.py for tasks to queue
[2025-12-27T15:04:28.767+0000] {logging_mixin.py:188} INFO - [2025-12-27T15:04:28.766+0000] {dagbag.py:545} INFO - Filling up the DagBag from /usr/local/lib/python3.11/site-packages/airflow/example_dags/example_trigger_controller_dag.py
[2025-12-27T15:04:28.774+0000] {processor.py:840} INFO - DAG(s) 'example_trigger_controller_dag' retrieved from /usr/local/lib/python3.11/site-packages/airflow/example_dags/example_trigger_controller_dag.py
[2025-12-27T15:04:28.808+0000] {logging_mixin.py:188} INFO - [2025-12-27T15:04:28.808+0000] {dag.py:3096} INFO - Sync 1 DAGs
[2025-12-27T15:04:28.840+0000] {logging_mixin.py:188} INFO - [2025-12-27T15:04:28.840+0000] {dag.py:3954} INFO - Setting next_dagrun for example_trigger_controller_dag to 2021-01-01 00:00:00+00:00, run_after=2021-01-01 00:00:00+00:00
[2025-12-27T15:04:29.129+0000] {processor.py:183} INFO - Processing /usr/local/lib/python3.11/site-packages/airflow/example_dags/example_trigger_controller_dag.py took 0.384 seconds
[2025-12-27T15:05:56.713+0000] {processor.py:161} INFO - Started process (PID=510) to work on /usr/local/lib/python3.11/site-packages/airflow/example_dags/example_trigger_controller_dag.py
[2025-12-27T15:05:56.715+0000] {processor.py:830} INFO - Processing file /usr/local/lib/python3.11/site-packages/airflow/example_dags/example_trigger_controller_dag.py for tasks to queue
[2025-12-27T15:05:56.717+0000] {logging_mixin.py:188} INFO - [2025-12-27T15:05:56.716+0000] {dagbag.py:545} INFO - Filling up the DagBag from /usr/local/lib/python3.11/site-packages/airflow/example_dags/example_trigger_controller_dag.py
[2025-12-27T15:05:56.723+0000] {processor.py:840} INFO - DAG(s) 'example_trigger_controller_dag' retrieved from /usr/local/lib/python3.11/site-packages/airflow/example_dags/example_trigger_controller_dag.py
[2025-12-27T15:05:56.753+0000] {logging_mixin.py:188} INFO - [2025-12-27T15:05:56.753+0000] {dag.py:3096} INFO - Sync 1 DAGs
[2025-12-27T15:05:56.789+0000] {logging_mixin.py:188} INFO - [2025-12-27T15:05:56.789+0000] {dag.py:3954} INFO - Setting next_dagrun for example_trigger_controller_dag to 2021-01-01 00:00:00+00:00, run_after=2021-01-01 00:00:00+00:00
[2025-12-27T15:05:57.037+0000] {processor.py:183} INFO - Processing /usr/local/lib/python3.11/site-packages/airflow/example_dags/example_trigger_controller_dag.py took 0.340 seconds
[2025-12-27T15:07:27.075+0000] {processor.py:161} INFO - Started process (PID=572) to work on /usr/local/lib/python3.11/site-packages/airflow/example_dags/example_trigger_controller_dag.py
[2025-12-27T15:07:27.076+0000] {processor.py:830} INFO - Processing file /usr/local/lib/python3.11/site-packages/airflow/example_dags/example_trigger_controller_dag.py for tasks to queue
[2025-12-27T15:07:27.079+0000] {logging_mixin.py:188} INFO - [2025-12-27T15:07:27.078+0000] {dagbag.py:545} INFO - Filling up the DagBag from /usr/local/lib/python3.11/site-packages/airflow/example_dags/example_trigger_controller_dag.py
[2025-12-27T15:07:27.084+0000] {processor.py:840} INFO - DAG(s) 'example_trigger_controller_dag' retrieved from /usr/local/lib/python3.11/site-packages/airflow/example_dags/example_trigger_controller_dag.py
[2025-12-27T15:07:27.114+0000] {logging_mixin.py:188} INFO - [2025-12-27T15:07:27.114+0000] {dag.py:3096} INFO - Sync 1 DAGs
[2025-12-27T15:07:27.146+0000] {logging_mixin.py:188} INFO - [2025-12-27T15:07:27.146+0000] {dag.py:3954} INFO - Setting next_dagrun for example_trigger_controller_dag to 2021-01-01 00:00:00+00:00, run_after=2021-01-01 00:00:00+00:00
[2025-12-27T15:07:27.389+0000] {processor.py:183} INFO - Processing /usr/local/lib/python3.11/site-packages/airflow/example_dags/example_trigger_controller_dag.py took 0.328 seconds
[2025-12-27T15:09:06.484+0000] {processor.py:161} INFO - Started process (PID=636) to work on /usr/local/lib/python3.11/site-packages/airflow/example_dags/example_trigger_controller_dag.py
[2025-12-27T15:09:06.486+0000] {processor.py:830} INFO - Processing file /usr/local/lib/python3.11/site-packages/airflow/example_dags/example_trigger_controller_dag.py for tasks to queue
[2025-12-27T15:09:06.488+0000] {logging_mixin.py:188} INFO - [2025-12-27T15:09:06.488+0000] {dagbag.py:545} INFO - Filling up the DagBag from /usr/local/lib/python3.11/site-packages/airflow/example_dags/example_trigger_controller_dag.py
[2025-12-27T15:09:06.494+0000] {processor.py:840} INFO - DAG(s) 'example_trigger_controller_dag' retrieved from /usr/local/lib/python3.11/site-packages/airflow/example_dags/example_trigger_controller_dag.py
[2025-12-27T15:09:06.589+0000] {logging_mixin.py:188} INFO - [2025-12-27T15:09:06.589+0000] {dag.py:3096} INFO - Sync 1 DAGs
[2025-12-27T15:09:06.731+0000] {logging_mixin.py:188} INFO - [2025-12-27T15:09:06.730+0000] {dag.py:3954} INFO - Setting next_dagrun for example_trigger_controller_dag to 2021-01-01 00:00:00+00:00, run_after=2021-01-01 00:00:00+00:00
[2025-12-27T15:09:07.133+0000] {processor.py:183} INFO - Processing /usr/local/lib/python3.11/site-packages/airflow/example_dags/example_trigger_controller_dag.py took 0.671 seconds
[2025-12-27T15:10:55.797+0000] {processor.py:161} INFO - Started process (PID=704) to work on /usr/local/lib/python3.11/site-packages/airflow/example_dags/example_trigger_controller_dag.py
[2025-12-27T15:10:55.808+0000] {processor.py:830} INFO - Processing file /usr/local/lib/python3.11/site-packages/airflow/example_dags/example_trigger_controller_dag.py for tasks to queue
[2025-12-27T15:10:55.811+0000] {logging_mixin.py:188} INFO - [2025-12-27T15:10:55.811+0000] {dagbag.py:545} INFO - Filling up the DagBag from /usr/local/lib/python3.11/site-packages/airflow/example_dags/example_trigger_controller_dag.py
[2025-12-27T15:10:55.831+0000] {processor.py:840} INFO - DAG(s) 'example_trigger_controller_dag' retrieved from /usr/local/lib/python3.11/site-packages/airflow/example_dags/example_trigger_controller_dag.py
[2025-12-27T15:10:55.893+0000] {logging_mixin.py:188} INFO - [2025-12-27T15:10:55.892+0000] {dag.py:3096} INFO - Sync 1 DAGs
[2025-12-27T15:10:56.145+0000] {logging_mixin.py:188} INFO - [2025-12-27T15:10:56.145+0000] {dag.py:3954} INFO - Setting next_dagrun for example_trigger_controller_dag to 2021-01-01 00:00:00+00:00, run_after=2021-01-01 00:00:00+00:00
[2025-12-27T15:10:56.353+0000] {processor.py:183} INFO - Processing /usr/local/lib/python3.11/site-packages/airflow/example_dags/example_trigger_controller_dag.py took 0.618 seconds
[2025-12-27T15:12:34.912+0000] {processor.py:161} INFO - Started process (PID=770) to work on /usr/local/lib/python3.11/site-packages/airflow/example_dags/example_trigger_controller_dag.py
[2025-12-27T15:12:34.914+0000] {processor.py:830} INFO - Processing file /usr/local/lib/python3.11/site-packages/airflow/example_dags/example_trigger_controller_dag.py for tasks to queue
[2025-12-27T15:12:34.916+0000] {logging_mixin.py:188} INFO - [2025-12-27T15:12:34.916+0000] {dagbag.py:545} INFO - Filling up the DagBag from /usr/local/lib/python3.11/site-packages/airflow/example_dags/example_trigger_controller_dag.py
[2025-12-27T15:12:34.922+0000] {processor.py:840} INFO - DAG(s) 'example_trigger_controller_dag' retrieved from /usr/local/lib/python3.11/site-packages/airflow/example_dags/example_trigger_controller_dag.py
[2025-12-27T15:12:34.958+0000] {logging_mixin.py:188} INFO - [2025-12-27T15:12:34.958+0000] {dag.py:3096} INFO - Sync 1 DAGs
[2025-12-27T15:12:34.996+0000] {logging_mixin.py:188} INFO - [2025-12-27T15:12:34.995+0000] {dag.py:3954} INFO - Setting next_dagrun for example_trigger_controller_dag to 2021-01-01 00:00:00+00:00, run_after=2021-01-01 00:00:00+00:00
[2025-12-27T15:12:35.185+0000] {processor.py:183} INFO - Processing /usr/local/lib/python3.11/site-packages/airflow/example_dags/example_trigger_controller_dag.py took 0.288 seconds
[2025-12-27T15:14:13.061+0000] {processor.py:161} INFO - Started process (PID=834) to work on /usr/local/lib/python3.11/site-packages/airflow/example_dags/example_trigger_controller_dag.py
[2025-12-27T15:14:13.062+0000] {processor.py:830} INFO - Processing file /usr/local/lib/python3.11/site-packages/airflow/example_dags/example_trigger_controller_dag.py for tasks to queue
[2025-12-27T15:14:13.064+0000] {logging_mixin.py:188} INFO - [2025-12-27T15:14:13.064+0000] {dagbag.py:545} INFO - Filling up the DagBag from /usr/local/lib/python3.11/site-packages/airflow/example_dags/example_trigger_controller_dag.py
[2025-12-27T15:14:13.070+0000] {processor.py:840} INFO - DAG(s) 'example_trigger_controller_dag' retrieved from /usr/local/lib/python3.11/site-packages/airflow/example_dags/example_trigger_controller_dag.py
[2025-12-27T15:14:13.103+0000] {logging_mixin.py:188} INFO - [2025-12-27T15:14:13.103+0000] {dag.py:3096} INFO - Sync 1 DAGs
[2025-12-27T15:14:13.147+0000] {logging_mixin.py:188} INFO - [2025-12-27T15:14:13.146+0000] {dag.py:3954} INFO - Setting next_dagrun for example_trigger_controller_dag to 2021-01-01 00:00:00+00:00, run_after=2021-01-01 00:00:00+00:00
[2025-12-27T15:14:13.362+0000] {processor.py:183} INFO - Processing /usr/local/lib/python3.11/site-packages/airflow/example_dags/example_trigger_controller_dag.py took 0.318 seconds
[2025-12-27T15:15:56.262+0000] {processor.py:161} INFO - Started process (PID=901) to work on /usr/local/lib/python3.11/site-packages/airflow/example_dags/example_trigger_controller_dag.py
[2025-12-27T15:15:56.264+0000] {processor.py:830} INFO - Processing file /usr/local/lib/python3.11/site-packages/airflow/example_dags/example_trigger_controller_dag.py for tasks to queue
[2025-12-27T15:15:56.268+0000] {logging_mixin.py:188} INFO - [2025-12-27T15:15:56.267+0000] {dagbag.py:545} INFO - Filling up the DagBag from /usr/local/lib/python3.11/site-packages/airflow/example_dags/example_trigger_controller_dag.py
[2025-12-27T15:15:56.274+0000] {processor.py:840} INFO - DAG(s) 'example_trigger_controller_dag' retrieved from /usr/local/lib/python3.11/site-packages/airflow/example_dags/example_trigger_controller_dag.py
[2025-12-27T15:15:56.305+0000] {logging_mixin.py:188} INFO - [2025-12-27T15:15:56.304+0000] {dag.py:3096} INFO - Sync 1 DAGs
[2025-12-27T15:15:56.337+0000] {logging_mixin.py:188} INFO - [2025-12-27T15:15:56.336+0000] {dag.py:3954} INFO - Setting next_dagrun for example_trigger_controller_dag to 2021-01-01 00:00:00+00:00, run_after=2021-01-01 00:00:00+00:00
[2025-12-27T15:15:56.529+0000] {processor.py:183} INFO - Processing /usr/local/lib/python3.11/site-packages/airflow/example_dags/example_trigger_controller_dag.py took 0.283 seconds
[2025-12-27T15:17:44.750+0000] {processor.py:161} INFO - Started process (PID=965) to work on /usr/local/lib/python3.11/site-packages/airflow/example_dags/example_trigger_controller_dag.py
[2025-12-27T15:17:44.752+0000] {processor.py:830} INFO - Processing file /usr/local/lib/python3.11/site-packages/airflow/example_dags/example_trigger_controller_dag.py for tasks to queue
[2025-12-27T15:17:44.756+0000] {logging_mixin.py:188} INFO - [2025-12-27T15:17:44.755+0000] {dagbag.py:545} INFO - Filling up the DagBag from /usr/local/lib/python3.11/site-packages/airflow/example_dags/example_trigger_controller_dag.py
[2025-12-27T15:17:44.773+0000] {processor.py:840} INFO - DAG(s) 'example_trigger_controller_dag' retrieved from /usr/local/lib/python3.11/site-packages/airflow/example_dags/example_trigger_controller_dag.py
[2025-12-27T15:17:44.826+0000] {logging_mixin.py:188} INFO - [2025-12-27T15:17:44.825+0000] {dag.py:3096} INFO - Sync 1 DAGs
[2025-12-27T15:17:44.930+0000] {logging_mixin.py:188} INFO - [2025-12-27T15:17:44.929+0000] {dag.py:3954} INFO - Setting next_dagrun for example_trigger_controller_dag to 2021-01-01 00:00:00+00:00, run_after=2021-01-01 00:00:00+00:00
[2025-12-27T15:17:45.215+0000] {processor.py:183} INFO - Processing /usr/local/lib/python3.11/site-packages/airflow/example_dags/example_trigger_controller_dag.py took 0.482 seconds
[2025-12-27T15:19:30.875+0000] {processor.py:161} INFO - Started process (PID=1032) to work on /usr/local/lib/python3.11/site-packages/airflow/example_dags/example_trigger_controller_dag.py
[2025-12-27T15:19:30.877+0000] {processor.py:830} INFO - Processing file /usr/local/lib/python3.11/site-packages/airflow/example_dags/example_trigger_controller_dag.py for tasks to queue
[2025-12-27T15:19:30.884+0000] {logging_mixin.py:188} INFO - [2025-12-27T15:19:30.883+0000] {dagbag.py:545} INFO - Filling up the DagBag from /usr/local/lib/python3.11/site-packages/airflow/example_dags/example_trigger_controller_dag.py
[2025-12-27T15:19:30.894+0000] {processor.py:840} INFO - DAG(s) 'example_trigger_controller_dag' retrieved from /usr/local/lib/python3.11/site-packages/airflow/example_dags/example_trigger_controller_dag.py
[2025-12-27T15:19:30.947+0000] {logging_mixin.py:188} INFO - [2025-12-27T15:19:30.947+0000] {dag.py:3096} INFO - Sync 1 DAGs
[2025-12-27T15:19:31.016+0000] {logging_mixin.py:188} INFO - [2025-12-27T15:19:31.016+0000] {dag.py:3954} INFO - Setting next_dagrun for example_trigger_controller_dag to 2021-01-01 00:00:00+00:00, run_after=2021-01-01 00:00:00+00:00
[2025-12-27T15:19:31.271+0000] {processor.py:183} INFO - Processing /usr/local/lib/python3.11/site-packages/airflow/example_dags/example_trigger_controller_dag.py took 0.427 seconds
[2025-12-27T15:31:56.502+0000] {processor.py:161} INFO - Started process (PID=75) to work on /usr/local/lib/python3.11/site-packages/airflow/example_dags/example_trigger_controller_dag.py
[2025-12-27T15:31:56.504+0000] {processor.py:830} INFO - Processing file /usr/local/lib/python3.11/site-packages/airflow/example_dags/example_trigger_controller_dag.py for tasks to queue
[2025-12-27T15:31:56.506+0000] {logging_mixin.py:188} INFO - [2025-12-27T15:31:56.506+0000] {dagbag.py:545} INFO - Filling up the DagBag from /usr/local/lib/python3.11/site-packages/airflow/example_dags/example_trigger_controller_dag.py
[2025-12-27T15:31:56.512+0000] {processor.py:840} INFO - DAG(s) 'example_trigger_controller_dag' retrieved from /usr/local/lib/python3.11/site-packages/airflow/example_dags/example_trigger_controller_dag.py
[2025-12-27T15:31:56.686+0000] {logging_mixin.py:188} INFO - [2025-12-27T15:31:56.686+0000] {dag.py:3096} INFO - Sync 1 DAGs
[2025-12-27T15:31:56.716+0000] {logging_mixin.py:188} INFO - [2025-12-27T15:31:56.716+0000] {dag.py:3954} INFO - Setting next_dagrun for example_trigger_controller_dag to 2021-01-01 00:00:00+00:00, run_after=2021-01-01 00:00:00+00:00
[2025-12-27T15:31:57.463+0000] {processor.py:183} INFO - Processing /usr/local/lib/python3.11/site-packages/airflow/example_dags/example_trigger_controller_dag.py took 0.975 seconds
[2025-12-27T15:33:51.139+0000] {processor.py:161} INFO - Started process (PID=147) to work on /usr/local/lib/python3.11/site-packages/airflow/example_dags/example_trigger_controller_dag.py
[2025-12-27T15:33:51.141+0000] {processor.py:830} INFO - Processing file /usr/local/lib/python3.11/site-packages/airflow/example_dags/example_trigger_controller_dag.py for tasks to queue
[2025-12-27T15:33:51.146+0000] {logging_mixin.py:188} INFO - [2025-12-27T15:33:51.144+0000] {dagbag.py:545} INFO - Filling up the DagBag from /usr/local/lib/python3.11/site-packages/airflow/example_dags/example_trigger_controller_dag.py
[2025-12-27T15:33:51.155+0000] {processor.py:840} INFO - DAG(s) 'example_trigger_controller_dag' retrieved from /usr/local/lib/python3.11/site-packages/airflow/example_dags/example_trigger_controller_dag.py
[2025-12-27T15:33:51.206+0000] {logging_mixin.py:188} INFO - [2025-12-27T15:33:51.206+0000] {dag.py:3096} INFO - Sync 1 DAGs
[2025-12-27T15:33:51.235+0000] {logging_mixin.py:188} INFO - [2025-12-27T15:33:51.235+0000] {dag.py:3954} INFO - Setting next_dagrun for example_trigger_controller_dag to 2021-01-01 00:00:00+00:00, run_after=2021-01-01 00:00:00+00:00
[2025-12-27T15:33:51.460+0000] {processor.py:183} INFO - Processing /usr/local/lib/python3.11/site-packages/airflow/example_dags/example_trigger_controller_dag.py took 0.344 seconds
[2025-12-27T15:35:26.381+0000] {processor.py:161} INFO - Started process (PID=211) to work on /usr/local/lib/python3.11/site-packages/airflow/example_dags/example_trigger_controller_dag.py
[2025-12-27T15:35:26.383+0000] {processor.py:830} INFO - Processing file /usr/local/lib/python3.11/site-packages/airflow/example_dags/example_trigger_controller_dag.py for tasks to queue
[2025-12-27T15:35:26.386+0000] {logging_mixin.py:188} INFO - [2025-12-27T15:35:26.386+0000] {dagbag.py:545} INFO - Filling up the DagBag from /usr/local/lib/python3.11/site-packages/airflow/example_dags/example_trigger_controller_dag.py
[2025-12-27T15:35:26.392+0000] {processor.py:840} INFO - DAG(s) 'example_trigger_controller_dag' retrieved from /usr/local/lib/python3.11/site-packages/airflow/example_dags/example_trigger_controller_dag.py
[2025-12-27T15:35:26.423+0000] {logging_mixin.py:188} INFO - [2025-12-27T15:35:26.423+0000] {dag.py:3096} INFO - Sync 1 DAGs
[2025-12-27T15:35:26.458+0000] {logging_mixin.py:188} INFO - [2025-12-27T15:35:26.458+0000] {dag.py:3954} INFO - Setting next_dagrun for example_trigger_controller_dag to 2021-01-01 00:00:00+00:00, run_after=2021-01-01 00:00:00+00:00
[2025-12-27T15:35:26.648+0000] {processor.py:183} INFO - Processing /usr/local/lib/python3.11/site-packages/airflow/example_dags/example_trigger_controller_dag.py took 0.282 seconds
[2025-12-27T15:37:00.556+0000] {processor.py:161} INFO - Started process (PID=274) to work on /usr/local/lib/python3.11/site-packages/airflow/example_dags/example_trigger_controller_dag.py
[2025-12-27T15:37:00.557+0000] {processor.py:830} INFO - Processing file /usr/local/lib/python3.11/site-packages/airflow/example_dags/example_trigger_controller_dag.py for tasks to queue
[2025-12-27T15:37:00.560+0000] {logging_mixin.py:188} INFO - [2025-12-27T15:37:00.560+0000] {dagbag.py:545} INFO - Filling up the DagBag from /usr/local/lib/python3.11/site-packages/airflow/example_dags/example_trigger_controller_dag.py
[2025-12-27T15:37:00.566+0000] {processor.py:840} INFO - DAG(s) 'example_trigger_controller_dag' retrieved from /usr/local/lib/python3.11/site-packages/airflow/example_dags/example_trigger_controller_dag.py
[2025-12-27T15:37:00.599+0000] {logging_mixin.py:188} INFO - [2025-12-27T15:37:00.598+0000] {dag.py:3096} INFO - Sync 1 DAGs
[2025-12-27T15:37:00.737+0000] {logging_mixin.py:188} INFO - [2025-12-27T15:37:00.737+0000] {dag.py:3954} INFO - Setting next_dagrun for example_trigger_controller_dag to 2021-01-01 00:00:00+00:00, run_after=2021-01-01 00:00:00+00:00
[2025-12-27T15:37:00.934+0000] {processor.py:183} INFO - Processing /usr/local/lib/python3.11/site-packages/airflow/example_dags/example_trigger_controller_dag.py took 0.394 seconds
[2025-12-27T15:38:32.115+0000] {processor.py:161} INFO - Started process (PID=336) to work on /usr/local/lib/python3.11/site-packages/airflow/example_dags/example_trigger_controller_dag.py
[2025-12-27T15:38:32.116+0000] {processor.py:830} INFO - Processing file /usr/local/lib/python3.11/site-packages/airflow/example_dags/example_trigger_controller_dag.py for tasks to queue
[2025-12-27T15:38:32.118+0000] {logging_mixin.py:188} INFO - [2025-12-27T15:38:32.117+0000] {dagbag.py:545} INFO - Filling up the DagBag from /usr/local/lib/python3.11/site-packages/airflow/example_dags/example_trigger_controller_dag.py
[2025-12-27T15:38:32.124+0000] {processor.py:840} INFO - DAG(s) 'example_trigger_controller_dag' retrieved from /usr/local/lib/python3.11/site-packages/airflow/example_dags/example_trigger_controller_dag.py
[2025-12-27T15:38:32.154+0000] {logging_mixin.py:188} INFO - [2025-12-27T15:38:32.154+0000] {dag.py:3096} INFO - Sync 1 DAGs
[2025-12-27T15:38:32.186+0000] {logging_mixin.py:188} INFO - [2025-12-27T15:38:32.186+0000] {dag.py:3954} INFO - Setting next_dagrun for example_trigger_controller_dag to 2021-01-01 00:00:00+00:00, run_after=2021-01-01 00:00:00+00:00
[2025-12-27T15:38:32.365+0000] {processor.py:183} INFO - Processing /usr/local/lib/python3.11/site-packages/airflow/example_dags/example_trigger_controller_dag.py took 0.264 seconds
[2025-12-27T15:40:18.570+0000] {processor.py:161} INFO - Started process (PID=402) to work on /usr/local/lib/python3.11/site-packages/airflow/example_dags/example_trigger_controller_dag.py
[2025-12-27T15:40:18.572+0000] {processor.py:830} INFO - Processing file /usr/local/lib/python3.11/site-packages/airflow/example_dags/example_trigger_controller_dag.py for tasks to queue
[2025-12-27T15:40:18.574+0000] {logging_mixin.py:188} INFO - [2025-12-27T15:40:18.574+0000] {dagbag.py:545} INFO - Filling up the DagBag from /usr/local/lib/python3.11/site-packages/airflow/example_dags/example_trigger_controller_dag.py
[2025-12-27T15:40:18.581+0000] {processor.py:840} INFO - DAG(s) 'example_trigger_controller_dag' retrieved from /usr/local/lib/python3.11/site-packages/airflow/example_dags/example_trigger_controller_dag.py
[2025-12-27T15:40:18.612+0000] {logging_mixin.py:188} INFO - [2025-12-27T15:40:18.611+0000] {dag.py:3096} INFO - Sync 1 DAGs
[2025-12-27T15:40:18.647+0000] {logging_mixin.py:188} INFO - [2025-12-27T15:40:18.646+0000] {dag.py:3954} INFO - Setting next_dagrun for example_trigger_controller_dag to 2021-01-01 00:00:00+00:00, run_after=2021-01-01 00:00:00+00:00
[2025-12-27T15:40:18.855+0000] {processor.py:183} INFO - Processing /usr/local/lib/python3.11/site-packages/airflow/example_dags/example_trigger_controller_dag.py took 0.300 seconds
[2025-12-27T15:41:58.727+0000] {processor.py:161} INFO - Started process (PID=467) to work on /usr/local/lib/python3.11/site-packages/airflow/example_dags/example_trigger_controller_dag.py
[2025-12-27T15:41:58.728+0000] {processor.py:830} INFO - Processing file /usr/local/lib/python3.11/site-packages/airflow/example_dags/example_trigger_controller_dag.py for tasks to queue
[2025-12-27T15:41:58.732+0000] {logging_mixin.py:188} INFO - [2025-12-27T15:41:58.731+0000] {dagbag.py:545} INFO - Filling up the DagBag from /usr/local/lib/python3.11/site-packages/airflow/example_dags/example_trigger_controller_dag.py
[2025-12-27T15:41:58.750+0000] {processor.py:840} INFO - DAG(s) 'example_trigger_controller_dag' retrieved from /usr/local/lib/python3.11/site-packages/airflow/example_dags/example_trigger_controller_dag.py
[2025-12-27T15:41:58.851+0000] {logging_mixin.py:188} INFO - [2025-12-27T15:41:58.850+0000] {dag.py:3096} INFO - Sync 1 DAGs
[2025-12-27T15:41:58.900+0000] {logging_mixin.py:188} INFO - [2025-12-27T15:41:58.900+0000] {dag.py:3954} INFO - Setting next_dagrun for example_trigger_controller_dag to 2021-01-01 00:00:00+00:00, run_after=2021-01-01 00:00:00+00:00
[2025-12-27T15:41:59.302+0000] {processor.py:183} INFO - Processing /usr/local/lib/python3.11/site-packages/airflow/example_dags/example_trigger_controller_dag.py took 0.602 seconds
[2025-12-27T15:44:47.390+0000] {processor.py:161} INFO - Started process (PID=79) to work on /usr/local/lib/python3.11/site-packages/airflow/example_dags/example_trigger_controller_dag.py
[2025-12-27T15:44:47.391+0000] {processor.py:830} INFO - Processing file /usr/local/lib/python3.11/site-packages/airflow/example_dags/example_trigger_controller_dag.py for tasks to queue
[2025-12-27T15:44:47.394+0000] {logging_mixin.py:188} INFO - [2025-12-27T15:44:47.394+0000] {dagbag.py:545} INFO - Filling up the DagBag from /usr/local/lib/python3.11/site-packages/airflow/example_dags/example_trigger_controller_dag.py
[2025-12-27T15:44:47.400+0000] {processor.py:840} INFO - DAG(s) 'example_trigger_controller_dag' retrieved from /usr/local/lib/python3.11/site-packages/airflow/example_dags/example_trigger_controller_dag.py
[2025-12-27T15:44:47.563+0000] {logging_mixin.py:188} INFO - [2025-12-27T15:44:47.563+0000] {dag.py:3096} INFO - Sync 1 DAGs
[2025-12-27T15:44:47.594+0000] {logging_mixin.py:188} INFO - [2025-12-27T15:44:47.594+0000] {dag.py:3954} INFO - Setting next_dagrun for example_trigger_controller_dag to 2021-01-01 00:00:00+00:00, run_after=2021-01-01 00:00:00+00:00
[2025-12-27T15:44:47.815+0000] {processor.py:183} INFO - Processing /usr/local/lib/python3.11/site-packages/airflow/example_dags/example_trigger_controller_dag.py took 0.438 seconds
[2025-12-27T15:46:31.784+0000] {processor.py:161} INFO - Started process (PID=149) to work on /usr/local/lib/python3.11/site-packages/airflow/example_dags/example_trigger_controller_dag.py
[2025-12-27T15:46:31.786+0000] {processor.py:830} INFO - Processing file /usr/local/lib/python3.11/site-packages/airflow/example_dags/example_trigger_controller_dag.py for tasks to queue
[2025-12-27T15:46:31.792+0000] {logging_mixin.py:188} INFO - [2025-12-27T15:46:31.791+0000] {dagbag.py:545} INFO - Filling up the DagBag from /usr/local/lib/python3.11/site-packages/airflow/example_dags/example_trigger_controller_dag.py
[2025-12-27T15:46:31.800+0000] {processor.py:840} INFO - DAG(s) 'example_trigger_controller_dag' retrieved from /usr/local/lib/python3.11/site-packages/airflow/example_dags/example_trigger_controller_dag.py
[2025-12-27T15:46:31.842+0000] {logging_mixin.py:188} INFO - [2025-12-27T15:46:31.842+0000] {dag.py:3096} INFO - Sync 1 DAGs
[2025-12-27T15:46:31.876+0000] {logging_mixin.py:188} INFO - [2025-12-27T15:46:31.876+0000] {dag.py:3954} INFO - Setting next_dagrun for example_trigger_controller_dag to 2021-01-01 00:00:00+00:00, run_after=2021-01-01 00:00:00+00:00
[2025-12-27T15:46:32.094+0000] {processor.py:183} INFO - Processing /usr/local/lib/python3.11/site-packages/airflow/example_dags/example_trigger_controller_dag.py took 0.327 seconds
[2025-12-27T15:48:09.807+0000] {processor.py:161} INFO - Started process (PID=244) to work on /usr/local/lib/python3.11/site-packages/airflow/example_dags/example_trigger_controller_dag.py
[2025-12-27T15:48:09.808+0000] {processor.py:830} INFO - Processing file /usr/local/lib/python3.11/site-packages/airflow/example_dags/example_trigger_controller_dag.py for tasks to queue
[2025-12-27T15:48:09.811+0000] {logging_mixin.py:188} INFO - [2025-12-27T15:48:09.810+0000] {dagbag.py:545} INFO - Filling up the DagBag from /usr/local/lib/python3.11/site-packages/airflow/example_dags/example_trigger_controller_dag.py
[2025-12-27T15:48:09.817+0000] {processor.py:840} INFO - DAG(s) 'example_trigger_controller_dag' retrieved from /usr/local/lib/python3.11/site-packages/airflow/example_dags/example_trigger_controller_dag.py
[2025-12-27T15:48:09.848+0000] {logging_mixin.py:188} INFO - [2025-12-27T15:48:09.847+0000] {dag.py:3096} INFO - Sync 1 DAGs
[2025-12-27T15:48:09.880+0000] {logging_mixin.py:188} INFO - [2025-12-27T15:48:09.880+0000] {dag.py:3954} INFO - Setting next_dagrun for example_trigger_controller_dag to 2021-01-01 00:00:00+00:00, run_after=2021-01-01 00:00:00+00:00
[2025-12-27T15:48:10.088+0000] {processor.py:183} INFO - Processing /usr/local/lib/python3.11/site-packages/airflow/example_dags/example_trigger_controller_dag.py took 0.294 seconds
[2025-12-27T15:49:39.561+0000] {processor.py:161} INFO - Started process (PID=310) to work on /usr/local/lib/python3.11/site-packages/airflow/example_dags/example_trigger_controller_dag.py
[2025-12-27T15:49:39.562+0000] {processor.py:830} INFO - Processing file /usr/local/lib/python3.11/site-packages/airflow/example_dags/example_trigger_controller_dag.py for tasks to queue
[2025-12-27T15:49:39.565+0000] {logging_mixin.py:188} INFO - [2025-12-27T15:49:39.565+0000] {dagbag.py:545} INFO - Filling up the DagBag from /usr/local/lib/python3.11/site-packages/airflow/example_dags/example_trigger_controller_dag.py
[2025-12-27T15:49:39.571+0000] {processor.py:840} INFO - DAG(s) 'example_trigger_controller_dag' retrieved from /usr/local/lib/python3.11/site-packages/airflow/example_dags/example_trigger_controller_dag.py
[2025-12-27T15:49:39.607+0000] {logging_mixin.py:188} INFO - [2025-12-27T15:49:39.606+0000] {dag.py:3096} INFO - Sync 1 DAGs
[2025-12-27T15:49:39.639+0000] {logging_mixin.py:188} INFO - [2025-12-27T15:49:39.638+0000] {dag.py:3954} INFO - Setting next_dagrun for example_trigger_controller_dag to 2021-01-01 00:00:00+00:00, run_after=2021-01-01 00:00:00+00:00
[2025-12-27T15:49:39.972+0000] {processor.py:183} INFO - Processing /usr/local/lib/python3.11/site-packages/airflow/example_dags/example_trigger_controller_dag.py took 0.424 seconds
[2025-12-27T15:51:16.809+0000] {processor.py:161} INFO - Started process (PID=387) to work on /usr/local/lib/python3.11/site-packages/airflow/example_dags/example_trigger_controller_dag.py
[2025-12-27T15:51:16.811+0000] {processor.py:830} INFO - Processing file /usr/local/lib/python3.11/site-packages/airflow/example_dags/example_trigger_controller_dag.py for tasks to queue
[2025-12-27T15:51:16.821+0000] {logging_mixin.py:188} INFO - [2025-12-27T15:51:16.820+0000] {dagbag.py:545} INFO - Filling up the DagBag from /usr/local/lib/python3.11/site-packages/airflow/example_dags/example_trigger_controller_dag.py
[2025-12-27T15:51:16.833+0000] {processor.py:840} INFO - DAG(s) 'example_trigger_controller_dag' retrieved from /usr/local/lib/python3.11/site-packages/airflow/example_dags/example_trigger_controller_dag.py
[2025-12-27T15:51:16.881+0000] {logging_mixin.py:188} INFO - [2025-12-27T15:51:16.881+0000] {dag.py:3096} INFO - Sync 1 DAGs
[2025-12-27T15:51:16.943+0000] {logging_mixin.py:188} INFO - [2025-12-27T15:51:16.943+0000] {dag.py:3954} INFO - Setting next_dagrun for example_trigger_controller_dag to 2021-01-01 00:00:00+00:00, run_after=2021-01-01 00:00:00+00:00
[2025-12-27T15:51:17.246+0000] {processor.py:183} INFO - Processing /usr/local/lib/python3.11/site-packages/airflow/example_dags/example_trigger_controller_dag.py took 0.462 seconds
[2025-12-27T15:52:47.320+0000] {processor.py:161} INFO - Started process (PID=467) to work on /usr/local/lib/python3.11/site-packages/airflow/example_dags/example_trigger_controller_dag.py
[2025-12-27T15:52:47.321+0000] {processor.py:830} INFO - Processing file /usr/local/lib/python3.11/site-packages/airflow/example_dags/example_trigger_controller_dag.py for tasks to queue
[2025-12-27T15:52:47.323+0000] {logging_mixin.py:188} INFO - [2025-12-27T15:52:47.323+0000] {dagbag.py:545} INFO - Filling up the DagBag from /usr/local/lib/python3.11/site-packages/airflow/example_dags/example_trigger_controller_dag.py
[2025-12-27T15:52:47.329+0000] {processor.py:840} INFO - DAG(s) 'example_trigger_controller_dag' retrieved from /usr/local/lib/python3.11/site-packages/airflow/example_dags/example_trigger_controller_dag.py
[2025-12-27T15:52:47.364+0000] {logging_mixin.py:188} INFO - [2025-12-27T15:52:47.364+0000] {dag.py:3096} INFO - Sync 1 DAGs
[2025-12-27T15:52:47.397+0000] {logging_mixin.py:188} INFO - [2025-12-27T15:52:47.397+0000] {dag.py:3954} INFO - Setting next_dagrun for example_trigger_controller_dag to 2021-01-01 00:00:00+00:00, run_after=2021-01-01 00:00:00+00:00
[2025-12-27T15:52:47.597+0000] {processor.py:183} INFO - Processing /usr/local/lib/python3.11/site-packages/airflow/example_dags/example_trigger_controller_dag.py took 0.291 seconds
[2025-12-27T15:54:19.628+0000] {processor.py:161} INFO - Started process (PID=531) to work on /usr/local/lib/python3.11/site-packages/airflow/example_dags/example_trigger_controller_dag.py
[2025-12-27T15:54:19.631+0000] {processor.py:830} INFO - Processing file /usr/local/lib/python3.11/site-packages/airflow/example_dags/example_trigger_controller_dag.py for tasks to queue
[2025-12-27T15:54:19.634+0000] {logging_mixin.py:188} INFO - [2025-12-27T15:54:19.633+0000] {dagbag.py:545} INFO - Filling up the DagBag from /usr/local/lib/python3.11/site-packages/airflow/example_dags/example_trigger_controller_dag.py
[2025-12-27T15:54:19.642+0000] {processor.py:840} INFO - DAG(s) 'example_trigger_controller_dag' retrieved from /usr/local/lib/python3.11/site-packages/airflow/example_dags/example_trigger_controller_dag.py
[2025-12-27T15:54:19.684+0000] {logging_mixin.py:188} INFO - [2025-12-27T15:54:19.683+0000] {dag.py:3096} INFO - Sync 1 DAGs
[2025-12-27T15:54:19.833+0000] {logging_mixin.py:188} INFO - [2025-12-27T15:54:19.833+0000] {dag.py:3954} INFO - Setting next_dagrun for example_trigger_controller_dag to 2021-01-01 00:00:00+00:00, run_after=2021-01-01 00:00:00+00:00
[2025-12-27T15:54:20.080+0000] {processor.py:183} INFO - Processing /usr/local/lib/python3.11/site-packages/airflow/example_dags/example_trigger_controller_dag.py took 0.473 seconds
[2025-12-27T15:55:51.619+0000] {processor.py:161} INFO - Started process (PID=601) to work on /usr/local/lib/python3.11/site-packages/airflow/example_dags/example_trigger_controller_dag.py
[2025-12-27T15:55:51.621+0000] {processor.py:830} INFO - Processing file /usr/local/lib/python3.11/site-packages/airflow/example_dags/example_trigger_controller_dag.py for tasks to queue
[2025-12-27T15:55:51.624+0000] {logging_mixin.py:188} INFO - [2025-12-27T15:55:51.623+0000] {dagbag.py:545} INFO - Filling up the DagBag from /usr/local/lib/python3.11/site-packages/airflow/example_dags/example_trigger_controller_dag.py
[2025-12-27T15:55:51.634+0000] {processor.py:840} INFO - DAG(s) 'example_trigger_controller_dag' retrieved from /usr/local/lib/python3.11/site-packages/airflow/example_dags/example_trigger_controller_dag.py
[2025-12-27T15:55:51.682+0000] {logging_mixin.py:188} INFO - [2025-12-27T15:55:51.682+0000] {dag.py:3096} INFO - Sync 1 DAGs
[2025-12-27T15:55:51.728+0000] {logging_mixin.py:188} INFO - [2025-12-27T15:55:51.728+0000] {dag.py:3954} INFO - Setting next_dagrun for example_trigger_controller_dag to 2021-01-01 00:00:00+00:00, run_after=2021-01-01 00:00:00+00:00
[2025-12-27T15:55:51.955+0000] {processor.py:183} INFO - Processing /usr/local/lib/python3.11/site-packages/airflow/example_dags/example_trigger_controller_dag.py took 0.354 seconds
[2025-12-27T15:57:24.562+0000] {processor.py:161} INFO - Started process (PID=669) to work on /usr/local/lib/python3.11/site-packages/airflow/example_dags/example_trigger_controller_dag.py
[2025-12-27T15:57:24.563+0000] {processor.py:830} INFO - Processing file /usr/local/lib/python3.11/site-packages/airflow/example_dags/example_trigger_controller_dag.py for tasks to queue
[2025-12-27T15:57:24.565+0000] {logging_mixin.py:188} INFO - [2025-12-27T15:57:24.565+0000] {dagbag.py:545} INFO - Filling up the DagBag from /usr/local/lib/python3.11/site-packages/airflow/example_dags/example_trigger_controller_dag.py
[2025-12-27T15:57:24.571+0000] {processor.py:840} INFO - DAG(s) 'example_trigger_controller_dag' retrieved from /usr/local/lib/python3.11/site-packages/airflow/example_dags/example_trigger_controller_dag.py
[2025-12-27T15:57:24.605+0000] {logging_mixin.py:188} INFO - [2025-12-27T15:57:24.605+0000] {dag.py:3096} INFO - Sync 1 DAGs
[2025-12-27T15:57:24.637+0000] {logging_mixin.py:188} INFO - [2025-12-27T15:57:24.637+0000] {dag.py:3954} INFO - Setting next_dagrun for example_trigger_controller_dag to 2021-01-01 00:00:00+00:00, run_after=2021-01-01 00:00:00+00:00
[2025-12-27T15:57:24.824+0000] {processor.py:183} INFO - Processing /usr/local/lib/python3.11/site-packages/airflow/example_dags/example_trigger_controller_dag.py took 0.276 seconds
[2025-12-27T15:58:53.613+0000] {processor.py:161} INFO - Started process (PID=732) to work on /usr/local/lib/python3.11/site-packages/airflow/example_dags/example_trigger_controller_dag.py
[2025-12-27T15:58:53.614+0000] {processor.py:830} INFO - Processing file /usr/local/lib/python3.11/site-packages/airflow/example_dags/example_trigger_controller_dag.py for tasks to queue
[2025-12-27T15:58:53.617+0000] {logging_mixin.py:188} INFO - [2025-12-27T15:58:53.616+0000] {dagbag.py:545} INFO - Filling up the DagBag from /usr/local/lib/python3.11/site-packages/airflow/example_dags/example_trigger_controller_dag.py
[2025-12-27T15:58:53.623+0000] {processor.py:840} INFO - DAG(s) 'example_trigger_controller_dag' retrieved from /usr/local/lib/python3.11/site-packages/airflow/example_dags/example_trigger_controller_dag.py
[2025-12-27T15:58:53.658+0000] {logging_mixin.py:188} INFO - [2025-12-27T15:58:53.658+0000] {dag.py:3096} INFO - Sync 1 DAGs
[2025-12-27T15:58:53.696+0000] {logging_mixin.py:188} INFO - [2025-12-27T15:58:53.695+0000] {dag.py:3954} INFO - Setting next_dagrun for example_trigger_controller_dag to 2021-01-01 00:00:00+00:00, run_after=2021-01-01 00:00:00+00:00
[2025-12-27T15:58:53.997+0000] {processor.py:183} INFO - Processing /usr/local/lib/python3.11/site-packages/airflow/example_dags/example_trigger_controller_dag.py took 0.400 seconds
[2025-12-27T16:00:48.296+0000] {processor.py:161} INFO - Started process (PID=800) to work on /usr/local/lib/python3.11/site-packages/airflow/example_dags/example_trigger_controller_dag.py
[2025-12-27T16:00:48.297+0000] {processor.py:830} INFO - Processing file /usr/local/lib/python3.11/site-packages/airflow/example_dags/example_trigger_controller_dag.py for tasks to queue
[2025-12-27T16:00:48.299+0000] {logging_mixin.py:188} INFO - [2025-12-27T16:00:48.298+0000] {dagbag.py:545} INFO - Filling up the DagBag from /usr/local/lib/python3.11/site-packages/airflow/example_dags/example_trigger_controller_dag.py
[2025-12-27T16:00:48.304+0000] {processor.py:840} INFO - DAG(s) 'example_trigger_controller_dag' retrieved from /usr/local/lib/python3.11/site-packages/airflow/example_dags/example_trigger_controller_dag.py
[2025-12-27T16:00:48.335+0000] {logging_mixin.py:188} INFO - [2025-12-27T16:00:48.335+0000] {dag.py:3096} INFO - Sync 1 DAGs
[2025-12-27T16:00:48.368+0000] {logging_mixin.py:188} INFO - [2025-12-27T16:00:48.368+0000] {dag.py:3954} INFO - Setting next_dagrun for example_trigger_controller_dag to 2021-01-01 00:00:00+00:00, run_after=2021-01-01 00:00:00+00:00
[2025-12-27T16:00:48.558+0000] {processor.py:183} INFO - Processing /usr/local/lib/python3.11/site-packages/airflow/example_dags/example_trigger_controller_dag.py took 0.276 seconds
