[2025-12-27T13:46:53.473+0000] {processor.py:161} INFO - Started process (PID=68) to work on /usr/local/lib/python3.11/site-packages/airflow/example_dags/example_branch_labels.py
[2025-12-27T13:46:53.475+0000] {processor.py:830} INFO - Processing file /usr/local/lib/python3.11/site-packages/airflow/example_dags/example_branch_labels.py for tasks to queue
[2025-12-27T13:46:53.477+0000] {logging_mixin.py:188} INFO - [2025-12-27T13:46:53.477+0000] {dagbag.py:545} INFO - Filling up the DagBag from /usr/local/lib/python3.11/site-packages/airflow/example_dags/example_branch_labels.py
[2025-12-27T13:46:53.487+0000] {processor.py:840} INFO - DAG(s) 'example_branch_labels' retrieved from /usr/local/lib/python3.11/site-packages/airflow/example_dags/example_branch_labels.py
[2025-12-27T13:46:53.932+0000] {logging_mixin.py:188} INFO - [2025-12-27T13:46:53.931+0000] {override.py:1930} INFO - Created Permission View: can edit on DAG:example_branch_labels
[2025-12-27T13:46:54.075+0000] {logging_mixin.py:188} INFO - [2025-12-27T13:46:54.074+0000] {override.py:1930} INFO - Created Permission View: can read on DAG:example_branch_labels
[2025-12-27T13:46:54.242+0000] {logging_mixin.py:188} INFO - [2025-12-27T13:46:54.242+0000] {override.py:1930} INFO - Created Permission View: can delete on DAG:example_branch_labels
[2025-12-27T13:46:54.243+0000] {logging_mixin.py:188} INFO - [2025-12-27T13:46:54.243+0000] {dag.py:3096} INFO - Sync 1 DAGs
[2025-12-27T13:46:54.271+0000] {logging_mixin.py:188} INFO - [2025-12-27T13:46:54.271+0000] {dag.py:3118} INFO - Creating ORM DAG for example_branch_labels
[2025-12-27T13:46:54.287+0000] {logging_mixin.py:188} INFO - [2025-12-27T13:46:54.287+0000] {dag.py:3954} INFO - Setting next_dagrun for example_branch_labels to 2025-12-26 00:00:00+00:00, run_after=2025-12-27 00:00:00+00:00
[2025-12-27T13:46:54.506+0000] {processor.py:183} INFO - Processing /usr/local/lib/python3.11/site-packages/airflow/example_dags/example_branch_labels.py took 1.047 seconds
[2025-12-27T13:48:22.989+0000] {processor.py:161} INFO - Started process (PID=120) to work on /usr/local/lib/python3.11/site-packages/airflow/example_dags/example_branch_labels.py
[2025-12-27T13:48:22.990+0000] {processor.py:830} INFO - Processing file /usr/local/lib/python3.11/site-packages/airflow/example_dags/example_branch_labels.py for tasks to queue
[2025-12-27T13:48:22.993+0000] {logging_mixin.py:188} INFO - [2025-12-27T13:48:22.992+0000] {dagbag.py:545} INFO - Filling up the DagBag from /usr/local/lib/python3.11/site-packages/airflow/example_dags/example_branch_labels.py
[2025-12-27T13:48:23.004+0000] {processor.py:840} INFO - DAG(s) 'example_branch_labels' retrieved from /usr/local/lib/python3.11/site-packages/airflow/example_dags/example_branch_labels.py
[2025-12-27T13:48:23.044+0000] {logging_mixin.py:188} INFO - [2025-12-27T13:48:23.044+0000] {dag.py:3096} INFO - Sync 1 DAGs
[2025-12-27T13:48:23.087+0000] {logging_mixin.py:188} INFO - [2025-12-27T13:48:23.087+0000] {dag.py:3954} INFO - Setting next_dagrun for example_branch_labels to 2025-12-26 00:00:00+00:00, run_after=2025-12-27 00:00:00+00:00
[2025-12-27T13:48:23.417+0000] {processor.py:183} INFO - Processing /usr/local/lib/python3.11/site-packages/airflow/example_dags/example_branch_labels.py took 0.442 seconds
[2025-12-27T13:49:57.742+0000] {processor.py:161} INFO - Started process (PID=183) to work on /usr/local/lib/python3.11/site-packages/airflow/example_dags/example_branch_labels.py
[2025-12-27T13:49:57.743+0000] {processor.py:830} INFO - Processing file /usr/local/lib/python3.11/site-packages/airflow/example_dags/example_branch_labels.py for tasks to queue
[2025-12-27T13:49:57.746+0000] {logging_mixin.py:188} INFO - [2025-12-27T13:49:57.745+0000] {dagbag.py:545} INFO - Filling up the DagBag from /usr/local/lib/python3.11/site-packages/airflow/example_dags/example_branch_labels.py
[2025-12-27T13:49:57.763+0000] {processor.py:840} INFO - DAG(s) 'example_branch_labels' retrieved from /usr/local/lib/python3.11/site-packages/airflow/example_dags/example_branch_labels.py
[2025-12-27T13:49:58.034+0000] {logging_mixin.py:188} INFO - [2025-12-27T13:49:58.034+0000] {dag.py:3096} INFO - Sync 1 DAGs
[2025-12-27T13:49:58.075+0000] {logging_mixin.py:188} INFO - [2025-12-27T13:49:58.075+0000] {dag.py:3954} INFO - Setting next_dagrun for example_branch_labels to 2025-12-26 00:00:00+00:00, run_after=2025-12-27 00:00:00+00:00
[2025-12-27T13:49:58.317+0000] {processor.py:183} INFO - Processing /usr/local/lib/python3.11/site-packages/airflow/example_dags/example_branch_labels.py took 0.598 seconds
[2025-12-27T13:51:22.461+0000] {processor.py:161} INFO - Started process (PID=244) to work on /usr/local/lib/python3.11/site-packages/airflow/example_dags/example_branch_labels.py
[2025-12-27T13:51:22.465+0000] {processor.py:830} INFO - Processing file /usr/local/lib/python3.11/site-packages/airflow/example_dags/example_branch_labels.py for tasks to queue
[2025-12-27T13:51:22.469+0000] {logging_mixin.py:188} INFO - [2025-12-27T13:51:22.468+0000] {dagbag.py:545} INFO - Filling up the DagBag from /usr/local/lib/python3.11/site-packages/airflow/example_dags/example_branch_labels.py
[2025-12-27T13:51:22.488+0000] {processor.py:840} INFO - DAG(s) 'example_branch_labels' retrieved from /usr/local/lib/python3.11/site-packages/airflow/example_dags/example_branch_labels.py
[2025-12-27T13:51:22.517+0000] {logging_mixin.py:188} INFO - [2025-12-27T13:51:22.516+0000] {dag.py:3096} INFO - Sync 1 DAGs
[2025-12-27T13:51:22.550+0000] {logging_mixin.py:188} INFO - [2025-12-27T13:51:22.550+0000] {dag.py:3954} INFO - Setting next_dagrun for example_branch_labels to 2025-12-26 00:00:00+00:00, run_after=2025-12-27 00:00:00+00:00
[2025-12-27T13:51:22.734+0000] {processor.py:183} INFO - Processing /usr/local/lib/python3.11/site-packages/airflow/example_dags/example_branch_labels.py took 0.303 seconds
[2025-12-27T13:52:46.176+0000] {processor.py:161} INFO - Started process (PID=304) to work on /usr/local/lib/python3.11/site-packages/airflow/example_dags/example_branch_labels.py
[2025-12-27T13:52:46.177+0000] {processor.py:830} INFO - Processing file /usr/local/lib/python3.11/site-packages/airflow/example_dags/example_branch_labels.py for tasks to queue
[2025-12-27T13:52:46.180+0000] {logging_mixin.py:188} INFO - [2025-12-27T13:52:46.179+0000] {dagbag.py:545} INFO - Filling up the DagBag from /usr/local/lib/python3.11/site-packages/airflow/example_dags/example_branch_labels.py
[2025-12-27T13:52:46.189+0000] {processor.py:840} INFO - DAG(s) 'example_branch_labels' retrieved from /usr/local/lib/python3.11/site-packages/airflow/example_dags/example_branch_labels.py
[2025-12-27T13:52:46.225+0000] {logging_mixin.py:188} INFO - [2025-12-27T13:52:46.225+0000] {dag.py:3096} INFO - Sync 1 DAGs
[2025-12-27T13:52:46.262+0000] {logging_mixin.py:188} INFO - [2025-12-27T13:52:46.261+0000] {dag.py:3954} INFO - Setting next_dagrun for example_branch_labels to 2025-12-26 00:00:00+00:00, run_after=2025-12-27 00:00:00+00:00
[2025-12-27T13:52:46.439+0000] {processor.py:183} INFO - Processing /usr/local/lib/python3.11/site-packages/airflow/example_dags/example_branch_labels.py took 0.276 seconds
[2025-12-27T13:54:10.747+0000] {processor.py:161} INFO - Started process (PID=365) to work on /usr/local/lib/python3.11/site-packages/airflow/example_dags/example_branch_labels.py
[2025-12-27T13:54:10.749+0000] {processor.py:830} INFO - Processing file /usr/local/lib/python3.11/site-packages/airflow/example_dags/example_branch_labels.py for tasks to queue
[2025-12-27T13:54:10.752+0000] {logging_mixin.py:188} INFO - [2025-12-27T13:54:10.751+0000] {dagbag.py:545} INFO - Filling up the DagBag from /usr/local/lib/python3.11/site-packages/airflow/example_dags/example_branch_labels.py
[2025-12-27T13:54:10.762+0000] {processor.py:840} INFO - DAG(s) 'example_branch_labels' retrieved from /usr/local/lib/python3.11/site-packages/airflow/example_dags/example_branch_labels.py
[2025-12-27T13:54:10.797+0000] {logging_mixin.py:188} INFO - [2025-12-27T13:54:10.797+0000] {dag.py:3096} INFO - Sync 1 DAGs
[2025-12-27T13:54:10.832+0000] {logging_mixin.py:188} INFO - [2025-12-27T13:54:10.832+0000] {dag.py:3954} INFO - Setting next_dagrun for example_branch_labels to 2025-12-26 00:00:00+00:00, run_after=2025-12-27 00:00:00+00:00
[2025-12-27T13:54:11.041+0000] {processor.py:183} INFO - Processing /usr/local/lib/python3.11/site-packages/airflow/example_dags/example_branch_labels.py took 0.310 seconds
[2025-12-27T13:55:35.111+0000] {processor.py:161} INFO - Started process (PID=427) to work on /usr/local/lib/python3.11/site-packages/airflow/example_dags/example_branch_labels.py
[2025-12-27T13:55:35.113+0000] {processor.py:830} INFO - Processing file /usr/local/lib/python3.11/site-packages/airflow/example_dags/example_branch_labels.py for tasks to queue
[2025-12-27T13:55:35.115+0000] {logging_mixin.py:188} INFO - [2025-12-27T13:55:35.115+0000] {dagbag.py:545} INFO - Filling up the DagBag from /usr/local/lib/python3.11/site-packages/airflow/example_dags/example_branch_labels.py
[2025-12-27T13:55:35.125+0000] {processor.py:840} INFO - DAG(s) 'example_branch_labels' retrieved from /usr/local/lib/python3.11/site-packages/airflow/example_dags/example_branch_labels.py
[2025-12-27T13:55:35.158+0000] {logging_mixin.py:188} INFO - [2025-12-27T13:55:35.158+0000] {dag.py:3096} INFO - Sync 1 DAGs
[2025-12-27T13:55:35.191+0000] {logging_mixin.py:188} INFO - [2025-12-27T13:55:35.191+0000] {dag.py:3954} INFO - Setting next_dagrun for example_branch_labels to 2025-12-26 00:00:00+00:00, run_after=2025-12-27 00:00:00+00:00
[2025-12-27T13:55:35.431+0000] {processor.py:183} INFO - Processing /usr/local/lib/python3.11/site-packages/airflow/example_dags/example_branch_labels.py took 0.335 seconds
[2025-12-27T13:57:00.350+0000] {processor.py:161} INFO - Started process (PID=488) to work on /usr/local/lib/python3.11/site-packages/airflow/example_dags/example_branch_labels.py
[2025-12-27T13:57:00.351+0000] {processor.py:830} INFO - Processing file /usr/local/lib/python3.11/site-packages/airflow/example_dags/example_branch_labels.py for tasks to queue
[2025-12-27T13:57:00.353+0000] {logging_mixin.py:188} INFO - [2025-12-27T13:57:00.353+0000] {dagbag.py:545} INFO - Filling up the DagBag from /usr/local/lib/python3.11/site-packages/airflow/example_dags/example_branch_labels.py
[2025-12-27T13:57:00.366+0000] {processor.py:840} INFO - DAG(s) 'example_branch_labels' retrieved from /usr/local/lib/python3.11/site-packages/airflow/example_dags/example_branch_labels.py
[2025-12-27T13:57:00.404+0000] {logging_mixin.py:188} INFO - [2025-12-27T13:57:00.403+0000] {dag.py:3096} INFO - Sync 1 DAGs
[2025-12-27T13:57:00.450+0000] {logging_mixin.py:188} INFO - [2025-12-27T13:57:00.450+0000] {dag.py:3954} INFO - Setting next_dagrun for example_branch_labels to 2025-12-26 00:00:00+00:00, run_after=2025-12-27 00:00:00+00:00
[2025-12-27T13:57:00.686+0000] {processor.py:183} INFO - Processing /usr/local/lib/python3.11/site-packages/airflow/example_dags/example_branch_labels.py took 0.354 seconds
[2025-12-27T13:58:25.550+0000] {processor.py:161} INFO - Started process (PID=549) to work on /usr/local/lib/python3.11/site-packages/airflow/example_dags/example_branch_labels.py
[2025-12-27T13:58:25.551+0000] {processor.py:830} INFO - Processing file /usr/local/lib/python3.11/site-packages/airflow/example_dags/example_branch_labels.py for tasks to queue
[2025-12-27T13:58:25.554+0000] {logging_mixin.py:188} INFO - [2025-12-27T13:58:25.553+0000] {dagbag.py:545} INFO - Filling up the DagBag from /usr/local/lib/python3.11/site-packages/airflow/example_dags/example_branch_labels.py
[2025-12-27T13:58:25.565+0000] {processor.py:840} INFO - DAG(s) 'example_branch_labels' retrieved from /usr/local/lib/python3.11/site-packages/airflow/example_dags/example_branch_labels.py
[2025-12-27T13:58:25.600+0000] {logging_mixin.py:188} INFO - [2025-12-27T13:58:25.599+0000] {dag.py:3096} INFO - Sync 1 DAGs
[2025-12-27T13:58:25.633+0000] {logging_mixin.py:188} INFO - [2025-12-27T13:58:25.633+0000] {dag.py:3954} INFO - Setting next_dagrun for example_branch_labels to 2025-12-26 00:00:00+00:00, run_after=2025-12-27 00:00:00+00:00
[2025-12-27T13:58:25.892+0000] {processor.py:183} INFO - Processing /usr/local/lib/python3.11/site-packages/airflow/example_dags/example_branch_labels.py took 0.364 seconds
[2025-12-27T13:59:51.275+0000] {processor.py:161} INFO - Started process (PID=610) to work on /usr/local/lib/python3.11/site-packages/airflow/example_dags/example_branch_labels.py
[2025-12-27T13:59:51.276+0000] {processor.py:830} INFO - Processing file /usr/local/lib/python3.11/site-packages/airflow/example_dags/example_branch_labels.py for tasks to queue
[2025-12-27T13:59:51.278+0000] {logging_mixin.py:188} INFO - [2025-12-27T13:59:51.278+0000] {dagbag.py:545} INFO - Filling up the DagBag from /usr/local/lib/python3.11/site-packages/airflow/example_dags/example_branch_labels.py
[2025-12-27T13:59:51.287+0000] {processor.py:840} INFO - DAG(s) 'example_branch_labels' retrieved from /usr/local/lib/python3.11/site-packages/airflow/example_dags/example_branch_labels.py
[2025-12-27T13:59:51.321+0000] {logging_mixin.py:188} INFO - [2025-12-27T13:59:51.321+0000] {dag.py:3096} INFO - Sync 1 DAGs
[2025-12-27T13:59:51.355+0000] {logging_mixin.py:188} INFO - [2025-12-27T13:59:51.354+0000] {dag.py:3954} INFO - Setting next_dagrun for example_branch_labels to 2025-12-26 00:00:00+00:00, run_after=2025-12-27 00:00:00+00:00
[2025-12-27T13:59:51.572+0000] {processor.py:183} INFO - Processing /usr/local/lib/python3.11/site-packages/airflow/example_dags/example_branch_labels.py took 0.316 seconds
[2025-12-27T14:01:34.380+0000] {processor.py:161} INFO - Started process (PID=675) to work on /usr/local/lib/python3.11/site-packages/airflow/example_dags/example_branch_labels.py
[2025-12-27T14:01:34.381+0000] {processor.py:830} INFO - Processing file /usr/local/lib/python3.11/site-packages/airflow/example_dags/example_branch_labels.py for tasks to queue
[2025-12-27T14:01:34.384+0000] {logging_mixin.py:188} INFO - [2025-12-27T14:01:34.383+0000] {dagbag.py:545} INFO - Filling up the DagBag from /usr/local/lib/python3.11/site-packages/airflow/example_dags/example_branch_labels.py
[2025-12-27T14:01:34.398+0000] {processor.py:840} INFO - DAG(s) 'example_branch_labels' retrieved from /usr/local/lib/python3.11/site-packages/airflow/example_dags/example_branch_labels.py
[2025-12-27T14:01:34.439+0000] {logging_mixin.py:188} INFO - [2025-12-27T14:01:34.439+0000] {dag.py:3096} INFO - Sync 1 DAGs
[2025-12-27T14:01:34.508+0000] {logging_mixin.py:188} INFO - [2025-12-27T14:01:34.507+0000] {dag.py:3954} INFO - Setting next_dagrun for example_branch_labels to 2025-12-26 00:00:00+00:00, run_after=2025-12-27 00:00:00+00:00
[2025-12-27T14:01:34.879+0000] {processor.py:183} INFO - Processing /usr/local/lib/python3.11/site-packages/airflow/example_dags/example_branch_labels.py took 0.518 seconds
[2025-12-27T14:03:59.426+0000] {processor.py:161} INFO - Started process (PID=752) to work on /usr/local/lib/python3.11/site-packages/airflow/example_dags/example_branch_labels.py
[2025-12-27T14:03:59.428+0000] {processor.py:830} INFO - Processing file /usr/local/lib/python3.11/site-packages/airflow/example_dags/example_branch_labels.py for tasks to queue
[2025-12-27T14:03:59.431+0000] {logging_mixin.py:188} INFO - [2025-12-27T14:03:59.431+0000] {dagbag.py:545} INFO - Filling up the DagBag from /usr/local/lib/python3.11/site-packages/airflow/example_dags/example_branch_labels.py
[2025-12-27T14:03:59.443+0000] {processor.py:840} INFO - DAG(s) 'example_branch_labels' retrieved from /usr/local/lib/python3.11/site-packages/airflow/example_dags/example_branch_labels.py
[2025-12-27T14:03:59.486+0000] {logging_mixin.py:188} INFO - [2025-12-27T14:03:59.486+0000] {dag.py:3096} INFO - Sync 1 DAGs
[2025-12-27T14:03:59.525+0000] {logging_mixin.py:188} INFO - [2025-12-27T14:03:59.525+0000] {dag.py:3954} INFO - Setting next_dagrun for example_branch_labels to 2025-12-26 00:00:00+00:00, run_after=2025-12-27 00:00:00+00:00
[2025-12-27T14:03:59.782+0000] {processor.py:183} INFO - Processing /usr/local/lib/python3.11/site-packages/airflow/example_dags/example_branch_labels.py took 0.377 seconds
[2025-12-27T14:05:47.327+0000] {processor.py:161} INFO - Started process (PID=836) to work on /usr/local/lib/python3.11/site-packages/airflow/example_dags/example_branch_labels.py
[2025-12-27T14:05:47.328+0000] {processor.py:830} INFO - Processing file /usr/local/lib/python3.11/site-packages/airflow/example_dags/example_branch_labels.py for tasks to queue
[2025-12-27T14:05:47.331+0000] {logging_mixin.py:188} INFO - [2025-12-27T14:05:47.330+0000] {dagbag.py:545} INFO - Filling up the DagBag from /usr/local/lib/python3.11/site-packages/airflow/example_dags/example_branch_labels.py
[2025-12-27T14:05:47.341+0000] {processor.py:840} INFO - DAG(s) 'example_branch_labels' retrieved from /usr/local/lib/python3.11/site-packages/airflow/example_dags/example_branch_labels.py
[2025-12-27T14:05:47.599+0000] {logging_mixin.py:188} INFO - [2025-12-27T14:05:47.598+0000] {dag.py:3096} INFO - Sync 1 DAGs
[2025-12-27T14:05:47.642+0000] {logging_mixin.py:188} INFO - [2025-12-27T14:05:47.642+0000] {dag.py:3954} INFO - Setting next_dagrun for example_branch_labels to 2025-12-26 00:00:00+00:00, run_after=2025-12-27 00:00:00+00:00
[2025-12-27T14:05:48.031+0000] {processor.py:183} INFO - Processing /usr/local/lib/python3.11/site-packages/airflow/example_dags/example_branch_labels.py took 0.719 seconds
[2025-12-27T14:07:32.607+0000] {processor.py:161} INFO - Started process (PID=903) to work on /usr/local/lib/python3.11/site-packages/airflow/example_dags/example_branch_labels.py
[2025-12-27T14:07:32.613+0000] {processor.py:830} INFO - Processing file /usr/local/lib/python3.11/site-packages/airflow/example_dags/example_branch_labels.py for tasks to queue
[2025-12-27T14:07:32.617+0000] {logging_mixin.py:188} INFO - [2025-12-27T14:07:32.616+0000] {dagbag.py:545} INFO - Filling up the DagBag from /usr/local/lib/python3.11/site-packages/airflow/example_dags/example_branch_labels.py
[2025-12-27T14:07:32.646+0000] {processor.py:840} INFO - DAG(s) 'example_branch_labels' retrieved from /usr/local/lib/python3.11/site-packages/airflow/example_dags/example_branch_labels.py
[2025-12-27T14:07:32.722+0000] {logging_mixin.py:188} INFO - [2025-12-27T14:07:32.722+0000] {dag.py:3096} INFO - Sync 1 DAGs
[2025-12-27T14:07:32.785+0000] {logging_mixin.py:188} INFO - [2025-12-27T14:07:32.784+0000] {dag.py:3954} INFO - Setting next_dagrun for example_branch_labels to 2025-12-26 00:00:00+00:00, run_after=2025-12-27 00:00:00+00:00
[2025-12-27T14:07:33.229+0000] {processor.py:183} INFO - Processing /usr/local/lib/python3.11/site-packages/airflow/example_dags/example_branch_labels.py took 0.680 seconds
[2025-12-27T14:09:15.786+0000] {processor.py:161} INFO - Started process (PID=969) to work on /usr/local/lib/python3.11/site-packages/airflow/example_dags/example_branch_labels.py
[2025-12-27T14:09:15.788+0000] {processor.py:830} INFO - Processing file /usr/local/lib/python3.11/site-packages/airflow/example_dags/example_branch_labels.py for tasks to queue
[2025-12-27T14:09:15.791+0000] {logging_mixin.py:188} INFO - [2025-12-27T14:09:15.790+0000] {dagbag.py:545} INFO - Filling up the DagBag from /usr/local/lib/python3.11/site-packages/airflow/example_dags/example_branch_labels.py
[2025-12-27T14:09:15.811+0000] {processor.py:840} INFO - DAG(s) 'example_branch_labels' retrieved from /usr/local/lib/python3.11/site-packages/airflow/example_dags/example_branch_labels.py
[2025-12-27T14:09:15.863+0000] {logging_mixin.py:188} INFO - [2025-12-27T14:09:15.863+0000] {dag.py:3096} INFO - Sync 1 DAGs
[2025-12-27T14:09:15.903+0000] {logging_mixin.py:188} INFO - [2025-12-27T14:09:15.902+0000] {dag.py:3954} INFO - Setting next_dagrun for example_branch_labels to 2025-12-26 00:00:00+00:00, run_after=2025-12-27 00:00:00+00:00
[2025-12-27T14:09:16.179+0000] {processor.py:183} INFO - Processing /usr/local/lib/python3.11/site-packages/airflow/example_dags/example_branch_labels.py took 0.413 seconds
[2025-12-27T14:11:07.891+0000] {processor.py:161} INFO - Started process (PID=1034) to work on /usr/local/lib/python3.11/site-packages/airflow/example_dags/example_branch_labels.py
[2025-12-27T14:11:07.893+0000] {processor.py:830} INFO - Processing file /usr/local/lib/python3.11/site-packages/airflow/example_dags/example_branch_labels.py for tasks to queue
[2025-12-27T14:11:07.907+0000] {logging_mixin.py:188} INFO - [2025-12-27T14:11:07.906+0000] {dagbag.py:545} INFO - Filling up the DagBag from /usr/local/lib/python3.11/site-packages/airflow/example_dags/example_branch_labels.py
[2025-12-27T14:11:07.946+0000] {processor.py:840} INFO - DAG(s) 'example_branch_labels' retrieved from /usr/local/lib/python3.11/site-packages/airflow/example_dags/example_branch_labels.py
[2025-12-27T14:11:08.326+0000] {logging_mixin.py:188} INFO - [2025-12-27T14:11:08.325+0000] {dag.py:3096} INFO - Sync 1 DAGs
[2025-12-27T14:11:08.367+0000] {logging_mixin.py:188} INFO - [2025-12-27T14:11:08.367+0000] {dag.py:3954} INFO - Setting next_dagrun for example_branch_labels to 2025-12-26 00:00:00+00:00, run_after=2025-12-27 00:00:00+00:00
[2025-12-27T14:11:08.862+0000] {processor.py:183} INFO - Processing /usr/local/lib/python3.11/site-packages/airflow/example_dags/example_branch_labels.py took 1.001 seconds
[2025-12-27T14:13:12.493+0000] {processor.py:161} INFO - Started process (PID=1106) to work on /usr/local/lib/python3.11/site-packages/airflow/example_dags/example_branch_labels.py
[2025-12-27T14:13:12.495+0000] {processor.py:830} INFO - Processing file /usr/local/lib/python3.11/site-packages/airflow/example_dags/example_branch_labels.py for tasks to queue
[2025-12-27T14:13:12.498+0000] {logging_mixin.py:188} INFO - [2025-12-27T14:13:12.497+0000] {dagbag.py:545} INFO - Filling up the DagBag from /usr/local/lib/python3.11/site-packages/airflow/example_dags/example_branch_labels.py
[2025-12-27T14:13:12.521+0000] {processor.py:840} INFO - DAG(s) 'example_branch_labels' retrieved from /usr/local/lib/python3.11/site-packages/airflow/example_dags/example_branch_labels.py
[2025-12-27T14:13:12.570+0000] {logging_mixin.py:188} INFO - [2025-12-27T14:13:12.570+0000] {dag.py:3096} INFO - Sync 1 DAGs
[2025-12-27T14:13:12.629+0000] {logging_mixin.py:188} INFO - [2025-12-27T14:13:12.629+0000] {dag.py:3954} INFO - Setting next_dagrun for example_branch_labels to 2025-12-26 00:00:00+00:00, run_after=2025-12-27 00:00:00+00:00
[2025-12-27T14:13:12.904+0000] {processor.py:183} INFO - Processing /usr/local/lib/python3.11/site-packages/airflow/example_dags/example_branch_labels.py took 0.431 seconds
[2025-12-27T14:32:45.457+0000] {processor.py:161} INFO - Started process (PID=64) to work on /usr/local/lib/python3.11/site-packages/airflow/example_dags/example_branch_labels.py
[2025-12-27T14:32:45.458+0000] {processor.py:830} INFO - Processing file /usr/local/lib/python3.11/site-packages/airflow/example_dags/example_branch_labels.py for tasks to queue
[2025-12-27T14:32:45.460+0000] {logging_mixin.py:188} INFO - [2025-12-27T14:32:45.460+0000] {dagbag.py:545} INFO - Filling up the DagBag from /usr/local/lib/python3.11/site-packages/airflow/example_dags/example_branch_labels.py
[2025-12-27T14:32:45.470+0000] {processor.py:840} INFO - DAG(s) 'example_branch_labels' retrieved from /usr/local/lib/python3.11/site-packages/airflow/example_dags/example_branch_labels.py
[2025-12-27T14:32:45.623+0000] {logging_mixin.py:188} INFO - [2025-12-27T14:32:45.622+0000] {dag.py:3096} INFO - Sync 1 DAGs
[2025-12-27T14:32:45.652+0000] {logging_mixin.py:188} INFO - [2025-12-27T14:32:45.652+0000] {dag.py:3954} INFO - Setting next_dagrun for example_branch_labels to 2025-12-26 00:00:00+00:00, run_after=2025-12-27 00:00:00+00:00
[2025-12-27T14:32:45.939+0000] {processor.py:183} INFO - Processing /usr/local/lib/python3.11/site-packages/airflow/example_dags/example_branch_labels.py took 0.496 seconds
[2025-12-27T14:34:13.195+0000] {processor.py:161} INFO - Started process (PID=116) to work on /usr/local/lib/python3.11/site-packages/airflow/example_dags/example_branch_labels.py
[2025-12-27T14:34:13.201+0000] {processor.py:830} INFO - Processing file /usr/local/lib/python3.11/site-packages/airflow/example_dags/example_branch_labels.py for tasks to queue
[2025-12-27T14:34:13.204+0000] {logging_mixin.py:188} INFO - [2025-12-27T14:34:13.203+0000] {dagbag.py:545} INFO - Filling up the DagBag from /usr/local/lib/python3.11/site-packages/airflow/example_dags/example_branch_labels.py
[2025-12-27T14:34:13.215+0000] {processor.py:840} INFO - DAG(s) 'example_branch_labels' retrieved from /usr/local/lib/python3.11/site-packages/airflow/example_dags/example_branch_labels.py
[2025-12-27T14:34:13.252+0000] {logging_mixin.py:188} INFO - [2025-12-27T14:34:13.252+0000] {dag.py:3096} INFO - Sync 1 DAGs
[2025-12-27T14:34:13.288+0000] {logging_mixin.py:188} INFO - [2025-12-27T14:34:13.288+0000] {dag.py:3954} INFO - Setting next_dagrun for example_branch_labels to 2025-12-26 00:00:00+00:00, run_after=2025-12-27 00:00:00+00:00
[2025-12-27T14:34:13.518+0000] {processor.py:183} INFO - Processing /usr/local/lib/python3.11/site-packages/airflow/example_dags/example_branch_labels.py took 0.370 seconds
[2025-12-27T14:36:01.218+0000] {processor.py:161} INFO - Started process (PID=183) to work on /usr/local/lib/python3.11/site-packages/airflow/example_dags/example_branch_labels.py
[2025-12-27T14:36:01.220+0000] {processor.py:830} INFO - Processing file /usr/local/lib/python3.11/site-packages/airflow/example_dags/example_branch_labels.py for tasks to queue
[2025-12-27T14:36:01.223+0000] {logging_mixin.py:188} INFO - [2025-12-27T14:36:01.222+0000] {dagbag.py:545} INFO - Filling up the DagBag from /usr/local/lib/python3.11/site-packages/airflow/example_dags/example_branch_labels.py
[2025-12-27T14:36:01.237+0000] {processor.py:840} INFO - DAG(s) 'example_branch_labels' retrieved from /usr/local/lib/python3.11/site-packages/airflow/example_dags/example_branch_labels.py
[2025-12-27T14:36:01.288+0000] {logging_mixin.py:188} INFO - [2025-12-27T14:36:01.287+0000] {dag.py:3096} INFO - Sync 1 DAGs
[2025-12-27T14:36:01.326+0000] {logging_mixin.py:188} INFO - [2025-12-27T14:36:01.326+0000] {dag.py:3954} INFO - Setting next_dagrun for example_branch_labels to 2025-12-26 00:00:00+00:00, run_after=2025-12-27 00:00:00+00:00
[2025-12-27T14:36:01.559+0000] {processor.py:183} INFO - Processing /usr/local/lib/python3.11/site-packages/airflow/example_dags/example_branch_labels.py took 0.359 seconds
[2025-12-27T14:54:16.566+0000] {processor.py:161} INFO - Started process (PID=68) to work on /usr/local/lib/python3.11/site-packages/airflow/example_dags/example_branch_labels.py
[2025-12-27T14:54:16.567+0000] {processor.py:830} INFO - Processing file /usr/local/lib/python3.11/site-packages/airflow/example_dags/example_branch_labels.py for tasks to queue
[2025-12-27T14:54:16.569+0000] {logging_mixin.py:188} INFO - [2025-12-27T14:54:16.569+0000] {dagbag.py:545} INFO - Filling up the DagBag from /usr/local/lib/python3.11/site-packages/airflow/example_dags/example_branch_labels.py
[2025-12-27T14:54:16.579+0000] {processor.py:840} INFO - DAG(s) 'example_branch_labels' retrieved from /usr/local/lib/python3.11/site-packages/airflow/example_dags/example_branch_labels.py
[2025-12-27T14:54:17.546+0000] {logging_mixin.py:188} INFO - [2025-12-27T14:54:17.545+0000] {override.py:1930} INFO - Created Permission View: can delete on DAG:example_branch_labels
[2025-12-27T14:54:17.724+0000] {logging_mixin.py:188} INFO - [2025-12-27T14:54:17.723+0000] {override.py:1930} INFO - Created Permission View: can edit on DAG:example_branch_labels
[2025-12-27T14:54:17.967+0000] {logging_mixin.py:188} INFO - [2025-12-27T14:54:17.966+0000] {override.py:1930} INFO - Created Permission View: can read on DAG:example_branch_labels
[2025-12-27T14:54:17.968+0000] {logging_mixin.py:188} INFO - [2025-12-27T14:54:17.968+0000] {dag.py:3096} INFO - Sync 1 DAGs
[2025-12-27T14:54:17.996+0000] {logging_mixin.py:188} INFO - [2025-12-27T14:54:17.996+0000] {dag.py:3118} INFO - Creating ORM DAG for example_branch_labels
[2025-12-27T14:54:18.015+0000] {logging_mixin.py:188} INFO - [2025-12-27T14:54:18.015+0000] {dag.py:3954} INFO - Setting next_dagrun for example_branch_labels to 2025-12-26 00:00:00+00:00, run_after=2025-12-27 00:00:00+00:00
[2025-12-27T14:54:18.553+0000] {processor.py:183} INFO - Processing /usr/local/lib/python3.11/site-packages/airflow/example_dags/example_branch_labels.py took 2.000 seconds
[2025-12-27T14:56:01.794+0000] {processor.py:161} INFO - Started process (PID=120) to work on /usr/local/lib/python3.11/site-packages/airflow/example_dags/example_branch_labels.py
[2025-12-27T14:56:01.796+0000] {processor.py:830} INFO - Processing file /usr/local/lib/python3.11/site-packages/airflow/example_dags/example_branch_labels.py for tasks to queue
[2025-12-27T14:56:01.804+0000] {logging_mixin.py:188} INFO - [2025-12-27T14:56:01.804+0000] {dagbag.py:545} INFO - Filling up the DagBag from /usr/local/lib/python3.11/site-packages/airflow/example_dags/example_branch_labels.py
[2025-12-27T14:56:01.830+0000] {processor.py:840} INFO - DAG(s) 'example_branch_labels' retrieved from /usr/local/lib/python3.11/site-packages/airflow/example_dags/example_branch_labels.py
[2025-12-27T14:56:01.879+0000] {logging_mixin.py:188} INFO - [2025-12-27T14:56:01.879+0000] {dag.py:3096} INFO - Sync 1 DAGs
[2025-12-27T14:56:01.914+0000] {logging_mixin.py:188} INFO - [2025-12-27T14:56:01.914+0000] {dag.py:3954} INFO - Setting next_dagrun for example_branch_labels to 2025-12-26 00:00:00+00:00, run_after=2025-12-27 00:00:00+00:00
[2025-12-27T14:56:02.380+0000] {processor.py:183} INFO - Processing /usr/local/lib/python3.11/site-packages/airflow/example_dags/example_branch_labels.py took 0.601 seconds
[2025-12-27T14:57:51.447+0000] {processor.py:161} INFO - Started process (PID=187) to work on /usr/local/lib/python3.11/site-packages/airflow/example_dags/example_branch_labels.py
[2025-12-27T14:57:51.449+0000] {processor.py:830} INFO - Processing file /usr/local/lib/python3.11/site-packages/airflow/example_dags/example_branch_labels.py for tasks to queue
[2025-12-27T14:57:51.452+0000] {logging_mixin.py:188} INFO - [2025-12-27T14:57:51.451+0000] {dagbag.py:545} INFO - Filling up the DagBag from /usr/local/lib/python3.11/site-packages/airflow/example_dags/example_branch_labels.py
[2025-12-27T14:57:51.464+0000] {processor.py:840} INFO - DAG(s) 'example_branch_labels' retrieved from /usr/local/lib/python3.11/site-packages/airflow/example_dags/example_branch_labels.py
[2025-12-27T14:57:51.501+0000] {logging_mixin.py:188} INFO - [2025-12-27T14:57:51.501+0000] {dag.py:3096} INFO - Sync 1 DAGs
[2025-12-27T14:57:51.542+0000] {logging_mixin.py:188} INFO - [2025-12-27T14:57:51.541+0000] {dag.py:3954} INFO - Setting next_dagrun for example_branch_labels to 2025-12-26 00:00:00+00:00, run_after=2025-12-27 00:00:00+00:00
[2025-12-27T14:57:51.743+0000] {processor.py:183} INFO - Processing /usr/local/lib/python3.11/site-packages/airflow/example_dags/example_branch_labels.py took 0.313 seconds
[2025-12-27T14:59:52.888+0000] {processor.py:161} INFO - Started process (PID=269) to work on /usr/local/lib/python3.11/site-packages/airflow/example_dags/example_branch_labels.py
[2025-12-27T14:59:52.889+0000] {processor.py:830} INFO - Processing file /usr/local/lib/python3.11/site-packages/airflow/example_dags/example_branch_labels.py for tasks to queue
[2025-12-27T14:59:52.892+0000] {logging_mixin.py:188} INFO - [2025-12-27T14:59:52.891+0000] {dagbag.py:545} INFO - Filling up the DagBag from /usr/local/lib/python3.11/site-packages/airflow/example_dags/example_branch_labels.py
[2025-12-27T14:59:52.912+0000] {processor.py:840} INFO - DAG(s) 'example_branch_labels' retrieved from /usr/local/lib/python3.11/site-packages/airflow/example_dags/example_branch_labels.py
[2025-12-27T14:59:53.290+0000] {logging_mixin.py:188} INFO - [2025-12-27T14:59:53.289+0000] {dag.py:3096} INFO - Sync 1 DAGs
[2025-12-27T14:59:53.930+0000] {logging_mixin.py:188} INFO - [2025-12-27T14:59:53.929+0000] {dag.py:3954} INFO - Setting next_dagrun for example_branch_labels to 2025-12-26 00:00:00+00:00, run_after=2025-12-27 00:00:00+00:00
[2025-12-27T14:59:54.798+0000] {processor.py:183} INFO - Processing /usr/local/lib/python3.11/site-packages/airflow/example_dags/example_branch_labels.py took 1.940 seconds
[2025-12-27T15:01:53.586+0000] {processor.py:161} INFO - Started process (PID=347) to work on /usr/local/lib/python3.11/site-packages/airflow/example_dags/example_branch_labels.py
[2025-12-27T15:01:53.587+0000] {processor.py:830} INFO - Processing file /usr/local/lib/python3.11/site-packages/airflow/example_dags/example_branch_labels.py for tasks to queue
[2025-12-27T15:01:53.590+0000] {logging_mixin.py:188} INFO - [2025-12-27T15:01:53.590+0000] {dagbag.py:545} INFO - Filling up the DagBag from /usr/local/lib/python3.11/site-packages/airflow/example_dags/example_branch_labels.py
[2025-12-27T15:01:53.606+0000] {processor.py:840} INFO - DAG(s) 'example_branch_labels' retrieved from /usr/local/lib/python3.11/site-packages/airflow/example_dags/example_branch_labels.py
[2025-12-27T15:01:53.658+0000] {logging_mixin.py:188} INFO - [2025-12-27T15:01:53.658+0000] {dag.py:3096} INFO - Sync 1 DAGs
[2025-12-27T15:01:53.706+0000] {logging_mixin.py:188} INFO - [2025-12-27T15:01:53.706+0000] {dag.py:3954} INFO - Setting next_dagrun for example_branch_labels to 2025-12-26 00:00:00+00:00, run_after=2025-12-27 00:00:00+00:00
[2025-12-27T15:01:53.898+0000] {processor.py:183} INFO - Processing /usr/local/lib/python3.11/site-packages/airflow/example_dags/example_branch_labels.py took 0.359 seconds
[2025-12-27T15:03:46.318+0000] {processor.py:161} INFO - Started process (PID=419) to work on /usr/local/lib/python3.11/site-packages/airflow/example_dags/example_branch_labels.py
[2025-12-27T15:03:46.320+0000] {processor.py:830} INFO - Processing file /usr/local/lib/python3.11/site-packages/airflow/example_dags/example_branch_labels.py for tasks to queue
[2025-12-27T15:03:46.323+0000] {logging_mixin.py:188} INFO - [2025-12-27T15:03:46.322+0000] {dagbag.py:545} INFO - Filling up the DagBag from /usr/local/lib/python3.11/site-packages/airflow/example_dags/example_branch_labels.py
[2025-12-27T15:03:46.337+0000] {processor.py:840} INFO - DAG(s) 'example_branch_labels' retrieved from /usr/local/lib/python3.11/site-packages/airflow/example_dags/example_branch_labels.py
[2025-12-27T15:03:46.379+0000] {logging_mixin.py:188} INFO - [2025-12-27T15:03:46.379+0000] {dag.py:3096} INFO - Sync 1 DAGs
[2025-12-27T15:03:46.418+0000] {logging_mixin.py:188} INFO - [2025-12-27T15:03:46.417+0000] {dag.py:3954} INFO - Setting next_dagrun for example_branch_labels to 2025-12-26 00:00:00+00:00, run_after=2025-12-27 00:00:00+00:00
[2025-12-27T15:03:46.625+0000] {processor.py:183} INFO - Processing /usr/local/lib/python3.11/site-packages/airflow/example_dags/example_branch_labels.py took 0.323 seconds
[2025-12-27T15:05:12.349+0000] {processor.py:161} INFO - Started process (PID=480) to work on /usr/local/lib/python3.11/site-packages/airflow/example_dags/example_branch_labels.py
[2025-12-27T15:05:12.354+0000] {processor.py:830} INFO - Processing file /usr/local/lib/python3.11/site-packages/airflow/example_dags/example_branch_labels.py for tasks to queue
[2025-12-27T15:05:12.356+0000] {logging_mixin.py:188} INFO - [2025-12-27T15:05:12.356+0000] {dagbag.py:545} INFO - Filling up the DagBag from /usr/local/lib/python3.11/site-packages/airflow/example_dags/example_branch_labels.py
[2025-12-27T15:05:12.369+0000] {processor.py:840} INFO - DAG(s) 'example_branch_labels' retrieved from /usr/local/lib/python3.11/site-packages/airflow/example_dags/example_branch_labels.py
[2025-12-27T15:05:12.407+0000] {logging_mixin.py:188} INFO - [2025-12-27T15:05:12.407+0000] {dag.py:3096} INFO - Sync 1 DAGs
[2025-12-27T15:05:12.454+0000] {logging_mixin.py:188} INFO - [2025-12-27T15:05:12.454+0000] {dag.py:3954} INFO - Setting next_dagrun for example_branch_labels to 2025-12-26 00:00:00+00:00, run_after=2025-12-27 00:00:00+00:00
[2025-12-27T15:05:12.639+0000] {processor.py:183} INFO - Processing /usr/local/lib/python3.11/site-packages/airflow/example_dags/example_branch_labels.py took 0.315 seconds
[2025-12-27T15:06:41.587+0000] {processor.py:161} INFO - Started process (PID=542) to work on /usr/local/lib/python3.11/site-packages/airflow/example_dags/example_branch_labels.py
[2025-12-27T15:06:41.588+0000] {processor.py:830} INFO - Processing file /usr/local/lib/python3.11/site-packages/airflow/example_dags/example_branch_labels.py for tasks to queue
[2025-12-27T15:06:41.592+0000] {logging_mixin.py:188} INFO - [2025-12-27T15:06:41.591+0000] {dagbag.py:545} INFO - Filling up the DagBag from /usr/local/lib/python3.11/site-packages/airflow/example_dags/example_branch_labels.py
[2025-12-27T15:06:41.602+0000] {processor.py:840} INFO - DAG(s) 'example_branch_labels' retrieved from /usr/local/lib/python3.11/site-packages/airflow/example_dags/example_branch_labels.py
[2025-12-27T15:06:41.632+0000] {logging_mixin.py:188} INFO - [2025-12-27T15:06:41.632+0000] {dag.py:3096} INFO - Sync 1 DAGs
[2025-12-27T15:06:41.663+0000] {logging_mixin.py:188} INFO - [2025-12-27T15:06:41.663+0000] {dag.py:3954} INFO - Setting next_dagrun for example_branch_labels to 2025-12-26 00:00:00+00:00, run_after=2025-12-27 00:00:00+00:00
[2025-12-27T15:06:41.857+0000] {processor.py:183} INFO - Processing /usr/local/lib/python3.11/site-packages/airflow/example_dags/example_branch_labels.py took 0.302 seconds
[2025-12-27T15:08:13.429+0000] {processor.py:161} INFO - Started process (PID=605) to work on /usr/local/lib/python3.11/site-packages/airflow/example_dags/example_branch_labels.py
[2025-12-27T15:08:13.430+0000] {processor.py:830} INFO - Processing file /usr/local/lib/python3.11/site-packages/airflow/example_dags/example_branch_labels.py for tasks to queue
[2025-12-27T15:08:13.432+0000] {logging_mixin.py:188} INFO - [2025-12-27T15:08:13.432+0000] {dagbag.py:545} INFO - Filling up the DagBag from /usr/local/lib/python3.11/site-packages/airflow/example_dags/example_branch_labels.py
[2025-12-27T15:08:13.446+0000] {processor.py:840} INFO - DAG(s) 'example_branch_labels' retrieved from /usr/local/lib/python3.11/site-packages/airflow/example_dags/example_branch_labels.py
[2025-12-27T15:08:13.486+0000] {logging_mixin.py:188} INFO - [2025-12-27T15:08:13.486+0000] {dag.py:3096} INFO - Sync 1 DAGs
[2025-12-27T15:08:13.526+0000] {logging_mixin.py:188} INFO - [2025-12-27T15:08:13.526+0000] {dag.py:3954} INFO - Setting next_dagrun for example_branch_labels to 2025-12-26 00:00:00+00:00, run_after=2025-12-27 00:00:00+00:00
[2025-12-27T15:08:13.759+0000] {processor.py:183} INFO - Processing /usr/local/lib/python3.11/site-packages/airflow/example_dags/example_branch_labels.py took 0.346 seconds
[2025-12-27T15:10:01.083+0000] {processor.py:161} INFO - Started process (PID=672) to work on /usr/local/lib/python3.11/site-packages/airflow/example_dags/example_branch_labels.py
[2025-12-27T15:10:01.085+0000] {processor.py:830} INFO - Processing file /usr/local/lib/python3.11/site-packages/airflow/example_dags/example_branch_labels.py for tasks to queue
[2025-12-27T15:10:01.087+0000] {logging_mixin.py:188} INFO - [2025-12-27T15:10:01.087+0000] {dagbag.py:545} INFO - Filling up the DagBag from /usr/local/lib/python3.11/site-packages/airflow/example_dags/example_branch_labels.py
[2025-12-27T15:10:01.101+0000] {processor.py:840} INFO - DAG(s) 'example_branch_labels' retrieved from /usr/local/lib/python3.11/site-packages/airflow/example_dags/example_branch_labels.py
[2025-12-27T15:10:01.158+0000] {logging_mixin.py:188} INFO - [2025-12-27T15:10:01.157+0000] {dag.py:3096} INFO - Sync 1 DAGs
[2025-12-27T15:10:01.338+0000] {logging_mixin.py:188} INFO - [2025-12-27T15:10:01.338+0000] {dag.py:3954} INFO - Setting next_dagrun for example_branch_labels to 2025-12-26 00:00:00+00:00, run_after=2025-12-27 00:00:00+00:00
[2025-12-27T15:10:01.650+0000] {processor.py:183} INFO - Processing /usr/local/lib/python3.11/site-packages/airflow/example_dags/example_branch_labels.py took 0.588 seconds
[2025-12-27T15:11:50.718+0000] {processor.py:161} INFO - Started process (PID=740) to work on /usr/local/lib/python3.11/site-packages/airflow/example_dags/example_branch_labels.py
[2025-12-27T15:11:50.719+0000] {processor.py:830} INFO - Processing file /usr/local/lib/python3.11/site-packages/airflow/example_dags/example_branch_labels.py for tasks to queue
[2025-12-27T15:11:50.722+0000] {logging_mixin.py:188} INFO - [2025-12-27T15:11:50.721+0000] {dagbag.py:545} INFO - Filling up the DagBag from /usr/local/lib/python3.11/site-packages/airflow/example_dags/example_branch_labels.py
[2025-12-27T15:11:50.732+0000] {processor.py:840} INFO - DAG(s) 'example_branch_labels' retrieved from /usr/local/lib/python3.11/site-packages/airflow/example_dags/example_branch_labels.py
[2025-12-27T15:11:50.765+0000] {logging_mixin.py:188} INFO - [2025-12-27T15:11:50.765+0000] {dag.py:3096} INFO - Sync 1 DAGs
[2025-12-27T15:11:50.799+0000] {logging_mixin.py:188} INFO - [2025-12-27T15:11:50.799+0000] {dag.py:3954} INFO - Setting next_dagrun for example_branch_labels to 2025-12-26 00:00:00+00:00, run_after=2025-12-27 00:00:00+00:00
[2025-12-27T15:11:50.977+0000] {processor.py:183} INFO - Processing /usr/local/lib/python3.11/site-packages/airflow/example_dags/example_branch_labels.py took 0.273 seconds
[2025-12-27T15:13:23.878+0000] {processor.py:161} INFO - Started process (PID=803) to work on /usr/local/lib/python3.11/site-packages/airflow/example_dags/example_branch_labels.py
[2025-12-27T15:13:23.879+0000] {processor.py:830} INFO - Processing file /usr/local/lib/python3.11/site-packages/airflow/example_dags/example_branch_labels.py for tasks to queue
[2025-12-27T15:13:23.881+0000] {logging_mixin.py:188} INFO - [2025-12-27T15:13:23.881+0000] {dagbag.py:545} INFO - Filling up the DagBag from /usr/local/lib/python3.11/site-packages/airflow/example_dags/example_branch_labels.py
[2025-12-27T15:13:23.891+0000] {processor.py:840} INFO - DAG(s) 'example_branch_labels' retrieved from /usr/local/lib/python3.11/site-packages/airflow/example_dags/example_branch_labels.py
[2025-12-27T15:13:23.933+0000] {logging_mixin.py:188} INFO - [2025-12-27T15:13:23.933+0000] {dag.py:3096} INFO - Sync 1 DAGs
[2025-12-27T15:13:23.977+0000] {logging_mixin.py:188} INFO - [2025-12-27T15:13:23.977+0000] {dag.py:3954} INFO - Setting next_dagrun for example_branch_labels to 2025-12-26 00:00:00+00:00, run_after=2025-12-27 00:00:00+00:00
[2025-12-27T15:13:24.189+0000] {processor.py:183} INFO - Processing /usr/local/lib/python3.11/site-packages/airflow/example_dags/example_branch_labels.py took 0.326 seconds
[2025-12-27T15:15:04.990+0000] {processor.py:161} INFO - Started process (PID=866) to work on /usr/local/lib/python3.11/site-packages/airflow/example_dags/example_branch_labels.py
[2025-12-27T15:15:04.991+0000] {processor.py:830} INFO - Processing file /usr/local/lib/python3.11/site-packages/airflow/example_dags/example_branch_labels.py for tasks to queue
[2025-12-27T15:15:04.994+0000] {logging_mixin.py:188} INFO - [2025-12-27T15:15:04.993+0000] {dagbag.py:545} INFO - Filling up the DagBag from /usr/local/lib/python3.11/site-packages/airflow/example_dags/example_branch_labels.py
[2025-12-27T15:15:05.009+0000] {processor.py:840} INFO - DAG(s) 'example_branch_labels' retrieved from /usr/local/lib/python3.11/site-packages/airflow/example_dags/example_branch_labels.py
[2025-12-27T15:15:05.055+0000] {logging_mixin.py:188} INFO - [2025-12-27T15:15:05.055+0000] {dag.py:3096} INFO - Sync 1 DAGs
[2025-12-27T15:15:05.103+0000] {logging_mixin.py:188} INFO - [2025-12-27T15:15:05.102+0000] {dag.py:3954} INFO - Setting next_dagrun for example_branch_labels to 2025-12-26 00:00:00+00:00, run_after=2025-12-27 00:00:00+00:00
[2025-12-27T15:15:05.316+0000] {processor.py:183} INFO - Processing /usr/local/lib/python3.11/site-packages/airflow/example_dags/example_branch_labels.py took 0.346 seconds
[2025-12-27T15:16:52.201+0000] {processor.py:161} INFO - Started process (PID=933) to work on /usr/local/lib/python3.11/site-packages/airflow/example_dags/example_branch_labels.py
[2025-12-27T15:16:52.203+0000] {processor.py:830} INFO - Processing file /usr/local/lib/python3.11/site-packages/airflow/example_dags/example_branch_labels.py for tasks to queue
[2025-12-27T15:16:52.206+0000] {logging_mixin.py:188} INFO - [2025-12-27T15:16:52.205+0000] {dagbag.py:545} INFO - Filling up the DagBag from /usr/local/lib/python3.11/site-packages/airflow/example_dags/example_branch_labels.py
[2025-12-27T15:16:52.216+0000] {processor.py:840} INFO - DAG(s) 'example_branch_labels' retrieved from /usr/local/lib/python3.11/site-packages/airflow/example_dags/example_branch_labels.py
[2025-12-27T15:16:52.252+0000] {logging_mixin.py:188} INFO - [2025-12-27T15:16:52.252+0000] {dag.py:3096} INFO - Sync 1 DAGs
[2025-12-27T15:16:52.287+0000] {logging_mixin.py:188} INFO - [2025-12-27T15:16:52.287+0000] {dag.py:3954} INFO - Setting next_dagrun for example_branch_labels to 2025-12-26 00:00:00+00:00, run_after=2025-12-27 00:00:00+00:00
[2025-12-27T15:16:52.559+0000] {processor.py:183} INFO - Processing /usr/local/lib/python3.11/site-packages/airflow/example_dags/example_branch_labels.py took 0.375 seconds
[2025-12-27T15:18:37.614+0000] {processor.py:161} INFO - Started process (PID=1000) to work on /usr/local/lib/python3.11/site-packages/airflow/example_dags/example_branch_labels.py
[2025-12-27T15:18:37.615+0000] {processor.py:830} INFO - Processing file /usr/local/lib/python3.11/site-packages/airflow/example_dags/example_branch_labels.py for tasks to queue
[2025-12-27T15:18:37.618+0000] {logging_mixin.py:188} INFO - [2025-12-27T15:18:37.618+0000] {dagbag.py:545} INFO - Filling up the DagBag from /usr/local/lib/python3.11/site-packages/airflow/example_dags/example_branch_labels.py
[2025-12-27T15:18:37.634+0000] {processor.py:840} INFO - DAG(s) 'example_branch_labels' retrieved from /usr/local/lib/python3.11/site-packages/airflow/example_dags/example_branch_labels.py
[2025-12-27T15:18:37.678+0000] {logging_mixin.py:188} INFO - [2025-12-27T15:18:37.677+0000] {dag.py:3096} INFO - Sync 1 DAGs
[2025-12-27T15:18:37.908+0000] {logging_mixin.py:188} INFO - [2025-12-27T15:18:37.908+0000] {dag.py:3954} INFO - Setting next_dagrun for example_branch_labels to 2025-12-26 00:00:00+00:00, run_after=2025-12-27 00:00:00+00:00
[2025-12-27T15:18:38.079+0000] {processor.py:183} INFO - Processing /usr/local/lib/python3.11/site-packages/airflow/example_dags/example_branch_labels.py took 0.485 seconds
[2025-12-27T15:20:22.928+0000] {processor.py:161} INFO - Started process (PID=1066) to work on /usr/local/lib/python3.11/site-packages/airflow/example_dags/example_branch_labels.py
[2025-12-27T15:20:22.929+0000] {processor.py:830} INFO - Processing file /usr/local/lib/python3.11/site-packages/airflow/example_dags/example_branch_labels.py for tasks to queue
[2025-12-27T15:20:22.933+0000] {logging_mixin.py:188} INFO - [2025-12-27T15:20:22.932+0000] {dagbag.py:545} INFO - Filling up the DagBag from /usr/local/lib/python3.11/site-packages/airflow/example_dags/example_branch_labels.py
[2025-12-27T15:20:22.946+0000] {processor.py:840} INFO - DAG(s) 'example_branch_labels' retrieved from /usr/local/lib/python3.11/site-packages/airflow/example_dags/example_branch_labels.py
[2025-12-27T15:20:22.984+0000] {logging_mixin.py:188} INFO - [2025-12-27T15:20:22.983+0000] {dag.py:3096} INFO - Sync 1 DAGs
[2025-12-27T15:20:23.026+0000] {logging_mixin.py:188} INFO - [2025-12-27T15:20:23.026+0000] {dag.py:3954} INFO - Setting next_dagrun for example_branch_labels to 2025-12-26 00:00:00+00:00, run_after=2025-12-27 00:00:00+00:00
[2025-12-27T15:20:23.239+0000] {processor.py:183} INFO - Processing /usr/local/lib/python3.11/site-packages/airflow/example_dags/example_branch_labels.py took 0.329 seconds
[2025-12-27T15:31:30.644+0000] {processor.py:161} INFO - Started process (PID=63) to work on /usr/local/lib/python3.11/site-packages/airflow/example_dags/example_branch_labels.py
[2025-12-27T15:31:30.645+0000] {processor.py:830} INFO - Processing file /usr/local/lib/python3.11/site-packages/airflow/example_dags/example_branch_labels.py for tasks to queue
[2025-12-27T15:31:30.647+0000] {logging_mixin.py:188} INFO - [2025-12-27T15:31:30.647+0000] {dagbag.py:545} INFO - Filling up the DagBag from /usr/local/lib/python3.11/site-packages/airflow/example_dags/example_branch_labels.py
[2025-12-27T15:31:30.657+0000] {processor.py:840} INFO - DAG(s) 'example_branch_labels' retrieved from /usr/local/lib/python3.11/site-packages/airflow/example_dags/example_branch_labels.py
[2025-12-27T15:31:30.808+0000] {logging_mixin.py:188} INFO - [2025-12-27T15:31:30.808+0000] {dag.py:3096} INFO - Sync 1 DAGs
[2025-12-27T15:31:30.838+0000] {logging_mixin.py:188} INFO - [2025-12-27T15:31:30.838+0000] {dag.py:3954} INFO - Setting next_dagrun for example_branch_labels to 2025-12-26 00:00:00+00:00, run_after=2025-12-27 00:00:00+00:00
[2025-12-27T15:31:31.060+0000] {processor.py:183} INFO - Processing /usr/local/lib/python3.11/site-packages/airflow/example_dags/example_branch_labels.py took 0.430 seconds
[2025-12-27T15:33:02.927+0000] {processor.py:161} INFO - Started process (PID=115) to work on /usr/local/lib/python3.11/site-packages/airflow/example_dags/example_branch_labels.py
[2025-12-27T15:33:02.928+0000] {processor.py:830} INFO - Processing file /usr/local/lib/python3.11/site-packages/airflow/example_dags/example_branch_labels.py for tasks to queue
[2025-12-27T15:33:02.931+0000] {logging_mixin.py:188} INFO - [2025-12-27T15:33:02.930+0000] {dagbag.py:545} INFO - Filling up the DagBag from /usr/local/lib/python3.11/site-packages/airflow/example_dags/example_branch_labels.py
[2025-12-27T15:33:02.941+0000] {processor.py:840} INFO - DAG(s) 'example_branch_labels' retrieved from /usr/local/lib/python3.11/site-packages/airflow/example_dags/example_branch_labels.py
[2025-12-27T15:33:02.976+0000] {logging_mixin.py:188} INFO - [2025-12-27T15:33:02.976+0000] {dag.py:3096} INFO - Sync 1 DAGs
[2025-12-27T15:33:03.011+0000] {logging_mixin.py:188} INFO - [2025-12-27T15:33:03.010+0000] {dag.py:3954} INFO - Setting next_dagrun for example_branch_labels to 2025-12-26 00:00:00+00:00, run_after=2025-12-27 00:00:00+00:00
[2025-12-27T15:33:03.272+0000] {processor.py:183} INFO - Processing /usr/local/lib/python3.11/site-packages/airflow/example_dags/example_branch_labels.py took 0.358 seconds
[2025-12-27T15:34:39.941+0000] {processor.py:161} INFO - Started process (PID=180) to work on /usr/local/lib/python3.11/site-packages/airflow/example_dags/example_branch_labels.py
[2025-12-27T15:34:39.942+0000] {processor.py:830} INFO - Processing file /usr/local/lib/python3.11/site-packages/airflow/example_dags/example_branch_labels.py for tasks to queue
[2025-12-27T15:34:39.945+0000] {logging_mixin.py:188} INFO - [2025-12-27T15:34:39.945+0000] {dagbag.py:545} INFO - Filling up the DagBag from /usr/local/lib/python3.11/site-packages/airflow/example_dags/example_branch_labels.py
[2025-12-27T15:34:39.956+0000] {processor.py:840} INFO - DAG(s) 'example_branch_labels' retrieved from /usr/local/lib/python3.11/site-packages/airflow/example_dags/example_branch_labels.py
[2025-12-27T15:34:39.990+0000] {logging_mixin.py:188} INFO - [2025-12-27T15:34:39.989+0000] {dag.py:3096} INFO - Sync 1 DAGs
[2025-12-27T15:34:40.027+0000] {logging_mixin.py:188} INFO - [2025-12-27T15:34:40.027+0000] {dag.py:3954} INFO - Setting next_dagrun for example_branch_labels to 2025-12-26 00:00:00+00:00, run_after=2025-12-27 00:00:00+00:00
[2025-12-27T15:34:40.196+0000] {processor.py:183} INFO - Processing /usr/local/lib/python3.11/site-packages/airflow/example_dags/example_branch_labels.py took 0.271 seconds
[2025-12-27T15:36:10.807+0000] {processor.py:161} INFO - Started process (PID=243) to work on /usr/local/lib/python3.11/site-packages/airflow/example_dags/example_branch_labels.py
[2025-12-27T15:36:10.808+0000] {processor.py:830} INFO - Processing file /usr/local/lib/python3.11/site-packages/airflow/example_dags/example_branch_labels.py for tasks to queue
[2025-12-27T15:36:10.812+0000] {logging_mixin.py:188} INFO - [2025-12-27T15:36:10.811+0000] {dagbag.py:545} INFO - Filling up the DagBag from /usr/local/lib/python3.11/site-packages/airflow/example_dags/example_branch_labels.py
[2025-12-27T15:36:10.828+0000] {processor.py:840} INFO - DAG(s) 'example_branch_labels' retrieved from /usr/local/lib/python3.11/site-packages/airflow/example_dags/example_branch_labels.py
[2025-12-27T15:36:11.027+0000] {logging_mixin.py:188} INFO - [2025-12-27T15:36:11.027+0000] {dag.py:3096} INFO - Sync 1 DAGs
[2025-12-27T15:36:11.068+0000] {logging_mixin.py:188} INFO - [2025-12-27T15:36:11.068+0000] {dag.py:3954} INFO - Setting next_dagrun for example_branch_labels to 2025-12-26 00:00:00+00:00, run_after=2025-12-27 00:00:00+00:00
[2025-12-27T15:36:11.235+0000] {processor.py:183} INFO - Processing /usr/local/lib/python3.11/site-packages/airflow/example_dags/example_branch_labels.py took 0.503 seconds
[2025-12-27T15:37:46.968+0000] {processor.py:161} INFO - Started process (PID=307) to work on /usr/local/lib/python3.11/site-packages/airflow/example_dags/example_branch_labels.py
[2025-12-27T15:37:46.970+0000] {processor.py:830} INFO - Processing file /usr/local/lib/python3.11/site-packages/airflow/example_dags/example_branch_labels.py for tasks to queue
[2025-12-27T15:37:46.972+0000] {logging_mixin.py:188} INFO - [2025-12-27T15:37:46.971+0000] {dagbag.py:545} INFO - Filling up the DagBag from /usr/local/lib/python3.11/site-packages/airflow/example_dags/example_branch_labels.py
[2025-12-27T15:37:46.985+0000] {processor.py:840} INFO - DAG(s) 'example_branch_labels' retrieved from /usr/local/lib/python3.11/site-packages/airflow/example_dags/example_branch_labels.py
[2025-12-27T15:37:47.020+0000] {logging_mixin.py:188} INFO - [2025-12-27T15:37:47.020+0000] {dag.py:3096} INFO - Sync 1 DAGs
[2025-12-27T15:37:47.056+0000] {logging_mixin.py:188} INFO - [2025-12-27T15:37:47.056+0000] {dag.py:3954} INFO - Setting next_dagrun for example_branch_labels to 2025-12-26 00:00:00+00:00, run_after=2025-12-27 00:00:00+00:00
[2025-12-27T15:37:47.292+0000] {processor.py:183} INFO - Processing /usr/local/lib/python3.11/site-packages/airflow/example_dags/example_branch_labels.py took 0.339 seconds
[2025-12-27T15:39:20.283+0000] {processor.py:161} INFO - Started process (PID=369) to work on /usr/local/lib/python3.11/site-packages/airflow/example_dags/example_branch_labels.py
[2025-12-27T15:39:20.285+0000] {processor.py:830} INFO - Processing file /usr/local/lib/python3.11/site-packages/airflow/example_dags/example_branch_labels.py for tasks to queue
[2025-12-27T15:39:20.287+0000] {logging_mixin.py:188} INFO - [2025-12-27T15:39:20.286+0000] {dagbag.py:545} INFO - Filling up the DagBag from /usr/local/lib/python3.11/site-packages/airflow/example_dags/example_branch_labels.py
[2025-12-27T15:39:20.297+0000] {processor.py:840} INFO - DAG(s) 'example_branch_labels' retrieved from /usr/local/lib/python3.11/site-packages/airflow/example_dags/example_branch_labels.py
[2025-12-27T15:39:20.331+0000] {logging_mixin.py:188} INFO - [2025-12-27T15:39:20.331+0000] {dag.py:3096} INFO - Sync 1 DAGs
[2025-12-27T15:39:20.372+0000] {logging_mixin.py:188} INFO - [2025-12-27T15:39:20.372+0000] {dag.py:3954} INFO - Setting next_dagrun for example_branch_labels to 2025-12-26 00:00:00+00:00, run_after=2025-12-27 00:00:00+00:00
[2025-12-27T15:39:20.684+0000] {processor.py:183} INFO - Processing /usr/local/lib/python3.11/site-packages/airflow/example_dags/example_branch_labels.py took 0.415 seconds
[2025-12-27T15:41:08.401+0000] {processor.py:161} INFO - Started process (PID=434) to work on /usr/local/lib/python3.11/site-packages/airflow/example_dags/example_branch_labels.py
[2025-12-27T15:41:08.403+0000] {processor.py:830} INFO - Processing file /usr/local/lib/python3.11/site-packages/airflow/example_dags/example_branch_labels.py for tasks to queue
[2025-12-27T15:41:08.406+0000] {logging_mixin.py:188} INFO - [2025-12-27T15:41:08.405+0000] {dagbag.py:545} INFO - Filling up the DagBag from /usr/local/lib/python3.11/site-packages/airflow/example_dags/example_branch_labels.py
[2025-12-27T15:41:08.424+0000] {processor.py:840} INFO - DAG(s) 'example_branch_labels' retrieved from /usr/local/lib/python3.11/site-packages/airflow/example_dags/example_branch_labels.py
[2025-12-27T15:41:08.468+0000] {logging_mixin.py:188} INFO - [2025-12-27T15:41:08.468+0000] {dag.py:3096} INFO - Sync 1 DAGs
[2025-12-27T15:41:08.513+0000] {logging_mixin.py:188} INFO - [2025-12-27T15:41:08.513+0000] {dag.py:3954} INFO - Setting next_dagrun for example_branch_labels to 2025-12-26 00:00:00+00:00, run_after=2025-12-27 00:00:00+00:00
[2025-12-27T15:41:08.711+0000] {processor.py:183} INFO - Processing /usr/local/lib/python3.11/site-packages/airflow/example_dags/example_branch_labels.py took 0.328 seconds
[2025-12-27T15:44:28.213+0000] {processor.py:161} INFO - Started process (PID=67) to work on /usr/local/lib/python3.11/site-packages/airflow/example_dags/example_branch_labels.py
[2025-12-27T15:44:28.214+0000] {processor.py:830} INFO - Processing file /usr/local/lib/python3.11/site-packages/airflow/example_dags/example_branch_labels.py for tasks to queue
[2025-12-27T15:44:28.216+0000] {logging_mixin.py:188} INFO - [2025-12-27T15:44:28.216+0000] {dagbag.py:545} INFO - Filling up the DagBag from /usr/local/lib/python3.11/site-packages/airflow/example_dags/example_branch_labels.py
[2025-12-27T15:44:28.226+0000] {processor.py:840} INFO - DAG(s) 'example_branch_labels' retrieved from /usr/local/lib/python3.11/site-packages/airflow/example_dags/example_branch_labels.py
[2025-12-27T15:44:28.378+0000] {logging_mixin.py:188} INFO - [2025-12-27T15:44:28.377+0000] {dag.py:3096} INFO - Sync 1 DAGs
[2025-12-27T15:44:28.408+0000] {logging_mixin.py:188} INFO - [2025-12-27T15:44:28.408+0000] {dag.py:3954} INFO - Setting next_dagrun for example_branch_labels to 2025-12-26 00:00:00+00:00, run_after=2025-12-27 00:00:00+00:00
[2025-12-27T15:44:28.716+0000] {processor.py:183} INFO - Processing /usr/local/lib/python3.11/site-packages/airflow/example_dags/example_branch_labels.py took 0.516 seconds
[2025-12-27T15:46:10.606+0000] {processor.py:161} INFO - Started process (PID=130) to work on /usr/local/lib/python3.11/site-packages/airflow/example_dags/example_branch_labels.py
[2025-12-27T15:46:10.607+0000] {processor.py:830} INFO - Processing file /usr/local/lib/python3.11/site-packages/airflow/example_dags/example_branch_labels.py for tasks to queue
[2025-12-27T15:46:10.619+0000] {logging_mixin.py:188} INFO - [2025-12-27T15:46:10.611+0000] {dagbag.py:545} INFO - Filling up the DagBag from /usr/local/lib/python3.11/site-packages/airflow/example_dags/example_branch_labels.py
[2025-12-27T15:46:10.655+0000] {processor.py:840} INFO - DAG(s) 'example_branch_labels' retrieved from /usr/local/lib/python3.11/site-packages/airflow/example_dags/example_branch_labels.py
[2025-12-27T15:46:10.806+0000] {logging_mixin.py:188} INFO - [2025-12-27T15:46:10.805+0000] {dag.py:3096} INFO - Sync 1 DAGs
[2025-12-27T15:46:10.888+0000] {logging_mixin.py:188} INFO - [2025-12-27T15:46:10.888+0000] {dag.py:3954} INFO - Setting next_dagrun for example_branch_labels to 2025-12-26 00:00:00+00:00, run_after=2025-12-27 00:00:00+00:00
[2025-12-27T15:46:11.221+0000] {processor.py:183} INFO - Processing /usr/local/lib/python3.11/site-packages/airflow/example_dags/example_branch_labels.py took 0.641 seconds
[2025-12-27T15:47:52.781+0000] {processor.py:161} INFO - Started process (PID=230) to work on /usr/local/lib/python3.11/site-packages/airflow/example_dags/example_branch_labels.py
[2025-12-27T15:47:52.782+0000] {processor.py:830} INFO - Processing file /usr/local/lib/python3.11/site-packages/airflow/example_dags/example_branch_labels.py for tasks to queue
[2025-12-27T15:47:52.784+0000] {logging_mixin.py:188} INFO - [2025-12-27T15:47:52.784+0000] {dagbag.py:545} INFO - Filling up the DagBag from /usr/local/lib/python3.11/site-packages/airflow/example_dags/example_branch_labels.py
[2025-12-27T15:47:52.796+0000] {processor.py:840} INFO - DAG(s) 'example_branch_labels' retrieved from /usr/local/lib/python3.11/site-packages/airflow/example_dags/example_branch_labels.py
[2025-12-27T15:47:52.831+0000] {logging_mixin.py:188} INFO - [2025-12-27T15:47:52.831+0000] {dag.py:3096} INFO - Sync 1 DAGs
[2025-12-27T15:47:52.868+0000] {logging_mixin.py:188} INFO - [2025-12-27T15:47:52.868+0000] {dag.py:3954} INFO - Setting next_dagrun for example_branch_labels to 2025-12-26 00:00:00+00:00, run_after=2025-12-27 00:00:00+00:00
[2025-12-27T15:47:53.112+0000] {processor.py:183} INFO - Processing /usr/local/lib/python3.11/site-packages/airflow/example_dags/example_branch_labels.py took 0.344 seconds
[2025-12-27T15:49:20.570+0000] {processor.py:161} INFO - Started process (PID=296) to work on /usr/local/lib/python3.11/site-packages/airflow/example_dags/example_branch_labels.py
[2025-12-27T15:49:20.571+0000] {processor.py:830} INFO - Processing file /usr/local/lib/python3.11/site-packages/airflow/example_dags/example_branch_labels.py for tasks to queue
[2025-12-27T15:49:20.573+0000] {logging_mixin.py:188} INFO - [2025-12-27T15:49:20.573+0000] {dagbag.py:545} INFO - Filling up the DagBag from /usr/local/lib/python3.11/site-packages/airflow/example_dags/example_branch_labels.py
[2025-12-27T15:49:20.584+0000] {processor.py:840} INFO - DAG(s) 'example_branch_labels' retrieved from /usr/local/lib/python3.11/site-packages/airflow/example_dags/example_branch_labels.py
[2025-12-27T15:49:20.618+0000] {logging_mixin.py:188} INFO - [2025-12-27T15:49:20.617+0000] {dag.py:3096} INFO - Sync 1 DAGs
[2025-12-27T15:49:20.652+0000] {logging_mixin.py:188} INFO - [2025-12-27T15:49:20.652+0000] {dag.py:3954} INFO - Setting next_dagrun for example_branch_labels to 2025-12-26 00:00:00+00:00, run_after=2025-12-27 00:00:00+00:00
[2025-12-27T15:49:20.836+0000] {processor.py:183} INFO - Processing /usr/local/lib/python3.11/site-packages/airflow/example_dags/example_branch_labels.py took 0.280 seconds
[2025-12-27T15:50:57.751+0000] {processor.py:161} INFO - Started process (PID=375) to work on /usr/local/lib/python3.11/site-packages/airflow/example_dags/example_branch_labels.py
[2025-12-27T15:50:57.752+0000] {processor.py:830} INFO - Processing file /usr/local/lib/python3.11/site-packages/airflow/example_dags/example_branch_labels.py for tasks to queue
[2025-12-27T15:50:57.755+0000] {logging_mixin.py:188} INFO - [2025-12-27T15:50:57.754+0000] {dagbag.py:545} INFO - Filling up the DagBag from /usr/local/lib/python3.11/site-packages/airflow/example_dags/example_branch_labels.py
[2025-12-27T15:50:57.766+0000] {processor.py:840} INFO - DAG(s) 'example_branch_labels' retrieved from /usr/local/lib/python3.11/site-packages/airflow/example_dags/example_branch_labels.py
[2025-12-27T15:50:57.806+0000] {logging_mixin.py:188} INFO - [2025-12-27T15:50:57.806+0000] {dag.py:3096} INFO - Sync 1 DAGs
[2025-12-27T15:50:57.851+0000] {logging_mixin.py:188} INFO - [2025-12-27T15:50:57.851+0000] {dag.py:3954} INFO - Setting next_dagrun for example_branch_labels to 2025-12-26 00:00:00+00:00, run_after=2025-12-27 00:00:00+00:00
[2025-12-27T15:50:58.071+0000] {processor.py:183} INFO - Processing /usr/local/lib/python3.11/site-packages/airflow/example_dags/example_branch_labels.py took 0.334 seconds
[2025-12-27T15:52:28.586+0000] {processor.py:161} INFO - Started process (PID=455) to work on /usr/local/lib/python3.11/site-packages/airflow/example_dags/example_branch_labels.py
[2025-12-27T15:52:28.589+0000] {processor.py:830} INFO - Processing file /usr/local/lib/python3.11/site-packages/airflow/example_dags/example_branch_labels.py for tasks to queue
[2025-12-27T15:52:28.592+0000] {logging_mixin.py:188} INFO - [2025-12-27T15:52:28.592+0000] {dagbag.py:545} INFO - Filling up the DagBag from /usr/local/lib/python3.11/site-packages/airflow/example_dags/example_branch_labels.py
[2025-12-27T15:52:28.606+0000] {processor.py:840} INFO - DAG(s) 'example_branch_labels' retrieved from /usr/local/lib/python3.11/site-packages/airflow/example_dags/example_branch_labels.py
[2025-12-27T15:52:28.640+0000] {logging_mixin.py:188} INFO - [2025-12-27T15:52:28.640+0000] {dag.py:3096} INFO - Sync 1 DAGs
[2025-12-27T15:52:28.674+0000] {logging_mixin.py:188} INFO - [2025-12-27T15:52:28.674+0000] {dag.py:3954} INFO - Setting next_dagrun for example_branch_labels to 2025-12-26 00:00:00+00:00, run_after=2025-12-27 00:00:00+00:00
[2025-12-27T15:52:29.022+0000] {processor.py:183} INFO - Processing /usr/local/lib/python3.11/site-packages/airflow/example_dags/example_branch_labels.py took 0.455 seconds
[2025-12-27T15:54:01.469+0000] {processor.py:161} INFO - Started process (PID=519) to work on /usr/local/lib/python3.11/site-packages/airflow/example_dags/example_branch_labels.py
[2025-12-27T15:54:01.470+0000] {processor.py:830} INFO - Processing file /usr/local/lib/python3.11/site-packages/airflow/example_dags/example_branch_labels.py for tasks to queue
[2025-12-27T15:54:01.473+0000] {logging_mixin.py:188} INFO - [2025-12-27T15:54:01.472+0000] {dagbag.py:545} INFO - Filling up the DagBag from /usr/local/lib/python3.11/site-packages/airflow/example_dags/example_branch_labels.py
[2025-12-27T15:54:01.483+0000] {processor.py:840} INFO - DAG(s) 'example_branch_labels' retrieved from /usr/local/lib/python3.11/site-packages/airflow/example_dags/example_branch_labels.py
[2025-12-27T15:54:01.520+0000] {logging_mixin.py:188} INFO - [2025-12-27T15:54:01.520+0000] {dag.py:3096} INFO - Sync 1 DAGs
[2025-12-27T15:54:01.570+0000] {logging_mixin.py:188} INFO - [2025-12-27T15:54:01.570+0000] {dag.py:3954} INFO - Setting next_dagrun for example_branch_labels to 2025-12-26 00:00:00+00:00, run_after=2025-12-27 00:00:00+00:00
[2025-12-27T15:54:01.771+0000] {processor.py:183} INFO - Processing /usr/local/lib/python3.11/site-packages/airflow/example_dags/example_branch_labels.py took 0.319 seconds
[2025-12-27T15:55:31.623+0000] {processor.py:161} INFO - Started process (PID=589) to work on /usr/local/lib/python3.11/site-packages/airflow/example_dags/example_branch_labels.py
[2025-12-27T15:55:31.625+0000] {processor.py:830} INFO - Processing file /usr/local/lib/python3.11/site-packages/airflow/example_dags/example_branch_labels.py for tasks to queue
[2025-12-27T15:55:31.628+0000] {logging_mixin.py:188} INFO - [2025-12-27T15:55:31.628+0000] {dagbag.py:545} INFO - Filling up the DagBag from /usr/local/lib/python3.11/site-packages/airflow/example_dags/example_branch_labels.py
[2025-12-27T15:55:31.651+0000] {processor.py:840} INFO - DAG(s) 'example_branch_labels' retrieved from /usr/local/lib/python3.11/site-packages/airflow/example_dags/example_branch_labels.py
[2025-12-27T15:55:31.705+0000] {logging_mixin.py:188} INFO - [2025-12-27T15:55:31.704+0000] {dag.py:3096} INFO - Sync 1 DAGs
[2025-12-27T15:55:31.767+0000] {logging_mixin.py:188} INFO - [2025-12-27T15:55:31.767+0000] {dag.py:3954} INFO - Setting next_dagrun for example_branch_labels to 2025-12-26 00:00:00+00:00, run_after=2025-12-27 00:00:00+00:00
[2025-12-27T15:55:31.976+0000] {processor.py:183} INFO - Processing /usr/local/lib/python3.11/site-packages/airflow/example_dags/example_branch_labels.py took 0.374 seconds
[2025-12-27T15:57:05.147+0000] {processor.py:161} INFO - Started process (PID=657) to work on /usr/local/lib/python3.11/site-packages/airflow/example_dags/example_branch_labels.py
[2025-12-27T15:57:05.149+0000] {processor.py:830} INFO - Processing file /usr/local/lib/python3.11/site-packages/airflow/example_dags/example_branch_labels.py for tasks to queue
[2025-12-27T15:57:05.152+0000] {logging_mixin.py:188} INFO - [2025-12-27T15:57:05.151+0000] {dagbag.py:545} INFO - Filling up the DagBag from /usr/local/lib/python3.11/site-packages/airflow/example_dags/example_branch_labels.py
[2025-12-27T15:57:05.165+0000] {processor.py:840} INFO - DAG(s) 'example_branch_labels' retrieved from /usr/local/lib/python3.11/site-packages/airflow/example_dags/example_branch_labels.py
[2025-12-27T15:57:05.208+0000] {logging_mixin.py:188} INFO - [2025-12-27T15:57:05.208+0000] {dag.py:3096} INFO - Sync 1 DAGs
[2025-12-27T15:57:05.237+0000] {logging_mixin.py:188} INFO - [2025-12-27T15:57:05.237+0000] {dag.py:3954} INFO - Setting next_dagrun for example_branch_labels to 2025-12-26 00:00:00+00:00, run_after=2025-12-27 00:00:00+00:00
[2025-12-27T15:57:05.490+0000] {processor.py:183} INFO - Processing /usr/local/lib/python3.11/site-packages/airflow/example_dags/example_branch_labels.py took 0.361 seconds
[2025-12-27T15:58:36.200+0000] {processor.py:161} INFO - Started process (PID=720) to work on /usr/local/lib/python3.11/site-packages/airflow/example_dags/example_branch_labels.py
[2025-12-27T15:58:36.202+0000] {processor.py:830} INFO - Processing file /usr/local/lib/python3.11/site-packages/airflow/example_dags/example_branch_labels.py for tasks to queue
[2025-12-27T15:58:36.206+0000] {logging_mixin.py:188} INFO - [2025-12-27T15:58:36.204+0000] {dagbag.py:545} INFO - Filling up the DagBag from /usr/local/lib/python3.11/site-packages/airflow/example_dags/example_branch_labels.py
[2025-12-27T15:58:36.223+0000] {processor.py:840} INFO - DAG(s) 'example_branch_labels' retrieved from /usr/local/lib/python3.11/site-packages/airflow/example_dags/example_branch_labels.py
[2025-12-27T15:58:36.288+0000] {logging_mixin.py:188} INFO - [2025-12-27T15:58:36.288+0000] {dag.py:3096} INFO - Sync 1 DAGs
[2025-12-27T15:58:36.326+0000] {logging_mixin.py:188} INFO - [2025-12-27T15:58:36.326+0000] {dag.py:3954} INFO - Setting next_dagrun for example_branch_labels to 2025-12-26 00:00:00+00:00, run_after=2025-12-27 00:00:00+00:00
[2025-12-27T15:58:36.513+0000] {processor.py:183} INFO - Processing /usr/local/lib/python3.11/site-packages/airflow/example_dags/example_branch_labels.py took 0.329 seconds
[2025-12-27T16:00:28.358+0000] {processor.py:161} INFO - Started process (PID=788) to work on /usr/local/lib/python3.11/site-packages/airflow/example_dags/example_branch_labels.py
[2025-12-27T16:00:28.362+0000] {processor.py:830} INFO - Processing file /usr/local/lib/python3.11/site-packages/airflow/example_dags/example_branch_labels.py for tasks to queue
[2025-12-27T16:00:28.371+0000] {logging_mixin.py:188} INFO - [2025-12-27T16:00:28.371+0000] {dagbag.py:545} INFO - Filling up the DagBag from /usr/local/lib/python3.11/site-packages/airflow/example_dags/example_branch_labels.py
[2025-12-27T16:00:28.400+0000] {processor.py:840} INFO - DAG(s) 'example_branch_labels' retrieved from /usr/local/lib/python3.11/site-packages/airflow/example_dags/example_branch_labels.py
[2025-12-27T16:00:29.516+0000] {logging_mixin.py:188} INFO - [2025-12-27T16:00:29.516+0000] {dag.py:3096} INFO - Sync 1 DAGs
[2025-12-27T16:00:29.633+0000] {logging_mixin.py:188} INFO - [2025-12-27T16:00:29.633+0000] {dag.py:3954} INFO - Setting next_dagrun for example_branch_labels to 2025-12-26 00:00:00+00:00, run_after=2025-12-27 00:00:00+00:00
[2025-12-27T16:00:29.999+0000] {processor.py:183} INFO - Processing /usr/local/lib/python3.11/site-packages/airflow/example_dags/example_branch_labels.py took 1.677 seconds
