[2025-12-27T13:47:10.065+0000] {processor.py:161} INFO - Started process (PID=74) to work on /usr/local/lib/python3.11/site-packages/airflow/example_dags/example_latest_only_with_trigger.py
[2025-12-27T13:47:10.066+0000] {processor.py:830} INFO - Processing file /usr/local/lib/python3.11/site-packages/airflow/example_dags/example_latest_only_with_trigger.py for tasks to queue
[2025-12-27T13:47:10.069+0000] {logging_mixin.py:188} INFO - [2025-12-27T13:47:10.068+0000] {dagbag.py:545} INFO - Filling up the DagBag from /usr/local/lib/python3.11/site-packages/airflow/example_dags/example_latest_only_with_trigger.py
[2025-12-27T13:47:10.077+0000] {processor.py:840} INFO - DAG(s) 'latest_only_with_trigger' retrieved from /usr/local/lib/python3.11/site-packages/airflow/example_dags/example_latest_only_with_trigger.py
[2025-12-27T13:47:10.549+0000] {logging_mixin.py:188} INFO - [2025-12-27T13:47:10.548+0000] {override.py:1930} INFO - Created Permission View: can edit on DAG:latest_only_with_trigger
[2025-12-27T13:47:10.702+0000] {logging_mixin.py:188} INFO - [2025-12-27T13:47:10.701+0000] {override.py:1930} INFO - Created Permission View: can read on DAG:latest_only_with_trigger
[2025-12-27T13:47:10.856+0000] {logging_mixin.py:188} INFO - [2025-12-27T13:47:10.855+0000] {override.py:1930} INFO - Created Permission View: can delete on DAG:latest_only_with_trigger
[2025-12-27T13:47:10.857+0000] {logging_mixin.py:188} INFO - [2025-12-27T13:47:10.857+0000] {dag.py:3096} INFO - Sync 1 DAGs
[2025-12-27T13:47:10.987+0000] {logging_mixin.py:188} INFO - [2025-12-27T13:47:10.987+0000] {dag.py:3118} INFO - Creating ORM DAG for latest_only_with_trigger
[2025-12-27T13:47:11.002+0000] {logging_mixin.py:188} INFO - [2025-12-27T13:47:11.001+0000] {dag.py:3954} INFO - Setting next_dagrun for latest_only_with_trigger to 2025-12-27 08:00:00+00:00, run_after=2025-12-27 12:00:00+00:00
[2025-12-27T13:47:11.247+0000] {processor.py:183} INFO - Processing /usr/local/lib/python3.11/site-packages/airflow/example_dags/example_latest_only_with_trigger.py took 1.199 seconds
[2025-12-27T13:48:55.120+0000] {processor.py:161} INFO - Started process (PID=142) to work on /usr/local/lib/python3.11/site-packages/airflow/example_dags/example_latest_only_with_trigger.py
[2025-12-27T13:48:55.122+0000] {processor.py:830} INFO - Processing file /usr/local/lib/python3.11/site-packages/airflow/example_dags/example_latest_only_with_trigger.py for tasks to queue
[2025-12-27T13:48:55.124+0000] {logging_mixin.py:188} INFO - [2025-12-27T13:48:55.124+0000] {dagbag.py:545} INFO - Filling up the DagBag from /usr/local/lib/python3.11/site-packages/airflow/example_dags/example_latest_only_with_trigger.py
[2025-12-27T13:48:55.131+0000] {processor.py:840} INFO - DAG(s) 'latest_only_with_trigger' retrieved from /usr/local/lib/python3.11/site-packages/airflow/example_dags/example_latest_only_with_trigger.py
[2025-12-27T13:48:55.164+0000] {logging_mixin.py:188} INFO - [2025-12-27T13:48:55.164+0000] {dag.py:3096} INFO - Sync 1 DAGs
[2025-12-27T13:48:55.318+0000] {logging_mixin.py:188} INFO - [2025-12-27T13:48:55.318+0000] {dag.py:3954} INFO - Setting next_dagrun for latest_only_with_trigger to 2025-12-27 08:00:00+00:00, run_after=2025-12-27 12:00:00+00:00
[2025-12-27T13:48:55.507+0000] {processor.py:183} INFO - Processing /usr/local/lib/python3.11/site-packages/airflow/example_dags/example_latest_only_with_trigger.py took 0.400 seconds
[2025-12-27T13:50:32.674+0000] {processor.py:161} INFO - Started process (PID=207) to work on /usr/local/lib/python3.11/site-packages/airflow/example_dags/example_latest_only_with_trigger.py
[2025-12-27T13:50:32.680+0000] {processor.py:830} INFO - Processing file /usr/local/lib/python3.11/site-packages/airflow/example_dags/example_latest_only_with_trigger.py for tasks to queue
[2025-12-27T13:50:32.684+0000] {logging_mixin.py:188} INFO - [2025-12-27T13:50:32.683+0000] {dagbag.py:545} INFO - Filling up the DagBag from /usr/local/lib/python3.11/site-packages/airflow/example_dags/example_latest_only_with_trigger.py
[2025-12-27T13:50:32.701+0000] {processor.py:840} INFO - DAG(s) 'latest_only_with_trigger' retrieved from /usr/local/lib/python3.11/site-packages/airflow/example_dags/example_latest_only_with_trigger.py
[2025-12-27T13:50:32.753+0000] {logging_mixin.py:188} INFO - [2025-12-27T13:50:32.752+0000] {dag.py:3096} INFO - Sync 1 DAGs
[2025-12-27T13:50:32.830+0000] {logging_mixin.py:188} INFO - [2025-12-27T13:50:32.830+0000] {dag.py:3954} INFO - Setting next_dagrun for latest_only_with_trigger to 2025-12-27 08:00:00+00:00, run_after=2025-12-27 12:00:00+00:00
[2025-12-27T13:50:33.089+0000] {processor.py:183} INFO - Processing /usr/local/lib/python3.11/site-packages/airflow/example_dags/example_latest_only_with_trigger.py took 0.451 seconds
[2025-12-27T13:51:55.723+0000] {processor.py:161} INFO - Started process (PID=268) to work on /usr/local/lib/python3.11/site-packages/airflow/example_dags/example_latest_only_with_trigger.py
[2025-12-27T13:51:55.724+0000] {processor.py:830} INFO - Processing file /usr/local/lib/python3.11/site-packages/airflow/example_dags/example_latest_only_with_trigger.py for tasks to queue
[2025-12-27T13:51:55.727+0000] {logging_mixin.py:188} INFO - [2025-12-27T13:51:55.726+0000] {dagbag.py:545} INFO - Filling up the DagBag from /usr/local/lib/python3.11/site-packages/airflow/example_dags/example_latest_only_with_trigger.py
[2025-12-27T13:51:55.735+0000] {processor.py:840} INFO - DAG(s) 'latest_only_with_trigger' retrieved from /usr/local/lib/python3.11/site-packages/airflow/example_dags/example_latest_only_with_trigger.py
[2025-12-27T13:51:55.784+0000] {logging_mixin.py:188} INFO - [2025-12-27T13:51:55.784+0000] {dag.py:3096} INFO - Sync 1 DAGs
[2025-12-27T13:51:55.988+0000] {logging_mixin.py:188} INFO - [2025-12-27T13:51:55.988+0000] {dag.py:3954} INFO - Setting next_dagrun for latest_only_with_trigger to 2025-12-27 08:00:00+00:00, run_after=2025-12-27 12:00:00+00:00
[2025-12-27T13:51:56.180+0000] {processor.py:183} INFO - Processing /usr/local/lib/python3.11/site-packages/airflow/example_dags/example_latest_only_with_trigger.py took 0.475 seconds
[2025-12-27T13:53:17.780+0000] {processor.py:161} INFO - Started process (PID=327) to work on /usr/local/lib/python3.11/site-packages/airflow/example_dags/example_latest_only_with_trigger.py
[2025-12-27T13:53:17.781+0000] {processor.py:830} INFO - Processing file /usr/local/lib/python3.11/site-packages/airflow/example_dags/example_latest_only_with_trigger.py for tasks to queue
[2025-12-27T13:53:17.783+0000] {logging_mixin.py:188} INFO - [2025-12-27T13:53:17.783+0000] {dagbag.py:545} INFO - Filling up the DagBag from /usr/local/lib/python3.11/site-packages/airflow/example_dags/example_latest_only_with_trigger.py
[2025-12-27T13:53:17.790+0000] {processor.py:840} INFO - DAG(s) 'latest_only_with_trigger' retrieved from /usr/local/lib/python3.11/site-packages/airflow/example_dags/example_latest_only_with_trigger.py
[2025-12-27T13:53:17.821+0000] {logging_mixin.py:188} INFO - [2025-12-27T13:53:17.821+0000] {dag.py:3096} INFO - Sync 1 DAGs
[2025-12-27T13:53:17.854+0000] {logging_mixin.py:188} INFO - [2025-12-27T13:53:17.854+0000] {dag.py:3954} INFO - Setting next_dagrun for latest_only_with_trigger to 2025-12-27 08:00:00+00:00, run_after=2025-12-27 12:00:00+00:00
[2025-12-27T13:53:18.094+0000] {processor.py:183} INFO - Processing /usr/local/lib/python3.11/site-packages/airflow/example_dags/example_latest_only_with_trigger.py took 0.332 seconds
[2025-12-27T13:54:42.266+0000] {processor.py:161} INFO - Started process (PID=389) to work on /usr/local/lib/python3.11/site-packages/airflow/example_dags/example_latest_only_with_trigger.py
[2025-12-27T13:54:42.267+0000] {processor.py:830} INFO - Processing file /usr/local/lib/python3.11/site-packages/airflow/example_dags/example_latest_only_with_trigger.py for tasks to queue
[2025-12-27T13:54:42.269+0000] {logging_mixin.py:188} INFO - [2025-12-27T13:54:42.269+0000] {dagbag.py:545} INFO - Filling up the DagBag from /usr/local/lib/python3.11/site-packages/airflow/example_dags/example_latest_only_with_trigger.py
[2025-12-27T13:54:42.276+0000] {processor.py:840} INFO - DAG(s) 'latest_only_with_trigger' retrieved from /usr/local/lib/python3.11/site-packages/airflow/example_dags/example_latest_only_with_trigger.py
[2025-12-27T13:54:42.311+0000] {logging_mixin.py:188} INFO - [2025-12-27T13:54:42.311+0000] {dag.py:3096} INFO - Sync 1 DAGs
[2025-12-27T13:54:42.344+0000] {logging_mixin.py:188} INFO - [2025-12-27T13:54:42.344+0000] {dag.py:3954} INFO - Setting next_dagrun for latest_only_with_trigger to 2025-12-27 08:00:00+00:00, run_after=2025-12-27 12:00:00+00:00
[2025-12-27T13:54:42.592+0000] {processor.py:183} INFO - Processing /usr/local/lib/python3.11/site-packages/airflow/example_dags/example_latest_only_with_trigger.py took 0.340 seconds
[2025-12-27T13:56:06.756+0000] {processor.py:161} INFO - Started process (PID=450) to work on /usr/local/lib/python3.11/site-packages/airflow/example_dags/example_latest_only_with_trigger.py
[2025-12-27T13:56:06.757+0000] {processor.py:830} INFO - Processing file /usr/local/lib/python3.11/site-packages/airflow/example_dags/example_latest_only_with_trigger.py for tasks to queue
[2025-12-27T13:56:06.760+0000] {logging_mixin.py:188} INFO - [2025-12-27T13:56:06.759+0000] {dagbag.py:545} INFO - Filling up the DagBag from /usr/local/lib/python3.11/site-packages/airflow/example_dags/example_latest_only_with_trigger.py
[2025-12-27T13:56:06.766+0000] {processor.py:840} INFO - DAG(s) 'latest_only_with_trigger' retrieved from /usr/local/lib/python3.11/site-packages/airflow/example_dags/example_latest_only_with_trigger.py
[2025-12-27T13:56:06.808+0000] {logging_mixin.py:188} INFO - [2025-12-27T13:56:06.807+0000] {dag.py:3096} INFO - Sync 1 DAGs
[2025-12-27T13:56:06.854+0000] {logging_mixin.py:188} INFO - [2025-12-27T13:56:06.854+0000] {dag.py:3954} INFO - Setting next_dagrun for latest_only_with_trigger to 2025-12-27 08:00:00+00:00, run_after=2025-12-27 12:00:00+00:00
[2025-12-27T13:56:07.065+0000] {processor.py:183} INFO - Processing /usr/local/lib/python3.11/site-packages/airflow/example_dags/example_latest_only_with_trigger.py took 0.329 seconds
[2025-12-27T13:57:35.883+0000] {processor.py:161} INFO - Started process (PID=512) to work on /usr/local/lib/python3.11/site-packages/airflow/example_dags/example_latest_only_with_trigger.py
[2025-12-27T13:57:35.885+0000] {processor.py:830} INFO - Processing file /usr/local/lib/python3.11/site-packages/airflow/example_dags/example_latest_only_with_trigger.py for tasks to queue
[2025-12-27T13:57:35.888+0000] {logging_mixin.py:188} INFO - [2025-12-27T13:57:35.888+0000] {dagbag.py:545} INFO - Filling up the DagBag from /usr/local/lib/python3.11/site-packages/airflow/example_dags/example_latest_only_with_trigger.py
[2025-12-27T13:57:35.899+0000] {processor.py:840} INFO - DAG(s) 'latest_only_with_trigger' retrieved from /usr/local/lib/python3.11/site-packages/airflow/example_dags/example_latest_only_with_trigger.py
[2025-12-27T13:57:35.945+0000] {logging_mixin.py:188} INFO - [2025-12-27T13:57:35.945+0000] {dag.py:3096} INFO - Sync 1 DAGs
[2025-12-27T13:57:35.983+0000] {logging_mixin.py:188} INFO - [2025-12-27T13:57:35.983+0000] {dag.py:3954} INFO - Setting next_dagrun for latest_only_with_trigger to 2025-12-27 08:00:00+00:00, run_after=2025-12-27 12:00:00+00:00
[2025-12-27T13:57:36.200+0000] {processor.py:183} INFO - Processing /usr/local/lib/python3.11/site-packages/airflow/example_dags/example_latest_only_with_trigger.py took 0.341 seconds
[2025-12-27T13:58:57.750+0000] {processor.py:161} INFO - Started process (PID=572) to work on /usr/local/lib/python3.11/site-packages/airflow/example_dags/example_latest_only_with_trigger.py
[2025-12-27T13:58:57.751+0000] {processor.py:830} INFO - Processing file /usr/local/lib/python3.11/site-packages/airflow/example_dags/example_latest_only_with_trigger.py for tasks to queue
[2025-12-27T13:58:57.754+0000] {logging_mixin.py:188} INFO - [2025-12-27T13:58:57.753+0000] {dagbag.py:545} INFO - Filling up the DagBag from /usr/local/lib/python3.11/site-packages/airflow/example_dags/example_latest_only_with_trigger.py
[2025-12-27T13:58:57.762+0000] {processor.py:840} INFO - DAG(s) 'latest_only_with_trigger' retrieved from /usr/local/lib/python3.11/site-packages/airflow/example_dags/example_latest_only_with_trigger.py
[2025-12-27T13:58:57.828+0000] {logging_mixin.py:188} INFO - [2025-12-27T13:58:57.827+0000] {dag.py:3096} INFO - Sync 1 DAGs
[2025-12-27T13:58:57.858+0000] {logging_mixin.py:188} INFO - [2025-12-27T13:58:57.857+0000] {dag.py:3954} INFO - Setting next_dagrun for latest_only_with_trigger to 2025-12-27 08:00:00+00:00, run_after=2025-12-27 12:00:00+00:00
[2025-12-27T13:58:58.103+0000] {processor.py:183} INFO - Processing /usr/local/lib/python3.11/site-packages/airflow/example_dags/example_latest_only_with_trigger.py took 0.367 seconds
[2025-12-27T14:00:28.212+0000] {processor.py:161} INFO - Started process (PID=633) to work on /usr/local/lib/python3.11/site-packages/airflow/example_dags/example_latest_only_with_trigger.py
[2025-12-27T14:00:28.216+0000] {processor.py:830} INFO - Processing file /usr/local/lib/python3.11/site-packages/airflow/example_dags/example_latest_only_with_trigger.py for tasks to queue
[2025-12-27T14:00:28.225+0000] {logging_mixin.py:188} INFO - [2025-12-27T14:00:28.224+0000] {dagbag.py:545} INFO - Filling up the DagBag from /usr/local/lib/python3.11/site-packages/airflow/example_dags/example_latest_only_with_trigger.py
[2025-12-27T14:00:28.236+0000] {processor.py:840} INFO - DAG(s) 'latest_only_with_trigger' retrieved from /usr/local/lib/python3.11/site-packages/airflow/example_dags/example_latest_only_with_trigger.py
[2025-12-27T14:00:28.306+0000] {logging_mixin.py:188} INFO - [2025-12-27T14:00:28.306+0000] {dag.py:3096} INFO - Sync 1 DAGs
[2025-12-27T14:00:28.382+0000] {logging_mixin.py:188} INFO - [2025-12-27T14:00:28.382+0000] {dag.py:3954} INFO - Setting next_dagrun for latest_only_with_trigger to 2025-12-27 08:00:00+00:00, run_after=2025-12-27 12:00:00+00:00
[2025-12-27T14:00:28.786+0000] {processor.py:183} INFO - Processing /usr/local/lib/python3.11/site-packages/airflow/example_dags/example_latest_only_with_trigger.py took 0.601 seconds
[2025-12-27T14:02:57.035+0000] {processor.py:161} INFO - Started process (PID=712) to work on /usr/local/lib/python3.11/site-packages/airflow/example_dags/example_latest_only_with_trigger.py
[2025-12-27T14:02:57.037+0000] {processor.py:830} INFO - Processing file /usr/local/lib/python3.11/site-packages/airflow/example_dags/example_latest_only_with_trigger.py for tasks to queue
[2025-12-27T14:02:57.039+0000] {logging_mixin.py:188} INFO - [2025-12-27T14:02:57.039+0000] {dagbag.py:545} INFO - Filling up the DagBag from /usr/local/lib/python3.11/site-packages/airflow/example_dags/example_latest_only_with_trigger.py
[2025-12-27T14:02:57.048+0000] {processor.py:840} INFO - DAG(s) 'latest_only_with_trigger' retrieved from /usr/local/lib/python3.11/site-packages/airflow/example_dags/example_latest_only_with_trigger.py
[2025-12-27T14:02:57.089+0000] {logging_mixin.py:188} INFO - [2025-12-27T14:02:57.088+0000] {dag.py:3096} INFO - Sync 1 DAGs
[2025-12-27T14:02:57.137+0000] {logging_mixin.py:188} INFO - [2025-12-27T14:02:57.136+0000] {dag.py:3954} INFO - Setting next_dagrun for latest_only_with_trigger to 2025-12-27 08:00:00+00:00, run_after=2025-12-27 12:00:00+00:00
[2025-12-27T14:02:57.341+0000] {processor.py:183} INFO - Processing /usr/local/lib/python3.11/site-packages/airflow/example_dags/example_latest_only_with_trigger.py took 0.323 seconds
[2025-12-27T14:04:47.244+0000] {processor.py:161} INFO - Started process (PID=788) to work on /usr/local/lib/python3.11/site-packages/airflow/example_dags/example_latest_only_with_trigger.py
[2025-12-27T14:04:47.245+0000] {processor.py:830} INFO - Processing file /usr/local/lib/python3.11/site-packages/airflow/example_dags/example_latest_only_with_trigger.py for tasks to queue
[2025-12-27T14:04:47.248+0000] {logging_mixin.py:188} INFO - [2025-12-27T14:04:47.247+0000] {dagbag.py:545} INFO - Filling up the DagBag from /usr/local/lib/python3.11/site-packages/airflow/example_dags/example_latest_only_with_trigger.py
[2025-12-27T14:04:47.263+0000] {processor.py:840} INFO - DAG(s) 'latest_only_with_trigger' retrieved from /usr/local/lib/python3.11/site-packages/airflow/example_dags/example_latest_only_with_trigger.py
[2025-12-27T14:04:47.319+0000] {logging_mixin.py:188} INFO - [2025-12-27T14:04:47.318+0000] {dag.py:3096} INFO - Sync 1 DAGs
[2025-12-27T14:04:47.364+0000] {logging_mixin.py:188} INFO - [2025-12-27T14:04:47.364+0000] {dag.py:3954} INFO - Setting next_dagrun for latest_only_with_trigger to 2025-12-27 08:00:00+00:00, run_after=2025-12-27 12:00:00+00:00
[2025-12-27T14:04:47.762+0000] {processor.py:183} INFO - Processing /usr/local/lib/python3.11/site-packages/airflow/example_dags/example_latest_only_with_trigger.py took 0.540 seconds
[2025-12-27T14:06:33.505+0000] {processor.py:161} INFO - Started process (PID=865) to work on /usr/local/lib/python3.11/site-packages/airflow/example_dags/example_latest_only_with_trigger.py
[2025-12-27T14:06:33.506+0000] {processor.py:830} INFO - Processing file /usr/local/lib/python3.11/site-packages/airflow/example_dags/example_latest_only_with_trigger.py for tasks to queue
[2025-12-27T14:06:33.508+0000] {logging_mixin.py:188} INFO - [2025-12-27T14:06:33.508+0000] {dagbag.py:545} INFO - Filling up the DagBag from /usr/local/lib/python3.11/site-packages/airflow/example_dags/example_latest_only_with_trigger.py
[2025-12-27T14:06:33.516+0000] {processor.py:840} INFO - DAG(s) 'latest_only_with_trigger' retrieved from /usr/local/lib/python3.11/site-packages/airflow/example_dags/example_latest_only_with_trigger.py
[2025-12-27T14:06:33.548+0000] {logging_mixin.py:188} INFO - [2025-12-27T14:06:33.548+0000] {dag.py:3096} INFO - Sync 1 DAGs
[2025-12-27T14:06:33.581+0000] {logging_mixin.py:188} INFO - [2025-12-27T14:06:33.581+0000] {dag.py:3954} INFO - Setting next_dagrun for latest_only_with_trigger to 2025-12-27 08:00:00+00:00, run_after=2025-12-27 12:00:00+00:00
[2025-12-27T14:06:33.777+0000] {processor.py:183} INFO - Processing /usr/local/lib/python3.11/site-packages/airflow/example_dags/example_latest_only_with_trigger.py took 0.286 seconds
[2025-12-27T14:08:15.492+0000] {processor.py:161} INFO - Started process (PID=929) to work on /usr/local/lib/python3.11/site-packages/airflow/example_dags/example_latest_only_with_trigger.py
[2025-12-27T14:08:15.493+0000] {processor.py:830} INFO - Processing file /usr/local/lib/python3.11/site-packages/airflow/example_dags/example_latest_only_with_trigger.py for tasks to queue
[2025-12-27T14:08:15.496+0000] {logging_mixin.py:188} INFO - [2025-12-27T14:08:15.495+0000] {dagbag.py:545} INFO - Filling up the DagBag from /usr/local/lib/python3.11/site-packages/airflow/example_dags/example_latest_only_with_trigger.py
[2025-12-27T14:08:15.505+0000] {processor.py:840} INFO - DAG(s) 'latest_only_with_trigger' retrieved from /usr/local/lib/python3.11/site-packages/airflow/example_dags/example_latest_only_with_trigger.py
[2025-12-27T14:08:15.550+0000] {logging_mixin.py:188} INFO - [2025-12-27T14:08:15.549+0000] {dag.py:3096} INFO - Sync 1 DAGs
[2025-12-27T14:08:15.596+0000] {logging_mixin.py:188} INFO - [2025-12-27T14:08:15.596+0000] {dag.py:3954} INFO - Setting next_dagrun for latest_only_with_trigger to 2025-12-27 08:00:00+00:00, run_after=2025-12-27 12:00:00+00:00
[2025-12-27T14:08:15.778+0000] {processor.py:183} INFO - Processing /usr/local/lib/python3.11/site-packages/airflow/example_dags/example_latest_only_with_trigger.py took 0.309 seconds
[2025-12-27T14:09:50.754+0000] {processor.py:161} INFO - Started process (PID=993) to work on /usr/local/lib/python3.11/site-packages/airflow/example_dags/example_latest_only_with_trigger.py
[2025-12-27T14:09:50.756+0000] {processor.py:830} INFO - Processing file /usr/local/lib/python3.11/site-packages/airflow/example_dags/example_latest_only_with_trigger.py for tasks to queue
[2025-12-27T14:09:50.759+0000] {logging_mixin.py:188} INFO - [2025-12-27T14:09:50.758+0000] {dagbag.py:545} INFO - Filling up the DagBag from /usr/local/lib/python3.11/site-packages/airflow/example_dags/example_latest_only_with_trigger.py
[2025-12-27T14:09:50.770+0000] {processor.py:840} INFO - DAG(s) 'latest_only_with_trigger' retrieved from /usr/local/lib/python3.11/site-packages/airflow/example_dags/example_latest_only_with_trigger.py
[2025-12-27T14:09:50.825+0000] {logging_mixin.py:188} INFO - [2025-12-27T14:09:50.825+0000] {dag.py:3096} INFO - Sync 1 DAGs
[2025-12-27T14:09:50.891+0000] {logging_mixin.py:188} INFO - [2025-12-27T14:09:50.891+0000] {dag.py:3954} INFO - Setting next_dagrun for latest_only_with_trigger to 2025-12-27 08:00:00+00:00, run_after=2025-12-27 12:00:00+00:00
[2025-12-27T14:09:51.092+0000] {processor.py:183} INFO - Processing /usr/local/lib/python3.11/site-packages/airflow/example_dags/example_latest_only_with_trigger.py took 0.351 seconds
[2025-12-27T14:12:02.709+0000] {processor.py:161} INFO - Started process (PID=1065) to work on /usr/local/lib/python3.11/site-packages/airflow/example_dags/example_latest_only_with_trigger.py
[2025-12-27T14:12:02.749+0000] {processor.py:830} INFO - Processing file /usr/local/lib/python3.11/site-packages/airflow/example_dags/example_latest_only_with_trigger.py for tasks to queue
[2025-12-27T14:12:02.753+0000] {logging_mixin.py:188} INFO - [2025-12-27T14:12:02.752+0000] {dagbag.py:545} INFO - Filling up the DagBag from /usr/local/lib/python3.11/site-packages/airflow/example_dags/example_latest_only_with_trigger.py
[2025-12-27T14:12:02.764+0000] {processor.py:840} INFO - DAG(s) 'latest_only_with_trigger' retrieved from /usr/local/lib/python3.11/site-packages/airflow/example_dags/example_latest_only_with_trigger.py
[2025-12-27T14:12:02.801+0000] {logging_mixin.py:188} INFO - [2025-12-27T14:12:02.801+0000] {dag.py:3096} INFO - Sync 1 DAGs
[2025-12-27T14:12:02.833+0000] {logging_mixin.py:188} INFO - [2025-12-27T14:12:02.832+0000] {dag.py:3954} INFO - Setting next_dagrun for latest_only_with_trigger to 2025-12-27 08:00:00+00:00, run_after=2025-12-27 12:00:00+00:00
[2025-12-27T14:12:03.031+0000] {processor.py:183} INFO - Processing /usr/local/lib/python3.11/site-packages/airflow/example_dags/example_latest_only_with_trigger.py took 0.346 seconds
[2025-12-27T14:14:01.265+0000] {processor.py:161} INFO - Started process (PID=1135) to work on /usr/local/lib/python3.11/site-packages/airflow/example_dags/example_latest_only_with_trigger.py
[2025-12-27T14:14:01.267+0000] {processor.py:830} INFO - Processing file /usr/local/lib/python3.11/site-packages/airflow/example_dags/example_latest_only_with_trigger.py for tasks to queue
[2025-12-27T14:14:01.270+0000] {logging_mixin.py:188} INFO - [2025-12-27T14:14:01.270+0000] {dagbag.py:545} INFO - Filling up the DagBag from /usr/local/lib/python3.11/site-packages/airflow/example_dags/example_latest_only_with_trigger.py
[2025-12-27T14:14:01.284+0000] {processor.py:840} INFO - DAG(s) 'latest_only_with_trigger' retrieved from /usr/local/lib/python3.11/site-packages/airflow/example_dags/example_latest_only_with_trigger.py
[2025-12-27T14:14:01.338+0000] {logging_mixin.py:188} INFO - [2025-12-27T14:14:01.338+0000] {dag.py:3096} INFO - Sync 1 DAGs
[2025-12-27T14:14:01.402+0000] {logging_mixin.py:188} INFO - [2025-12-27T14:14:01.402+0000] {dag.py:3954} INFO - Setting next_dagrun for latest_only_with_trigger to 2025-12-27 08:00:00+00:00, run_after=2025-12-27 12:00:00+00:00
[2025-12-27T14:14:01.626+0000] {processor.py:183} INFO - Processing /usr/local/lib/python3.11/site-packages/airflow/example_dags/example_latest_only_with_trigger.py took 0.383 seconds
[2025-12-27T14:32:56.183+0000] {processor.py:161} INFO - Started process (PID=70) to work on /usr/local/lib/python3.11/site-packages/airflow/example_dags/example_latest_only_with_trigger.py
[2025-12-27T14:32:56.184+0000] {processor.py:830} INFO - Processing file /usr/local/lib/python3.11/site-packages/airflow/example_dags/example_latest_only_with_trigger.py for tasks to queue
[2025-12-27T14:32:56.187+0000] {logging_mixin.py:188} INFO - [2025-12-27T14:32:56.186+0000] {dagbag.py:545} INFO - Filling up the DagBag from /usr/local/lib/python3.11/site-packages/airflow/example_dags/example_latest_only_with_trigger.py
[2025-12-27T14:32:56.194+0000] {processor.py:840} INFO - DAG(s) 'latest_only_with_trigger' retrieved from /usr/local/lib/python3.11/site-packages/airflow/example_dags/example_latest_only_with_trigger.py
[2025-12-27T14:32:56.350+0000] {logging_mixin.py:188} INFO - [2025-12-27T14:32:56.350+0000] {dag.py:3096} INFO - Sync 1 DAGs
[2025-12-27T14:32:56.590+0000] {logging_mixin.py:188} INFO - [2025-12-27T14:32:56.590+0000] {dag.py:3954} INFO - Setting next_dagrun for latest_only_with_trigger to 2025-12-27 08:00:00+00:00, run_after=2025-12-27 12:00:00+00:00
[2025-12-27T14:32:56.972+0000] {processor.py:183} INFO - Processing /usr/local/lib/python3.11/site-packages/airflow/example_dags/example_latest_only_with_trigger.py took 0.803 seconds
[2025-12-27T14:34:49.853+0000] {processor.py:161} INFO - Started process (PID=138) to work on /usr/local/lib/python3.11/site-packages/airflow/example_dags/example_latest_only_with_trigger.py
[2025-12-27T14:34:49.854+0000] {processor.py:830} INFO - Processing file /usr/local/lib/python3.11/site-packages/airflow/example_dags/example_latest_only_with_trigger.py for tasks to queue
[2025-12-27T14:34:49.856+0000] {logging_mixin.py:188} INFO - [2025-12-27T14:34:49.856+0000] {dagbag.py:545} INFO - Filling up the DagBag from /usr/local/lib/python3.11/site-packages/airflow/example_dags/example_latest_only_with_trigger.py
[2025-12-27T14:34:49.864+0000] {processor.py:840} INFO - DAG(s) 'latest_only_with_trigger' retrieved from /usr/local/lib/python3.11/site-packages/airflow/example_dags/example_latest_only_with_trigger.py
[2025-12-27T14:34:49.892+0000] {logging_mixin.py:188} INFO - [2025-12-27T14:34:49.892+0000] {dag.py:3096} INFO - Sync 1 DAGs
[2025-12-27T14:34:50.065+0000] {logging_mixin.py:188} INFO - [2025-12-27T14:34:50.065+0000] {dag.py:3954} INFO - Setting next_dagrun for latest_only_with_trigger to 2025-12-27 08:00:00+00:00, run_after=2025-12-27 12:00:00+00:00
[2025-12-27T14:34:50.251+0000] {processor.py:183} INFO - Processing /usr/local/lib/python3.11/site-packages/airflow/example_dags/example_latest_only_with_trigger.py took 0.411 seconds
[2025-12-27T14:54:38.031+0000] {processor.py:161} INFO - Started process (PID=74) to work on /usr/local/lib/python3.11/site-packages/airflow/example_dags/example_latest_only_with_trigger.py
[2025-12-27T14:54:38.034+0000] {processor.py:830} INFO - Processing file /usr/local/lib/python3.11/site-packages/airflow/example_dags/example_latest_only_with_trigger.py for tasks to queue
[2025-12-27T14:54:38.037+0000] {logging_mixin.py:188} INFO - [2025-12-27T14:54:38.036+0000] {dagbag.py:545} INFO - Filling up the DagBag from /usr/local/lib/python3.11/site-packages/airflow/example_dags/example_latest_only_with_trigger.py
[2025-12-27T14:54:38.050+0000] {processor.py:840} INFO - DAG(s) 'latest_only_with_trigger' retrieved from /usr/local/lib/python3.11/site-packages/airflow/example_dags/example_latest_only_with_trigger.py
[2025-12-27T14:54:38.533+0000] {logging_mixin.py:188} INFO - [2025-12-27T14:54:38.531+0000] {override.py:1930} INFO - Created Permission View: can delete on DAG:latest_only_with_trigger
[2025-12-27T14:54:38.717+0000] {logging_mixin.py:188} INFO - [2025-12-27T14:54:38.716+0000] {override.py:1930} INFO - Created Permission View: can edit on DAG:latest_only_with_trigger
[2025-12-27T14:54:38.907+0000] {logging_mixin.py:188} INFO - [2025-12-27T14:54:38.907+0000] {override.py:1930} INFO - Created Permission View: can read on DAG:latest_only_with_trigger
[2025-12-27T14:54:38.908+0000] {logging_mixin.py:188} INFO - [2025-12-27T14:54:38.908+0000] {dag.py:3096} INFO - Sync 1 DAGs
[2025-12-27T14:54:39.054+0000] {logging_mixin.py:188} INFO - [2025-12-27T14:54:39.053+0000] {dag.py:3118} INFO - Creating ORM DAG for latest_only_with_trigger
[2025-12-27T14:54:39.068+0000] {logging_mixin.py:188} INFO - [2025-12-27T14:54:39.068+0000] {dag.py:3954} INFO - Setting next_dagrun for latest_only_with_trigger to 2025-12-27 08:00:00+00:00, run_after=2025-12-27 12:00:00+00:00
[2025-12-27T14:54:39.607+0000] {processor.py:183} INFO - Processing /usr/local/lib/python3.11/site-packages/airflow/example_dags/example_latest_only_with_trigger.py took 1.625 seconds
[2025-12-27T14:56:46.695+0000] {processor.py:161} INFO - Started process (PID=147) to work on /usr/local/lib/python3.11/site-packages/airflow/example_dags/example_latest_only_with_trigger.py
[2025-12-27T14:56:46.697+0000] {processor.py:830} INFO - Processing file /usr/local/lib/python3.11/site-packages/airflow/example_dags/example_latest_only_with_trigger.py for tasks to queue
[2025-12-27T14:56:46.699+0000] {logging_mixin.py:188} INFO - [2025-12-27T14:56:46.699+0000] {dagbag.py:545} INFO - Filling up the DagBag from /usr/local/lib/python3.11/site-packages/airflow/example_dags/example_latest_only_with_trigger.py
[2025-12-27T14:56:46.706+0000] {processor.py:840} INFO - DAG(s) 'latest_only_with_trigger' retrieved from /usr/local/lib/python3.11/site-packages/airflow/example_dags/example_latest_only_with_trigger.py
[2025-12-27T14:56:46.742+0000] {logging_mixin.py:188} INFO - [2025-12-27T14:56:46.742+0000] {dag.py:3096} INFO - Sync 1 DAGs
[2025-12-27T14:56:46.896+0000] {logging_mixin.py:188} INFO - [2025-12-27T14:56:46.896+0000] {dag.py:3954} INFO - Setting next_dagrun for latest_only_with_trigger to 2025-12-27 08:00:00+00:00, run_after=2025-12-27 12:00:00+00:00
[2025-12-27T14:56:47.087+0000] {processor.py:183} INFO - Processing /usr/local/lib/python3.11/site-packages/airflow/example_dags/example_latest_only_with_trigger.py took 0.407 seconds
[2025-12-27T14:58:53.920+0000] {processor.py:161} INFO - Started process (PID=215) to work on /usr/local/lib/python3.11/site-packages/airflow/example_dags/example_latest_only_with_trigger.py
[2025-12-27T14:58:53.921+0000] {processor.py:830} INFO - Processing file /usr/local/lib/python3.11/site-packages/airflow/example_dags/example_latest_only_with_trigger.py for tasks to queue
[2025-12-27T14:58:53.924+0000] {logging_mixin.py:188} INFO - [2025-12-27T14:58:53.923+0000] {dagbag.py:545} INFO - Filling up the DagBag from /usr/local/lib/python3.11/site-packages/airflow/example_dags/example_latest_only_with_trigger.py
[2025-12-27T14:58:53.931+0000] {processor.py:840} INFO - DAG(s) 'latest_only_with_trigger' retrieved from /usr/local/lib/python3.11/site-packages/airflow/example_dags/example_latest_only_with_trigger.py
[2025-12-27T14:58:53.975+0000] {logging_mixin.py:188} INFO - [2025-12-27T14:58:53.975+0000] {dag.py:3096} INFO - Sync 1 DAGs
[2025-12-27T14:58:54.010+0000] {logging_mixin.py:188} INFO - [2025-12-27T14:58:54.009+0000] {dag.py:3954} INFO - Setting next_dagrun for latest_only_with_trigger to 2025-12-27 08:00:00+00:00, run_after=2025-12-27 12:00:00+00:00
[2025-12-27T14:58:54.221+0000] {processor.py:183} INFO - Processing /usr/local/lib/python3.11/site-packages/airflow/example_dags/example_latest_only_with_trigger.py took 0.314 seconds
[2025-12-27T15:00:47.121+0000] {processor.py:161} INFO - Started process (PID=301) to work on /usr/local/lib/python3.11/site-packages/airflow/example_dags/example_latest_only_with_trigger.py
[2025-12-27T15:00:47.123+0000] {processor.py:830} INFO - Processing file /usr/local/lib/python3.11/site-packages/airflow/example_dags/example_latest_only_with_trigger.py for tasks to queue
[2025-12-27T15:00:47.126+0000] {logging_mixin.py:188} INFO - [2025-12-27T15:00:47.126+0000] {dagbag.py:545} INFO - Filling up the DagBag from /usr/local/lib/python3.11/site-packages/airflow/example_dags/example_latest_only_with_trigger.py
[2025-12-27T15:00:47.134+0000] {processor.py:840} INFO - DAG(s) 'latest_only_with_trigger' retrieved from /usr/local/lib/python3.11/site-packages/airflow/example_dags/example_latest_only_with_trigger.py
[2025-12-27T15:00:47.172+0000] {logging_mixin.py:188} INFO - [2025-12-27T15:00:47.172+0000] {dag.py:3096} INFO - Sync 1 DAGs
[2025-12-27T15:00:47.208+0000] {logging_mixin.py:188} INFO - [2025-12-27T15:00:47.208+0000] {dag.py:3954} INFO - Setting next_dagrun for latest_only_with_trigger to 2025-12-27 08:00:00+00:00, run_after=2025-12-27 12:00:00+00:00
[2025-12-27T15:00:47.564+0000] {processor.py:183} INFO - Processing /usr/local/lib/python3.11/site-packages/airflow/example_dags/example_latest_only_with_trigger.py took 0.466 seconds
[2025-12-27T15:02:42.816+0000] {processor.py:161} INFO - Started process (PID=376) to work on /usr/local/lib/python3.11/site-packages/airflow/example_dags/example_latest_only_with_trigger.py
[2025-12-27T15:02:42.818+0000] {processor.py:830} INFO - Processing file /usr/local/lib/python3.11/site-packages/airflow/example_dags/example_latest_only_with_trigger.py for tasks to queue
[2025-12-27T15:02:42.832+0000] {logging_mixin.py:188} INFO - [2025-12-27T15:02:42.831+0000] {dagbag.py:545} INFO - Filling up the DagBag from /usr/local/lib/python3.11/site-packages/airflow/example_dags/example_latest_only_with_trigger.py
[2025-12-27T15:02:42.856+0000] {processor.py:840} INFO - DAG(s) 'latest_only_with_trigger' retrieved from /usr/local/lib/python3.11/site-packages/airflow/example_dags/example_latest_only_with_trigger.py
[2025-12-27T15:02:42.949+0000] {logging_mixin.py:188} INFO - [2025-12-27T15:02:42.949+0000] {dag.py:3096} INFO - Sync 1 DAGs
[2025-12-27T15:02:43.012+0000] {logging_mixin.py:188} INFO - [2025-12-27T15:02:43.011+0000] {dag.py:3954} INFO - Setting next_dagrun for latest_only_with_trigger to 2025-12-27 08:00:00+00:00, run_after=2025-12-27 12:00:00+00:00
[2025-12-27T15:02:43.264+0000] {processor.py:183} INFO - Processing /usr/local/lib/python3.11/site-packages/airflow/example_dags/example_latest_only_with_trigger.py took 0.526 seconds
[2025-12-27T15:04:20.604+0000] {processor.py:161} INFO - Started process (PID=443) to work on /usr/local/lib/python3.11/site-packages/airflow/example_dags/example_latest_only_with_trigger.py
[2025-12-27T15:04:20.606+0000] {processor.py:830} INFO - Processing file /usr/local/lib/python3.11/site-packages/airflow/example_dags/example_latest_only_with_trigger.py for tasks to queue
[2025-12-27T15:04:20.610+0000] {logging_mixin.py:188} INFO - [2025-12-27T15:04:20.609+0000] {dagbag.py:545} INFO - Filling up the DagBag from /usr/local/lib/python3.11/site-packages/airflow/example_dags/example_latest_only_with_trigger.py
[2025-12-27T15:04:20.619+0000] {processor.py:840} INFO - DAG(s) 'latest_only_with_trigger' retrieved from /usr/local/lib/python3.11/site-packages/airflow/example_dags/example_latest_only_with_trigger.py
[2025-12-27T15:04:20.701+0000] {logging_mixin.py:188} INFO - [2025-12-27T15:04:20.701+0000] {dag.py:3096} INFO - Sync 1 DAGs
[2025-12-27T15:04:20.743+0000] {logging_mixin.py:188} INFO - [2025-12-27T15:04:20.743+0000] {dag.py:3954} INFO - Setting next_dagrun for latest_only_with_trigger to 2025-12-27 08:00:00+00:00, run_after=2025-12-27 12:00:00+00:00
[2025-12-27T15:04:20.941+0000] {processor.py:183} INFO - Processing /usr/local/lib/python3.11/site-packages/airflow/example_dags/example_latest_only_with_trigger.py took 0.358 seconds
[2025-12-27T15:05:48.042+0000] {processor.py:161} INFO - Started process (PID=504) to work on /usr/local/lib/python3.11/site-packages/airflow/example_dags/example_latest_only_with_trigger.py
[2025-12-27T15:05:48.043+0000] {processor.py:830} INFO - Processing file /usr/local/lib/python3.11/site-packages/airflow/example_dags/example_latest_only_with_trigger.py for tasks to queue
[2025-12-27T15:05:48.045+0000] {logging_mixin.py:188} INFO - [2025-12-27T15:05:48.045+0000] {dagbag.py:545} INFO - Filling up the DagBag from /usr/local/lib/python3.11/site-packages/airflow/example_dags/example_latest_only_with_trigger.py
[2025-12-27T15:05:48.052+0000] {processor.py:840} INFO - DAG(s) 'latest_only_with_trigger' retrieved from /usr/local/lib/python3.11/site-packages/airflow/example_dags/example_latest_only_with_trigger.py
[2025-12-27T15:05:48.087+0000] {logging_mixin.py:188} INFO - [2025-12-27T15:05:48.087+0000] {dag.py:3096} INFO - Sync 1 DAGs
[2025-12-27T15:05:48.122+0000] {logging_mixin.py:188} INFO - [2025-12-27T15:05:48.121+0000] {dag.py:3954} INFO - Setting next_dagrun for latest_only_with_trigger to 2025-12-27 08:00:00+00:00, run_after=2025-12-27 12:00:00+00:00
[2025-12-27T15:05:48.291+0000] {processor.py:183} INFO - Processing /usr/local/lib/python3.11/site-packages/airflow/example_dags/example_latest_only_with_trigger.py took 0.264 seconds
[2025-12-27T15:07:18.533+0000] {processor.py:161} INFO - Started process (PID=566) to work on /usr/local/lib/python3.11/site-packages/airflow/example_dags/example_latest_only_with_trigger.py
[2025-12-27T15:07:18.534+0000] {processor.py:830} INFO - Processing file /usr/local/lib/python3.11/site-packages/airflow/example_dags/example_latest_only_with_trigger.py for tasks to queue
[2025-12-27T15:07:18.536+0000] {logging_mixin.py:188} INFO - [2025-12-27T15:07:18.536+0000] {dagbag.py:545} INFO - Filling up the DagBag from /usr/local/lib/python3.11/site-packages/airflow/example_dags/example_latest_only_with_trigger.py
[2025-12-27T15:07:18.543+0000] {processor.py:840} INFO - DAG(s) 'latest_only_with_trigger' retrieved from /usr/local/lib/python3.11/site-packages/airflow/example_dags/example_latest_only_with_trigger.py
[2025-12-27T15:07:18.579+0000] {logging_mixin.py:188} INFO - [2025-12-27T15:07:18.578+0000] {dag.py:3096} INFO - Sync 1 DAGs
[2025-12-27T15:07:18.614+0000] {logging_mixin.py:188} INFO - [2025-12-27T15:07:18.613+0000] {dag.py:3954} INFO - Setting next_dagrun for latest_only_with_trigger to 2025-12-27 08:00:00+00:00, run_after=2025-12-27 12:00:00+00:00
[2025-12-27T15:07:18.821+0000] {processor.py:183} INFO - Processing /usr/local/lib/python3.11/site-packages/airflow/example_dags/example_latest_only_with_trigger.py took 0.304 seconds
[2025-12-27T15:08:51.402+0000] {processor.py:161} INFO - Started process (PID=630) to work on /usr/local/lib/python3.11/site-packages/airflow/example_dags/example_latest_only_with_trigger.py
[2025-12-27T15:08:51.415+0000] {processor.py:830} INFO - Processing file /usr/local/lib/python3.11/site-packages/airflow/example_dags/example_latest_only_with_trigger.py for tasks to queue
[2025-12-27T15:08:51.417+0000] {logging_mixin.py:188} INFO - [2025-12-27T15:08:51.417+0000] {dagbag.py:545} INFO - Filling up the DagBag from /usr/local/lib/python3.11/site-packages/airflow/example_dags/example_latest_only_with_trigger.py
[2025-12-27T15:08:51.424+0000] {processor.py:840} INFO - DAG(s) 'latest_only_with_trigger' retrieved from /usr/local/lib/python3.11/site-packages/airflow/example_dags/example_latest_only_with_trigger.py
[2025-12-27T15:08:51.463+0000] {logging_mixin.py:188} INFO - [2025-12-27T15:08:51.462+0000] {dag.py:3096} INFO - Sync 1 DAGs
[2025-12-27T15:08:51.502+0000] {logging_mixin.py:188} INFO - [2025-12-27T15:08:51.502+0000] {dag.py:3954} INFO - Setting next_dagrun for latest_only_with_trigger to 2025-12-27 08:00:00+00:00, run_after=2025-12-27 12:00:00+00:00
[2025-12-27T15:08:51.818+0000] {processor.py:183} INFO - Processing /usr/local/lib/python3.11/site-packages/airflow/example_dags/example_latest_only_with_trigger.py took 0.433 seconds
[2025-12-27T15:10:43.061+0000] {processor.py:161} INFO - Started process (PID=698) to work on /usr/local/lib/python3.11/site-packages/airflow/example_dags/example_latest_only_with_trigger.py
[2025-12-27T15:10:43.063+0000] {processor.py:830} INFO - Processing file /usr/local/lib/python3.11/site-packages/airflow/example_dags/example_latest_only_with_trigger.py for tasks to queue
[2025-12-27T15:10:43.065+0000] {logging_mixin.py:188} INFO - [2025-12-27T15:10:43.065+0000] {dagbag.py:545} INFO - Filling up the DagBag from /usr/local/lib/python3.11/site-packages/airflow/example_dags/example_latest_only_with_trigger.py
[2025-12-27T15:10:43.072+0000] {processor.py:840} INFO - DAG(s) 'latest_only_with_trigger' retrieved from /usr/local/lib/python3.11/site-packages/airflow/example_dags/example_latest_only_with_trigger.py
[2025-12-27T15:10:43.107+0000] {logging_mixin.py:188} INFO - [2025-12-27T15:10:43.107+0000] {dag.py:3096} INFO - Sync 1 DAGs
[2025-12-27T15:10:43.148+0000] {logging_mixin.py:188} INFO - [2025-12-27T15:10:43.147+0000] {dag.py:3954} INFO - Setting next_dagrun for latest_only_with_trigger to 2025-12-27 08:00:00+00:00, run_after=2025-12-27 12:00:00+00:00
[2025-12-27T15:10:43.474+0000] {processor.py:183} INFO - Processing /usr/local/lib/python3.11/site-packages/airflow/example_dags/example_latest_only_with_trigger.py took 0.427 seconds
[2025-12-27T15:12:25.256+0000] {processor.py:161} INFO - Started process (PID=764) to work on /usr/local/lib/python3.11/site-packages/airflow/example_dags/example_latest_only_with_trigger.py
[2025-12-27T15:12:25.257+0000] {processor.py:830} INFO - Processing file /usr/local/lib/python3.11/site-packages/airflow/example_dags/example_latest_only_with_trigger.py for tasks to queue
[2025-12-27T15:12:25.260+0000] {logging_mixin.py:188} INFO - [2025-12-27T15:12:25.259+0000] {dagbag.py:545} INFO - Filling up the DagBag from /usr/local/lib/python3.11/site-packages/airflow/example_dags/example_latest_only_with_trigger.py
[2025-12-27T15:12:25.267+0000] {processor.py:840} INFO - DAG(s) 'latest_only_with_trigger' retrieved from /usr/local/lib/python3.11/site-packages/airflow/example_dags/example_latest_only_with_trigger.py
[2025-12-27T15:12:25.297+0000] {logging_mixin.py:188} INFO - [2025-12-27T15:12:25.297+0000] {dag.py:3096} INFO - Sync 1 DAGs
[2025-12-27T15:12:25.334+0000] {logging_mixin.py:188} INFO - [2025-12-27T15:12:25.334+0000] {dag.py:3954} INFO - Setting next_dagrun for latest_only_with_trigger to 2025-12-27 08:00:00+00:00, run_after=2025-12-27 12:00:00+00:00
[2025-12-27T15:12:25.521+0000] {processor.py:183} INFO - Processing /usr/local/lib/python3.11/site-packages/airflow/example_dags/example_latest_only_with_trigger.py took 0.285 seconds
[2025-12-27T15:14:02.947+0000] {processor.py:161} INFO - Started process (PID=828) to work on /usr/local/lib/python3.11/site-packages/airflow/example_dags/example_latest_only_with_trigger.py
[2025-12-27T15:14:02.948+0000] {processor.py:830} INFO - Processing file /usr/local/lib/python3.11/site-packages/airflow/example_dags/example_latest_only_with_trigger.py for tasks to queue
[2025-12-27T15:14:02.950+0000] {logging_mixin.py:188} INFO - [2025-12-27T15:14:02.950+0000] {dagbag.py:545} INFO - Filling up the DagBag from /usr/local/lib/python3.11/site-packages/airflow/example_dags/example_latest_only_with_trigger.py
[2025-12-27T15:14:02.958+0000] {processor.py:840} INFO - DAG(s) 'latest_only_with_trigger' retrieved from /usr/local/lib/python3.11/site-packages/airflow/example_dags/example_latest_only_with_trigger.py
[2025-12-27T15:14:02.997+0000] {logging_mixin.py:188} INFO - [2025-12-27T15:14:02.997+0000] {dag.py:3096} INFO - Sync 1 DAGs
[2025-12-27T15:14:03.031+0000] {logging_mixin.py:188} INFO - [2025-12-27T15:14:03.031+0000] {dag.py:3954} INFO - Setting next_dagrun for latest_only_with_trigger to 2025-12-27 08:00:00+00:00, run_after=2025-12-27 12:00:00+00:00
[2025-12-27T15:14:03.278+0000] {processor.py:183} INFO - Processing /usr/local/lib/python3.11/site-packages/airflow/example_dags/example_latest_only_with_trigger.py took 0.348 seconds
[2025-12-27T15:15:47.864+0000] {processor.py:161} INFO - Started process (PID=895) to work on /usr/local/lib/python3.11/site-packages/airflow/example_dags/example_latest_only_with_trigger.py
[2025-12-27T15:15:47.866+0000] {processor.py:830} INFO - Processing file /usr/local/lib/python3.11/site-packages/airflow/example_dags/example_latest_only_with_trigger.py for tasks to queue
[2025-12-27T15:15:47.868+0000] {logging_mixin.py:188} INFO - [2025-12-27T15:15:47.868+0000] {dagbag.py:545} INFO - Filling up the DagBag from /usr/local/lib/python3.11/site-packages/airflow/example_dags/example_latest_only_with_trigger.py
[2025-12-27T15:15:47.876+0000] {processor.py:840} INFO - DAG(s) 'latest_only_with_trigger' retrieved from /usr/local/lib/python3.11/site-packages/airflow/example_dags/example_latest_only_with_trigger.py
[2025-12-27T15:15:47.912+0000] {logging_mixin.py:188} INFO - [2025-12-27T15:15:47.912+0000] {dag.py:3096} INFO - Sync 1 DAGs
[2025-12-27T15:15:47.950+0000] {logging_mixin.py:188} INFO - [2025-12-27T15:15:47.950+0000] {dag.py:3954} INFO - Setting next_dagrun for latest_only_with_trigger to 2025-12-27 08:00:00+00:00, run_after=2025-12-27 12:00:00+00:00
[2025-12-27T15:15:48.152+0000] {processor.py:183} INFO - Processing /usr/local/lib/python3.11/site-packages/airflow/example_dags/example_latest_only_with_trigger.py took 0.305 seconds
[2025-12-27T15:17:33.674+0000] {processor.py:161} INFO - Started process (PID=959) to work on /usr/local/lib/python3.11/site-packages/airflow/example_dags/example_latest_only_with_trigger.py
[2025-12-27T15:17:33.675+0000] {processor.py:830} INFO - Processing file /usr/local/lib/python3.11/site-packages/airflow/example_dags/example_latest_only_with_trigger.py for tasks to queue
[2025-12-27T15:17:33.678+0000] {logging_mixin.py:188} INFO - [2025-12-27T15:17:33.678+0000] {dagbag.py:545} INFO - Filling up the DagBag from /usr/local/lib/python3.11/site-packages/airflow/example_dags/example_latest_only_with_trigger.py
[2025-12-27T15:17:33.694+0000] {processor.py:840} INFO - DAG(s) 'latest_only_with_trigger' retrieved from /usr/local/lib/python3.11/site-packages/airflow/example_dags/example_latest_only_with_trigger.py
[2025-12-27T15:17:33.748+0000] {logging_mixin.py:188} INFO - [2025-12-27T15:17:33.748+0000] {dag.py:3096} INFO - Sync 1 DAGs
[2025-12-27T15:17:33.803+0000] {logging_mixin.py:188} INFO - [2025-12-27T15:17:33.801+0000] {dag.py:3954} INFO - Setting next_dagrun for latest_only_with_trigger to 2025-12-27 08:00:00+00:00, run_after=2025-12-27 12:00:00+00:00
[2025-12-27T15:17:34.127+0000] {processor.py:183} INFO - Processing /usr/local/lib/python3.11/site-packages/airflow/example_dags/example_latest_only_with_trigger.py took 0.470 seconds
[2025-12-27T15:19:19.359+0000] {processor.py:161} INFO - Started process (PID=1026) to work on /usr/local/lib/python3.11/site-packages/airflow/example_dags/example_latest_only_with_trigger.py
[2025-12-27T15:19:19.360+0000] {processor.py:830} INFO - Processing file /usr/local/lib/python3.11/site-packages/airflow/example_dags/example_latest_only_with_trigger.py for tasks to queue
[2025-12-27T15:19:19.365+0000] {logging_mixin.py:188} INFO - [2025-12-27T15:19:19.364+0000] {dagbag.py:545} INFO - Filling up the DagBag from /usr/local/lib/python3.11/site-packages/airflow/example_dags/example_latest_only_with_trigger.py
[2025-12-27T15:19:19.375+0000] {processor.py:840} INFO - DAG(s) 'latest_only_with_trigger' retrieved from /usr/local/lib/python3.11/site-packages/airflow/example_dags/example_latest_only_with_trigger.py
[2025-12-27T15:19:19.432+0000] {logging_mixin.py:188} INFO - [2025-12-27T15:19:19.431+0000] {dag.py:3096} INFO - Sync 1 DAGs
[2025-12-27T15:19:19.518+0000] {logging_mixin.py:188} INFO - [2025-12-27T15:19:19.517+0000] {dag.py:3954} INFO - Setting next_dagrun for latest_only_with_trigger to 2025-12-27 08:00:00+00:00, run_after=2025-12-27 12:00:00+00:00
[2025-12-27T15:19:19.991+0000] {processor.py:183} INFO - Processing /usr/local/lib/python3.11/site-packages/airflow/example_dags/example_latest_only_with_trigger.py took 0.660 seconds
[2025-12-27T15:31:40.488+0000] {processor.py:161} INFO - Started process (PID=69) to work on /usr/local/lib/python3.11/site-packages/airflow/example_dags/example_latest_only_with_trigger.py
[2025-12-27T15:31:40.490+0000] {processor.py:830} INFO - Processing file /usr/local/lib/python3.11/site-packages/airflow/example_dags/example_latest_only_with_trigger.py for tasks to queue
[2025-12-27T15:31:40.492+0000] {logging_mixin.py:188} INFO - [2025-12-27T15:31:40.492+0000] {dagbag.py:545} INFO - Filling up the DagBag from /usr/local/lib/python3.11/site-packages/airflow/example_dags/example_latest_only_with_trigger.py
[2025-12-27T15:31:40.499+0000] {processor.py:840} INFO - DAG(s) 'latest_only_with_trigger' retrieved from /usr/local/lib/python3.11/site-packages/airflow/example_dags/example_latest_only_with_trigger.py
[2025-12-27T15:31:40.795+0000] {logging_mixin.py:188} INFO - [2025-12-27T15:31:40.795+0000] {dag.py:3096} INFO - Sync 1 DAGs
[2025-12-27T15:31:40.827+0000] {logging_mixin.py:188} INFO - [2025-12-27T15:31:40.826+0000] {dag.py:3954} INFO - Setting next_dagrun for latest_only_with_trigger to 2025-12-27 08:00:00+00:00, run_after=2025-12-27 12:00:00+00:00
[2025-12-27T15:31:41.070+0000] {processor.py:183} INFO - Processing /usr/local/lib/python3.11/site-packages/airflow/example_dags/example_latest_only_with_trigger.py took 0.595 seconds
[2025-12-27T15:33:41.988+0000] {processor.py:161} INFO - Started process (PID=141) to work on /usr/local/lib/python3.11/site-packages/airflow/example_dags/example_latest_only_with_trigger.py
[2025-12-27T15:33:41.989+0000] {processor.py:830} INFO - Processing file /usr/local/lib/python3.11/site-packages/airflow/example_dags/example_latest_only_with_trigger.py for tasks to queue
[2025-12-27T15:33:41.992+0000] {logging_mixin.py:188} INFO - [2025-12-27T15:33:41.992+0000] {dagbag.py:545} INFO - Filling up the DagBag from /usr/local/lib/python3.11/site-packages/airflow/example_dags/example_latest_only_with_trigger.py
[2025-12-27T15:33:42.000+0000] {processor.py:840} INFO - DAG(s) 'latest_only_with_trigger' retrieved from /usr/local/lib/python3.11/site-packages/airflow/example_dags/example_latest_only_with_trigger.py
[2025-12-27T15:33:42.032+0000] {logging_mixin.py:188} INFO - [2025-12-27T15:33:42.032+0000] {dag.py:3096} INFO - Sync 1 DAGs
[2025-12-27T15:33:42.075+0000] {logging_mixin.py:188} INFO - [2025-12-27T15:33:42.074+0000] {dag.py:3954} INFO - Setting next_dagrun for latest_only_with_trigger to 2025-12-27 08:00:00+00:00, run_after=2025-12-27 12:00:00+00:00
[2025-12-27T15:33:42.297+0000] {processor.py:183} INFO - Processing /usr/local/lib/python3.11/site-packages/airflow/example_dags/example_latest_only_with_trigger.py took 0.324 seconds
[2025-12-27T15:35:17.369+0000] {processor.py:161} INFO - Started process (PID=205) to work on /usr/local/lib/python3.11/site-packages/airflow/example_dags/example_latest_only_with_trigger.py
[2025-12-27T15:35:17.370+0000] {processor.py:830} INFO - Processing file /usr/local/lib/python3.11/site-packages/airflow/example_dags/example_latest_only_with_trigger.py for tasks to queue
[2025-12-27T15:35:17.374+0000] {logging_mixin.py:188} INFO - [2025-12-27T15:35:17.373+0000] {dagbag.py:545} INFO - Filling up the DagBag from /usr/local/lib/python3.11/site-packages/airflow/example_dags/example_latest_only_with_trigger.py
[2025-12-27T15:35:17.381+0000] {processor.py:840} INFO - DAG(s) 'latest_only_with_trigger' retrieved from /usr/local/lib/python3.11/site-packages/airflow/example_dags/example_latest_only_with_trigger.py
[2025-12-27T15:35:17.419+0000] {logging_mixin.py:188} INFO - [2025-12-27T15:35:17.419+0000] {dag.py:3096} INFO - Sync 1 DAGs
[2025-12-27T15:35:17.454+0000] {logging_mixin.py:188} INFO - [2025-12-27T15:35:17.454+0000] {dag.py:3954} INFO - Setting next_dagrun for latest_only_with_trigger to 2025-12-27 08:00:00+00:00, run_after=2025-12-27 12:00:00+00:00
[2025-12-27T15:35:17.648+0000] {processor.py:183} INFO - Processing /usr/local/lib/python3.11/site-packages/airflow/example_dags/example_latest_only_with_trigger.py took 0.297 seconds
[2025-12-27T15:36:51.355+0000] {processor.py:161} INFO - Started process (PID=268) to work on /usr/local/lib/python3.11/site-packages/airflow/example_dags/example_latest_only_with_trigger.py
[2025-12-27T15:36:51.357+0000] {processor.py:830} INFO - Processing file /usr/local/lib/python3.11/site-packages/airflow/example_dags/example_latest_only_with_trigger.py for tasks to queue
[2025-12-27T15:36:51.362+0000] {logging_mixin.py:188} INFO - [2025-12-27T15:36:51.361+0000] {dagbag.py:545} INFO - Filling up the DagBag from /usr/local/lib/python3.11/site-packages/airflow/example_dags/example_latest_only_with_trigger.py
[2025-12-27T15:36:51.371+0000] {processor.py:840} INFO - DAG(s) 'latest_only_with_trigger' retrieved from /usr/local/lib/python3.11/site-packages/airflow/example_dags/example_latest_only_with_trigger.py
[2025-12-27T15:36:51.402+0000] {logging_mixin.py:188} INFO - [2025-12-27T15:36:51.402+0000] {dag.py:3096} INFO - Sync 1 DAGs
[2025-12-27T15:36:51.555+0000] {logging_mixin.py:188} INFO - [2025-12-27T15:36:51.555+0000] {dag.py:3954} INFO - Setting next_dagrun for latest_only_with_trigger to 2025-12-27 08:00:00+00:00, run_after=2025-12-27 12:00:00+00:00
[2025-12-27T15:36:51.849+0000] {processor.py:183} INFO - Processing /usr/local/lib/python3.11/site-packages/airflow/example_dags/example_latest_only_with_trigger.py took 0.519 seconds
[2025-12-27T15:38:23.076+0000] {processor.py:161} INFO - Started process (PID=330) to work on /usr/local/lib/python3.11/site-packages/airflow/example_dags/example_latest_only_with_trigger.py
[2025-12-27T15:38:23.078+0000] {processor.py:830} INFO - Processing file /usr/local/lib/python3.11/site-packages/airflow/example_dags/example_latest_only_with_trigger.py for tasks to queue
[2025-12-27T15:38:23.080+0000] {logging_mixin.py:188} INFO - [2025-12-27T15:38:23.080+0000] {dagbag.py:545} INFO - Filling up the DagBag from /usr/local/lib/python3.11/site-packages/airflow/example_dags/example_latest_only_with_trigger.py
[2025-12-27T15:38:23.088+0000] {processor.py:840} INFO - DAG(s) 'latest_only_with_trigger' retrieved from /usr/local/lib/python3.11/site-packages/airflow/example_dags/example_latest_only_with_trigger.py
[2025-12-27T15:38:23.127+0000] {logging_mixin.py:188} INFO - [2025-12-27T15:38:23.127+0000] {dag.py:3096} INFO - Sync 1 DAGs
[2025-12-27T15:38:23.168+0000] {logging_mixin.py:188} INFO - [2025-12-27T15:38:23.167+0000] {dag.py:3954} INFO - Setting next_dagrun for latest_only_with_trigger to 2025-12-27 08:00:00+00:00, run_after=2025-12-27 12:00:00+00:00
[2025-12-27T15:38:23.484+0000] {processor.py:183} INFO - Processing /usr/local/lib/python3.11/site-packages/airflow/example_dags/example_latest_only_with_trigger.py took 0.427 seconds
[2025-12-27T15:40:09.666+0000] {processor.py:161} INFO - Started process (PID=396) to work on /usr/local/lib/python3.11/site-packages/airflow/example_dags/example_latest_only_with_trigger.py
[2025-12-27T15:40:09.667+0000] {processor.py:830} INFO - Processing file /usr/local/lib/python3.11/site-packages/airflow/example_dags/example_latest_only_with_trigger.py for tasks to queue
[2025-12-27T15:40:09.669+0000] {logging_mixin.py:188} INFO - [2025-12-27T15:40:09.669+0000] {dagbag.py:545} INFO - Filling up the DagBag from /usr/local/lib/python3.11/site-packages/airflow/example_dags/example_latest_only_with_trigger.py
[2025-12-27T15:40:09.676+0000] {processor.py:840} INFO - DAG(s) 'latest_only_with_trigger' retrieved from /usr/local/lib/python3.11/site-packages/airflow/example_dags/example_latest_only_with_trigger.py
[2025-12-27T15:40:09.711+0000] {logging_mixin.py:188} INFO - [2025-12-27T15:40:09.711+0000] {dag.py:3096} INFO - Sync 1 DAGs
[2025-12-27T15:40:09.746+0000] {logging_mixin.py:188} INFO - [2025-12-27T15:40:09.745+0000] {dag.py:3954} INFO - Setting next_dagrun for latest_only_with_trigger to 2025-12-27 08:00:00+00:00, run_after=2025-12-27 12:00:00+00:00
[2025-12-27T15:40:10.048+0000] {processor.py:183} INFO - Processing /usr/local/lib/python3.11/site-packages/airflow/example_dags/example_latest_only_with_trigger.py took 0.397 seconds
[2025-12-27T15:41:46.954+0000] {processor.py:161} INFO - Started process (PID=461) to work on /usr/local/lib/python3.11/site-packages/airflow/example_dags/example_latest_only_with_trigger.py
[2025-12-27T15:41:46.958+0000] {processor.py:830} INFO - Processing file /usr/local/lib/python3.11/site-packages/airflow/example_dags/example_latest_only_with_trigger.py for tasks to queue
[2025-12-27T15:41:46.993+0000] {logging_mixin.py:188} INFO - [2025-12-27T15:41:46.992+0000] {dagbag.py:545} INFO - Filling up the DagBag from /usr/local/lib/python3.11/site-packages/airflow/example_dags/example_latest_only_with_trigger.py
[2025-12-27T15:41:47.043+0000] {processor.py:840} INFO - DAG(s) 'latest_only_with_trigger' retrieved from /usr/local/lib/python3.11/site-packages/airflow/example_dags/example_latest_only_with_trigger.py
[2025-12-27T15:41:47.119+0000] {logging_mixin.py:188} INFO - [2025-12-27T15:41:47.118+0000] {dag.py:3096} INFO - Sync 1 DAGs
[2025-12-27T15:41:47.159+0000] {logging_mixin.py:188} INFO - [2025-12-27T15:41:47.159+0000] {dag.py:3954} INFO - Setting next_dagrun for latest_only_with_trigger to 2025-12-27 08:00:00+00:00, run_after=2025-12-27 12:00:00+00:00
[2025-12-27T15:41:47.370+0000] {processor.py:183} INFO - Processing /usr/local/lib/python3.11/site-packages/airflow/example_dags/example_latest_only_with_trigger.py took 0.433 seconds
[2025-12-27T15:44:37.799+0000] {processor.py:161} INFO - Started process (PID=73) to work on /usr/local/lib/python3.11/site-packages/airflow/example_dags/example_latest_only_with_trigger.py
[2025-12-27T15:44:37.802+0000] {processor.py:830} INFO - Processing file /usr/local/lib/python3.11/site-packages/airflow/example_dags/example_latest_only_with_trigger.py for tasks to queue
[2025-12-27T15:44:37.807+0000] {logging_mixin.py:188} INFO - [2025-12-27T15:44:37.806+0000] {dagbag.py:545} INFO - Filling up the DagBag from /usr/local/lib/python3.11/site-packages/airflow/example_dags/example_latest_only_with_trigger.py
[2025-12-27T15:44:37.817+0000] {processor.py:840} INFO - DAG(s) 'latest_only_with_trigger' retrieved from /usr/local/lib/python3.11/site-packages/airflow/example_dags/example_latest_only_with_trigger.py
[2025-12-27T15:44:37.980+0000] {logging_mixin.py:188} INFO - [2025-12-27T15:44:37.980+0000] {dag.py:3096} INFO - Sync 1 DAGs
[2025-12-27T15:44:38.019+0000] {logging_mixin.py:188} INFO - [2025-12-27T15:44:38.018+0000] {dag.py:3954} INFO - Setting next_dagrun for latest_only_with_trigger to 2025-12-27 08:00:00+00:00, run_after=2025-12-27 12:00:00+00:00
[2025-12-27T15:44:38.265+0000] {processor.py:183} INFO - Processing /usr/local/lib/python3.11/site-packages/airflow/example_dags/example_latest_only_with_trigger.py took 0.496 seconds
[2025-12-27T15:46:23.123+0000] {processor.py:161} INFO - Started process (PID=136) to work on /usr/local/lib/python3.11/site-packages/airflow/example_dags/example_latest_only_with_trigger.py
[2025-12-27T15:46:23.125+0000] {processor.py:830} INFO - Processing file /usr/local/lib/python3.11/site-packages/airflow/example_dags/example_latest_only_with_trigger.py for tasks to queue
[2025-12-27T15:46:23.127+0000] {logging_mixin.py:188} INFO - [2025-12-27T15:46:23.127+0000] {dagbag.py:545} INFO - Filling up the DagBag from /usr/local/lib/python3.11/site-packages/airflow/example_dags/example_latest_only_with_trigger.py
[2025-12-27T15:46:23.136+0000] {processor.py:840} INFO - DAG(s) 'latest_only_with_trigger' retrieved from /usr/local/lib/python3.11/site-packages/airflow/example_dags/example_latest_only_with_trigger.py
[2025-12-27T15:46:23.173+0000] {logging_mixin.py:188} INFO - [2025-12-27T15:46:23.173+0000] {dag.py:3096} INFO - Sync 1 DAGs
[2025-12-27T15:46:23.216+0000] {logging_mixin.py:188} INFO - [2025-12-27T15:46:23.215+0000] {dag.py:3954} INFO - Setting next_dagrun for latest_only_with_trigger to 2025-12-27 08:00:00+00:00, run_after=2025-12-27 12:00:00+00:00
[2025-12-27T15:46:23.554+0000] {processor.py:183} INFO - Processing /usr/local/lib/python3.11/site-packages/airflow/example_dags/example_latest_only_with_trigger.py took 0.452 seconds
[2025-12-27T15:48:01.458+0000] {processor.py:161} INFO - Started process (PID=237) to work on /usr/local/lib/python3.11/site-packages/airflow/example_dags/example_latest_only_with_trigger.py
[2025-12-27T15:48:01.460+0000] {processor.py:830} INFO - Processing file /usr/local/lib/python3.11/site-packages/airflow/example_dags/example_latest_only_with_trigger.py for tasks to queue
[2025-12-27T15:48:01.463+0000] {logging_mixin.py:188} INFO - [2025-12-27T15:48:01.462+0000] {dagbag.py:545} INFO - Filling up the DagBag from /usr/local/lib/python3.11/site-packages/airflow/example_dags/example_latest_only_with_trigger.py
[2025-12-27T15:48:01.471+0000] {processor.py:840} INFO - DAG(s) 'latest_only_with_trigger' retrieved from /usr/local/lib/python3.11/site-packages/airflow/example_dags/example_latest_only_with_trigger.py
[2025-12-27T15:48:01.511+0000] {logging_mixin.py:188} INFO - [2025-12-27T15:48:01.510+0000] {dag.py:3096} INFO - Sync 1 DAGs
[2025-12-27T15:48:01.551+0000] {logging_mixin.py:188} INFO - [2025-12-27T15:48:01.550+0000] {dag.py:3954} INFO - Setting next_dagrun for latest_only_with_trigger to 2025-12-27 08:00:00+00:00, run_after=2025-12-27 12:00:00+00:00
[2025-12-27T15:48:01.732+0000] {processor.py:183} INFO - Processing /usr/local/lib/python3.11/site-packages/airflow/example_dags/example_latest_only_with_trigger.py took 0.289 seconds
[2025-12-27T15:49:29.301+0000] {processor.py:161} INFO - Started process (PID=303) to work on /usr/local/lib/python3.11/site-packages/airflow/example_dags/example_latest_only_with_trigger.py
[2025-12-27T15:49:29.302+0000] {processor.py:830} INFO - Processing file /usr/local/lib/python3.11/site-packages/airflow/example_dags/example_latest_only_with_trigger.py for tasks to queue
[2025-12-27T15:49:29.305+0000] {logging_mixin.py:188} INFO - [2025-12-27T15:49:29.304+0000] {dagbag.py:545} INFO - Filling up the DagBag from /usr/local/lib/python3.11/site-packages/airflow/example_dags/example_latest_only_with_trigger.py
[2025-12-27T15:49:29.313+0000] {processor.py:840} INFO - DAG(s) 'latest_only_with_trigger' retrieved from /usr/local/lib/python3.11/site-packages/airflow/example_dags/example_latest_only_with_trigger.py
[2025-12-27T15:49:29.351+0000] {logging_mixin.py:188} INFO - [2025-12-27T15:49:29.351+0000] {dag.py:3096} INFO - Sync 1 DAGs
[2025-12-27T15:49:29.384+0000] {logging_mixin.py:188} INFO - [2025-12-27T15:49:29.384+0000] {dag.py:3954} INFO - Setting next_dagrun for latest_only_with_trigger to 2025-12-27 08:00:00+00:00, run_after=2025-12-27 12:00:00+00:00
[2025-12-27T15:49:29.684+0000] {processor.py:183} INFO - Processing /usr/local/lib/python3.11/site-packages/airflow/example_dags/example_latest_only_with_trigger.py took 0.406 seconds
[2025-12-27T15:51:07.739+0000] {processor.py:161} INFO - Started process (PID=381) to work on /usr/local/lib/python3.11/site-packages/airflow/example_dags/example_latest_only_with_trigger.py
[2025-12-27T15:51:07.740+0000] {processor.py:830} INFO - Processing file /usr/local/lib/python3.11/site-packages/airflow/example_dags/example_latest_only_with_trigger.py for tasks to queue
[2025-12-27T15:51:07.742+0000] {logging_mixin.py:188} INFO - [2025-12-27T15:51:07.742+0000] {dagbag.py:545} INFO - Filling up the DagBag from /usr/local/lib/python3.11/site-packages/airflow/example_dags/example_latest_only_with_trigger.py
[2025-12-27T15:51:07.749+0000] {processor.py:840} INFO - DAG(s) 'latest_only_with_trigger' retrieved from /usr/local/lib/python3.11/site-packages/airflow/example_dags/example_latest_only_with_trigger.py
[2025-12-27T15:51:07.787+0000] {logging_mixin.py:188} INFO - [2025-12-27T15:51:07.787+0000] {dag.py:3096} INFO - Sync 1 DAGs
[2025-12-27T15:51:07.828+0000] {logging_mixin.py:188} INFO - [2025-12-27T15:51:07.828+0000] {dag.py:3954} INFO - Setting next_dagrun for latest_only_with_trigger to 2025-12-27 08:00:00+00:00, run_after=2025-12-27 12:00:00+00:00
[2025-12-27T15:51:08.022+0000] {processor.py:183} INFO - Processing /usr/local/lib/python3.11/site-packages/airflow/example_dags/example_latest_only_with_trigger.py took 0.300 seconds
[2025-12-27T15:52:37.960+0000] {processor.py:161} INFO - Started process (PID=461) to work on /usr/local/lib/python3.11/site-packages/airflow/example_dags/example_latest_only_with_trigger.py
[2025-12-27T15:52:37.961+0000] {processor.py:830} INFO - Processing file /usr/local/lib/python3.11/site-packages/airflow/example_dags/example_latest_only_with_trigger.py for tasks to queue
[2025-12-27T15:52:37.964+0000] {logging_mixin.py:188} INFO - [2025-12-27T15:52:37.963+0000] {dagbag.py:545} INFO - Filling up the DagBag from /usr/local/lib/python3.11/site-packages/airflow/example_dags/example_latest_only_with_trigger.py
[2025-12-27T15:52:37.972+0000] {processor.py:840} INFO - DAG(s) 'latest_only_with_trigger' retrieved from /usr/local/lib/python3.11/site-packages/airflow/example_dags/example_latest_only_with_trigger.py
[2025-12-27T15:52:38.141+0000] {logging_mixin.py:188} INFO - [2025-12-27T15:52:38.141+0000] {dag.py:3096} INFO - Sync 1 DAGs
[2025-12-27T15:52:38.185+0000] {logging_mixin.py:188} INFO - [2025-12-27T15:52:38.185+0000] {dag.py:3954} INFO - Setting next_dagrun for latest_only_with_trigger to 2025-12-27 08:00:00+00:00, run_after=2025-12-27 12:00:00+00:00
[2025-12-27T15:52:38.391+0000] {processor.py:183} INFO - Processing /usr/local/lib/python3.11/site-packages/airflow/example_dags/example_latest_only_with_trigger.py took 0.447 seconds
[2025-12-27T15:54:10.667+0000] {processor.py:161} INFO - Started process (PID=525) to work on /usr/local/lib/python3.11/site-packages/airflow/example_dags/example_latest_only_with_trigger.py
[2025-12-27T15:54:10.669+0000] {processor.py:830} INFO - Processing file /usr/local/lib/python3.11/site-packages/airflow/example_dags/example_latest_only_with_trigger.py for tasks to queue
[2025-12-27T15:54:10.672+0000] {logging_mixin.py:188} INFO - [2025-12-27T15:54:10.671+0000] {dagbag.py:545} INFO - Filling up the DagBag from /usr/local/lib/python3.11/site-packages/airflow/example_dags/example_latest_only_with_trigger.py
[2025-12-27T15:54:10.685+0000] {processor.py:840} INFO - DAG(s) 'latest_only_with_trigger' retrieved from /usr/local/lib/python3.11/site-packages/airflow/example_dags/example_latest_only_with_trigger.py
[2025-12-27T15:54:10.734+0000] {logging_mixin.py:188} INFO - [2025-12-27T15:54:10.734+0000] {dag.py:3096} INFO - Sync 1 DAGs
[2025-12-27T15:54:10.791+0000] {logging_mixin.py:188} INFO - [2025-12-27T15:54:10.791+0000] {dag.py:3954} INFO - Setting next_dagrun for latest_only_with_trigger to 2025-12-27 08:00:00+00:00, run_after=2025-12-27 12:00:00+00:00
[2025-12-27T15:54:11.000+0000] {processor.py:183} INFO - Processing /usr/local/lib/python3.11/site-packages/airflow/example_dags/example_latest_only_with_trigger.py took 0.354 seconds
[2025-12-27T15:55:42.022+0000] {processor.py:161} INFO - Started process (PID=595) to work on /usr/local/lib/python3.11/site-packages/airflow/example_dags/example_latest_only_with_trigger.py
[2025-12-27T15:55:42.024+0000] {processor.py:830} INFO - Processing file /usr/local/lib/python3.11/site-packages/airflow/example_dags/example_latest_only_with_trigger.py for tasks to queue
[2025-12-27T15:55:42.026+0000] {logging_mixin.py:188} INFO - [2025-12-27T15:55:42.025+0000] {dagbag.py:545} INFO - Filling up the DagBag from /usr/local/lib/python3.11/site-packages/airflow/example_dags/example_latest_only_with_trigger.py
[2025-12-27T15:55:42.033+0000] {processor.py:840} INFO - DAG(s) 'latest_only_with_trigger' retrieved from /usr/local/lib/python3.11/site-packages/airflow/example_dags/example_latest_only_with_trigger.py
[2025-12-27T15:55:42.083+0000] {logging_mixin.py:188} INFO - [2025-12-27T15:55:42.082+0000] {dag.py:3096} INFO - Sync 1 DAGs
[2025-12-27T15:55:42.135+0000] {logging_mixin.py:188} INFO - [2025-12-27T15:55:42.135+0000] {dag.py:3954} INFO - Setting next_dagrun for latest_only_with_trigger to 2025-12-27 08:00:00+00:00, run_after=2025-12-27 12:00:00+00:00
[2025-12-27T15:55:42.418+0000] {processor.py:183} INFO - Processing /usr/local/lib/python3.11/site-packages/airflow/example_dags/example_latest_only_with_trigger.py took 0.413 seconds
[2025-12-27T15:57:14.391+0000] {processor.py:161} INFO - Started process (PID=663) to work on /usr/local/lib/python3.11/site-packages/airflow/example_dags/example_latest_only_with_trigger.py
[2025-12-27T15:57:14.393+0000] {processor.py:830} INFO - Processing file /usr/local/lib/python3.11/site-packages/airflow/example_dags/example_latest_only_with_trigger.py for tasks to queue
[2025-12-27T15:57:14.402+0000] {logging_mixin.py:188} INFO - [2025-12-27T15:57:14.402+0000] {dagbag.py:545} INFO - Filling up the DagBag from /usr/local/lib/python3.11/site-packages/airflow/example_dags/example_latest_only_with_trigger.py
[2025-12-27T15:57:14.411+0000] {processor.py:840} INFO - DAG(s) 'latest_only_with_trigger' retrieved from /usr/local/lib/python3.11/site-packages/airflow/example_dags/example_latest_only_with_trigger.py
[2025-12-27T15:57:14.460+0000] {logging_mixin.py:188} INFO - [2025-12-27T15:57:14.460+0000] {dag.py:3096} INFO - Sync 1 DAGs
[2025-12-27T15:57:14.510+0000] {logging_mixin.py:188} INFO - [2025-12-27T15:57:14.509+0000] {dag.py:3954} INFO - Setting next_dagrun for latest_only_with_trigger to 2025-12-27 08:00:00+00:00, run_after=2025-12-27 12:00:00+00:00
[2025-12-27T15:57:14.857+0000] {processor.py:183} INFO - Processing /usr/local/lib/python3.11/site-packages/airflow/example_dags/example_latest_only_with_trigger.py took 0.490 seconds
[2025-12-27T15:58:45.406+0000] {processor.py:161} INFO - Started process (PID=726) to work on /usr/local/lib/python3.11/site-packages/airflow/example_dags/example_latest_only_with_trigger.py
[2025-12-27T15:58:45.416+0000] {processor.py:830} INFO - Processing file /usr/local/lib/python3.11/site-packages/airflow/example_dags/example_latest_only_with_trigger.py for tasks to queue
[2025-12-27T15:58:45.446+0000] {logging_mixin.py:188} INFO - [2025-12-27T15:58:45.445+0000] {dagbag.py:545} INFO - Filling up the DagBag from /usr/local/lib/python3.11/site-packages/airflow/example_dags/example_latest_only_with_trigger.py
[2025-12-27T15:58:45.471+0000] {processor.py:840} INFO - DAG(s) 'latest_only_with_trigger' retrieved from /usr/local/lib/python3.11/site-packages/airflow/example_dags/example_latest_only_with_trigger.py
[2025-12-27T15:58:46.304+0000] {logging_mixin.py:188} INFO - [2025-12-27T15:58:46.304+0000] {dag.py:3096} INFO - Sync 1 DAGs
[2025-12-27T15:58:46.577+0000] {logging_mixin.py:188} INFO - [2025-12-27T15:58:46.577+0000] {dag.py:3954} INFO - Setting next_dagrun for latest_only_with_trigger to 2025-12-27 08:00:00+00:00, run_after=2025-12-27 12:00:00+00:00
[2025-12-27T15:58:46.976+0000] {processor.py:183} INFO - Processing /usr/local/lib/python3.11/site-packages/airflow/example_dags/example_latest_only_with_trigger.py took 1.616 seconds
[2025-12-27T16:00:38.593+0000] {processor.py:161} INFO - Started process (PID=794) to work on /usr/local/lib/python3.11/site-packages/airflow/example_dags/example_latest_only_with_trigger.py
[2025-12-27T16:00:38.596+0000] {processor.py:830} INFO - Processing file /usr/local/lib/python3.11/site-packages/airflow/example_dags/example_latest_only_with_trigger.py for tasks to queue
[2025-12-27T16:00:38.599+0000] {logging_mixin.py:188} INFO - [2025-12-27T16:00:38.598+0000] {dagbag.py:545} INFO - Filling up the DagBag from /usr/local/lib/python3.11/site-packages/airflow/example_dags/example_latest_only_with_trigger.py
[2025-12-27T16:00:38.608+0000] {processor.py:840} INFO - DAG(s) 'latest_only_with_trigger' retrieved from /usr/local/lib/python3.11/site-packages/airflow/example_dags/example_latest_only_with_trigger.py
[2025-12-27T16:00:38.681+0000] {logging_mixin.py:188} INFO - [2025-12-27T16:00:38.681+0000] {dag.py:3096} INFO - Sync 1 DAGs
[2025-12-27T16:00:38.780+0000] {logging_mixin.py:188} INFO - [2025-12-27T16:00:38.779+0000] {dag.py:3954} INFO - Setting next_dagrun for latest_only_with_trigger to 2025-12-27 12:00:00+00:00, run_after=2025-12-27 16:00:00+00:00
[2025-12-27T16:00:39.055+0000] {processor.py:183} INFO - Processing /usr/local/lib/python3.11/site-packages/airflow/example_dags/example_latest_only_with_trigger.py took 0.487 seconds
