[2025-12-27T13:47:17.963+0000] {processor.py:161} INFO - Started process (PID=77) to work on /usr/local/lib/python3.11/site-packages/airflow/example_dags/example_params_ui_tutorial.py
[2025-12-27T13:47:17.964+0000] {processor.py:830} INFO - Processing file /usr/local/lib/python3.11/site-packages/airflow/example_dags/example_params_ui_tutorial.py for tasks to queue
[2025-12-27T13:47:17.967+0000] {logging_mixin.py:188} INFO - [2025-12-27T13:47:17.966+0000] {dagbag.py:545} INFO - Filling up the DagBag from /usr/local/lib/python3.11/site-packages/airflow/example_dags/example_params_ui_tutorial.py
[2025-12-27T13:47:17.982+0000] {processor.py:840} INFO - DAG(s) 'example_params_ui_tutorial' retrieved from /usr/local/lib/python3.11/site-packages/airflow/example_dags/example_params_ui_tutorial.py
[2025-12-27T13:47:18.438+0000] {logging_mixin.py:188} INFO - [2025-12-27T13:47:18.437+0000] {override.py:1930} INFO - Created Permission View: can edit on DAG:example_params_ui_tutorial
[2025-12-27T13:47:18.709+0000] {logging_mixin.py:188} INFO - [2025-12-27T13:47:18.708+0000] {override.py:1930} INFO - Created Permission View: can read on DAG:example_params_ui_tutorial
[2025-12-27T13:47:18.846+0000] {logging_mixin.py:188} INFO - [2025-12-27T13:47:18.846+0000] {override.py:1930} INFO - Created Permission View: can delete on DAG:example_params_ui_tutorial
[2025-12-27T13:47:18.847+0000] {logging_mixin.py:188} INFO - [2025-12-27T13:47:18.847+0000] {dag.py:3096} INFO - Sync 1 DAGs
[2025-12-27T13:47:18.870+0000] {logging_mixin.py:188} INFO - [2025-12-27T13:47:18.870+0000] {dag.py:3118} INFO - Creating ORM DAG for example_params_ui_tutorial
[2025-12-27T13:47:18.871+0000] {logging_mixin.py:188} INFO - [2025-12-27T13:47:18.871+0000] {dag.py:3954} INFO - Setting next_dagrun for example_params_ui_tutorial to None, run_after=None
[2025-12-27T13:47:19.090+0000] {processor.py:183} INFO - Processing /usr/local/lib/python3.11/site-packages/airflow/example_dags/example_params_ui_tutorial.py took 1.141 seconds
[2025-12-27T13:49:00.632+0000] {processor.py:161} INFO - Started process (PID=145) to work on /usr/local/lib/python3.11/site-packages/airflow/example_dags/example_params_ui_tutorial.py
[2025-12-27T13:49:00.633+0000] {processor.py:830} INFO - Processing file /usr/local/lib/python3.11/site-packages/airflow/example_dags/example_params_ui_tutorial.py for tasks to queue
[2025-12-27T13:49:00.637+0000] {logging_mixin.py:188} INFO - [2025-12-27T13:49:00.636+0000] {dagbag.py:545} INFO - Filling up the DagBag from /usr/local/lib/python3.11/site-packages/airflow/example_dags/example_params_ui_tutorial.py
[2025-12-27T13:49:00.651+0000] {processor.py:840} INFO - DAG(s) 'example_params_ui_tutorial' retrieved from /usr/local/lib/python3.11/site-packages/airflow/example_dags/example_params_ui_tutorial.py
[2025-12-27T13:49:00.721+0000] {logging_mixin.py:188} INFO - [2025-12-27T13:49:00.721+0000] {dag.py:3096} INFO - Sync 1 DAGs
[2025-12-27T13:49:00.880+0000] {logging_mixin.py:188} INFO - [2025-12-27T13:49:00.879+0000] {dag.py:3954} INFO - Setting next_dagrun for example_params_ui_tutorial to None, run_after=None
[2025-12-27T13:49:01.184+0000] {processor.py:183} INFO - Processing /usr/local/lib/python3.11/site-packages/airflow/example_dags/example_params_ui_tutorial.py took 0.567 seconds
[2025-12-27T13:50:36.619+0000] {processor.py:161} INFO - Started process (PID=210) to work on /usr/local/lib/python3.11/site-packages/airflow/example_dags/example_params_ui_tutorial.py
[2025-12-27T13:50:36.621+0000] {processor.py:830} INFO - Processing file /usr/local/lib/python3.11/site-packages/airflow/example_dags/example_params_ui_tutorial.py for tasks to queue
[2025-12-27T13:50:36.624+0000] {logging_mixin.py:188} INFO - [2025-12-27T13:50:36.623+0000] {dagbag.py:545} INFO - Filling up the DagBag from /usr/local/lib/python3.11/site-packages/airflow/example_dags/example_params_ui_tutorial.py
[2025-12-27T13:50:36.646+0000] {processor.py:840} INFO - DAG(s) 'example_params_ui_tutorial' retrieved from /usr/local/lib/python3.11/site-packages/airflow/example_dags/example_params_ui_tutorial.py
[2025-12-27T13:50:36.717+0000] {logging_mixin.py:188} INFO - [2025-12-27T13:50:36.717+0000] {dag.py:3096} INFO - Sync 1 DAGs
[2025-12-27T13:50:36.735+0000] {logging_mixin.py:188} INFO - [2025-12-27T13:50:36.735+0000] {dag.py:3954} INFO - Setting next_dagrun for example_params_ui_tutorial to None, run_after=None
[2025-12-27T13:50:37.043+0000] {processor.py:183} INFO - Processing /usr/local/lib/python3.11/site-packages/airflow/example_dags/example_params_ui_tutorial.py took 0.443 seconds
[2025-12-27T13:52:00.742+0000] {processor.py:161} INFO - Started process (PID=271) to work on /usr/local/lib/python3.11/site-packages/airflow/example_dags/example_params_ui_tutorial.py
[2025-12-27T13:52:00.743+0000] {processor.py:830} INFO - Processing file /usr/local/lib/python3.11/site-packages/airflow/example_dags/example_params_ui_tutorial.py for tasks to queue
[2025-12-27T13:52:00.746+0000] {logging_mixin.py:188} INFO - [2025-12-27T13:52:00.745+0000] {dagbag.py:545} INFO - Filling up the DagBag from /usr/local/lib/python3.11/site-packages/airflow/example_dags/example_params_ui_tutorial.py
[2025-12-27T13:52:00.760+0000] {processor.py:840} INFO - DAG(s) 'example_params_ui_tutorial' retrieved from /usr/local/lib/python3.11/site-packages/airflow/example_dags/example_params_ui_tutorial.py
[2025-12-27T13:52:00.829+0000] {logging_mixin.py:188} INFO - [2025-12-27T13:52:00.829+0000] {dag.py:3096} INFO - Sync 1 DAGs
[2025-12-27T13:52:00.848+0000] {logging_mixin.py:188} INFO - [2025-12-27T13:52:00.848+0000] {dag.py:3954} INFO - Setting next_dagrun for example_params_ui_tutorial to None, run_after=None
[2025-12-27T13:52:01.067+0000] {processor.py:183} INFO - Processing /usr/local/lib/python3.11/site-packages/airflow/example_dags/example_params_ui_tutorial.py took 0.339 seconds
[2025-12-27T13:53:22.379+0000] {processor.py:161} INFO - Started process (PID=330) to work on /usr/local/lib/python3.11/site-packages/airflow/example_dags/example_params_ui_tutorial.py
[2025-12-27T13:53:22.380+0000] {processor.py:830} INFO - Processing file /usr/local/lib/python3.11/site-packages/airflow/example_dags/example_params_ui_tutorial.py for tasks to queue
[2025-12-27T13:53:22.382+0000] {logging_mixin.py:188} INFO - [2025-12-27T13:53:22.382+0000] {dagbag.py:545} INFO - Filling up the DagBag from /usr/local/lib/python3.11/site-packages/airflow/example_dags/example_params_ui_tutorial.py
[2025-12-27T13:53:22.397+0000] {processor.py:840} INFO - DAG(s) 'example_params_ui_tutorial' retrieved from /usr/local/lib/python3.11/site-packages/airflow/example_dags/example_params_ui_tutorial.py
[2025-12-27T13:53:22.464+0000] {logging_mixin.py:188} INFO - [2025-12-27T13:53:22.464+0000] {dag.py:3096} INFO - Sync 1 DAGs
[2025-12-27T13:53:22.482+0000] {logging_mixin.py:188} INFO - [2025-12-27T13:53:22.482+0000] {dag.py:3954} INFO - Setting next_dagrun for example_params_ui_tutorial to None, run_after=None
[2025-12-27T13:53:22.719+0000] {processor.py:183} INFO - Processing /usr/local/lib/python3.11/site-packages/airflow/example_dags/example_params_ui_tutorial.py took 0.356 seconds
[2025-12-27T13:54:46.903+0000] {processor.py:161} INFO - Started process (PID=392) to work on /usr/local/lib/python3.11/site-packages/airflow/example_dags/example_params_ui_tutorial.py
[2025-12-27T13:54:46.904+0000] {processor.py:830} INFO - Processing file /usr/local/lib/python3.11/site-packages/airflow/example_dags/example_params_ui_tutorial.py for tasks to queue
[2025-12-27T13:54:46.907+0000] {logging_mixin.py:188} INFO - [2025-12-27T13:54:46.907+0000] {dagbag.py:545} INFO - Filling up the DagBag from /usr/local/lib/python3.11/site-packages/airflow/example_dags/example_params_ui_tutorial.py
[2025-12-27T13:54:46.925+0000] {processor.py:840} INFO - DAG(s) 'example_params_ui_tutorial' retrieved from /usr/local/lib/python3.11/site-packages/airflow/example_dags/example_params_ui_tutorial.py
[2025-12-27T13:54:47.022+0000] {logging_mixin.py:188} INFO - [2025-12-27T13:54:47.021+0000] {dag.py:3096} INFO - Sync 1 DAGs
[2025-12-27T13:54:47.043+0000] {logging_mixin.py:188} INFO - [2025-12-27T13:54:47.043+0000] {dag.py:3954} INFO - Setting next_dagrun for example_params_ui_tutorial to None, run_after=None
[2025-12-27T13:54:47.265+0000] {processor.py:183} INFO - Processing /usr/local/lib/python3.11/site-packages/airflow/example_dags/example_params_ui_tutorial.py took 0.378 seconds
[2025-12-27T13:56:10.696+0000] {processor.py:161} INFO - Started process (PID=453) to work on /usr/local/lib/python3.11/site-packages/airflow/example_dags/example_params_ui_tutorial.py
[2025-12-27T13:56:10.697+0000] {processor.py:830} INFO - Processing file /usr/local/lib/python3.11/site-packages/airflow/example_dags/example_params_ui_tutorial.py for tasks to queue
[2025-12-27T13:56:10.700+0000] {logging_mixin.py:188} INFO - [2025-12-27T13:56:10.699+0000] {dagbag.py:545} INFO - Filling up the DagBag from /usr/local/lib/python3.11/site-packages/airflow/example_dags/example_params_ui_tutorial.py
[2025-12-27T13:56:10.717+0000] {processor.py:840} INFO - DAG(s) 'example_params_ui_tutorial' retrieved from /usr/local/lib/python3.11/site-packages/airflow/example_dags/example_params_ui_tutorial.py
[2025-12-27T13:56:10.793+0000] {logging_mixin.py:188} INFO - [2025-12-27T13:56:10.792+0000] {dag.py:3096} INFO - Sync 1 DAGs
[2025-12-27T13:56:10.821+0000] {logging_mixin.py:188} INFO - [2025-12-27T13:56:10.821+0000] {dag.py:3954} INFO - Setting next_dagrun for example_params_ui_tutorial to None, run_after=None
[2025-12-27T13:56:11.068+0000] {processor.py:183} INFO - Processing /usr/local/lib/python3.11/site-packages/airflow/example_dags/example_params_ui_tutorial.py took 0.389 seconds
[2025-12-27T13:57:39.696+0000] {processor.py:161} INFO - Started process (PID=515) to work on /usr/local/lib/python3.11/site-packages/airflow/example_dags/example_params_ui_tutorial.py
[2025-12-27T13:57:39.697+0000] {processor.py:830} INFO - Processing file /usr/local/lib/python3.11/site-packages/airflow/example_dags/example_params_ui_tutorial.py for tasks to queue
[2025-12-27T13:57:39.699+0000] {logging_mixin.py:188} INFO - [2025-12-27T13:57:39.699+0000] {dagbag.py:545} INFO - Filling up the DagBag from /usr/local/lib/python3.11/site-packages/airflow/example_dags/example_params_ui_tutorial.py
[2025-12-27T13:57:39.723+0000] {processor.py:840} INFO - DAG(s) 'example_params_ui_tutorial' retrieved from /usr/local/lib/python3.11/site-packages/airflow/example_dags/example_params_ui_tutorial.py
[2025-12-27T13:57:39.793+0000] {logging_mixin.py:188} INFO - [2025-12-27T13:57:39.793+0000] {dag.py:3096} INFO - Sync 1 DAGs
[2025-12-27T13:57:39.810+0000] {logging_mixin.py:188} INFO - [2025-12-27T13:57:39.809+0000] {dag.py:3954} INFO - Setting next_dagrun for example_params_ui_tutorial to None, run_after=None
[2025-12-27T13:57:40.040+0000] {processor.py:183} INFO - Processing /usr/local/lib/python3.11/site-packages/airflow/example_dags/example_params_ui_tutorial.py took 0.357 seconds
[2025-12-27T13:59:02.006+0000] {processor.py:161} INFO - Started process (PID=575) to work on /usr/local/lib/python3.11/site-packages/airflow/example_dags/example_params_ui_tutorial.py
[2025-12-27T13:59:02.007+0000] {processor.py:830} INFO - Processing file /usr/local/lib/python3.11/site-packages/airflow/example_dags/example_params_ui_tutorial.py for tasks to queue
[2025-12-27T13:59:02.010+0000] {logging_mixin.py:188} INFO - [2025-12-27T13:59:02.009+0000] {dagbag.py:545} INFO - Filling up the DagBag from /usr/local/lib/python3.11/site-packages/airflow/example_dags/example_params_ui_tutorial.py
[2025-12-27T13:59:02.026+0000] {processor.py:840} INFO - DAG(s) 'example_params_ui_tutorial' retrieved from /usr/local/lib/python3.11/site-packages/airflow/example_dags/example_params_ui_tutorial.py
[2025-12-27T13:59:02.102+0000] {logging_mixin.py:188} INFO - [2025-12-27T13:59:02.102+0000] {dag.py:3096} INFO - Sync 1 DAGs
[2025-12-27T13:59:02.120+0000] {logging_mixin.py:188} INFO - [2025-12-27T13:59:02.120+0000] {dag.py:3954} INFO - Setting next_dagrun for example_params_ui_tutorial to None, run_after=None
[2025-12-27T13:59:02.379+0000] {processor.py:183} INFO - Processing /usr/local/lib/python3.11/site-packages/airflow/example_dags/example_params_ui_tutorial.py took 0.389 seconds
[2025-12-27T14:00:34.605+0000] {processor.py:161} INFO - Started process (PID=636) to work on /usr/local/lib/python3.11/site-packages/airflow/example_dags/example_params_ui_tutorial.py
[2025-12-27T14:00:34.606+0000] {processor.py:830} INFO - Processing file /usr/local/lib/python3.11/site-packages/airflow/example_dags/example_params_ui_tutorial.py for tasks to queue
[2025-12-27T14:00:34.608+0000] {logging_mixin.py:188} INFO - [2025-12-27T14:00:34.608+0000] {dagbag.py:545} INFO - Filling up the DagBag from /usr/local/lib/python3.11/site-packages/airflow/example_dags/example_params_ui_tutorial.py
[2025-12-27T14:00:34.627+0000] {processor.py:840} INFO - DAG(s) 'example_params_ui_tutorial' retrieved from /usr/local/lib/python3.11/site-packages/airflow/example_dags/example_params_ui_tutorial.py
[2025-12-27T14:00:34.725+0000] {logging_mixin.py:188} INFO - [2025-12-27T14:00:34.725+0000] {dag.py:3096} INFO - Sync 1 DAGs
[2025-12-27T14:00:34.758+0000] {logging_mixin.py:188} INFO - [2025-12-27T14:00:34.758+0000] {dag.py:3954} INFO - Setting next_dagrun for example_params_ui_tutorial to None, run_after=None
[2025-12-27T14:00:35.119+0000] {processor.py:183} INFO - Processing /usr/local/lib/python3.11/site-packages/airflow/example_dags/example_params_ui_tutorial.py took 0.531 seconds
[2025-12-27T14:03:01.841+0000] {processor.py:161} INFO - Started process (PID=715) to work on /usr/local/lib/python3.11/site-packages/airflow/example_dags/example_params_ui_tutorial.py
[2025-12-27T14:03:01.843+0000] {processor.py:830} INFO - Processing file /usr/local/lib/python3.11/site-packages/airflow/example_dags/example_params_ui_tutorial.py for tasks to queue
[2025-12-27T14:03:01.846+0000] {logging_mixin.py:188} INFO - [2025-12-27T14:03:01.846+0000] {dagbag.py:545} INFO - Filling up the DagBag from /usr/local/lib/python3.11/site-packages/airflow/example_dags/example_params_ui_tutorial.py
[2025-12-27T14:03:01.875+0000] {processor.py:840} INFO - DAG(s) 'example_params_ui_tutorial' retrieved from /usr/local/lib/python3.11/site-packages/airflow/example_dags/example_params_ui_tutorial.py
[2025-12-27T14:03:01.972+0000] {logging_mixin.py:188} INFO - [2025-12-27T14:03:01.972+0000] {dag.py:3096} INFO - Sync 1 DAGs
[2025-12-27T14:03:01.995+0000] {logging_mixin.py:188} INFO - [2025-12-27T14:03:01.995+0000] {dag.py:3954} INFO - Setting next_dagrun for example_params_ui_tutorial to None, run_after=None
[2025-12-27T14:03:02.177+0000] {processor.py:183} INFO - Processing /usr/local/lib/python3.11/site-packages/airflow/example_dags/example_params_ui_tutorial.py took 0.361 seconds
[2025-12-27T14:04:52.291+0000] {processor.py:161} INFO - Started process (PID=791) to work on /usr/local/lib/python3.11/site-packages/airflow/example_dags/example_params_ui_tutorial.py
[2025-12-27T14:04:52.292+0000] {processor.py:830} INFO - Processing file /usr/local/lib/python3.11/site-packages/airflow/example_dags/example_params_ui_tutorial.py for tasks to queue
[2025-12-27T14:04:52.294+0000] {logging_mixin.py:188} INFO - [2025-12-27T14:04:52.294+0000] {dagbag.py:545} INFO - Filling up the DagBag from /usr/local/lib/python3.11/site-packages/airflow/example_dags/example_params_ui_tutorial.py
[2025-12-27T14:04:52.310+0000] {processor.py:840} INFO - DAG(s) 'example_params_ui_tutorial' retrieved from /usr/local/lib/python3.11/site-packages/airflow/example_dags/example_params_ui_tutorial.py
[2025-12-27T14:04:52.381+0000] {logging_mixin.py:188} INFO - [2025-12-27T14:04:52.380+0000] {dag.py:3096} INFO - Sync 1 DAGs
[2025-12-27T14:04:52.409+0000] {logging_mixin.py:188} INFO - [2025-12-27T14:04:52.409+0000] {dag.py:3954} INFO - Setting next_dagrun for example_params_ui_tutorial to None, run_after=None
[2025-12-27T14:04:52.666+0000] {processor.py:183} INFO - Processing /usr/local/lib/python3.11/site-packages/airflow/example_dags/example_params_ui_tutorial.py took 0.389 seconds
[2025-12-27T14:06:38.324+0000] {processor.py:161} INFO - Started process (PID=868) to work on /usr/local/lib/python3.11/site-packages/airflow/example_dags/example_params_ui_tutorial.py
[2025-12-27T14:06:38.325+0000] {processor.py:830} INFO - Processing file /usr/local/lib/python3.11/site-packages/airflow/example_dags/example_params_ui_tutorial.py for tasks to queue
[2025-12-27T14:06:38.329+0000] {logging_mixin.py:188} INFO - [2025-12-27T14:06:38.328+0000] {dagbag.py:545} INFO - Filling up the DagBag from /usr/local/lib/python3.11/site-packages/airflow/example_dags/example_params_ui_tutorial.py
[2025-12-27T14:06:38.348+0000] {processor.py:840} INFO - DAG(s) 'example_params_ui_tutorial' retrieved from /usr/local/lib/python3.11/site-packages/airflow/example_dags/example_params_ui_tutorial.py
[2025-12-27T14:06:38.430+0000] {logging_mixin.py:188} INFO - [2025-12-27T14:06:38.429+0000] {dag.py:3096} INFO - Sync 1 DAGs
[2025-12-27T14:06:38.450+0000] {logging_mixin.py:188} INFO - [2025-12-27T14:06:38.450+0000] {dag.py:3954} INFO - Setting next_dagrun for example_params_ui_tutorial to None, run_after=None
[2025-12-27T14:06:38.654+0000] {processor.py:183} INFO - Processing /usr/local/lib/python3.11/site-packages/airflow/example_dags/example_params_ui_tutorial.py took 0.350 seconds
[2025-12-27T14:08:20.001+0000] {processor.py:161} INFO - Started process (PID=932) to work on /usr/local/lib/python3.11/site-packages/airflow/example_dags/example_params_ui_tutorial.py
[2025-12-27T14:08:20.014+0000] {processor.py:830} INFO - Processing file /usr/local/lib/python3.11/site-packages/airflow/example_dags/example_params_ui_tutorial.py for tasks to queue
[2025-12-27T14:08:20.022+0000] {logging_mixin.py:188} INFO - [2025-12-27T14:08:20.021+0000] {dagbag.py:545} INFO - Filling up the DagBag from /usr/local/lib/python3.11/site-packages/airflow/example_dags/example_params_ui_tutorial.py
[2025-12-27T14:08:20.053+0000] {processor.py:840} INFO - DAG(s) 'example_params_ui_tutorial' retrieved from /usr/local/lib/python3.11/site-packages/airflow/example_dags/example_params_ui_tutorial.py
[2025-12-27T14:08:20.222+0000] {logging_mixin.py:188} INFO - [2025-12-27T14:08:20.222+0000] {dag.py:3096} INFO - Sync 1 DAGs
[2025-12-27T14:08:20.282+0000] {logging_mixin.py:188} INFO - [2025-12-27T14:08:20.281+0000] {dag.py:3954} INFO - Setting next_dagrun for example_params_ui_tutorial to None, run_after=None
[2025-12-27T14:08:20.608+0000] {processor.py:183} INFO - Processing /usr/local/lib/python3.11/site-packages/airflow/example_dags/example_params_ui_tutorial.py took 0.634 seconds
[2025-12-27T14:09:56.652+0000] {processor.py:161} INFO - Started process (PID=996) to work on /usr/local/lib/python3.11/site-packages/airflow/example_dags/example_params_ui_tutorial.py
[2025-12-27T14:09:56.657+0000] {processor.py:830} INFO - Processing file /usr/local/lib/python3.11/site-packages/airflow/example_dags/example_params_ui_tutorial.py for tasks to queue
[2025-12-27T14:09:56.674+0000] {logging_mixin.py:188} INFO - [2025-12-27T14:09:56.673+0000] {dagbag.py:545} INFO - Filling up the DagBag from /usr/local/lib/python3.11/site-packages/airflow/example_dags/example_params_ui_tutorial.py
[2025-12-27T14:09:56.731+0000] {processor.py:840} INFO - DAG(s) 'example_params_ui_tutorial' retrieved from /usr/local/lib/python3.11/site-packages/airflow/example_dags/example_params_ui_tutorial.py
[2025-12-27T14:09:56.859+0000] {logging_mixin.py:188} INFO - [2025-12-27T14:09:56.859+0000] {dag.py:3096} INFO - Sync 1 DAGs
[2025-12-27T14:09:56.881+0000] {logging_mixin.py:188} INFO - [2025-12-27T14:09:56.881+0000] {dag.py:3954} INFO - Setting next_dagrun for example_params_ui_tutorial to None, run_after=None
[2025-12-27T14:09:57.104+0000] {processor.py:183} INFO - Processing /usr/local/lib/python3.11/site-packages/airflow/example_dags/example_params_ui_tutorial.py took 0.569 seconds
[2025-12-27T14:12:07.466+0000] {processor.py:161} INFO - Started process (PID=1068) to work on /usr/local/lib/python3.11/site-packages/airflow/example_dags/example_params_ui_tutorial.py
[2025-12-27T14:12:07.514+0000] {processor.py:830} INFO - Processing file /usr/local/lib/python3.11/site-packages/airflow/example_dags/example_params_ui_tutorial.py for tasks to queue
[2025-12-27T14:12:07.516+0000] {logging_mixin.py:188} INFO - [2025-12-27T14:12:07.516+0000] {dagbag.py:545} INFO - Filling up the DagBag from /usr/local/lib/python3.11/site-packages/airflow/example_dags/example_params_ui_tutorial.py
[2025-12-27T14:12:07.534+0000] {processor.py:840} INFO - DAG(s) 'example_params_ui_tutorial' retrieved from /usr/local/lib/python3.11/site-packages/airflow/example_dags/example_params_ui_tutorial.py
[2025-12-27T14:12:07.699+0000] {logging_mixin.py:188} INFO - [2025-12-27T14:12:07.699+0000] {dag.py:3096} INFO - Sync 1 DAGs
[2025-12-27T14:12:07.730+0000] {logging_mixin.py:188} INFO - [2025-12-27T14:12:07.729+0000] {dag.py:3954} INFO - Setting next_dagrun for example_params_ui_tutorial to None, run_after=None
[2025-12-27T14:12:07.942+0000] {processor.py:183} INFO - Processing /usr/local/lib/python3.11/site-packages/airflow/example_dags/example_params_ui_tutorial.py took 0.495 seconds
[2025-12-27T14:14:06.147+0000] {processor.py:161} INFO - Started process (PID=1138) to work on /usr/local/lib/python3.11/site-packages/airflow/example_dags/example_params_ui_tutorial.py
[2025-12-27T14:14:06.148+0000] {processor.py:830} INFO - Processing file /usr/local/lib/python3.11/site-packages/airflow/example_dags/example_params_ui_tutorial.py for tasks to queue
[2025-12-27T14:14:06.151+0000] {logging_mixin.py:188} INFO - [2025-12-27T14:14:06.150+0000] {dagbag.py:545} INFO - Filling up the DagBag from /usr/local/lib/python3.11/site-packages/airflow/example_dags/example_params_ui_tutorial.py
[2025-12-27T14:14:06.167+0000] {processor.py:840} INFO - DAG(s) 'example_params_ui_tutorial' retrieved from /usr/local/lib/python3.11/site-packages/airflow/example_dags/example_params_ui_tutorial.py
[2025-12-27T14:14:06.255+0000] {logging_mixin.py:188} INFO - [2025-12-27T14:14:06.254+0000] {dag.py:3096} INFO - Sync 1 DAGs
[2025-12-27T14:14:06.297+0000] {logging_mixin.py:188} INFO - [2025-12-27T14:14:06.297+0000] {dag.py:3954} INFO - Setting next_dagrun for example_params_ui_tutorial to None, run_after=None
[2025-12-27T14:14:06.515+0000] {processor.py:183} INFO - Processing /usr/local/lib/python3.11/site-packages/airflow/example_dags/example_params_ui_tutorial.py took 0.384 seconds
[2025-12-27T14:33:02.451+0000] {processor.py:161} INFO - Started process (PID=73) to work on /usr/local/lib/python3.11/site-packages/airflow/example_dags/example_params_ui_tutorial.py
[2025-12-27T14:33:02.452+0000] {processor.py:830} INFO - Processing file /usr/local/lib/python3.11/site-packages/airflow/example_dags/example_params_ui_tutorial.py for tasks to queue
[2025-12-27T14:33:02.454+0000] {logging_mixin.py:188} INFO - [2025-12-27T14:33:02.454+0000] {dagbag.py:545} INFO - Filling up the DagBag from /usr/local/lib/python3.11/site-packages/airflow/example_dags/example_params_ui_tutorial.py
[2025-12-27T14:33:02.474+0000] {processor.py:840} INFO - DAG(s) 'example_params_ui_tutorial' retrieved from /usr/local/lib/python3.11/site-packages/airflow/example_dags/example_params_ui_tutorial.py
[2025-12-27T14:33:02.811+0000] {logging_mixin.py:188} INFO - [2025-12-27T14:33:02.811+0000] {dag.py:3096} INFO - Sync 1 DAGs
[2025-12-27T14:33:02.826+0000] {logging_mixin.py:188} INFO - [2025-12-27T14:33:02.826+0000] {dag.py:3954} INFO - Setting next_dagrun for example_params_ui_tutorial to None, run_after=None
[2025-12-27T14:33:03.112+0000] {processor.py:183} INFO - Processing /usr/local/lib/python3.11/site-packages/airflow/example_dags/example_params_ui_tutorial.py took 0.676 seconds
[2025-12-27T14:34:54.598+0000] {processor.py:161} INFO - Started process (PID=141) to work on /usr/local/lib/python3.11/site-packages/airflow/example_dags/example_params_ui_tutorial.py
[2025-12-27T14:34:54.599+0000] {processor.py:830} INFO - Processing file /usr/local/lib/python3.11/site-packages/airflow/example_dags/example_params_ui_tutorial.py for tasks to queue
[2025-12-27T14:34:54.601+0000] {logging_mixin.py:188} INFO - [2025-12-27T14:34:54.601+0000] {dagbag.py:545} INFO - Filling up the DagBag from /usr/local/lib/python3.11/site-packages/airflow/example_dags/example_params_ui_tutorial.py
[2025-12-27T14:34:54.616+0000] {processor.py:840} INFO - DAG(s) 'example_params_ui_tutorial' retrieved from /usr/local/lib/python3.11/site-packages/airflow/example_dags/example_params_ui_tutorial.py
[2025-12-27T14:34:54.710+0000] {logging_mixin.py:188} INFO - [2025-12-27T14:34:54.710+0000] {dag.py:3096} INFO - Sync 1 DAGs
[2025-12-27T14:34:54.868+0000] {logging_mixin.py:188} INFO - [2025-12-27T14:34:54.867+0000] {dag.py:3954} INFO - Setting next_dagrun for example_params_ui_tutorial to None, run_after=None
[2025-12-27T14:34:55.168+0000] {processor.py:183} INFO - Processing /usr/local/lib/python3.11/site-packages/airflow/example_dags/example_params_ui_tutorial.py took 0.584 seconds
[2025-12-27T14:54:46.278+0000] {processor.py:161} INFO - Started process (PID=77) to work on /usr/local/lib/python3.11/site-packages/airflow/example_dags/example_params_ui_tutorial.py
[2025-12-27T14:54:46.279+0000] {processor.py:830} INFO - Processing file /usr/local/lib/python3.11/site-packages/airflow/example_dags/example_params_ui_tutorial.py for tasks to queue
[2025-12-27T14:54:46.282+0000] {logging_mixin.py:188} INFO - [2025-12-27T14:54:46.281+0000] {dagbag.py:545} INFO - Filling up the DagBag from /usr/local/lib/python3.11/site-packages/airflow/example_dags/example_params_ui_tutorial.py
[2025-12-27T14:54:46.296+0000] {processor.py:840} INFO - DAG(s) 'example_params_ui_tutorial' retrieved from /usr/local/lib/python3.11/site-packages/airflow/example_dags/example_params_ui_tutorial.py
[2025-12-27T14:54:47.391+0000] {logging_mixin.py:188} INFO - [2025-12-27T14:54:47.390+0000] {override.py:1930} INFO - Created Permission View: can delete on DAG:example_params_ui_tutorial
[2025-12-27T14:54:48.799+0000] {logging_mixin.py:188} INFO - [2025-12-27T14:54:48.798+0000] {override.py:1930} INFO - Created Permission View: can edit on DAG:example_params_ui_tutorial
[2025-12-27T14:54:49.001+0000] {logging_mixin.py:188} INFO - [2025-12-27T14:54:49.000+0000] {override.py:1930} INFO - Created Permission View: can read on DAG:example_params_ui_tutorial
[2025-12-27T14:54:49.002+0000] {logging_mixin.py:188} INFO - [2025-12-27T14:54:49.001+0000] {dag.py:3096} INFO - Sync 1 DAGs
[2025-12-27T14:54:49.315+0000] {logging_mixin.py:188} INFO - [2025-12-27T14:54:49.314+0000] {dag.py:3118} INFO - Creating ORM DAG for example_params_ui_tutorial
[2025-12-27T14:54:49.327+0000] {logging_mixin.py:188} INFO - [2025-12-27T14:54:49.327+0000] {dag.py:3954} INFO - Setting next_dagrun for example_params_ui_tutorial to None, run_after=None
[2025-12-27T14:54:49.649+0000] {processor.py:183} INFO - Processing /usr/local/lib/python3.11/site-packages/airflow/example_dags/example_params_ui_tutorial.py took 3.385 seconds
[2025-12-27T14:56:52.291+0000] {processor.py:161} INFO - Started process (PID=150) to work on /usr/local/lib/python3.11/site-packages/airflow/example_dags/example_params_ui_tutorial.py
[2025-12-27T14:56:52.292+0000] {processor.py:830} INFO - Processing file /usr/local/lib/python3.11/site-packages/airflow/example_dags/example_params_ui_tutorial.py for tasks to queue
[2025-12-27T14:56:52.295+0000] {logging_mixin.py:188} INFO - [2025-12-27T14:56:52.294+0000] {dagbag.py:545} INFO - Filling up the DagBag from /usr/local/lib/python3.11/site-packages/airflow/example_dags/example_params_ui_tutorial.py
[2025-12-27T14:56:52.309+0000] {processor.py:840} INFO - DAG(s) 'example_params_ui_tutorial' retrieved from /usr/local/lib/python3.11/site-packages/airflow/example_dags/example_params_ui_tutorial.py
[2025-12-27T14:56:52.377+0000] {logging_mixin.py:188} INFO - [2025-12-27T14:56:52.377+0000] {dag.py:3096} INFO - Sync 1 DAGs
[2025-12-27T14:56:52.503+0000] {logging_mixin.py:188} INFO - [2025-12-27T14:56:52.503+0000] {dag.py:3954} INFO - Setting next_dagrun for example_params_ui_tutorial to None, run_after=None
[2025-12-27T14:56:52.721+0000] {processor.py:183} INFO - Processing /usr/local/lib/python3.11/site-packages/airflow/example_dags/example_params_ui_tutorial.py took 0.444 seconds
[2025-12-27T14:58:57.858+0000] {processor.py:161} INFO - Started process (PID=218) to work on /usr/local/lib/python3.11/site-packages/airflow/example_dags/example_params_ui_tutorial.py
[2025-12-27T14:58:57.859+0000] {processor.py:830} INFO - Processing file /usr/local/lib/python3.11/site-packages/airflow/example_dags/example_params_ui_tutorial.py for tasks to queue
[2025-12-27T14:58:57.863+0000] {logging_mixin.py:188} INFO - [2025-12-27T14:58:57.862+0000] {dagbag.py:545} INFO - Filling up the DagBag from /usr/local/lib/python3.11/site-packages/airflow/example_dags/example_params_ui_tutorial.py
[2025-12-27T14:58:57.880+0000] {processor.py:840} INFO - DAG(s) 'example_params_ui_tutorial' retrieved from /usr/local/lib/python3.11/site-packages/airflow/example_dags/example_params_ui_tutorial.py
[2025-12-27T14:58:57.967+0000] {logging_mixin.py:188} INFO - [2025-12-27T14:58:57.966+0000] {dag.py:3096} INFO - Sync 1 DAGs
[2025-12-27T14:58:57.994+0000] {logging_mixin.py:188} INFO - [2025-12-27T14:58:57.994+0000] {dag.py:3954} INFO - Setting next_dagrun for example_params_ui_tutorial to None, run_after=None
[2025-12-27T14:58:58.178+0000] {processor.py:183} INFO - Processing /usr/local/lib/python3.11/site-packages/airflow/example_dags/example_params_ui_tutorial.py took 0.339 seconds
[2025-12-27T15:00:52.824+0000] {processor.py:161} INFO - Started process (PID=304) to work on /usr/local/lib/python3.11/site-packages/airflow/example_dags/example_params_ui_tutorial.py
[2025-12-27T15:00:52.826+0000] {processor.py:830} INFO - Processing file /usr/local/lib/python3.11/site-packages/airflow/example_dags/example_params_ui_tutorial.py for tasks to queue
[2025-12-27T15:00:52.831+0000] {logging_mixin.py:188} INFO - [2025-12-27T15:00:52.830+0000] {dagbag.py:545} INFO - Filling up the DagBag from /usr/local/lib/python3.11/site-packages/airflow/example_dags/example_params_ui_tutorial.py
[2025-12-27T15:00:52.878+0000] {processor.py:840} INFO - DAG(s) 'example_params_ui_tutorial' retrieved from /usr/local/lib/python3.11/site-packages/airflow/example_dags/example_params_ui_tutorial.py
[2025-12-27T15:00:53.001+0000] {logging_mixin.py:188} INFO - [2025-12-27T15:00:53.001+0000] {dag.py:3096} INFO - Sync 1 DAGs
[2025-12-27T15:00:53.027+0000] {logging_mixin.py:188} INFO - [2025-12-27T15:00:53.026+0000] {dag.py:3954} INFO - Setting next_dagrun for example_params_ui_tutorial to None, run_after=None
[2025-12-27T15:00:53.287+0000] {processor.py:183} INFO - Processing /usr/local/lib/python3.11/site-packages/airflow/example_dags/example_params_ui_tutorial.py took 0.555 seconds
[2025-12-27T15:02:47.434+0000] {processor.py:161} INFO - Started process (PID=379) to work on /usr/local/lib/python3.11/site-packages/airflow/example_dags/example_params_ui_tutorial.py
[2025-12-27T15:02:47.435+0000] {processor.py:830} INFO - Processing file /usr/local/lib/python3.11/site-packages/airflow/example_dags/example_params_ui_tutorial.py for tasks to queue
[2025-12-27T15:02:47.439+0000] {logging_mixin.py:188} INFO - [2025-12-27T15:02:47.438+0000] {dagbag.py:545} INFO - Filling up the DagBag from /usr/local/lib/python3.11/site-packages/airflow/example_dags/example_params_ui_tutorial.py
[2025-12-27T15:02:47.475+0000] {processor.py:840} INFO - DAG(s) 'example_params_ui_tutorial' retrieved from /usr/local/lib/python3.11/site-packages/airflow/example_dags/example_params_ui_tutorial.py
[2025-12-27T15:02:47.608+0000] {logging_mixin.py:188} INFO - [2025-12-27T15:02:47.608+0000] {dag.py:3096} INFO - Sync 1 DAGs
[2025-12-27T15:02:47.640+0000] {logging_mixin.py:188} INFO - [2025-12-27T15:02:47.639+0000] {dag.py:3954} INFO - Setting next_dagrun for example_params_ui_tutorial to None, run_after=None
[2025-12-27T15:02:47.905+0000] {processor.py:183} INFO - Processing /usr/local/lib/python3.11/site-packages/airflow/example_dags/example_params_ui_tutorial.py took 0.500 seconds
[2025-12-27T15:04:24.780+0000] {processor.py:161} INFO - Started process (PID=446) to work on /usr/local/lib/python3.11/site-packages/airflow/example_dags/example_params_ui_tutorial.py
[2025-12-27T15:04:24.781+0000] {processor.py:830} INFO - Processing file /usr/local/lib/python3.11/site-packages/airflow/example_dags/example_params_ui_tutorial.py for tasks to queue
[2025-12-27T15:04:24.784+0000] {logging_mixin.py:188} INFO - [2025-12-27T15:04:24.784+0000] {dagbag.py:545} INFO - Filling up the DagBag from /usr/local/lib/python3.11/site-packages/airflow/example_dags/example_params_ui_tutorial.py
[2025-12-27T15:04:24.811+0000] {processor.py:840} INFO - DAG(s) 'example_params_ui_tutorial' retrieved from /usr/local/lib/python3.11/site-packages/airflow/example_dags/example_params_ui_tutorial.py
[2025-12-27T15:04:24.907+0000] {logging_mixin.py:188} INFO - [2025-12-27T15:04:24.907+0000] {dag.py:3096} INFO - Sync 1 DAGs
[2025-12-27T15:04:24.930+0000] {logging_mixin.py:188} INFO - [2025-12-27T15:04:24.929+0000] {dag.py:3954} INFO - Setting next_dagrun for example_params_ui_tutorial to None, run_after=None
[2025-12-27T15:04:25.112+0000] {processor.py:183} INFO - Processing /usr/local/lib/python3.11/site-packages/airflow/example_dags/example_params_ui_tutorial.py took 0.348 seconds
[2025-12-27T15:05:51.828+0000] {processor.py:161} INFO - Started process (PID=507) to work on /usr/local/lib/python3.11/site-packages/airflow/example_dags/example_params_ui_tutorial.py
[2025-12-27T15:05:51.829+0000] {processor.py:830} INFO - Processing file /usr/local/lib/python3.11/site-packages/airflow/example_dags/example_params_ui_tutorial.py for tasks to queue
[2025-12-27T15:05:51.832+0000] {logging_mixin.py:188} INFO - [2025-12-27T15:05:51.831+0000] {dagbag.py:545} INFO - Filling up the DagBag from /usr/local/lib/python3.11/site-packages/airflow/example_dags/example_params_ui_tutorial.py
[2025-12-27T15:05:51.850+0000] {processor.py:840} INFO - DAG(s) 'example_params_ui_tutorial' retrieved from /usr/local/lib/python3.11/site-packages/airflow/example_dags/example_params_ui_tutorial.py
[2025-12-27T15:05:51.930+0000] {logging_mixin.py:188} INFO - [2025-12-27T15:05:51.930+0000] {dag.py:3096} INFO - Sync 1 DAGs
[2025-12-27T15:05:51.958+0000] {logging_mixin.py:188} INFO - [2025-12-27T15:05:51.958+0000] {dag.py:3954} INFO - Setting next_dagrun for example_params_ui_tutorial to None, run_after=None
[2025-12-27T15:05:52.191+0000] {processor.py:183} INFO - Processing /usr/local/lib/python3.11/site-packages/airflow/example_dags/example_params_ui_tutorial.py took 0.379 seconds
[2025-12-27T15:07:22.526+0000] {processor.py:161} INFO - Started process (PID=569) to work on /usr/local/lib/python3.11/site-packages/airflow/example_dags/example_params_ui_tutorial.py
[2025-12-27T15:07:22.527+0000] {processor.py:830} INFO - Processing file /usr/local/lib/python3.11/site-packages/airflow/example_dags/example_params_ui_tutorial.py for tasks to queue
[2025-12-27T15:07:22.530+0000] {logging_mixin.py:188} INFO - [2025-12-27T15:07:22.530+0000] {dagbag.py:545} INFO - Filling up the DagBag from /usr/local/lib/python3.11/site-packages/airflow/example_dags/example_params_ui_tutorial.py
[2025-12-27T15:07:22.561+0000] {processor.py:840} INFO - DAG(s) 'example_params_ui_tutorial' retrieved from /usr/local/lib/python3.11/site-packages/airflow/example_dags/example_params_ui_tutorial.py
[2025-12-27T15:07:22.686+0000] {logging_mixin.py:188} INFO - [2025-12-27T15:07:22.685+0000] {dag.py:3096} INFO - Sync 1 DAGs
[2025-12-27T15:07:22.709+0000] {logging_mixin.py:188} INFO - [2025-12-27T15:07:22.709+0000] {dag.py:3954} INFO - Setting next_dagrun for example_params_ui_tutorial to None, run_after=None
[2025-12-27T15:07:22.923+0000] {processor.py:183} INFO - Processing /usr/local/lib/python3.11/site-packages/airflow/example_dags/example_params_ui_tutorial.py took 0.412 seconds
[2025-12-27T15:08:56.612+0000] {processor.py:161} INFO - Started process (PID=633) to work on /usr/local/lib/python3.11/site-packages/airflow/example_dags/example_params_ui_tutorial.py
[2025-12-27T15:08:56.618+0000] {processor.py:830} INFO - Processing file /usr/local/lib/python3.11/site-packages/airflow/example_dags/example_params_ui_tutorial.py for tasks to queue
[2025-12-27T15:08:56.622+0000] {logging_mixin.py:188} INFO - [2025-12-27T15:08:56.621+0000] {dagbag.py:545} INFO - Filling up the DagBag from /usr/local/lib/python3.11/site-packages/airflow/example_dags/example_params_ui_tutorial.py
[2025-12-27T15:08:56.654+0000] {processor.py:840} INFO - DAG(s) 'example_params_ui_tutorial' retrieved from /usr/local/lib/python3.11/site-packages/airflow/example_dags/example_params_ui_tutorial.py
[2025-12-27T15:08:56.758+0000] {logging_mixin.py:188} INFO - [2025-12-27T15:08:56.757+0000] {dag.py:3096} INFO - Sync 1 DAGs
[2025-12-27T15:08:56.781+0000] {logging_mixin.py:188} INFO - [2025-12-27T15:08:56.780+0000] {dag.py:3954} INFO - Setting next_dagrun for example_params_ui_tutorial to None, run_after=None
[2025-12-27T15:08:59.109+0000] {processor.py:183} INFO - Processing /usr/local/lib/python3.11/site-packages/airflow/example_dags/example_params_ui_tutorial.py took 2.525 seconds
[2025-12-27T15:10:47.075+0000] {processor.py:161} INFO - Started process (PID=701) to work on /usr/local/lib/python3.11/site-packages/airflow/example_dags/example_params_ui_tutorial.py
[2025-12-27T15:10:47.076+0000] {processor.py:830} INFO - Processing file /usr/local/lib/python3.11/site-packages/airflow/example_dags/example_params_ui_tutorial.py for tasks to queue
[2025-12-27T15:10:47.079+0000] {logging_mixin.py:188} INFO - [2025-12-27T15:10:47.078+0000] {dagbag.py:545} INFO - Filling up the DagBag from /usr/local/lib/python3.11/site-packages/airflow/example_dags/example_params_ui_tutorial.py
[2025-12-27T15:10:47.095+0000] {processor.py:840} INFO - DAG(s) 'example_params_ui_tutorial' retrieved from /usr/local/lib/python3.11/site-packages/airflow/example_dags/example_params_ui_tutorial.py
[2025-12-27T15:10:47.225+0000] {logging_mixin.py:188} INFO - [2025-12-27T15:10:47.225+0000] {dag.py:3096} INFO - Sync 1 DAGs
[2025-12-27T15:10:47.251+0000] {logging_mixin.py:188} INFO - [2025-12-27T15:10:47.250+0000] {dag.py:3954} INFO - Setting next_dagrun for example_params_ui_tutorial to None, run_after=None
[2025-12-27T15:10:47.465+0000] {processor.py:183} INFO - Processing /usr/local/lib/python3.11/site-packages/airflow/example_dags/example_params_ui_tutorial.py took 0.404 seconds
[2025-12-27T15:12:30.599+0000] {processor.py:161} INFO - Started process (PID=767) to work on /usr/local/lib/python3.11/site-packages/airflow/example_dags/example_params_ui_tutorial.py
[2025-12-27T15:12:30.601+0000] {processor.py:830} INFO - Processing file /usr/local/lib/python3.11/site-packages/airflow/example_dags/example_params_ui_tutorial.py for tasks to queue
[2025-12-27T15:12:30.603+0000] {logging_mixin.py:188} INFO - [2025-12-27T15:12:30.603+0000] {dagbag.py:545} INFO - Filling up the DagBag from /usr/local/lib/python3.11/site-packages/airflow/example_dags/example_params_ui_tutorial.py
[2025-12-27T15:12:30.623+0000] {processor.py:840} INFO - DAG(s) 'example_params_ui_tutorial' retrieved from /usr/local/lib/python3.11/site-packages/airflow/example_dags/example_params_ui_tutorial.py
[2025-12-27T15:12:30.712+0000] {logging_mixin.py:188} INFO - [2025-12-27T15:12:30.711+0000] {dag.py:3096} INFO - Sync 1 DAGs
[2025-12-27T15:12:30.736+0000] {logging_mixin.py:188} INFO - [2025-12-27T15:12:30.735+0000] {dag.py:3954} INFO - Setting next_dagrun for example_params_ui_tutorial to None, run_after=None
[2025-12-27T15:12:31.045+0000] {processor.py:183} INFO - Processing /usr/local/lib/python3.11/site-packages/airflow/example_dags/example_params_ui_tutorial.py took 0.463 seconds
[2025-12-27T15:14:07.780+0000] {processor.py:161} INFO - Started process (PID=831) to work on /usr/local/lib/python3.11/site-packages/airflow/example_dags/example_params_ui_tutorial.py
[2025-12-27T15:14:07.781+0000] {processor.py:830} INFO - Processing file /usr/local/lib/python3.11/site-packages/airflow/example_dags/example_params_ui_tutorial.py for tasks to queue
[2025-12-27T15:14:07.785+0000] {logging_mixin.py:188} INFO - [2025-12-27T15:14:07.785+0000] {dagbag.py:545} INFO - Filling up the DagBag from /usr/local/lib/python3.11/site-packages/airflow/example_dags/example_params_ui_tutorial.py
[2025-12-27T15:14:07.805+0000] {processor.py:840} INFO - DAG(s) 'example_params_ui_tutorial' retrieved from /usr/local/lib/python3.11/site-packages/airflow/example_dags/example_params_ui_tutorial.py
[2025-12-27T15:14:07.905+0000] {logging_mixin.py:188} INFO - [2025-12-27T15:14:07.905+0000] {dag.py:3096} INFO - Sync 1 DAGs
[2025-12-27T15:14:07.928+0000] {logging_mixin.py:188} INFO - [2025-12-27T15:14:07.928+0000] {dag.py:3954} INFO - Setting next_dagrun for example_params_ui_tutorial to None, run_after=None
[2025-12-27T15:14:08.283+0000] {processor.py:183} INFO - Processing /usr/local/lib/python3.11/site-packages/airflow/example_dags/example_params_ui_tutorial.py took 0.519 seconds
[2025-12-27T15:15:52.081+0000] {processor.py:161} INFO - Started process (PID=898) to work on /usr/local/lib/python3.11/site-packages/airflow/example_dags/example_params_ui_tutorial.py
[2025-12-27T15:15:52.082+0000] {processor.py:830} INFO - Processing file /usr/local/lib/python3.11/site-packages/airflow/example_dags/example_params_ui_tutorial.py for tasks to queue
[2025-12-27T15:15:52.085+0000] {logging_mixin.py:188} INFO - [2025-12-27T15:15:52.084+0000] {dagbag.py:545} INFO - Filling up the DagBag from /usr/local/lib/python3.11/site-packages/airflow/example_dags/example_params_ui_tutorial.py
[2025-12-27T15:15:52.100+0000] {processor.py:840} INFO - DAG(s) 'example_params_ui_tutorial' retrieved from /usr/local/lib/python3.11/site-packages/airflow/example_dags/example_params_ui_tutorial.py
[2025-12-27T15:15:52.172+0000] {logging_mixin.py:188} INFO - [2025-12-27T15:15:52.172+0000] {dag.py:3096} INFO - Sync 1 DAGs
[2025-12-27T15:15:52.192+0000] {logging_mixin.py:188} INFO - [2025-12-27T15:15:52.192+0000] {dag.py:3954} INFO - Setting next_dagrun for example_params_ui_tutorial to None, run_after=None
[2025-12-27T15:15:52.408+0000] {processor.py:183} INFO - Processing /usr/local/lib/python3.11/site-packages/airflow/example_dags/example_params_ui_tutorial.py took 0.340 seconds
[2025-12-27T15:17:39.088+0000] {processor.py:161} INFO - Started process (PID=962) to work on /usr/local/lib/python3.11/site-packages/airflow/example_dags/example_params_ui_tutorial.py
[2025-12-27T15:17:39.090+0000] {processor.py:830} INFO - Processing file /usr/local/lib/python3.11/site-packages/airflow/example_dags/example_params_ui_tutorial.py for tasks to queue
[2025-12-27T15:17:39.093+0000] {logging_mixin.py:188} INFO - [2025-12-27T15:17:39.093+0000] {dagbag.py:545} INFO - Filling up the DagBag from /usr/local/lib/python3.11/site-packages/airflow/example_dags/example_params_ui_tutorial.py
[2025-12-27T15:17:39.115+0000] {processor.py:840} INFO - DAG(s) 'example_params_ui_tutorial' retrieved from /usr/local/lib/python3.11/site-packages/airflow/example_dags/example_params_ui_tutorial.py
[2025-12-27T15:17:39.218+0000] {logging_mixin.py:188} INFO - [2025-12-27T15:17:39.218+0000] {dag.py:3096} INFO - Sync 1 DAGs
[2025-12-27T15:17:39.248+0000] {logging_mixin.py:188} INFO - [2025-12-27T15:17:39.247+0000] {dag.py:3954} INFO - Setting next_dagrun for example_params_ui_tutorial to None, run_after=None
[2025-12-27T15:17:39.447+0000] {processor.py:183} INFO - Processing /usr/local/lib/python3.11/site-packages/airflow/example_dags/example_params_ui_tutorial.py took 0.375 seconds
[2025-12-27T15:19:25.139+0000] {processor.py:161} INFO - Started process (PID=1029) to work on /usr/local/lib/python3.11/site-packages/airflow/example_dags/example_params_ui_tutorial.py
[2025-12-27T15:19:25.141+0000] {processor.py:830} INFO - Processing file /usr/local/lib/python3.11/site-packages/airflow/example_dags/example_params_ui_tutorial.py for tasks to queue
[2025-12-27T15:19:25.144+0000] {logging_mixin.py:188} INFO - [2025-12-27T15:19:25.144+0000] {dagbag.py:545} INFO - Filling up the DagBag from /usr/local/lib/python3.11/site-packages/airflow/example_dags/example_params_ui_tutorial.py
[2025-12-27T15:19:25.176+0000] {processor.py:840} INFO - DAG(s) 'example_params_ui_tutorial' retrieved from /usr/local/lib/python3.11/site-packages/airflow/example_dags/example_params_ui_tutorial.py
[2025-12-27T15:19:25.349+0000] {logging_mixin.py:188} INFO - [2025-12-27T15:19:25.349+0000] {dag.py:3096} INFO - Sync 1 DAGs
[2025-12-27T15:19:25.397+0000] {logging_mixin.py:188} INFO - [2025-12-27T15:19:25.396+0000] {dag.py:3954} INFO - Setting next_dagrun for example_params_ui_tutorial to None, run_after=None
[2025-12-27T15:19:25.700+0000] {processor.py:183} INFO - Processing /usr/local/lib/python3.11/site-packages/airflow/example_dags/example_params_ui_tutorial.py took 0.583 seconds
[2025-12-27T15:31:46.261+0000] {processor.py:161} INFO - Started process (PID=72) to work on /usr/local/lib/python3.11/site-packages/airflow/example_dags/example_params_ui_tutorial.py
[2025-12-27T15:31:46.262+0000] {processor.py:830} INFO - Processing file /usr/local/lib/python3.11/site-packages/airflow/example_dags/example_params_ui_tutorial.py for tasks to queue
[2025-12-27T15:31:46.264+0000] {logging_mixin.py:188} INFO - [2025-12-27T15:31:46.264+0000] {dagbag.py:545} INFO - Filling up the DagBag from /usr/local/lib/python3.11/site-packages/airflow/example_dags/example_params_ui_tutorial.py
[2025-12-27T15:31:46.280+0000] {processor.py:840} INFO - DAG(s) 'example_params_ui_tutorial' retrieved from /usr/local/lib/python3.11/site-packages/airflow/example_dags/example_params_ui_tutorial.py
[2025-12-27T15:31:46.502+0000] {logging_mixin.py:188} INFO - [2025-12-27T15:31:46.502+0000] {dag.py:3096} INFO - Sync 1 DAGs
[2025-12-27T15:31:46.517+0000] {logging_mixin.py:188} INFO - [2025-12-27T15:31:46.516+0000] {dag.py:3954} INFO - Setting next_dagrun for example_params_ui_tutorial to None, run_after=None
[2025-12-27T15:31:47.610+0000] {processor.py:183} INFO - Processing /usr/local/lib/python3.11/site-packages/airflow/example_dags/example_params_ui_tutorial.py took 1.362 seconds
[2025-12-27T15:33:47.101+0000] {processor.py:161} INFO - Started process (PID=144) to work on /usr/local/lib/python3.11/site-packages/airflow/example_dags/example_params_ui_tutorial.py
[2025-12-27T15:33:47.102+0000] {processor.py:830} INFO - Processing file /usr/local/lib/python3.11/site-packages/airflow/example_dags/example_params_ui_tutorial.py for tasks to queue
[2025-12-27T15:33:47.105+0000] {logging_mixin.py:188} INFO - [2025-12-27T15:33:47.104+0000] {dagbag.py:545} INFO - Filling up the DagBag from /usr/local/lib/python3.11/site-packages/airflow/example_dags/example_params_ui_tutorial.py
[2025-12-27T15:33:47.120+0000] {processor.py:840} INFO - DAG(s) 'example_params_ui_tutorial' retrieved from /usr/local/lib/python3.11/site-packages/airflow/example_dags/example_params_ui_tutorial.py
[2025-12-27T15:33:47.199+0000] {logging_mixin.py:188} INFO - [2025-12-27T15:33:47.199+0000] {dag.py:3096} INFO - Sync 1 DAGs
[2025-12-27T15:33:47.218+0000] {logging_mixin.py:188} INFO - [2025-12-27T15:33:47.218+0000] {dag.py:3954} INFO - Setting next_dagrun for example_params_ui_tutorial to None, run_after=None
[2025-12-27T15:33:47.459+0000] {processor.py:183} INFO - Processing /usr/local/lib/python3.11/site-packages/airflow/example_dags/example_params_ui_tutorial.py took 0.373 seconds
[2025-12-27T15:35:21.363+0000] {processor.py:161} INFO - Started process (PID=208) to work on /usr/local/lib/python3.11/site-packages/airflow/example_dags/example_params_ui_tutorial.py
[2025-12-27T15:35:21.364+0000] {processor.py:830} INFO - Processing file /usr/local/lib/python3.11/site-packages/airflow/example_dags/example_params_ui_tutorial.py for tasks to queue
[2025-12-27T15:35:21.367+0000] {logging_mixin.py:188} INFO - [2025-12-27T15:35:21.366+0000] {dagbag.py:545} INFO - Filling up the DagBag from /usr/local/lib/python3.11/site-packages/airflow/example_dags/example_params_ui_tutorial.py
[2025-12-27T15:35:21.392+0000] {processor.py:840} INFO - DAG(s) 'example_params_ui_tutorial' retrieved from /usr/local/lib/python3.11/site-packages/airflow/example_dags/example_params_ui_tutorial.py
[2025-12-27T15:35:21.466+0000] {logging_mixin.py:188} INFO - [2025-12-27T15:35:21.466+0000] {dag.py:3096} INFO - Sync 1 DAGs
[2025-12-27T15:35:21.486+0000] {logging_mixin.py:188} INFO - [2025-12-27T15:35:21.486+0000] {dag.py:3954} INFO - Setting next_dagrun for example_params_ui_tutorial to None, run_after=None
[2025-12-27T15:35:21.836+0000] {processor.py:183} INFO - Processing /usr/local/lib/python3.11/site-packages/airflow/example_dags/example_params_ui_tutorial.py took 0.487 seconds
[2025-12-27T15:36:55.483+0000] {processor.py:161} INFO - Started process (PID=271) to work on /usr/local/lib/python3.11/site-packages/airflow/example_dags/example_params_ui_tutorial.py
[2025-12-27T15:36:55.485+0000] {processor.py:830} INFO - Processing file /usr/local/lib/python3.11/site-packages/airflow/example_dags/example_params_ui_tutorial.py for tasks to queue
[2025-12-27T15:36:55.488+0000] {logging_mixin.py:188} INFO - [2025-12-27T15:36:55.488+0000] {dagbag.py:545} INFO - Filling up the DagBag from /usr/local/lib/python3.11/site-packages/airflow/example_dags/example_params_ui_tutorial.py
[2025-12-27T15:36:55.513+0000] {processor.py:840} INFO - DAG(s) 'example_params_ui_tutorial' retrieved from /usr/local/lib/python3.11/site-packages/airflow/example_dags/example_params_ui_tutorial.py
[2025-12-27T15:36:55.617+0000] {logging_mixin.py:188} INFO - [2025-12-27T15:36:55.617+0000] {dag.py:3096} INFO - Sync 1 DAGs
[2025-12-27T15:36:55.885+0000] {logging_mixin.py:188} INFO - [2025-12-27T15:36:55.885+0000] {dag.py:3954} INFO - Setting next_dagrun for example_params_ui_tutorial to None, run_after=None
[2025-12-27T15:36:56.082+0000] {processor.py:183} INFO - Processing /usr/local/lib/python3.11/site-packages/airflow/example_dags/example_params_ui_tutorial.py took 0.618 seconds
[2025-12-27T15:38:27.403+0000] {processor.py:161} INFO - Started process (PID=333) to work on /usr/local/lib/python3.11/site-packages/airflow/example_dags/example_params_ui_tutorial.py
[2025-12-27T15:38:27.407+0000] {processor.py:830} INFO - Processing file /usr/local/lib/python3.11/site-packages/airflow/example_dags/example_params_ui_tutorial.py for tasks to queue
[2025-12-27T15:38:27.409+0000] {logging_mixin.py:188} INFO - [2025-12-27T15:38:27.409+0000] {dagbag.py:545} INFO - Filling up the DagBag from /usr/local/lib/python3.11/site-packages/airflow/example_dags/example_params_ui_tutorial.py
[2025-12-27T15:38:27.433+0000] {processor.py:840} INFO - DAG(s) 'example_params_ui_tutorial' retrieved from /usr/local/lib/python3.11/site-packages/airflow/example_dags/example_params_ui_tutorial.py
[2025-12-27T15:38:27.574+0000] {logging_mixin.py:188} INFO - [2025-12-27T15:38:27.574+0000] {dag.py:3096} INFO - Sync 1 DAGs
[2025-12-27T15:38:27.601+0000] {logging_mixin.py:188} INFO - [2025-12-27T15:38:27.601+0000] {dag.py:3954} INFO - Setting next_dagrun for example_params_ui_tutorial to None, run_after=None
[2025-12-27T15:38:27.819+0000] {processor.py:183} INFO - Processing /usr/local/lib/python3.11/site-packages/airflow/example_dags/example_params_ui_tutorial.py took 0.436 seconds
[2025-12-27T15:40:14.016+0000] {processor.py:161} INFO - Started process (PID=399) to work on /usr/local/lib/python3.11/site-packages/airflow/example_dags/example_params_ui_tutorial.py
[2025-12-27T15:40:14.017+0000] {processor.py:830} INFO - Processing file /usr/local/lib/python3.11/site-packages/airflow/example_dags/example_params_ui_tutorial.py for tasks to queue
[2025-12-27T15:40:14.020+0000] {logging_mixin.py:188} INFO - [2025-12-27T15:40:14.020+0000] {dagbag.py:545} INFO - Filling up the DagBag from /usr/local/lib/python3.11/site-packages/airflow/example_dags/example_params_ui_tutorial.py
[2025-12-27T15:40:14.036+0000] {processor.py:840} INFO - DAG(s) 'example_params_ui_tutorial' retrieved from /usr/local/lib/python3.11/site-packages/airflow/example_dags/example_params_ui_tutorial.py
[2025-12-27T15:40:14.118+0000] {logging_mixin.py:188} INFO - [2025-12-27T15:40:14.118+0000] {dag.py:3096} INFO - Sync 1 DAGs
[2025-12-27T15:40:14.140+0000] {logging_mixin.py:188} INFO - [2025-12-27T15:40:14.140+0000] {dag.py:3954} INFO - Setting next_dagrun for example_params_ui_tutorial to None, run_after=None
[2025-12-27T15:40:14.330+0000] {processor.py:183} INFO - Processing /usr/local/lib/python3.11/site-packages/airflow/example_dags/example_params_ui_tutorial.py took 0.329 seconds
[2025-12-27T15:41:53.188+0000] {processor.py:161} INFO - Started process (PID=464) to work on /usr/local/lib/python3.11/site-packages/airflow/example_dags/example_params_ui_tutorial.py
[2025-12-27T15:41:53.190+0000] {processor.py:830} INFO - Processing file /usr/local/lib/python3.11/site-packages/airflow/example_dags/example_params_ui_tutorial.py for tasks to queue
[2025-12-27T15:41:53.192+0000] {logging_mixin.py:188} INFO - [2025-12-27T15:41:53.192+0000] {dagbag.py:545} INFO - Filling up the DagBag from /usr/local/lib/python3.11/site-packages/airflow/example_dags/example_params_ui_tutorial.py
[2025-12-27T15:41:53.247+0000] {processor.py:840} INFO - DAG(s) 'example_params_ui_tutorial' retrieved from /usr/local/lib/python3.11/site-packages/airflow/example_dags/example_params_ui_tutorial.py
[2025-12-27T15:41:53.382+0000] {logging_mixin.py:188} INFO - [2025-12-27T15:41:53.381+0000] {dag.py:3096} INFO - Sync 1 DAGs
[2025-12-27T15:41:53.408+0000] {logging_mixin.py:188} INFO - [2025-12-27T15:41:53.408+0000] {dag.py:3954} INFO - Setting next_dagrun for example_params_ui_tutorial to None, run_after=None
[2025-12-27T15:41:53.602+0000] {processor.py:183} INFO - Processing /usr/local/lib/python3.11/site-packages/airflow/example_dags/example_params_ui_tutorial.py took 0.430 seconds
[2025-12-27T15:44:41.891+0000] {processor.py:161} INFO - Started process (PID=76) to work on /usr/local/lib/python3.11/site-packages/airflow/example_dags/example_params_ui_tutorial.py
[2025-12-27T15:44:41.902+0000] {processor.py:830} INFO - Processing file /usr/local/lib/python3.11/site-packages/airflow/example_dags/example_params_ui_tutorial.py for tasks to queue
[2025-12-27T15:44:41.906+0000] {logging_mixin.py:188} INFO - [2025-12-27T15:44:41.906+0000] {dagbag.py:545} INFO - Filling up the DagBag from /usr/local/lib/python3.11/site-packages/airflow/example_dags/example_params_ui_tutorial.py
[2025-12-27T15:44:41.948+0000] {processor.py:840} INFO - DAG(s) 'example_params_ui_tutorial' retrieved from /usr/local/lib/python3.11/site-packages/airflow/example_dags/example_params_ui_tutorial.py
[2025-12-27T15:44:42.306+0000] {logging_mixin.py:188} INFO - [2025-12-27T15:44:42.306+0000] {dag.py:3096} INFO - Sync 1 DAGs
[2025-12-27T15:44:42.321+0000] {logging_mixin.py:188} INFO - [2025-12-27T15:44:42.320+0000] {dag.py:3954} INFO - Setting next_dagrun for example_params_ui_tutorial to None, run_after=None
[2025-12-27T15:44:42.551+0000] {processor.py:183} INFO - Processing /usr/local/lib/python3.11/site-packages/airflow/example_dags/example_params_ui_tutorial.py took 0.684 seconds
[2025-12-27T15:46:27.336+0000] {processor.py:161} INFO - Started process (PID=145) to work on /usr/local/lib/python3.11/site-packages/airflow/example_dags/example_params_ui_tutorial.py
[2025-12-27T15:46:27.337+0000] {processor.py:830} INFO - Processing file /usr/local/lib/python3.11/site-packages/airflow/example_dags/example_params_ui_tutorial.py for tasks to queue
[2025-12-27T15:46:27.339+0000] {logging_mixin.py:188} INFO - [2025-12-27T15:46:27.338+0000] {dagbag.py:545} INFO - Filling up the DagBag from /usr/local/lib/python3.11/site-packages/airflow/example_dags/example_params_ui_tutorial.py
[2025-12-27T15:46:27.354+0000] {processor.py:840} INFO - DAG(s) 'example_params_ui_tutorial' retrieved from /usr/local/lib/python3.11/site-packages/airflow/example_dags/example_params_ui_tutorial.py
[2025-12-27T15:46:27.421+0000] {logging_mixin.py:188} INFO - [2025-12-27T15:46:27.421+0000] {dag.py:3096} INFO - Sync 1 DAGs
[2025-12-27T15:46:27.439+0000] {logging_mixin.py:188} INFO - [2025-12-27T15:46:27.438+0000] {dag.py:3954} INFO - Setting next_dagrun for example_params_ui_tutorial to None, run_after=None
[2025-12-27T15:46:27.613+0000] {processor.py:183} INFO - Processing /usr/local/lib/python3.11/site-packages/airflow/example_dags/example_params_ui_tutorial.py took 0.290 seconds
[2025-12-27T15:48:05.861+0000] {processor.py:161} INFO - Started process (PID=241) to work on /usr/local/lib/python3.11/site-packages/airflow/example_dags/example_params_ui_tutorial.py
[2025-12-27T15:48:05.862+0000] {processor.py:830} INFO - Processing file /usr/local/lib/python3.11/site-packages/airflow/example_dags/example_params_ui_tutorial.py for tasks to queue
[2025-12-27T15:48:05.864+0000] {logging_mixin.py:188} INFO - [2025-12-27T15:48:05.864+0000] {dagbag.py:545} INFO - Filling up the DagBag from /usr/local/lib/python3.11/site-packages/airflow/example_dags/example_params_ui_tutorial.py
[2025-12-27T15:48:05.880+0000] {processor.py:840} INFO - DAG(s) 'example_params_ui_tutorial' retrieved from /usr/local/lib/python3.11/site-packages/airflow/example_dags/example_params_ui_tutorial.py
[2025-12-27T15:48:05.952+0000] {logging_mixin.py:188} INFO - [2025-12-27T15:48:05.952+0000] {dag.py:3096} INFO - Sync 1 DAGs
[2025-12-27T15:48:05.972+0000] {logging_mixin.py:188} INFO - [2025-12-27T15:48:05.971+0000] {dag.py:3954} INFO - Setting next_dagrun for example_params_ui_tutorial to None, run_after=None
[2025-12-27T15:48:06.279+0000] {processor.py:183} INFO - Processing /usr/local/lib/python3.11/site-packages/airflow/example_dags/example_params_ui_tutorial.py took 0.431 seconds
[2025-12-27T15:49:34.581+0000] {processor.py:161} INFO - Started process (PID=307) to work on /usr/local/lib/python3.11/site-packages/airflow/example_dags/example_params_ui_tutorial.py
[2025-12-27T15:49:34.583+0000] {processor.py:830} INFO - Processing file /usr/local/lib/python3.11/site-packages/airflow/example_dags/example_params_ui_tutorial.py for tasks to queue
[2025-12-27T15:49:34.586+0000] {logging_mixin.py:188} INFO - [2025-12-27T15:49:34.585+0000] {dagbag.py:545} INFO - Filling up the DagBag from /usr/local/lib/python3.11/site-packages/airflow/example_dags/example_params_ui_tutorial.py
[2025-12-27T15:49:34.606+0000] {processor.py:840} INFO - DAG(s) 'example_params_ui_tutorial' retrieved from /usr/local/lib/python3.11/site-packages/airflow/example_dags/example_params_ui_tutorial.py
[2025-12-27T15:49:34.685+0000] {logging_mixin.py:188} INFO - [2025-12-27T15:49:34.685+0000] {dag.py:3096} INFO - Sync 1 DAGs
[2025-12-27T15:49:34.707+0000] {logging_mixin.py:188} INFO - [2025-12-27T15:49:34.706+0000] {dag.py:3954} INFO - Setting next_dagrun for example_params_ui_tutorial to None, run_after=None
[2025-12-27T15:49:35.010+0000] {processor.py:183} INFO - Processing /usr/local/lib/python3.11/site-packages/airflow/example_dags/example_params_ui_tutorial.py took 0.447 seconds
[2025-12-27T15:51:12.497+0000] {processor.py:161} INFO - Started process (PID=384) to work on /usr/local/lib/python3.11/site-packages/airflow/example_dags/example_params_ui_tutorial.py
[2025-12-27T15:51:12.498+0000] {processor.py:830} INFO - Processing file /usr/local/lib/python3.11/site-packages/airflow/example_dags/example_params_ui_tutorial.py for tasks to queue
[2025-12-27T15:51:12.501+0000] {logging_mixin.py:188} INFO - [2025-12-27T15:51:12.501+0000] {dagbag.py:545} INFO - Filling up the DagBag from /usr/local/lib/python3.11/site-packages/airflow/example_dags/example_params_ui_tutorial.py
[2025-12-27T15:51:12.519+0000] {processor.py:840} INFO - DAG(s) 'example_params_ui_tutorial' retrieved from /usr/local/lib/python3.11/site-packages/airflow/example_dags/example_params_ui_tutorial.py
[2025-12-27T15:51:12.587+0000] {logging_mixin.py:188} INFO - [2025-12-27T15:51:12.587+0000] {dag.py:3096} INFO - Sync 1 DAGs
[2025-12-27T15:51:12.604+0000] {logging_mixin.py:188} INFO - [2025-12-27T15:51:12.604+0000] {dag.py:3954} INFO - Setting next_dagrun for example_params_ui_tutorial to None, run_after=None
[2025-12-27T15:51:12.790+0000] {processor.py:183} INFO - Processing /usr/local/lib/python3.11/site-packages/airflow/example_dags/example_params_ui_tutorial.py took 0.308 seconds
[2025-12-27T15:52:42.199+0000] {processor.py:161} INFO - Started process (PID=464) to work on /usr/local/lib/python3.11/site-packages/airflow/example_dags/example_params_ui_tutorial.py
[2025-12-27T15:52:42.201+0000] {processor.py:830} INFO - Processing file /usr/local/lib/python3.11/site-packages/airflow/example_dags/example_params_ui_tutorial.py for tasks to queue
[2025-12-27T15:52:42.203+0000] {logging_mixin.py:188} INFO - [2025-12-27T15:52:42.202+0000] {dagbag.py:545} INFO - Filling up the DagBag from /usr/local/lib/python3.11/site-packages/airflow/example_dags/example_params_ui_tutorial.py
[2025-12-27T15:52:42.218+0000] {processor.py:840} INFO - DAG(s) 'example_params_ui_tutorial' retrieved from /usr/local/lib/python3.11/site-packages/airflow/example_dags/example_params_ui_tutorial.py
[2025-12-27T15:52:42.325+0000] {logging_mixin.py:188} INFO - [2025-12-27T15:52:42.325+0000] {dag.py:3096} INFO - Sync 1 DAGs
[2025-12-27T15:52:42.368+0000] {logging_mixin.py:188} INFO - [2025-12-27T15:52:42.367+0000] {dag.py:3954} INFO - Setting next_dagrun for example_params_ui_tutorial to None, run_after=None
[2025-12-27T15:52:42.708+0000] {processor.py:183} INFO - Processing /usr/local/lib/python3.11/site-packages/airflow/example_dags/example_params_ui_tutorial.py took 0.522 seconds
[2025-12-27T15:54:14.683+0000] {processor.py:161} INFO - Started process (PID=528) to work on /usr/local/lib/python3.11/site-packages/airflow/example_dags/example_params_ui_tutorial.py
[2025-12-27T15:54:14.686+0000] {processor.py:830} INFO - Processing file /usr/local/lib/python3.11/site-packages/airflow/example_dags/example_params_ui_tutorial.py for tasks to queue
[2025-12-27T15:54:14.694+0000] {logging_mixin.py:188} INFO - [2025-12-27T15:54:14.693+0000] {dagbag.py:545} INFO - Filling up the DagBag from /usr/local/lib/python3.11/site-packages/airflow/example_dags/example_params_ui_tutorial.py
[2025-12-27T15:54:14.725+0000] {processor.py:840} INFO - DAG(s) 'example_params_ui_tutorial' retrieved from /usr/local/lib/python3.11/site-packages/airflow/example_dags/example_params_ui_tutorial.py
[2025-12-27T15:54:15.029+0000] {logging_mixin.py:188} INFO - [2025-12-27T15:54:15.029+0000] {dag.py:3096} INFO - Sync 1 DAGs
[2025-12-27T15:54:15.075+0000] {logging_mixin.py:188} INFO - [2025-12-27T15:54:15.075+0000] {dag.py:3954} INFO - Setting next_dagrun for example_params_ui_tutorial to None, run_after=None
[2025-12-27T15:54:15.385+0000] {processor.py:183} INFO - Processing /usr/local/lib/python3.11/site-packages/airflow/example_dags/example_params_ui_tutorial.py took 0.726 seconds
[2025-12-27T15:55:46.491+0000] {processor.py:161} INFO - Started process (PID=598) to work on /usr/local/lib/python3.11/site-packages/airflow/example_dags/example_params_ui_tutorial.py
[2025-12-27T15:55:46.493+0000] {processor.py:830} INFO - Processing file /usr/local/lib/python3.11/site-packages/airflow/example_dags/example_params_ui_tutorial.py for tasks to queue
[2025-12-27T15:55:46.496+0000] {logging_mixin.py:188} INFO - [2025-12-27T15:55:46.496+0000] {dagbag.py:545} INFO - Filling up the DagBag from /usr/local/lib/python3.11/site-packages/airflow/example_dags/example_params_ui_tutorial.py
[2025-12-27T15:55:46.523+0000] {processor.py:840} INFO - DAG(s) 'example_params_ui_tutorial' retrieved from /usr/local/lib/python3.11/site-packages/airflow/example_dags/example_params_ui_tutorial.py
[2025-12-27T15:55:46.628+0000] {logging_mixin.py:188} INFO - [2025-12-27T15:55:46.628+0000] {dag.py:3096} INFO - Sync 1 DAGs
[2025-12-27T15:55:46.654+0000] {logging_mixin.py:188} INFO - [2025-12-27T15:55:46.653+0000] {dag.py:3954} INFO - Setting next_dagrun for example_params_ui_tutorial to None, run_after=None
[2025-12-27T15:55:46.887+0000] {processor.py:183} INFO - Processing /usr/local/lib/python3.11/site-packages/airflow/example_dags/example_params_ui_tutorial.py took 0.415 seconds
[2025-12-27T15:57:19.171+0000] {processor.py:161} INFO - Started process (PID=666) to work on /usr/local/lib/python3.11/site-packages/airflow/example_dags/example_params_ui_tutorial.py
[2025-12-27T15:57:19.173+0000] {processor.py:830} INFO - Processing file /usr/local/lib/python3.11/site-packages/airflow/example_dags/example_params_ui_tutorial.py for tasks to queue
[2025-12-27T15:57:19.175+0000] {logging_mixin.py:188} INFO - [2025-12-27T15:57:19.175+0000] {dagbag.py:545} INFO - Filling up the DagBag from /usr/local/lib/python3.11/site-packages/airflow/example_dags/example_params_ui_tutorial.py
[2025-12-27T15:57:19.214+0000] {processor.py:840} INFO - DAG(s) 'example_params_ui_tutorial' retrieved from /usr/local/lib/python3.11/site-packages/airflow/example_dags/example_params_ui_tutorial.py
[2025-12-27T15:57:19.482+0000] {logging_mixin.py:188} INFO - [2025-12-27T15:57:19.482+0000] {dag.py:3096} INFO - Sync 1 DAGs
[2025-12-27T15:57:19.547+0000] {logging_mixin.py:188} INFO - [2025-12-27T15:57:19.547+0000] {dag.py:3954} INFO - Setting next_dagrun for example_params_ui_tutorial to None, run_after=None
[2025-12-27T15:57:19.847+0000] {processor.py:183} INFO - Processing /usr/local/lib/python3.11/site-packages/airflow/example_dags/example_params_ui_tutorial.py took 0.694 seconds
[2025-12-27T15:58:51.133+0000] {processor.py:161} INFO - Started process (PID=729) to work on /usr/local/lib/python3.11/site-packages/airflow/example_dags/example_params_ui_tutorial.py
[2025-12-27T15:58:51.134+0000] {processor.py:830} INFO - Processing file /usr/local/lib/python3.11/site-packages/airflow/example_dags/example_params_ui_tutorial.py for tasks to queue
[2025-12-27T15:58:51.136+0000] {logging_mixin.py:188} INFO - [2025-12-27T15:58:51.136+0000] {dagbag.py:545} INFO - Filling up the DagBag from /usr/local/lib/python3.11/site-packages/airflow/example_dags/example_params_ui_tutorial.py
[2025-12-27T15:58:51.154+0000] {processor.py:840} INFO - DAG(s) 'example_params_ui_tutorial' retrieved from /usr/local/lib/python3.11/site-packages/airflow/example_dags/example_params_ui_tutorial.py
[2025-12-27T15:58:51.228+0000] {logging_mixin.py:188} INFO - [2025-12-27T15:58:51.227+0000] {dag.py:3096} INFO - Sync 1 DAGs
[2025-12-27T15:58:51.246+0000] {logging_mixin.py:188} INFO - [2025-12-27T15:58:51.245+0000] {dag.py:3954} INFO - Setting next_dagrun for example_params_ui_tutorial to None, run_after=None
[2025-12-27T15:58:51.458+0000] {processor.py:183} INFO - Processing /usr/local/lib/python3.11/site-packages/airflow/example_dags/example_params_ui_tutorial.py took 0.338 seconds
[2025-12-27T16:00:42.599+0000] {processor.py:161} INFO - Started process (PID=797) to work on /usr/local/lib/python3.11/site-packages/airflow/example_dags/example_params_ui_tutorial.py
[2025-12-27T16:00:42.606+0000] {processor.py:830} INFO - Processing file /usr/local/lib/python3.11/site-packages/airflow/example_dags/example_params_ui_tutorial.py for tasks to queue
[2025-12-27T16:00:42.610+0000] {logging_mixin.py:188} INFO - [2025-12-27T16:00:42.610+0000] {dagbag.py:545} INFO - Filling up the DagBag from /usr/local/lib/python3.11/site-packages/airflow/example_dags/example_params_ui_tutorial.py
[2025-12-27T16:00:42.642+0000] {processor.py:840} INFO - DAG(s) 'example_params_ui_tutorial' retrieved from /usr/local/lib/python3.11/site-packages/airflow/example_dags/example_params_ui_tutorial.py
[2025-12-27T16:00:42.763+0000] {logging_mixin.py:188} INFO - [2025-12-27T16:00:42.763+0000] {dag.py:3096} INFO - Sync 1 DAGs
[2025-12-27T16:00:42.784+0000] {logging_mixin.py:188} INFO - [2025-12-27T16:00:42.784+0000] {dag.py:3954} INFO - Setting next_dagrun for example_params_ui_tutorial to None, run_after=None
[2025-12-27T16:00:43.022+0000] {processor.py:183} INFO - Processing /usr/local/lib/python3.11/site-packages/airflow/example_dags/example_params_ui_tutorial.py took 0.457 seconds
[2025-12-27T21:00:47.204+0000] {processor.py:161} INFO - Started process (PID=77) to work on /usr/local/lib/python3.11/site-packages/airflow/example_dags/example_params_ui_tutorial.py
[2025-12-27T21:00:47.249+0000] {processor.py:830} INFO - Processing file /usr/local/lib/python3.11/site-packages/airflow/example_dags/example_params_ui_tutorial.py for tasks to queue
[2025-12-27T21:00:47.251+0000] {logging_mixin.py:188} INFO - [2025-12-27T21:00:47.251+0000] {dagbag.py:545} INFO - Filling up the DagBag from /usr/local/lib/python3.11/site-packages/airflow/example_dags/example_params_ui_tutorial.py
[2025-12-27T21:00:47.277+0000] {processor.py:840} INFO - DAG(s) 'example_params_ui_tutorial' retrieved from /usr/local/lib/python3.11/site-packages/airflow/example_dags/example_params_ui_tutorial.py
[2025-12-27T21:00:47.473+0000] {logging_mixin.py:188} INFO - [2025-12-27T21:00:47.473+0000] {dag.py:3096} INFO - Sync 1 DAGs
[2025-12-27T21:00:47.487+0000] {logging_mixin.py:188} INFO - [2025-12-27T21:00:47.487+0000] {dag.py:3954} INFO - Setting next_dagrun for example_params_ui_tutorial to None, run_after=None
[2025-12-27T21:00:47.695+0000] {processor.py:183} INFO - Processing /usr/local/lib/python3.11/site-packages/airflow/example_dags/example_params_ui_tutorial.py took 0.512 seconds
[2025-12-27T21:02:15.442+0000] {processor.py:161} INFO - Started process (PID=139) to work on /usr/local/lib/python3.11/site-packages/airflow/example_dags/example_params_ui_tutorial.py
[2025-12-27T21:02:15.444+0000] {processor.py:830} INFO - Processing file /usr/local/lib/python3.11/site-packages/airflow/example_dags/example_params_ui_tutorial.py for tasks to queue
[2025-12-27T21:02:15.445+0000] {logging_mixin.py:188} INFO - [2025-12-27T21:02:15.445+0000] {dagbag.py:545} INFO - Filling up the DagBag from /usr/local/lib/python3.11/site-packages/airflow/example_dags/example_params_ui_tutorial.py
[2025-12-27T21:02:15.468+0000] {processor.py:840} INFO - DAG(s) 'example_params_ui_tutorial' retrieved from /usr/local/lib/python3.11/site-packages/airflow/example_dags/example_params_ui_tutorial.py
[2025-12-27T21:02:15.556+0000] {logging_mixin.py:188} INFO - [2025-12-27T21:02:15.556+0000] {dag.py:3096} INFO - Sync 1 DAGs
[2025-12-27T21:02:15.588+0000] {logging_mixin.py:188} INFO - [2025-12-27T21:02:15.588+0000] {dag.py:3954} INFO - Setting next_dagrun for example_params_ui_tutorial to None, run_after=None
[2025-12-27T21:02:15.803+0000] {processor.py:183} INFO - Processing /usr/local/lib/python3.11/site-packages/airflow/example_dags/example_params_ui_tutorial.py took 0.382 seconds
[2025-12-27T21:03:41.718+0000] {processor.py:161} INFO - Started process (PID=201) to work on /usr/local/lib/python3.11/site-packages/airflow/example_dags/example_params_ui_tutorial.py
[2025-12-27T21:03:41.719+0000] {processor.py:830} INFO - Processing file /usr/local/lib/python3.11/site-packages/airflow/example_dags/example_params_ui_tutorial.py for tasks to queue
[2025-12-27T21:03:41.721+0000] {logging_mixin.py:188} INFO - [2025-12-27T21:03:41.720+0000] {dagbag.py:545} INFO - Filling up the DagBag from /usr/local/lib/python3.11/site-packages/airflow/example_dags/example_params_ui_tutorial.py
[2025-12-27T21:03:41.741+0000] {processor.py:840} INFO - DAG(s) 'example_params_ui_tutorial' retrieved from /usr/local/lib/python3.11/site-packages/airflow/example_dags/example_params_ui_tutorial.py
[2025-12-27T21:03:41.841+0000] {logging_mixin.py:188} INFO - [2025-12-27T21:03:41.841+0000] {dag.py:3096} INFO - Sync 1 DAGs
[2025-12-27T21:03:41.872+0000] {logging_mixin.py:188} INFO - [2025-12-27T21:03:41.871+0000] {dag.py:3954} INFO - Setting next_dagrun for example_params_ui_tutorial to None, run_after=None
[2025-12-27T21:03:42.096+0000] {processor.py:183} INFO - Processing /usr/local/lib/python3.11/site-packages/airflow/example_dags/example_params_ui_tutorial.py took 0.393 seconds
[2025-12-27T21:05:18.455+0000] {processor.py:161} INFO - Started process (PID=264) to work on /usr/local/lib/python3.11/site-packages/airflow/example_dags/example_params_ui_tutorial.py
[2025-12-27T21:05:18.456+0000] {processor.py:830} INFO - Processing file /usr/local/lib/python3.11/site-packages/airflow/example_dags/example_params_ui_tutorial.py for tasks to queue
[2025-12-27T21:05:18.457+0000] {logging_mixin.py:188} INFO - [2025-12-27T21:05:18.457+0000] {dagbag.py:545} INFO - Filling up the DagBag from /usr/local/lib/python3.11/site-packages/airflow/example_dags/example_params_ui_tutorial.py
[2025-12-27T21:05:18.472+0000] {processor.py:840} INFO - DAG(s) 'example_params_ui_tutorial' retrieved from /usr/local/lib/python3.11/site-packages/airflow/example_dags/example_params_ui_tutorial.py
[2025-12-27T21:05:18.544+0000] {logging_mixin.py:188} INFO - [2025-12-27T21:05:18.543+0000] {dag.py:3096} INFO - Sync 1 DAGs
[2025-12-27T21:05:18.561+0000] {logging_mixin.py:188} INFO - [2025-12-27T21:05:18.561+0000] {dag.py:3954} INFO - Setting next_dagrun for example_params_ui_tutorial to None, run_after=None
[2025-12-27T21:05:18.816+0000] {processor.py:183} INFO - Processing /usr/local/lib/python3.11/site-packages/airflow/example_dags/example_params_ui_tutorial.py took 0.374 seconds
[2025-12-27T21:20:17.444+0000] {processor.py:161} INFO - Started process (PID=72) to work on /usr/local/lib/python3.11/site-packages/airflow/example_dags/example_params_ui_tutorial.py
[2025-12-27T21:20:17.490+0000] {processor.py:830} INFO - Processing file /usr/local/lib/python3.11/site-packages/airflow/example_dags/example_params_ui_tutorial.py for tasks to queue
[2025-12-27T21:20:17.493+0000] {logging_mixin.py:188} INFO - [2025-12-27T21:20:17.493+0000] {dagbag.py:545} INFO - Filling up the DagBag from /usr/local/lib/python3.11/site-packages/airflow/example_dags/example_params_ui_tutorial.py
[2025-12-27T21:20:17.513+0000] {processor.py:840} INFO - DAG(s) 'example_params_ui_tutorial' retrieved from /usr/local/lib/python3.11/site-packages/airflow/example_dags/example_params_ui_tutorial.py
[2025-12-27T21:20:17.895+0000] {logging_mixin.py:188} INFO - [2025-12-27T21:20:17.894+0000] {dag.py:3096} INFO - Sync 1 DAGs
[2025-12-27T21:20:17.913+0000] {logging_mixin.py:188} INFO - [2025-12-27T21:20:17.913+0000] {dag.py:3954} INFO - Setting next_dagrun for example_params_ui_tutorial to None, run_after=None
[2025-12-27T21:20:18.165+0000] {processor.py:183} INFO - Processing /usr/local/lib/python3.11/site-packages/airflow/example_dags/example_params_ui_tutorial.py took 0.762 seconds
[2025-12-27T21:21:59.281+0000] {processor.py:161} INFO - Started process (PID=146) to work on /usr/local/lib/python3.11/site-packages/airflow/example_dags/example_params_ui_tutorial.py
[2025-12-27T21:21:59.283+0000] {processor.py:830} INFO - Processing file /usr/local/lib/python3.11/site-packages/airflow/example_dags/example_params_ui_tutorial.py for tasks to queue
[2025-12-27T21:21:59.287+0000] {logging_mixin.py:188} INFO - [2025-12-27T21:21:59.286+0000] {dagbag.py:545} INFO - Filling up the DagBag from /usr/local/lib/python3.11/site-packages/airflow/example_dags/example_params_ui_tutorial.py
[2025-12-27T21:21:59.307+0000] {processor.py:840} INFO - DAG(s) 'example_params_ui_tutorial' retrieved from /usr/local/lib/python3.11/site-packages/airflow/example_dags/example_params_ui_tutorial.py
[2025-12-27T21:21:59.379+0000] {logging_mixin.py:188} INFO - [2025-12-27T21:21:59.378+0000] {dag.py:3096} INFO - Sync 1 DAGs
[2025-12-27T21:21:59.397+0000] {logging_mixin.py:188} INFO - [2025-12-27T21:21:59.396+0000] {dag.py:3954} INFO - Setting next_dagrun for example_params_ui_tutorial to None, run_after=None
[2025-12-27T21:21:59.567+0000] {processor.py:183} INFO - Processing /usr/local/lib/python3.11/site-packages/airflow/example_dags/example_params_ui_tutorial.py took 0.306 seconds
[2025-12-27T21:23:34.067+0000] {processor.py:161} INFO - Started process (PID=210) to work on /usr/local/lib/python3.11/site-packages/airflow/example_dags/example_params_ui_tutorial.py
[2025-12-27T21:23:34.069+0000] {processor.py:830} INFO - Processing file /usr/local/lib/python3.11/site-packages/airflow/example_dags/example_params_ui_tutorial.py for tasks to queue
[2025-12-27T21:23:34.073+0000] {logging_mixin.py:188} INFO - [2025-12-27T21:23:34.073+0000] {dagbag.py:545} INFO - Filling up the DagBag from /usr/local/lib/python3.11/site-packages/airflow/example_dags/example_params_ui_tutorial.py
[2025-12-27T21:23:34.101+0000] {processor.py:840} INFO - DAG(s) 'example_params_ui_tutorial' retrieved from /usr/local/lib/python3.11/site-packages/airflow/example_dags/example_params_ui_tutorial.py
[2025-12-27T21:23:34.184+0000] {logging_mixin.py:188} INFO - [2025-12-27T21:23:34.184+0000] {dag.py:3096} INFO - Sync 1 DAGs
[2025-12-27T21:23:34.210+0000] {logging_mixin.py:188} INFO - [2025-12-27T21:23:34.210+0000] {dag.py:3954} INFO - Setting next_dagrun for example_params_ui_tutorial to None, run_after=None
[2025-12-27T21:23:34.419+0000] {processor.py:183} INFO - Processing /usr/local/lib/python3.11/site-packages/airflow/example_dags/example_params_ui_tutorial.py took 0.377 seconds
[2025-12-27T21:25:10.401+0000] {processor.py:161} INFO - Started process (PID=273) to work on /usr/local/lib/python3.11/site-packages/airflow/example_dags/example_params_ui_tutorial.py
[2025-12-27T21:25:10.402+0000] {processor.py:830} INFO - Processing file /usr/local/lib/python3.11/site-packages/airflow/example_dags/example_params_ui_tutorial.py for tasks to queue
[2025-12-27T21:25:10.405+0000] {logging_mixin.py:188} INFO - [2025-12-27T21:25:10.404+0000] {dagbag.py:545} INFO - Filling up the DagBag from /usr/local/lib/python3.11/site-packages/airflow/example_dags/example_params_ui_tutorial.py
[2025-12-27T21:25:10.433+0000] {processor.py:840} INFO - DAG(s) 'example_params_ui_tutorial' retrieved from /usr/local/lib/python3.11/site-packages/airflow/example_dags/example_params_ui_tutorial.py
[2025-12-27T21:25:10.516+0000] {logging_mixin.py:188} INFO - [2025-12-27T21:25:10.516+0000] {dag.py:3096} INFO - Sync 1 DAGs
[2025-12-27T21:25:10.534+0000] {logging_mixin.py:188} INFO - [2025-12-27T21:25:10.534+0000] {dag.py:3954} INFO - Setting next_dagrun for example_params_ui_tutorial to None, run_after=None
[2025-12-27T21:25:10.904+0000] {processor.py:183} INFO - Processing /usr/local/lib/python3.11/site-packages/airflow/example_dags/example_params_ui_tutorial.py took 0.523 seconds
[2025-12-27T21:26:55.479+0000] {processor.py:161} INFO - Started process (PID=362) to work on /usr/local/lib/python3.11/site-packages/airflow/example_dags/example_params_ui_tutorial.py
[2025-12-27T21:26:55.481+0000] {processor.py:830} INFO - Processing file /usr/local/lib/python3.11/site-packages/airflow/example_dags/example_params_ui_tutorial.py for tasks to queue
[2025-12-27T21:26:55.483+0000] {logging_mixin.py:188} INFO - [2025-12-27T21:26:55.482+0000] {dagbag.py:545} INFO - Filling up the DagBag from /usr/local/lib/python3.11/site-packages/airflow/example_dags/example_params_ui_tutorial.py
[2025-12-27T21:26:55.498+0000] {processor.py:840} INFO - DAG(s) 'example_params_ui_tutorial' retrieved from /usr/local/lib/python3.11/site-packages/airflow/example_dags/example_params_ui_tutorial.py
[2025-12-27T21:26:55.592+0000] {logging_mixin.py:188} INFO - [2025-12-27T21:26:55.592+0000] {dag.py:3096} INFO - Sync 1 DAGs
[2025-12-27T21:26:55.617+0000] {logging_mixin.py:188} INFO - [2025-12-27T21:26:55.617+0000] {dag.py:3954} INFO - Setting next_dagrun for example_params_ui_tutorial to None, run_after=None
[2025-12-27T21:26:55.845+0000] {processor.py:183} INFO - Processing /usr/local/lib/python3.11/site-packages/airflow/example_dags/example_params_ui_tutorial.py took 0.381 seconds
[2025-12-27T21:28:24.244+0000] {processor.py:161} INFO - Started process (PID=626) to work on /usr/local/lib/python3.11/site-packages/airflow/example_dags/example_params_ui_tutorial.py
[2025-12-27T21:28:24.245+0000] {processor.py:830} INFO - Processing file /usr/local/lib/python3.11/site-packages/airflow/example_dags/example_params_ui_tutorial.py for tasks to queue
[2025-12-27T21:28:24.248+0000] {logging_mixin.py:188} INFO - [2025-12-27T21:28:24.247+0000] {dagbag.py:545} INFO - Filling up the DagBag from /usr/local/lib/python3.11/site-packages/airflow/example_dags/example_params_ui_tutorial.py
[2025-12-27T21:28:24.264+0000] {processor.py:840} INFO - DAG(s) 'example_params_ui_tutorial' retrieved from /usr/local/lib/python3.11/site-packages/airflow/example_dags/example_params_ui_tutorial.py
[2025-12-27T21:28:24.348+0000] {logging_mixin.py:188} INFO - [2025-12-27T21:28:24.348+0000] {dag.py:3096} INFO - Sync 1 DAGs
[2025-12-27T21:28:24.365+0000] {logging_mixin.py:188} INFO - [2025-12-27T21:28:24.365+0000] {dag.py:3954} INFO - Setting next_dagrun for example_params_ui_tutorial to None, run_after=None
[2025-12-27T21:28:24.545+0000] {processor.py:183} INFO - Processing /usr/local/lib/python3.11/site-packages/airflow/example_dags/example_params_ui_tutorial.py took 0.317 seconds
[2025-12-27T21:33:21.255+0000] {processor.py:161} INFO - Started process (PID=73) to work on /usr/local/lib/python3.11/site-packages/airflow/example_dags/example_params_ui_tutorial.py
[2025-12-27T21:33:21.256+0000] {processor.py:830} INFO - Processing file /usr/local/lib/python3.11/site-packages/airflow/example_dags/example_params_ui_tutorial.py for tasks to queue
[2025-12-27T21:33:21.259+0000] {logging_mixin.py:188} INFO - [2025-12-27T21:33:21.258+0000] {dagbag.py:545} INFO - Filling up the DagBag from /usr/local/lib/python3.11/site-packages/airflow/example_dags/example_params_ui_tutorial.py
[2025-12-27T21:33:21.275+0000] {processor.py:840} INFO - DAG(s) 'example_params_ui_tutorial' retrieved from /usr/local/lib/python3.11/site-packages/airflow/example_dags/example_params_ui_tutorial.py
[2025-12-27T21:33:21.475+0000] {logging_mixin.py:188} INFO - [2025-12-27T21:33:21.475+0000] {dag.py:3096} INFO - Sync 1 DAGs
[2025-12-27T21:33:21.489+0000] {logging_mixin.py:188} INFO - [2025-12-27T21:33:21.489+0000] {dag.py:3954} INFO - Setting next_dagrun for example_params_ui_tutorial to None, run_after=None
[2025-12-27T21:33:21.874+0000] {processor.py:183} INFO - Processing /usr/local/lib/python3.11/site-packages/airflow/example_dags/example_params_ui_tutorial.py took 0.635 seconds
