[2025-12-27T13:46:29.306+0000] {processor.py:161} INFO - Started process (PID=57) to work on /usr/local/lib/python3.11/site-packages/airflow/example_dags/example_sensors.py
[2025-12-27T13:46:29.307+0000] {processor.py:830} INFO - Processing file /usr/local/lib/python3.11/site-packages/airflow/example_dags/example_sensors.py for tasks to queue
[2025-12-27T13:46:29.310+0000] {logging_mixin.py:188} INFO - [2025-12-27T13:46:29.309+0000] {dagbag.py:545} INFO - Filling up the DagBag from /usr/local/lib/python3.11/site-packages/airflow/example_dags/example_sensors.py
[2025-12-27T13:46:29.324+0000] {processor.py:840} INFO - DAG(s) 'example_sensors' retrieved from /usr/local/lib/python3.11/site-packages/airflow/example_dags/example_sensors.py
[2025-12-27T13:46:29.856+0000] {logging_mixin.py:188} INFO - [2025-12-27T13:46:29.856+0000] {override.py:1930} INFO - Created Permission View: can edit on DAG:example_sensors
[2025-12-27T13:46:29.989+0000] {logging_mixin.py:188} INFO - [2025-12-27T13:46:29.988+0000] {override.py:1930} INFO - Created Permission View: can read on DAG:example_sensors
[2025-12-27T13:46:30.134+0000] {logging_mixin.py:188} INFO - [2025-12-27T13:46:30.133+0000] {override.py:1930} INFO - Created Permission View: can delete on DAG:example_sensors
[2025-12-27T13:46:30.135+0000] {logging_mixin.py:188} INFO - [2025-12-27T13:46:30.135+0000] {dag.py:3096} INFO - Sync 1 DAGs
[2025-12-27T13:46:30.167+0000] {logging_mixin.py:188} INFO - [2025-12-27T13:46:30.167+0000] {dag.py:3118} INFO - Creating ORM DAG for example_sensors
[2025-12-27T13:46:30.168+0000] {logging_mixin.py:188} INFO - [2025-12-27T13:46:30.168+0000] {dag.py:3954} INFO - Setting next_dagrun for example_sensors to None, run_after=None
[2025-12-27T13:46:30.392+0000] {processor.py:183} INFO - Processing /usr/local/lib/python3.11/site-packages/airflow/example_dags/example_sensors.py took 1.099 seconds
[2025-12-27T13:48:08.752+0000] {processor.py:161} INFO - Started process (PID=109) to work on /usr/local/lib/python3.11/site-packages/airflow/example_dags/example_sensors.py
[2025-12-27T13:48:08.753+0000] {processor.py:830} INFO - Processing file /usr/local/lib/python3.11/site-packages/airflow/example_dags/example_sensors.py for tasks to queue
[2025-12-27T13:48:08.756+0000] {logging_mixin.py:188} INFO - [2025-12-27T13:48:08.756+0000] {dagbag.py:545} INFO - Filling up the DagBag from /usr/local/lib/python3.11/site-packages/airflow/example_dags/example_sensors.py
[2025-12-27T13:48:08.766+0000] {processor.py:840} INFO - DAG(s) 'example_sensors' retrieved from /usr/local/lib/python3.11/site-packages/airflow/example_dags/example_sensors.py
[2025-12-27T13:48:08.808+0000] {logging_mixin.py:188} INFO - [2025-12-27T13:48:08.807+0000] {dag.py:3096} INFO - Sync 1 DAGs
[2025-12-27T13:48:08.825+0000] {logging_mixin.py:188} INFO - [2025-12-27T13:48:08.825+0000] {dag.py:3954} INFO - Setting next_dagrun for example_sensors to None, run_after=None
[2025-12-27T13:48:09.127+0000] {processor.py:183} INFO - Processing /usr/local/lib/python3.11/site-packages/airflow/example_dags/example_sensors.py took 0.387 seconds
[2025-12-27T13:49:41.594+0000] {processor.py:161} INFO - Started process (PID=172) to work on /usr/local/lib/python3.11/site-packages/airflow/example_dags/example_sensors.py
[2025-12-27T13:49:41.595+0000] {processor.py:830} INFO - Processing file /usr/local/lib/python3.11/site-packages/airflow/example_dags/example_sensors.py for tasks to queue
[2025-12-27T13:49:41.713+0000] {logging_mixin.py:188} INFO - [2025-12-27T13:49:41.713+0000] {dagbag.py:545} INFO - Filling up the DagBag from /usr/local/lib/python3.11/site-packages/airflow/example_dags/example_sensors.py
[2025-12-27T13:49:41.721+0000] {processor.py:840} INFO - DAG(s) 'example_sensors' retrieved from /usr/local/lib/python3.11/site-packages/airflow/example_dags/example_sensors.py
[2025-12-27T13:49:41.754+0000] {logging_mixin.py:188} INFO - [2025-12-27T13:49:41.754+0000] {dag.py:3096} INFO - Sync 1 DAGs
[2025-12-27T13:49:41.769+0000] {logging_mixin.py:188} INFO - [2025-12-27T13:49:41.768+0000] {dag.py:3954} INFO - Setting next_dagrun for example_sensors to None, run_after=None
[2025-12-27T13:49:41.951+0000] {processor.py:183} INFO - Processing /usr/local/lib/python3.11/site-packages/airflow/example_dags/example_sensors.py took 0.373 seconds
[2025-12-27T13:51:06.787+0000] {processor.py:161} INFO - Started process (PID=233) to work on /usr/local/lib/python3.11/site-packages/airflow/example_dags/example_sensors.py
[2025-12-27T13:51:06.788+0000] {processor.py:830} INFO - Processing file /usr/local/lib/python3.11/site-packages/airflow/example_dags/example_sensors.py for tasks to queue
[2025-12-27T13:51:06.790+0000] {logging_mixin.py:188} INFO - [2025-12-27T13:51:06.790+0000] {dagbag.py:545} INFO - Filling up the DagBag from /usr/local/lib/python3.11/site-packages/airflow/example_dags/example_sensors.py
[2025-12-27T13:51:06.801+0000] {processor.py:840} INFO - DAG(s) 'example_sensors' retrieved from /usr/local/lib/python3.11/site-packages/airflow/example_dags/example_sensors.py
[2025-12-27T13:51:06.844+0000] {logging_mixin.py:188} INFO - [2025-12-27T13:51:06.844+0000] {dag.py:3096} INFO - Sync 1 DAGs
[2025-12-27T13:51:06.862+0000] {logging_mixin.py:188} INFO - [2025-12-27T13:51:06.861+0000] {dag.py:3954} INFO - Setting next_dagrun for example_sensors to None, run_after=None
[2025-12-27T13:51:07.037+0000] {processor.py:183} INFO - Processing /usr/local/lib/python3.11/site-packages/airflow/example_dags/example_sensors.py took 0.265 seconds
[2025-12-27T13:52:30.099+0000] {processor.py:161} INFO - Started process (PID=293) to work on /usr/local/lib/python3.11/site-packages/airflow/example_dags/example_sensors.py
[2025-12-27T13:52:30.100+0000] {processor.py:830} INFO - Processing file /usr/local/lib/python3.11/site-packages/airflow/example_dags/example_sensors.py for tasks to queue
[2025-12-27T13:52:30.102+0000] {logging_mixin.py:188} INFO - [2025-12-27T13:52:30.102+0000] {dagbag.py:545} INFO - Filling up the DagBag from /usr/local/lib/python3.11/site-packages/airflow/example_dags/example_sensors.py
[2025-12-27T13:52:30.114+0000] {processor.py:840} INFO - DAG(s) 'example_sensors' retrieved from /usr/local/lib/python3.11/site-packages/airflow/example_dags/example_sensors.py
[2025-12-27T13:52:30.153+0000] {logging_mixin.py:188} INFO - [2025-12-27T13:52:30.153+0000] {dag.py:3096} INFO - Sync 1 DAGs
[2025-12-27T13:52:30.170+0000] {logging_mixin.py:188} INFO - [2025-12-27T13:52:30.170+0000] {dag.py:3954} INFO - Setting next_dagrun for example_sensors to None, run_after=None
[2025-12-27T13:52:30.405+0000] {processor.py:183} INFO - Processing /usr/local/lib/python3.11/site-packages/airflow/example_dags/example_sensors.py took 0.319 seconds
[2025-12-27T13:53:54.135+0000] {processor.py:161} INFO - Started process (PID=354) to work on /usr/local/lib/python3.11/site-packages/airflow/example_dags/example_sensors.py
[2025-12-27T13:53:54.136+0000] {processor.py:830} INFO - Processing file /usr/local/lib/python3.11/site-packages/airflow/example_dags/example_sensors.py for tasks to queue
[2025-12-27T13:53:54.138+0000] {logging_mixin.py:188} INFO - [2025-12-27T13:53:54.138+0000] {dagbag.py:545} INFO - Filling up the DagBag from /usr/local/lib/python3.11/site-packages/airflow/example_dags/example_sensors.py
[2025-12-27T13:53:54.152+0000] {processor.py:840} INFO - DAG(s) 'example_sensors' retrieved from /usr/local/lib/python3.11/site-packages/airflow/example_dags/example_sensors.py
[2025-12-27T13:53:54.382+0000] {logging_mixin.py:188} INFO - [2025-12-27T13:53:54.381+0000] {dag.py:3096} INFO - Sync 1 DAGs
[2025-12-27T13:53:54.400+0000] {logging_mixin.py:188} INFO - [2025-12-27T13:53:54.400+0000] {dag.py:3954} INFO - Setting next_dagrun for example_sensors to None, run_after=None
[2025-12-27T13:53:54.693+0000] {processor.py:183} INFO - Processing /usr/local/lib/python3.11/site-packages/airflow/example_dags/example_sensors.py took 0.579 seconds
[2025-12-27T13:55:18.872+0000] {processor.py:161} INFO - Started process (PID=416) to work on /usr/local/lib/python3.11/site-packages/airflow/example_dags/example_sensors.py
[2025-12-27T13:55:18.874+0000] {processor.py:830} INFO - Processing file /usr/local/lib/python3.11/site-packages/airflow/example_dags/example_sensors.py for tasks to queue
[2025-12-27T13:55:18.876+0000] {logging_mixin.py:188} INFO - [2025-12-27T13:55:18.876+0000] {dagbag.py:545} INFO - Filling up the DagBag from /usr/local/lib/python3.11/site-packages/airflow/example_dags/example_sensors.py
[2025-12-27T13:55:18.891+0000] {processor.py:840} INFO - DAG(s) 'example_sensors' retrieved from /usr/local/lib/python3.11/site-packages/airflow/example_dags/example_sensors.py
[2025-12-27T13:55:19.025+0000] {logging_mixin.py:188} INFO - [2025-12-27T13:55:19.024+0000] {dag.py:3096} INFO - Sync 1 DAGs
[2025-12-27T13:55:19.041+0000] {logging_mixin.py:188} INFO - [2025-12-27T13:55:19.041+0000] {dag.py:3954} INFO - Setting next_dagrun for example_sensors to None, run_after=None
[2025-12-27T13:55:19.249+0000] {processor.py:183} INFO - Processing /usr/local/lib/python3.11/site-packages/airflow/example_dags/example_sensors.py took 0.394 seconds
[2025-12-27T13:56:43.814+0000] {processor.py:161} INFO - Started process (PID=477) to work on /usr/local/lib/python3.11/site-packages/airflow/example_dags/example_sensors.py
[2025-12-27T13:56:43.815+0000] {processor.py:830} INFO - Processing file /usr/local/lib/python3.11/site-packages/airflow/example_dags/example_sensors.py for tasks to queue
[2025-12-27T13:56:43.817+0000] {logging_mixin.py:188} INFO - [2025-12-27T13:56:43.817+0000] {dagbag.py:545} INFO - Filling up the DagBag from /usr/local/lib/python3.11/site-packages/airflow/example_dags/example_sensors.py
[2025-12-27T13:56:43.837+0000] {processor.py:840} INFO - DAG(s) 'example_sensors' retrieved from /usr/local/lib/python3.11/site-packages/airflow/example_dags/example_sensors.py
[2025-12-27T13:56:43.878+0000] {logging_mixin.py:188} INFO - [2025-12-27T13:56:43.878+0000] {dag.py:3096} INFO - Sync 1 DAGs
[2025-12-27T13:56:43.894+0000] {logging_mixin.py:188} INFO - [2025-12-27T13:56:43.894+0000] {dag.py:3954} INFO - Setting next_dagrun for example_sensors to None, run_after=None
[2025-12-27T13:56:44.120+0000] {processor.py:183} INFO - Processing /usr/local/lib/python3.11/site-packages/airflow/example_dags/example_sensors.py took 0.322 seconds
[2025-12-27T13:58:09.536+0000] {processor.py:161} INFO - Started process (PID=538) to work on /usr/local/lib/python3.11/site-packages/airflow/example_dags/example_sensors.py
[2025-12-27T13:58:09.537+0000] {processor.py:830} INFO - Processing file /usr/local/lib/python3.11/site-packages/airflow/example_dags/example_sensors.py for tasks to queue
[2025-12-27T13:58:09.539+0000] {logging_mixin.py:188} INFO - [2025-12-27T13:58:09.539+0000] {dagbag.py:545} INFO - Filling up the DagBag from /usr/local/lib/python3.11/site-packages/airflow/example_dags/example_sensors.py
[2025-12-27T13:58:09.550+0000] {processor.py:840} INFO - DAG(s) 'example_sensors' retrieved from /usr/local/lib/python3.11/site-packages/airflow/example_dags/example_sensors.py
[2025-12-27T13:58:09.588+0000] {logging_mixin.py:188} INFO - [2025-12-27T13:58:09.588+0000] {dag.py:3096} INFO - Sync 1 DAGs
[2025-12-27T13:58:09.607+0000] {logging_mixin.py:188} INFO - [2025-12-27T13:58:09.607+0000] {dag.py:3954} INFO - Setting next_dagrun for example_sensors to None, run_after=None
[2025-12-27T13:58:09.844+0000] {processor.py:183} INFO - Processing /usr/local/lib/python3.11/site-packages/airflow/example_dags/example_sensors.py took 0.321 seconds
[2025-12-27T13:59:35.456+0000] {processor.py:161} INFO - Started process (PID=599) to work on /usr/local/lib/python3.11/site-packages/airflow/example_dags/example_sensors.py
[2025-12-27T13:59:35.457+0000] {processor.py:830} INFO - Processing file /usr/local/lib/python3.11/site-packages/airflow/example_dags/example_sensors.py for tasks to queue
[2025-12-27T13:59:35.459+0000] {logging_mixin.py:188} INFO - [2025-12-27T13:59:35.459+0000] {dagbag.py:545} INFO - Filling up the DagBag from /usr/local/lib/python3.11/site-packages/airflow/example_dags/example_sensors.py
[2025-12-27T13:59:35.470+0000] {processor.py:840} INFO - DAG(s) 'example_sensors' retrieved from /usr/local/lib/python3.11/site-packages/airflow/example_dags/example_sensors.py
[2025-12-27T13:59:35.510+0000] {logging_mixin.py:188} INFO - [2025-12-27T13:59:35.510+0000] {dag.py:3096} INFO - Sync 1 DAGs
[2025-12-27T13:59:35.528+0000] {logging_mixin.py:188} INFO - [2025-12-27T13:59:35.528+0000] {dag.py:3954} INFO - Setting next_dagrun for example_sensors to None, run_after=None
[2025-12-27T13:59:35.726+0000] {processor.py:183} INFO - Processing /usr/local/lib/python3.11/site-packages/airflow/example_dags/example_sensors.py took 0.287 seconds
[2025-12-27T14:01:11.354+0000] {processor.py:161} INFO - Started process (PID=664) to work on /usr/local/lib/python3.11/site-packages/airflow/example_dags/example_sensors.py
[2025-12-27T14:01:11.355+0000] {processor.py:830} INFO - Processing file /usr/local/lib/python3.11/site-packages/airflow/example_dags/example_sensors.py for tasks to queue
[2025-12-27T14:01:11.358+0000] {logging_mixin.py:188} INFO - [2025-12-27T14:01:11.357+0000] {dagbag.py:545} INFO - Filling up the DagBag from /usr/local/lib/python3.11/site-packages/airflow/example_dags/example_sensors.py
[2025-12-27T14:01:11.368+0000] {processor.py:840} INFO - DAG(s) 'example_sensors' retrieved from /usr/local/lib/python3.11/site-packages/airflow/example_dags/example_sensors.py
[2025-12-27T14:01:11.403+0000] {logging_mixin.py:188} INFO - [2025-12-27T14:01:11.403+0000] {dag.py:3096} INFO - Sync 1 DAGs
[2025-12-27T14:01:11.419+0000] {logging_mixin.py:188} INFO - [2025-12-27T14:01:11.419+0000] {dag.py:3954} INFO - Setting next_dagrun for example_sensors to None, run_after=None
[2025-12-27T14:01:11.624+0000] {processor.py:183} INFO - Processing /usr/local/lib/python3.11/site-packages/airflow/example_dags/example_sensors.py took 0.283 seconds
[2025-12-27T14:02:45.645+0000] {processor.py:161} INFO - Started process (PID=704) to work on /usr/local/lib/python3.11/site-packages/airflow/example_dags/example_sensors.py
[2025-12-27T14:02:45.646+0000] {processor.py:830} INFO - Processing file /usr/local/lib/python3.11/site-packages/airflow/example_dags/example_sensors.py for tasks to queue
[2025-12-27T14:02:45.649+0000] {logging_mixin.py:188} INFO - [2025-12-27T14:02:45.649+0000] {dagbag.py:545} INFO - Filling up the DagBag from /usr/local/lib/python3.11/site-packages/airflow/example_dags/example_sensors.py
[2025-12-27T14:02:45.661+0000] {processor.py:840} INFO - DAG(s) 'example_sensors' retrieved from /usr/local/lib/python3.11/site-packages/airflow/example_dags/example_sensors.py
[2025-12-27T14:02:45.705+0000] {logging_mixin.py:188} INFO - [2025-12-27T14:02:45.705+0000] {dag.py:3096} INFO - Sync 1 DAGs
[2025-12-27T14:02:45.725+0000] {logging_mixin.py:188} INFO - [2025-12-27T14:02:45.725+0000] {dag.py:3954} INFO - Setting next_dagrun for example_sensors to None, run_after=None
[2025-12-27T14:02:45.945+0000] {processor.py:183} INFO - Processing /usr/local/lib/python3.11/site-packages/airflow/example_dags/example_sensors.py took 0.315 seconds
[2025-12-27T14:04:35.485+0000] {processor.py:161} INFO - Started process (PID=773) to work on /usr/local/lib/python3.11/site-packages/airflow/example_dags/example_sensors.py
[2025-12-27T14:04:35.487+0000] {processor.py:830} INFO - Processing file /usr/local/lib/python3.11/site-packages/airflow/example_dags/example_sensors.py for tasks to queue
[2025-12-27T14:04:35.489+0000] {logging_mixin.py:188} INFO - [2025-12-27T14:04:35.489+0000] {dagbag.py:545} INFO - Filling up the DagBag from /usr/local/lib/python3.11/site-packages/airflow/example_dags/example_sensors.py
[2025-12-27T14:04:35.503+0000] {processor.py:840} INFO - DAG(s) 'example_sensors' retrieved from /usr/local/lib/python3.11/site-packages/airflow/example_dags/example_sensors.py
[2025-12-27T14:04:35.548+0000] {logging_mixin.py:188} INFO - [2025-12-27T14:04:35.548+0000] {dag.py:3096} INFO - Sync 1 DAGs
[2025-12-27T14:04:35.574+0000] {logging_mixin.py:188} INFO - [2025-12-27T14:04:35.574+0000] {dag.py:3954} INFO - Setting next_dagrun for example_sensors to None, run_after=None
[2025-12-27T14:04:35.932+0000] {processor.py:183} INFO - Processing /usr/local/lib/python3.11/site-packages/airflow/example_dags/example_sensors.py took 0.468 seconds
[2025-12-27T14:06:22.407+0000] {processor.py:161} INFO - Started process (PID=857) to work on /usr/local/lib/python3.11/site-packages/airflow/example_dags/example_sensors.py
[2025-12-27T14:06:22.409+0000] {processor.py:830} INFO - Processing file /usr/local/lib/python3.11/site-packages/airflow/example_dags/example_sensors.py for tasks to queue
[2025-12-27T14:06:22.411+0000] {logging_mixin.py:188} INFO - [2025-12-27T14:06:22.411+0000] {dagbag.py:545} INFO - Filling up the DagBag from /usr/local/lib/python3.11/site-packages/airflow/example_dags/example_sensors.py
[2025-12-27T14:06:22.424+0000] {processor.py:840} INFO - DAG(s) 'example_sensors' retrieved from /usr/local/lib/python3.11/site-packages/airflow/example_dags/example_sensors.py
[2025-12-27T14:06:22.475+0000] {logging_mixin.py:188} INFO - [2025-12-27T14:06:22.474+0000] {dag.py:3096} INFO - Sync 1 DAGs
[2025-12-27T14:06:22.501+0000] {logging_mixin.py:188} INFO - [2025-12-27T14:06:22.501+0000] {dag.py:3954} INFO - Setting next_dagrun for example_sensors to None, run_after=None
[2025-12-27T14:06:22.691+0000] {processor.py:183} INFO - Processing /usr/local/lib/python3.11/site-packages/airflow/example_dags/example_sensors.py took 0.298 seconds
[2025-12-27T14:08:03.400+0000] {processor.py:161} INFO - Started process (PID=921) to work on /usr/local/lib/python3.11/site-packages/airflow/example_dags/example_sensors.py
[2025-12-27T14:08:03.402+0000] {processor.py:830} INFO - Processing file /usr/local/lib/python3.11/site-packages/airflow/example_dags/example_sensors.py for tasks to queue
[2025-12-27T14:08:03.405+0000] {logging_mixin.py:188} INFO - [2025-12-27T14:08:03.404+0000] {dagbag.py:545} INFO - Filling up the DagBag from /usr/local/lib/python3.11/site-packages/airflow/example_dags/example_sensors.py
[2025-12-27T14:08:03.420+0000] {processor.py:840} INFO - DAG(s) 'example_sensors' retrieved from /usr/local/lib/python3.11/site-packages/airflow/example_dags/example_sensors.py
[2025-12-27T14:08:03.474+0000] {logging_mixin.py:188} INFO - [2025-12-27T14:08:03.474+0000] {dag.py:3096} INFO - Sync 1 DAGs
[2025-12-27T14:08:03.527+0000] {logging_mixin.py:188} INFO - [2025-12-27T14:08:03.527+0000] {dag.py:3954} INFO - Setting next_dagrun for example_sensors to None, run_after=None
[2025-12-27T14:08:03.792+0000] {processor.py:183} INFO - Processing /usr/local/lib/python3.11/site-packages/airflow/example_dags/example_sensors.py took 0.410 seconds
[2025-12-27T14:09:07.994+0000] {processor.py:161} INFO - Started process (PID=964) to work on /usr/local/lib/python3.11/site-packages/airflow/example_dags/example_sensors.py
[2025-12-27T14:09:07.995+0000] {processor.py:830} INFO - Processing file /usr/local/lib/python3.11/site-packages/airflow/example_dags/example_sensors.py for tasks to queue
[2025-12-27T14:09:07.997+0000] {logging_mixin.py:188} INFO - [2025-12-27T14:09:07.997+0000] {dagbag.py:545} INFO - Filling up the DagBag from /usr/local/lib/python3.11/site-packages/airflow/example_dags/example_sensors.py
[2025-12-27T14:09:08.011+0000] {processor.py:840} INFO - DAG(s) 'example_sensors' retrieved from /usr/local/lib/python3.11/site-packages/airflow/example_dags/example_sensors.py
[2025-12-27T14:09:08.065+0000] {logging_mixin.py:188} INFO - [2025-12-27T14:09:08.065+0000] {dag.py:3096} INFO - Sync 1 DAGs
[2025-12-27T14:09:08.118+0000] {logging_mixin.py:188} INFO - [2025-12-27T14:09:08.118+0000] {dag.py:3954} INFO - Setting next_dagrun for example_sensors to None, run_after=None
[2025-12-27T14:09:08.636+0000] {processor.py:183} INFO - Processing /usr/local/lib/python3.11/site-packages/airflow/example_dags/example_sensors.py took 0.661 seconds
[2025-12-27T14:10:50.524+0000] {processor.py:161} INFO - Started process (PID=1028) to work on /usr/local/lib/python3.11/site-packages/airflow/example_dags/example_sensors.py
[2025-12-27T14:10:50.525+0000] {processor.py:830} INFO - Processing file /usr/local/lib/python3.11/site-packages/airflow/example_dags/example_sensors.py for tasks to queue
[2025-12-27T14:10:50.527+0000] {logging_mixin.py:188} INFO - [2025-12-27T14:10:50.527+0000] {dagbag.py:545} INFO - Filling up the DagBag from /usr/local/lib/python3.11/site-packages/airflow/example_dags/example_sensors.py
[2025-12-27T14:10:50.542+0000] {processor.py:840} INFO - DAG(s) 'example_sensors' retrieved from /usr/local/lib/python3.11/site-packages/airflow/example_dags/example_sensors.py
[2025-12-27T14:10:50.588+0000] {logging_mixin.py:188} INFO - [2025-12-27T14:10:50.588+0000] {dag.py:3096} INFO - Sync 1 DAGs
[2025-12-27T14:10:50.612+0000] {logging_mixin.py:188} INFO - [2025-12-27T14:10:50.612+0000] {dag.py:3954} INFO - Setting next_dagrun for example_sensors to None, run_after=None
[2025-12-27T14:10:50.855+0000] {processor.py:183} INFO - Processing /usr/local/lib/python3.11/site-packages/airflow/example_dags/example_sensors.py took 0.348 seconds
[2025-12-27T14:13:02.627+0000] {processor.py:161} INFO - Started process (PID=1100) to work on /usr/local/lib/python3.11/site-packages/airflow/example_dags/example_sensors.py
[2025-12-27T14:13:02.647+0000] {processor.py:830} INFO - Processing file /usr/local/lib/python3.11/site-packages/airflow/example_dags/example_sensors.py for tasks to queue
[2025-12-27T14:13:02.650+0000] {logging_mixin.py:188} INFO - [2025-12-27T14:13:02.649+0000] {dagbag.py:545} INFO - Filling up the DagBag from /usr/local/lib/python3.11/site-packages/airflow/example_dags/example_sensors.py
[2025-12-27T14:13:02.671+0000] {processor.py:840} INFO - DAG(s) 'example_sensors' retrieved from /usr/local/lib/python3.11/site-packages/airflow/example_dags/example_sensors.py
[2025-12-27T14:13:02.746+0000] {logging_mixin.py:188} INFO - [2025-12-27T14:13:02.745+0000] {dag.py:3096} INFO - Sync 1 DAGs
[2025-12-27T14:13:02.782+0000] {logging_mixin.py:188} INFO - [2025-12-27T14:13:02.782+0000] {dag.py:3954} INFO - Setting next_dagrun for example_sensors to None, run_after=None
[2025-12-27T14:13:02.984+0000] {processor.py:183} INFO - Processing /usr/local/lib/python3.11/site-packages/airflow/example_dags/example_sensors.py took 0.378 seconds
[2025-12-27T14:15:00.262+0000] {processor.py:161} INFO - Started process (PID=1167) to work on /usr/local/lib/python3.11/site-packages/airflow/example_dags/example_sensors.py
[2025-12-27T14:15:00.266+0000] {processor.py:830} INFO - Processing file /usr/local/lib/python3.11/site-packages/airflow/example_dags/example_sensors.py for tasks to queue
[2025-12-27T14:15:00.277+0000] {logging_mixin.py:188} INFO - [2025-12-27T14:15:00.276+0000] {dagbag.py:545} INFO - Filling up the DagBag from /usr/local/lib/python3.11/site-packages/airflow/example_dags/example_sensors.py
[2025-12-27T14:15:00.302+0000] {processor.py:840} INFO - DAG(s) 'example_sensors' retrieved from /usr/local/lib/python3.11/site-packages/airflow/example_dags/example_sensors.py
[2025-12-27T14:15:00.354+0000] {logging_mixin.py:188} INFO - [2025-12-27T14:15:00.353+0000] {dag.py:3096} INFO - Sync 1 DAGs
[2025-12-27T14:15:00.379+0000] {logging_mixin.py:188} INFO - [2025-12-27T14:15:00.378+0000] {dag.py:3954} INFO - Setting next_dagrun for example_sensors to None, run_after=None
[2025-12-27T14:15:00.862+0000] {processor.py:183} INFO - Processing /usr/local/lib/python3.11/site-packages/airflow/example_dags/example_sensors.py took 0.638 seconds
[2025-12-27T14:32:27.966+0000] {processor.py:161} INFO - Started process (PID=53) to work on /usr/local/lib/python3.11/site-packages/airflow/example_dags/example_sensors.py
[2025-12-27T14:32:27.967+0000] {processor.py:830} INFO - Processing file /usr/local/lib/python3.11/site-packages/airflow/example_dags/example_sensors.py for tasks to queue
[2025-12-27T14:32:27.970+0000] {logging_mixin.py:188} INFO - [2025-12-27T14:32:27.970+0000] {dagbag.py:545} INFO - Filling up the DagBag from /usr/local/lib/python3.11/site-packages/airflow/example_dags/example_sensors.py
[2025-12-27T14:32:27.981+0000] {processor.py:840} INFO - DAG(s) 'example_sensors' retrieved from /usr/local/lib/python3.11/site-packages/airflow/example_dags/example_sensors.py
[2025-12-27T14:32:28.140+0000] {logging_mixin.py:188} INFO - [2025-12-27T14:32:28.140+0000] {dag.py:3096} INFO - Sync 1 DAGs
[2025-12-27T14:32:28.156+0000] {logging_mixin.py:188} INFO - [2025-12-27T14:32:28.155+0000] {dag.py:3954} INFO - Setting next_dagrun for example_sensors to None, run_after=None
[2025-12-27T14:32:28.552+0000] {processor.py:183} INFO - Processing /usr/local/lib/python3.11/site-packages/airflow/example_dags/example_sensors.py took 0.599 seconds
[2025-12-27T14:33:55.216+0000] {processor.py:161} INFO - Started process (PID=105) to work on /usr/local/lib/python3.11/site-packages/airflow/example_dags/example_sensors.py
[2025-12-27T14:33:55.217+0000] {processor.py:830} INFO - Processing file /usr/local/lib/python3.11/site-packages/airflow/example_dags/example_sensors.py for tasks to queue
[2025-12-27T14:33:55.220+0000] {logging_mixin.py:188} INFO - [2025-12-27T14:33:55.220+0000] {dagbag.py:545} INFO - Filling up the DagBag from /usr/local/lib/python3.11/site-packages/airflow/example_dags/example_sensors.py
[2025-12-27T14:33:55.232+0000] {processor.py:840} INFO - DAG(s) 'example_sensors' retrieved from /usr/local/lib/python3.11/site-packages/airflow/example_dags/example_sensors.py
[2025-12-27T14:33:55.281+0000] {logging_mixin.py:188} INFO - [2025-12-27T14:33:55.281+0000] {dag.py:3096} INFO - Sync 1 DAGs
[2025-12-27T14:33:55.308+0000] {logging_mixin.py:188} INFO - [2025-12-27T14:33:55.308+0000] {dag.py:3954} INFO - Setting next_dagrun for example_sensors to None, run_after=None
[2025-12-27T14:33:55.503+0000] {processor.py:183} INFO - Processing /usr/local/lib/python3.11/site-packages/airflow/example_dags/example_sensors.py took 0.302 seconds
[2025-12-27T14:35:43.977+0000] {processor.py:161} INFO - Started process (PID=172) to work on /usr/local/lib/python3.11/site-packages/airflow/example_dags/example_sensors.py
[2025-12-27T14:35:43.979+0000] {processor.py:830} INFO - Processing file /usr/local/lib/python3.11/site-packages/airflow/example_dags/example_sensors.py for tasks to queue
[2025-12-27T14:35:43.982+0000] {logging_mixin.py:188} INFO - [2025-12-27T14:35:43.981+0000] {dagbag.py:545} INFO - Filling up the DagBag from /usr/local/lib/python3.11/site-packages/airflow/example_dags/example_sensors.py
[2025-12-27T14:35:44.002+0000] {processor.py:840} INFO - DAG(s) 'example_sensors' retrieved from /usr/local/lib/python3.11/site-packages/airflow/example_dags/example_sensors.py
[2025-12-27T14:35:44.049+0000] {logging_mixin.py:188} INFO - [2025-12-27T14:35:44.049+0000] {dag.py:3096} INFO - Sync 1 DAGs
[2025-12-27T14:35:44.156+0000] {logging_mixin.py:188} INFO - [2025-12-27T14:35:44.156+0000] {dag.py:3954} INFO - Setting next_dagrun for example_sensors to None, run_after=None
[2025-12-27T14:35:44.369+0000] {processor.py:183} INFO - Processing /usr/local/lib/python3.11/site-packages/airflow/example_dags/example_sensors.py took 0.413 seconds
[2025-12-27T14:53:45.583+0000] {processor.py:161} INFO - Started process (PID=57) to work on /usr/local/lib/python3.11/site-packages/airflow/example_dags/example_sensors.py
[2025-12-27T14:53:45.584+0000] {processor.py:830} INFO - Processing file /usr/local/lib/python3.11/site-packages/airflow/example_dags/example_sensors.py for tasks to queue
[2025-12-27T14:53:45.587+0000] {logging_mixin.py:188} INFO - [2025-12-27T14:53:45.587+0000] {dagbag.py:545} INFO - Filling up the DagBag from /usr/local/lib/python3.11/site-packages/airflow/example_dags/example_sensors.py
[2025-12-27T14:53:45.598+0000] {processor.py:840} INFO - DAG(s) 'example_sensors' retrieved from /usr/local/lib/python3.11/site-packages/airflow/example_dags/example_sensors.py
[2025-12-27T14:53:46.077+0000] {logging_mixin.py:188} INFO - [2025-12-27T14:53:46.075+0000] {override.py:1930} INFO - Created Permission View: can delete on DAG:example_sensors
[2025-12-27T14:53:46.242+0000] {logging_mixin.py:188} INFO - [2025-12-27T14:53:46.241+0000] {override.py:1930} INFO - Created Permission View: can edit on DAG:example_sensors
[2025-12-27T14:53:46.428+0000] {logging_mixin.py:188} INFO - [2025-12-27T14:53:46.428+0000] {override.py:1930} INFO - Created Permission View: can read on DAG:example_sensors
[2025-12-27T14:53:46.429+0000] {logging_mixin.py:188} INFO - [2025-12-27T14:53:46.429+0000] {dag.py:3096} INFO - Sync 1 DAGs
[2025-12-27T14:53:46.453+0000] {logging_mixin.py:188} INFO - [2025-12-27T14:53:46.453+0000] {dag.py:3118} INFO - Creating ORM DAG for example_sensors
[2025-12-27T14:53:46.454+0000] {logging_mixin.py:188} INFO - [2025-12-27T14:53:46.454+0000] {dag.py:3954} INFO - Setting next_dagrun for example_sensors to None, run_after=None
[2025-12-27T14:53:46.968+0000] {processor.py:183} INFO - Processing /usr/local/lib/python3.11/site-packages/airflow/example_dags/example_sensors.py took 1.401 seconds
[2025-12-27T14:55:44.408+0000] {processor.py:161} INFO - Started process (PID=109) to work on /usr/local/lib/python3.11/site-packages/airflow/example_dags/example_sensors.py
[2025-12-27T14:55:44.413+0000] {processor.py:830} INFO - Processing file /usr/local/lib/python3.11/site-packages/airflow/example_dags/example_sensors.py for tasks to queue
[2025-12-27T14:55:44.421+0000] {logging_mixin.py:188} INFO - [2025-12-27T14:55:44.420+0000] {dagbag.py:545} INFO - Filling up the DagBag from /usr/local/lib/python3.11/site-packages/airflow/example_dags/example_sensors.py
[2025-12-27T14:55:44.460+0000] {processor.py:840} INFO - DAG(s) 'example_sensors' retrieved from /usr/local/lib/python3.11/site-packages/airflow/example_dags/example_sensors.py
[2025-12-27T14:55:44.575+0000] {logging_mixin.py:188} INFO - [2025-12-27T14:55:44.575+0000] {dag.py:3096} INFO - Sync 1 DAGs
[2025-12-27T14:55:44.605+0000] {logging_mixin.py:188} INFO - [2025-12-27T14:55:44.604+0000] {dag.py:3954} INFO - Setting next_dagrun for example_sensors to None, run_after=None
[2025-12-27T14:55:44.890+0000] {processor.py:183} INFO - Processing /usr/local/lib/python3.11/site-packages/airflow/example_dags/example_sensors.py took 0.594 seconds
[2025-12-27T14:57:32.399+0000] {processor.py:161} INFO - Started process (PID=176) to work on /usr/local/lib/python3.11/site-packages/airflow/example_dags/example_sensors.py
[2025-12-27T14:57:32.402+0000] {processor.py:830} INFO - Processing file /usr/local/lib/python3.11/site-packages/airflow/example_dags/example_sensors.py for tasks to queue
[2025-12-27T14:57:32.406+0000] {logging_mixin.py:188} INFO - [2025-12-27T14:57:32.405+0000] {dagbag.py:545} INFO - Filling up the DagBag from /usr/local/lib/python3.11/site-packages/airflow/example_dags/example_sensors.py
[2025-12-27T14:57:32.454+0000] {processor.py:840} INFO - DAG(s) 'example_sensors' retrieved from /usr/local/lib/python3.11/site-packages/airflow/example_dags/example_sensors.py
[2025-12-27T14:57:32.537+0000] {logging_mixin.py:188} INFO - [2025-12-27T14:57:32.537+0000] {dag.py:3096} INFO - Sync 1 DAGs
[2025-12-27T14:57:32.565+0000] {logging_mixin.py:188} INFO - [2025-12-27T14:57:32.564+0000] {dag.py:3954} INFO - Setting next_dagrun for example_sensors to None, run_after=None
[2025-12-27T14:57:32.846+0000] {processor.py:183} INFO - Processing /usr/local/lib/python3.11/site-packages/airflow/example_dags/example_sensors.py took 0.491 seconds
[2025-12-27T14:59:30.486+0000] {processor.py:161} INFO - Started process (PID=256) to work on /usr/local/lib/python3.11/site-packages/airflow/example_dags/example_sensors.py
[2025-12-27T14:59:30.487+0000] {processor.py:830} INFO - Processing file /usr/local/lib/python3.11/site-packages/airflow/example_dags/example_sensors.py for tasks to queue
[2025-12-27T14:59:30.490+0000] {logging_mixin.py:188} INFO - [2025-12-27T14:59:30.490+0000] {dagbag.py:545} INFO - Filling up the DagBag from /usr/local/lib/python3.11/site-packages/airflow/example_dags/example_sensors.py
[2025-12-27T14:59:30.508+0000] {processor.py:840} INFO - DAG(s) 'example_sensors' retrieved from /usr/local/lib/python3.11/site-packages/airflow/example_dags/example_sensors.py
[2025-12-27T14:59:30.544+0000] {logging_mixin.py:188} INFO - [2025-12-27T14:59:30.544+0000] {dag.py:3096} INFO - Sync 1 DAGs
[2025-12-27T14:59:30.560+0000] {logging_mixin.py:188} INFO - [2025-12-27T14:59:30.560+0000] {dag.py:3954} INFO - Setting next_dagrun for example_sensors to None, run_after=None
[2025-12-27T14:59:30.751+0000] {processor.py:183} INFO - Processing /usr/local/lib/python3.11/site-packages/airflow/example_dags/example_sensors.py took 0.283 seconds
[2025-12-27T15:00:41.088+0000] {processor.py:161} INFO - Started process (PID=297) to work on /usr/local/lib/python3.11/site-packages/airflow/example_dags/example_sensors.py
[2025-12-27T15:00:41.092+0000] {processor.py:830} INFO - Processing file /usr/local/lib/python3.11/site-packages/airflow/example_dags/example_sensors.py for tasks to queue
[2025-12-27T15:00:41.097+0000] {logging_mixin.py:188} INFO - [2025-12-27T15:00:41.096+0000] {dagbag.py:545} INFO - Filling up the DagBag from /usr/local/lib/python3.11/site-packages/airflow/example_dags/example_sensors.py
[2025-12-27T15:00:41.119+0000] {processor.py:840} INFO - DAG(s) 'example_sensors' retrieved from /usr/local/lib/python3.11/site-packages/airflow/example_dags/example_sensors.py
[2025-12-27T15:00:41.181+0000] {logging_mixin.py:188} INFO - [2025-12-27T15:00:41.181+0000] {dag.py:3096} INFO - Sync 1 DAGs
[2025-12-27T15:00:41.210+0000] {logging_mixin.py:188} INFO - [2025-12-27T15:00:41.209+0000] {dag.py:3954} INFO - Setting next_dagrun for example_sensors to None, run_after=None
[2025-12-27T15:00:41.535+0000] {processor.py:183} INFO - Processing /usr/local/lib/python3.11/site-packages/airflow/example_dags/example_sensors.py took 0.467 seconds
[2025-12-27T15:02:33.555+0000] {processor.py:161} INFO - Started process (PID=372) to work on /usr/local/lib/python3.11/site-packages/airflow/example_dags/example_sensors.py
[2025-12-27T15:02:33.557+0000] {processor.py:830} INFO - Processing file /usr/local/lib/python3.11/site-packages/airflow/example_dags/example_sensors.py for tasks to queue
[2025-12-27T15:02:33.568+0000] {logging_mixin.py:188} INFO - [2025-12-27T15:02:33.567+0000] {dagbag.py:545} INFO - Filling up the DagBag from /usr/local/lib/python3.11/site-packages/airflow/example_dags/example_sensors.py
[2025-12-27T15:02:33.611+0000] {processor.py:840} INFO - DAG(s) 'example_sensors' retrieved from /usr/local/lib/python3.11/site-packages/airflow/example_dags/example_sensors.py
[2025-12-27T15:02:33.720+0000] {logging_mixin.py:188} INFO - [2025-12-27T15:02:33.720+0000] {dag.py:3096} INFO - Sync 1 DAGs
[2025-12-27T15:02:33.811+0000] {logging_mixin.py:188} INFO - [2025-12-27T15:02:33.810+0000] {dag.py:3954} INFO - Setting next_dagrun for example_sensors to None, run_after=None
[2025-12-27T15:02:34.118+0000] {processor.py:183} INFO - Processing /usr/local/lib/python3.11/site-packages/airflow/example_dags/example_sensors.py took 0.613 seconds
[2025-12-27T15:04:14.130+0000] {processor.py:161} INFO - Started process (PID=439) to work on /usr/local/lib/python3.11/site-packages/airflow/example_dags/example_sensors.py
[2025-12-27T15:04:14.131+0000] {processor.py:830} INFO - Processing file /usr/local/lib/python3.11/site-packages/airflow/example_dags/example_sensors.py for tasks to queue
[2025-12-27T15:04:14.133+0000] {logging_mixin.py:188} INFO - [2025-12-27T15:04:14.133+0000] {dagbag.py:545} INFO - Filling up the DagBag from /usr/local/lib/python3.11/site-packages/airflow/example_dags/example_sensors.py
[2025-12-27T15:04:14.145+0000] {processor.py:840} INFO - DAG(s) 'example_sensors' retrieved from /usr/local/lib/python3.11/site-packages/airflow/example_dags/example_sensors.py
[2025-12-27T15:04:14.184+0000] {logging_mixin.py:188} INFO - [2025-12-27T15:04:14.184+0000] {dag.py:3096} INFO - Sync 1 DAGs
[2025-12-27T15:04:14.215+0000] {logging_mixin.py:188} INFO - [2025-12-27T15:04:14.214+0000] {dag.py:3954} INFO - Setting next_dagrun for example_sensors to None, run_after=None
[2025-12-27T15:04:14.424+0000] {processor.py:183} INFO - Processing /usr/local/lib/python3.11/site-packages/airflow/example_dags/example_sensors.py took 0.307 seconds
[2025-12-27T15:05:41.040+0000] {processor.py:161} INFO - Started process (PID=500) to work on /usr/local/lib/python3.11/site-packages/airflow/example_dags/example_sensors.py
[2025-12-27T15:05:41.041+0000] {processor.py:830} INFO - Processing file /usr/local/lib/python3.11/site-packages/airflow/example_dags/example_sensors.py for tasks to queue
[2025-12-27T15:05:41.051+0000] {logging_mixin.py:188} INFO - [2025-12-27T15:05:41.050+0000] {dagbag.py:545} INFO - Filling up the DagBag from /usr/local/lib/python3.11/site-packages/airflow/example_dags/example_sensors.py
[2025-12-27T15:05:41.062+0000] {processor.py:840} INFO - DAG(s) 'example_sensors' retrieved from /usr/local/lib/python3.11/site-packages/airflow/example_dags/example_sensors.py
[2025-12-27T15:05:41.114+0000] {logging_mixin.py:188} INFO - [2025-12-27T15:05:41.114+0000] {dag.py:3096} INFO - Sync 1 DAGs
[2025-12-27T15:05:41.134+0000] {logging_mixin.py:188} INFO - [2025-12-27T15:05:41.134+0000] {dag.py:3954} INFO - Setting next_dagrun for example_sensors to None, run_after=None
[2025-12-27T15:05:41.314+0000] {processor.py:183} INFO - Processing /usr/local/lib/python3.11/site-packages/airflow/example_dags/example_sensors.py took 0.296 seconds
[2025-12-27T15:07:11.160+0000] {processor.py:161} INFO - Started process (PID=562) to work on /usr/local/lib/python3.11/site-packages/airflow/example_dags/example_sensors.py
[2025-12-27T15:07:11.162+0000] {processor.py:830} INFO - Processing file /usr/local/lib/python3.11/site-packages/airflow/example_dags/example_sensors.py for tasks to queue
[2025-12-27T15:07:11.166+0000] {logging_mixin.py:188} INFO - [2025-12-27T15:07:11.165+0000] {dagbag.py:545} INFO - Filling up the DagBag from /usr/local/lib/python3.11/site-packages/airflow/example_dags/example_sensors.py
[2025-12-27T15:07:11.181+0000] {processor.py:840} INFO - DAG(s) 'example_sensors' retrieved from /usr/local/lib/python3.11/site-packages/airflow/example_dags/example_sensors.py
[2025-12-27T15:07:11.225+0000] {logging_mixin.py:188} INFO - [2025-12-27T15:07:11.225+0000] {dag.py:3096} INFO - Sync 1 DAGs
[2025-12-27T15:07:11.247+0000] {logging_mixin.py:188} INFO - [2025-12-27T15:07:11.247+0000] {dag.py:3954} INFO - Setting next_dagrun for example_sensors to None, run_after=None
[2025-12-27T15:07:11.562+0000] {processor.py:183} INFO - Processing /usr/local/lib/python3.11/site-packages/airflow/example_dags/example_sensors.py took 0.424 seconds
[2025-12-27T15:08:45.714+0000] {processor.py:161} INFO - Started process (PID=626) to work on /usr/local/lib/python3.11/site-packages/airflow/example_dags/example_sensors.py
[2025-12-27T15:08:45.715+0000] {processor.py:830} INFO - Processing file /usr/local/lib/python3.11/site-packages/airflow/example_dags/example_sensors.py for tasks to queue
[2025-12-27T15:08:45.717+0000] {logging_mixin.py:188} INFO - [2025-12-27T15:08:45.717+0000] {dagbag.py:545} INFO - Filling up the DagBag from /usr/local/lib/python3.11/site-packages/airflow/example_dags/example_sensors.py
[2025-12-27T15:08:45.729+0000] {processor.py:840} INFO - DAG(s) 'example_sensors' retrieved from /usr/local/lib/python3.11/site-packages/airflow/example_dags/example_sensors.py
[2025-12-27T15:08:45.770+0000] {logging_mixin.py:188} INFO - [2025-12-27T15:08:45.770+0000] {dag.py:3096} INFO - Sync 1 DAGs
[2025-12-27T15:08:45.789+0000] {logging_mixin.py:188} INFO - [2025-12-27T15:08:45.789+0000] {dag.py:3954} INFO - Setting next_dagrun for example_sensors to None, run_after=None
[2025-12-27T15:08:45.996+0000] {processor.py:183} INFO - Processing /usr/local/lib/python3.11/site-packages/airflow/example_dags/example_sensors.py took 0.295 seconds
[2025-12-27T15:10:35.092+0000] {processor.py:161} INFO - Started process (PID=694) to work on /usr/local/lib/python3.11/site-packages/airflow/example_dags/example_sensors.py
[2025-12-27T15:10:35.094+0000] {processor.py:830} INFO - Processing file /usr/local/lib/python3.11/site-packages/airflow/example_dags/example_sensors.py for tasks to queue
[2025-12-27T15:10:35.096+0000] {logging_mixin.py:188} INFO - [2025-12-27T15:10:35.096+0000] {dagbag.py:545} INFO - Filling up the DagBag from /usr/local/lib/python3.11/site-packages/airflow/example_dags/example_sensors.py
[2025-12-27T15:10:35.108+0000] {processor.py:840} INFO - DAG(s) 'example_sensors' retrieved from /usr/local/lib/python3.11/site-packages/airflow/example_dags/example_sensors.py
[2025-12-27T15:10:35.158+0000] {logging_mixin.py:188} INFO - [2025-12-27T15:10:35.157+0000] {dag.py:3096} INFO - Sync 1 DAGs
[2025-12-27T15:10:35.178+0000] {logging_mixin.py:188} INFO - [2025-12-27T15:10:35.178+0000] {dag.py:3954} INFO - Setting next_dagrun for example_sensors to None, run_after=None
[2025-12-27T15:10:35.608+0000] {processor.py:183} INFO - Processing /usr/local/lib/python3.11/site-packages/airflow/example_dags/example_sensors.py took 0.531 seconds
[2025-12-27T15:12:19.489+0000] {processor.py:161} INFO - Started process (PID=760) to work on /usr/local/lib/python3.11/site-packages/airflow/example_dags/example_sensors.py
[2025-12-27T15:12:19.491+0000] {processor.py:830} INFO - Processing file /usr/local/lib/python3.11/site-packages/airflow/example_dags/example_sensors.py for tasks to queue
[2025-12-27T15:12:19.495+0000] {logging_mixin.py:188} INFO - [2025-12-27T15:12:19.494+0000] {dagbag.py:545} INFO - Filling up the DagBag from /usr/local/lib/python3.11/site-packages/airflow/example_dags/example_sensors.py
[2025-12-27T15:12:19.509+0000] {processor.py:840} INFO - DAG(s) 'example_sensors' retrieved from /usr/local/lib/python3.11/site-packages/airflow/example_dags/example_sensors.py
[2025-12-27T15:12:19.561+0000] {logging_mixin.py:188} INFO - [2025-12-27T15:12:19.560+0000] {dag.py:3096} INFO - Sync 1 DAGs
[2025-12-27T15:12:19.584+0000] {logging_mixin.py:188} INFO - [2025-12-27T15:12:19.584+0000] {dag.py:3954} INFO - Setting next_dagrun for example_sensors to None, run_after=None
[2025-12-27T15:12:19.870+0000] {processor.py:183} INFO - Processing /usr/local/lib/python3.11/site-packages/airflow/example_dags/example_sensors.py took 0.397 seconds
[2025-12-27T15:13:57.106+0000] {processor.py:161} INFO - Started process (PID=824) to work on /usr/local/lib/python3.11/site-packages/airflow/example_dags/example_sensors.py
[2025-12-27T15:13:57.107+0000] {processor.py:830} INFO - Processing file /usr/local/lib/python3.11/site-packages/airflow/example_dags/example_sensors.py for tasks to queue
[2025-12-27T15:13:57.109+0000] {logging_mixin.py:188} INFO - [2025-12-27T15:13:57.109+0000] {dagbag.py:545} INFO - Filling up the DagBag from /usr/local/lib/python3.11/site-packages/airflow/example_dags/example_sensors.py
[2025-12-27T15:13:57.121+0000] {processor.py:840} INFO - DAG(s) 'example_sensors' retrieved from /usr/local/lib/python3.11/site-packages/airflow/example_dags/example_sensors.py
[2025-12-27T15:13:57.163+0000] {logging_mixin.py:188} INFO - [2025-12-27T15:13:57.163+0000] {dag.py:3096} INFO - Sync 1 DAGs
[2025-12-27T15:13:57.182+0000] {logging_mixin.py:188} INFO - [2025-12-27T15:13:57.182+0000] {dag.py:3954} INFO - Setting next_dagrun for example_sensors to None, run_after=None
[2025-12-27T15:13:57.446+0000] {processor.py:183} INFO - Processing /usr/local/lib/python3.11/site-packages/airflow/example_dags/example_sensors.py took 0.355 seconds
[2025-12-27T15:15:42.693+0000] {processor.py:161} INFO - Started process (PID=891) to work on /usr/local/lib/python3.11/site-packages/airflow/example_dags/example_sensors.py
[2025-12-27T15:15:42.696+0000] {processor.py:830} INFO - Processing file /usr/local/lib/python3.11/site-packages/airflow/example_dags/example_sensors.py for tasks to queue
[2025-12-27T15:15:42.699+0000] {logging_mixin.py:188} INFO - [2025-12-27T15:15:42.698+0000] {dagbag.py:545} INFO - Filling up the DagBag from /usr/local/lib/python3.11/site-packages/airflow/example_dags/example_sensors.py
[2025-12-27T15:15:42.718+0000] {processor.py:840} INFO - DAG(s) 'example_sensors' retrieved from /usr/local/lib/python3.11/site-packages/airflow/example_dags/example_sensors.py
[2025-12-27T15:15:42.762+0000] {logging_mixin.py:188} INFO - [2025-12-27T15:15:42.762+0000] {dag.py:3096} INFO - Sync 1 DAGs
[2025-12-27T15:15:42.781+0000] {logging_mixin.py:188} INFO - [2025-12-27T15:15:42.781+0000] {dag.py:3954} INFO - Setting next_dagrun for example_sensors to None, run_after=None
[2025-12-27T15:15:42.969+0000] {processor.py:183} INFO - Processing /usr/local/lib/python3.11/site-packages/airflow/example_dags/example_sensors.py took 0.297 seconds
[2025-12-27T15:17:26.472+0000] {processor.py:161} INFO - Started process (PID=955) to work on /usr/local/lib/python3.11/site-packages/airflow/example_dags/example_sensors.py
[2025-12-27T15:17:26.473+0000] {processor.py:830} INFO - Processing file /usr/local/lib/python3.11/site-packages/airflow/example_dags/example_sensors.py for tasks to queue
[2025-12-27T15:17:26.476+0000] {logging_mixin.py:188} INFO - [2025-12-27T15:17:26.475+0000] {dagbag.py:545} INFO - Filling up the DagBag from /usr/local/lib/python3.11/site-packages/airflow/example_dags/example_sensors.py
[2025-12-27T15:17:26.492+0000] {processor.py:840} INFO - DAG(s) 'example_sensors' retrieved from /usr/local/lib/python3.11/site-packages/airflow/example_dags/example_sensors.py
[2025-12-27T15:17:26.533+0000] {logging_mixin.py:188} INFO - [2025-12-27T15:17:26.533+0000] {dag.py:3096} INFO - Sync 1 DAGs
[2025-12-27T15:17:26.552+0000] {logging_mixin.py:188} INFO - [2025-12-27T15:17:26.552+0000] {dag.py:3954} INFO - Setting next_dagrun for example_sensors to None, run_after=None
[2025-12-27T15:17:26.752+0000] {processor.py:183} INFO - Processing /usr/local/lib/python3.11/site-packages/airflow/example_dags/example_sensors.py took 0.296 seconds
[2025-12-27T15:19:13.602+0000] {processor.py:161} INFO - Started process (PID=1022) to work on /usr/local/lib/python3.11/site-packages/airflow/example_dags/example_sensors.py
[2025-12-27T15:19:13.604+0000] {processor.py:830} INFO - Processing file /usr/local/lib/python3.11/site-packages/airflow/example_dags/example_sensors.py for tasks to queue
[2025-12-27T15:19:13.609+0000] {logging_mixin.py:188} INFO - [2025-12-27T15:19:13.608+0000] {dagbag.py:545} INFO - Filling up the DagBag from /usr/local/lib/python3.11/site-packages/airflow/example_dags/example_sensors.py
[2025-12-27T15:19:13.623+0000] {processor.py:840} INFO - DAG(s) 'example_sensors' retrieved from /usr/local/lib/python3.11/site-packages/airflow/example_dags/example_sensors.py
[2025-12-27T15:19:13.675+0000] {logging_mixin.py:188} INFO - [2025-12-27T15:19:13.674+0000] {dag.py:3096} INFO - Sync 1 DAGs
[2025-12-27T15:19:13.702+0000] {logging_mixin.py:188} INFO - [2025-12-27T15:19:13.702+0000] {dag.py:3954} INFO - Setting next_dagrun for example_sensors to None, run_after=None
[2025-12-27T15:19:13.924+0000] {processor.py:183} INFO - Processing /usr/local/lib/python3.11/site-packages/airflow/example_dags/example_sensors.py took 0.351 seconds
[2025-12-27T15:31:12.182+0000] {processor.py:161} INFO - Started process (PID=52) to work on /usr/local/lib/python3.11/site-packages/airflow/example_dags/example_sensors.py
[2025-12-27T15:31:12.183+0000] {processor.py:830} INFO - Processing file /usr/local/lib/python3.11/site-packages/airflow/example_dags/example_sensors.py for tasks to queue
[2025-12-27T15:31:12.186+0000] {logging_mixin.py:188} INFO - [2025-12-27T15:31:12.185+0000] {dagbag.py:545} INFO - Filling up the DagBag from /usr/local/lib/python3.11/site-packages/airflow/example_dags/example_sensors.py
[2025-12-27T15:31:12.200+0000] {processor.py:840} INFO - DAG(s) 'example_sensors' retrieved from /usr/local/lib/python3.11/site-packages/airflow/example_dags/example_sensors.py
[2025-12-27T15:31:12.373+0000] {logging_mixin.py:188} INFO - [2025-12-27T15:31:12.372+0000] {dag.py:3096} INFO - Sync 1 DAGs
[2025-12-27T15:31:12.396+0000] {logging_mixin.py:188} INFO - [2025-12-27T15:31:12.396+0000] {dag.py:3954} INFO - Setting next_dagrun for example_sensors to None, run_after=None
[2025-12-27T15:31:12.976+0000] {processor.py:183} INFO - Processing /usr/local/lib/python3.11/site-packages/airflow/example_dags/example_sensors.py took 0.812 seconds
[2025-12-27T15:32:46.142+0000] {processor.py:161} INFO - Started process (PID=104) to work on /usr/local/lib/python3.11/site-packages/airflow/example_dags/example_sensors.py
[2025-12-27T15:32:46.143+0000] {processor.py:830} INFO - Processing file /usr/local/lib/python3.11/site-packages/airflow/example_dags/example_sensors.py for tasks to queue
[2025-12-27T15:32:46.146+0000] {logging_mixin.py:188} INFO - [2025-12-27T15:32:46.145+0000] {dagbag.py:545} INFO - Filling up the DagBag from /usr/local/lib/python3.11/site-packages/airflow/example_dags/example_sensors.py
[2025-12-27T15:32:46.156+0000] {processor.py:840} INFO - DAG(s) 'example_sensors' retrieved from /usr/local/lib/python3.11/site-packages/airflow/example_dags/example_sensors.py
[2025-12-27T15:32:46.194+0000] {logging_mixin.py:188} INFO - [2025-12-27T15:32:46.193+0000] {dag.py:3096} INFO - Sync 1 DAGs
[2025-12-27T15:32:46.211+0000] {logging_mixin.py:188} INFO - [2025-12-27T15:32:46.210+0000] {dag.py:3954} INFO - Setting next_dagrun for example_sensors to None, run_after=None
[2025-12-27T15:32:46.450+0000] {processor.py:183} INFO - Processing /usr/local/lib/python3.11/site-packages/airflow/example_dags/example_sensors.py took 0.321 seconds
[2025-12-27T15:34:24.281+0000] {processor.py:161} INFO - Started process (PID=169) to work on /usr/local/lib/python3.11/site-packages/airflow/example_dags/example_sensors.py
[2025-12-27T15:34:24.283+0000] {processor.py:830} INFO - Processing file /usr/local/lib/python3.11/site-packages/airflow/example_dags/example_sensors.py for tasks to queue
[2025-12-27T15:34:24.287+0000] {logging_mixin.py:188} INFO - [2025-12-27T15:34:24.287+0000] {dagbag.py:545} INFO - Filling up the DagBag from /usr/local/lib/python3.11/site-packages/airflow/example_dags/example_sensors.py
[2025-12-27T15:34:24.307+0000] {processor.py:840} INFO - DAG(s) 'example_sensors' retrieved from /usr/local/lib/python3.11/site-packages/airflow/example_dags/example_sensors.py
[2025-12-27T15:34:24.369+0000] {logging_mixin.py:188} INFO - [2025-12-27T15:34:24.368+0000] {dag.py:3096} INFO - Sync 1 DAGs
[2025-12-27T15:34:24.582+0000] {logging_mixin.py:188} INFO - [2025-12-27T15:34:24.582+0000] {dag.py:3954} INFO - Setting next_dagrun for example_sensors to None, run_after=None
[2025-12-27T15:34:24.836+0000] {processor.py:183} INFO - Processing /usr/local/lib/python3.11/site-packages/airflow/example_dags/example_sensors.py took 0.574 seconds
[2025-12-27T15:35:54.687+0000] {processor.py:161} INFO - Started process (PID=232) to work on /usr/local/lib/python3.11/site-packages/airflow/example_dags/example_sensors.py
[2025-12-27T15:35:54.688+0000] {processor.py:830} INFO - Processing file /usr/local/lib/python3.11/site-packages/airflow/example_dags/example_sensors.py for tasks to queue
[2025-12-27T15:35:54.691+0000] {logging_mixin.py:188} INFO - [2025-12-27T15:35:54.690+0000] {dagbag.py:545} INFO - Filling up the DagBag from /usr/local/lib/python3.11/site-packages/airflow/example_dags/example_sensors.py
[2025-12-27T15:35:54.702+0000] {processor.py:840} INFO - DAG(s) 'example_sensors' retrieved from /usr/local/lib/python3.11/site-packages/airflow/example_dags/example_sensors.py
[2025-12-27T15:35:54.741+0000] {logging_mixin.py:188} INFO - [2025-12-27T15:35:54.740+0000] {dag.py:3096} INFO - Sync 1 DAGs
[2025-12-27T15:35:54.759+0000] {logging_mixin.py:188} INFO - [2025-12-27T15:35:54.759+0000] {dag.py:3954} INFO - Setting next_dagrun for example_sensors to None, run_after=None
[2025-12-27T15:35:55.023+0000] {processor.py:183} INFO - Processing /usr/local/lib/python3.11/site-packages/airflow/example_dags/example_sensors.py took 0.353 seconds
[2025-12-27T15:37:33.163+0000] {processor.py:161} INFO - Started process (PID=296) to work on /usr/local/lib/python3.11/site-packages/airflow/example_dags/example_sensors.py
[2025-12-27T15:37:33.164+0000] {processor.py:830} INFO - Processing file /usr/local/lib/python3.11/site-packages/airflow/example_dags/example_sensors.py for tasks to queue
[2025-12-27T15:37:33.167+0000] {logging_mixin.py:188} INFO - [2025-12-27T15:37:33.166+0000] {dagbag.py:545} INFO - Filling up the DagBag from /usr/local/lib/python3.11/site-packages/airflow/example_dags/example_sensors.py
[2025-12-27T15:37:33.183+0000] {processor.py:840} INFO - DAG(s) 'example_sensors' retrieved from /usr/local/lib/python3.11/site-packages/airflow/example_dags/example_sensors.py
[2025-12-27T15:37:33.216+0000] {logging_mixin.py:188} INFO - [2025-12-27T15:37:33.216+0000] {dag.py:3096} INFO - Sync 1 DAGs
[2025-12-27T15:37:33.233+0000] {logging_mixin.py:188} INFO - [2025-12-27T15:37:33.232+0000] {dag.py:3954} INFO - Setting next_dagrun for example_sensors to None, run_after=None
[2025-12-27T15:37:33.405+0000] {processor.py:183} INFO - Processing /usr/local/lib/python3.11/site-packages/airflow/example_dags/example_sensors.py took 0.262 seconds
[2025-12-27T15:39:04.360+0000] {processor.py:161} INFO - Started process (PID=358) to work on /usr/local/lib/python3.11/site-packages/airflow/example_dags/example_sensors.py
[2025-12-27T15:39:04.364+0000] {processor.py:830} INFO - Processing file /usr/local/lib/python3.11/site-packages/airflow/example_dags/example_sensors.py for tasks to queue
[2025-12-27T15:39:04.368+0000] {logging_mixin.py:188} INFO - [2025-12-27T15:39:04.367+0000] {dagbag.py:545} INFO - Filling up the DagBag from /usr/local/lib/python3.11/site-packages/airflow/example_dags/example_sensors.py
[2025-12-27T15:39:04.381+0000] {processor.py:840} INFO - DAG(s) 'example_sensors' retrieved from /usr/local/lib/python3.11/site-packages/airflow/example_dags/example_sensors.py
[2025-12-27T15:39:04.435+0000] {logging_mixin.py:188} INFO - [2025-12-27T15:39:04.434+0000] {dag.py:3096} INFO - Sync 1 DAGs
[2025-12-27T15:39:04.454+0000] {logging_mixin.py:188} INFO - [2025-12-27T15:39:04.453+0000] {dag.py:3954} INFO - Setting next_dagrun for example_sensors to None, run_after=None
[2025-12-27T15:39:04.671+0000] {processor.py:183} INFO - Processing /usr/local/lib/python3.11/site-packages/airflow/example_dags/example_sensors.py took 0.329 seconds
[2025-12-27T15:40:50.425+0000] {processor.py:161} INFO - Started process (PID=423) to work on /usr/local/lib/python3.11/site-packages/airflow/example_dags/example_sensors.py
[2025-12-27T15:40:50.427+0000] {processor.py:830} INFO - Processing file /usr/local/lib/python3.11/site-packages/airflow/example_dags/example_sensors.py for tasks to queue
[2025-12-27T15:40:50.430+0000] {logging_mixin.py:188} INFO - [2025-12-27T15:40:50.429+0000] {dagbag.py:545} INFO - Filling up the DagBag from /usr/local/lib/python3.11/site-packages/airflow/example_dags/example_sensors.py
[2025-12-27T15:40:50.446+0000] {processor.py:840} INFO - DAG(s) 'example_sensors' retrieved from /usr/local/lib/python3.11/site-packages/airflow/example_dags/example_sensors.py
[2025-12-27T15:40:50.487+0000] {logging_mixin.py:188} INFO - [2025-12-27T15:40:50.487+0000] {dag.py:3096} INFO - Sync 1 DAGs
[2025-12-27T15:40:50.506+0000] {logging_mixin.py:188} INFO - [2025-12-27T15:40:50.506+0000] {dag.py:3954} INFO - Setting next_dagrun for example_sensors to None, run_after=None
[2025-12-27T15:40:50.713+0000] {processor.py:183} INFO - Processing /usr/local/lib/python3.11/site-packages/airflow/example_dags/example_sensors.py took 0.308 seconds
[2025-12-27T15:44:11.073+0000] {processor.py:161} INFO - Started process (PID=56) to work on /usr/local/lib/python3.11/site-packages/airflow/example_dags/example_sensors.py
[2025-12-27T15:44:11.075+0000] {processor.py:830} INFO - Processing file /usr/local/lib/python3.11/site-packages/airflow/example_dags/example_sensors.py for tasks to queue
[2025-12-27T15:44:11.077+0000] {logging_mixin.py:188} INFO - [2025-12-27T15:44:11.076+0000] {dagbag.py:545} INFO - Filling up the DagBag from /usr/local/lib/python3.11/site-packages/airflow/example_dags/example_sensors.py
[2025-12-27T15:44:11.092+0000] {processor.py:840} INFO - DAG(s) 'example_sensors' retrieved from /usr/local/lib/python3.11/site-packages/airflow/example_dags/example_sensors.py
[2025-12-27T15:44:11.262+0000] {logging_mixin.py:188} INFO - [2025-12-27T15:44:11.262+0000] {dag.py:3096} INFO - Sync 1 DAGs
[2025-12-27T15:44:11.281+0000] {logging_mixin.py:188} INFO - [2025-12-27T15:44:11.280+0000] {dag.py:3954} INFO - Setting next_dagrun for example_sensors to None, run_after=None
[2025-12-27T15:44:11.521+0000] {processor.py:183} INFO - Processing /usr/local/lib/python3.11/site-packages/airflow/example_dags/example_sensors.py took 0.468 seconds
[2025-12-27T15:45:30.560+0000] {processor.py:161} INFO - Started process (PID=108) to work on /usr/local/lib/python3.11/site-packages/airflow/example_dags/example_sensors.py
[2025-12-27T15:45:30.561+0000] {processor.py:830} INFO - Processing file /usr/local/lib/python3.11/site-packages/airflow/example_dags/example_sensors.py for tasks to queue
[2025-12-27T15:45:30.564+0000] {logging_mixin.py:188} INFO - [2025-12-27T15:45:30.563+0000] {dagbag.py:545} INFO - Filling up the DagBag from /usr/local/lib/python3.11/site-packages/airflow/example_dags/example_sensors.py
[2025-12-27T15:45:30.575+0000] {processor.py:840} INFO - DAG(s) 'example_sensors' retrieved from /usr/local/lib/python3.11/site-packages/airflow/example_dags/example_sensors.py
[2025-12-27T15:45:30.614+0000] {logging_mixin.py:188} INFO - [2025-12-27T15:45:30.613+0000] {dag.py:3096} INFO - Sync 1 DAGs
[2025-12-27T15:45:30.631+0000] {logging_mixin.py:188} INFO - [2025-12-27T15:45:30.631+0000] {dag.py:3954} INFO - Setting next_dagrun for example_sensors to None, run_after=None
[2025-12-27T15:45:30.839+0000] {processor.py:183} INFO - Processing /usr/local/lib/python3.11/site-packages/airflow/example_dags/example_sensors.py took 0.291 seconds
[2025-12-27T15:47:12.235+0000] {processor.py:161} INFO - Started process (PID=197) to work on /usr/local/lib/python3.11/site-packages/airflow/example_dags/example_sensors.py
[2025-12-27T15:47:12.236+0000] {processor.py:830} INFO - Processing file /usr/local/lib/python3.11/site-packages/airflow/example_dags/example_sensors.py for tasks to queue
[2025-12-27T15:47:12.245+0000] {logging_mixin.py:188} INFO - [2025-12-27T15:47:12.245+0000] {dagbag.py:545} INFO - Filling up the DagBag from /usr/local/lib/python3.11/site-packages/airflow/example_dags/example_sensors.py
[2025-12-27T15:47:12.266+0000] {processor.py:840} INFO - DAG(s) 'example_sensors' retrieved from /usr/local/lib/python3.11/site-packages/airflow/example_dags/example_sensors.py
[2025-12-27T15:47:12.328+0000] {logging_mixin.py:188} INFO - [2025-12-27T15:47:12.328+0000] {dag.py:3096} INFO - Sync 1 DAGs
[2025-12-27T15:47:12.357+0000] {logging_mixin.py:188} INFO - [2025-12-27T15:47:12.356+0000] {dag.py:3954} INFO - Setting next_dagrun for example_sensors to None, run_after=None
[2025-12-27T15:47:12.795+0000] {processor.py:183} INFO - Processing /usr/local/lib/python3.11/site-packages/airflow/example_dags/example_sensors.py took 0.582 seconds
[2025-12-27T15:48:47.822+0000] {processor.py:161} INFO - Started process (PID=272) to work on /usr/local/lib/python3.11/site-packages/airflow/example_dags/example_sensors.py
[2025-12-27T15:48:47.823+0000] {processor.py:830} INFO - Processing file /usr/local/lib/python3.11/site-packages/airflow/example_dags/example_sensors.py for tasks to queue
[2025-12-27T15:48:47.826+0000] {logging_mixin.py:188} INFO - [2025-12-27T15:48:47.825+0000] {dagbag.py:545} INFO - Filling up the DagBag from /usr/local/lib/python3.11/site-packages/airflow/example_dags/example_sensors.py
[2025-12-27T15:48:47.837+0000] {processor.py:840} INFO - DAG(s) 'example_sensors' retrieved from /usr/local/lib/python3.11/site-packages/airflow/example_dags/example_sensors.py
[2025-12-27T15:48:47.877+0000] {logging_mixin.py:188} INFO - [2025-12-27T15:48:47.877+0000] {dag.py:3096} INFO - Sync 1 DAGs
[2025-12-27T15:48:47.895+0000] {logging_mixin.py:188} INFO - [2025-12-27T15:48:47.895+0000] {dag.py:3954} INFO - Setting next_dagrun for example_sensors to None, run_after=None
[2025-12-27T15:48:48.119+0000] {processor.py:183} INFO - Processing /usr/local/lib/python3.11/site-packages/airflow/example_dags/example_sensors.py took 0.310 seconds
[2025-12-27T15:50:22.770+0000] {processor.py:161} INFO - Started process (PID=338) to work on /usr/local/lib/python3.11/site-packages/airflow/example_dags/example_sensors.py
[2025-12-27T15:50:22.772+0000] {processor.py:830} INFO - Processing file /usr/local/lib/python3.11/site-packages/airflow/example_dags/example_sensors.py for tasks to queue
[2025-12-27T15:50:22.775+0000] {logging_mixin.py:188} INFO - [2025-12-27T15:50:22.774+0000] {dagbag.py:545} INFO - Filling up the DagBag from /usr/local/lib/python3.11/site-packages/airflow/example_dags/example_sensors.py
[2025-12-27T15:50:22.926+0000] {processor.py:840} INFO - DAG(s) 'example_sensors' retrieved from /usr/local/lib/python3.11/site-packages/airflow/example_dags/example_sensors.py
[2025-12-27T15:50:22.996+0000] {logging_mixin.py:188} INFO - [2025-12-27T15:50:22.996+0000] {dag.py:3096} INFO - Sync 1 DAGs
[2025-12-27T15:50:23.010+0000] {logging_mixin.py:188} INFO - [2025-12-27T15:50:23.010+0000] {dag.py:3954} INFO - Setting next_dagrun for example_sensors to None, run_after=None
[2025-12-27T15:50:23.161+0000] {processor.py:183} INFO - Processing /usr/local/lib/python3.11/site-packages/airflow/example_dags/example_sensors.py took 0.405 seconds
[2025-12-27T15:51:54.222+0000] {processor.py:161} INFO - Started process (PID=414) to work on /usr/local/lib/python3.11/site-packages/airflow/example_dags/example_sensors.py
[2025-12-27T15:51:54.223+0000] {processor.py:830} INFO - Processing file /usr/local/lib/python3.11/site-packages/airflow/example_dags/example_sensors.py for tasks to queue
[2025-12-27T15:51:54.225+0000] {logging_mixin.py:188} INFO - [2025-12-27T15:51:54.225+0000] {dagbag.py:545} INFO - Filling up the DagBag from /usr/local/lib/python3.11/site-packages/airflow/example_dags/example_sensors.py
[2025-12-27T15:51:54.244+0000] {processor.py:840} INFO - DAG(s) 'example_sensors' retrieved from /usr/local/lib/python3.11/site-packages/airflow/example_dags/example_sensors.py
[2025-12-27T15:51:54.295+0000] {logging_mixin.py:188} INFO - [2025-12-27T15:51:54.295+0000] {dag.py:3096} INFO - Sync 1 DAGs
[2025-12-27T15:51:54.316+0000] {logging_mixin.py:188} INFO - [2025-12-27T15:51:54.316+0000] {dag.py:3954} INFO - Setting next_dagrun for example_sensors to None, run_after=None
[2025-12-27T15:51:54.594+0000] {processor.py:183} INFO - Processing /usr/local/lib/python3.11/site-packages/airflow/example_dags/example_sensors.py took 0.386 seconds
[2025-12-27T15:53:25.941+0000] {processor.py:161} INFO - Started process (PID=495) to work on /usr/local/lib/python3.11/site-packages/airflow/example_dags/example_sensors.py
[2025-12-27T15:53:25.943+0000] {processor.py:830} INFO - Processing file /usr/local/lib/python3.11/site-packages/airflow/example_dags/example_sensors.py for tasks to queue
[2025-12-27T15:53:25.948+0000] {logging_mixin.py:188} INFO - [2025-12-27T15:53:25.947+0000] {dagbag.py:545} INFO - Filling up the DagBag from /usr/local/lib/python3.11/site-packages/airflow/example_dags/example_sensors.py
[2025-12-27T15:53:25.965+0000] {processor.py:840} INFO - DAG(s) 'example_sensors' retrieved from /usr/local/lib/python3.11/site-packages/airflow/example_dags/example_sensors.py
[2025-12-27T15:53:26.058+0000] {logging_mixin.py:188} INFO - [2025-12-27T15:53:26.058+0000] {dag.py:3096} INFO - Sync 1 DAGs
[2025-12-27T15:53:26.111+0000] {logging_mixin.py:188} INFO - [2025-12-27T15:53:26.111+0000] {dag.py:3954} INFO - Setting next_dagrun for example_sensors to None, run_after=None
[2025-12-27T15:53:26.312+0000] {processor.py:183} INFO - Processing /usr/local/lib/python3.11/site-packages/airflow/example_dags/example_sensors.py took 0.395 seconds
[2025-12-27T15:54:58.013+0000] {processor.py:161} INFO - Started process (PID=565) to work on /usr/local/lib/python3.11/site-packages/airflow/example_dags/example_sensors.py
[2025-12-27T15:54:58.014+0000] {processor.py:830} INFO - Processing file /usr/local/lib/python3.11/site-packages/airflow/example_dags/example_sensors.py for tasks to queue
[2025-12-27T15:54:58.017+0000] {logging_mixin.py:188} INFO - [2025-12-27T15:54:58.016+0000] {dagbag.py:545} INFO - Filling up the DagBag from /usr/local/lib/python3.11/site-packages/airflow/example_dags/example_sensors.py
[2025-12-27T15:54:58.030+0000] {processor.py:840} INFO - DAG(s) 'example_sensors' retrieved from /usr/local/lib/python3.11/site-packages/airflow/example_dags/example_sensors.py
[2025-12-27T15:54:58.081+0000] {logging_mixin.py:188} INFO - [2025-12-27T15:54:58.081+0000] {dag.py:3096} INFO - Sync 1 DAGs
[2025-12-27T15:54:58.101+0000] {logging_mixin.py:188} INFO - [2025-12-27T15:54:58.100+0000] {dag.py:3954} INFO - Setting next_dagrun for example_sensors to None, run_after=None
[2025-12-27T15:54:58.313+0000] {processor.py:183} INFO - Processing /usr/local/lib/python3.11/site-packages/airflow/example_dags/example_sensors.py took 0.316 seconds
[2025-12-27T15:56:32.110+0000] {processor.py:161} INFO - Started process (PID=635) to work on /usr/local/lib/python3.11/site-packages/airflow/example_dags/example_sensors.py
[2025-12-27T15:56:32.112+0000] {processor.py:830} INFO - Processing file /usr/local/lib/python3.11/site-packages/airflow/example_dags/example_sensors.py for tasks to queue
[2025-12-27T15:56:32.115+0000] {logging_mixin.py:188} INFO - [2025-12-27T15:56:32.114+0000] {dagbag.py:545} INFO - Filling up the DagBag from /usr/local/lib/python3.11/site-packages/airflow/example_dags/example_sensors.py
[2025-12-27T15:56:32.131+0000] {processor.py:840} INFO - DAG(s) 'example_sensors' retrieved from /usr/local/lib/python3.11/site-packages/airflow/example_dags/example_sensors.py
[2025-12-27T15:56:32.172+0000] {logging_mixin.py:188} INFO - [2025-12-27T15:56:32.172+0000] {dag.py:3096} INFO - Sync 1 DAGs
[2025-12-27T15:56:32.190+0000] {logging_mixin.py:188} INFO - [2025-12-27T15:56:32.189+0000] {dag.py:3954} INFO - Setting next_dagrun for example_sensors to None, run_after=None
[2025-12-27T15:56:32.372+0000] {processor.py:183} INFO - Processing /usr/local/lib/python3.11/site-packages/airflow/example_dags/example_sensors.py took 0.278 seconds
[2025-12-27T15:58:01.884+0000] {processor.py:161} INFO - Started process (PID=697) to work on /usr/local/lib/python3.11/site-packages/airflow/example_dags/example_sensors.py
[2025-12-27T15:58:01.885+0000] {processor.py:830} INFO - Processing file /usr/local/lib/python3.11/site-packages/airflow/example_dags/example_sensors.py for tasks to queue
[2025-12-27T15:58:01.888+0000] {logging_mixin.py:188} INFO - [2025-12-27T15:58:01.888+0000] {dagbag.py:545} INFO - Filling up the DagBag from /usr/local/lib/python3.11/site-packages/airflow/example_dags/example_sensors.py
[2025-12-27T15:58:01.899+0000] {processor.py:840} INFO - DAG(s) 'example_sensors' retrieved from /usr/local/lib/python3.11/site-packages/airflow/example_dags/example_sensors.py
[2025-12-27T15:58:01.940+0000] {logging_mixin.py:188} INFO - [2025-12-27T15:58:01.940+0000] {dag.py:3096} INFO - Sync 1 DAGs
[2025-12-27T15:58:01.962+0000] {logging_mixin.py:188} INFO - [2025-12-27T15:58:01.962+0000] {dag.py:3954} INFO - Setting next_dagrun for example_sensors to None, run_after=None
[2025-12-27T15:58:02.135+0000] {processor.py:183} INFO - Processing /usr/local/lib/python3.11/site-packages/airflow/example_dags/example_sensors.py took 0.264 seconds
[2025-12-27T15:59:45.140+0000] {processor.py:161} INFO - Started process (PID=760) to work on /usr/local/lib/python3.11/site-packages/airflow/example_dags/example_sensors.py
[2025-12-27T15:59:45.141+0000] {processor.py:830} INFO - Processing file /usr/local/lib/python3.11/site-packages/airflow/example_dags/example_sensors.py for tasks to queue
[2025-12-27T15:59:45.143+0000] {logging_mixin.py:188} INFO - [2025-12-27T15:59:45.143+0000] {dagbag.py:545} INFO - Filling up the DagBag from /usr/local/lib/python3.11/site-packages/airflow/example_dags/example_sensors.py
[2025-12-27T15:59:45.155+0000] {processor.py:840} INFO - DAG(s) 'example_sensors' retrieved from /usr/local/lib/python3.11/site-packages/airflow/example_dags/example_sensors.py
[2025-12-27T15:59:45.198+0000] {logging_mixin.py:188} INFO - [2025-12-27T15:59:45.197+0000] {dag.py:3096} INFO - Sync 1 DAGs
[2025-12-27T15:59:45.216+0000] {logging_mixin.py:188} INFO - [2025-12-27T15:59:45.216+0000] {dag.py:3954} INFO - Setting next_dagrun for example_sensors to None, run_after=None
[2025-12-27T15:59:45.410+0000] {processor.py:183} INFO - Processing /usr/local/lib/python3.11/site-packages/airflow/example_dags/example_sensors.py took 0.284 seconds
[2025-12-27T16:01:36.003+0000] {processor.py:161} INFO - Started process (PID=829) to work on /usr/local/lib/python3.11/site-packages/airflow/example_dags/example_sensors.py
[2025-12-27T16:01:36.005+0000] {processor.py:830} INFO - Processing file /usr/local/lib/python3.11/site-packages/airflow/example_dags/example_sensors.py for tasks to queue
[2025-12-27T16:01:36.008+0000] {logging_mixin.py:188} INFO - [2025-12-27T16:01:36.008+0000] {dagbag.py:545} INFO - Filling up the DagBag from /usr/local/lib/python3.11/site-packages/airflow/example_dags/example_sensors.py
[2025-12-27T16:01:36.026+0000] {processor.py:840} INFO - DAG(s) 'example_sensors' retrieved from /usr/local/lib/python3.11/site-packages/airflow/example_dags/example_sensors.py
[2025-12-27T16:01:36.081+0000] {logging_mixin.py:188} INFO - [2025-12-27T16:01:36.081+0000] {dag.py:3096} INFO - Sync 1 DAGs
[2025-12-27T16:01:36.101+0000] {logging_mixin.py:188} INFO - [2025-12-27T16:01:36.101+0000] {dag.py:3954} INFO - Setting next_dagrun for example_sensors to None, run_after=None
[2025-12-27T16:01:36.282+0000] {processor.py:183} INFO - Processing /usr/local/lib/python3.11/site-packages/airflow/example_dags/example_sensors.py took 0.298 seconds
[2025-12-27T20:53:53.624+0000] {processor.py:161} INFO - Started process (PID=52) to work on /usr/local/lib/python3.11/site-packages/airflow/example_dags/example_sensors.py
[2025-12-27T20:53:53.645+0000] {processor.py:830} INFO - Processing file /usr/local/lib/python3.11/site-packages/airflow/example_dags/example_sensors.py for tasks to queue
[2025-12-27T20:53:53.647+0000] {logging_mixin.py:188} INFO - [2025-12-27T20:53:53.647+0000] {dagbag.py:545} INFO - Filling up the DagBag from /usr/local/lib/python3.11/site-packages/airflow/example_dags/example_sensors.py
[2025-12-27T20:53:53.662+0000] {processor.py:840} INFO - DAG(s) 'example_sensors' retrieved from /usr/local/lib/python3.11/site-packages/airflow/example_dags/example_sensors.py
[2025-12-27T20:53:53.904+0000] {logging_mixin.py:188} INFO - [2025-12-27T20:53:53.904+0000] {dag.py:3096} INFO - Sync 1 DAGs
[2025-12-27T20:53:53.921+0000] {logging_mixin.py:188} INFO - [2025-12-27T20:53:53.921+0000] {dag.py:3954} INFO - Setting next_dagrun for example_sensors to None, run_after=None
[2025-12-27T20:53:54.271+0000] {processor.py:183} INFO - Processing /usr/local/lib/python3.11/site-packages/airflow/example_dags/example_sensors.py took 0.668 seconds
[2025-12-27T20:55:48.480+0000] {processor.py:161} INFO - Started process (PID=57) to work on /usr/local/lib/python3.11/site-packages/airflow/example_dags/example_sensors.py
[2025-12-27T20:55:48.481+0000] {processor.py:830} INFO - Processing file /usr/local/lib/python3.11/site-packages/airflow/example_dags/example_sensors.py for tasks to queue
[2025-12-27T20:55:48.483+0000] {logging_mixin.py:188} INFO - [2025-12-27T20:55:48.483+0000] {dagbag.py:545} INFO - Filling up the DagBag from /usr/local/lib/python3.11/site-packages/airflow/example_dags/example_sensors.py
[2025-12-27T20:55:48.495+0000] {processor.py:840} INFO - DAG(s) 'example_sensors' retrieved from /usr/local/lib/python3.11/site-packages/airflow/example_dags/example_sensors.py
[2025-12-27T20:55:48.685+0000] {logging_mixin.py:188} INFO - [2025-12-27T20:55:48.685+0000] {dag.py:3096} INFO - Sync 1 DAGs
[2025-12-27T20:55:48.700+0000] {logging_mixin.py:188} INFO - [2025-12-27T20:55:48.700+0000] {dag.py:3954} INFO - Setting next_dagrun for example_sensors to None, run_after=None
[2025-12-27T20:55:49.025+0000] {processor.py:183} INFO - Processing /usr/local/lib/python3.11/site-packages/airflow/example_dags/example_sensors.py took 0.558 seconds
[2025-12-27T20:57:36.135+0000] {processor.py:161} INFO - Started process (PID=53) to work on /usr/local/lib/python3.11/site-packages/airflow/example_dags/example_sensors.py
[2025-12-27T20:57:36.138+0000] {processor.py:830} INFO - Processing file /usr/local/lib/python3.11/site-packages/airflow/example_dags/example_sensors.py for tasks to queue
[2025-12-27T20:57:36.142+0000] {logging_mixin.py:188} INFO - [2025-12-27T20:57:36.141+0000] {dagbag.py:545} INFO - Filling up the DagBag from /usr/local/lib/python3.11/site-packages/airflow/example_dags/example_sensors.py
[2025-12-27T20:57:36.182+0000] {processor.py:840} INFO - DAG(s) 'example_sensors' retrieved from /usr/local/lib/python3.11/site-packages/airflow/example_dags/example_sensors.py
[2025-12-27T20:57:36.471+0000] {logging_mixin.py:188} INFO - [2025-12-27T20:57:36.471+0000] {dag.py:3096} INFO - Sync 1 DAGs
[2025-12-27T20:57:36.493+0000] {logging_mixin.py:188} INFO - [2025-12-27T20:57:36.493+0000] {dag.py:3954} INFO - Setting next_dagrun for example_sensors to None, run_after=None
[2025-12-27T20:57:36.821+0000] {processor.py:183} INFO - Processing /usr/local/lib/python3.11/site-packages/airflow/example_dags/example_sensors.py took 0.710 seconds
[2025-12-27T21:00:16.420+0000] {processor.py:161} INFO - Started process (PID=57) to work on /usr/local/lib/python3.11/site-packages/airflow/example_dags/example_sensors.py
[2025-12-27T21:00:16.422+0000] {processor.py:830} INFO - Processing file /usr/local/lib/python3.11/site-packages/airflow/example_dags/example_sensors.py for tasks to queue
[2025-12-27T21:00:16.424+0000] {logging_mixin.py:188} INFO - [2025-12-27T21:00:16.424+0000] {dagbag.py:545} INFO - Filling up the DagBag from /usr/local/lib/python3.11/site-packages/airflow/example_dags/example_sensors.py
[2025-12-27T21:00:16.437+0000] {processor.py:840} INFO - DAG(s) 'example_sensors' retrieved from /usr/local/lib/python3.11/site-packages/airflow/example_dags/example_sensors.py
[2025-12-27T21:00:16.657+0000] {logging_mixin.py:188} INFO - [2025-12-27T21:00:16.657+0000] {dag.py:3096} INFO - Sync 1 DAGs
[2025-12-27T21:00:16.671+0000] {logging_mixin.py:188} INFO - [2025-12-27T21:00:16.671+0000] {dag.py:3954} INFO - Setting next_dagrun for example_sensors to None, run_after=None
[2025-12-27T21:00:16.951+0000] {processor.py:183} INFO - Processing /usr/local/lib/python3.11/site-packages/airflow/example_dags/example_sensors.py took 0.543 seconds
[2025-12-27T21:01:34.543+0000] {processor.py:161} INFO - Started process (PID=109) to work on /usr/local/lib/python3.11/site-packages/airflow/example_dags/example_sensors.py
[2025-12-27T21:01:34.545+0000] {processor.py:830} INFO - Processing file /usr/local/lib/python3.11/site-packages/airflow/example_dags/example_sensors.py for tasks to queue
[2025-12-27T21:01:34.546+0000] {logging_mixin.py:188} INFO - [2025-12-27T21:01:34.546+0000] {dagbag.py:545} INFO - Filling up the DagBag from /usr/local/lib/python3.11/site-packages/airflow/example_dags/example_sensors.py
[2025-12-27T21:01:34.566+0000] {processor.py:840} INFO - DAG(s) 'example_sensors' retrieved from /usr/local/lib/python3.11/site-packages/airflow/example_dags/example_sensors.py
[2025-12-27T21:01:34.599+0000] {logging_mixin.py:188} INFO - [2025-12-27T21:01:34.599+0000] {dag.py:3096} INFO - Sync 1 DAGs
[2025-12-27T21:01:34.614+0000] {logging_mixin.py:188} INFO - [2025-12-27T21:01:34.614+0000] {dag.py:3954} INFO - Setting next_dagrun for example_sensors to None, run_after=None
[2025-12-27T21:01:34.802+0000] {processor.py:183} INFO - Processing /usr/local/lib/python3.11/site-packages/airflow/example_dags/example_sensors.py took 0.285 seconds
[2025-12-27T21:02:57.868+0000] {processor.py:161} INFO - Started process (PID=170) to work on /usr/local/lib/python3.11/site-packages/airflow/example_dags/example_sensors.py
[2025-12-27T21:02:57.869+0000] {processor.py:830} INFO - Processing file /usr/local/lib/python3.11/site-packages/airflow/example_dags/example_sensors.py for tasks to queue
[2025-12-27T21:02:57.871+0000] {logging_mixin.py:188} INFO - [2025-12-27T21:02:57.870+0000] {dagbag.py:545} INFO - Filling up the DagBag from /usr/local/lib/python3.11/site-packages/airflow/example_dags/example_sensors.py
[2025-12-27T21:02:57.883+0000] {processor.py:840} INFO - DAG(s) 'example_sensors' retrieved from /usr/local/lib/python3.11/site-packages/airflow/example_dags/example_sensors.py
[2025-12-27T21:02:57.931+0000] {logging_mixin.py:188} INFO - [2025-12-27T21:02:57.930+0000] {dag.py:3096} INFO - Sync 1 DAGs
[2025-12-27T21:02:57.954+0000] {logging_mixin.py:188} INFO - [2025-12-27T21:02:57.954+0000] {dag.py:3954} INFO - Setting next_dagrun for example_sensors to None, run_after=None
[2025-12-27T21:02:58.137+0000] {processor.py:183} INFO - Processing /usr/local/lib/python3.11/site-packages/airflow/example_dags/example_sensors.py took 0.282 seconds
[2025-12-27T21:04:23.986+0000] {processor.py:161} INFO - Started process (PID=230) to work on /usr/local/lib/python3.11/site-packages/airflow/example_dags/example_sensors.py
[2025-12-27T21:04:23.988+0000] {processor.py:830} INFO - Processing file /usr/local/lib/python3.11/site-packages/airflow/example_dags/example_sensors.py for tasks to queue
[2025-12-27T21:04:23.989+0000] {logging_mixin.py:188} INFO - [2025-12-27T21:04:23.989+0000] {dagbag.py:545} INFO - Filling up the DagBag from /usr/local/lib/python3.11/site-packages/airflow/example_dags/example_sensors.py
[2025-12-27T21:04:24.001+0000] {processor.py:840} INFO - DAG(s) 'example_sensors' retrieved from /usr/local/lib/python3.11/site-packages/airflow/example_dags/example_sensors.py
[2025-12-27T21:04:24.039+0000] {logging_mixin.py:188} INFO - [2025-12-27T21:04:24.038+0000] {dag.py:3096} INFO - Sync 1 DAGs
[2025-12-27T21:04:24.059+0000] {logging_mixin.py:188} INFO - [2025-12-27T21:04:24.058+0000] {dag.py:3954} INFO - Setting next_dagrun for example_sensors to None, run_after=None
[2025-12-27T21:04:24.351+0000] {processor.py:183} INFO - Processing /usr/local/lib/python3.11/site-packages/airflow/example_dags/example_sensors.py took 0.381 seconds
[2025-12-27T21:06:11.678+0000] {processor.py:161} INFO - Started process (PID=296) to work on /usr/local/lib/python3.11/site-packages/airflow/example_dags/example_sensors.py
[2025-12-27T21:06:11.679+0000] {processor.py:830} INFO - Processing file /usr/local/lib/python3.11/site-packages/airflow/example_dags/example_sensors.py for tasks to queue
[2025-12-27T21:06:11.681+0000] {logging_mixin.py:188} INFO - [2025-12-27T21:06:11.680+0000] {dagbag.py:545} INFO - Filling up the DagBag from /usr/local/lib/python3.11/site-packages/airflow/example_dags/example_sensors.py
[2025-12-27T21:06:11.817+0000] {processor.py:840} INFO - DAG(s) 'example_sensors' retrieved from /usr/local/lib/python3.11/site-packages/airflow/example_dags/example_sensors.py
[2025-12-27T21:06:11.867+0000] {logging_mixin.py:188} INFO - [2025-12-27T21:06:11.867+0000] {dag.py:3096} INFO - Sync 1 DAGs
[2025-12-27T21:06:11.886+0000] {logging_mixin.py:188} INFO - [2025-12-27T21:06:11.886+0000] {dag.py:3954} INFO - Setting next_dagrun for example_sensors to None, run_after=None
[2025-12-27T21:06:12.205+0000] {processor.py:183} INFO - Processing /usr/local/lib/python3.11/site-packages/airflow/example_dags/example_sensors.py took 0.552 seconds
[2025-12-27T21:19:44.695+0000] {processor.py:161} INFO - Started process (PID=52) to work on /usr/local/lib/python3.11/site-packages/airflow/example_dags/example_sensors.py
[2025-12-27T21:19:44.711+0000] {processor.py:830} INFO - Processing file /usr/local/lib/python3.11/site-packages/airflow/example_dags/example_sensors.py for tasks to queue
[2025-12-27T21:19:44.713+0000] {logging_mixin.py:188} INFO - [2025-12-27T21:19:44.712+0000] {dagbag.py:545} INFO - Filling up the DagBag from /usr/local/lib/python3.11/site-packages/airflow/example_dags/example_sensors.py
[2025-12-27T21:19:44.728+0000] {processor.py:840} INFO - DAG(s) 'example_sensors' retrieved from /usr/local/lib/python3.11/site-packages/airflow/example_dags/example_sensors.py
[2025-12-27T21:19:44.906+0000] {logging_mixin.py:188} INFO - [2025-12-27T21:19:44.905+0000] {dag.py:3096} INFO - Sync 1 DAGs
[2025-12-27T21:19:44.920+0000] {logging_mixin.py:188} INFO - [2025-12-27T21:19:44.920+0000] {dag.py:3954} INFO - Setting next_dagrun for example_sensors to None, run_after=None
[2025-12-27T21:19:45.224+0000] {processor.py:183} INFO - Processing /usr/local/lib/python3.11/site-packages/airflow/example_dags/example_sensors.py took 0.545 seconds
[2025-12-27T21:21:08.320+0000] {processor.py:161} INFO - Started process (PID=111) to work on /usr/local/lib/python3.11/site-packages/airflow/example_dags/example_sensors.py
[2025-12-27T21:21:08.322+0000] {processor.py:830} INFO - Processing file /usr/local/lib/python3.11/site-packages/airflow/example_dags/example_sensors.py for tasks to queue
[2025-12-27T21:21:08.324+0000] {logging_mixin.py:188} INFO - [2025-12-27T21:21:08.324+0000] {dagbag.py:545} INFO - Filling up the DagBag from /usr/local/lib/python3.11/site-packages/airflow/example_dags/example_sensors.py
[2025-12-27T21:21:08.336+0000] {processor.py:840} INFO - DAG(s) 'example_sensors' retrieved from /usr/local/lib/python3.11/site-packages/airflow/example_dags/example_sensors.py
[2025-12-27T21:21:08.379+0000] {logging_mixin.py:188} INFO - [2025-12-27T21:21:08.379+0000] {dag.py:3096} INFO - Sync 1 DAGs
[2025-12-27T21:21:08.401+0000] {logging_mixin.py:188} INFO - [2025-12-27T21:21:08.401+0000] {dag.py:3954} INFO - Setting next_dagrun for example_sensors to None, run_after=None
[2025-12-27T21:21:08.587+0000] {processor.py:183} INFO - Processing /usr/local/lib/python3.11/site-packages/airflow/example_dags/example_sensors.py took 0.285 seconds
[2025-12-27T21:22:45.583+0000] {processor.py:161} INFO - Started process (PID=176) to work on /usr/local/lib/python3.11/site-packages/airflow/example_dags/example_sensors.py
[2025-12-27T21:22:45.584+0000] {processor.py:830} INFO - Processing file /usr/local/lib/python3.11/site-packages/airflow/example_dags/example_sensors.py for tasks to queue
[2025-12-27T21:22:45.587+0000] {logging_mixin.py:188} INFO - [2025-12-27T21:22:45.586+0000] {dagbag.py:545} INFO - Filling up the DagBag from /usr/local/lib/python3.11/site-packages/airflow/example_dags/example_sensors.py
[2025-12-27T21:22:45.617+0000] {processor.py:840} INFO - DAG(s) 'example_sensors' retrieved from /usr/local/lib/python3.11/site-packages/airflow/example_dags/example_sensors.py
[2025-12-27T21:22:45.701+0000] {logging_mixin.py:188} INFO - [2025-12-27T21:22:45.700+0000] {dag.py:3096} INFO - Sync 1 DAGs
[2025-12-27T21:22:45.719+0000] {logging_mixin.py:188} INFO - [2025-12-27T21:22:45.719+0000] {dag.py:3954} INFO - Setting next_dagrun for example_sensors to None, run_after=None
[2025-12-27T21:22:45.897+0000] {processor.py:183} INFO - Processing /usr/local/lib/python3.11/site-packages/airflow/example_dags/example_sensors.py took 0.339 seconds
[2025-12-27T21:24:14.459+0000] {processor.py:161} INFO - Started process (PID=238) to work on /usr/local/lib/python3.11/site-packages/airflow/example_dags/example_sensors.py
[2025-12-27T21:24:14.460+0000] {processor.py:830} INFO - Processing file /usr/local/lib/python3.11/site-packages/airflow/example_dags/example_sensors.py for tasks to queue
[2025-12-27T21:24:14.480+0000] {logging_mixin.py:188} INFO - [2025-12-27T21:24:14.479+0000] {dagbag.py:545} INFO - Filling up the DagBag from /usr/local/lib/python3.11/site-packages/airflow/example_dags/example_sensors.py
[2025-12-27T21:24:14.501+0000] {processor.py:840} INFO - DAG(s) 'example_sensors' retrieved from /usr/local/lib/python3.11/site-packages/airflow/example_dags/example_sensors.py
[2025-12-27T21:24:14.553+0000] {logging_mixin.py:188} INFO - [2025-12-27T21:24:14.553+0000] {dag.py:3096} INFO - Sync 1 DAGs
[2025-12-27T21:24:14.601+0000] {logging_mixin.py:188} INFO - [2025-12-27T21:24:14.601+0000] {dag.py:3954} INFO - Setting next_dagrun for example_sensors to None, run_after=None
[2025-12-27T21:24:14.934+0000] {processor.py:183} INFO - Processing /usr/local/lib/python3.11/site-packages/airflow/example_dags/example_sensors.py took 0.493 seconds
[2025-12-27T21:25:59.754+0000] {processor.py:161} INFO - Started process (PID=302) to work on /usr/local/lib/python3.11/site-packages/airflow/example_dags/example_sensors.py
[2025-12-27T21:25:59.756+0000] {processor.py:830} INFO - Processing file /usr/local/lib/python3.11/site-packages/airflow/example_dags/example_sensors.py for tasks to queue
[2025-12-27T21:25:59.758+0000] {logging_mixin.py:188} INFO - [2025-12-27T21:25:59.758+0000] {dagbag.py:545} INFO - Filling up the DagBag from /usr/local/lib/python3.11/site-packages/airflow/example_dags/example_sensors.py
[2025-12-27T21:25:59.877+0000] {processor.py:840} INFO - DAG(s) 'example_sensors' retrieved from /usr/local/lib/python3.11/site-packages/airflow/example_dags/example_sensors.py
[2025-12-27T21:25:59.909+0000] {logging_mixin.py:188} INFO - [2025-12-27T21:25:59.909+0000] {dag.py:3096} INFO - Sync 1 DAGs
[2025-12-27T21:25:59.925+0000] {logging_mixin.py:188} INFO - [2025-12-27T21:25:59.925+0000] {dag.py:3954} INFO - Setting next_dagrun for example_sensors to None, run_after=None
[2025-12-27T21:26:00.127+0000] {processor.py:183} INFO - Processing /usr/local/lib/python3.11/site-packages/airflow/example_dags/example_sensors.py took 0.388 seconds
[2025-12-27T21:27:32.171+0000] {processor.py:161} INFO - Started process (PID=389) to work on /usr/local/lib/python3.11/site-packages/airflow/example_dags/example_sensors.py
[2025-12-27T21:27:32.172+0000] {processor.py:830} INFO - Processing file /usr/local/lib/python3.11/site-packages/airflow/example_dags/example_sensors.py for tasks to queue
[2025-12-27T21:27:32.174+0000] {logging_mixin.py:188} INFO - [2025-12-27T21:27:32.174+0000] {dagbag.py:545} INFO - Filling up the DagBag from /usr/local/lib/python3.11/site-packages/airflow/example_dags/example_sensors.py
[2025-12-27T21:27:32.185+0000] {processor.py:840} INFO - DAG(s) 'example_sensors' retrieved from /usr/local/lib/python3.11/site-packages/airflow/example_dags/example_sensors.py
[2025-12-27T21:27:32.224+0000] {logging_mixin.py:188} INFO - [2025-12-27T21:27:32.224+0000] {dag.py:3096} INFO - Sync 1 DAGs
[2025-12-27T21:27:32.243+0000] {logging_mixin.py:188} INFO - [2025-12-27T21:27:32.243+0000] {dag.py:3954} INFO - Setting next_dagrun for example_sensors to None, run_after=None
[2025-12-27T21:27:32.464+0000] {processor.py:183} INFO - Processing /usr/local/lib/python3.11/site-packages/airflow/example_dags/example_sensors.py took 0.309 seconds
[2025-12-27T21:29:04.175+0000] {processor.py:161} INFO - Started process (PID=655) to work on /usr/local/lib/python3.11/site-packages/airflow/example_dags/example_sensors.py
[2025-12-27T21:29:04.176+0000] {processor.py:830} INFO - Processing file /usr/local/lib/python3.11/site-packages/airflow/example_dags/example_sensors.py for tasks to queue
[2025-12-27T21:29:04.180+0000] {logging_mixin.py:188} INFO - [2025-12-27T21:29:04.179+0000] {dagbag.py:545} INFO - Filling up the DagBag from /usr/local/lib/python3.11/site-packages/airflow/example_dags/example_sensors.py
[2025-12-27T21:29:04.209+0000] {processor.py:840} INFO - DAG(s) 'example_sensors' retrieved from /usr/local/lib/python3.11/site-packages/airflow/example_dags/example_sensors.py
[2025-12-27T21:29:04.253+0000] {logging_mixin.py:188} INFO - [2025-12-27T21:29:04.253+0000] {dag.py:3096} INFO - Sync 1 DAGs
[2025-12-27T21:29:04.273+0000] {logging_mixin.py:188} INFO - [2025-12-27T21:29:04.272+0000] {dag.py:3954} INFO - Setting next_dagrun for example_sensors to None, run_after=None
[2025-12-27T21:29:04.575+0000] {processor.py:183} INFO - Processing /usr/local/lib/python3.11/site-packages/airflow/example_dags/example_sensors.py took 0.424 seconds
[2025-12-27T21:32:47.019+0000] {processor.py:161} INFO - Started process (PID=53) to work on /usr/local/lib/python3.11/site-packages/airflow/example_dags/example_sensors.py
[2025-12-27T21:32:47.021+0000] {processor.py:830} INFO - Processing file /usr/local/lib/python3.11/site-packages/airflow/example_dags/example_sensors.py for tasks to queue
[2025-12-27T21:32:47.023+0000] {logging_mixin.py:188} INFO - [2025-12-27T21:32:47.023+0000] {dagbag.py:545} INFO - Filling up the DagBag from /usr/local/lib/python3.11/site-packages/airflow/example_dags/example_sensors.py
[2025-12-27T21:32:47.047+0000] {processor.py:840} INFO - DAG(s) 'example_sensors' retrieved from /usr/local/lib/python3.11/site-packages/airflow/example_dags/example_sensors.py
[2025-12-27T21:32:47.248+0000] {logging_mixin.py:188} INFO - [2025-12-27T21:32:47.248+0000] {dag.py:3096} INFO - Sync 1 DAGs
[2025-12-27T21:32:47.263+0000] {logging_mixin.py:188} INFO - [2025-12-27T21:32:47.262+0000] {dag.py:3954} INFO - Setting next_dagrun for example_sensors to None, run_after=None
[2025-12-27T21:32:47.664+0000] {processor.py:183} INFO - Processing /usr/local/lib/python3.11/site-packages/airflow/example_dags/example_sensors.py took 0.661 seconds
