[2025-12-27T13:46:41.382+0000] {processor.py:161} INFO - Started process (PID=62) to work on /usr/local/lib/python3.11/site-packages/airflow/example_dags/example_time_delta_sensor_async.py
[2025-12-27T13:46:41.383+0000] {processor.py:830} INFO - Processing file /usr/local/lib/python3.11/site-packages/airflow/example_dags/example_time_delta_sensor_async.py for tasks to queue
[2025-12-27T13:46:41.386+0000] {logging_mixin.py:188} INFO - [2025-12-27T13:46:41.385+0000] {dagbag.py:545} INFO - Filling up the DagBag from /usr/local/lib/python3.11/site-packages/airflow/example_dags/example_time_delta_sensor_async.py
[2025-12-27T13:46:41.393+0000] {processor.py:840} INFO - DAG(s) 'example_time_delta_sensor_async' retrieved from /usr/local/lib/python3.11/site-packages/airflow/example_dags/example_time_delta_sensor_async.py
[2025-12-27T13:46:41.833+0000] {logging_mixin.py:188} INFO - [2025-12-27T13:46:41.832+0000] {override.py:1930} INFO - Created Permission View: can edit on DAG:example_time_delta_sensor_async
[2025-12-27T13:46:42.004+0000] {logging_mixin.py:188} INFO - [2025-12-27T13:46:42.003+0000] {override.py:1930} INFO - Created Permission View: can read on DAG:example_time_delta_sensor_async
[2025-12-27T13:46:42.140+0000] {logging_mixin.py:188} INFO - [2025-12-27T13:46:42.140+0000] {override.py:1930} INFO - Created Permission View: can delete on DAG:example_time_delta_sensor_async
[2025-12-27T13:46:42.142+0000] {logging_mixin.py:188} INFO - [2025-12-27T13:46:42.141+0000] {dag.py:3096} INFO - Sync 1 DAGs
[2025-12-27T13:46:42.174+0000] {logging_mixin.py:188} INFO - [2025-12-27T13:46:42.174+0000] {dag.py:3118} INFO - Creating ORM DAG for example_time_delta_sensor_async
[2025-12-27T13:46:42.175+0000] {logging_mixin.py:188} INFO - [2025-12-27T13:46:42.175+0000] {dag.py:3954} INFO - Setting next_dagrun for example_time_delta_sensor_async to None, run_after=None
[2025-12-27T13:46:42.475+0000] {processor.py:183} INFO - Processing /usr/local/lib/python3.11/site-packages/airflow/example_dags/example_time_delta_sensor_async.py took 1.111 seconds
[2025-12-27T13:48:16.454+0000] {processor.py:161} INFO - Started process (PID=114) to work on /usr/local/lib/python3.11/site-packages/airflow/example_dags/example_time_delta_sensor_async.py
[2025-12-27T13:48:16.455+0000] {processor.py:830} INFO - Processing file /usr/local/lib/python3.11/site-packages/airflow/example_dags/example_time_delta_sensor_async.py for tasks to queue
[2025-12-27T13:48:16.458+0000] {logging_mixin.py:188} INFO - [2025-12-27T13:48:16.457+0000] {dagbag.py:545} INFO - Filling up the DagBag from /usr/local/lib/python3.11/site-packages/airflow/example_dags/example_time_delta_sensor_async.py
[2025-12-27T13:48:16.464+0000] {processor.py:840} INFO - DAG(s) 'example_time_delta_sensor_async' retrieved from /usr/local/lib/python3.11/site-packages/airflow/example_dags/example_time_delta_sensor_async.py
[2025-12-27T13:48:16.498+0000] {logging_mixin.py:188} INFO - [2025-12-27T13:48:16.498+0000] {dag.py:3096} INFO - Sync 1 DAGs
[2025-12-27T13:48:16.516+0000] {logging_mixin.py:188} INFO - [2025-12-27T13:48:16.515+0000] {dag.py:3954} INFO - Setting next_dagrun for example_time_delta_sensor_async to None, run_after=None
[2025-12-27T13:48:16.729+0000] {processor.py:183} INFO - Processing /usr/local/lib/python3.11/site-packages/airflow/example_dags/example_time_delta_sensor_async.py took 0.291 seconds
[2025-12-27T13:49:48.285+0000] {processor.py:161} INFO - Started process (PID=177) to work on /usr/local/lib/python3.11/site-packages/airflow/example_dags/example_time_delta_sensor_async.py
[2025-12-27T13:49:48.287+0000] {processor.py:830} INFO - Processing file /usr/local/lib/python3.11/site-packages/airflow/example_dags/example_time_delta_sensor_async.py for tasks to queue
[2025-12-27T13:49:48.290+0000] {logging_mixin.py:188} INFO - [2025-12-27T13:49:48.289+0000] {dagbag.py:545} INFO - Filling up the DagBag from /usr/local/lib/python3.11/site-packages/airflow/example_dags/example_time_delta_sensor_async.py
[2025-12-27T13:49:48.298+0000] {processor.py:840} INFO - DAG(s) 'example_time_delta_sensor_async' retrieved from /usr/local/lib/python3.11/site-packages/airflow/example_dags/example_time_delta_sensor_async.py
[2025-12-27T13:49:48.331+0000] {logging_mixin.py:188} INFO - [2025-12-27T13:49:48.331+0000] {dag.py:3096} INFO - Sync 1 DAGs
[2025-12-27T13:49:48.347+0000] {logging_mixin.py:188} INFO - [2025-12-27T13:49:48.347+0000] {dag.py:3954} INFO - Setting next_dagrun for example_time_delta_sensor_async to None, run_after=None
[2025-12-27T13:49:48.585+0000] {processor.py:183} INFO - Processing /usr/local/lib/python3.11/site-packages/airflow/example_dags/example_time_delta_sensor_async.py took 0.335 seconds
[2025-12-27T13:51:14.085+0000] {processor.py:161} INFO - Started process (PID=238) to work on /usr/local/lib/python3.11/site-packages/airflow/example_dags/example_time_delta_sensor_async.py
[2025-12-27T13:51:14.086+0000] {processor.py:830} INFO - Processing file /usr/local/lib/python3.11/site-packages/airflow/example_dags/example_time_delta_sensor_async.py for tasks to queue
[2025-12-27T13:51:14.089+0000] {logging_mixin.py:188} INFO - [2025-12-27T13:51:14.088+0000] {dagbag.py:545} INFO - Filling up the DagBag from /usr/local/lib/python3.11/site-packages/airflow/example_dags/example_time_delta_sensor_async.py
[2025-12-27T13:51:14.095+0000] {processor.py:840} INFO - DAG(s) 'example_time_delta_sensor_async' retrieved from /usr/local/lib/python3.11/site-packages/airflow/example_dags/example_time_delta_sensor_async.py
[2025-12-27T13:51:14.130+0000] {logging_mixin.py:188} INFO - [2025-12-27T13:51:14.129+0000] {dag.py:3096} INFO - Sync 1 DAGs
[2025-12-27T13:51:14.148+0000] {logging_mixin.py:188} INFO - [2025-12-27T13:51:14.148+0000] {dag.py:3954} INFO - Setting next_dagrun for example_time_delta_sensor_async to None, run_after=None
[2025-12-27T13:51:14.454+0000] {processor.py:183} INFO - Processing /usr/local/lib/python3.11/site-packages/airflow/example_dags/example_time_delta_sensor_async.py took 0.383 seconds
[2025-12-27T13:52:37.542+0000] {processor.py:161} INFO - Started process (PID=298) to work on /usr/local/lib/python3.11/site-packages/airflow/example_dags/example_time_delta_sensor_async.py
[2025-12-27T13:52:37.543+0000] {processor.py:830} INFO - Processing file /usr/local/lib/python3.11/site-packages/airflow/example_dags/example_time_delta_sensor_async.py for tasks to queue
[2025-12-27T13:52:37.547+0000] {logging_mixin.py:188} INFO - [2025-12-27T13:52:37.546+0000] {dagbag.py:545} INFO - Filling up the DagBag from /usr/local/lib/python3.11/site-packages/airflow/example_dags/example_time_delta_sensor_async.py
[2025-12-27T13:52:37.557+0000] {processor.py:840} INFO - DAG(s) 'example_time_delta_sensor_async' retrieved from /usr/local/lib/python3.11/site-packages/airflow/example_dags/example_time_delta_sensor_async.py
[2025-12-27T13:52:37.594+0000] {logging_mixin.py:188} INFO - [2025-12-27T13:52:37.593+0000] {dag.py:3096} INFO - Sync 1 DAGs
[2025-12-27T13:52:37.613+0000] {logging_mixin.py:188} INFO - [2025-12-27T13:52:37.613+0000] {dag.py:3954} INFO - Setting next_dagrun for example_time_delta_sensor_async to None, run_after=None
[2025-12-27T13:52:37.830+0000] {processor.py:183} INFO - Processing /usr/local/lib/python3.11/site-packages/airflow/example_dags/example_time_delta_sensor_async.py took 0.309 seconds
[2025-12-27T13:54:01.651+0000] {processor.py:161} INFO - Started process (PID=359) to work on /usr/local/lib/python3.11/site-packages/airflow/example_dags/example_time_delta_sensor_async.py
[2025-12-27T13:54:01.652+0000] {processor.py:830} INFO - Processing file /usr/local/lib/python3.11/site-packages/airflow/example_dags/example_time_delta_sensor_async.py for tasks to queue
[2025-12-27T13:54:01.654+0000] {logging_mixin.py:188} INFO - [2025-12-27T13:54:01.654+0000] {dagbag.py:545} INFO - Filling up the DagBag from /usr/local/lib/python3.11/site-packages/airflow/example_dags/example_time_delta_sensor_async.py
[2025-12-27T13:54:01.659+0000] {processor.py:840} INFO - DAG(s) 'example_time_delta_sensor_async' retrieved from /usr/local/lib/python3.11/site-packages/airflow/example_dags/example_time_delta_sensor_async.py
[2025-12-27T13:54:01.688+0000] {logging_mixin.py:188} INFO - [2025-12-27T13:54:01.688+0000] {dag.py:3096} INFO - Sync 1 DAGs
[2025-12-27T13:54:01.705+0000] {logging_mixin.py:188} INFO - [2025-12-27T13:54:01.705+0000] {dag.py:3954} INFO - Setting next_dagrun for example_time_delta_sensor_async to None, run_after=None
[2025-12-27T13:54:01.907+0000] {processor.py:183} INFO - Processing /usr/local/lib/python3.11/site-packages/airflow/example_dags/example_time_delta_sensor_async.py took 0.281 seconds
[2025-12-27T13:55:26.218+0000] {processor.py:161} INFO - Started process (PID=421) to work on /usr/local/lib/python3.11/site-packages/airflow/example_dags/example_time_delta_sensor_async.py
[2025-12-27T13:55:26.219+0000] {processor.py:830} INFO - Processing file /usr/local/lib/python3.11/site-packages/airflow/example_dags/example_time_delta_sensor_async.py for tasks to queue
[2025-12-27T13:55:26.221+0000] {logging_mixin.py:188} INFO - [2025-12-27T13:55:26.221+0000] {dagbag.py:545} INFO - Filling up the DagBag from /usr/local/lib/python3.11/site-packages/airflow/example_dags/example_time_delta_sensor_async.py
[2025-12-27T13:55:26.227+0000] {processor.py:840} INFO - DAG(s) 'example_time_delta_sensor_async' retrieved from /usr/local/lib/python3.11/site-packages/airflow/example_dags/example_time_delta_sensor_async.py
[2025-12-27T13:55:26.259+0000] {logging_mixin.py:188} INFO - [2025-12-27T13:55:26.259+0000] {dag.py:3096} INFO - Sync 1 DAGs
[2025-12-27T13:55:26.280+0000] {logging_mixin.py:188} INFO - [2025-12-27T13:55:26.279+0000] {dag.py:3954} INFO - Setting next_dagrun for example_time_delta_sensor_async to None, run_after=None
[2025-12-27T13:55:26.488+0000] {processor.py:183} INFO - Processing /usr/local/lib/python3.11/site-packages/airflow/example_dags/example_time_delta_sensor_async.py took 0.287 seconds
[2025-12-27T13:56:51.698+0000] {processor.py:161} INFO - Started process (PID=482) to work on /usr/local/lib/python3.11/site-packages/airflow/example_dags/example_time_delta_sensor_async.py
[2025-12-27T13:56:51.699+0000] {processor.py:830} INFO - Processing file /usr/local/lib/python3.11/site-packages/airflow/example_dags/example_time_delta_sensor_async.py for tasks to queue
[2025-12-27T13:56:51.702+0000] {logging_mixin.py:188} INFO - [2025-12-27T13:56:51.701+0000] {dagbag.py:545} INFO - Filling up the DagBag from /usr/local/lib/python3.11/site-packages/airflow/example_dags/example_time_delta_sensor_async.py
[2025-12-27T13:56:51.708+0000] {processor.py:840} INFO - DAG(s) 'example_time_delta_sensor_async' retrieved from /usr/local/lib/python3.11/site-packages/airflow/example_dags/example_time_delta_sensor_async.py
[2025-12-27T13:56:51.745+0000] {logging_mixin.py:188} INFO - [2025-12-27T13:56:51.745+0000] {dag.py:3096} INFO - Sync 1 DAGs
[2025-12-27T13:56:51.769+0000] {logging_mixin.py:188} INFO - [2025-12-27T13:56:51.769+0000] {dag.py:3954} INFO - Setting next_dagrun for example_time_delta_sensor_async to None, run_after=None
[2025-12-27T13:56:51.963+0000] {processor.py:183} INFO - Processing /usr/local/lib/python3.11/site-packages/airflow/example_dags/example_time_delta_sensor_async.py took 0.284 seconds
[2025-12-27T13:58:17.551+0000] {processor.py:161} INFO - Started process (PID=543) to work on /usr/local/lib/python3.11/site-packages/airflow/example_dags/example_time_delta_sensor_async.py
[2025-12-27T13:58:17.553+0000] {processor.py:830} INFO - Processing file /usr/local/lib/python3.11/site-packages/airflow/example_dags/example_time_delta_sensor_async.py for tasks to queue
[2025-12-27T13:58:17.556+0000] {logging_mixin.py:188} INFO - [2025-12-27T13:58:17.556+0000] {dagbag.py:545} INFO - Filling up the DagBag from /usr/local/lib/python3.11/site-packages/airflow/example_dags/example_time_delta_sensor_async.py
[2025-12-27T13:58:17.566+0000] {processor.py:840} INFO - DAG(s) 'example_time_delta_sensor_async' retrieved from /usr/local/lib/python3.11/site-packages/airflow/example_dags/example_time_delta_sensor_async.py
[2025-12-27T13:58:17.612+0000] {logging_mixin.py:188} INFO - [2025-12-27T13:58:17.612+0000] {dag.py:3096} INFO - Sync 1 DAGs
[2025-12-27T13:58:17.644+0000] {logging_mixin.py:188} INFO - [2025-12-27T13:58:17.643+0000] {dag.py:3954} INFO - Setting next_dagrun for example_time_delta_sensor_async to None, run_after=None
[2025-12-27T13:58:17.881+0000] {processor.py:183} INFO - Processing /usr/local/lib/python3.11/site-packages/airflow/example_dags/example_time_delta_sensor_async.py took 0.351 seconds
[2025-12-27T13:59:42.604+0000] {processor.py:161} INFO - Started process (PID=604) to work on /usr/local/lib/python3.11/site-packages/airflow/example_dags/example_time_delta_sensor_async.py
[2025-12-27T13:59:42.605+0000] {processor.py:830} INFO - Processing file /usr/local/lib/python3.11/site-packages/airflow/example_dags/example_time_delta_sensor_async.py for tasks to queue
[2025-12-27T13:59:42.608+0000] {logging_mixin.py:188} INFO - [2025-12-27T13:59:42.607+0000] {dagbag.py:545} INFO - Filling up the DagBag from /usr/local/lib/python3.11/site-packages/airflow/example_dags/example_time_delta_sensor_async.py
[2025-12-27T13:59:42.614+0000] {processor.py:840} INFO - DAG(s) 'example_time_delta_sensor_async' retrieved from /usr/local/lib/python3.11/site-packages/airflow/example_dags/example_time_delta_sensor_async.py
[2025-12-27T13:59:42.652+0000] {logging_mixin.py:188} INFO - [2025-12-27T13:59:42.652+0000] {dag.py:3096} INFO - Sync 1 DAGs
[2025-12-27T13:59:42.680+0000] {logging_mixin.py:188} INFO - [2025-12-27T13:59:42.680+0000] {dag.py:3954} INFO - Setting next_dagrun for example_time_delta_sensor_async to None, run_after=None
[2025-12-27T13:59:42.997+0000] {processor.py:183} INFO - Processing /usr/local/lib/python3.11/site-packages/airflow/example_dags/example_time_delta_sensor_async.py took 0.411 seconds
[2025-12-27T14:01:19.971+0000] {processor.py:161} INFO - Started process (PID=669) to work on /usr/local/lib/python3.11/site-packages/airflow/example_dags/example_time_delta_sensor_async.py
[2025-12-27T14:01:19.973+0000] {processor.py:830} INFO - Processing file /usr/local/lib/python3.11/site-packages/airflow/example_dags/example_time_delta_sensor_async.py for tasks to queue
[2025-12-27T14:01:19.975+0000] {logging_mixin.py:188} INFO - [2025-12-27T14:01:19.975+0000] {dagbag.py:545} INFO - Filling up the DagBag from /usr/local/lib/python3.11/site-packages/airflow/example_dags/example_time_delta_sensor_async.py
[2025-12-27T14:01:19.982+0000] {processor.py:840} INFO - DAG(s) 'example_time_delta_sensor_async' retrieved from /usr/local/lib/python3.11/site-packages/airflow/example_dags/example_time_delta_sensor_async.py
[2025-12-27T14:01:20.124+0000] {logging_mixin.py:188} INFO - [2025-12-27T14:01:20.124+0000] {dag.py:3096} INFO - Sync 1 DAGs
[2025-12-27T14:01:20.160+0000] {logging_mixin.py:188} INFO - [2025-12-27T14:01:20.160+0000] {dag.py:3954} INFO - Setting next_dagrun for example_time_delta_sensor_async to None, run_after=None
[2025-12-27T14:01:20.345+0000] {processor.py:183} INFO - Processing /usr/local/lib/python3.11/site-packages/airflow/example_dags/example_time_delta_sensor_async.py took 0.423 seconds
[2025-12-27T14:02:53.040+0000] {processor.py:161} INFO - Started process (PID=709) to work on /usr/local/lib/python3.11/site-packages/airflow/example_dags/example_time_delta_sensor_async.py
[2025-12-27T14:02:53.042+0000] {processor.py:830} INFO - Processing file /usr/local/lib/python3.11/site-packages/airflow/example_dags/example_time_delta_sensor_async.py for tasks to queue
[2025-12-27T14:02:53.045+0000] {logging_mixin.py:188} INFO - [2025-12-27T14:02:53.044+0000] {dagbag.py:545} INFO - Filling up the DagBag from /usr/local/lib/python3.11/site-packages/airflow/example_dags/example_time_delta_sensor_async.py
[2025-12-27T14:02:53.050+0000] {processor.py:840} INFO - DAG(s) 'example_time_delta_sensor_async' retrieved from /usr/local/lib/python3.11/site-packages/airflow/example_dags/example_time_delta_sensor_async.py
[2025-12-27T14:02:53.084+0000] {logging_mixin.py:188} INFO - [2025-12-27T14:02:53.084+0000] {dag.py:3096} INFO - Sync 1 DAGs
[2025-12-27T14:02:53.104+0000] {logging_mixin.py:188} INFO - [2025-12-27T14:02:53.104+0000] {dag.py:3954} INFO - Setting next_dagrun for example_time_delta_sensor_async to None, run_after=None
[2025-12-27T14:02:53.319+0000] {processor.py:183} INFO - Processing /usr/local/lib/python3.11/site-packages/airflow/example_dags/example_time_delta_sensor_async.py took 0.295 seconds
[2025-12-27T14:04:43.756+0000] {processor.py:161} INFO - Started process (PID=784) to work on /usr/local/lib/python3.11/site-packages/airflow/example_dags/example_time_delta_sensor_async.py
[2025-12-27T14:04:43.757+0000] {processor.py:830} INFO - Processing file /usr/local/lib/python3.11/site-packages/airflow/example_dags/example_time_delta_sensor_async.py for tasks to queue
[2025-12-27T14:04:43.760+0000] {logging_mixin.py:188} INFO - [2025-12-27T14:04:43.759+0000] {dagbag.py:545} INFO - Filling up the DagBag from /usr/local/lib/python3.11/site-packages/airflow/example_dags/example_time_delta_sensor_async.py
[2025-12-27T14:04:43.767+0000] {processor.py:840} INFO - DAG(s) 'example_time_delta_sensor_async' retrieved from /usr/local/lib/python3.11/site-packages/airflow/example_dags/example_time_delta_sensor_async.py
[2025-12-27T14:04:43.805+0000] {logging_mixin.py:188} INFO - [2025-12-27T14:04:43.804+0000] {dag.py:3096} INFO - Sync 1 DAGs
[2025-12-27T14:04:43.832+0000] {logging_mixin.py:188} INFO - [2025-12-27T14:04:43.832+0000] {dag.py:3954} INFO - Setting next_dagrun for example_time_delta_sensor_async to None, run_after=None
[2025-12-27T14:04:44.163+0000] {processor.py:183} INFO - Processing /usr/local/lib/python3.11/site-packages/airflow/example_dags/example_time_delta_sensor_async.py took 0.426 seconds
[2025-12-27T14:06:29.871+0000] {processor.py:161} INFO - Started process (PID=862) to work on /usr/local/lib/python3.11/site-packages/airflow/example_dags/example_time_delta_sensor_async.py
[2025-12-27T14:06:29.873+0000] {processor.py:830} INFO - Processing file /usr/local/lib/python3.11/site-packages/airflow/example_dags/example_time_delta_sensor_async.py for tasks to queue
[2025-12-27T14:06:29.878+0000] {logging_mixin.py:188} INFO - [2025-12-27T14:06:29.876+0000] {dagbag.py:545} INFO - Filling up the DagBag from /usr/local/lib/python3.11/site-packages/airflow/example_dags/example_time_delta_sensor_async.py
[2025-12-27T14:06:29.888+0000] {processor.py:840} INFO - DAG(s) 'example_time_delta_sensor_async' retrieved from /usr/local/lib/python3.11/site-packages/airflow/example_dags/example_time_delta_sensor_async.py
[2025-12-27T14:06:29.935+0000] {logging_mixin.py:188} INFO - [2025-12-27T14:06:29.935+0000] {dag.py:3096} INFO - Sync 1 DAGs
[2025-12-27T14:06:29.963+0000] {logging_mixin.py:188} INFO - [2025-12-27T14:06:29.962+0000] {dag.py:3954} INFO - Setting next_dagrun for example_time_delta_sensor_async to None, run_after=None
[2025-12-27T14:06:30.194+0000] {processor.py:183} INFO - Processing /usr/local/lib/python3.11/site-packages/airflow/example_dags/example_time_delta_sensor_async.py took 0.349 seconds
[2025-12-27T14:08:10.575+0000] {processor.py:161} INFO - Started process (PID=926) to work on /usr/local/lib/python3.11/site-packages/airflow/example_dags/example_time_delta_sensor_async.py
[2025-12-27T14:08:10.576+0000] {processor.py:830} INFO - Processing file /usr/local/lib/python3.11/site-packages/airflow/example_dags/example_time_delta_sensor_async.py for tasks to queue
[2025-12-27T14:08:10.578+0000] {logging_mixin.py:188} INFO - [2025-12-27T14:08:10.578+0000] {dagbag.py:545} INFO - Filling up the DagBag from /usr/local/lib/python3.11/site-packages/airflow/example_dags/example_time_delta_sensor_async.py
[2025-12-27T14:08:10.585+0000] {processor.py:840} INFO - DAG(s) 'example_time_delta_sensor_async' retrieved from /usr/local/lib/python3.11/site-packages/airflow/example_dags/example_time_delta_sensor_async.py
[2025-12-27T14:08:10.635+0000] {logging_mixin.py:188} INFO - [2025-12-27T14:08:10.634+0000] {dag.py:3096} INFO - Sync 1 DAGs
[2025-12-27T14:08:10.661+0000] {logging_mixin.py:188} INFO - [2025-12-27T14:08:10.661+0000] {dag.py:3954} INFO - Setting next_dagrun for example_time_delta_sensor_async to None, run_after=None
[2025-12-27T14:08:11.151+0000] {processor.py:183} INFO - Processing /usr/local/lib/python3.11/site-packages/airflow/example_dags/example_time_delta_sensor_async.py took 0.591 seconds
[2025-12-27T14:09:46.957+0000] {processor.py:161} INFO - Started process (PID=990) to work on /usr/local/lib/python3.11/site-packages/airflow/example_dags/example_time_delta_sensor_async.py
[2025-12-27T14:09:46.958+0000] {processor.py:830} INFO - Processing file /usr/local/lib/python3.11/site-packages/airflow/example_dags/example_time_delta_sensor_async.py for tasks to queue
[2025-12-27T14:09:46.961+0000] {logging_mixin.py:188} INFO - [2025-12-27T14:09:46.960+0000] {dagbag.py:545} INFO - Filling up the DagBag from /usr/local/lib/python3.11/site-packages/airflow/example_dags/example_time_delta_sensor_async.py
[2025-12-27T14:09:46.969+0000] {processor.py:840} INFO - DAG(s) 'example_time_delta_sensor_async' retrieved from /usr/local/lib/python3.11/site-packages/airflow/example_dags/example_time_delta_sensor_async.py
[2025-12-27T14:09:47.013+0000] {logging_mixin.py:188} INFO - [2025-12-27T14:09:47.012+0000] {dag.py:3096} INFO - Sync 1 DAGs
[2025-12-27T14:09:47.037+0000] {logging_mixin.py:188} INFO - [2025-12-27T14:09:47.037+0000] {dag.py:3954} INFO - Setting next_dagrun for example_time_delta_sensor_async to None, run_after=None
[2025-12-27T14:09:47.252+0000] {processor.py:183} INFO - Processing /usr/local/lib/python3.11/site-packages/airflow/example_dags/example_time_delta_sensor_async.py took 0.314 seconds
[2025-12-27T14:11:57.989+0000] {processor.py:161} INFO - Started process (PID=1062) to work on /usr/local/lib/python3.11/site-packages/airflow/example_dags/example_time_delta_sensor_async.py
[2025-12-27T14:11:58.003+0000] {processor.py:830} INFO - Processing file /usr/local/lib/python3.11/site-packages/airflow/example_dags/example_time_delta_sensor_async.py for tasks to queue
[2025-12-27T14:11:58.005+0000] {logging_mixin.py:188} INFO - [2025-12-27T14:11:58.005+0000] {dagbag.py:545} INFO - Filling up the DagBag from /usr/local/lib/python3.11/site-packages/airflow/example_dags/example_time_delta_sensor_async.py
[2025-12-27T14:11:58.013+0000] {processor.py:840} INFO - DAG(s) 'example_time_delta_sensor_async' retrieved from /usr/local/lib/python3.11/site-packages/airflow/example_dags/example_time_delta_sensor_async.py
[2025-12-27T14:11:58.051+0000] {logging_mixin.py:188} INFO - [2025-12-27T14:11:58.051+0000] {dag.py:3096} INFO - Sync 1 DAGs
[2025-12-27T14:11:58.094+0000] {logging_mixin.py:188} INFO - [2025-12-27T14:11:58.094+0000] {dag.py:3954} INFO - Setting next_dagrun for example_time_delta_sensor_async to None, run_after=None
[2025-12-27T14:11:58.300+0000] {processor.py:183} INFO - Processing /usr/local/lib/python3.11/site-packages/airflow/example_dags/example_time_delta_sensor_async.py took 0.330 seconds
[2025-12-27T14:13:57.877+0000] {processor.py:161} INFO - Started process (PID=1132) to work on /usr/local/lib/python3.11/site-packages/airflow/example_dags/example_time_delta_sensor_async.py
[2025-12-27T14:13:57.882+0000] {processor.py:830} INFO - Processing file /usr/local/lib/python3.11/site-packages/airflow/example_dags/example_time_delta_sensor_async.py for tasks to queue
[2025-12-27T14:13:57.886+0000] {logging_mixin.py:188} INFO - [2025-12-27T14:13:57.885+0000] {dagbag.py:545} INFO - Filling up the DagBag from /usr/local/lib/python3.11/site-packages/airflow/example_dags/example_time_delta_sensor_async.py
[2025-12-27T14:13:57.897+0000] {processor.py:840} INFO - DAG(s) 'example_time_delta_sensor_async' retrieved from /usr/local/lib/python3.11/site-packages/airflow/example_dags/example_time_delta_sensor_async.py
[2025-12-27T14:13:57.943+0000] {logging_mixin.py:188} INFO - [2025-12-27T14:13:57.943+0000] {dag.py:3096} INFO - Sync 1 DAGs
[2025-12-27T14:13:57.970+0000] {logging_mixin.py:188} INFO - [2025-12-27T14:13:57.970+0000] {dag.py:3954} INFO - Setting next_dagrun for example_time_delta_sensor_async to None, run_after=None
[2025-12-27T14:13:58.170+0000] {processor.py:183} INFO - Processing /usr/local/lib/python3.11/site-packages/airflow/example_dags/example_time_delta_sensor_async.py took 0.318 seconds
[2025-12-27T14:32:35.881+0000] {processor.py:161} INFO - Started process (PID=58) to work on /usr/local/lib/python3.11/site-packages/airflow/example_dags/example_time_delta_sensor_async.py
[2025-12-27T14:32:35.882+0000] {processor.py:830} INFO - Processing file /usr/local/lib/python3.11/site-packages/airflow/example_dags/example_time_delta_sensor_async.py for tasks to queue
[2025-12-27T14:32:35.887+0000] {logging_mixin.py:188} INFO - [2025-12-27T14:32:35.885+0000] {dagbag.py:545} INFO - Filling up the DagBag from /usr/local/lib/python3.11/site-packages/airflow/example_dags/example_time_delta_sensor_async.py
[2025-12-27T14:32:35.894+0000] {processor.py:840} INFO - DAG(s) 'example_time_delta_sensor_async' retrieved from /usr/local/lib/python3.11/site-packages/airflow/example_dags/example_time_delta_sensor_async.py
[2025-12-27T14:32:36.089+0000] {logging_mixin.py:188} INFO - [2025-12-27T14:32:36.089+0000] {dag.py:3096} INFO - Sync 1 DAGs
[2025-12-27T14:32:36.108+0000] {logging_mixin.py:188} INFO - [2025-12-27T14:32:36.108+0000] {dag.py:3954} INFO - Setting next_dagrun for example_time_delta_sensor_async to None, run_after=None
[2025-12-27T14:32:36.334+0000] {processor.py:183} INFO - Processing /usr/local/lib/python3.11/site-packages/airflow/example_dags/example_time_delta_sensor_async.py took 0.469 seconds
[2025-12-27T14:34:02.464+0000] {processor.py:161} INFO - Started process (PID=110) to work on /usr/local/lib/python3.11/site-packages/airflow/example_dags/example_time_delta_sensor_async.py
[2025-12-27T14:34:02.465+0000] {processor.py:830} INFO - Processing file /usr/local/lib/python3.11/site-packages/airflow/example_dags/example_time_delta_sensor_async.py for tasks to queue
[2025-12-27T14:34:02.467+0000] {logging_mixin.py:188} INFO - [2025-12-27T14:34:02.467+0000] {dagbag.py:545} INFO - Filling up the DagBag from /usr/local/lib/python3.11/site-packages/airflow/example_dags/example_time_delta_sensor_async.py
[2025-12-27T14:34:02.472+0000] {processor.py:840} INFO - DAG(s) 'example_time_delta_sensor_async' retrieved from /usr/local/lib/python3.11/site-packages/airflow/example_dags/example_time_delta_sensor_async.py
[2025-12-27T14:34:02.502+0000] {logging_mixin.py:188} INFO - [2025-12-27T14:34:02.502+0000] {dag.py:3096} INFO - Sync 1 DAGs
[2025-12-27T14:34:02.520+0000] {logging_mixin.py:188} INFO - [2025-12-27T14:34:02.520+0000] {dag.py:3954} INFO - Setting next_dagrun for example_time_delta_sensor_async to None, run_after=None
[2025-12-27T14:34:02.776+0000] {processor.py:183} INFO - Processing /usr/local/lib/python3.11/site-packages/airflow/example_dags/example_time_delta_sensor_async.py took 0.328 seconds
[2025-12-27T14:35:51.195+0000] {processor.py:161} INFO - Started process (PID=177) to work on /usr/local/lib/python3.11/site-packages/airflow/example_dags/example_time_delta_sensor_async.py
[2025-12-27T14:35:51.196+0000] {processor.py:830} INFO - Processing file /usr/local/lib/python3.11/site-packages/airflow/example_dags/example_time_delta_sensor_async.py for tasks to queue
[2025-12-27T14:35:51.199+0000] {logging_mixin.py:188} INFO - [2025-12-27T14:35:51.199+0000] {dagbag.py:545} INFO - Filling up the DagBag from /usr/local/lib/python3.11/site-packages/airflow/example_dags/example_time_delta_sensor_async.py
[2025-12-27T14:35:51.207+0000] {processor.py:840} INFO - DAG(s) 'example_time_delta_sensor_async' retrieved from /usr/local/lib/python3.11/site-packages/airflow/example_dags/example_time_delta_sensor_async.py
[2025-12-27T14:35:51.245+0000] {logging_mixin.py:188} INFO - [2025-12-27T14:35:51.245+0000] {dag.py:3096} INFO - Sync 1 DAGs
[2025-12-27T14:35:51.265+0000] {logging_mixin.py:188} INFO - [2025-12-27T14:35:51.265+0000] {dag.py:3954} INFO - Setting next_dagrun for example_time_delta_sensor_async to None, run_after=None
[2025-12-27T14:35:51.458+0000] {processor.py:183} INFO - Processing /usr/local/lib/python3.11/site-packages/airflow/example_dags/example_time_delta_sensor_async.py took 0.278 seconds
[2025-12-27T14:54:04.454+0000] {processor.py:161} INFO - Started process (PID=62) to work on /usr/local/lib/python3.11/site-packages/airflow/example_dags/example_time_delta_sensor_async.py
[2025-12-27T14:54:04.455+0000] {processor.py:830} INFO - Processing file /usr/local/lib/python3.11/site-packages/airflow/example_dags/example_time_delta_sensor_async.py for tasks to queue
[2025-12-27T14:54:04.457+0000] {logging_mixin.py:188} INFO - [2025-12-27T14:54:04.457+0000] {dagbag.py:545} INFO - Filling up the DagBag from /usr/local/lib/python3.11/site-packages/airflow/example_dags/example_time_delta_sensor_async.py
[2025-12-27T14:54:04.464+0000] {processor.py:840} INFO - DAG(s) 'example_time_delta_sensor_async' retrieved from /usr/local/lib/python3.11/site-packages/airflow/example_dags/example_time_delta_sensor_async.py
[2025-12-27T14:54:05.020+0000] {logging_mixin.py:188} INFO - [2025-12-27T14:54:05.019+0000] {override.py:1930} INFO - Created Permission View: can delete on DAG:example_time_delta_sensor_async
[2025-12-27T14:54:05.337+0000] {logging_mixin.py:188} INFO - [2025-12-27T14:54:05.337+0000] {override.py:1930} INFO - Created Permission View: can edit on DAG:example_time_delta_sensor_async
[2025-12-27T14:54:05.484+0000] {logging_mixin.py:188} INFO - [2025-12-27T14:54:05.484+0000] {override.py:1930} INFO - Created Permission View: can read on DAG:example_time_delta_sensor_async
[2025-12-27T14:54:05.485+0000] {logging_mixin.py:188} INFO - [2025-12-27T14:54:05.485+0000] {dag.py:3096} INFO - Sync 1 DAGs
[2025-12-27T14:54:05.515+0000] {logging_mixin.py:188} INFO - [2025-12-27T14:54:05.515+0000] {dag.py:3118} INFO - Creating ORM DAG for example_time_delta_sensor_async
[2025-12-27T14:54:05.517+0000] {logging_mixin.py:188} INFO - [2025-12-27T14:54:05.517+0000] {dag.py:3954} INFO - Setting next_dagrun for example_time_delta_sensor_async to None, run_after=None
[2025-12-27T14:54:05.801+0000] {processor.py:183} INFO - Processing /usr/local/lib/python3.11/site-packages/airflow/example_dags/example_time_delta_sensor_async.py took 1.361 seconds
[2025-12-27T14:55:52.884+0000] {processor.py:161} INFO - Started process (PID=114) to work on /usr/local/lib/python3.11/site-packages/airflow/example_dags/example_time_delta_sensor_async.py
[2025-12-27T14:55:52.887+0000] {processor.py:830} INFO - Processing file /usr/local/lib/python3.11/site-packages/airflow/example_dags/example_time_delta_sensor_async.py for tasks to queue
[2025-12-27T14:55:52.890+0000] {logging_mixin.py:188} INFO - [2025-12-27T14:55:52.890+0000] {dagbag.py:545} INFO - Filling up the DagBag from /usr/local/lib/python3.11/site-packages/airflow/example_dags/example_time_delta_sensor_async.py
[2025-12-27T14:55:52.899+0000] {processor.py:840} INFO - DAG(s) 'example_time_delta_sensor_async' retrieved from /usr/local/lib/python3.11/site-packages/airflow/example_dags/example_time_delta_sensor_async.py
[2025-12-27T14:55:52.958+0000] {logging_mixin.py:188} INFO - [2025-12-27T14:55:52.958+0000] {dag.py:3096} INFO - Sync 1 DAGs
[2025-12-27T14:55:52.994+0000] {logging_mixin.py:188} INFO - [2025-12-27T14:55:52.993+0000] {dag.py:3954} INFO - Setting next_dagrun for example_time_delta_sensor_async to None, run_after=None
[2025-12-27T14:55:53.371+0000] {processor.py:183} INFO - Processing /usr/local/lib/python3.11/site-packages/airflow/example_dags/example_time_delta_sensor_async.py took 0.514 seconds
[2025-12-27T14:57:40.489+0000] {processor.py:161} INFO - Started process (PID=181) to work on /usr/local/lib/python3.11/site-packages/airflow/example_dags/example_time_delta_sensor_async.py
[2025-12-27T14:57:40.490+0000] {processor.py:830} INFO - Processing file /usr/local/lib/python3.11/site-packages/airflow/example_dags/example_time_delta_sensor_async.py for tasks to queue
[2025-12-27T14:57:40.493+0000] {logging_mixin.py:188} INFO - [2025-12-27T14:57:40.492+0000] {dagbag.py:545} INFO - Filling up the DagBag from /usr/local/lib/python3.11/site-packages/airflow/example_dags/example_time_delta_sensor_async.py
[2025-12-27T14:57:40.498+0000] {processor.py:840} INFO - DAG(s) 'example_time_delta_sensor_async' retrieved from /usr/local/lib/python3.11/site-packages/airflow/example_dags/example_time_delta_sensor_async.py
[2025-12-27T14:57:40.530+0000] {logging_mixin.py:188} INFO - [2025-12-27T14:57:40.529+0000] {dag.py:3096} INFO - Sync 1 DAGs
[2025-12-27T14:57:40.547+0000] {logging_mixin.py:188} INFO - [2025-12-27T14:57:40.547+0000] {dag.py:3954} INFO - Setting next_dagrun for example_time_delta_sensor_async to None, run_after=None
[2025-12-27T14:57:40.755+0000] {processor.py:183} INFO - Processing /usr/local/lib/python3.11/site-packages/airflow/example_dags/example_time_delta_sensor_async.py took 0.280 seconds
[2025-12-27T14:59:39.606+0000] {processor.py:161} INFO - Started process (PID=262) to work on /usr/local/lib/python3.11/site-packages/airflow/example_dags/example_time_delta_sensor_async.py
[2025-12-27T14:59:39.608+0000] {processor.py:830} INFO - Processing file /usr/local/lib/python3.11/site-packages/airflow/example_dags/example_time_delta_sensor_async.py for tasks to queue
[2025-12-27T14:59:39.611+0000] {logging_mixin.py:188} INFO - [2025-12-27T14:59:39.610+0000] {dagbag.py:545} INFO - Filling up the DagBag from /usr/local/lib/python3.11/site-packages/airflow/example_dags/example_time_delta_sensor_async.py
[2025-12-27T14:59:39.623+0000] {processor.py:840} INFO - DAG(s) 'example_time_delta_sensor_async' retrieved from /usr/local/lib/python3.11/site-packages/airflow/example_dags/example_time_delta_sensor_async.py
[2025-12-27T14:59:39.718+0000] {logging_mixin.py:188} INFO - [2025-12-27T14:59:39.718+0000] {dag.py:3096} INFO - Sync 1 DAGs
[2025-12-27T14:59:39.787+0000] {logging_mixin.py:188} INFO - [2025-12-27T14:59:39.786+0000] {dag.py:3954} INFO - Setting next_dagrun for example_time_delta_sensor_async to None, run_after=None
[2025-12-27T14:59:40.176+0000] {processor.py:183} INFO - Processing /usr/local/lib/python3.11/site-packages/airflow/example_dags/example_time_delta_sensor_async.py took 0.594 seconds
[2025-12-27T15:01:42.989+0000] {processor.py:161} INFO - Started process (PID=335) to work on /usr/local/lib/python3.11/site-packages/airflow/example_dags/example_time_delta_sensor_async.py
[2025-12-27T15:01:42.990+0000] {processor.py:830} INFO - Processing file /usr/local/lib/python3.11/site-packages/airflow/example_dags/example_time_delta_sensor_async.py for tasks to queue
[2025-12-27T15:01:43.015+0000] {logging_mixin.py:188} INFO - [2025-12-27T15:01:43.015+0000] {dagbag.py:545} INFO - Filling up the DagBag from /usr/local/lib/python3.11/site-packages/airflow/example_dags/example_time_delta_sensor_async.py
[2025-12-27T15:01:43.035+0000] {processor.py:840} INFO - DAG(s) 'example_time_delta_sensor_async' retrieved from /usr/local/lib/python3.11/site-packages/airflow/example_dags/example_time_delta_sensor_async.py
[2025-12-27T15:01:43.153+0000] {logging_mixin.py:188} INFO - [2025-12-27T15:01:43.144+0000] {dag.py:3096} INFO - Sync 1 DAGs
[2025-12-27T15:01:43.343+0000] {logging_mixin.py:188} INFO - [2025-12-27T15:01:43.343+0000] {dag.py:3954} INFO - Setting next_dagrun for example_time_delta_sensor_async to None, run_after=None
[2025-12-27T15:01:43.775+0000] {processor.py:183} INFO - Processing /usr/local/lib/python3.11/site-packages/airflow/example_dags/example_time_delta_sensor_async.py took 0.824 seconds
[2025-12-27T15:03:37.208+0000] {processor.py:161} INFO - Started process (PID=413) to work on /usr/local/lib/python3.11/site-packages/airflow/example_dags/example_time_delta_sensor_async.py
[2025-12-27T15:03:37.210+0000] {processor.py:830} INFO - Processing file /usr/local/lib/python3.11/site-packages/airflow/example_dags/example_time_delta_sensor_async.py for tasks to queue
[2025-12-27T15:03:37.212+0000] {logging_mixin.py:188} INFO - [2025-12-27T15:03:37.212+0000] {dagbag.py:545} INFO - Filling up the DagBag from /usr/local/lib/python3.11/site-packages/airflow/example_dags/example_time_delta_sensor_async.py
[2025-12-27T15:03:37.218+0000] {processor.py:840} INFO - DAG(s) 'example_time_delta_sensor_async' retrieved from /usr/local/lib/python3.11/site-packages/airflow/example_dags/example_time_delta_sensor_async.py
[2025-12-27T15:03:37.251+0000] {logging_mixin.py:188} INFO - [2025-12-27T15:03:37.250+0000] {dag.py:3096} INFO - Sync 1 DAGs
[2025-12-27T15:03:37.269+0000] {logging_mixin.py:188} INFO - [2025-12-27T15:03:37.269+0000] {dag.py:3954} INFO - Setting next_dagrun for example_time_delta_sensor_async to None, run_after=None
[2025-12-27T15:03:37.597+0000] {processor.py:183} INFO - Processing /usr/local/lib/python3.11/site-packages/airflow/example_dags/example_time_delta_sensor_async.py took 0.404 seconds
[2025-12-27T15:05:04.472+0000] {processor.py:161} INFO - Started process (PID=474) to work on /usr/local/lib/python3.11/site-packages/airflow/example_dags/example_time_delta_sensor_async.py
[2025-12-27T15:05:04.473+0000] {processor.py:830} INFO - Processing file /usr/local/lib/python3.11/site-packages/airflow/example_dags/example_time_delta_sensor_async.py for tasks to queue
[2025-12-27T15:05:04.476+0000] {logging_mixin.py:188} INFO - [2025-12-27T15:05:04.475+0000] {dagbag.py:545} INFO - Filling up the DagBag from /usr/local/lib/python3.11/site-packages/airflow/example_dags/example_time_delta_sensor_async.py
[2025-12-27T15:05:04.482+0000] {processor.py:840} INFO - DAG(s) 'example_time_delta_sensor_async' retrieved from /usr/local/lib/python3.11/site-packages/airflow/example_dags/example_time_delta_sensor_async.py
[2025-12-27T15:05:04.515+0000] {logging_mixin.py:188} INFO - [2025-12-27T15:05:04.514+0000] {dag.py:3096} INFO - Sync 1 DAGs
[2025-12-27T15:05:04.534+0000] {logging_mixin.py:188} INFO - [2025-12-27T15:05:04.534+0000] {dag.py:3954} INFO - Setting next_dagrun for example_time_delta_sensor_async to None, run_after=None
[2025-12-27T15:05:04.725+0000] {processor.py:183} INFO - Processing /usr/local/lib/python3.11/site-packages/airflow/example_dags/example_time_delta_sensor_async.py took 0.267 seconds
[2025-12-27T15:06:33.170+0000] {processor.py:161} INFO - Started process (PID=536) to work on /usr/local/lib/python3.11/site-packages/airflow/example_dags/example_time_delta_sensor_async.py
[2025-12-27T15:06:33.171+0000] {processor.py:830} INFO - Processing file /usr/local/lib/python3.11/site-packages/airflow/example_dags/example_time_delta_sensor_async.py for tasks to queue
[2025-12-27T15:06:33.174+0000] {logging_mixin.py:188} INFO - [2025-12-27T15:06:33.174+0000] {dagbag.py:545} INFO - Filling up the DagBag from /usr/local/lib/python3.11/site-packages/airflow/example_dags/example_time_delta_sensor_async.py
[2025-12-27T15:06:33.186+0000] {processor.py:840} INFO - DAG(s) 'example_time_delta_sensor_async' retrieved from /usr/local/lib/python3.11/site-packages/airflow/example_dags/example_time_delta_sensor_async.py
[2025-12-27T15:06:33.357+0000] {logging_mixin.py:188} INFO - [2025-12-27T15:06:33.357+0000] {dag.py:3096} INFO - Sync 1 DAGs
[2025-12-27T15:06:33.377+0000] {logging_mixin.py:188} INFO - [2025-12-27T15:06:33.377+0000] {dag.py:3954} INFO - Setting next_dagrun for example_time_delta_sensor_async to None, run_after=None
[2025-12-27T15:06:33.555+0000] {processor.py:183} INFO - Processing /usr/local/lib/python3.11/site-packages/airflow/example_dags/example_time_delta_sensor_async.py took 0.404 seconds
[2025-12-27T15:08:05.510+0000] {processor.py:161} INFO - Started process (PID=599) to work on /usr/local/lib/python3.11/site-packages/airflow/example_dags/example_time_delta_sensor_async.py
[2025-12-27T15:08:05.511+0000] {processor.py:830} INFO - Processing file /usr/local/lib/python3.11/site-packages/airflow/example_dags/example_time_delta_sensor_async.py for tasks to queue
[2025-12-27T15:08:05.513+0000] {logging_mixin.py:188} INFO - [2025-12-27T15:08:05.513+0000] {dagbag.py:545} INFO - Filling up the DagBag from /usr/local/lib/python3.11/site-packages/airflow/example_dags/example_time_delta_sensor_async.py
[2025-12-27T15:08:05.520+0000] {processor.py:840} INFO - DAG(s) 'example_time_delta_sensor_async' retrieved from /usr/local/lib/python3.11/site-packages/airflow/example_dags/example_time_delta_sensor_async.py
[2025-12-27T15:08:05.553+0000] {logging_mixin.py:188} INFO - [2025-12-27T15:08:05.553+0000] {dag.py:3096} INFO - Sync 1 DAGs
[2025-12-27T15:08:05.573+0000] {logging_mixin.py:188} INFO - [2025-12-27T15:08:05.572+0000] {dag.py:3954} INFO - Setting next_dagrun for example_time_delta_sensor_async to None, run_after=None
[2025-12-27T15:08:05.808+0000] {processor.py:183} INFO - Processing /usr/local/lib/python3.11/site-packages/airflow/example_dags/example_time_delta_sensor_async.py took 0.312 seconds
[2025-12-27T15:09:52.184+0000] {processor.py:161} INFO - Started process (PID=666) to work on /usr/local/lib/python3.11/site-packages/airflow/example_dags/example_time_delta_sensor_async.py
[2025-12-27T15:09:52.185+0000] {processor.py:830} INFO - Processing file /usr/local/lib/python3.11/site-packages/airflow/example_dags/example_time_delta_sensor_async.py for tasks to queue
[2025-12-27T15:09:52.188+0000] {logging_mixin.py:188} INFO - [2025-12-27T15:09:52.187+0000] {dagbag.py:545} INFO - Filling up the DagBag from /usr/local/lib/python3.11/site-packages/airflow/example_dags/example_time_delta_sensor_async.py
[2025-12-27T15:09:52.193+0000] {processor.py:840} INFO - DAG(s) 'example_time_delta_sensor_async' retrieved from /usr/local/lib/python3.11/site-packages/airflow/example_dags/example_time_delta_sensor_async.py
[2025-12-27T15:09:52.219+0000] {logging_mixin.py:188} INFO - [2025-12-27T15:09:52.219+0000] {dag.py:3096} INFO - Sync 1 DAGs
[2025-12-27T15:09:52.237+0000] {logging_mixin.py:188} INFO - [2025-12-27T15:09:52.236+0000] {dag.py:3954} INFO - Setting next_dagrun for example_time_delta_sensor_async to None, run_after=None
[2025-12-27T15:09:52.405+0000] {processor.py:183} INFO - Processing /usr/local/lib/python3.11/site-packages/airflow/example_dags/example_time_delta_sensor_async.py took 0.235 seconds
[2025-12-27T15:11:41.904+0000] {processor.py:161} INFO - Started process (PID=734) to work on /usr/local/lib/python3.11/site-packages/airflow/example_dags/example_time_delta_sensor_async.py
[2025-12-27T15:11:41.905+0000] {processor.py:830} INFO - Processing file /usr/local/lib/python3.11/site-packages/airflow/example_dags/example_time_delta_sensor_async.py for tasks to queue
[2025-12-27T15:11:41.908+0000] {logging_mixin.py:188} INFO - [2025-12-27T15:11:41.907+0000] {dagbag.py:545} INFO - Filling up the DagBag from /usr/local/lib/python3.11/site-packages/airflow/example_dags/example_time_delta_sensor_async.py
[2025-12-27T15:11:41.913+0000] {processor.py:840} INFO - DAG(s) 'example_time_delta_sensor_async' retrieved from /usr/local/lib/python3.11/site-packages/airflow/example_dags/example_time_delta_sensor_async.py
[2025-12-27T15:11:41.946+0000] {logging_mixin.py:188} INFO - [2025-12-27T15:11:41.946+0000] {dag.py:3096} INFO - Sync 1 DAGs
[2025-12-27T15:11:41.966+0000] {logging_mixin.py:188} INFO - [2025-12-27T15:11:41.965+0000] {dag.py:3954} INFO - Setting next_dagrun for example_time_delta_sensor_async to None, run_after=None
[2025-12-27T15:11:42.252+0000] {processor.py:183} INFO - Processing /usr/local/lib/python3.11/site-packages/airflow/example_dags/example_time_delta_sensor_async.py took 0.374 seconds
[2025-12-27T15:13:14.701+0000] {processor.py:161} INFO - Started process (PID=797) to work on /usr/local/lib/python3.11/site-packages/airflow/example_dags/example_time_delta_sensor_async.py
[2025-12-27T15:13:14.703+0000] {processor.py:830} INFO - Processing file /usr/local/lib/python3.11/site-packages/airflow/example_dags/example_time_delta_sensor_async.py for tasks to queue
[2025-12-27T15:13:14.711+0000] {logging_mixin.py:188} INFO - [2025-12-27T15:13:14.709+0000] {dagbag.py:545} INFO - Filling up the DagBag from /usr/local/lib/python3.11/site-packages/airflow/example_dags/example_time_delta_sensor_async.py
[2025-12-27T15:13:14.718+0000] {processor.py:840} INFO - DAG(s) 'example_time_delta_sensor_async' retrieved from /usr/local/lib/python3.11/site-packages/airflow/example_dags/example_time_delta_sensor_async.py
[2025-12-27T15:13:14.755+0000] {logging_mixin.py:188} INFO - [2025-12-27T15:13:14.755+0000] {dag.py:3096} INFO - Sync 1 DAGs
[2025-12-27T15:13:14.782+0000] {logging_mixin.py:188} INFO - [2025-12-27T15:13:14.782+0000] {dag.py:3954} INFO - Setting next_dagrun for example_time_delta_sensor_async to None, run_after=None
[2025-12-27T15:13:15.057+0000] {processor.py:183} INFO - Processing /usr/local/lib/python3.11/site-packages/airflow/example_dags/example_time_delta_sensor_async.py took 0.372 seconds
[2025-12-27T15:14:53.283+0000] {processor.py:161} INFO - Started process (PID=860) to work on /usr/local/lib/python3.11/site-packages/airflow/example_dags/example_time_delta_sensor_async.py
[2025-12-27T15:14:53.284+0000] {processor.py:830} INFO - Processing file /usr/local/lib/python3.11/site-packages/airflow/example_dags/example_time_delta_sensor_async.py for tasks to queue
[2025-12-27T15:14:53.288+0000] {logging_mixin.py:188} INFO - [2025-12-27T15:14:53.287+0000] {dagbag.py:545} INFO - Filling up the DagBag from /usr/local/lib/python3.11/site-packages/airflow/example_dags/example_time_delta_sensor_async.py
[2025-12-27T15:14:53.297+0000] {processor.py:840} INFO - DAG(s) 'example_time_delta_sensor_async' retrieved from /usr/local/lib/python3.11/site-packages/airflow/example_dags/example_time_delta_sensor_async.py
[2025-12-27T15:14:53.332+0000] {logging_mixin.py:188} INFO - [2025-12-27T15:14:53.331+0000] {dag.py:3096} INFO - Sync 1 DAGs
[2025-12-27T15:14:53.350+0000] {logging_mixin.py:188} INFO - [2025-12-27T15:14:53.349+0000] {dag.py:3954} INFO - Setting next_dagrun for example_time_delta_sensor_async to None, run_after=None
[2025-12-27T15:14:53.563+0000] {processor.py:183} INFO - Processing /usr/local/lib/python3.11/site-packages/airflow/example_dags/example_time_delta_sensor_async.py took 0.305 seconds
[2025-12-27T15:16:44.340+0000] {processor.py:161} INFO - Started process (PID=927) to work on /usr/local/lib/python3.11/site-packages/airflow/example_dags/example_time_delta_sensor_async.py
[2025-12-27T15:16:44.341+0000] {processor.py:830} INFO - Processing file /usr/local/lib/python3.11/site-packages/airflow/example_dags/example_time_delta_sensor_async.py for tasks to queue
[2025-12-27T15:16:44.344+0000] {logging_mixin.py:188} INFO - [2025-12-27T15:16:44.344+0000] {dagbag.py:545} INFO - Filling up the DagBag from /usr/local/lib/python3.11/site-packages/airflow/example_dags/example_time_delta_sensor_async.py
[2025-12-27T15:16:44.351+0000] {processor.py:840} INFO - DAG(s) 'example_time_delta_sensor_async' retrieved from /usr/local/lib/python3.11/site-packages/airflow/example_dags/example_time_delta_sensor_async.py
[2025-12-27T15:16:44.392+0000] {logging_mixin.py:188} INFO - [2025-12-27T15:16:44.391+0000] {dag.py:3096} INFO - Sync 1 DAGs
[2025-12-27T15:16:44.415+0000] {logging_mixin.py:188} INFO - [2025-12-27T15:16:44.415+0000] {dag.py:3954} INFO - Setting next_dagrun for example_time_delta_sensor_async to None, run_after=None
[2025-12-27T15:16:44.624+0000] {processor.py:183} INFO - Processing /usr/local/lib/python3.11/site-packages/airflow/example_dags/example_time_delta_sensor_async.py took 0.302 seconds
[2025-12-27T15:18:28.600+0000] {processor.py:161} INFO - Started process (PID=994) to work on /usr/local/lib/python3.11/site-packages/airflow/example_dags/example_time_delta_sensor_async.py
[2025-12-27T15:18:28.602+0000] {processor.py:830} INFO - Processing file /usr/local/lib/python3.11/site-packages/airflow/example_dags/example_time_delta_sensor_async.py for tasks to queue
[2025-12-27T15:18:28.604+0000] {logging_mixin.py:188} INFO - [2025-12-27T15:18:28.603+0000] {dagbag.py:545} INFO - Filling up the DagBag from /usr/local/lib/python3.11/site-packages/airflow/example_dags/example_time_delta_sensor_async.py
[2025-12-27T15:18:28.611+0000] {processor.py:840} INFO - DAG(s) 'example_time_delta_sensor_async' retrieved from /usr/local/lib/python3.11/site-packages/airflow/example_dags/example_time_delta_sensor_async.py
[2025-12-27T15:18:28.643+0000] {logging_mixin.py:188} INFO - [2025-12-27T15:18:28.643+0000] {dag.py:3096} INFO - Sync 1 DAGs
[2025-12-27T15:18:28.660+0000] {logging_mixin.py:188} INFO - [2025-12-27T15:18:28.660+0000] {dag.py:3954} INFO - Setting next_dagrun for example_time_delta_sensor_async to None, run_after=None
[2025-12-27T15:18:28.822+0000] {processor.py:183} INFO - Processing /usr/local/lib/python3.11/site-packages/airflow/example_dags/example_time_delta_sensor_async.py took 0.240 seconds
[2025-12-27T15:20:14.030+0000] {processor.py:161} INFO - Started process (PID=1060) to work on /usr/local/lib/python3.11/site-packages/airflow/example_dags/example_time_delta_sensor_async.py
[2025-12-27T15:20:14.031+0000] {processor.py:830} INFO - Processing file /usr/local/lib/python3.11/site-packages/airflow/example_dags/example_time_delta_sensor_async.py for tasks to queue
[2025-12-27T15:20:14.034+0000] {logging_mixin.py:188} INFO - [2025-12-27T15:20:14.033+0000] {dagbag.py:545} INFO - Filling up the DagBag from /usr/local/lib/python3.11/site-packages/airflow/example_dags/example_time_delta_sensor_async.py
[2025-12-27T15:20:14.041+0000] {processor.py:840} INFO - DAG(s) 'example_time_delta_sensor_async' retrieved from /usr/local/lib/python3.11/site-packages/airflow/example_dags/example_time_delta_sensor_async.py
[2025-12-27T15:20:14.074+0000] {logging_mixin.py:188} INFO - [2025-12-27T15:20:14.073+0000] {dag.py:3096} INFO - Sync 1 DAGs
[2025-12-27T15:20:14.092+0000] {logging_mixin.py:188} INFO - [2025-12-27T15:20:14.092+0000] {dag.py:3954} INFO - Setting next_dagrun for example_time_delta_sensor_async to None, run_after=None
[2025-12-27T15:20:14.338+0000] {processor.py:183} INFO - Processing /usr/local/lib/python3.11/site-packages/airflow/example_dags/example_time_delta_sensor_async.py took 0.345 seconds
[2025-12-27T15:31:21.672+0000] {processor.py:161} INFO - Started process (PID=57) to work on /usr/local/lib/python3.11/site-packages/airflow/example_dags/example_time_delta_sensor_async.py
[2025-12-27T15:31:21.673+0000] {processor.py:830} INFO - Processing file /usr/local/lib/python3.11/site-packages/airflow/example_dags/example_time_delta_sensor_async.py for tasks to queue
[2025-12-27T15:31:21.675+0000] {logging_mixin.py:188} INFO - [2025-12-27T15:31:21.675+0000] {dagbag.py:545} INFO - Filling up the DagBag from /usr/local/lib/python3.11/site-packages/airflow/example_dags/example_time_delta_sensor_async.py
[2025-12-27T15:31:21.683+0000] {processor.py:840} INFO - DAG(s) 'example_time_delta_sensor_async' retrieved from /usr/local/lib/python3.11/site-packages/airflow/example_dags/example_time_delta_sensor_async.py
[2025-12-27T15:31:21.859+0000] {logging_mixin.py:188} INFO - [2025-12-27T15:31:21.859+0000] {dag.py:3096} INFO - Sync 1 DAGs
[2025-12-27T15:31:21.876+0000] {logging_mixin.py:188} INFO - [2025-12-27T15:31:21.876+0000] {dag.py:3954} INFO - Setting next_dagrun for example_time_delta_sensor_async to None, run_after=None
[2025-12-27T15:31:22.117+0000] {processor.py:183} INFO - Processing /usr/local/lib/python3.11/site-packages/airflow/example_dags/example_time_delta_sensor_async.py took 0.463 seconds
[2025-12-27T15:32:53.067+0000] {processor.py:161} INFO - Started process (PID=109) to work on /usr/local/lib/python3.11/site-packages/airflow/example_dags/example_time_delta_sensor_async.py
[2025-12-27T15:32:53.068+0000] {processor.py:830} INFO - Processing file /usr/local/lib/python3.11/site-packages/airflow/example_dags/example_time_delta_sensor_async.py for tasks to queue
[2025-12-27T15:32:53.072+0000] {logging_mixin.py:188} INFO - [2025-12-27T15:32:53.071+0000] {dagbag.py:545} INFO - Filling up the DagBag from /usr/local/lib/python3.11/site-packages/airflow/example_dags/example_time_delta_sensor_async.py
[2025-12-27T15:32:53.079+0000] {processor.py:840} INFO - DAG(s) 'example_time_delta_sensor_async' retrieved from /usr/local/lib/python3.11/site-packages/airflow/example_dags/example_time_delta_sensor_async.py
[2025-12-27T15:32:53.121+0000] {logging_mixin.py:188} INFO - [2025-12-27T15:32:53.121+0000] {dag.py:3096} INFO - Sync 1 DAGs
[2025-12-27T15:32:53.140+0000] {logging_mixin.py:188} INFO - [2025-12-27T15:32:53.139+0000] {dag.py:3954} INFO - Setting next_dagrun for example_time_delta_sensor_async to None, run_after=None
[2025-12-27T15:32:53.340+0000] {processor.py:183} INFO - Processing /usr/local/lib/python3.11/site-packages/airflow/example_dags/example_time_delta_sensor_async.py took 0.288 seconds
[2025-12-27T15:34:31.680+0000] {processor.py:161} INFO - Started process (PID=174) to work on /usr/local/lib/python3.11/site-packages/airflow/example_dags/example_time_delta_sensor_async.py
[2025-12-27T15:34:31.681+0000] {processor.py:830} INFO - Processing file /usr/local/lib/python3.11/site-packages/airflow/example_dags/example_time_delta_sensor_async.py for tasks to queue
[2025-12-27T15:34:31.684+0000] {logging_mixin.py:188} INFO - [2025-12-27T15:34:31.684+0000] {dagbag.py:545} INFO - Filling up the DagBag from /usr/local/lib/python3.11/site-packages/airflow/example_dags/example_time_delta_sensor_async.py
[2025-12-27T15:34:31.690+0000] {processor.py:840} INFO - DAG(s) 'example_time_delta_sensor_async' retrieved from /usr/local/lib/python3.11/site-packages/airflow/example_dags/example_time_delta_sensor_async.py
[2025-12-27T15:34:31.721+0000] {logging_mixin.py:188} INFO - [2025-12-27T15:34:31.721+0000] {dag.py:3096} INFO - Sync 1 DAGs
[2025-12-27T15:34:31.738+0000] {logging_mixin.py:188} INFO - [2025-12-27T15:34:31.738+0000] {dag.py:3954} INFO - Setting next_dagrun for example_time_delta_sensor_async to None, run_after=None
[2025-12-27T15:34:31.927+0000] {processor.py:183} INFO - Processing /usr/local/lib/python3.11/site-packages/airflow/example_dags/example_time_delta_sensor_async.py took 0.261 seconds
[2025-12-27T15:36:01.557+0000] {processor.py:161} INFO - Started process (PID=237) to work on /usr/local/lib/python3.11/site-packages/airflow/example_dags/example_time_delta_sensor_async.py
[2025-12-27T15:36:01.558+0000] {processor.py:830} INFO - Processing file /usr/local/lib/python3.11/site-packages/airflow/example_dags/example_time_delta_sensor_async.py for tasks to queue
[2025-12-27T15:36:01.561+0000] {logging_mixin.py:188} INFO - [2025-12-27T15:36:01.561+0000] {dagbag.py:545} INFO - Filling up the DagBag from /usr/local/lib/python3.11/site-packages/airflow/example_dags/example_time_delta_sensor_async.py
[2025-12-27T15:36:01.567+0000] {processor.py:840} INFO - DAG(s) 'example_time_delta_sensor_async' retrieved from /usr/local/lib/python3.11/site-packages/airflow/example_dags/example_time_delta_sensor_async.py
[2025-12-27T15:36:01.609+0000] {logging_mixin.py:188} INFO - [2025-12-27T15:36:01.609+0000] {dag.py:3096} INFO - Sync 1 DAGs
[2025-12-27T15:36:01.635+0000] {logging_mixin.py:188} INFO - [2025-12-27T15:36:01.635+0000] {dag.py:3954} INFO - Setting next_dagrun for example_time_delta_sensor_async to None, run_after=None
[2025-12-27T15:36:01.822+0000] {processor.py:183} INFO - Processing /usr/local/lib/python3.11/site-packages/airflow/example_dags/example_time_delta_sensor_async.py took 0.281 seconds
[2025-12-27T15:37:39.746+0000] {processor.py:161} INFO - Started process (PID=301) to work on /usr/local/lib/python3.11/site-packages/airflow/example_dags/example_time_delta_sensor_async.py
[2025-12-27T15:37:39.748+0000] {processor.py:830} INFO - Processing file /usr/local/lib/python3.11/site-packages/airflow/example_dags/example_time_delta_sensor_async.py for tasks to queue
[2025-12-27T15:37:39.751+0000] {logging_mixin.py:188} INFO - [2025-12-27T15:37:39.750+0000] {dagbag.py:545} INFO - Filling up the DagBag from /usr/local/lib/python3.11/site-packages/airflow/example_dags/example_time_delta_sensor_async.py
[2025-12-27T15:37:39.758+0000] {processor.py:840} INFO - DAG(s) 'example_time_delta_sensor_async' retrieved from /usr/local/lib/python3.11/site-packages/airflow/example_dags/example_time_delta_sensor_async.py
[2025-12-27T15:37:39.796+0000] {logging_mixin.py:188} INFO - [2025-12-27T15:37:39.796+0000] {dag.py:3096} INFO - Sync 1 DAGs
[2025-12-27T15:37:39.816+0000] {logging_mixin.py:188} INFO - [2025-12-27T15:37:39.816+0000] {dag.py:3954} INFO - Setting next_dagrun for example_time_delta_sensor_async to None, run_after=None
[2025-12-27T15:37:40.018+0000] {processor.py:183} INFO - Processing /usr/local/lib/python3.11/site-packages/airflow/example_dags/example_time_delta_sensor_async.py took 0.288 seconds
[2025-12-27T15:39:12.325+0000] {processor.py:161} INFO - Started process (PID=363) to work on /usr/local/lib/python3.11/site-packages/airflow/example_dags/example_time_delta_sensor_async.py
[2025-12-27T15:39:12.327+0000] {processor.py:830} INFO - Processing file /usr/local/lib/python3.11/site-packages/airflow/example_dags/example_time_delta_sensor_async.py for tasks to queue
[2025-12-27T15:39:12.329+0000] {logging_mixin.py:188} INFO - [2025-12-27T15:39:12.329+0000] {dagbag.py:545} INFO - Filling up the DagBag from /usr/local/lib/python3.11/site-packages/airflow/example_dags/example_time_delta_sensor_async.py
[2025-12-27T15:39:12.335+0000] {processor.py:840} INFO - DAG(s) 'example_time_delta_sensor_async' retrieved from /usr/local/lib/python3.11/site-packages/airflow/example_dags/example_time_delta_sensor_async.py
[2025-12-27T15:39:12.367+0000] {logging_mixin.py:188} INFO - [2025-12-27T15:39:12.367+0000] {dag.py:3096} INFO - Sync 1 DAGs
[2025-12-27T15:39:12.386+0000] {logging_mixin.py:188} INFO - [2025-12-27T15:39:12.386+0000] {dag.py:3954} INFO - Setting next_dagrun for example_time_delta_sensor_async to None, run_after=None
[2025-12-27T15:39:12.550+0000] {processor.py:183} INFO - Processing /usr/local/lib/python3.11/site-packages/airflow/example_dags/example_time_delta_sensor_async.py took 0.240 seconds
[2025-12-27T15:40:57.739+0000] {processor.py:161} INFO - Started process (PID=428) to work on /usr/local/lib/python3.11/site-packages/airflow/example_dags/example_time_delta_sensor_async.py
[2025-12-27T15:40:57.740+0000] {processor.py:830} INFO - Processing file /usr/local/lib/python3.11/site-packages/airflow/example_dags/example_time_delta_sensor_async.py for tasks to queue
[2025-12-27T15:40:57.743+0000] {logging_mixin.py:188} INFO - [2025-12-27T15:40:57.742+0000] {dagbag.py:545} INFO - Filling up the DagBag from /usr/local/lib/python3.11/site-packages/airflow/example_dags/example_time_delta_sensor_async.py
[2025-12-27T15:40:57.749+0000] {processor.py:840} INFO - DAG(s) 'example_time_delta_sensor_async' retrieved from /usr/local/lib/python3.11/site-packages/airflow/example_dags/example_time_delta_sensor_async.py
[2025-12-27T15:40:57.777+0000] {logging_mixin.py:188} INFO - [2025-12-27T15:40:57.777+0000] {dag.py:3096} INFO - Sync 1 DAGs
[2025-12-27T15:40:57.796+0000] {logging_mixin.py:188} INFO - [2025-12-27T15:40:57.796+0000] {dag.py:3954} INFO - Setting next_dagrun for example_time_delta_sensor_async to None, run_after=None
[2025-12-27T15:40:57.982+0000] {processor.py:183} INFO - Processing /usr/local/lib/python3.11/site-packages/airflow/example_dags/example_time_delta_sensor_async.py took 0.259 seconds
[2025-12-27T15:44:18.798+0000] {processor.py:161} INFO - Started process (PID=61) to work on /usr/local/lib/python3.11/site-packages/airflow/example_dags/example_time_delta_sensor_async.py
[2025-12-27T15:44:18.800+0000] {processor.py:830} INFO - Processing file /usr/local/lib/python3.11/site-packages/airflow/example_dags/example_time_delta_sensor_async.py for tasks to queue
[2025-12-27T15:44:18.806+0000] {logging_mixin.py:188} INFO - [2025-12-27T15:44:18.806+0000] {dagbag.py:545} INFO - Filling up the DagBag from /usr/local/lib/python3.11/site-packages/airflow/example_dags/example_time_delta_sensor_async.py
[2025-12-27T15:44:18.818+0000] {processor.py:840} INFO - DAG(s) 'example_time_delta_sensor_async' retrieved from /usr/local/lib/python3.11/site-packages/airflow/example_dags/example_time_delta_sensor_async.py
[2025-12-27T15:44:19.036+0000] {logging_mixin.py:188} INFO - [2025-12-27T15:44:19.035+0000] {dag.py:3096} INFO - Sync 1 DAGs
[2025-12-27T15:44:19.052+0000] {logging_mixin.py:188} INFO - [2025-12-27T15:44:19.052+0000] {dag.py:3954} INFO - Setting next_dagrun for example_time_delta_sensor_async to None, run_after=None
[2025-12-27T15:44:19.258+0000] {processor.py:183} INFO - Processing /usr/local/lib/python3.11/site-packages/airflow/example_dags/example_time_delta_sensor_async.py took 0.479 seconds
[2025-12-27T15:45:37.643+0000] {processor.py:161} INFO - Started process (PID=113) to work on /usr/local/lib/python3.11/site-packages/airflow/example_dags/example_time_delta_sensor_async.py
[2025-12-27T15:45:37.644+0000] {processor.py:830} INFO - Processing file /usr/local/lib/python3.11/site-packages/airflow/example_dags/example_time_delta_sensor_async.py for tasks to queue
[2025-12-27T15:45:37.647+0000] {logging_mixin.py:188} INFO - [2025-12-27T15:45:37.647+0000] {dagbag.py:545} INFO - Filling up the DagBag from /usr/local/lib/python3.11/site-packages/airflow/example_dags/example_time_delta_sensor_async.py
[2025-12-27T15:45:37.652+0000] {processor.py:840} INFO - DAG(s) 'example_time_delta_sensor_async' retrieved from /usr/local/lib/python3.11/site-packages/airflow/example_dags/example_time_delta_sensor_async.py
[2025-12-27T15:45:37.685+0000] {logging_mixin.py:188} INFO - [2025-12-27T15:45:37.685+0000] {dag.py:3096} INFO - Sync 1 DAGs
[2025-12-27T15:45:37.703+0000] {logging_mixin.py:188} INFO - [2025-12-27T15:45:37.703+0000] {dag.py:3954} INFO - Setting next_dagrun for example_time_delta_sensor_async to None, run_after=None
[2025-12-27T15:45:37.905+0000] {processor.py:183} INFO - Processing /usr/local/lib/python3.11/site-packages/airflow/example_dags/example_time_delta_sensor_async.py took 0.275 seconds
[2025-12-27T15:47:21.634+0000] {processor.py:161} INFO - Started process (PID=202) to work on /usr/local/lib/python3.11/site-packages/airflow/example_dags/example_time_delta_sensor_async.py
[2025-12-27T15:47:21.635+0000] {processor.py:830} INFO - Processing file /usr/local/lib/python3.11/site-packages/airflow/example_dags/example_time_delta_sensor_async.py for tasks to queue
[2025-12-27T15:47:21.638+0000] {logging_mixin.py:188} INFO - [2025-12-27T15:47:21.638+0000] {dagbag.py:545} INFO - Filling up the DagBag from /usr/local/lib/python3.11/site-packages/airflow/example_dags/example_time_delta_sensor_async.py
[2025-12-27T15:47:21.645+0000] {processor.py:840} INFO - DAG(s) 'example_time_delta_sensor_async' retrieved from /usr/local/lib/python3.11/site-packages/airflow/example_dags/example_time_delta_sensor_async.py
[2025-12-27T15:47:21.693+0000] {logging_mixin.py:188} INFO - [2025-12-27T15:47:21.693+0000] {dag.py:3096} INFO - Sync 1 DAGs
[2025-12-27T15:47:21.718+0000] {logging_mixin.py:188} INFO - [2025-12-27T15:47:21.717+0000] {dag.py:3954} INFO - Setting next_dagrun for example_time_delta_sensor_async to None, run_after=None
[2025-12-27T15:47:22.164+0000] {processor.py:183} INFO - Processing /usr/local/lib/python3.11/site-packages/airflow/example_dags/example_time_delta_sensor_async.py took 0.548 seconds
[2025-12-27T15:48:54.649+0000] {processor.py:161} INFO - Started process (PID=277) to work on /usr/local/lib/python3.11/site-packages/airflow/example_dags/example_time_delta_sensor_async.py
[2025-12-27T15:48:54.650+0000] {processor.py:830} INFO - Processing file /usr/local/lib/python3.11/site-packages/airflow/example_dags/example_time_delta_sensor_async.py for tasks to queue
[2025-12-27T15:48:54.653+0000] {logging_mixin.py:188} INFO - [2025-12-27T15:48:54.652+0000] {dagbag.py:545} INFO - Filling up the DagBag from /usr/local/lib/python3.11/site-packages/airflow/example_dags/example_time_delta_sensor_async.py
[2025-12-27T15:48:54.658+0000] {processor.py:840} INFO - DAG(s) 'example_time_delta_sensor_async' retrieved from /usr/local/lib/python3.11/site-packages/airflow/example_dags/example_time_delta_sensor_async.py
[2025-12-27T15:48:54.690+0000] {logging_mixin.py:188} INFO - [2025-12-27T15:48:54.690+0000] {dag.py:3096} INFO - Sync 1 DAGs
[2025-12-27T15:48:54.708+0000] {logging_mixin.py:188} INFO - [2025-12-27T15:48:54.708+0000] {dag.py:3954} INFO - Setting next_dagrun for example_time_delta_sensor_async to None, run_after=None
[2025-12-27T15:48:54.911+0000] {processor.py:183} INFO - Processing /usr/local/lib/python3.11/site-packages/airflow/example_dags/example_time_delta_sensor_async.py took 0.274 seconds
[2025-12-27T15:50:30.321+0000] {processor.py:161} INFO - Started process (PID=343) to work on /usr/local/lib/python3.11/site-packages/airflow/example_dags/example_time_delta_sensor_async.py
[2025-12-27T15:50:30.322+0000] {processor.py:830} INFO - Processing file /usr/local/lib/python3.11/site-packages/airflow/example_dags/example_time_delta_sensor_async.py for tasks to queue
[2025-12-27T15:50:30.434+0000] {logging_mixin.py:188} INFO - [2025-12-27T15:50:30.433+0000] {dagbag.py:545} INFO - Filling up the DagBag from /usr/local/lib/python3.11/site-packages/airflow/example_dags/example_time_delta_sensor_async.py
[2025-12-27T15:50:30.437+0000] {processor.py:840} INFO - DAG(s) 'example_time_delta_sensor_async' retrieved from /usr/local/lib/python3.11/site-packages/airflow/example_dags/example_time_delta_sensor_async.py
[2025-12-27T15:50:30.461+0000] {logging_mixin.py:188} INFO - [2025-12-27T15:50:30.461+0000] {dag.py:3096} INFO - Sync 1 DAGs
[2025-12-27T15:50:30.476+0000] {logging_mixin.py:188} INFO - [2025-12-27T15:50:30.476+0000] {dag.py:3954} INFO - Setting next_dagrun for example_time_delta_sensor_async to None, run_after=None
[2025-12-27T15:50:30.682+0000] {processor.py:183} INFO - Processing /usr/local/lib/python3.11/site-packages/airflow/example_dags/example_time_delta_sensor_async.py took 0.373 seconds
[2025-12-27T15:52:01.753+0000] {processor.py:161} INFO - Started process (PID=419) to work on /usr/local/lib/python3.11/site-packages/airflow/example_dags/example_time_delta_sensor_async.py
[2025-12-27T15:52:01.755+0000] {processor.py:830} INFO - Processing file /usr/local/lib/python3.11/site-packages/airflow/example_dags/example_time_delta_sensor_async.py for tasks to queue
[2025-12-27T15:52:01.757+0000] {logging_mixin.py:188} INFO - [2025-12-27T15:52:01.756+0000] {dagbag.py:545} INFO - Filling up the DagBag from /usr/local/lib/python3.11/site-packages/airflow/example_dags/example_time_delta_sensor_async.py
[2025-12-27T15:52:01.763+0000] {processor.py:840} INFO - DAG(s) 'example_time_delta_sensor_async' retrieved from /usr/local/lib/python3.11/site-packages/airflow/example_dags/example_time_delta_sensor_async.py
[2025-12-27T15:52:01.799+0000] {logging_mixin.py:188} INFO - [2025-12-27T15:52:01.799+0000] {dag.py:3096} INFO - Sync 1 DAGs
[2025-12-27T15:52:01.819+0000] {logging_mixin.py:188} INFO - [2025-12-27T15:52:01.819+0000] {dag.py:3954} INFO - Setting next_dagrun for example_time_delta_sensor_async to None, run_after=None
[2025-12-27T15:52:02.010+0000] {processor.py:183} INFO - Processing /usr/local/lib/python3.11/site-packages/airflow/example_dags/example_time_delta_sensor_async.py took 0.273 seconds
[2025-12-27T15:53:33.821+0000] {processor.py:161} INFO - Started process (PID=500) to work on /usr/local/lib/python3.11/site-packages/airflow/example_dags/example_time_delta_sensor_async.py
[2025-12-27T15:53:33.822+0000] {processor.py:830} INFO - Processing file /usr/local/lib/python3.11/site-packages/airflow/example_dags/example_time_delta_sensor_async.py for tasks to queue
[2025-12-27T15:53:33.825+0000] {logging_mixin.py:188} INFO - [2025-12-27T15:53:33.824+0000] {dagbag.py:545} INFO - Filling up the DagBag from /usr/local/lib/python3.11/site-packages/airflow/example_dags/example_time_delta_sensor_async.py
[2025-12-27T15:53:33.835+0000] {processor.py:840} INFO - DAG(s) 'example_time_delta_sensor_async' retrieved from /usr/local/lib/python3.11/site-packages/airflow/example_dags/example_time_delta_sensor_async.py
[2025-12-27T15:53:33.883+0000] {logging_mixin.py:188} INFO - [2025-12-27T15:53:33.882+0000] {dag.py:3096} INFO - Sync 1 DAGs
[2025-12-27T15:53:33.907+0000] {logging_mixin.py:188} INFO - [2025-12-27T15:53:33.907+0000] {dag.py:3954} INFO - Setting next_dagrun for example_time_delta_sensor_async to None, run_after=None
[2025-12-27T15:53:34.537+0000] {processor.py:183} INFO - Processing /usr/local/lib/python3.11/site-packages/airflow/example_dags/example_time_delta_sensor_async.py took 0.737 seconds
[2025-12-27T15:55:05.506+0000] {processor.py:161} INFO - Started process (PID=570) to work on /usr/local/lib/python3.11/site-packages/airflow/example_dags/example_time_delta_sensor_async.py
[2025-12-27T15:55:05.508+0000] {processor.py:830} INFO - Processing file /usr/local/lib/python3.11/site-packages/airflow/example_dags/example_time_delta_sensor_async.py for tasks to queue
[2025-12-27T15:55:05.510+0000] {logging_mixin.py:188} INFO - [2025-12-27T15:55:05.509+0000] {dagbag.py:545} INFO - Filling up the DagBag from /usr/local/lib/python3.11/site-packages/airflow/example_dags/example_time_delta_sensor_async.py
[2025-12-27T15:55:05.516+0000] {processor.py:840} INFO - DAG(s) 'example_time_delta_sensor_async' retrieved from /usr/local/lib/python3.11/site-packages/airflow/example_dags/example_time_delta_sensor_async.py
[2025-12-27T15:55:05.548+0000] {logging_mixin.py:188} INFO - [2025-12-27T15:55:05.548+0000] {dag.py:3096} INFO - Sync 1 DAGs
[2025-12-27T15:55:05.567+0000] {logging_mixin.py:188} INFO - [2025-12-27T15:55:05.567+0000] {dag.py:3954} INFO - Setting next_dagrun for example_time_delta_sensor_async to None, run_after=None
[2025-12-27T15:55:05.756+0000] {processor.py:183} INFO - Processing /usr/local/lib/python3.11/site-packages/airflow/example_dags/example_time_delta_sensor_async.py took 0.264 seconds
[2025-12-27T15:56:38.044+0000] {processor.py:161} INFO - Started process (PID=640) to work on /usr/local/lib/python3.11/site-packages/airflow/example_dags/example_time_delta_sensor_async.py
[2025-12-27T15:56:38.045+0000] {processor.py:830} INFO - Processing file /usr/local/lib/python3.11/site-packages/airflow/example_dags/example_time_delta_sensor_async.py for tasks to queue
[2025-12-27T15:56:38.047+0000] {logging_mixin.py:188} INFO - [2025-12-27T15:56:38.047+0000] {dagbag.py:545} INFO - Filling up the DagBag from /usr/local/lib/python3.11/site-packages/airflow/example_dags/example_time_delta_sensor_async.py
[2025-12-27T15:56:38.053+0000] {processor.py:840} INFO - DAG(s) 'example_time_delta_sensor_async' retrieved from /usr/local/lib/python3.11/site-packages/airflow/example_dags/example_time_delta_sensor_async.py
[2025-12-27T15:56:38.083+0000] {logging_mixin.py:188} INFO - [2025-12-27T15:56:38.083+0000] {dag.py:3096} INFO - Sync 1 DAGs
[2025-12-27T15:56:38.100+0000] {logging_mixin.py:188} INFO - [2025-12-27T15:56:38.100+0000] {dag.py:3954} INFO - Setting next_dagrun for example_time_delta_sensor_async to None, run_after=None
[2025-12-27T15:56:38.276+0000] {processor.py:183} INFO - Processing /usr/local/lib/python3.11/site-packages/airflow/example_dags/example_time_delta_sensor_async.py took 0.246 seconds
[2025-12-27T15:58:09.116+0000] {processor.py:161} INFO - Started process (PID=702) to work on /usr/local/lib/python3.11/site-packages/airflow/example_dags/example_time_delta_sensor_async.py
[2025-12-27T15:58:09.117+0000] {processor.py:830} INFO - Processing file /usr/local/lib/python3.11/site-packages/airflow/example_dags/example_time_delta_sensor_async.py for tasks to queue
[2025-12-27T15:58:09.119+0000] {logging_mixin.py:188} INFO - [2025-12-27T15:58:09.119+0000] {dagbag.py:545} INFO - Filling up the DagBag from /usr/local/lib/python3.11/site-packages/airflow/example_dags/example_time_delta_sensor_async.py
[2025-12-27T15:58:09.125+0000] {processor.py:840} INFO - DAG(s) 'example_time_delta_sensor_async' retrieved from /usr/local/lib/python3.11/site-packages/airflow/example_dags/example_time_delta_sensor_async.py
[2025-12-27T15:58:09.157+0000] {logging_mixin.py:188} INFO - [2025-12-27T15:58:09.157+0000] {dag.py:3096} INFO - Sync 1 DAGs
[2025-12-27T15:58:09.175+0000] {logging_mixin.py:188} INFO - [2025-12-27T15:58:09.175+0000] {dag.py:3954} INFO - Setting next_dagrun for example_time_delta_sensor_async to None, run_after=None
[2025-12-27T15:58:09.379+0000] {processor.py:183} INFO - Processing /usr/local/lib/python3.11/site-packages/airflow/example_dags/example_time_delta_sensor_async.py took 0.277 seconds
[2025-12-27T15:59:53.735+0000] {processor.py:161} INFO - Started process (PID=765) to work on /usr/local/lib/python3.11/site-packages/airflow/example_dags/example_time_delta_sensor_async.py
[2025-12-27T15:59:53.737+0000] {processor.py:830} INFO - Processing file /usr/local/lib/python3.11/site-packages/airflow/example_dags/example_time_delta_sensor_async.py for tasks to queue
[2025-12-27T15:59:53.739+0000] {logging_mixin.py:188} INFO - [2025-12-27T15:59:53.739+0000] {dagbag.py:545} INFO - Filling up the DagBag from /usr/local/lib/python3.11/site-packages/airflow/example_dags/example_time_delta_sensor_async.py
[2025-12-27T15:59:53.745+0000] {processor.py:840} INFO - DAG(s) 'example_time_delta_sensor_async' retrieved from /usr/local/lib/python3.11/site-packages/airflow/example_dags/example_time_delta_sensor_async.py
[2025-12-27T15:59:53.783+0000] {logging_mixin.py:188} INFO - [2025-12-27T15:59:53.782+0000] {dag.py:3096} INFO - Sync 1 DAGs
[2025-12-27T15:59:53.804+0000] {logging_mixin.py:188} INFO - [2025-12-27T15:59:53.804+0000] {dag.py:3954} INFO - Setting next_dagrun for example_time_delta_sensor_async to None, run_after=None
[2025-12-27T15:59:54.031+0000] {processor.py:183} INFO - Processing /usr/local/lib/python3.11/site-packages/airflow/example_dags/example_time_delta_sensor_async.py took 0.312 seconds
[2025-12-27T16:01:43.397+0000] {processor.py:161} INFO - Started process (PID=834) to work on /usr/local/lib/python3.11/site-packages/airflow/example_dags/example_time_delta_sensor_async.py
[2025-12-27T16:01:43.398+0000] {processor.py:830} INFO - Processing file /usr/local/lib/python3.11/site-packages/airflow/example_dags/example_time_delta_sensor_async.py for tasks to queue
[2025-12-27T16:01:43.400+0000] {logging_mixin.py:188} INFO - [2025-12-27T16:01:43.399+0000] {dagbag.py:545} INFO - Filling up the DagBag from /usr/local/lib/python3.11/site-packages/airflow/example_dags/example_time_delta_sensor_async.py
[2025-12-27T16:01:43.413+0000] {processor.py:840} INFO - DAG(s) 'example_time_delta_sensor_async' retrieved from /usr/local/lib/python3.11/site-packages/airflow/example_dags/example_time_delta_sensor_async.py
[2025-12-27T16:01:43.458+0000] {logging_mixin.py:188} INFO - [2025-12-27T16:01:43.458+0000] {dag.py:3096} INFO - Sync 1 DAGs
[2025-12-27T16:01:43.503+0000] {logging_mixin.py:188} INFO - [2025-12-27T16:01:43.502+0000] {dag.py:3954} INFO - Setting next_dagrun for example_time_delta_sensor_async to None, run_after=None
[2025-12-27T16:01:44.030+0000] {processor.py:183} INFO - Processing /usr/local/lib/python3.11/site-packages/airflow/example_dags/example_time_delta_sensor_async.py took 0.651 seconds
