[2025-12-27T13:46:28.097+0000] {processor.py:161} INFO - Started process (PID=56) to work on /usr/local/lib/python3.11/site-packages/airflow/example_dags/example_kubernetes_executor.py
[2025-12-27T13:46:28.098+0000] {processor.py:830} INFO - Processing file /usr/local/lib/python3.11/site-packages/airflow/example_dags/example_kubernetes_executor.py for tasks to queue
[2025-12-27T13:46:28.102+0000] {logging_mixin.py:188} INFO - [2025-12-27T13:46:28.101+0000] {dagbag.py:545} INFO - Filling up the DagBag from /usr/local/lib/python3.11/site-packages/airflow/example_dags/example_kubernetes_executor.py
[2025-12-27T13:46:28.111+0000] {logging_mixin.py:188} INFO - [2025-12-27T13:46:28.110+0000] {example_kubernetes_executor.py:39} WARNING - The example_kubernetes_executor example DAG requires the kubernetes provider. Please install it with: pip install apache-airflow[cncf.kubernetes]
[2025-12-27T13:46:28.112+0000] {processor.py:842} WARNING - No viable dags retrieved from /usr/local/lib/python3.11/site-packages/airflow/example_dags/example_kubernetes_executor.py
[2025-12-27T13:46:28.147+0000] {processor.py:183} INFO - Processing /usr/local/lib/python3.11/site-packages/airflow/example_dags/example_kubernetes_executor.py took 0.069 seconds
[2025-12-27T13:48:07.522+0000] {processor.py:161} INFO - Started process (PID=108) to work on /usr/local/lib/python3.11/site-packages/airflow/example_dags/example_kubernetes_executor.py
[2025-12-27T13:48:07.523+0000] {processor.py:830} INFO - Processing file /usr/local/lib/python3.11/site-packages/airflow/example_dags/example_kubernetes_executor.py for tasks to queue
[2025-12-27T13:48:07.526+0000] {logging_mixin.py:188} INFO - [2025-12-27T13:48:07.526+0000] {dagbag.py:545} INFO - Filling up the DagBag from /usr/local/lib/python3.11/site-packages/airflow/example_dags/example_kubernetes_executor.py
[2025-12-27T13:48:07.536+0000] {logging_mixin.py:188} INFO - [2025-12-27T13:48:07.536+0000] {example_kubernetes_executor.py:39} WARNING - The example_kubernetes_executor example DAG requires the kubernetes provider. Please install it with: pip install apache-airflow[cncf.kubernetes]
[2025-12-27T13:48:07.537+0000] {processor.py:842} WARNING - No viable dags retrieved from /usr/local/lib/python3.11/site-packages/airflow/example_dags/example_kubernetes_executor.py
[2025-12-27T13:48:07.563+0000] {processor.py:183} INFO - Processing /usr/local/lib/python3.11/site-packages/airflow/example_dags/example_kubernetes_executor.py took 0.054 seconds
[2025-12-27T13:49:40.771+0000] {processor.py:161} INFO - Started process (PID=171) to work on /usr/local/lib/python3.11/site-packages/airflow/example_dags/example_kubernetes_executor.py
[2025-12-27T13:49:40.773+0000] {processor.py:830} INFO - Processing file /usr/local/lib/python3.11/site-packages/airflow/example_dags/example_kubernetes_executor.py for tasks to queue
[2025-12-27T13:49:40.897+0000] {logging_mixin.py:188} INFO - [2025-12-27T13:49:40.897+0000] {dagbag.py:545} INFO - Filling up the DagBag from /usr/local/lib/python3.11/site-packages/airflow/example_dags/example_kubernetes_executor.py
[2025-12-27T13:49:40.906+0000] {logging_mixin.py:188} INFO - [2025-12-27T13:49:40.906+0000] {example_kubernetes_executor.py:39} WARNING - The example_kubernetes_executor example DAG requires the kubernetes provider. Please install it with: pip install apache-airflow[cncf.kubernetes]
[2025-12-27T13:49:40.907+0000] {processor.py:842} WARNING - No viable dags retrieved from /usr/local/lib/python3.11/site-packages/airflow/example_dags/example_kubernetes_executor.py
[2025-12-27T13:49:41.010+0000] {processor.py:183} INFO - Processing /usr/local/lib/python3.11/site-packages/airflow/example_dags/example_kubernetes_executor.py took 0.254 seconds
[2025-12-27T13:51:05.181+0000] {processor.py:161} INFO - Started process (PID=232) to work on /usr/local/lib/python3.11/site-packages/airflow/example_dags/example_kubernetes_executor.py
[2025-12-27T13:51:05.182+0000] {processor.py:830} INFO - Processing file /usr/local/lib/python3.11/site-packages/airflow/example_dags/example_kubernetes_executor.py for tasks to queue
[2025-12-27T13:51:05.187+0000] {logging_mixin.py:188} INFO - [2025-12-27T13:51:05.186+0000] {dagbag.py:545} INFO - Filling up the DagBag from /usr/local/lib/python3.11/site-packages/airflow/example_dags/example_kubernetes_executor.py
[2025-12-27T13:51:05.199+0000] {logging_mixin.py:188} INFO - [2025-12-27T13:51:05.199+0000] {example_kubernetes_executor.py:39} WARNING - The example_kubernetes_executor example DAG requires the kubernetes provider. Please install it with: pip install apache-airflow[cncf.kubernetes]
[2025-12-27T13:51:05.200+0000] {processor.py:842} WARNING - No viable dags retrieved from /usr/local/lib/python3.11/site-packages/airflow/example_dags/example_kubernetes_executor.py
[2025-12-27T13:51:05.242+0000] {processor.py:183} INFO - Processing /usr/local/lib/python3.11/site-packages/airflow/example_dags/example_kubernetes_executor.py took 0.084 seconds
[2025-12-27T13:52:28.883+0000] {processor.py:161} INFO - Started process (PID=292) to work on /usr/local/lib/python3.11/site-packages/airflow/example_dags/example_kubernetes_executor.py
[2025-12-27T13:52:28.884+0000] {processor.py:830} INFO - Processing file /usr/local/lib/python3.11/site-packages/airflow/example_dags/example_kubernetes_executor.py for tasks to queue
[2025-12-27T13:52:28.886+0000] {logging_mixin.py:188} INFO - [2025-12-27T13:52:28.886+0000] {dagbag.py:545} INFO - Filling up the DagBag from /usr/local/lib/python3.11/site-packages/airflow/example_dags/example_kubernetes_executor.py
[2025-12-27T13:52:28.895+0000] {logging_mixin.py:188} INFO - [2025-12-27T13:52:28.895+0000] {example_kubernetes_executor.py:39} WARNING - The example_kubernetes_executor example DAG requires the kubernetes provider. Please install it with: pip install apache-airflow[cncf.kubernetes]
[2025-12-27T13:52:28.896+0000] {processor.py:842} WARNING - No viable dags retrieved from /usr/local/lib/python3.11/site-packages/airflow/example_dags/example_kubernetes_executor.py
[2025-12-27T13:52:28.926+0000] {processor.py:183} INFO - Processing /usr/local/lib/python3.11/site-packages/airflow/example_dags/example_kubernetes_executor.py took 0.057 seconds
[2025-12-27T13:53:52.661+0000] {processor.py:161} INFO - Started process (PID=353) to work on /usr/local/lib/python3.11/site-packages/airflow/example_dags/example_kubernetes_executor.py
[2025-12-27T13:53:52.662+0000] {processor.py:830} INFO - Processing file /usr/local/lib/python3.11/site-packages/airflow/example_dags/example_kubernetes_executor.py for tasks to queue
[2025-12-27T13:53:52.665+0000] {logging_mixin.py:188} INFO - [2025-12-27T13:53:52.665+0000] {dagbag.py:545} INFO - Filling up the DagBag from /usr/local/lib/python3.11/site-packages/airflow/example_dags/example_kubernetes_executor.py
[2025-12-27T13:53:52.675+0000] {logging_mixin.py:188} INFO - [2025-12-27T13:53:52.674+0000] {example_kubernetes_executor.py:39} WARNING - The example_kubernetes_executor example DAG requires the kubernetes provider. Please install it with: pip install apache-airflow[cncf.kubernetes]
[2025-12-27T13:53:52.675+0000] {processor.py:842} WARNING - No viable dags retrieved from /usr/local/lib/python3.11/site-packages/airflow/example_dags/example_kubernetes_executor.py
[2025-12-27T13:53:52.696+0000] {processor.py:183} INFO - Processing /usr/local/lib/python3.11/site-packages/airflow/example_dags/example_kubernetes_executor.py took 0.069 seconds
[2025-12-27T13:55:17.654+0000] {processor.py:161} INFO - Started process (PID=415) to work on /usr/local/lib/python3.11/site-packages/airflow/example_dags/example_kubernetes_executor.py
[2025-12-27T13:55:17.656+0000] {processor.py:830} INFO - Processing file /usr/local/lib/python3.11/site-packages/airflow/example_dags/example_kubernetes_executor.py for tasks to queue
[2025-12-27T13:55:17.658+0000] {logging_mixin.py:188} INFO - [2025-12-27T13:55:17.658+0000] {dagbag.py:545} INFO - Filling up the DagBag from /usr/local/lib/python3.11/site-packages/airflow/example_dags/example_kubernetes_executor.py
[2025-12-27T13:55:17.668+0000] {logging_mixin.py:188} INFO - [2025-12-27T13:55:17.668+0000] {example_kubernetes_executor.py:39} WARNING - The example_kubernetes_executor example DAG requires the kubernetes provider. Please install it with: pip install apache-airflow[cncf.kubernetes]
[2025-12-27T13:55:17.669+0000] {processor.py:842} WARNING - No viable dags retrieved from /usr/local/lib/python3.11/site-packages/airflow/example_dags/example_kubernetes_executor.py
[2025-12-27T13:55:17.699+0000] {processor.py:183} INFO - Processing /usr/local/lib/python3.11/site-packages/airflow/example_dags/example_kubernetes_executor.py took 0.057 seconds
[2025-12-27T13:56:42.986+0000] {processor.py:161} INFO - Started process (PID=476) to work on /usr/local/lib/python3.11/site-packages/airflow/example_dags/example_kubernetes_executor.py
[2025-12-27T13:56:42.987+0000] {processor.py:830} INFO - Processing file /usr/local/lib/python3.11/site-packages/airflow/example_dags/example_kubernetes_executor.py for tasks to queue
[2025-12-27T13:56:42.990+0000] {logging_mixin.py:188} INFO - [2025-12-27T13:56:42.990+0000] {dagbag.py:545} INFO - Filling up the DagBag from /usr/local/lib/python3.11/site-packages/airflow/example_dags/example_kubernetes_executor.py
[2025-12-27T13:56:43.001+0000] {logging_mixin.py:188} INFO - [2025-12-27T13:56:43.001+0000] {example_kubernetes_executor.py:39} WARNING - The example_kubernetes_executor example DAG requires the kubernetes provider. Please install it with: pip install apache-airflow[cncf.kubernetes]
[2025-12-27T13:56:43.002+0000] {processor.py:842} WARNING - No viable dags retrieved from /usr/local/lib/python3.11/site-packages/airflow/example_dags/example_kubernetes_executor.py
[2025-12-27T13:56:43.028+0000] {processor.py:183} INFO - Processing /usr/local/lib/python3.11/site-packages/airflow/example_dags/example_kubernetes_executor.py took 0.059 seconds
[2025-12-27T13:58:09.145+0000] {processor.py:161} INFO - Started process (PID=537) to work on /usr/local/lib/python3.11/site-packages/airflow/example_dags/example_kubernetes_executor.py
[2025-12-27T13:58:09.146+0000] {processor.py:830} INFO - Processing file /usr/local/lib/python3.11/site-packages/airflow/example_dags/example_kubernetes_executor.py for tasks to queue
[2025-12-27T13:58:09.149+0000] {logging_mixin.py:188} INFO - [2025-12-27T13:58:09.149+0000] {dagbag.py:545} INFO - Filling up the DagBag from /usr/local/lib/python3.11/site-packages/airflow/example_dags/example_kubernetes_executor.py
[2025-12-27T13:58:09.159+0000] {logging_mixin.py:188} INFO - [2025-12-27T13:58:09.159+0000] {example_kubernetes_executor.py:39} WARNING - The example_kubernetes_executor example DAG requires the kubernetes provider. Please install it with: pip install apache-airflow[cncf.kubernetes]
[2025-12-27T13:58:09.160+0000] {processor.py:842} WARNING - No viable dags retrieved from /usr/local/lib/python3.11/site-packages/airflow/example_dags/example_kubernetes_executor.py
[2025-12-27T13:58:09.183+0000] {processor.py:183} INFO - Processing /usr/local/lib/python3.11/site-packages/airflow/example_dags/example_kubernetes_executor.py took 0.058 seconds
[2025-12-27T13:59:34.184+0000] {processor.py:161} INFO - Started process (PID=598) to work on /usr/local/lib/python3.11/site-packages/airflow/example_dags/example_kubernetes_executor.py
[2025-12-27T13:59:34.186+0000] {processor.py:830} INFO - Processing file /usr/local/lib/python3.11/site-packages/airflow/example_dags/example_kubernetes_executor.py for tasks to queue
[2025-12-27T13:59:34.188+0000] {logging_mixin.py:188} INFO - [2025-12-27T13:59:34.188+0000] {dagbag.py:545} INFO - Filling up the DagBag from /usr/local/lib/python3.11/site-packages/airflow/example_dags/example_kubernetes_executor.py
[2025-12-27T13:59:34.197+0000] {logging_mixin.py:188} INFO - [2025-12-27T13:59:34.197+0000] {example_kubernetes_executor.py:39} WARNING - The example_kubernetes_executor example DAG requires the kubernetes provider. Please install it with: pip install apache-airflow[cncf.kubernetes]
[2025-12-27T13:59:34.198+0000] {processor.py:842} WARNING - No viable dags retrieved from /usr/local/lib/python3.11/site-packages/airflow/example_dags/example_kubernetes_executor.py
[2025-12-27T13:59:34.222+0000] {processor.py:183} INFO - Processing /usr/local/lib/python3.11/site-packages/airflow/example_dags/example_kubernetes_executor.py took 0.057 seconds
[2025-12-27T14:01:09.977+0000] {processor.py:161} INFO - Started process (PID=663) to work on /usr/local/lib/python3.11/site-packages/airflow/example_dags/example_kubernetes_executor.py
[2025-12-27T14:01:09.978+0000] {processor.py:830} INFO - Processing file /usr/local/lib/python3.11/site-packages/airflow/example_dags/example_kubernetes_executor.py for tasks to queue
[2025-12-27T14:01:09.980+0000] {logging_mixin.py:188} INFO - [2025-12-27T14:01:09.980+0000] {dagbag.py:545} INFO - Filling up the DagBag from /usr/local/lib/python3.11/site-packages/airflow/example_dags/example_kubernetes_executor.py
[2025-12-27T14:01:09.990+0000] {logging_mixin.py:188} INFO - [2025-12-27T14:01:09.989+0000] {example_kubernetes_executor.py:39} WARNING - The example_kubernetes_executor example DAG requires the kubernetes provider. Please install it with: pip install apache-airflow[cncf.kubernetes]
[2025-12-27T14:01:09.991+0000] {processor.py:842} WARNING - No viable dags retrieved from /usr/local/lib/python3.11/site-packages/airflow/example_dags/example_kubernetes_executor.py
[2025-12-27T14:01:10.016+0000] {processor.py:183} INFO - Processing /usr/local/lib/python3.11/site-packages/airflow/example_dags/example_kubernetes_executor.py took 0.057 seconds
[2025-12-27T14:02:44.701+0000] {processor.py:161} INFO - Started process (PID=703) to work on /usr/local/lib/python3.11/site-packages/airflow/example_dags/example_kubernetes_executor.py
[2025-12-27T14:02:44.702+0000] {processor.py:830} INFO - Processing file /usr/local/lib/python3.11/site-packages/airflow/example_dags/example_kubernetes_executor.py for tasks to queue
[2025-12-27T14:02:44.706+0000] {logging_mixin.py:188} INFO - [2025-12-27T14:02:44.705+0000] {dagbag.py:545} INFO - Filling up the DagBag from /usr/local/lib/python3.11/site-packages/airflow/example_dags/example_kubernetes_executor.py
[2025-12-27T14:02:44.716+0000] {logging_mixin.py:188} INFO - [2025-12-27T14:02:44.715+0000] {example_kubernetes_executor.py:39} WARNING - The example_kubernetes_executor example DAG requires the kubernetes provider. Please install it with: pip install apache-airflow[cncf.kubernetes]
[2025-12-27T14:02:44.716+0000] {processor.py:842} WARNING - No viable dags retrieved from /usr/local/lib/python3.11/site-packages/airflow/example_dags/example_kubernetes_executor.py
[2025-12-27T14:02:44.747+0000] {processor.py:183} INFO - Processing /usr/local/lib/python3.11/site-packages/airflow/example_dags/example_kubernetes_executor.py took 0.067 seconds
[2025-12-27T14:03:52.317+0000] {processor.py:161} INFO - Started process (PID=747) to work on /usr/local/lib/python3.11/site-packages/airflow/example_dags/example_kubernetes_executor.py
[2025-12-27T14:03:52.318+0000] {processor.py:830} INFO - Processing file /usr/local/lib/python3.11/site-packages/airflow/example_dags/example_kubernetes_executor.py for tasks to queue
[2025-12-27T14:03:52.321+0000] {logging_mixin.py:188} INFO - [2025-12-27T14:03:52.320+0000] {dagbag.py:545} INFO - Filling up the DagBag from /usr/local/lib/python3.11/site-packages/airflow/example_dags/example_kubernetes_executor.py
[2025-12-27T14:03:52.329+0000] {logging_mixin.py:188} INFO - [2025-12-27T14:03:52.328+0000] {example_kubernetes_executor.py:39} WARNING - The example_kubernetes_executor example DAG requires the kubernetes provider. Please install it with: pip install apache-airflow[cncf.kubernetes]
[2025-12-27T14:03:52.329+0000] {processor.py:842} WARNING - No viable dags retrieved from /usr/local/lib/python3.11/site-packages/airflow/example_dags/example_kubernetes_executor.py
[2025-12-27T14:03:52.350+0000] {processor.py:183} INFO - Processing /usr/local/lib/python3.11/site-packages/airflow/example_dags/example_kubernetes_executor.py took 0.047 seconds
[2025-12-27T14:05:35.533+0000] {processor.py:161} INFO - Started process (PID=830) to work on /usr/local/lib/python3.11/site-packages/airflow/example_dags/example_kubernetes_executor.py
[2025-12-27T14:05:35.535+0000] {processor.py:830} INFO - Processing file /usr/local/lib/python3.11/site-packages/airflow/example_dags/example_kubernetes_executor.py for tasks to queue
[2025-12-27T14:05:35.542+0000] {logging_mixin.py:188} INFO - [2025-12-27T14:05:35.541+0000] {dagbag.py:545} INFO - Filling up the DagBag from /usr/local/lib/python3.11/site-packages/airflow/example_dags/example_kubernetes_executor.py
[2025-12-27T14:05:35.559+0000] {logging_mixin.py:188} INFO - [2025-12-27T14:05:35.558+0000] {example_kubernetes_executor.py:39} WARNING - The example_kubernetes_executor example DAG requires the kubernetes provider. Please install it with: pip install apache-airflow[cncf.kubernetes]
[2025-12-27T14:05:35.560+0000] {processor.py:842} WARNING - No viable dags retrieved from /usr/local/lib/python3.11/site-packages/airflow/example_dags/example_kubernetes_executor.py
[2025-12-27T14:05:35.600+0000] {processor.py:183} INFO - Processing /usr/local/lib/python3.11/site-packages/airflow/example_dags/example_kubernetes_executor.py took 0.087 seconds
[2025-12-27T14:07:23.213+0000] {processor.py:161} INFO - Started process (PID=898) to work on /usr/local/lib/python3.11/site-packages/airflow/example_dags/example_kubernetes_executor.py
[2025-12-27T14:07:23.216+0000] {processor.py:830} INFO - Processing file /usr/local/lib/python3.11/site-packages/airflow/example_dags/example_kubernetes_executor.py for tasks to queue
[2025-12-27T14:07:23.234+0000] {logging_mixin.py:188} INFO - [2025-12-27T14:07:23.233+0000] {dagbag.py:545} INFO - Filling up the DagBag from /usr/local/lib/python3.11/site-packages/airflow/example_dags/example_kubernetes_executor.py
[2025-12-27T14:07:23.249+0000] {logging_mixin.py:188} INFO - [2025-12-27T14:07:23.249+0000] {example_kubernetes_executor.py:39} WARNING - The example_kubernetes_executor example DAG requires the kubernetes provider. Please install it with: pip install apache-airflow[cncf.kubernetes]
[2025-12-27T14:07:23.250+0000] {processor.py:842} WARNING - No viable dags retrieved from /usr/local/lib/python3.11/site-packages/airflow/example_dags/example_kubernetes_executor.py
[2025-12-27T14:07:23.286+0000] {processor.py:183} INFO - Processing /usr/local/lib/python3.11/site-packages/airflow/example_dags/example_kubernetes_executor.py took 0.095 seconds
[2025-12-27T14:09:07.253+0000] {processor.py:161} INFO - Started process (PID=963) to work on /usr/local/lib/python3.11/site-packages/airflow/example_dags/example_kubernetes_executor.py
[2025-12-27T14:09:07.254+0000] {processor.py:830} INFO - Processing file /usr/local/lib/python3.11/site-packages/airflow/example_dags/example_kubernetes_executor.py for tasks to queue
[2025-12-27T14:09:07.256+0000] {logging_mixin.py:188} INFO - [2025-12-27T14:09:07.256+0000] {dagbag.py:545} INFO - Filling up the DagBag from /usr/local/lib/python3.11/site-packages/airflow/example_dags/example_kubernetes_executor.py
[2025-12-27T14:09:07.265+0000] {logging_mixin.py:188} INFO - [2025-12-27T14:09:07.265+0000] {example_kubernetes_executor.py:39} WARNING - The example_kubernetes_executor example DAG requires the kubernetes provider. Please install it with: pip install apache-airflow[cncf.kubernetes]
[2025-12-27T14:09:07.265+0000] {processor.py:842} WARNING - No viable dags retrieved from /usr/local/lib/python3.11/site-packages/airflow/example_dags/example_kubernetes_executor.py
[2025-12-27T14:09:07.291+0000] {processor.py:183} INFO - Processing /usr/local/lib/python3.11/site-packages/airflow/example_dags/example_kubernetes_executor.py took 0.053 seconds
[2025-12-27T14:10:49.254+0000] {processor.py:161} INFO - Started process (PID=1027) to work on /usr/local/lib/python3.11/site-packages/airflow/example_dags/example_kubernetes_executor.py
[2025-12-27T14:10:49.256+0000] {processor.py:830} INFO - Processing file /usr/local/lib/python3.11/site-packages/airflow/example_dags/example_kubernetes_executor.py for tasks to queue
[2025-12-27T14:10:49.259+0000] {logging_mixin.py:188} INFO - [2025-12-27T14:10:49.259+0000] {dagbag.py:545} INFO - Filling up the DagBag from /usr/local/lib/python3.11/site-packages/airflow/example_dags/example_kubernetes_executor.py
[2025-12-27T14:10:49.269+0000] {logging_mixin.py:188} INFO - [2025-12-27T14:10:49.269+0000] {example_kubernetes_executor.py:39} WARNING - The example_kubernetes_executor example DAG requires the kubernetes provider. Please install it with: pip install apache-airflow[cncf.kubernetes]
[2025-12-27T14:10:49.270+0000] {processor.py:842} WARNING - No viable dags retrieved from /usr/local/lib/python3.11/site-packages/airflow/example_dags/example_kubernetes_executor.py
[2025-12-27T14:10:49.300+0000] {processor.py:183} INFO - Processing /usr/local/lib/python3.11/site-packages/airflow/example_dags/example_kubernetes_executor.py took 0.065 seconds
[2025-12-27T14:13:01.756+0000] {processor.py:161} INFO - Started process (PID=1099) to work on /usr/local/lib/python3.11/site-packages/airflow/example_dags/example_kubernetes_executor.py
[2025-12-27T14:13:01.770+0000] {processor.py:830} INFO - Processing file /usr/local/lib/python3.11/site-packages/airflow/example_dags/example_kubernetes_executor.py for tasks to queue
[2025-12-27T14:13:01.773+0000] {logging_mixin.py:188} INFO - [2025-12-27T14:13:01.773+0000] {dagbag.py:545} INFO - Filling up the DagBag from /usr/local/lib/python3.11/site-packages/airflow/example_dags/example_kubernetes_executor.py
[2025-12-27T14:13:01.783+0000] {logging_mixin.py:188} INFO - [2025-12-27T14:13:01.783+0000] {example_kubernetes_executor.py:39} WARNING - The example_kubernetes_executor example DAG requires the kubernetes provider. Please install it with: pip install apache-airflow[cncf.kubernetes]
[2025-12-27T14:13:01.784+0000] {processor.py:842} WARNING - No viable dags retrieved from /usr/local/lib/python3.11/site-packages/airflow/example_dags/example_kubernetes_executor.py
[2025-12-27T14:13:01.815+0000] {processor.py:183} INFO - Processing /usr/local/lib/python3.11/site-packages/airflow/example_dags/example_kubernetes_executor.py took 0.079 seconds
[2025-12-27T14:14:58.681+0000] {processor.py:161} INFO - Started process (PID=1166) to work on /usr/local/lib/python3.11/site-packages/airflow/example_dags/example_kubernetes_executor.py
[2025-12-27T14:14:58.682+0000] {processor.py:830} INFO - Processing file /usr/local/lib/python3.11/site-packages/airflow/example_dags/example_kubernetes_executor.py for tasks to queue
[2025-12-27T14:14:58.684+0000] {logging_mixin.py:188} INFO - [2025-12-27T14:14:58.684+0000] {dagbag.py:545} INFO - Filling up the DagBag from /usr/local/lib/python3.11/site-packages/airflow/example_dags/example_kubernetes_executor.py
[2025-12-27T14:14:58.711+0000] {logging_mixin.py:188} INFO - [2025-12-27T14:14:58.711+0000] {example_kubernetes_executor.py:39} WARNING - The example_kubernetes_executor example DAG requires the kubernetes provider. Please install it with: pip install apache-airflow[cncf.kubernetes]
[2025-12-27T14:14:58.712+0000] {processor.py:842} WARNING - No viable dags retrieved from /usr/local/lib/python3.11/site-packages/airflow/example_dags/example_kubernetes_executor.py
[2025-12-27T14:14:58.753+0000] {processor.py:183} INFO - Processing /usr/local/lib/python3.11/site-packages/airflow/example_dags/example_kubernetes_executor.py took 0.092 seconds
[2025-12-27T14:32:26.760+0000] {processor.py:161} INFO - Started process (PID=52) to work on /usr/local/lib/python3.11/site-packages/airflow/example_dags/example_kubernetes_executor.py
[2025-12-27T14:32:26.762+0000] {processor.py:830} INFO - Processing file /usr/local/lib/python3.11/site-packages/airflow/example_dags/example_kubernetes_executor.py for tasks to queue
[2025-12-27T14:32:26.764+0000] {logging_mixin.py:188} INFO - [2025-12-27T14:32:26.764+0000] {dagbag.py:545} INFO - Filling up the DagBag from /usr/local/lib/python3.11/site-packages/airflow/example_dags/example_kubernetes_executor.py
[2025-12-27T14:32:26.771+0000] {logging_mixin.py:188} INFO - [2025-12-27T14:32:26.771+0000] {example_kubernetes_executor.py:39} WARNING - The example_kubernetes_executor example DAG requires the kubernetes provider. Please install it with: pip install apache-airflow[cncf.kubernetes]
[2025-12-27T14:32:26.772+0000] {processor.py:842} WARNING - No viable dags retrieved from /usr/local/lib/python3.11/site-packages/airflow/example_dags/example_kubernetes_executor.py
[2025-12-27T14:32:26.800+0000] {processor.py:183} INFO - Processing /usr/local/lib/python3.11/site-packages/airflow/example_dags/example_kubernetes_executor.py took 0.054 seconds
[2025-12-27T14:33:53.840+0000] {processor.py:161} INFO - Started process (PID=104) to work on /usr/local/lib/python3.11/site-packages/airflow/example_dags/example_kubernetes_executor.py
[2025-12-27T14:33:53.841+0000] {processor.py:830} INFO - Processing file /usr/local/lib/python3.11/site-packages/airflow/example_dags/example_kubernetes_executor.py for tasks to queue
[2025-12-27T14:33:53.843+0000] {logging_mixin.py:188} INFO - [2025-12-27T14:33:53.843+0000] {dagbag.py:545} INFO - Filling up the DagBag from /usr/local/lib/python3.11/site-packages/airflow/example_dags/example_kubernetes_executor.py
[2025-12-27T14:33:53.850+0000] {logging_mixin.py:188} INFO - [2025-12-27T14:33:53.850+0000] {example_kubernetes_executor.py:39} WARNING - The example_kubernetes_executor example DAG requires the kubernetes provider. Please install it with: pip install apache-airflow[cncf.kubernetes]
[2025-12-27T14:33:53.851+0000] {processor.py:842} WARNING - No viable dags retrieved from /usr/local/lib/python3.11/site-packages/airflow/example_dags/example_kubernetes_executor.py
[2025-12-27T14:33:53.873+0000] {processor.py:183} INFO - Processing /usr/local/lib/python3.11/site-packages/airflow/example_dags/example_kubernetes_executor.py took 0.047 seconds
[2025-12-27T14:35:42.292+0000] {processor.py:161} INFO - Started process (PID=171) to work on /usr/local/lib/python3.11/site-packages/airflow/example_dags/example_kubernetes_executor.py
[2025-12-27T14:35:42.294+0000] {processor.py:830} INFO - Processing file /usr/local/lib/python3.11/site-packages/airflow/example_dags/example_kubernetes_executor.py for tasks to queue
[2025-12-27T14:35:42.296+0000] {logging_mixin.py:188} INFO - [2025-12-27T14:35:42.296+0000] {dagbag.py:545} INFO - Filling up the DagBag from /usr/local/lib/python3.11/site-packages/airflow/example_dags/example_kubernetes_executor.py
[2025-12-27T14:35:42.304+0000] {logging_mixin.py:188} INFO - [2025-12-27T14:35:42.303+0000] {example_kubernetes_executor.py:39} WARNING - The example_kubernetes_executor example DAG requires the kubernetes provider. Please install it with: pip install apache-airflow[cncf.kubernetes]
[2025-12-27T14:35:42.304+0000] {processor.py:842} WARNING - No viable dags retrieved from /usr/local/lib/python3.11/site-packages/airflow/example_dags/example_kubernetes_executor.py
[2025-12-27T14:35:42.330+0000] {processor.py:183} INFO - Processing /usr/local/lib/python3.11/site-packages/airflow/example_dags/example_kubernetes_executor.py took 0.054 seconds
[2025-12-27T14:53:44.340+0000] {processor.py:161} INFO - Started process (PID=56) to work on /usr/local/lib/python3.11/site-packages/airflow/example_dags/example_kubernetes_executor.py
[2025-12-27T14:53:44.341+0000] {processor.py:830} INFO - Processing file /usr/local/lib/python3.11/site-packages/airflow/example_dags/example_kubernetes_executor.py for tasks to queue
[2025-12-27T14:53:44.344+0000] {logging_mixin.py:188} INFO - [2025-12-27T14:53:44.344+0000] {dagbag.py:545} INFO - Filling up the DagBag from /usr/local/lib/python3.11/site-packages/airflow/example_dags/example_kubernetes_executor.py
[2025-12-27T14:53:44.351+0000] {logging_mixin.py:188} INFO - [2025-12-27T14:53:44.351+0000] {example_kubernetes_executor.py:39} WARNING - The example_kubernetes_executor example DAG requires the kubernetes provider. Please install it with: pip install apache-airflow[cncf.kubernetes]
[2025-12-27T14:53:44.352+0000] {processor.py:842} WARNING - No viable dags retrieved from /usr/local/lib/python3.11/site-packages/airflow/example_dags/example_kubernetes_executor.py
[2025-12-27T14:53:44.375+0000] {processor.py:183} INFO - Processing /usr/local/lib/python3.11/site-packages/airflow/example_dags/example_kubernetes_executor.py took 0.048 seconds
[2025-12-27T14:55:42.712+0000] {processor.py:161} INFO - Started process (PID=108) to work on /usr/local/lib/python3.11/site-packages/airflow/example_dags/example_kubernetes_executor.py
[2025-12-27T14:55:42.713+0000] {processor.py:830} INFO - Processing file /usr/local/lib/python3.11/site-packages/airflow/example_dags/example_kubernetes_executor.py for tasks to queue
[2025-12-27T14:55:42.717+0000] {logging_mixin.py:188} INFO - [2025-12-27T14:55:42.717+0000] {dagbag.py:545} INFO - Filling up the DagBag from /usr/local/lib/python3.11/site-packages/airflow/example_dags/example_kubernetes_executor.py
[2025-12-27T14:55:42.729+0000] {logging_mixin.py:188} INFO - [2025-12-27T14:55:42.728+0000] {example_kubernetes_executor.py:39} WARNING - The example_kubernetes_executor example DAG requires the kubernetes provider. Please install it with: pip install apache-airflow[cncf.kubernetes]
[2025-12-27T14:55:42.730+0000] {processor.py:842} WARNING - No viable dags retrieved from /usr/local/lib/python3.11/site-packages/airflow/example_dags/example_kubernetes_executor.py
[2025-12-27T14:55:42.789+0000] {processor.py:183} INFO - Processing /usr/local/lib/python3.11/site-packages/airflow/example_dags/example_kubernetes_executor.py took 0.096 seconds
[2025-12-27T14:57:30.528+0000] {processor.py:161} INFO - Started process (PID=175) to work on /usr/local/lib/python3.11/site-packages/airflow/example_dags/example_kubernetes_executor.py
[2025-12-27T14:57:30.529+0000] {processor.py:830} INFO - Processing file /usr/local/lib/python3.11/site-packages/airflow/example_dags/example_kubernetes_executor.py for tasks to queue
[2025-12-27T14:57:30.532+0000] {logging_mixin.py:188} INFO - [2025-12-27T14:57:30.531+0000] {dagbag.py:545} INFO - Filling up the DagBag from /usr/local/lib/python3.11/site-packages/airflow/example_dags/example_kubernetes_executor.py
[2025-12-27T14:57:30.546+0000] {logging_mixin.py:188} INFO - [2025-12-27T14:57:30.546+0000] {example_kubernetes_executor.py:39} WARNING - The example_kubernetes_executor example DAG requires the kubernetes provider. Please install it with: pip install apache-airflow[cncf.kubernetes]
[2025-12-27T14:57:30.548+0000] {processor.py:842} WARNING - No viable dags retrieved from /usr/local/lib/python3.11/site-packages/airflow/example_dags/example_kubernetes_executor.py
[2025-12-27T14:57:30.580+0000] {processor.py:183} INFO - Processing /usr/local/lib/python3.11/site-packages/airflow/example_dags/example_kubernetes_executor.py took 0.071 seconds
[2025-12-27T14:59:29.230+0000] {processor.py:161} INFO - Started process (PID=255) to work on /usr/local/lib/python3.11/site-packages/airflow/example_dags/example_kubernetes_executor.py
[2025-12-27T14:59:29.232+0000] {processor.py:830} INFO - Processing file /usr/local/lib/python3.11/site-packages/airflow/example_dags/example_kubernetes_executor.py for tasks to queue
[2025-12-27T14:59:29.235+0000] {logging_mixin.py:188} INFO - [2025-12-27T14:59:29.234+0000] {dagbag.py:545} INFO - Filling up the DagBag from /usr/local/lib/python3.11/site-packages/airflow/example_dags/example_kubernetes_executor.py
[2025-12-27T14:59:29.244+0000] {logging_mixin.py:188} INFO - [2025-12-27T14:59:29.244+0000] {example_kubernetes_executor.py:39} WARNING - The example_kubernetes_executor example DAG requires the kubernetes provider. Please install it with: pip install apache-airflow[cncf.kubernetes]
[2025-12-27T14:59:29.245+0000] {processor.py:842} WARNING - No viable dags retrieved from /usr/local/lib/python3.11/site-packages/airflow/example_dags/example_kubernetes_executor.py
[2025-12-27T14:59:29.276+0000] {processor.py:183} INFO - Processing /usr/local/lib/python3.11/site-packages/airflow/example_dags/example_kubernetes_executor.py took 0.066 seconds
[2025-12-27T15:00:40.544+0000] {processor.py:161} INFO - Started process (PID=296) to work on /usr/local/lib/python3.11/site-packages/airflow/example_dags/example_kubernetes_executor.py
[2025-12-27T15:00:40.545+0000] {processor.py:830} INFO - Processing file /usr/local/lib/python3.11/site-packages/airflow/example_dags/example_kubernetes_executor.py for tasks to queue
[2025-12-27T15:00:40.548+0000] {logging_mixin.py:188} INFO - [2025-12-27T15:00:40.548+0000] {dagbag.py:545} INFO - Filling up the DagBag from /usr/local/lib/python3.11/site-packages/airflow/example_dags/example_kubernetes_executor.py
[2025-12-27T15:00:40.554+0000] {logging_mixin.py:188} INFO - [2025-12-27T15:00:40.554+0000] {example_kubernetes_executor.py:39} WARNING - The example_kubernetes_executor example DAG requires the kubernetes provider. Please install it with: pip install apache-airflow[cncf.kubernetes]
[2025-12-27T15:00:40.555+0000] {processor.py:842} WARNING - No viable dags retrieved from /usr/local/lib/python3.11/site-packages/airflow/example_dags/example_kubernetes_executor.py
[2025-12-27T15:00:40.581+0000] {processor.py:183} INFO - Processing /usr/local/lib/python3.11/site-packages/airflow/example_dags/example_kubernetes_executor.py took 0.053 seconds
[2025-12-27T15:02:30.980+0000] {processor.py:161} INFO - Started process (PID=371) to work on /usr/local/lib/python3.11/site-packages/airflow/example_dags/example_kubernetes_executor.py
[2025-12-27T15:02:30.987+0000] {processor.py:830} INFO - Processing file /usr/local/lib/python3.11/site-packages/airflow/example_dags/example_kubernetes_executor.py for tasks to queue
[2025-12-27T15:02:31.010+0000] {logging_mixin.py:188} INFO - [2025-12-27T15:02:31.009+0000] {dagbag.py:545} INFO - Filling up the DagBag from /usr/local/lib/python3.11/site-packages/airflow/example_dags/example_kubernetes_executor.py
[2025-12-27T15:02:31.091+0000] {logging_mixin.py:188} INFO - [2025-12-27T15:02:31.091+0000] {example_kubernetes_executor.py:39} WARNING - The example_kubernetes_executor example DAG requires the kubernetes provider. Please install it with: pip install apache-airflow[cncf.kubernetes]
[2025-12-27T15:02:31.105+0000] {processor.py:842} WARNING - No viable dags retrieved from /usr/local/lib/python3.11/site-packages/airflow/example_dags/example_kubernetes_executor.py
[2025-12-27T15:02:31.375+0000] {processor.py:183} INFO - Processing /usr/local/lib/python3.11/site-packages/airflow/example_dags/example_kubernetes_executor.py took 0.459 seconds
[2025-12-27T15:03:33.205+0000] {processor.py:161} INFO - Started process (PID=410) to work on /usr/local/lib/python3.11/site-packages/airflow/example_dags/example_kubernetes_executor.py
[2025-12-27T15:03:33.207+0000] {processor.py:830} INFO - Processing file /usr/local/lib/python3.11/site-packages/airflow/example_dags/example_kubernetes_executor.py for tasks to queue
[2025-12-27T15:03:33.209+0000] {logging_mixin.py:188} INFO - [2025-12-27T15:03:33.209+0000] {dagbag.py:545} INFO - Filling up the DagBag from /usr/local/lib/python3.11/site-packages/airflow/example_dags/example_kubernetes_executor.py
[2025-12-27T15:03:33.217+0000] {logging_mixin.py:188} INFO - [2025-12-27T15:03:33.217+0000] {example_kubernetes_executor.py:39} WARNING - The example_kubernetes_executor example DAG requires the kubernetes provider. Please install it with: pip install apache-airflow[cncf.kubernetes]
[2025-12-27T15:03:33.217+0000] {processor.py:842} WARNING - No viable dags retrieved from /usr/local/lib/python3.11/site-packages/airflow/example_dags/example_kubernetes_executor.py
[2025-12-27T15:03:33.245+0000] {processor.py:183} INFO - Processing /usr/local/lib/python3.11/site-packages/airflow/example_dags/example_kubernetes_executor.py took 0.053 seconds
[2025-12-27T15:05:00.535+0000] {processor.py:161} INFO - Started process (PID=471) to work on /usr/local/lib/python3.11/site-packages/airflow/example_dags/example_kubernetes_executor.py
[2025-12-27T15:05:00.537+0000] {processor.py:830} INFO - Processing file /usr/local/lib/python3.11/site-packages/airflow/example_dags/example_kubernetes_executor.py for tasks to queue
[2025-12-27T15:05:00.541+0000] {logging_mixin.py:188} INFO - [2025-12-27T15:05:00.540+0000] {dagbag.py:545} INFO - Filling up the DagBag from /usr/local/lib/python3.11/site-packages/airflow/example_dags/example_kubernetes_executor.py
[2025-12-27T15:05:00.551+0000] {logging_mixin.py:188} INFO - [2025-12-27T15:05:00.551+0000] {example_kubernetes_executor.py:39} WARNING - The example_kubernetes_executor example DAG requires the kubernetes provider. Please install it with: pip install apache-airflow[cncf.kubernetes]
[2025-12-27T15:05:00.552+0000] {processor.py:842} WARNING - No viable dags retrieved from /usr/local/lib/python3.11/site-packages/airflow/example_dags/example_kubernetes_executor.py
[2025-12-27T15:05:00.591+0000] {processor.py:183} INFO - Processing /usr/local/lib/python3.11/site-packages/airflow/example_dags/example_kubernetes_executor.py took 0.079 seconds
[2025-12-27T15:06:29.343+0000] {processor.py:161} INFO - Started process (PID=533) to work on /usr/local/lib/python3.11/site-packages/airflow/example_dags/example_kubernetes_executor.py
[2025-12-27T15:06:29.345+0000] {processor.py:830} INFO - Processing file /usr/local/lib/python3.11/site-packages/airflow/example_dags/example_kubernetes_executor.py for tasks to queue
[2025-12-27T15:06:29.347+0000] {logging_mixin.py:188} INFO - [2025-12-27T15:06:29.347+0000] {dagbag.py:545} INFO - Filling up the DagBag from /usr/local/lib/python3.11/site-packages/airflow/example_dags/example_kubernetes_executor.py
[2025-12-27T15:06:29.356+0000] {logging_mixin.py:188} INFO - [2025-12-27T15:06:29.356+0000] {example_kubernetes_executor.py:39} WARNING - The example_kubernetes_executor example DAG requires the kubernetes provider. Please install it with: pip install apache-airflow[cncf.kubernetes]
[2025-12-27T15:06:29.357+0000] {processor.py:842} WARNING - No viable dags retrieved from /usr/local/lib/python3.11/site-packages/airflow/example_dags/example_kubernetes_executor.py
[2025-12-27T15:06:29.391+0000] {processor.py:183} INFO - Processing /usr/local/lib/python3.11/site-packages/airflow/example_dags/example_kubernetes_executor.py took 0.061 seconds
[2025-12-27T15:08:01.060+0000] {processor.py:161} INFO - Started process (PID=596) to work on /usr/local/lib/python3.11/site-packages/airflow/example_dags/example_kubernetes_executor.py
[2025-12-27T15:08:01.061+0000] {processor.py:830} INFO - Processing file /usr/local/lib/python3.11/site-packages/airflow/example_dags/example_kubernetes_executor.py for tasks to queue
[2025-12-27T15:08:01.064+0000] {logging_mixin.py:188} INFO - [2025-12-27T15:08:01.063+0000] {dagbag.py:545} INFO - Filling up the DagBag from /usr/local/lib/python3.11/site-packages/airflow/example_dags/example_kubernetes_executor.py
[2025-12-27T15:08:01.072+0000] {logging_mixin.py:188} INFO - [2025-12-27T15:08:01.072+0000] {example_kubernetes_executor.py:39} WARNING - The example_kubernetes_executor example DAG requires the kubernetes provider. Please install it with: pip install apache-airflow[cncf.kubernetes]
[2025-12-27T15:08:01.073+0000] {processor.py:842} WARNING - No viable dags retrieved from /usr/local/lib/python3.11/site-packages/airflow/example_dags/example_kubernetes_executor.py
[2025-12-27T15:08:01.100+0000] {processor.py:183} INFO - Processing /usr/local/lib/python3.11/site-packages/airflow/example_dags/example_kubernetes_executor.py took 0.055 seconds
[2025-12-27T15:09:47.762+0000] {processor.py:161} INFO - Started process (PID=663) to work on /usr/local/lib/python3.11/site-packages/airflow/example_dags/example_kubernetes_executor.py
[2025-12-27T15:09:47.764+0000] {processor.py:830} INFO - Processing file /usr/local/lib/python3.11/site-packages/airflow/example_dags/example_kubernetes_executor.py for tasks to queue
[2025-12-27T15:09:47.767+0000] {logging_mixin.py:188} INFO - [2025-12-27T15:09:47.767+0000] {dagbag.py:545} INFO - Filling up the DagBag from /usr/local/lib/python3.11/site-packages/airflow/example_dags/example_kubernetes_executor.py
[2025-12-27T15:09:47.777+0000] {logging_mixin.py:188} INFO - [2025-12-27T15:09:47.777+0000] {example_kubernetes_executor.py:39} WARNING - The example_kubernetes_executor example DAG requires the kubernetes provider. Please install it with: pip install apache-airflow[cncf.kubernetes]
[2025-12-27T15:09:47.780+0000] {processor.py:842} WARNING - No viable dags retrieved from /usr/local/lib/python3.11/site-packages/airflow/example_dags/example_kubernetes_executor.py
[2025-12-27T15:09:47.822+0000] {processor.py:183} INFO - Processing /usr/local/lib/python3.11/site-packages/airflow/example_dags/example_kubernetes_executor.py took 0.081 seconds
[2025-12-27T15:11:38.127+0000] {processor.py:161} INFO - Started process (PID=731) to work on /usr/local/lib/python3.11/site-packages/airflow/example_dags/example_kubernetes_executor.py
[2025-12-27T15:11:38.129+0000] {processor.py:830} INFO - Processing file /usr/local/lib/python3.11/site-packages/airflow/example_dags/example_kubernetes_executor.py for tasks to queue
[2025-12-27T15:11:38.132+0000] {logging_mixin.py:188} INFO - [2025-12-27T15:11:38.131+0000] {dagbag.py:545} INFO - Filling up the DagBag from /usr/local/lib/python3.11/site-packages/airflow/example_dags/example_kubernetes_executor.py
[2025-12-27T15:11:38.143+0000] {logging_mixin.py:188} INFO - [2025-12-27T15:11:38.142+0000] {example_kubernetes_executor.py:39} WARNING - The example_kubernetes_executor example DAG requires the kubernetes provider. Please install it with: pip install apache-airflow[cncf.kubernetes]
[2025-12-27T15:11:38.144+0000] {processor.py:842} WARNING - No viable dags retrieved from /usr/local/lib/python3.11/site-packages/airflow/example_dags/example_kubernetes_executor.py
[2025-12-27T15:11:38.191+0000] {processor.py:183} INFO - Processing /usr/local/lib/python3.11/site-packages/airflow/example_dags/example_kubernetes_executor.py took 0.082 seconds
[2025-12-27T15:13:10.946+0000] {processor.py:161} INFO - Started process (PID=794) to work on /usr/local/lib/python3.11/site-packages/airflow/example_dags/example_kubernetes_executor.py
[2025-12-27T15:13:10.948+0000] {processor.py:830} INFO - Processing file /usr/local/lib/python3.11/site-packages/airflow/example_dags/example_kubernetes_executor.py for tasks to queue
[2025-12-27T15:13:10.950+0000] {logging_mixin.py:188} INFO - [2025-12-27T15:13:10.950+0000] {dagbag.py:545} INFO - Filling up the DagBag from /usr/local/lib/python3.11/site-packages/airflow/example_dags/example_kubernetes_executor.py
[2025-12-27T15:13:10.958+0000] {logging_mixin.py:188} INFO - [2025-12-27T15:13:10.958+0000] {example_kubernetes_executor.py:39} WARNING - The example_kubernetes_executor example DAG requires the kubernetes provider. Please install it with: pip install apache-airflow[cncf.kubernetes]
[2025-12-27T15:13:10.959+0000] {processor.py:842} WARNING - No viable dags retrieved from /usr/local/lib/python3.11/site-packages/airflow/example_dags/example_kubernetes_executor.py
[2025-12-27T15:13:10.988+0000] {processor.py:183} INFO - Processing /usr/local/lib/python3.11/site-packages/airflow/example_dags/example_kubernetes_executor.py took 0.055 seconds
[2025-12-27T15:14:49.342+0000] {processor.py:161} INFO - Started process (PID=857) to work on /usr/local/lib/python3.11/site-packages/airflow/example_dags/example_kubernetes_executor.py
[2025-12-27T15:14:49.346+0000] {processor.py:830} INFO - Processing file /usr/local/lib/python3.11/site-packages/airflow/example_dags/example_kubernetes_executor.py for tasks to queue
[2025-12-27T15:14:49.356+0000] {logging_mixin.py:188} INFO - [2025-12-27T15:14:49.355+0000] {dagbag.py:545} INFO - Filling up the DagBag from /usr/local/lib/python3.11/site-packages/airflow/example_dags/example_kubernetes_executor.py
[2025-12-27T15:14:49.376+0000] {logging_mixin.py:188} INFO - [2025-12-27T15:14:49.376+0000] {example_kubernetes_executor.py:39} WARNING - The example_kubernetes_executor example DAG requires the kubernetes provider. Please install it with: pip install apache-airflow[cncf.kubernetes]
[2025-12-27T15:14:49.377+0000] {processor.py:842} WARNING - No viable dags retrieved from /usr/local/lib/python3.11/site-packages/airflow/example_dags/example_kubernetes_executor.py
[2025-12-27T15:14:49.444+0000] {processor.py:183} INFO - Processing /usr/local/lib/python3.11/site-packages/airflow/example_dags/example_kubernetes_executor.py took 0.129 seconds
[2025-12-27T15:16:39.885+0000] {processor.py:161} INFO - Started process (PID=924) to work on /usr/local/lib/python3.11/site-packages/airflow/example_dags/example_kubernetes_executor.py
[2025-12-27T15:16:39.886+0000] {processor.py:830} INFO - Processing file /usr/local/lib/python3.11/site-packages/airflow/example_dags/example_kubernetes_executor.py for tasks to queue
[2025-12-27T15:16:39.889+0000] {logging_mixin.py:188} INFO - [2025-12-27T15:16:39.889+0000] {dagbag.py:545} INFO - Filling up the DagBag from /usr/local/lib/python3.11/site-packages/airflow/example_dags/example_kubernetes_executor.py
[2025-12-27T15:16:39.898+0000] {logging_mixin.py:188} INFO - [2025-12-27T15:16:39.897+0000] {example_kubernetes_executor.py:39} WARNING - The example_kubernetes_executor example DAG requires the kubernetes provider. Please install it with: pip install apache-airflow[cncf.kubernetes]
[2025-12-27T15:16:39.898+0000] {processor.py:842} WARNING - No viable dags retrieved from /usr/local/lib/python3.11/site-packages/airflow/example_dags/example_kubernetes_executor.py
[2025-12-27T15:16:39.930+0000] {processor.py:183} INFO - Processing /usr/local/lib/python3.11/site-packages/airflow/example_dags/example_kubernetes_executor.py took 0.065 seconds
[2025-12-27T15:18:23.893+0000] {processor.py:161} INFO - Started process (PID=991) to work on /usr/local/lib/python3.11/site-packages/airflow/example_dags/example_kubernetes_executor.py
[2025-12-27T15:18:23.894+0000] {processor.py:830} INFO - Processing file /usr/local/lib/python3.11/site-packages/airflow/example_dags/example_kubernetes_executor.py for tasks to queue
[2025-12-27T15:18:23.897+0000] {logging_mixin.py:188} INFO - [2025-12-27T15:18:23.897+0000] {dagbag.py:545} INFO - Filling up the DagBag from /usr/local/lib/python3.11/site-packages/airflow/example_dags/example_kubernetes_executor.py
[2025-12-27T15:18:23.906+0000] {logging_mixin.py:188} INFO - [2025-12-27T15:18:23.905+0000] {example_kubernetes_executor.py:39} WARNING - The example_kubernetes_executor example DAG requires the kubernetes provider. Please install it with: pip install apache-airflow[cncf.kubernetes]
[2025-12-27T15:18:23.908+0000] {processor.py:842} WARNING - No viable dags retrieved from /usr/local/lib/python3.11/site-packages/airflow/example_dags/example_kubernetes_executor.py
[2025-12-27T15:18:23.939+0000] {processor.py:183} INFO - Processing /usr/local/lib/python3.11/site-packages/airflow/example_dags/example_kubernetes_executor.py took 0.066 seconds
[2025-12-27T15:20:10.043+0000] {processor.py:161} INFO - Started process (PID=1057) to work on /usr/local/lib/python3.11/site-packages/airflow/example_dags/example_kubernetes_executor.py
[2025-12-27T15:20:10.044+0000] {processor.py:830} INFO - Processing file /usr/local/lib/python3.11/site-packages/airflow/example_dags/example_kubernetes_executor.py for tasks to queue
[2025-12-27T15:20:10.049+0000] {logging_mixin.py:188} INFO - [2025-12-27T15:20:10.048+0000] {dagbag.py:545} INFO - Filling up the DagBag from /usr/local/lib/python3.11/site-packages/airflow/example_dags/example_kubernetes_executor.py
[2025-12-27T15:20:10.054+0000] {logging_mixin.py:188} INFO - [2025-12-27T15:20:10.054+0000] {example_kubernetes_executor.py:39} WARNING - The example_kubernetes_executor example DAG requires the kubernetes provider. Please install it with: pip install apache-airflow[cncf.kubernetes]
[2025-12-27T15:20:10.055+0000] {processor.py:842} WARNING - No viable dags retrieved from /usr/local/lib/python3.11/site-packages/airflow/example_dags/example_kubernetes_executor.py
[2025-12-27T15:20:10.078+0000] {processor.py:183} INFO - Processing /usr/local/lib/python3.11/site-packages/airflow/example_dags/example_kubernetes_executor.py took 0.057 seconds
[2025-12-27T15:31:11.425+0000] {processor.py:161} INFO - Started process (PID=51) to work on /usr/local/lib/python3.11/site-packages/airflow/example_dags/example_kubernetes_executor.py
[2025-12-27T15:31:11.426+0000] {processor.py:830} INFO - Processing file /usr/local/lib/python3.11/site-packages/airflow/example_dags/example_kubernetes_executor.py for tasks to queue
[2025-12-27T15:31:11.428+0000] {logging_mixin.py:188} INFO - [2025-12-27T15:31:11.428+0000] {dagbag.py:545} INFO - Filling up the DagBag from /usr/local/lib/python3.11/site-packages/airflow/example_dags/example_kubernetes_executor.py
[2025-12-27T15:31:11.437+0000] {logging_mixin.py:188} INFO - [2025-12-27T15:31:11.437+0000] {example_kubernetes_executor.py:39} WARNING - The example_kubernetes_executor example DAG requires the kubernetes provider. Please install it with: pip install apache-airflow[cncf.kubernetes]
[2025-12-27T15:31:11.438+0000] {processor.py:842} WARNING - No viable dags retrieved from /usr/local/lib/python3.11/site-packages/airflow/example_dags/example_kubernetes_executor.py
[2025-12-27T15:31:11.468+0000] {processor.py:183} INFO - Processing /usr/local/lib/python3.11/site-packages/airflow/example_dags/example_kubernetes_executor.py took 0.061 seconds
[2025-12-27T15:32:44.619+0000] {processor.py:161} INFO - Started process (PID=103) to work on /usr/local/lib/python3.11/site-packages/airflow/example_dags/example_kubernetes_executor.py
[2025-12-27T15:32:44.621+0000] {processor.py:830} INFO - Processing file /usr/local/lib/python3.11/site-packages/airflow/example_dags/example_kubernetes_executor.py for tasks to queue
[2025-12-27T15:32:44.623+0000] {logging_mixin.py:188} INFO - [2025-12-27T15:32:44.623+0000] {dagbag.py:545} INFO - Filling up the DagBag from /usr/local/lib/python3.11/site-packages/airflow/example_dags/example_kubernetes_executor.py
[2025-12-27T15:32:44.640+0000] {logging_mixin.py:188} INFO - [2025-12-27T15:32:44.640+0000] {example_kubernetes_executor.py:39} WARNING - The example_kubernetes_executor example DAG requires the kubernetes provider. Please install it with: pip install apache-airflow[cncf.kubernetes]
[2025-12-27T15:32:44.645+0000] {processor.py:842} WARNING - No viable dags retrieved from /usr/local/lib/python3.11/site-packages/airflow/example_dags/example_kubernetes_executor.py
[2025-12-27T15:32:44.721+0000] {processor.py:183} INFO - Processing /usr/local/lib/python3.11/site-packages/airflow/example_dags/example_kubernetes_executor.py took 0.115 seconds
[2025-12-27T15:34:23.066+0000] {processor.py:161} INFO - Started process (PID=168) to work on /usr/local/lib/python3.11/site-packages/airflow/example_dags/example_kubernetes_executor.py
[2025-12-27T15:34:23.067+0000] {processor.py:830} INFO - Processing file /usr/local/lib/python3.11/site-packages/airflow/example_dags/example_kubernetes_executor.py for tasks to queue
[2025-12-27T15:34:23.070+0000] {logging_mixin.py:188} INFO - [2025-12-27T15:34:23.069+0000] {dagbag.py:545} INFO - Filling up the DagBag from /usr/local/lib/python3.11/site-packages/airflow/example_dags/example_kubernetes_executor.py
[2025-12-27T15:34:23.078+0000] {logging_mixin.py:188} INFO - [2025-12-27T15:34:23.077+0000] {example_kubernetes_executor.py:39} WARNING - The example_kubernetes_executor example DAG requires the kubernetes provider. Please install it with: pip install apache-airflow[cncf.kubernetes]
[2025-12-27T15:34:23.078+0000] {processor.py:842} WARNING - No viable dags retrieved from /usr/local/lib/python3.11/site-packages/airflow/example_dags/example_kubernetes_executor.py
[2025-12-27T15:34:23.102+0000] {processor.py:183} INFO - Processing /usr/local/lib/python3.11/site-packages/airflow/example_dags/example_kubernetes_executor.py took 0.048 seconds
[2025-12-27T15:35:53.613+0000] {processor.py:161} INFO - Started process (PID=231) to work on /usr/local/lib/python3.11/site-packages/airflow/example_dags/example_kubernetes_executor.py
[2025-12-27T15:35:53.614+0000] {processor.py:830} INFO - Processing file /usr/local/lib/python3.11/site-packages/airflow/example_dags/example_kubernetes_executor.py for tasks to queue
[2025-12-27T15:35:53.617+0000] {logging_mixin.py:188} INFO - [2025-12-27T15:35:53.616+0000] {dagbag.py:545} INFO - Filling up the DagBag from /usr/local/lib/python3.11/site-packages/airflow/example_dags/example_kubernetes_executor.py
[2025-12-27T15:35:53.625+0000] {logging_mixin.py:188} INFO - [2025-12-27T15:35:53.625+0000] {example_kubernetes_executor.py:39} WARNING - The example_kubernetes_executor example DAG requires the kubernetes provider. Please install it with: pip install apache-airflow[cncf.kubernetes]
[2025-12-27T15:35:53.626+0000] {processor.py:842} WARNING - No viable dags retrieved from /usr/local/lib/python3.11/site-packages/airflow/example_dags/example_kubernetes_executor.py
[2025-12-27T15:35:53.654+0000] {processor.py:183} INFO - Processing /usr/local/lib/python3.11/site-packages/airflow/example_dags/example_kubernetes_executor.py took 0.053 seconds
[2025-12-27T15:37:31.924+0000] {processor.py:161} INFO - Started process (PID=295) to work on /usr/local/lib/python3.11/site-packages/airflow/example_dags/example_kubernetes_executor.py
[2025-12-27T15:37:31.925+0000] {processor.py:830} INFO - Processing file /usr/local/lib/python3.11/site-packages/airflow/example_dags/example_kubernetes_executor.py for tasks to queue
[2025-12-27T15:37:31.927+0000] {logging_mixin.py:188} INFO - [2025-12-27T15:37:31.927+0000] {dagbag.py:545} INFO - Filling up the DagBag from /usr/local/lib/python3.11/site-packages/airflow/example_dags/example_kubernetes_executor.py
[2025-12-27T15:37:31.934+0000] {logging_mixin.py:188} INFO - [2025-12-27T15:37:31.933+0000] {example_kubernetes_executor.py:39} WARNING - The example_kubernetes_executor example DAG requires the kubernetes provider. Please install it with: pip install apache-airflow[cncf.kubernetes]
[2025-12-27T15:37:31.934+0000] {processor.py:842} WARNING - No viable dags retrieved from /usr/local/lib/python3.11/site-packages/airflow/example_dags/example_kubernetes_executor.py
[2025-12-27T15:37:31.960+0000] {processor.py:183} INFO - Processing /usr/local/lib/python3.11/site-packages/airflow/example_dags/example_kubernetes_executor.py took 0.049 seconds
[2025-12-27T15:39:03.159+0000] {processor.py:161} INFO - Started process (PID=357) to work on /usr/local/lib/python3.11/site-packages/airflow/example_dags/example_kubernetes_executor.py
[2025-12-27T15:39:03.160+0000] {processor.py:830} INFO - Processing file /usr/local/lib/python3.11/site-packages/airflow/example_dags/example_kubernetes_executor.py for tasks to queue
[2025-12-27T15:39:03.164+0000] {logging_mixin.py:188} INFO - [2025-12-27T15:39:03.163+0000] {dagbag.py:545} INFO - Filling up the DagBag from /usr/local/lib/python3.11/site-packages/airflow/example_dags/example_kubernetes_executor.py
[2025-12-27T15:39:03.172+0000] {logging_mixin.py:188} INFO - [2025-12-27T15:39:03.172+0000] {example_kubernetes_executor.py:39} WARNING - The example_kubernetes_executor example DAG requires the kubernetes provider. Please install it with: pip install apache-airflow[cncf.kubernetes]
[2025-12-27T15:39:03.173+0000] {processor.py:842} WARNING - No viable dags retrieved from /usr/local/lib/python3.11/site-packages/airflow/example_dags/example_kubernetes_executor.py
[2025-12-27T15:39:03.202+0000] {processor.py:183} INFO - Processing /usr/local/lib/python3.11/site-packages/airflow/example_dags/example_kubernetes_executor.py took 0.060 seconds
[2025-12-27T15:40:48.823+0000] {processor.py:161} INFO - Started process (PID=422) to work on /usr/local/lib/python3.11/site-packages/airflow/example_dags/example_kubernetes_executor.py
[2025-12-27T15:40:48.826+0000] {processor.py:830} INFO - Processing file /usr/local/lib/python3.11/site-packages/airflow/example_dags/example_kubernetes_executor.py for tasks to queue
[2025-12-27T15:40:48.830+0000] {logging_mixin.py:188} INFO - [2025-12-27T15:40:48.829+0000] {dagbag.py:545} INFO - Filling up the DagBag from /usr/local/lib/python3.11/site-packages/airflow/example_dags/example_kubernetes_executor.py
[2025-12-27T15:40:48.840+0000] {logging_mixin.py:188} INFO - [2025-12-27T15:40:48.840+0000] {example_kubernetes_executor.py:39} WARNING - The example_kubernetes_executor example DAG requires the kubernetes provider. Please install it with: pip install apache-airflow[cncf.kubernetes]
[2025-12-27T15:40:48.841+0000] {processor.py:842} WARNING - No viable dags retrieved from /usr/local/lib/python3.11/site-packages/airflow/example_dags/example_kubernetes_executor.py
[2025-12-27T15:40:48.888+0000] {processor.py:183} INFO - Processing /usr/local/lib/python3.11/site-packages/airflow/example_dags/example_kubernetes_executor.py took 0.088 seconds
[2025-12-27T15:44:09.819+0000] {processor.py:161} INFO - Started process (PID=55) to work on /usr/local/lib/python3.11/site-packages/airflow/example_dags/example_kubernetes_executor.py
[2025-12-27T15:44:09.820+0000] {processor.py:830} INFO - Processing file /usr/local/lib/python3.11/site-packages/airflow/example_dags/example_kubernetes_executor.py for tasks to queue
[2025-12-27T15:44:09.823+0000] {logging_mixin.py:188} INFO - [2025-12-27T15:44:09.822+0000] {dagbag.py:545} INFO - Filling up the DagBag from /usr/local/lib/python3.11/site-packages/airflow/example_dags/example_kubernetes_executor.py
[2025-12-27T15:44:09.831+0000] {logging_mixin.py:188} INFO - [2025-12-27T15:44:09.830+0000] {example_kubernetes_executor.py:39} WARNING - The example_kubernetes_executor example DAG requires the kubernetes provider. Please install it with: pip install apache-airflow[cncf.kubernetes]
[2025-12-27T15:44:09.831+0000] {processor.py:842} WARNING - No viable dags retrieved from /usr/local/lib/python3.11/site-packages/airflow/example_dags/example_kubernetes_executor.py
[2025-12-27T15:44:09.863+0000] {processor.py:183} INFO - Processing /usr/local/lib/python3.11/site-packages/airflow/example_dags/example_kubernetes_executor.py took 0.061 seconds
[2025-12-27T15:45:29.201+0000] {processor.py:161} INFO - Started process (PID=107) to work on /usr/local/lib/python3.11/site-packages/airflow/example_dags/example_kubernetes_executor.py
[2025-12-27T15:45:29.202+0000] {processor.py:830} INFO - Processing file /usr/local/lib/python3.11/site-packages/airflow/example_dags/example_kubernetes_executor.py for tasks to queue
[2025-12-27T15:45:29.204+0000] {logging_mixin.py:188} INFO - [2025-12-27T15:45:29.204+0000] {dagbag.py:545} INFO - Filling up the DagBag from /usr/local/lib/python3.11/site-packages/airflow/example_dags/example_kubernetes_executor.py
[2025-12-27T15:45:29.211+0000] {logging_mixin.py:188} INFO - [2025-12-27T15:45:29.211+0000] {example_kubernetes_executor.py:39} WARNING - The example_kubernetes_executor example DAG requires the kubernetes provider. Please install it with: pip install apache-airflow[cncf.kubernetes]
[2025-12-27T15:45:29.212+0000] {processor.py:842} WARNING - No viable dags retrieved from /usr/local/lib/python3.11/site-packages/airflow/example_dags/example_kubernetes_executor.py
[2025-12-27T15:45:29.236+0000] {processor.py:183} INFO - Processing /usr/local/lib/python3.11/site-packages/airflow/example_dags/example_kubernetes_executor.py took 0.048 seconds
[2025-12-27T15:47:11.393+0000] {processor.py:161} INFO - Started process (PID=196) to work on /usr/local/lib/python3.11/site-packages/airflow/example_dags/example_kubernetes_executor.py
[2025-12-27T15:47:11.394+0000] {processor.py:830} INFO - Processing file /usr/local/lib/python3.11/site-packages/airflow/example_dags/example_kubernetes_executor.py for tasks to queue
[2025-12-27T15:47:11.396+0000] {logging_mixin.py:188} INFO - [2025-12-27T15:47:11.396+0000] {dagbag.py:545} INFO - Filling up the DagBag from /usr/local/lib/python3.11/site-packages/airflow/example_dags/example_kubernetes_executor.py
[2025-12-27T15:47:11.404+0000] {logging_mixin.py:188} INFO - [2025-12-27T15:47:11.404+0000] {example_kubernetes_executor.py:39} WARNING - The example_kubernetes_executor example DAG requires the kubernetes provider. Please install it with: pip install apache-airflow[cncf.kubernetes]
[2025-12-27T15:47:11.405+0000] {processor.py:842} WARNING - No viable dags retrieved from /usr/local/lib/python3.11/site-packages/airflow/example_dags/example_kubernetes_executor.py
[2025-12-27T15:47:11.433+0000] {processor.py:183} INFO - Processing /usr/local/lib/python3.11/site-packages/airflow/example_dags/example_kubernetes_executor.py took 0.053 seconds
[2025-12-27T15:48:46.859+0000] {processor.py:161} INFO - Started process (PID=271) to work on /usr/local/lib/python3.11/site-packages/airflow/example_dags/example_kubernetes_executor.py
[2025-12-27T15:48:46.861+0000] {processor.py:830} INFO - Processing file /usr/local/lib/python3.11/site-packages/airflow/example_dags/example_kubernetes_executor.py for tasks to queue
[2025-12-27T15:48:46.863+0000] {logging_mixin.py:188} INFO - [2025-12-27T15:48:46.862+0000] {dagbag.py:545} INFO - Filling up the DagBag from /usr/local/lib/python3.11/site-packages/airflow/example_dags/example_kubernetes_executor.py
[2025-12-27T15:48:46.871+0000] {logging_mixin.py:188} INFO - [2025-12-27T15:48:46.871+0000] {example_kubernetes_executor.py:39} WARNING - The example_kubernetes_executor example DAG requires the kubernetes provider. Please install it with: pip install apache-airflow[cncf.kubernetes]
[2025-12-27T15:48:46.872+0000] {processor.py:842} WARNING - No viable dags retrieved from /usr/local/lib/python3.11/site-packages/airflow/example_dags/example_kubernetes_executor.py
[2025-12-27T15:48:46.898+0000] {processor.py:183} INFO - Processing /usr/local/lib/python3.11/site-packages/airflow/example_dags/example_kubernetes_executor.py took 0.053 seconds
[2025-12-27T15:50:21.672+0000] {processor.py:161} INFO - Started process (PID=337) to work on /usr/local/lib/python3.11/site-packages/airflow/example_dags/example_kubernetes_executor.py
[2025-12-27T15:50:21.673+0000] {processor.py:830} INFO - Processing file /usr/local/lib/python3.11/site-packages/airflow/example_dags/example_kubernetes_executor.py for tasks to queue
[2025-12-27T15:50:21.676+0000] {logging_mixin.py:188} INFO - [2025-12-27T15:50:21.675+0000] {dagbag.py:545} INFO - Filling up the DagBag from /usr/local/lib/python3.11/site-packages/airflow/example_dags/example_kubernetes_executor.py
[2025-12-27T15:50:21.682+0000] {logging_mixin.py:188} INFO - [2025-12-27T15:50:21.682+0000] {example_kubernetes_executor.py:39} WARNING - The example_kubernetes_executor example DAG requires the kubernetes provider. Please install it with: pip install apache-airflow[cncf.kubernetes]
[2025-12-27T15:50:21.683+0000] {processor.py:842} WARNING - No viable dags retrieved from /usr/local/lib/python3.11/site-packages/airflow/example_dags/example_kubernetes_executor.py
[2025-12-27T15:50:21.720+0000] {processor.py:183} INFO - Processing /usr/local/lib/python3.11/site-packages/airflow/example_dags/example_kubernetes_executor.py took 0.065 seconds
[2025-12-27T15:51:52.833+0000] {processor.py:161} INFO - Started process (PID=413) to work on /usr/local/lib/python3.11/site-packages/airflow/example_dags/example_kubernetes_executor.py
[2025-12-27T15:51:52.835+0000] {processor.py:830} INFO - Processing file /usr/local/lib/python3.11/site-packages/airflow/example_dags/example_kubernetes_executor.py for tasks to queue
[2025-12-27T15:51:52.838+0000] {logging_mixin.py:188} INFO - [2025-12-27T15:51:52.838+0000] {dagbag.py:545} INFO - Filling up the DagBag from /usr/local/lib/python3.11/site-packages/airflow/example_dags/example_kubernetes_executor.py
[2025-12-27T15:51:52.847+0000] {logging_mixin.py:188} INFO - [2025-12-27T15:51:52.847+0000] {example_kubernetes_executor.py:39} WARNING - The example_kubernetes_executor example DAG requires the kubernetes provider. Please install it with: pip install apache-airflow[cncf.kubernetes]
[2025-12-27T15:51:52.849+0000] {processor.py:842} WARNING - No viable dags retrieved from /usr/local/lib/python3.11/site-packages/airflow/example_dags/example_kubernetes_executor.py
[2025-12-27T15:51:52.886+0000] {processor.py:183} INFO - Processing /usr/local/lib/python3.11/site-packages/airflow/example_dags/example_kubernetes_executor.py took 0.070 seconds
[2025-12-27T15:53:24.945+0000] {processor.py:161} INFO - Started process (PID=494) to work on /usr/local/lib/python3.11/site-packages/airflow/example_dags/example_kubernetes_executor.py
[2025-12-27T15:53:24.947+0000] {processor.py:830} INFO - Processing file /usr/local/lib/python3.11/site-packages/airflow/example_dags/example_kubernetes_executor.py for tasks to queue
[2025-12-27T15:53:24.950+0000] {logging_mixin.py:188} INFO - [2025-12-27T15:53:24.949+0000] {dagbag.py:545} INFO - Filling up the DagBag from /usr/local/lib/python3.11/site-packages/airflow/example_dags/example_kubernetes_executor.py
[2025-12-27T15:53:24.960+0000] {logging_mixin.py:188} INFO - [2025-12-27T15:53:24.960+0000] {example_kubernetes_executor.py:39} WARNING - The example_kubernetes_executor example DAG requires the kubernetes provider. Please install it with: pip install apache-airflow[cncf.kubernetes]
[2025-12-27T15:53:24.961+0000] {processor.py:842} WARNING - No viable dags retrieved from /usr/local/lib/python3.11/site-packages/airflow/example_dags/example_kubernetes_executor.py
[2025-12-27T15:53:25.001+0000] {processor.py:183} INFO - Processing /usr/local/lib/python3.11/site-packages/airflow/example_dags/example_kubernetes_executor.py took 0.079 seconds
[2025-12-27T15:54:56.760+0000] {processor.py:161} INFO - Started process (PID=564) to work on /usr/local/lib/python3.11/site-packages/airflow/example_dags/example_kubernetes_executor.py
[2025-12-27T15:54:56.761+0000] {processor.py:830} INFO - Processing file /usr/local/lib/python3.11/site-packages/airflow/example_dags/example_kubernetes_executor.py for tasks to queue
[2025-12-27T15:54:56.763+0000] {logging_mixin.py:188} INFO - [2025-12-27T15:54:56.763+0000] {dagbag.py:545} INFO - Filling up the DagBag from /usr/local/lib/python3.11/site-packages/airflow/example_dags/example_kubernetes_executor.py
[2025-12-27T15:54:56.772+0000] {logging_mixin.py:188} INFO - [2025-12-27T15:54:56.771+0000] {example_kubernetes_executor.py:39} WARNING - The example_kubernetes_executor example DAG requires the kubernetes provider. Please install it with: pip install apache-airflow[cncf.kubernetes]
[2025-12-27T15:54:56.773+0000] {processor.py:842} WARNING - No viable dags retrieved from /usr/local/lib/python3.11/site-packages/airflow/example_dags/example_kubernetes_executor.py
[2025-12-27T15:54:56.806+0000] {processor.py:183} INFO - Processing /usr/local/lib/python3.11/site-packages/airflow/example_dags/example_kubernetes_executor.py took 0.063 seconds
[2025-12-27T15:56:30.892+0000] {processor.py:161} INFO - Started process (PID=634) to work on /usr/local/lib/python3.11/site-packages/airflow/example_dags/example_kubernetes_executor.py
[2025-12-27T15:56:30.893+0000] {processor.py:830} INFO - Processing file /usr/local/lib/python3.11/site-packages/airflow/example_dags/example_kubernetes_executor.py for tasks to queue
[2025-12-27T15:56:30.896+0000] {logging_mixin.py:188} INFO - [2025-12-27T15:56:30.895+0000] {dagbag.py:545} INFO - Filling up the DagBag from /usr/local/lib/python3.11/site-packages/airflow/example_dags/example_kubernetes_executor.py
[2025-12-27T15:56:30.903+0000] {logging_mixin.py:188} INFO - [2025-12-27T15:56:30.903+0000] {example_kubernetes_executor.py:39} WARNING - The example_kubernetes_executor example DAG requires the kubernetes provider. Please install it with: pip install apache-airflow[cncf.kubernetes]
[2025-12-27T15:56:30.904+0000] {processor.py:842} WARNING - No viable dags retrieved from /usr/local/lib/python3.11/site-packages/airflow/example_dags/example_kubernetes_executor.py
[2025-12-27T15:56:30.933+0000] {processor.py:183} INFO - Processing /usr/local/lib/python3.11/site-packages/airflow/example_dags/example_kubernetes_executor.py took 0.054 seconds
[2025-12-27T15:58:00.922+0000] {processor.py:161} INFO - Started process (PID=696) to work on /usr/local/lib/python3.11/site-packages/airflow/example_dags/example_kubernetes_executor.py
[2025-12-27T15:58:00.923+0000] {processor.py:830} INFO - Processing file /usr/local/lib/python3.11/site-packages/airflow/example_dags/example_kubernetes_executor.py for tasks to queue
[2025-12-27T15:58:00.925+0000] {logging_mixin.py:188} INFO - [2025-12-27T15:58:00.925+0000] {dagbag.py:545} INFO - Filling up the DagBag from /usr/local/lib/python3.11/site-packages/airflow/example_dags/example_kubernetes_executor.py
[2025-12-27T15:58:00.934+0000] {logging_mixin.py:188} INFO - [2025-12-27T15:58:00.934+0000] {example_kubernetes_executor.py:39} WARNING - The example_kubernetes_executor example DAG requires the kubernetes provider. Please install it with: pip install apache-airflow[cncf.kubernetes]
[2025-12-27T15:58:00.935+0000] {processor.py:842} WARNING - No viable dags retrieved from /usr/local/lib/python3.11/site-packages/airflow/example_dags/example_kubernetes_executor.py
[2025-12-27T15:58:00.967+0000] {processor.py:183} INFO - Processing /usr/local/lib/python3.11/site-packages/airflow/example_dags/example_kubernetes_executor.py took 0.058 seconds
[2025-12-27T15:59:44.503+0000] {processor.py:161} INFO - Started process (PID=759) to work on /usr/local/lib/python3.11/site-packages/airflow/example_dags/example_kubernetes_executor.py
[2025-12-27T15:59:44.505+0000] {processor.py:830} INFO - Processing file /usr/local/lib/python3.11/site-packages/airflow/example_dags/example_kubernetes_executor.py for tasks to queue
[2025-12-27T15:59:44.507+0000] {logging_mixin.py:188} INFO - [2025-12-27T15:59:44.507+0000] {dagbag.py:545} INFO - Filling up the DagBag from /usr/local/lib/python3.11/site-packages/airflow/example_dags/example_kubernetes_executor.py
[2025-12-27T15:59:44.515+0000] {logging_mixin.py:188} INFO - [2025-12-27T15:59:44.514+0000] {example_kubernetes_executor.py:39} WARNING - The example_kubernetes_executor example DAG requires the kubernetes provider. Please install it with: pip install apache-airflow[cncf.kubernetes]
[2025-12-27T15:59:44.515+0000] {processor.py:842} WARNING - No viable dags retrieved from /usr/local/lib/python3.11/site-packages/airflow/example_dags/example_kubernetes_executor.py
[2025-12-27T15:59:44.541+0000] {processor.py:183} INFO - Processing /usr/local/lib/python3.11/site-packages/airflow/example_dags/example_kubernetes_executor.py took 0.052 seconds
[2025-12-27T16:01:34.098+0000] {processor.py:161} INFO - Started process (PID=828) to work on /usr/local/lib/python3.11/site-packages/airflow/example_dags/example_kubernetes_executor.py
[2025-12-27T16:01:34.105+0000] {processor.py:830} INFO - Processing file /usr/local/lib/python3.11/site-packages/airflow/example_dags/example_kubernetes_executor.py for tasks to queue
[2025-12-27T16:01:34.118+0000] {logging_mixin.py:188} INFO - [2025-12-27T16:01:34.118+0000] {dagbag.py:545} INFO - Filling up the DagBag from /usr/local/lib/python3.11/site-packages/airflow/example_dags/example_kubernetes_executor.py
[2025-12-27T16:01:34.138+0000] {logging_mixin.py:188} INFO - [2025-12-27T16:01:34.138+0000] {example_kubernetes_executor.py:39} WARNING - The example_kubernetes_executor example DAG requires the kubernetes provider. Please install it with: pip install apache-airflow[cncf.kubernetes]
[2025-12-27T16:01:34.140+0000] {processor.py:842} WARNING - No viable dags retrieved from /usr/local/lib/python3.11/site-packages/airflow/example_dags/example_kubernetes_executor.py
[2025-12-27T16:01:34.227+0000] {processor.py:183} INFO - Processing /usr/local/lib/python3.11/site-packages/airflow/example_dags/example_kubernetes_executor.py took 0.204 seconds
