[2025-12-27T13:47:06.918+0000] {processor.py:161} INFO - Started process (PID=73) to work on /usr/local/lib/python3.11/site-packages/airflow/example_dags/example_branch_day_of_week_operator.py
[2025-12-27T13:47:06.919+0000] {processor.py:830} INFO - Processing file /usr/local/lib/python3.11/site-packages/airflow/example_dags/example_branch_day_of_week_operator.py for tasks to queue
[2025-12-27T13:47:06.923+0000] {logging_mixin.py:188} INFO - [2025-12-27T13:47:06.922+0000] {dagbag.py:545} INFO - Filling up the DagBag from /usr/local/lib/python3.11/site-packages/airflow/example_dags/example_branch_day_of_week_operator.py
[2025-12-27T13:47:06.955+0000] {processor.py:840} INFO - DAG(s) 'example_weekday_branch_operator' retrieved from /usr/local/lib/python3.11/site-packages/airflow/example_dags/example_branch_day_of_week_operator.py
[2025-12-27T13:47:07.915+0000] {logging_mixin.py:188} INFO - [2025-12-27T13:47:07.913+0000] {override.py:1930} INFO - Created Permission View: can edit on DAG:example_weekday_branch_operator
[2025-12-27T13:47:08.231+0000] {logging_mixin.py:188} INFO - [2025-12-27T13:47:08.230+0000] {override.py:1930} INFO - Created Permission View: can read on DAG:example_weekday_branch_operator
[2025-12-27T13:47:08.377+0000] {logging_mixin.py:188} INFO - [2025-12-27T13:47:08.376+0000] {override.py:1930} INFO - Created Permission View: can delete on DAG:example_weekday_branch_operator
[2025-12-27T13:47:08.378+0000] {logging_mixin.py:188} INFO - [2025-12-27T13:47:08.378+0000] {dag.py:3096} INFO - Sync 1 DAGs
[2025-12-27T13:47:08.586+0000] {logging_mixin.py:188} INFO - [2025-12-27T13:47:08.585+0000] {dag.py:3118} INFO - Creating ORM DAG for example_weekday_branch_operator
[2025-12-27T13:47:08.608+0000] {logging_mixin.py:188} INFO - [2025-12-27T13:47:08.607+0000] {dag.py:3954} INFO - Setting next_dagrun for example_weekday_branch_operator to 2025-12-26 00:00:00+00:00, run_after=2025-12-27 00:00:00+00:00
[2025-12-27T13:47:08.847+0000] {processor.py:183} INFO - Processing /usr/local/lib/python3.11/site-packages/airflow/example_dags/example_branch_day_of_week_operator.py took 1.945 seconds
[2025-12-27T13:48:53.502+0000] {processor.py:161} INFO - Started process (PID=141) to work on /usr/local/lib/python3.11/site-packages/airflow/example_dags/example_branch_day_of_week_operator.py
[2025-12-27T13:48:53.503+0000] {processor.py:830} INFO - Processing file /usr/local/lib/python3.11/site-packages/airflow/example_dags/example_branch_day_of_week_operator.py for tasks to queue
[2025-12-27T13:48:53.507+0000] {logging_mixin.py:188} INFO - [2025-12-27T13:48:53.506+0000] {dagbag.py:545} INFO - Filling up the DagBag from /usr/local/lib/python3.11/site-packages/airflow/example_dags/example_branch_day_of_week_operator.py
[2025-12-27T13:48:53.521+0000] {processor.py:840} INFO - DAG(s) 'example_weekday_branch_operator' retrieved from /usr/local/lib/python3.11/site-packages/airflow/example_dags/example_branch_day_of_week_operator.py
[2025-12-27T13:48:53.554+0000] {logging_mixin.py:188} INFO - [2025-12-27T13:48:53.554+0000] {dag.py:3096} INFO - Sync 1 DAGs
[2025-12-27T13:48:53.721+0000] {logging_mixin.py:188} INFO - [2025-12-27T13:48:53.721+0000] {dag.py:3954} INFO - Setting next_dagrun for example_weekday_branch_operator to 2025-12-26 00:00:00+00:00, run_after=2025-12-27 00:00:00+00:00
[2025-12-27T13:48:53.914+0000] {processor.py:183} INFO - Processing /usr/local/lib/python3.11/site-packages/airflow/example_dags/example_branch_day_of_week_operator.py took 0.429 seconds
[2025-12-27T13:50:30.908+0000] {processor.py:161} INFO - Started process (PID=206) to work on /usr/local/lib/python3.11/site-packages/airflow/example_dags/example_branch_day_of_week_operator.py
[2025-12-27T13:50:30.909+0000] {processor.py:830} INFO - Processing file /usr/local/lib/python3.11/site-packages/airflow/example_dags/example_branch_day_of_week_operator.py for tasks to queue
[2025-12-27T13:50:30.911+0000] {logging_mixin.py:188} INFO - [2025-12-27T13:50:30.911+0000] {dagbag.py:545} INFO - Filling up the DagBag from /usr/local/lib/python3.11/site-packages/airflow/example_dags/example_branch_day_of_week_operator.py
[2025-12-27T13:50:30.921+0000] {processor.py:840} INFO - DAG(s) 'example_weekday_branch_operator' retrieved from /usr/local/lib/python3.11/site-packages/airflow/example_dags/example_branch_day_of_week_operator.py
[2025-12-27T13:50:30.954+0000] {logging_mixin.py:188} INFO - [2025-12-27T13:50:30.954+0000] {dag.py:3096} INFO - Sync 1 DAGs
[2025-12-27T13:50:30.989+0000] {logging_mixin.py:188} INFO - [2025-12-27T13:50:30.989+0000] {dag.py:3954} INFO - Setting next_dagrun for example_weekday_branch_operator to 2025-12-26 00:00:00+00:00, run_after=2025-12-27 00:00:00+00:00
[2025-12-27T13:50:31.227+0000] {processor.py:183} INFO - Processing /usr/local/lib/python3.11/site-packages/airflow/example_dags/example_branch_day_of_week_operator.py took 0.332 seconds
[2025-12-27T13:51:54.911+0000] {processor.py:161} INFO - Started process (PID=267) to work on /usr/local/lib/python3.11/site-packages/airflow/example_dags/example_branch_day_of_week_operator.py
[2025-12-27T13:51:54.913+0000] {processor.py:830} INFO - Processing file /usr/local/lib/python3.11/site-packages/airflow/example_dags/example_branch_day_of_week_operator.py for tasks to queue
[2025-12-27T13:51:54.916+0000] {logging_mixin.py:188} INFO - [2025-12-27T13:51:54.915+0000] {dagbag.py:545} INFO - Filling up the DagBag from /usr/local/lib/python3.11/site-packages/airflow/example_dags/example_branch_day_of_week_operator.py
[2025-12-27T13:51:54.931+0000] {processor.py:840} INFO - DAG(s) 'example_weekday_branch_operator' retrieved from /usr/local/lib/python3.11/site-packages/airflow/example_dags/example_branch_day_of_week_operator.py
[2025-12-27T13:51:54.971+0000] {logging_mixin.py:188} INFO - [2025-12-27T13:51:54.970+0000] {dag.py:3096} INFO - Sync 1 DAGs
[2025-12-27T13:51:55.004+0000] {logging_mixin.py:188} INFO - [2025-12-27T13:51:55.004+0000] {dag.py:3954} INFO - Setting next_dagrun for example_weekday_branch_operator to 2025-12-26 00:00:00+00:00, run_after=2025-12-27 00:00:00+00:00
[2025-12-27T13:51:55.209+0000] {processor.py:183} INFO - Processing /usr/local/lib/python3.11/site-packages/airflow/example_dags/example_branch_day_of_week_operator.py took 0.316 seconds
[2025-12-27T13:53:16.129+0000] {processor.py:161} INFO - Started process (PID=326) to work on /usr/local/lib/python3.11/site-packages/airflow/example_dags/example_branch_day_of_week_operator.py
[2025-12-27T13:53:16.130+0000] {processor.py:830} INFO - Processing file /usr/local/lib/python3.11/site-packages/airflow/example_dags/example_branch_day_of_week_operator.py for tasks to queue
[2025-12-27T13:53:16.133+0000] {logging_mixin.py:188} INFO - [2025-12-27T13:53:16.132+0000] {dagbag.py:545} INFO - Filling up the DagBag from /usr/local/lib/python3.11/site-packages/airflow/example_dags/example_branch_day_of_week_operator.py
[2025-12-27T13:53:16.142+0000] {processor.py:840} INFO - DAG(s) 'example_weekday_branch_operator' retrieved from /usr/local/lib/python3.11/site-packages/airflow/example_dags/example_branch_day_of_week_operator.py
[2025-12-27T13:53:16.172+0000] {logging_mixin.py:188} INFO - [2025-12-27T13:53:16.172+0000] {dag.py:3096} INFO - Sync 1 DAGs
[2025-12-27T13:53:16.206+0000] {logging_mixin.py:188} INFO - [2025-12-27T13:53:16.205+0000] {dag.py:3954} INFO - Setting next_dagrun for example_weekday_branch_operator to 2025-12-26 00:00:00+00:00, run_after=2025-12-27 00:00:00+00:00
[2025-12-27T13:53:16.576+0000] {processor.py:183} INFO - Processing /usr/local/lib/python3.11/site-packages/airflow/example_dags/example_branch_day_of_week_operator.py took 0.461 seconds
[2025-12-27T13:54:40.677+0000] {processor.py:161} INFO - Started process (PID=388) to work on /usr/local/lib/python3.11/site-packages/airflow/example_dags/example_branch_day_of_week_operator.py
[2025-12-27T13:54:40.679+0000] {processor.py:830} INFO - Processing file /usr/local/lib/python3.11/site-packages/airflow/example_dags/example_branch_day_of_week_operator.py for tasks to queue
[2025-12-27T13:54:40.681+0000] {logging_mixin.py:188} INFO - [2025-12-27T13:54:40.680+0000] {dagbag.py:545} INFO - Filling up the DagBag from /usr/local/lib/python3.11/site-packages/airflow/example_dags/example_branch_day_of_week_operator.py
[2025-12-27T13:54:40.690+0000] {processor.py:840} INFO - DAG(s) 'example_weekday_branch_operator' retrieved from /usr/local/lib/python3.11/site-packages/airflow/example_dags/example_branch_day_of_week_operator.py
[2025-12-27T13:54:40.723+0000] {logging_mixin.py:188} INFO - [2025-12-27T13:54:40.723+0000] {dag.py:3096} INFO - Sync 1 DAGs
[2025-12-27T13:54:40.759+0000] {logging_mixin.py:188} INFO - [2025-12-27T13:54:40.758+0000] {dag.py:3954} INFO - Setting next_dagrun for example_weekday_branch_operator to 2025-12-26 00:00:00+00:00, run_after=2025-12-27 00:00:00+00:00
[2025-12-27T13:54:40.983+0000] {processor.py:183} INFO - Processing /usr/local/lib/python3.11/site-packages/airflow/example_dags/example_branch_day_of_week_operator.py took 0.318 seconds
[2025-12-27T13:56:05.006+0000] {processor.py:161} INFO - Started process (PID=449) to work on /usr/local/lib/python3.11/site-packages/airflow/example_dags/example_branch_day_of_week_operator.py
[2025-12-27T13:56:05.007+0000] {processor.py:830} INFO - Processing file /usr/local/lib/python3.11/site-packages/airflow/example_dags/example_branch_day_of_week_operator.py for tasks to queue
[2025-12-27T13:56:05.009+0000] {logging_mixin.py:188} INFO - [2025-12-27T13:56:05.009+0000] {dagbag.py:545} INFO - Filling up the DagBag from /usr/local/lib/python3.11/site-packages/airflow/example_dags/example_branch_day_of_week_operator.py
[2025-12-27T13:56:05.018+0000] {processor.py:840} INFO - DAG(s) 'example_weekday_branch_operator' retrieved from /usr/local/lib/python3.11/site-packages/airflow/example_dags/example_branch_day_of_week_operator.py
[2025-12-27T13:56:05.082+0000] {logging_mixin.py:188} INFO - [2025-12-27T13:56:05.081+0000] {dag.py:3096} INFO - Sync 1 DAGs
[2025-12-27T13:56:05.131+0000] {logging_mixin.py:188} INFO - [2025-12-27T13:56:05.130+0000] {dag.py:3954} INFO - Setting next_dagrun for example_weekday_branch_operator to 2025-12-26 00:00:00+00:00, run_after=2025-12-27 00:00:00+00:00
[2025-12-27T13:56:05.370+0000] {processor.py:183} INFO - Processing /usr/local/lib/python3.11/site-packages/airflow/example_dags/example_branch_day_of_week_operator.py took 0.377 seconds
[2025-12-27T13:57:34.211+0000] {processor.py:161} INFO - Started process (PID=511) to work on /usr/local/lib/python3.11/site-packages/airflow/example_dags/example_branch_day_of_week_operator.py
[2025-12-27T13:57:34.212+0000] {processor.py:830} INFO - Processing file /usr/local/lib/python3.11/site-packages/airflow/example_dags/example_branch_day_of_week_operator.py for tasks to queue
[2025-12-27T13:57:34.214+0000] {logging_mixin.py:188} INFO - [2025-12-27T13:57:34.214+0000] {dagbag.py:545} INFO - Filling up the DagBag from /usr/local/lib/python3.11/site-packages/airflow/example_dags/example_branch_day_of_week_operator.py
[2025-12-27T13:57:34.224+0000] {processor.py:840} INFO - DAG(s) 'example_weekday_branch_operator' retrieved from /usr/local/lib/python3.11/site-packages/airflow/example_dags/example_branch_day_of_week_operator.py
[2025-12-27T13:57:34.262+0000] {logging_mixin.py:188} INFO - [2025-12-27T13:57:34.262+0000] {dag.py:3096} INFO - Sync 1 DAGs
[2025-12-27T13:57:34.306+0000] {logging_mixin.py:188} INFO - [2025-12-27T13:57:34.306+0000] {dag.py:3954} INFO - Setting next_dagrun for example_weekday_branch_operator to 2025-12-26 00:00:00+00:00, run_after=2025-12-27 00:00:00+00:00
[2025-12-27T13:57:34.535+0000] {processor.py:183} INFO - Processing /usr/local/lib/python3.11/site-packages/airflow/example_dags/example_branch_day_of_week_operator.py took 0.340 seconds
[2025-12-27T13:58:56.034+0000] {processor.py:161} INFO - Started process (PID=571) to work on /usr/local/lib/python3.11/site-packages/airflow/example_dags/example_branch_day_of_week_operator.py
[2025-12-27T13:58:56.036+0000] {processor.py:830} INFO - Processing file /usr/local/lib/python3.11/site-packages/airflow/example_dags/example_branch_day_of_week_operator.py for tasks to queue
[2025-12-27T13:58:56.039+0000] {logging_mixin.py:188} INFO - [2025-12-27T13:58:56.039+0000] {dagbag.py:545} INFO - Filling up the DagBag from /usr/local/lib/python3.11/site-packages/airflow/example_dags/example_branch_day_of_week_operator.py
[2025-12-27T13:58:56.054+0000] {processor.py:840} INFO - DAG(s) 'example_weekday_branch_operator' retrieved from /usr/local/lib/python3.11/site-packages/airflow/example_dags/example_branch_day_of_week_operator.py
[2025-12-27T13:58:56.120+0000] {logging_mixin.py:188} INFO - [2025-12-27T13:58:56.120+0000] {dag.py:3096} INFO - Sync 1 DAGs
[2025-12-27T13:58:56.183+0000] {logging_mixin.py:188} INFO - [2025-12-27T13:58:56.183+0000] {dag.py:3954} INFO - Setting next_dagrun for example_weekday_branch_operator to 2025-12-26 00:00:00+00:00, run_after=2025-12-27 00:00:00+00:00
[2025-12-27T13:58:56.379+0000] {processor.py:183} INFO - Processing /usr/local/lib/python3.11/site-packages/airflow/example_dags/example_branch_day_of_week_operator.py took 0.372 seconds
[2025-12-27T14:00:25.728+0000] {processor.py:161} INFO - Started process (PID=632) to work on /usr/local/lib/python3.11/site-packages/airflow/example_dags/example_branch_day_of_week_operator.py
[2025-12-27T14:00:25.730+0000] {processor.py:830} INFO - Processing file /usr/local/lib/python3.11/site-packages/airflow/example_dags/example_branch_day_of_week_operator.py for tasks to queue
[2025-12-27T14:00:25.734+0000] {logging_mixin.py:188} INFO - [2025-12-27T14:00:25.733+0000] {dagbag.py:545} INFO - Filling up the DagBag from /usr/local/lib/python3.11/site-packages/airflow/example_dags/example_branch_day_of_week_operator.py
[2025-12-27T14:00:25.752+0000] {processor.py:840} INFO - DAG(s) 'example_weekday_branch_operator' retrieved from /usr/local/lib/python3.11/site-packages/airflow/example_dags/example_branch_day_of_week_operator.py
[2025-12-27T14:00:25.787+0000] {logging_mixin.py:188} INFO - [2025-12-27T14:00:25.786+0000] {dag.py:3096} INFO - Sync 1 DAGs
[2025-12-27T14:00:25.817+0000] {logging_mixin.py:188} INFO - [2025-12-27T14:00:25.817+0000] {dag.py:3954} INFO - Setting next_dagrun for example_weekday_branch_operator to 2025-12-26 00:00:00+00:00, run_after=2025-12-27 00:00:00+00:00
[2025-12-27T14:00:26.343+0000] {processor.py:183} INFO - Processing /usr/local/lib/python3.11/site-packages/airflow/example_dags/example_branch_day_of_week_operator.py took 0.640 seconds
[2025-12-27T14:02:55.654+0000] {processor.py:161} INFO - Started process (PID=711) to work on /usr/local/lib/python3.11/site-packages/airflow/example_dags/example_branch_day_of_week_operator.py
[2025-12-27T14:02:55.655+0000] {processor.py:830} INFO - Processing file /usr/local/lib/python3.11/site-packages/airflow/example_dags/example_branch_day_of_week_operator.py for tasks to queue
[2025-12-27T14:02:55.657+0000] {logging_mixin.py:188} INFO - [2025-12-27T14:02:55.657+0000] {dagbag.py:545} INFO - Filling up the DagBag from /usr/local/lib/python3.11/site-packages/airflow/example_dags/example_branch_day_of_week_operator.py
[2025-12-27T14:02:55.667+0000] {processor.py:840} INFO - DAG(s) 'example_weekday_branch_operator' retrieved from /usr/local/lib/python3.11/site-packages/airflow/example_dags/example_branch_day_of_week_operator.py
[2025-12-27T14:02:55.698+0000] {logging_mixin.py:188} INFO - [2025-12-27T14:02:55.698+0000] {dag.py:3096} INFO - Sync 1 DAGs
[2025-12-27T14:02:55.741+0000] {logging_mixin.py:188} INFO - [2025-12-27T14:02:55.740+0000] {dag.py:3954} INFO - Setting next_dagrun for example_weekday_branch_operator to 2025-12-26 00:00:00+00:00, run_after=2025-12-27 00:00:00+00:00
[2025-12-27T14:02:55.968+0000] {processor.py:183} INFO - Processing /usr/local/lib/python3.11/site-packages/airflow/example_dags/example_branch_day_of_week_operator.py took 0.329 seconds
[2025-12-27T14:04:46.650+0000] {processor.py:161} INFO - Started process (PID=787) to work on /usr/local/lib/python3.11/site-packages/airflow/example_dags/example_branch_day_of_week_operator.py
[2025-12-27T14:04:46.651+0000] {processor.py:830} INFO - Processing file /usr/local/lib/python3.11/site-packages/airflow/example_dags/example_branch_day_of_week_operator.py for tasks to queue
[2025-12-27T14:04:46.653+0000] {logging_mixin.py:188} INFO - [2025-12-27T14:04:46.653+0000] {dagbag.py:545} INFO - Filling up the DagBag from /usr/local/lib/python3.11/site-packages/airflow/example_dags/example_branch_day_of_week_operator.py
[2025-12-27T14:04:46.665+0000] {processor.py:840} INFO - DAG(s) 'example_weekday_branch_operator' retrieved from /usr/local/lib/python3.11/site-packages/airflow/example_dags/example_branch_day_of_week_operator.py
[2025-12-27T14:04:46.698+0000] {logging_mixin.py:188} INFO - [2025-12-27T14:04:46.697+0000] {dag.py:3096} INFO - Sync 1 DAGs
[2025-12-27T14:04:46.733+0000] {logging_mixin.py:188} INFO - [2025-12-27T14:04:46.733+0000] {dag.py:3954} INFO - Setting next_dagrun for example_weekday_branch_operator to 2025-12-26 00:00:00+00:00, run_after=2025-12-27 00:00:00+00:00
[2025-12-27T14:04:46.991+0000] {processor.py:183} INFO - Processing /usr/local/lib/python3.11/site-packages/airflow/example_dags/example_branch_day_of_week_operator.py took 0.364 seconds
[2025-12-27T14:06:32.071+0000] {processor.py:161} INFO - Started process (PID=864) to work on /usr/local/lib/python3.11/site-packages/airflow/example_dags/example_branch_day_of_week_operator.py
[2025-12-27T14:06:32.073+0000] {processor.py:830} INFO - Processing file /usr/local/lib/python3.11/site-packages/airflow/example_dags/example_branch_day_of_week_operator.py for tasks to queue
[2025-12-27T14:06:32.075+0000] {logging_mixin.py:188} INFO - [2025-12-27T14:06:32.074+0000] {dagbag.py:545} INFO - Filling up the DagBag from /usr/local/lib/python3.11/site-packages/airflow/example_dags/example_branch_day_of_week_operator.py
[2025-12-27T14:06:32.087+0000] {processor.py:840} INFO - DAG(s) 'example_weekday_branch_operator' retrieved from /usr/local/lib/python3.11/site-packages/airflow/example_dags/example_branch_day_of_week_operator.py
[2025-12-27T14:06:32.115+0000] {logging_mixin.py:188} INFO - [2025-12-27T14:06:32.114+0000] {dag.py:3096} INFO - Sync 1 DAGs
[2025-12-27T14:06:32.144+0000] {logging_mixin.py:188} INFO - [2025-12-27T14:06:32.144+0000] {dag.py:3954} INFO - Setting next_dagrun for example_weekday_branch_operator to 2025-12-26 00:00:00+00:00, run_after=2025-12-27 00:00:00+00:00
[2025-12-27T14:06:32.309+0000] {processor.py:183} INFO - Processing /usr/local/lib/python3.11/site-packages/airflow/example_dags/example_branch_day_of_week_operator.py took 0.252 seconds
[2025-12-27T14:08:14.091+0000] {processor.py:161} INFO - Started process (PID=928) to work on /usr/local/lib/python3.11/site-packages/airflow/example_dags/example_branch_day_of_week_operator.py
[2025-12-27T14:08:14.092+0000] {processor.py:830} INFO - Processing file /usr/local/lib/python3.11/site-packages/airflow/example_dags/example_branch_day_of_week_operator.py for tasks to queue
[2025-12-27T14:08:14.095+0000] {logging_mixin.py:188} INFO - [2025-12-27T14:08:14.094+0000] {dagbag.py:545} INFO - Filling up the DagBag from /usr/local/lib/python3.11/site-packages/airflow/example_dags/example_branch_day_of_week_operator.py
[2025-12-27T14:08:14.109+0000] {processor.py:840} INFO - DAG(s) 'example_weekday_branch_operator' retrieved from /usr/local/lib/python3.11/site-packages/airflow/example_dags/example_branch_day_of_week_operator.py
[2025-12-27T14:08:14.144+0000] {logging_mixin.py:188} INFO - [2025-12-27T14:08:14.144+0000] {dag.py:3096} INFO - Sync 1 DAGs
[2025-12-27T14:08:14.200+0000] {logging_mixin.py:188} INFO - [2025-12-27T14:08:14.200+0000] {dag.py:3954} INFO - Setting next_dagrun for example_weekday_branch_operator to 2025-12-26 00:00:00+00:00, run_after=2025-12-27 00:00:00+00:00
[2025-12-27T14:08:14.454+0000] {processor.py:183} INFO - Processing /usr/local/lib/python3.11/site-packages/airflow/example_dags/example_branch_day_of_week_operator.py took 0.381 seconds
[2025-12-27T14:09:49.691+0000] {processor.py:161} INFO - Started process (PID=992) to work on /usr/local/lib/python3.11/site-packages/airflow/example_dags/example_branch_day_of_week_operator.py
[2025-12-27T14:09:49.693+0000] {processor.py:830} INFO - Processing file /usr/local/lib/python3.11/site-packages/airflow/example_dags/example_branch_day_of_week_operator.py for tasks to queue
[2025-12-27T14:09:49.703+0000] {logging_mixin.py:188} INFO - [2025-12-27T14:09:49.702+0000] {dagbag.py:545} INFO - Filling up the DagBag from /usr/local/lib/python3.11/site-packages/airflow/example_dags/example_branch_day_of_week_operator.py
[2025-12-27T14:09:49.722+0000] {processor.py:840} INFO - DAG(s) 'example_weekday_branch_operator' retrieved from /usr/local/lib/python3.11/site-packages/airflow/example_dags/example_branch_day_of_week_operator.py
[2025-12-27T14:09:49.757+0000] {logging_mixin.py:188} INFO - [2025-12-27T14:09:49.757+0000] {dag.py:3096} INFO - Sync 1 DAGs
[2025-12-27T14:09:49.806+0000] {logging_mixin.py:188} INFO - [2025-12-27T14:09:49.806+0000] {dag.py:3954} INFO - Setting next_dagrun for example_weekday_branch_operator to 2025-12-26 00:00:00+00:00, run_after=2025-12-27 00:00:00+00:00
[2025-12-27T14:09:49.996+0000] {processor.py:183} INFO - Processing /usr/local/lib/python3.11/site-packages/airflow/example_dags/example_branch_day_of_week_operator.py took 0.332 seconds
[2025-12-27T14:12:01.164+0000] {processor.py:161} INFO - Started process (PID=1064) to work on /usr/local/lib/python3.11/site-packages/airflow/example_dags/example_branch_day_of_week_operator.py
[2025-12-27T14:12:01.213+0000] {processor.py:830} INFO - Processing file /usr/local/lib/python3.11/site-packages/airflow/example_dags/example_branch_day_of_week_operator.py for tasks to queue
[2025-12-27T14:12:01.216+0000] {logging_mixin.py:188} INFO - [2025-12-27T14:12:01.216+0000] {dagbag.py:545} INFO - Filling up the DagBag from /usr/local/lib/python3.11/site-packages/airflow/example_dags/example_branch_day_of_week_operator.py
[2025-12-27T14:12:01.233+0000] {processor.py:840} INFO - DAG(s) 'example_weekday_branch_operator' retrieved from /usr/local/lib/python3.11/site-packages/airflow/example_dags/example_branch_day_of_week_operator.py
[2025-12-27T14:12:01.272+0000] {logging_mixin.py:188} INFO - [2025-12-27T14:12:01.272+0000] {dag.py:3096} INFO - Sync 1 DAGs
[2025-12-27T14:12:01.308+0000] {logging_mixin.py:188} INFO - [2025-12-27T14:12:01.308+0000] {dag.py:3954} INFO - Setting next_dagrun for example_weekday_branch_operator to 2025-12-26 00:00:00+00:00, run_after=2025-12-27 00:00:00+00:00
[2025-12-27T14:12:01.513+0000] {processor.py:183} INFO - Processing /usr/local/lib/python3.11/site-packages/airflow/example_dags/example_branch_day_of_week_operator.py took 0.369 seconds
[2025-12-27T14:14:00.256+0000] {processor.py:161} INFO - Started process (PID=1134) to work on /usr/local/lib/python3.11/site-packages/airflow/example_dags/example_branch_day_of_week_operator.py
[2025-12-27T14:14:00.257+0000] {processor.py:830} INFO - Processing file /usr/local/lib/python3.11/site-packages/airflow/example_dags/example_branch_day_of_week_operator.py for tasks to queue
[2025-12-27T14:14:00.259+0000] {logging_mixin.py:188} INFO - [2025-12-27T14:14:00.259+0000] {dagbag.py:545} INFO - Filling up the DagBag from /usr/local/lib/python3.11/site-packages/airflow/example_dags/example_branch_day_of_week_operator.py
[2025-12-27T14:14:00.270+0000] {processor.py:840} INFO - DAG(s) 'example_weekday_branch_operator' retrieved from /usr/local/lib/python3.11/site-packages/airflow/example_dags/example_branch_day_of_week_operator.py
[2025-12-27T14:14:00.306+0000] {logging_mixin.py:188} INFO - [2025-12-27T14:14:00.306+0000] {dag.py:3096} INFO - Sync 1 DAGs
[2025-12-27T14:14:00.352+0000] {logging_mixin.py:188} INFO - [2025-12-27T14:14:00.352+0000] {dag.py:3954} INFO - Setting next_dagrun for example_weekday_branch_operator to 2025-12-26 00:00:00+00:00, run_after=2025-12-27 00:00:00+00:00
[2025-12-27T14:14:00.738+0000] {processor.py:183} INFO - Processing /usr/local/lib/python3.11/site-packages/airflow/example_dags/example_branch_day_of_week_operator.py took 0.498 seconds
[2025-12-27T14:32:54.467+0000] {processor.py:161} INFO - Started process (PID=69) to work on /usr/local/lib/python3.11/site-packages/airflow/example_dags/example_branch_day_of_week_operator.py
[2025-12-27T14:32:54.469+0000] {processor.py:830} INFO - Processing file /usr/local/lib/python3.11/site-packages/airflow/example_dags/example_branch_day_of_week_operator.py for tasks to queue
[2025-12-27T14:32:54.471+0000] {logging_mixin.py:188} INFO - [2025-12-27T14:32:54.471+0000] {dagbag.py:545} INFO - Filling up the DagBag from /usr/local/lib/python3.11/site-packages/airflow/example_dags/example_branch_day_of_week_operator.py
[2025-12-27T14:32:54.481+0000] {processor.py:840} INFO - DAG(s) 'example_weekday_branch_operator' retrieved from /usr/local/lib/python3.11/site-packages/airflow/example_dags/example_branch_day_of_week_operator.py
[2025-12-27T14:32:54.635+0000] {logging_mixin.py:188} INFO - [2025-12-27T14:32:54.635+0000] {dag.py:3096} INFO - Sync 1 DAGs
[2025-12-27T14:32:54.784+0000] {logging_mixin.py:188} INFO - [2025-12-27T14:32:54.784+0000] {dag.py:3954} INFO - Setting next_dagrun for example_weekday_branch_operator to 2025-12-26 00:00:00+00:00, run_after=2025-12-27 00:00:00+00:00
[2025-12-27T14:32:54.987+0000] {processor.py:183} INFO - Processing /usr/local/lib/python3.11/site-packages/airflow/example_dags/example_branch_day_of_week_operator.py took 0.534 seconds
[2025-12-27T14:34:48.163+0000] {processor.py:161} INFO - Started process (PID=137) to work on /usr/local/lib/python3.11/site-packages/airflow/example_dags/example_branch_day_of_week_operator.py
[2025-12-27T14:34:48.164+0000] {processor.py:830} INFO - Processing file /usr/local/lib/python3.11/site-packages/airflow/example_dags/example_branch_day_of_week_operator.py for tasks to queue
[2025-12-27T14:34:48.167+0000] {logging_mixin.py:188} INFO - [2025-12-27T14:34:48.166+0000] {dagbag.py:545} INFO - Filling up the DagBag from /usr/local/lib/python3.11/site-packages/airflow/example_dags/example_branch_day_of_week_operator.py
[2025-12-27T14:34:48.176+0000] {processor.py:840} INFO - DAG(s) 'example_weekday_branch_operator' retrieved from /usr/local/lib/python3.11/site-packages/airflow/example_dags/example_branch_day_of_week_operator.py
[2025-12-27T14:34:48.209+0000] {logging_mixin.py:188} INFO - [2025-12-27T14:34:48.209+0000] {dag.py:3096} INFO - Sync 1 DAGs
[2025-12-27T14:34:48.375+0000] {logging_mixin.py:188} INFO - [2025-12-27T14:34:48.375+0000] {dag.py:3954} INFO - Setting next_dagrun for example_weekday_branch_operator to 2025-12-26 00:00:00+00:00, run_after=2025-12-27 00:00:00+00:00
[2025-12-27T14:34:48.548+0000] {processor.py:183} INFO - Processing /usr/local/lib/python3.11/site-packages/airflow/example_dags/example_branch_day_of_week_operator.py took 0.399 seconds
[2025-12-27T14:54:34.553+0000] {processor.py:161} INFO - Started process (PID=73) to work on /usr/local/lib/python3.11/site-packages/airflow/example_dags/example_branch_day_of_week_operator.py
[2025-12-27T14:54:34.563+0000] {processor.py:830} INFO - Processing file /usr/local/lib/python3.11/site-packages/airflow/example_dags/example_branch_day_of_week_operator.py for tasks to queue
[2025-12-27T14:54:34.567+0000] {logging_mixin.py:188} INFO - [2025-12-27T14:54:34.566+0000] {dagbag.py:545} INFO - Filling up the DagBag from /usr/local/lib/python3.11/site-packages/airflow/example_dags/example_branch_day_of_week_operator.py
[2025-12-27T14:54:34.592+0000] {processor.py:840} INFO - DAG(s) 'example_weekday_branch_operator' retrieved from /usr/local/lib/python3.11/site-packages/airflow/example_dags/example_branch_day_of_week_operator.py
[2025-12-27T14:54:35.529+0000] {logging_mixin.py:188} INFO - [2025-12-27T14:54:35.528+0000] {override.py:1930} INFO - Created Permission View: can delete on DAG:example_weekday_branch_operator
[2025-12-27T14:54:35.837+0000] {logging_mixin.py:188} INFO - [2025-12-27T14:54:35.836+0000] {override.py:1930} INFO - Created Permission View: can edit on DAG:example_weekday_branch_operator
[2025-12-27T14:54:36.070+0000] {logging_mixin.py:188} INFO - [2025-12-27T14:54:36.070+0000] {override.py:1930} INFO - Created Permission View: can read on DAG:example_weekday_branch_operator
[2025-12-27T14:54:36.072+0000] {logging_mixin.py:188} INFO - [2025-12-27T14:54:36.072+0000] {dag.py:3096} INFO - Sync 1 DAGs
[2025-12-27T14:54:36.398+0000] {logging_mixin.py:188} INFO - [2025-12-27T14:54:36.397+0000] {dag.py:3118} INFO - Creating ORM DAG for example_weekday_branch_operator
[2025-12-27T14:54:36.428+0000] {logging_mixin.py:188} INFO - [2025-12-27T14:54:36.428+0000] {dag.py:3954} INFO - Setting next_dagrun for example_weekday_branch_operator to 2025-12-26 00:00:00+00:00, run_after=2025-12-27 00:00:00+00:00
[2025-12-27T14:54:36.727+0000] {processor.py:183} INFO - Processing /usr/local/lib/python3.11/site-packages/airflow/example_dags/example_branch_day_of_week_operator.py took 2.213 seconds
[2025-12-27T14:56:44.696+0000] {processor.py:161} INFO - Started process (PID=146) to work on /usr/local/lib/python3.11/site-packages/airflow/example_dags/example_branch_day_of_week_operator.py
[2025-12-27T14:56:44.697+0000] {processor.py:830} INFO - Processing file /usr/local/lib/python3.11/site-packages/airflow/example_dags/example_branch_day_of_week_operator.py for tasks to queue
[2025-12-27T14:56:44.699+0000] {logging_mixin.py:188} INFO - [2025-12-27T14:56:44.699+0000] {dagbag.py:545} INFO - Filling up the DagBag from /usr/local/lib/python3.11/site-packages/airflow/example_dags/example_branch_day_of_week_operator.py
[2025-12-27T14:56:44.709+0000] {processor.py:840} INFO - DAG(s) 'example_weekday_branch_operator' retrieved from /usr/local/lib/python3.11/site-packages/airflow/example_dags/example_branch_day_of_week_operator.py
[2025-12-27T14:56:44.740+0000] {logging_mixin.py:188} INFO - [2025-12-27T14:56:44.740+0000] {dag.py:3096} INFO - Sync 1 DAGs
[2025-12-27T14:56:45.043+0000] {logging_mixin.py:188} INFO - [2025-12-27T14:56:45.043+0000] {dag.py:3954} INFO - Setting next_dagrun for example_weekday_branch_operator to 2025-12-26 00:00:00+00:00, run_after=2025-12-27 00:00:00+00:00
[2025-12-27T14:56:45.226+0000] {processor.py:183} INFO - Processing /usr/local/lib/python3.11/site-packages/airflow/example_dags/example_branch_day_of_week_operator.py took 0.547 seconds
[2025-12-27T14:58:52.315+0000] {processor.py:161} INFO - Started process (PID=214) to work on /usr/local/lib/python3.11/site-packages/airflow/example_dags/example_branch_day_of_week_operator.py
[2025-12-27T14:58:52.317+0000] {processor.py:830} INFO - Processing file /usr/local/lib/python3.11/site-packages/airflow/example_dags/example_branch_day_of_week_operator.py for tasks to queue
[2025-12-27T14:58:52.319+0000] {logging_mixin.py:188} INFO - [2025-12-27T14:58:52.318+0000] {dagbag.py:545} INFO - Filling up the DagBag from /usr/local/lib/python3.11/site-packages/airflow/example_dags/example_branch_day_of_week_operator.py
[2025-12-27T14:58:52.330+0000] {processor.py:840} INFO - DAG(s) 'example_weekday_branch_operator' retrieved from /usr/local/lib/python3.11/site-packages/airflow/example_dags/example_branch_day_of_week_operator.py
[2025-12-27T14:58:52.362+0000] {logging_mixin.py:188} INFO - [2025-12-27T14:58:52.362+0000] {dag.py:3096} INFO - Sync 1 DAGs
[2025-12-27T14:58:52.392+0000] {logging_mixin.py:188} INFO - [2025-12-27T14:58:52.392+0000] {dag.py:3954} INFO - Setting next_dagrun for example_weekday_branch_operator to 2025-12-26 00:00:00+00:00, run_after=2025-12-27 00:00:00+00:00
[2025-12-27T14:58:52.683+0000] {processor.py:183} INFO - Processing /usr/local/lib/python3.11/site-packages/airflow/example_dags/example_branch_day_of_week_operator.py took 0.384 seconds
[2025-12-27T15:00:46.069+0000] {processor.py:161} INFO - Started process (PID=300) to work on /usr/local/lib/python3.11/site-packages/airflow/example_dags/example_branch_day_of_week_operator.py
[2025-12-27T15:00:46.070+0000] {processor.py:830} INFO - Processing file /usr/local/lib/python3.11/site-packages/airflow/example_dags/example_branch_day_of_week_operator.py for tasks to queue
[2025-12-27T15:00:46.073+0000] {logging_mixin.py:188} INFO - [2025-12-27T15:00:46.073+0000] {dagbag.py:545} INFO - Filling up the DagBag from /usr/local/lib/python3.11/site-packages/airflow/example_dags/example_branch_day_of_week_operator.py
[2025-12-27T15:00:46.089+0000] {processor.py:840} INFO - DAG(s) 'example_weekday_branch_operator' retrieved from /usr/local/lib/python3.11/site-packages/airflow/example_dags/example_branch_day_of_week_operator.py
[2025-12-27T15:00:46.131+0000] {logging_mixin.py:188} INFO - [2025-12-27T15:00:46.131+0000] {dag.py:3096} INFO - Sync 1 DAGs
[2025-12-27T15:00:46.182+0000] {logging_mixin.py:188} INFO - [2025-12-27T15:00:46.182+0000] {dag.py:3954} INFO - Setting next_dagrun for example_weekday_branch_operator to 2025-12-26 00:00:00+00:00, run_after=2025-12-27 00:00:00+00:00
[2025-12-27T15:00:46.466+0000] {processor.py:183} INFO - Processing /usr/local/lib/python3.11/site-packages/airflow/example_dags/example_branch_day_of_week_operator.py took 0.420 seconds
[2025-12-27T15:02:39.726+0000] {processor.py:161} INFO - Started process (PID=375) to work on /usr/local/lib/python3.11/site-packages/airflow/example_dags/example_branch_day_of_week_operator.py
[2025-12-27T15:02:39.727+0000] {processor.py:830} INFO - Processing file /usr/local/lib/python3.11/site-packages/airflow/example_dags/example_branch_day_of_week_operator.py for tasks to queue
[2025-12-27T15:02:39.730+0000] {logging_mixin.py:188} INFO - [2025-12-27T15:02:39.730+0000] {dagbag.py:545} INFO - Filling up the DagBag from /usr/local/lib/python3.11/site-packages/airflow/example_dags/example_branch_day_of_week_operator.py
[2025-12-27T15:02:39.742+0000] {processor.py:840} INFO - DAG(s) 'example_weekday_branch_operator' retrieved from /usr/local/lib/python3.11/site-packages/airflow/example_dags/example_branch_day_of_week_operator.py
[2025-12-27T15:02:39.783+0000] {logging_mixin.py:188} INFO - [2025-12-27T15:02:39.783+0000] {dag.py:3096} INFO - Sync 1 DAGs
[2025-12-27T15:02:39.827+0000] {logging_mixin.py:188} INFO - [2025-12-27T15:02:39.826+0000] {dag.py:3954} INFO - Setting next_dagrun for example_weekday_branch_operator to 2025-12-26 00:00:00+00:00, run_after=2025-12-27 00:00:00+00:00
[2025-12-27T15:02:40.343+0000] {processor.py:183} INFO - Processing /usr/local/lib/python3.11/site-packages/airflow/example_dags/example_branch_day_of_week_operator.py took 0.635 seconds
[2025-12-27T15:04:19.061+0000] {processor.py:161} INFO - Started process (PID=442) to work on /usr/local/lib/python3.11/site-packages/airflow/example_dags/example_branch_day_of_week_operator.py
[2025-12-27T15:04:19.063+0000] {processor.py:830} INFO - Processing file /usr/local/lib/python3.11/site-packages/airflow/example_dags/example_branch_day_of_week_operator.py for tasks to queue
[2025-12-27T15:04:19.065+0000] {logging_mixin.py:188} INFO - [2025-12-27T15:04:19.064+0000] {dagbag.py:545} INFO - Filling up the DagBag from /usr/local/lib/python3.11/site-packages/airflow/example_dags/example_branch_day_of_week_operator.py
[2025-12-27T15:04:19.075+0000] {processor.py:840} INFO - DAG(s) 'example_weekday_branch_operator' retrieved from /usr/local/lib/python3.11/site-packages/airflow/example_dags/example_branch_day_of_week_operator.py
[2025-12-27T15:04:19.110+0000] {logging_mixin.py:188} INFO - [2025-12-27T15:04:19.109+0000] {dag.py:3096} INFO - Sync 1 DAGs
[2025-12-27T15:04:19.155+0000] {logging_mixin.py:188} INFO - [2025-12-27T15:04:19.155+0000] {dag.py:3954} INFO - Setting next_dagrun for example_weekday_branch_operator to 2025-12-26 00:00:00+00:00, run_after=2025-12-27 00:00:00+00:00
[2025-12-27T15:04:19.354+0000] {processor.py:183} INFO - Processing /usr/local/lib/python3.11/site-packages/airflow/example_dags/example_branch_day_of_week_operator.py took 0.307 seconds
[2025-12-27T15:05:46.363+0000] {processor.py:161} INFO - Started process (PID=503) to work on /usr/local/lib/python3.11/site-packages/airflow/example_dags/example_branch_day_of_week_operator.py
[2025-12-27T15:05:46.365+0000] {processor.py:830} INFO - Processing file /usr/local/lib/python3.11/site-packages/airflow/example_dags/example_branch_day_of_week_operator.py for tasks to queue
[2025-12-27T15:05:46.367+0000] {logging_mixin.py:188} INFO - [2025-12-27T15:05:46.366+0000] {dagbag.py:545} INFO - Filling up the DagBag from /usr/local/lib/python3.11/site-packages/airflow/example_dags/example_branch_day_of_week_operator.py
[2025-12-27T15:05:46.377+0000] {processor.py:840} INFO - DAG(s) 'example_weekday_branch_operator' retrieved from /usr/local/lib/python3.11/site-packages/airflow/example_dags/example_branch_day_of_week_operator.py
[2025-12-27T15:05:46.414+0000] {logging_mixin.py:188} INFO - [2025-12-27T15:05:46.414+0000] {dag.py:3096} INFO - Sync 1 DAGs
[2025-12-27T15:05:46.451+0000] {logging_mixin.py:188} INFO - [2025-12-27T15:05:46.451+0000] {dag.py:3954} INFO - Setting next_dagrun for example_weekday_branch_operator to 2025-12-26 00:00:00+00:00, run_after=2025-12-27 00:00:00+00:00
[2025-12-27T15:05:46.655+0000] {processor.py:183} INFO - Processing /usr/local/lib/python3.11/site-packages/airflow/example_dags/example_branch_day_of_week_operator.py took 0.307 seconds
[2025-12-27T15:07:16.741+0000] {processor.py:161} INFO - Started process (PID=565) to work on /usr/local/lib/python3.11/site-packages/airflow/example_dags/example_branch_day_of_week_operator.py
[2025-12-27T15:07:16.742+0000] {processor.py:830} INFO - Processing file /usr/local/lib/python3.11/site-packages/airflow/example_dags/example_branch_day_of_week_operator.py for tasks to queue
[2025-12-27T15:07:16.747+0000] {logging_mixin.py:188} INFO - [2025-12-27T15:07:16.746+0000] {dagbag.py:545} INFO - Filling up the DagBag from /usr/local/lib/python3.11/site-packages/airflow/example_dags/example_branch_day_of_week_operator.py
[2025-12-27T15:07:16.759+0000] {processor.py:840} INFO - DAG(s) 'example_weekday_branch_operator' retrieved from /usr/local/lib/python3.11/site-packages/airflow/example_dags/example_branch_day_of_week_operator.py
[2025-12-27T15:07:16.792+0000] {logging_mixin.py:188} INFO - [2025-12-27T15:07:16.792+0000] {dag.py:3096} INFO - Sync 1 DAGs
[2025-12-27T15:07:16.828+0000] {logging_mixin.py:188} INFO - [2025-12-27T15:07:16.828+0000] {dag.py:3954} INFO - Setting next_dagrun for example_weekday_branch_operator to 2025-12-26 00:00:00+00:00, run_after=2025-12-27 00:00:00+00:00
[2025-12-27T15:07:17.115+0000] {processor.py:183} INFO - Processing /usr/local/lib/python3.11/site-packages/airflow/example_dags/example_branch_day_of_week_operator.py took 0.389 seconds
[2025-12-27T15:08:50.697+0000] {processor.py:161} INFO - Started process (PID=629) to work on /usr/local/lib/python3.11/site-packages/airflow/example_dags/example_branch_day_of_week_operator.py
[2025-12-27T15:08:50.698+0000] {processor.py:830} INFO - Processing file /usr/local/lib/python3.11/site-packages/airflow/example_dags/example_branch_day_of_week_operator.py for tasks to queue
[2025-12-27T15:08:50.700+0000] {logging_mixin.py:188} INFO - [2025-12-27T15:08:50.700+0000] {dagbag.py:545} INFO - Filling up the DagBag from /usr/local/lib/python3.11/site-packages/airflow/example_dags/example_branch_day_of_week_operator.py
[2025-12-27T15:08:50.710+0000] {processor.py:840} INFO - DAG(s) 'example_weekday_branch_operator' retrieved from /usr/local/lib/python3.11/site-packages/airflow/example_dags/example_branch_day_of_week_operator.py
[2025-12-27T15:08:50.744+0000] {logging_mixin.py:188} INFO - [2025-12-27T15:08:50.743+0000] {dag.py:3096} INFO - Sync 1 DAGs
[2025-12-27T15:08:50.778+0000] {logging_mixin.py:188} INFO - [2025-12-27T15:08:50.778+0000] {dag.py:3954} INFO - Setting next_dagrun for example_weekday_branch_operator to 2025-12-26 00:00:00+00:00, run_after=2025-12-27 00:00:00+00:00
[2025-12-27T15:08:50.964+0000] {processor.py:183} INFO - Processing /usr/local/lib/python3.11/site-packages/airflow/example_dags/example_branch_day_of_week_operator.py took 0.281 seconds
[2025-12-27T15:10:41.260+0000] {processor.py:161} INFO - Started process (PID=697) to work on /usr/local/lib/python3.11/site-packages/airflow/example_dags/example_branch_day_of_week_operator.py
[2025-12-27T15:10:41.261+0000] {processor.py:830} INFO - Processing file /usr/local/lib/python3.11/site-packages/airflow/example_dags/example_branch_day_of_week_operator.py for tasks to queue
[2025-12-27T15:10:41.263+0000] {logging_mixin.py:188} INFO - [2025-12-27T15:10:41.263+0000] {dagbag.py:545} INFO - Filling up the DagBag from /usr/local/lib/python3.11/site-packages/airflow/example_dags/example_branch_day_of_week_operator.py
[2025-12-27T15:10:41.275+0000] {processor.py:840} INFO - DAG(s) 'example_weekday_branch_operator' retrieved from /usr/local/lib/python3.11/site-packages/airflow/example_dags/example_branch_day_of_week_operator.py
[2025-12-27T15:10:41.309+0000] {logging_mixin.py:188} INFO - [2025-12-27T15:10:41.309+0000] {dag.py:3096} INFO - Sync 1 DAGs
[2025-12-27T15:10:41.349+0000] {logging_mixin.py:188} INFO - [2025-12-27T15:10:41.349+0000] {dag.py:3954} INFO - Setting next_dagrun for example_weekday_branch_operator to 2025-12-26 00:00:00+00:00, run_after=2025-12-27 00:00:00+00:00
[2025-12-27T15:10:41.644+0000] {processor.py:183} INFO - Processing /usr/local/lib/python3.11/site-packages/airflow/example_dags/example_branch_day_of_week_operator.py took 0.398 seconds
[2025-12-27T15:12:23.707+0000] {processor.py:161} INFO - Started process (PID=763) to work on /usr/local/lib/python3.11/site-packages/airflow/example_dags/example_branch_day_of_week_operator.py
[2025-12-27T15:12:23.709+0000] {processor.py:830} INFO - Processing file /usr/local/lib/python3.11/site-packages/airflow/example_dags/example_branch_day_of_week_operator.py for tasks to queue
[2025-12-27T15:12:23.713+0000] {logging_mixin.py:188} INFO - [2025-12-27T15:12:23.712+0000] {dagbag.py:545} INFO - Filling up the DagBag from /usr/local/lib/python3.11/site-packages/airflow/example_dags/example_branch_day_of_week_operator.py
[2025-12-27T15:12:23.730+0000] {processor.py:840} INFO - DAG(s) 'example_weekday_branch_operator' retrieved from /usr/local/lib/python3.11/site-packages/airflow/example_dags/example_branch_day_of_week_operator.py
[2025-12-27T15:12:23.761+0000] {logging_mixin.py:188} INFO - [2025-12-27T15:12:23.761+0000] {dag.py:3096} INFO - Sync 1 DAGs
[2025-12-27T15:12:23.796+0000] {logging_mixin.py:188} INFO - [2025-12-27T15:12:23.796+0000] {dag.py:3954} INFO - Setting next_dagrun for example_weekday_branch_operator to 2025-12-26 00:00:00+00:00, run_after=2025-12-27 00:00:00+00:00
[2025-12-27T15:12:24.015+0000] {processor.py:183} INFO - Processing /usr/local/lib/python3.11/site-packages/airflow/example_dags/example_branch_day_of_week_operator.py took 0.329 seconds
[2025-12-27T15:14:01.651+0000] {processor.py:161} INFO - Started process (PID=827) to work on /usr/local/lib/python3.11/site-packages/airflow/example_dags/example_branch_day_of_week_operator.py
[2025-12-27T15:14:01.653+0000] {processor.py:830} INFO - Processing file /usr/local/lib/python3.11/site-packages/airflow/example_dags/example_branch_day_of_week_operator.py for tasks to queue
[2025-12-27T15:14:01.656+0000] {logging_mixin.py:188} INFO - [2025-12-27T15:14:01.655+0000] {dagbag.py:545} INFO - Filling up the DagBag from /usr/local/lib/python3.11/site-packages/airflow/example_dags/example_branch_day_of_week_operator.py
[2025-12-27T15:14:01.668+0000] {processor.py:840} INFO - DAG(s) 'example_weekday_branch_operator' retrieved from /usr/local/lib/python3.11/site-packages/airflow/example_dags/example_branch_day_of_week_operator.py
[2025-12-27T15:14:01.705+0000] {logging_mixin.py:188} INFO - [2025-12-27T15:14:01.705+0000] {dag.py:3096} INFO - Sync 1 DAGs
[2025-12-27T15:14:01.743+0000] {logging_mixin.py:188} INFO - [2025-12-27T15:14:01.743+0000] {dag.py:3954} INFO - Setting next_dagrun for example_weekday_branch_operator to 2025-12-26 00:00:00+00:00, run_after=2025-12-27 00:00:00+00:00
[2025-12-27T15:14:01.959+0000] {processor.py:183} INFO - Processing /usr/local/lib/python3.11/site-packages/airflow/example_dags/example_branch_day_of_week_operator.py took 0.325 seconds
[2025-12-27T15:15:47.053+0000] {processor.py:161} INFO - Started process (PID=894) to work on /usr/local/lib/python3.11/site-packages/airflow/example_dags/example_branch_day_of_week_operator.py
[2025-12-27T15:15:47.054+0000] {processor.py:830} INFO - Processing file /usr/local/lib/python3.11/site-packages/airflow/example_dags/example_branch_day_of_week_operator.py for tasks to queue
[2025-12-27T15:15:47.057+0000] {logging_mixin.py:188} INFO - [2025-12-27T15:15:47.056+0000] {dagbag.py:545} INFO - Filling up the DagBag from /usr/local/lib/python3.11/site-packages/airflow/example_dags/example_branch_day_of_week_operator.py
[2025-12-27T15:15:47.068+0000] {processor.py:840} INFO - DAG(s) 'example_weekday_branch_operator' retrieved from /usr/local/lib/python3.11/site-packages/airflow/example_dags/example_branch_day_of_week_operator.py
[2025-12-27T15:15:47.112+0000] {logging_mixin.py:188} INFO - [2025-12-27T15:15:47.112+0000] {dag.py:3096} INFO - Sync 1 DAGs
[2025-12-27T15:15:47.151+0000] {logging_mixin.py:188} INFO - [2025-12-27T15:15:47.151+0000] {dag.py:3954} INFO - Setting next_dagrun for example_weekday_branch_operator to 2025-12-26 00:00:00+00:00, run_after=2025-12-27 00:00:00+00:00
[2025-12-27T15:15:47.341+0000] {processor.py:183} INFO - Processing /usr/local/lib/python3.11/site-packages/airflow/example_dags/example_branch_day_of_week_operator.py took 0.306 seconds
[2025-12-27T15:17:31.744+0000] {processor.py:161} INFO - Started process (PID=958) to work on /usr/local/lib/python3.11/site-packages/airflow/example_dags/example_branch_day_of_week_operator.py
[2025-12-27T15:17:31.752+0000] {processor.py:830} INFO - Processing file /usr/local/lib/python3.11/site-packages/airflow/example_dags/example_branch_day_of_week_operator.py for tasks to queue
[2025-12-27T15:17:31.757+0000] {logging_mixin.py:188} INFO - [2025-12-27T15:17:31.756+0000] {dagbag.py:545} INFO - Filling up the DagBag from /usr/local/lib/python3.11/site-packages/airflow/example_dags/example_branch_day_of_week_operator.py
[2025-12-27T15:17:31.780+0000] {processor.py:840} INFO - DAG(s) 'example_weekday_branch_operator' retrieved from /usr/local/lib/python3.11/site-packages/airflow/example_dags/example_branch_day_of_week_operator.py
[2025-12-27T15:17:31.840+0000] {logging_mixin.py:188} INFO - [2025-12-27T15:17:31.840+0000] {dag.py:3096} INFO - Sync 1 DAGs
[2025-12-27T15:17:31.886+0000] {logging_mixin.py:188} INFO - [2025-12-27T15:17:31.885+0000] {dag.py:3954} INFO - Setting next_dagrun for example_weekday_branch_operator to 2025-12-26 00:00:00+00:00, run_after=2025-12-27 00:00:00+00:00
[2025-12-27T15:17:32.123+0000] {processor.py:183} INFO - Processing /usr/local/lib/python3.11/site-packages/airflow/example_dags/example_branch_day_of_week_operator.py took 0.429 seconds
[2025-12-27T15:19:18.593+0000] {processor.py:161} INFO - Started process (PID=1025) to work on /usr/local/lib/python3.11/site-packages/airflow/example_dags/example_branch_day_of_week_operator.py
[2025-12-27T15:19:18.596+0000] {processor.py:830} INFO - Processing file /usr/local/lib/python3.11/site-packages/airflow/example_dags/example_branch_day_of_week_operator.py for tasks to queue
[2025-12-27T15:19:18.600+0000] {logging_mixin.py:188} INFO - [2025-12-27T15:19:18.599+0000] {dagbag.py:545} INFO - Filling up the DagBag from /usr/local/lib/python3.11/site-packages/airflow/example_dags/example_branch_day_of_week_operator.py
[2025-12-27T15:19:18.624+0000] {processor.py:840} INFO - DAG(s) 'example_weekday_branch_operator' retrieved from /usr/local/lib/python3.11/site-packages/airflow/example_dags/example_branch_day_of_week_operator.py
[2025-12-27T15:19:18.668+0000] {logging_mixin.py:188} INFO - [2025-12-27T15:19:18.667+0000] {dag.py:3096} INFO - Sync 1 DAGs
[2025-12-27T15:19:18.715+0000] {logging_mixin.py:188} INFO - [2025-12-27T15:19:18.715+0000] {dag.py:3954} INFO - Setting next_dagrun for example_weekday_branch_operator to 2025-12-26 00:00:00+00:00, run_after=2025-12-27 00:00:00+00:00
[2025-12-27T15:19:18.932+0000] {processor.py:183} INFO - Processing /usr/local/lib/python3.11/site-packages/airflow/example_dags/example_branch_day_of_week_operator.py took 0.365 seconds
[2025-12-27T15:31:38.604+0000] {processor.py:161} INFO - Started process (PID=68) to work on /usr/local/lib/python3.11/site-packages/airflow/example_dags/example_branch_day_of_week_operator.py
[2025-12-27T15:31:38.606+0000] {processor.py:830} INFO - Processing file /usr/local/lib/python3.11/site-packages/airflow/example_dags/example_branch_day_of_week_operator.py for tasks to queue
[2025-12-27T15:31:38.608+0000] {logging_mixin.py:188} INFO - [2025-12-27T15:31:38.607+0000] {dagbag.py:545} INFO - Filling up the DagBag from /usr/local/lib/python3.11/site-packages/airflow/example_dags/example_branch_day_of_week_operator.py
[2025-12-27T15:31:38.618+0000] {processor.py:840} INFO - DAG(s) 'example_weekday_branch_operator' retrieved from /usr/local/lib/python3.11/site-packages/airflow/example_dags/example_branch_day_of_week_operator.py
[2025-12-27T15:31:38.788+0000] {logging_mixin.py:188} INFO - [2025-12-27T15:31:38.788+0000] {dag.py:3096} INFO - Sync 1 DAGs
[2025-12-27T15:31:38.819+0000] {logging_mixin.py:188} INFO - [2025-12-27T15:31:38.819+0000] {dag.py:3954} INFO - Setting next_dagrun for example_weekday_branch_operator to 2025-12-26 00:00:00+00:00, run_after=2025-12-27 00:00:00+00:00
[2025-12-27T15:31:39.074+0000] {processor.py:183} INFO - Processing /usr/local/lib/python3.11/site-packages/airflow/example_dags/example_branch_day_of_week_operator.py took 0.483 seconds
[2025-12-27T15:33:11.644+0000] {processor.py:161} INFO - Started process (PID=120) to work on /usr/local/lib/python3.11/site-packages/airflow/example_dags/example_branch_day_of_week_operator.py
[2025-12-27T15:33:11.645+0000] {processor.py:830} INFO - Processing file /usr/local/lib/python3.11/site-packages/airflow/example_dags/example_branch_day_of_week_operator.py for tasks to queue
[2025-12-27T15:33:11.647+0000] {logging_mixin.py:188} INFO - [2025-12-27T15:33:11.647+0000] {dagbag.py:545} INFO - Filling up the DagBag from /usr/local/lib/python3.11/site-packages/airflow/example_dags/example_branch_day_of_week_operator.py
[2025-12-27T15:33:11.657+0000] {processor.py:840} INFO - DAG(s) 'example_weekday_branch_operator' retrieved from /usr/local/lib/python3.11/site-packages/airflow/example_dags/example_branch_day_of_week_operator.py
[2025-12-27T15:33:11.690+0000] {logging_mixin.py:188} INFO - [2025-12-27T15:33:11.690+0000] {dag.py:3096} INFO - Sync 1 DAGs
[2025-12-27T15:33:11.723+0000] {logging_mixin.py:188} INFO - [2025-12-27T15:33:11.723+0000] {dag.py:3954} INFO - Setting next_dagrun for example_weekday_branch_operator to 2025-12-26 00:00:00+00:00, run_after=2025-12-27 00:00:00+00:00
[2025-12-27T15:33:11.952+0000] {processor.py:183} INFO - Processing /usr/local/lib/python3.11/site-packages/airflow/example_dags/example_branch_day_of_week_operator.py took 0.321 seconds
[2025-12-27T15:34:48.912+0000] {processor.py:161} INFO - Started process (PID=185) to work on /usr/local/lib/python3.11/site-packages/airflow/example_dags/example_branch_day_of_week_operator.py
[2025-12-27T15:34:48.914+0000] {processor.py:830} INFO - Processing file /usr/local/lib/python3.11/site-packages/airflow/example_dags/example_branch_day_of_week_operator.py for tasks to queue
[2025-12-27T15:34:48.916+0000] {logging_mixin.py:188} INFO - [2025-12-27T15:34:48.915+0000] {dagbag.py:545} INFO - Filling up the DagBag from /usr/local/lib/python3.11/site-packages/airflow/example_dags/example_branch_day_of_week_operator.py
[2025-12-27T15:34:48.925+0000] {processor.py:840} INFO - DAG(s) 'example_weekday_branch_operator' retrieved from /usr/local/lib/python3.11/site-packages/airflow/example_dags/example_branch_day_of_week_operator.py
[2025-12-27T15:34:48.958+0000] {logging_mixin.py:188} INFO - [2025-12-27T15:34:48.958+0000] {dag.py:3096} INFO - Sync 1 DAGs
[2025-12-27T15:34:48.994+0000] {logging_mixin.py:188} INFO - [2025-12-27T15:34:48.993+0000] {dag.py:3954} INFO - Setting next_dagrun for example_weekday_branch_operator to 2025-12-26 00:00:00+00:00, run_after=2025-12-27 00:00:00+00:00
[2025-12-27T15:34:49.208+0000] {processor.py:183} INFO - Processing /usr/local/lib/python3.11/site-packages/airflow/example_dags/example_branch_day_of_week_operator.py took 0.310 seconds
[2025-12-27T15:36:19.474+0000] {processor.py:161} INFO - Started process (PID=248) to work on /usr/local/lib/python3.11/site-packages/airflow/example_dags/example_branch_day_of_week_operator.py
[2025-12-27T15:36:19.475+0000] {processor.py:830} INFO - Processing file /usr/local/lib/python3.11/site-packages/airflow/example_dags/example_branch_day_of_week_operator.py for tasks to queue
[2025-12-27T15:36:19.478+0000] {logging_mixin.py:188} INFO - [2025-12-27T15:36:19.477+0000] {dagbag.py:545} INFO - Filling up the DagBag from /usr/local/lib/python3.11/site-packages/airflow/example_dags/example_branch_day_of_week_operator.py
[2025-12-27T15:36:19.487+0000] {processor.py:840} INFO - DAG(s) 'example_weekday_branch_operator' retrieved from /usr/local/lib/python3.11/site-packages/airflow/example_dags/example_branch_day_of_week_operator.py
[2025-12-27T15:36:19.521+0000] {logging_mixin.py:188} INFO - [2025-12-27T15:36:19.521+0000] {dag.py:3096} INFO - Sync 1 DAGs
[2025-12-27T15:36:19.559+0000] {logging_mixin.py:188} INFO - [2025-12-27T15:36:19.559+0000] {dag.py:3954} INFO - Setting next_dagrun for example_weekday_branch_operator to 2025-12-26 00:00:00+00:00, run_after=2025-12-27 00:00:00+00:00
[2025-12-27T15:36:19.763+0000] {processor.py:183} INFO - Processing /usr/local/lib/python3.11/site-packages/airflow/example_dags/example_branch_day_of_week_operator.py took 0.302 seconds
[2025-12-27T15:37:54.455+0000] {processor.py:161} INFO - Started process (PID=312) to work on /usr/local/lib/python3.11/site-packages/airflow/example_dags/example_branch_day_of_week_operator.py
[2025-12-27T15:37:54.456+0000] {processor.py:830} INFO - Processing file /usr/local/lib/python3.11/site-packages/airflow/example_dags/example_branch_day_of_week_operator.py for tasks to queue
[2025-12-27T15:37:54.459+0000] {logging_mixin.py:188} INFO - [2025-12-27T15:37:54.458+0000] {dagbag.py:545} INFO - Filling up the DagBag from /usr/local/lib/python3.11/site-packages/airflow/example_dags/example_branch_day_of_week_operator.py
[2025-12-27T15:37:54.473+0000] {processor.py:840} INFO - DAG(s) 'example_weekday_branch_operator' retrieved from /usr/local/lib/python3.11/site-packages/airflow/example_dags/example_branch_day_of_week_operator.py
[2025-12-27T15:37:54.508+0000] {logging_mixin.py:188} INFO - [2025-12-27T15:37:54.508+0000] {dag.py:3096} INFO - Sync 1 DAGs
[2025-12-27T15:37:54.542+0000] {logging_mixin.py:188} INFO - [2025-12-27T15:37:54.542+0000] {dag.py:3954} INFO - Setting next_dagrun for example_weekday_branch_operator to 2025-12-26 00:00:00+00:00, run_after=2025-12-27 00:00:00+00:00
[2025-12-27T15:37:54.718+0000] {processor.py:183} INFO - Processing /usr/local/lib/python3.11/site-packages/airflow/example_dags/example_branch_day_of_week_operator.py took 0.286 seconds
[2025-12-27T15:39:30.228+0000] {processor.py:161} INFO - Started process (PID=374) to work on /usr/local/lib/python3.11/site-packages/airflow/example_dags/example_branch_day_of_week_operator.py
[2025-12-27T15:39:30.229+0000] {processor.py:830} INFO - Processing file /usr/local/lib/python3.11/site-packages/airflow/example_dags/example_branch_day_of_week_operator.py for tasks to queue
[2025-12-27T15:39:30.231+0000] {logging_mixin.py:188} INFO - [2025-12-27T15:39:30.231+0000] {dagbag.py:545} INFO - Filling up the DagBag from /usr/local/lib/python3.11/site-packages/airflow/example_dags/example_branch_day_of_week_operator.py
[2025-12-27T15:39:30.242+0000] {processor.py:840} INFO - DAG(s) 'example_weekday_branch_operator' retrieved from /usr/local/lib/python3.11/site-packages/airflow/example_dags/example_branch_day_of_week_operator.py
[2025-12-27T15:39:30.275+0000] {logging_mixin.py:188} INFO - [2025-12-27T15:39:30.275+0000] {dag.py:3096} INFO - Sync 1 DAGs
[2025-12-27T15:39:30.310+0000] {logging_mixin.py:188} INFO - [2025-12-27T15:39:30.310+0000] {dag.py:3954} INFO - Setting next_dagrun for example_weekday_branch_operator to 2025-12-26 00:00:00+00:00, run_after=2025-12-27 00:00:00+00:00
[2025-12-27T15:39:30.528+0000] {processor.py:183} INFO - Processing /usr/local/lib/python3.11/site-packages/airflow/example_dags/example_branch_day_of_week_operator.py took 0.314 seconds
[2025-12-27T15:41:16.305+0000] {processor.py:161} INFO - Started process (PID=439) to work on /usr/local/lib/python3.11/site-packages/airflow/example_dags/example_branch_day_of_week_operator.py
[2025-12-27T15:41:16.306+0000] {processor.py:830} INFO - Processing file /usr/local/lib/python3.11/site-packages/airflow/example_dags/example_branch_day_of_week_operator.py for tasks to queue
[2025-12-27T15:41:16.308+0000] {logging_mixin.py:188} INFO - [2025-12-27T15:41:16.307+0000] {dagbag.py:545} INFO - Filling up the DagBag from /usr/local/lib/python3.11/site-packages/airflow/example_dags/example_branch_day_of_week_operator.py
[2025-12-27T15:41:16.318+0000] {processor.py:840} INFO - DAG(s) 'example_weekday_branch_operator' retrieved from /usr/local/lib/python3.11/site-packages/airflow/example_dags/example_branch_day_of_week_operator.py
[2025-12-27T15:41:16.353+0000] {logging_mixin.py:188} INFO - [2025-12-27T15:41:16.353+0000] {dag.py:3096} INFO - Sync 1 DAGs
[2025-12-27T15:41:16.386+0000] {logging_mixin.py:188} INFO - [2025-12-27T15:41:16.385+0000] {dag.py:3954} INFO - Setting next_dagrun for example_weekday_branch_operator to 2025-12-26 00:00:00+00:00, run_after=2025-12-27 00:00:00+00:00
[2025-12-27T15:41:16.559+0000] {processor.py:183} INFO - Processing /usr/local/lib/python3.11/site-packages/airflow/example_dags/example_branch_day_of_week_operator.py took 0.268 seconds
[2025-12-27T15:44:36.069+0000] {processor.py:161} INFO - Started process (PID=72) to work on /usr/local/lib/python3.11/site-packages/airflow/example_dags/example_branch_day_of_week_operator.py
[2025-12-27T15:44:36.070+0000] {processor.py:830} INFO - Processing file /usr/local/lib/python3.11/site-packages/airflow/example_dags/example_branch_day_of_week_operator.py for tasks to queue
[2025-12-27T15:44:36.074+0000] {logging_mixin.py:188} INFO - [2025-12-27T15:44:36.073+0000] {dagbag.py:545} INFO - Filling up the DagBag from /usr/local/lib/python3.11/site-packages/airflow/example_dags/example_branch_day_of_week_operator.py
[2025-12-27T15:44:36.090+0000] {processor.py:840} INFO - DAG(s) 'example_weekday_branch_operator' retrieved from /usr/local/lib/python3.11/site-packages/airflow/example_dags/example_branch_day_of_week_operator.py
[2025-12-27T15:44:36.277+0000] {logging_mixin.py:188} INFO - [2025-12-27T15:44:36.277+0000] {dag.py:3096} INFO - Sync 1 DAGs
[2025-12-27T15:44:36.329+0000] {logging_mixin.py:188} INFO - [2025-12-27T15:44:36.329+0000] {dag.py:3954} INFO - Setting next_dagrun for example_weekday_branch_operator to 2025-12-26 00:00:00+00:00, run_after=2025-12-27 00:00:00+00:00
[2025-12-27T15:44:36.559+0000] {processor.py:183} INFO - Processing /usr/local/lib/python3.11/site-packages/airflow/example_dags/example_branch_day_of_week_operator.py took 0.510 seconds
[2025-12-27T15:46:20.737+0000] {processor.py:161} INFO - Started process (PID=135) to work on /usr/local/lib/python3.11/site-packages/airflow/example_dags/example_branch_day_of_week_operator.py
[2025-12-27T15:46:20.738+0000] {processor.py:830} INFO - Processing file /usr/local/lib/python3.11/site-packages/airflow/example_dags/example_branch_day_of_week_operator.py for tasks to queue
[2025-12-27T15:46:20.740+0000] {logging_mixin.py:188} INFO - [2025-12-27T15:46:20.740+0000] {dagbag.py:545} INFO - Filling up the DagBag from /usr/local/lib/python3.11/site-packages/airflow/example_dags/example_branch_day_of_week_operator.py
[2025-12-27T15:46:20.752+0000] {processor.py:840} INFO - DAG(s) 'example_weekday_branch_operator' retrieved from /usr/local/lib/python3.11/site-packages/airflow/example_dags/example_branch_day_of_week_operator.py
[2025-12-27T15:46:20.829+0000] {logging_mixin.py:188} INFO - [2025-12-27T15:46:20.829+0000] {dag.py:3096} INFO - Sync 1 DAGs
[2025-12-27T15:46:21.000+0000] {logging_mixin.py:188} INFO - [2025-12-27T15:46:21.000+0000] {dag.py:3954} INFO - Setting next_dagrun for example_weekday_branch_operator to 2025-12-26 00:00:00+00:00, run_after=2025-12-27 00:00:00+00:00
[2025-12-27T15:46:21.337+0000] {processor.py:183} INFO - Processing /usr/local/lib/python3.11/site-packages/airflow/example_dags/example_branch_day_of_week_operator.py took 0.616 seconds
[2025-12-27T15:48:00.123+0000] {processor.py:161} INFO - Started process (PID=236) to work on /usr/local/lib/python3.11/site-packages/airflow/example_dags/example_branch_day_of_week_operator.py
[2025-12-27T15:48:00.125+0000] {processor.py:830} INFO - Processing file /usr/local/lib/python3.11/site-packages/airflow/example_dags/example_branch_day_of_week_operator.py for tasks to queue
[2025-12-27T15:48:00.127+0000] {logging_mixin.py:188} INFO - [2025-12-27T15:48:00.126+0000] {dagbag.py:545} INFO - Filling up the DagBag from /usr/local/lib/python3.11/site-packages/airflow/example_dags/example_branch_day_of_week_operator.py
[2025-12-27T15:48:00.137+0000] {processor.py:840} INFO - DAG(s) 'example_weekday_branch_operator' retrieved from /usr/local/lib/python3.11/site-packages/airflow/example_dags/example_branch_day_of_week_operator.py
[2025-12-27T15:48:00.169+0000] {logging_mixin.py:188} INFO - [2025-12-27T15:48:00.169+0000] {dag.py:3096} INFO - Sync 1 DAGs
[2025-12-27T15:48:00.203+0000] {logging_mixin.py:188} INFO - [2025-12-27T15:48:00.203+0000] {dag.py:3954} INFO - Setting next_dagrun for example_weekday_branch_operator to 2025-12-26 00:00:00+00:00, run_after=2025-12-27 00:00:00+00:00
[2025-12-27T15:48:00.429+0000] {processor.py:183} INFO - Processing /usr/local/lib/python3.11/site-packages/airflow/example_dags/example_branch_day_of_week_operator.py took 0.320 seconds
[2025-12-27T15:49:27.804+0000] {processor.py:161} INFO - Started process (PID=302) to work on /usr/local/lib/python3.11/site-packages/airflow/example_dags/example_branch_day_of_week_operator.py
[2025-12-27T15:49:27.805+0000] {processor.py:830} INFO - Processing file /usr/local/lib/python3.11/site-packages/airflow/example_dags/example_branch_day_of_week_operator.py for tasks to queue
[2025-12-27T15:49:27.808+0000] {logging_mixin.py:188} INFO - [2025-12-27T15:49:27.807+0000] {dagbag.py:545} INFO - Filling up the DagBag from /usr/local/lib/python3.11/site-packages/airflow/example_dags/example_branch_day_of_week_operator.py
[2025-12-27T15:49:27.817+0000] {processor.py:840} INFO - DAG(s) 'example_weekday_branch_operator' retrieved from /usr/local/lib/python3.11/site-packages/airflow/example_dags/example_branch_day_of_week_operator.py
[2025-12-27T15:49:27.859+0000] {logging_mixin.py:188} INFO - [2025-12-27T15:49:27.858+0000] {dag.py:3096} INFO - Sync 1 DAGs
[2025-12-27T15:49:27.911+0000] {logging_mixin.py:188} INFO - [2025-12-27T15:49:27.911+0000] {dag.py:3954} INFO - Setting next_dagrun for example_weekday_branch_operator to 2025-12-26 00:00:00+00:00, run_after=2025-12-27 00:00:00+00:00
[2025-12-27T15:49:28.254+0000] {processor.py:183} INFO - Processing /usr/local/lib/python3.11/site-packages/airflow/example_dags/example_branch_day_of_week_operator.py took 0.464 seconds
[2025-12-27T15:51:05.740+0000] {processor.py:161} INFO - Started process (PID=380) to work on /usr/local/lib/python3.11/site-packages/airflow/example_dags/example_branch_day_of_week_operator.py
[2025-12-27T15:51:05.748+0000] {processor.py:830} INFO - Processing file /usr/local/lib/python3.11/site-packages/airflow/example_dags/example_branch_day_of_week_operator.py for tasks to queue
[2025-12-27T15:51:05.754+0000] {logging_mixin.py:188} INFO - [2025-12-27T15:51:05.754+0000] {dagbag.py:545} INFO - Filling up the DagBag from /usr/local/lib/python3.11/site-packages/airflow/example_dags/example_branch_day_of_week_operator.py
[2025-12-27T15:51:05.772+0000] {processor.py:840} INFO - DAG(s) 'example_weekday_branch_operator' retrieved from /usr/local/lib/python3.11/site-packages/airflow/example_dags/example_branch_day_of_week_operator.py
[2025-12-27T15:51:06.097+0000] {logging_mixin.py:188} INFO - [2025-12-27T15:51:06.096+0000] {dag.py:3096} INFO - Sync 1 DAGs
[2025-12-27T15:51:06.184+0000] {logging_mixin.py:188} INFO - [2025-12-27T15:51:06.184+0000] {dag.py:3954} INFO - Setting next_dagrun for example_weekday_branch_operator to 2025-12-26 00:00:00+00:00, run_after=2025-12-27 00:00:00+00:00
[2025-12-27T15:51:06.411+0000] {processor.py:183} INFO - Processing /usr/local/lib/python3.11/site-packages/airflow/example_dags/example_branch_day_of_week_operator.py took 0.694 seconds
[2025-12-27T15:52:36.814+0000] {processor.py:161} INFO - Started process (PID=460) to work on /usr/local/lib/python3.11/site-packages/airflow/example_dags/example_branch_day_of_week_operator.py
[2025-12-27T15:52:36.815+0000] {processor.py:830} INFO - Processing file /usr/local/lib/python3.11/site-packages/airflow/example_dags/example_branch_day_of_week_operator.py for tasks to queue
[2025-12-27T15:52:36.820+0000] {logging_mixin.py:188} INFO - [2025-12-27T15:52:36.819+0000] {dagbag.py:545} INFO - Filling up the DagBag from /usr/local/lib/python3.11/site-packages/airflow/example_dags/example_branch_day_of_week_operator.py
[2025-12-27T15:52:36.844+0000] {processor.py:840} INFO - DAG(s) 'example_weekday_branch_operator' retrieved from /usr/local/lib/python3.11/site-packages/airflow/example_dags/example_branch_day_of_week_operator.py
[2025-12-27T15:52:36.888+0000] {logging_mixin.py:188} INFO - [2025-12-27T15:52:36.888+0000] {dag.py:3096} INFO - Sync 1 DAGs
[2025-12-27T15:52:36.933+0000] {logging_mixin.py:188} INFO - [2025-12-27T15:52:36.932+0000] {dag.py:3954} INFO - Setting next_dagrun for example_weekday_branch_operator to 2025-12-26 00:00:00+00:00, run_after=2025-12-27 00:00:00+00:00
[2025-12-27T15:52:37.213+0000] {processor.py:183} INFO - Processing /usr/local/lib/python3.11/site-packages/airflow/example_dags/example_branch_day_of_week_operator.py took 0.420 seconds
[2025-12-27T15:54:08.818+0000] {processor.py:161} INFO - Started process (PID=524) to work on /usr/local/lib/python3.11/site-packages/airflow/example_dags/example_branch_day_of_week_operator.py
[2025-12-27T15:54:08.820+0000] {processor.py:830} INFO - Processing file /usr/local/lib/python3.11/site-packages/airflow/example_dags/example_branch_day_of_week_operator.py for tasks to queue
[2025-12-27T15:54:08.824+0000] {logging_mixin.py:188} INFO - [2025-12-27T15:54:08.824+0000] {dagbag.py:545} INFO - Filling up the DagBag from /usr/local/lib/python3.11/site-packages/airflow/example_dags/example_branch_day_of_week_operator.py
[2025-12-27T15:54:08.842+0000] {processor.py:840} INFO - DAG(s) 'example_weekday_branch_operator' retrieved from /usr/local/lib/python3.11/site-packages/airflow/example_dags/example_branch_day_of_week_operator.py
[2025-12-27T15:54:08.927+0000] {logging_mixin.py:188} INFO - [2025-12-27T15:54:08.926+0000] {dag.py:3096} INFO - Sync 1 DAGs
[2025-12-27T15:54:08.979+0000] {logging_mixin.py:188} INFO - [2025-12-27T15:54:08.979+0000] {dag.py:3954} INFO - Setting next_dagrun for example_weekday_branch_operator to 2025-12-26 00:00:00+00:00, run_after=2025-12-27 00:00:00+00:00
[2025-12-27T15:54:09.282+0000] {processor.py:183} INFO - Processing /usr/local/lib/python3.11/site-packages/airflow/example_dags/example_branch_day_of_week_operator.py took 0.487 seconds
[2025-12-27T15:55:40.470+0000] {processor.py:161} INFO - Started process (PID=594) to work on /usr/local/lib/python3.11/site-packages/airflow/example_dags/example_branch_day_of_week_operator.py
[2025-12-27T15:55:40.471+0000] {processor.py:830} INFO - Processing file /usr/local/lib/python3.11/site-packages/airflow/example_dags/example_branch_day_of_week_operator.py for tasks to queue
[2025-12-27T15:55:40.474+0000] {logging_mixin.py:188} INFO - [2025-12-27T15:55:40.474+0000] {dagbag.py:545} INFO - Filling up the DagBag from /usr/local/lib/python3.11/site-packages/airflow/example_dags/example_branch_day_of_week_operator.py
[2025-12-27T15:55:40.485+0000] {processor.py:840} INFO - DAG(s) 'example_weekday_branch_operator' retrieved from /usr/local/lib/python3.11/site-packages/airflow/example_dags/example_branch_day_of_week_operator.py
[2025-12-27T15:55:40.521+0000] {logging_mixin.py:188} INFO - [2025-12-27T15:55:40.521+0000] {dag.py:3096} INFO - Sync 1 DAGs
[2025-12-27T15:55:40.562+0000] {logging_mixin.py:188} INFO - [2025-12-27T15:55:40.562+0000] {dag.py:3954} INFO - Setting next_dagrun for example_weekday_branch_operator to 2025-12-26 00:00:00+00:00, run_after=2025-12-27 00:00:00+00:00
[2025-12-27T15:55:40.784+0000] {processor.py:183} INFO - Processing /usr/local/lib/python3.11/site-packages/airflow/example_dags/example_branch_day_of_week_operator.py took 0.337 seconds
[2025-12-27T15:57:12.580+0000] {processor.py:161} INFO - Started process (PID=662) to work on /usr/local/lib/python3.11/site-packages/airflow/example_dags/example_branch_day_of_week_operator.py
[2025-12-27T15:57:12.582+0000] {processor.py:830} INFO - Processing file /usr/local/lib/python3.11/site-packages/airflow/example_dags/example_branch_day_of_week_operator.py for tasks to queue
[2025-12-27T15:57:12.586+0000] {logging_mixin.py:188} INFO - [2025-12-27T15:57:12.585+0000] {dagbag.py:545} INFO - Filling up the DagBag from /usr/local/lib/python3.11/site-packages/airflow/example_dags/example_branch_day_of_week_operator.py
[2025-12-27T15:57:12.604+0000] {processor.py:840} INFO - DAG(s) 'example_weekday_branch_operator' retrieved from /usr/local/lib/python3.11/site-packages/airflow/example_dags/example_branch_day_of_week_operator.py
[2025-12-27T15:57:12.733+0000] {logging_mixin.py:188} INFO - [2025-12-27T15:57:12.732+0000] {dag.py:3096} INFO - Sync 1 DAGs
[2025-12-27T15:57:12.829+0000] {logging_mixin.py:188} INFO - [2025-12-27T15:57:12.828+0000] {dag.py:3954} INFO - Setting next_dagrun for example_weekday_branch_operator to 2025-12-26 00:00:00+00:00, run_after=2025-12-27 00:00:00+00:00
[2025-12-27T15:57:13.022+0000] {processor.py:183} INFO - Processing /usr/local/lib/python3.11/site-packages/airflow/example_dags/example_branch_day_of_week_operator.py took 0.464 seconds
[2025-12-27T15:58:43.597+0000] {processor.py:161} INFO - Started process (PID=725) to work on /usr/local/lib/python3.11/site-packages/airflow/example_dags/example_branch_day_of_week_operator.py
[2025-12-27T15:58:43.598+0000] {processor.py:830} INFO - Processing file /usr/local/lib/python3.11/site-packages/airflow/example_dags/example_branch_day_of_week_operator.py for tasks to queue
[2025-12-27T15:58:43.601+0000] {logging_mixin.py:188} INFO - [2025-12-27T15:58:43.600+0000] {dagbag.py:545} INFO - Filling up the DagBag from /usr/local/lib/python3.11/site-packages/airflow/example_dags/example_branch_day_of_week_operator.py
[2025-12-27T15:58:43.612+0000] {processor.py:840} INFO - DAG(s) 'example_weekday_branch_operator' retrieved from /usr/local/lib/python3.11/site-packages/airflow/example_dags/example_branch_day_of_week_operator.py
[2025-12-27T15:58:43.646+0000] {logging_mixin.py:188} INFO - [2025-12-27T15:58:43.646+0000] {dag.py:3096} INFO - Sync 1 DAGs
[2025-12-27T15:58:43.687+0000] {logging_mixin.py:188} INFO - [2025-12-27T15:58:43.687+0000] {dag.py:3954} INFO - Setting next_dagrun for example_weekday_branch_operator to 2025-12-26 00:00:00+00:00, run_after=2025-12-27 00:00:00+00:00
[2025-12-27T15:58:43.938+0000] {processor.py:183} INFO - Processing /usr/local/lib/python3.11/site-packages/airflow/example_dags/example_branch_day_of_week_operator.py took 0.357 seconds
[2025-12-27T16:00:36.581+0000] {processor.py:161} INFO - Started process (PID=793) to work on /usr/local/lib/python3.11/site-packages/airflow/example_dags/example_branch_day_of_week_operator.py
[2025-12-27T16:00:36.582+0000] {processor.py:830} INFO - Processing file /usr/local/lib/python3.11/site-packages/airflow/example_dags/example_branch_day_of_week_operator.py for tasks to queue
[2025-12-27T16:00:36.585+0000] {logging_mixin.py:188} INFO - [2025-12-27T16:00:36.584+0000] {dagbag.py:545} INFO - Filling up the DagBag from /usr/local/lib/python3.11/site-packages/airflow/example_dags/example_branch_day_of_week_operator.py
[2025-12-27T16:00:36.598+0000] {processor.py:840} INFO - DAG(s) 'example_weekday_branch_operator' retrieved from /usr/local/lib/python3.11/site-packages/airflow/example_dags/example_branch_day_of_week_operator.py
[2025-12-27T16:00:36.667+0000] {logging_mixin.py:188} INFO - [2025-12-27T16:00:36.667+0000] {dag.py:3096} INFO - Sync 1 DAGs
[2025-12-27T16:00:36.936+0000] {logging_mixin.py:188} INFO - [2025-12-27T16:00:36.936+0000] {dag.py:3954} INFO - Setting next_dagrun for example_weekday_branch_operator to 2025-12-26 00:00:00+00:00, run_after=2025-12-27 00:00:00+00:00
[2025-12-27T16:00:37.199+0000] {processor.py:183} INFO - Processing /usr/local/lib/python3.11/site-packages/airflow/example_dags/example_branch_day_of_week_operator.py took 0.636 seconds
[2025-12-27T21:00:41.018+0000] {processor.py:161} INFO - Started process (PID=73) to work on /usr/local/lib/python3.11/site-packages/airflow/example_dags/example_branch_day_of_week_operator.py
[2025-12-27T21:00:41.055+0000] {processor.py:830} INFO - Processing file /usr/local/lib/python3.11/site-packages/airflow/example_dags/example_branch_day_of_week_operator.py for tasks to queue
[2025-12-27T21:00:41.058+0000] {logging_mixin.py:188} INFO - [2025-12-27T21:00:41.058+0000] {dagbag.py:545} INFO - Filling up the DagBag from /usr/local/lib/python3.11/site-packages/airflow/example_dags/example_branch_day_of_week_operator.py
[2025-12-27T21:00:41.071+0000] {processor.py:840} INFO - DAG(s) 'example_weekday_branch_operator' retrieved from /usr/local/lib/python3.11/site-packages/airflow/example_dags/example_branch_day_of_week_operator.py
[2025-12-27T21:00:41.218+0000] {logging_mixin.py:188} INFO - [2025-12-27T21:00:41.218+0000] {dag.py:3096} INFO - Sync 1 DAGs
[2025-12-27T21:00:41.248+0000] {logging_mixin.py:188} INFO - [2025-12-27T21:00:41.248+0000] {dag.py:3954} INFO - Setting next_dagrun for example_weekday_branch_operator to 2025-12-26 00:00:00+00:00, run_after=2025-12-27 00:00:00+00:00
[2025-12-27T21:00:41.479+0000] {processor.py:183} INFO - Processing /usr/local/lib/python3.11/site-packages/airflow/example_dags/example_branch_day_of_week_operator.py took 0.476 seconds
[2025-12-27T21:02:10.519+0000] {processor.py:161} INFO - Started process (PID=135) to work on /usr/local/lib/python3.11/site-packages/airflow/example_dags/example_branch_day_of_week_operator.py
[2025-12-27T21:02:10.520+0000] {processor.py:830} INFO - Processing file /usr/local/lib/python3.11/site-packages/airflow/example_dags/example_branch_day_of_week_operator.py for tasks to queue
[2025-12-27T21:02:10.521+0000] {logging_mixin.py:188} INFO - [2025-12-27T21:02:10.521+0000] {dagbag.py:545} INFO - Filling up the DagBag from /usr/local/lib/python3.11/site-packages/airflow/example_dags/example_branch_day_of_week_operator.py
[2025-12-27T21:02:10.531+0000] {processor.py:840} INFO - DAG(s) 'example_weekday_branch_operator' retrieved from /usr/local/lib/python3.11/site-packages/airflow/example_dags/example_branch_day_of_week_operator.py
[2025-12-27T21:02:10.563+0000] {logging_mixin.py:188} INFO - [2025-12-27T21:02:10.563+0000] {dag.py:3096} INFO - Sync 1 DAGs
[2025-12-27T21:02:10.609+0000] {logging_mixin.py:188} INFO - [2025-12-27T21:02:10.609+0000] {dag.py:3954} INFO - Setting next_dagrun for example_weekday_branch_operator to 2025-12-26 00:00:00+00:00, run_after=2025-12-27 00:00:00+00:00
[2025-12-27T21:02:10.783+0000] {processor.py:183} INFO - Processing /usr/local/lib/python3.11/site-packages/airflow/example_dags/example_branch_day_of_week_operator.py took 0.277 seconds
[2025-12-27T21:03:37.277+0000] {processor.py:161} INFO - Started process (PID=197) to work on /usr/local/lib/python3.11/site-packages/airflow/example_dags/example_branch_day_of_week_operator.py
[2025-12-27T21:03:37.279+0000] {processor.py:830} INFO - Processing file /usr/local/lib/python3.11/site-packages/airflow/example_dags/example_branch_day_of_week_operator.py for tasks to queue
[2025-12-27T21:03:37.280+0000] {logging_mixin.py:188} INFO - [2025-12-27T21:03:37.280+0000] {dagbag.py:545} INFO - Filling up the DagBag from /usr/local/lib/python3.11/site-packages/airflow/example_dags/example_branch_day_of_week_operator.py
[2025-12-27T21:03:37.292+0000] {processor.py:840} INFO - DAG(s) 'example_weekday_branch_operator' retrieved from /usr/local/lib/python3.11/site-packages/airflow/example_dags/example_branch_day_of_week_operator.py
[2025-12-27T21:03:37.332+0000] {logging_mixin.py:188} INFO - [2025-12-27T21:03:37.332+0000] {dag.py:3096} INFO - Sync 1 DAGs
[2025-12-27T21:03:37.362+0000] {logging_mixin.py:188} INFO - [2025-12-27T21:03:37.362+0000] {dag.py:3954} INFO - Setting next_dagrun for example_weekday_branch_operator to 2025-12-26 00:00:00+00:00, run_after=2025-12-27 00:00:00+00:00
[2025-12-27T21:03:37.587+0000] {processor.py:183} INFO - Processing /usr/local/lib/python3.11/site-packages/airflow/example_dags/example_branch_day_of_week_operator.py took 0.327 seconds
[2025-12-27T21:05:12.790+0000] {processor.py:161} INFO - Started process (PID=260) to work on /usr/local/lib/python3.11/site-packages/airflow/example_dags/example_branch_day_of_week_operator.py
[2025-12-27T21:05:12.791+0000] {processor.py:830} INFO - Processing file /usr/local/lib/python3.11/site-packages/airflow/example_dags/example_branch_day_of_week_operator.py for tasks to queue
[2025-12-27T21:05:12.792+0000] {logging_mixin.py:188} INFO - [2025-12-27T21:05:12.792+0000] {dagbag.py:545} INFO - Filling up the DagBag from /usr/local/lib/python3.11/site-packages/airflow/example_dags/example_branch_day_of_week_operator.py
[2025-12-27T21:05:12.802+0000] {processor.py:840} INFO - DAG(s) 'example_weekday_branch_operator' retrieved from /usr/local/lib/python3.11/site-packages/airflow/example_dags/example_branch_day_of_week_operator.py
[2025-12-27T21:05:12.834+0000] {logging_mixin.py:188} INFO - [2025-12-27T21:05:12.834+0000] {dag.py:3096} INFO - Sync 1 DAGs
[2025-12-27T21:05:12.867+0000] {logging_mixin.py:188} INFO - [2025-12-27T21:05:12.866+0000] {dag.py:3954} INFO - Setting next_dagrun for example_weekday_branch_operator to 2025-12-26 00:00:00+00:00, run_after=2025-12-27 00:00:00+00:00
[2025-12-27T21:05:13.101+0000] {processor.py:183} INFO - Processing /usr/local/lib/python3.11/site-packages/airflow/example_dags/example_branch_day_of_week_operator.py took 0.325 seconds
[2025-12-27T21:07:12.071+0000] {processor.py:161} INFO - Started process (PID=328) to work on /usr/local/lib/python3.11/site-packages/airflow/example_dags/example_branch_day_of_week_operator.py
[2025-12-27T21:07:12.072+0000] {processor.py:830} INFO - Processing file /usr/local/lib/python3.11/site-packages/airflow/example_dags/example_branch_day_of_week_operator.py for tasks to queue
[2025-12-27T21:07:12.074+0000] {logging_mixin.py:188} INFO - [2025-12-27T21:07:12.073+0000] {dagbag.py:545} INFO - Filling up the DagBag from /usr/local/lib/python3.11/site-packages/airflow/example_dags/example_branch_day_of_week_operator.py
[2025-12-27T21:07:12.088+0000] {processor.py:840} INFO - DAG(s) 'example_weekday_branch_operator' retrieved from /usr/local/lib/python3.11/site-packages/airflow/example_dags/example_branch_day_of_week_operator.py
[2025-12-27T21:07:12.124+0000] {logging_mixin.py:188} INFO - [2025-12-27T21:07:12.123+0000] {dag.py:3096} INFO - Sync 1 DAGs
[2025-12-27T21:07:12.172+0000] {logging_mixin.py:188} INFO - [2025-12-27T21:07:12.171+0000] {dag.py:3954} INFO - Setting next_dagrun for example_weekday_branch_operator to 2025-12-26 00:00:00+00:00, run_after=2025-12-27 00:00:00+00:00
[2025-12-27T21:07:12.729+0000] {processor.py:183} INFO - Processing /usr/local/lib/python3.11/site-packages/airflow/example_dags/example_branch_day_of_week_operator.py took 0.675 seconds
[2025-12-27T21:20:10.367+0000] {processor.py:161} INFO - Started process (PID=68) to work on /usr/local/lib/python3.11/site-packages/airflow/example_dags/example_branch_day_of_week_operator.py
[2025-12-27T21:20:10.368+0000] {processor.py:830} INFO - Processing file /usr/local/lib/python3.11/site-packages/airflow/example_dags/example_branch_day_of_week_operator.py for tasks to queue
[2025-12-27T21:20:10.370+0000] {logging_mixin.py:188} INFO - [2025-12-27T21:20:10.370+0000] {dagbag.py:545} INFO - Filling up the DagBag from /usr/local/lib/python3.11/site-packages/airflow/example_dags/example_branch_day_of_week_operator.py
[2025-12-27T21:20:10.380+0000] {processor.py:840} INFO - DAG(s) 'example_weekday_branch_operator' retrieved from /usr/local/lib/python3.11/site-packages/airflow/example_dags/example_branch_day_of_week_operator.py
[2025-12-27T21:20:10.546+0000] {logging_mixin.py:188} INFO - [2025-12-27T21:20:10.546+0000] {dag.py:3096} INFO - Sync 1 DAGs
[2025-12-27T21:20:10.578+0000] {logging_mixin.py:188} INFO - [2025-12-27T21:20:10.578+0000] {dag.py:3954} INFO - Setting next_dagrun for example_weekday_branch_operator to 2025-12-26 00:00:00+00:00, run_after=2025-12-27 00:00:00+00:00
[2025-12-27T21:20:10.813+0000] {processor.py:183} INFO - Processing /usr/local/lib/python3.11/site-packages/airflow/example_dags/example_branch_day_of_week_operator.py took 0.461 seconds
[2025-12-27T21:21:53.985+0000] {processor.py:161} INFO - Started process (PID=142) to work on /usr/local/lib/python3.11/site-packages/airflow/example_dags/example_branch_day_of_week_operator.py
[2025-12-27T21:21:53.987+0000] {processor.py:830} INFO - Processing file /usr/local/lib/python3.11/site-packages/airflow/example_dags/example_branch_day_of_week_operator.py for tasks to queue
[2025-12-27T21:21:53.989+0000] {logging_mixin.py:188} INFO - [2025-12-27T21:21:53.989+0000] {dagbag.py:545} INFO - Filling up the DagBag from /usr/local/lib/python3.11/site-packages/airflow/example_dags/example_branch_day_of_week_operator.py
[2025-12-27T21:21:54.004+0000] {processor.py:840} INFO - DAG(s) 'example_weekday_branch_operator' retrieved from /usr/local/lib/python3.11/site-packages/airflow/example_dags/example_branch_day_of_week_operator.py
[2025-12-27T21:21:54.033+0000] {logging_mixin.py:188} INFO - [2025-12-27T21:21:54.032+0000] {dag.py:3096} INFO - Sync 1 DAGs
[2025-12-27T21:21:54.065+0000] {logging_mixin.py:188} INFO - [2025-12-27T21:21:54.064+0000] {dag.py:3954} INFO - Setting next_dagrun for example_weekday_branch_operator to 2025-12-26 00:00:00+00:00, run_after=2025-12-27 00:00:00+00:00
[2025-12-27T21:21:54.288+0000] {processor.py:183} INFO - Processing /usr/local/lib/python3.11/site-packages/airflow/example_dags/example_branch_day_of_week_operator.py took 0.321 seconds
[2025-12-27T21:23:28.184+0000] {processor.py:161} INFO - Started process (PID=206) to work on /usr/local/lib/python3.11/site-packages/airflow/example_dags/example_branch_day_of_week_operator.py
[2025-12-27T21:23:28.185+0000] {processor.py:830} INFO - Processing file /usr/local/lib/python3.11/site-packages/airflow/example_dags/example_branch_day_of_week_operator.py for tasks to queue
[2025-12-27T21:23:28.188+0000] {logging_mixin.py:188} INFO - [2025-12-27T21:23:28.187+0000] {dagbag.py:545} INFO - Filling up the DagBag from /usr/local/lib/python3.11/site-packages/airflow/example_dags/example_branch_day_of_week_operator.py
[2025-12-27T21:23:28.199+0000] {processor.py:840} INFO - DAG(s) 'example_weekday_branch_operator' retrieved from /usr/local/lib/python3.11/site-packages/airflow/example_dags/example_branch_day_of_week_operator.py
[2025-12-27T21:23:28.237+0000] {logging_mixin.py:188} INFO - [2025-12-27T21:23:28.237+0000] {dag.py:3096} INFO - Sync 1 DAGs
[2025-12-27T21:23:28.284+0000] {logging_mixin.py:188} INFO - [2025-12-27T21:23:28.283+0000] {dag.py:3954} INFO - Setting next_dagrun for example_weekday_branch_operator to 2025-12-26 00:00:00+00:00, run_after=2025-12-27 00:00:00+00:00
[2025-12-27T21:23:28.466+0000] {processor.py:183} INFO - Processing /usr/local/lib/python3.11/site-packages/airflow/example_dags/example_branch_day_of_week_operator.py took 0.302 seconds
[2025-12-27T21:25:03.706+0000] {processor.py:161} INFO - Started process (PID=269) to work on /usr/local/lib/python3.11/site-packages/airflow/example_dags/example_branch_day_of_week_operator.py
[2025-12-27T21:25:03.708+0000] {processor.py:830} INFO - Processing file /usr/local/lib/python3.11/site-packages/airflow/example_dags/example_branch_day_of_week_operator.py for tasks to queue
[2025-12-27T21:25:03.711+0000] {logging_mixin.py:188} INFO - [2025-12-27T21:25:03.710+0000] {dagbag.py:545} INFO - Filling up the DagBag from /usr/local/lib/python3.11/site-packages/airflow/example_dags/example_branch_day_of_week_operator.py
[2025-12-27T21:25:03.726+0000] {processor.py:840} INFO - DAG(s) 'example_weekday_branch_operator' retrieved from /usr/local/lib/python3.11/site-packages/airflow/example_dags/example_branch_day_of_week_operator.py
[2025-12-27T21:25:03.767+0000] {logging_mixin.py:188} INFO - [2025-12-27T21:25:03.767+0000] {dag.py:3096} INFO - Sync 1 DAGs
[2025-12-27T21:25:03.806+0000] {logging_mixin.py:188} INFO - [2025-12-27T21:25:03.806+0000] {dag.py:3954} INFO - Setting next_dagrun for example_weekday_branch_operator to 2025-12-26 00:00:00+00:00, run_after=2025-12-27 00:00:00+00:00
[2025-12-27T21:25:04.137+0000] {processor.py:183} INFO - Processing /usr/local/lib/python3.11/site-packages/airflow/example_dags/example_branch_day_of_week_operator.py took 0.449 seconds
[2025-12-27T21:26:49.607+0000] {processor.py:161} INFO - Started process (PID=349) to work on /usr/local/lib/python3.11/site-packages/airflow/example_dags/example_branch_day_of_week_operator.py
[2025-12-27T21:26:49.608+0000] {processor.py:830} INFO - Processing file /usr/local/lib/python3.11/site-packages/airflow/example_dags/example_branch_day_of_week_operator.py for tasks to queue
[2025-12-27T21:26:49.612+0000] {logging_mixin.py:188} INFO - [2025-12-27T21:26:49.611+0000] {dagbag.py:545} INFO - Filling up the DagBag from /usr/local/lib/python3.11/site-packages/airflow/example_dags/example_branch_day_of_week_operator.py
[2025-12-27T21:26:49.622+0000] {processor.py:840} INFO - DAG(s) 'example_weekday_branch_operator' retrieved from /usr/local/lib/python3.11/site-packages/airflow/example_dags/example_branch_day_of_week_operator.py
[2025-12-27T21:26:49.653+0000] {logging_mixin.py:188} INFO - [2025-12-27T21:26:49.653+0000] {dag.py:3096} INFO - Sync 1 DAGs
[2025-12-27T21:26:49.688+0000] {logging_mixin.py:188} INFO - [2025-12-27T21:26:49.688+0000] {dag.py:3954} INFO - Setting next_dagrun for example_weekday_branch_operator to 2025-12-26 00:00:00+00:00, run_after=2025-12-27 00:00:00+00:00
[2025-12-27T21:26:49.869+0000] {processor.py:183} INFO - Processing /usr/local/lib/python3.11/site-packages/airflow/example_dags/example_branch_day_of_week_operator.py took 0.282 seconds
[2025-12-27T21:28:18.661+0000] {processor.py:161} INFO - Started process (PID=622) to work on /usr/local/lib/python3.11/site-packages/airflow/example_dags/example_branch_day_of_week_operator.py
[2025-12-27T21:28:18.662+0000] {processor.py:830} INFO - Processing file /usr/local/lib/python3.11/site-packages/airflow/example_dags/example_branch_day_of_week_operator.py for tasks to queue
[2025-12-27T21:28:18.665+0000] {logging_mixin.py:188} INFO - [2025-12-27T21:28:18.664+0000] {dagbag.py:545} INFO - Filling up the DagBag from /usr/local/lib/python3.11/site-packages/airflow/example_dags/example_branch_day_of_week_operator.py
[2025-12-27T21:28:18.676+0000] {processor.py:840} INFO - DAG(s) 'example_weekday_branch_operator' retrieved from /usr/local/lib/python3.11/site-packages/airflow/example_dags/example_branch_day_of_week_operator.py
[2025-12-27T21:28:18.714+0000] {logging_mixin.py:188} INFO - [2025-12-27T21:28:18.714+0000] {dag.py:3096} INFO - Sync 1 DAGs
[2025-12-27T21:28:18.750+0000] {logging_mixin.py:188} INFO - [2025-12-27T21:28:18.749+0000] {dag.py:3954} INFO - Setting next_dagrun for example_weekday_branch_operator to 2025-12-26 00:00:00+00:00, run_after=2025-12-27 00:00:00+00:00
[2025-12-27T21:28:19.273+0000] {processor.py:183} INFO - Processing /usr/local/lib/python3.11/site-packages/airflow/example_dags/example_branch_day_of_week_operator.py took 0.634 seconds
[2025-12-27T21:33:13.938+0000] {processor.py:161} INFO - Started process (PID=69) to work on /usr/local/lib/python3.11/site-packages/airflow/example_dags/example_branch_day_of_week_operator.py
[2025-12-27T21:33:13.940+0000] {processor.py:830} INFO - Processing file /usr/local/lib/python3.11/site-packages/airflow/example_dags/example_branch_day_of_week_operator.py for tasks to queue
[2025-12-27T21:33:13.942+0000] {logging_mixin.py:188} INFO - [2025-12-27T21:33:13.942+0000] {dagbag.py:545} INFO - Filling up the DagBag from /usr/local/lib/python3.11/site-packages/airflow/example_dags/example_branch_day_of_week_operator.py
[2025-12-27T21:33:13.954+0000] {processor.py:840} INFO - DAG(s) 'example_weekday_branch_operator' retrieved from /usr/local/lib/python3.11/site-packages/airflow/example_dags/example_branch_day_of_week_operator.py
[2025-12-27T21:33:14.111+0000] {logging_mixin.py:188} INFO - [2025-12-27T21:33:14.111+0000] {dag.py:3096} INFO - Sync 1 DAGs
[2025-12-27T21:33:14.142+0000] {logging_mixin.py:188} INFO - [2025-12-27T21:33:14.142+0000] {dag.py:3954} INFO - Setting next_dagrun for example_weekday_branch_operator to 2025-12-26 00:00:00+00:00, run_after=2025-12-27 00:00:00+00:00
[2025-12-27T21:33:14.400+0000] {processor.py:183} INFO - Processing /usr/local/lib/python3.11/site-packages/airflow/example_dags/example_branch_day_of_week_operator.py took 0.475 seconds
