[2025-12-27T13:47:12.658+0000] {processor.py:161} INFO - Started process (PID=75) to work on /usr/local/lib/python3.11/site-packages/airflow/example_dags/example_branch_python_dop_operator_3.py
[2025-12-27T13:47:12.660+0000] {processor.py:830} INFO - Processing file /usr/local/lib/python3.11/site-packages/airflow/example_dags/example_branch_python_dop_operator_3.py for tasks to queue
[2025-12-27T13:47:12.662+0000] {logging_mixin.py:188} INFO - [2025-12-27T13:47:12.662+0000] {dagbag.py:545} INFO - Filling up the DagBag from /usr/local/lib/python3.11/site-packages/airflow/example_dags/example_branch_python_dop_operator_3.py
[2025-12-27T13:47:12.673+0000] {processor.py:840} INFO - DAG(s) 'example_branch_dop_operator_v3' retrieved from /usr/local/lib/python3.11/site-packages/airflow/example_dags/example_branch_python_dop_operator_3.py
[2025-12-27T13:47:13.118+0000] {logging_mixin.py:188} INFO - [2025-12-27T13:47:13.117+0000] {override.py:1930} INFO - Created Permission View: can edit on DAG:example_branch_dop_operator_v3
[2025-12-27T13:47:13.331+0000] {logging_mixin.py:188} INFO - [2025-12-27T13:47:13.329+0000] {override.py:1930} INFO - Created Permission View: can read on DAG:example_branch_dop_operator_v3
[2025-12-27T13:47:13.645+0000] {logging_mixin.py:188} INFO - [2025-12-27T13:47:13.644+0000] {override.py:1930} INFO - Created Permission View: can delete on DAG:example_branch_dop_operator_v3
[2025-12-27T13:47:13.646+0000] {logging_mixin.py:188} INFO - [2025-12-27T13:47:13.646+0000] {dag.py:3096} INFO - Sync 1 DAGs
[2025-12-27T13:47:13.797+0000] {logging_mixin.py:188} INFO - [2025-12-27T13:47:13.796+0000] {dag.py:3118} INFO - Creating ORM DAG for example_branch_dop_operator_v3
[2025-12-27T13:47:13.821+0000] {logging_mixin.py:188} INFO - [2025-12-27T13:47:13.821+0000] {dag.py:3954} INFO - Setting next_dagrun for example_branch_dop_operator_v3 to 2025-12-27 13:46:00+00:00, run_after=2025-12-27 13:47:00+00:00
[2025-12-27T13:47:14.053+0000] {processor.py:183} INFO - Processing /usr/local/lib/python3.11/site-packages/airflow/example_dags/example_branch_python_dop_operator_3.py took 1.408 seconds
[2025-12-27T13:48:56.793+0000] {processor.py:161} INFO - Started process (PID=143) to work on /usr/local/lib/python3.11/site-packages/airflow/example_dags/example_branch_python_dop_operator_3.py
[2025-12-27T13:48:56.795+0000] {processor.py:830} INFO - Processing file /usr/local/lib/python3.11/site-packages/airflow/example_dags/example_branch_python_dop_operator_3.py for tasks to queue
[2025-12-27T13:48:56.799+0000] {logging_mixin.py:188} INFO - [2025-12-27T13:48:56.798+0000] {dagbag.py:545} INFO - Filling up the DagBag from /usr/local/lib/python3.11/site-packages/airflow/example_dags/example_branch_python_dop_operator_3.py
[2025-12-27T13:48:56.817+0000] {processor.py:840} INFO - DAG(s) 'example_branch_dop_operator_v3' retrieved from /usr/local/lib/python3.11/site-packages/airflow/example_dags/example_branch_python_dop_operator_3.py
[2025-12-27T13:48:56.856+0000] {logging_mixin.py:188} INFO - [2025-12-27T13:48:56.856+0000] {dag.py:3096} INFO - Sync 1 DAGs
[2025-12-27T13:48:57.031+0000] {logging_mixin.py:188} INFO - [2025-12-27T13:48:57.031+0000] {dag.py:3954} INFO - Setting next_dagrun for example_branch_dop_operator_v3 to 2025-12-27 13:47:00+00:00, run_after=2025-12-27 13:48:00+00:00
[2025-12-27T13:48:57.422+0000] {processor.py:183} INFO - Processing /usr/local/lib/python3.11/site-packages/airflow/example_dags/example_branch_python_dop_operator_3.py took 0.645 seconds
[2025-12-27T13:50:34.225+0000] {processor.py:161} INFO - Started process (PID=208) to work on /usr/local/lib/python3.11/site-packages/airflow/example_dags/example_branch_python_dop_operator_3.py
[2025-12-27T13:50:34.227+0000] {processor.py:830} INFO - Processing file /usr/local/lib/python3.11/site-packages/airflow/example_dags/example_branch_python_dop_operator_3.py for tasks to queue
[2025-12-27T13:50:34.229+0000] {logging_mixin.py:188} INFO - [2025-12-27T13:50:34.229+0000] {dagbag.py:545} INFO - Filling up the DagBag from /usr/local/lib/python3.11/site-packages/airflow/example_dags/example_branch_python_dop_operator_3.py
[2025-12-27T13:50:34.240+0000] {processor.py:840} INFO - DAG(s) 'example_branch_dop_operator_v3' retrieved from /usr/local/lib/python3.11/site-packages/airflow/example_dags/example_branch_python_dop_operator_3.py
[2025-12-27T13:50:34.272+0000] {logging_mixin.py:188} INFO - [2025-12-27T13:50:34.271+0000] {dag.py:3096} INFO - Sync 1 DAGs
[2025-12-27T13:50:34.318+0000] {logging_mixin.py:188} INFO - [2025-12-27T13:50:34.317+0000] {dag.py:3954} INFO - Setting next_dagrun for example_branch_dop_operator_v3 to 2025-12-27 13:49:00+00:00, run_after=2025-12-27 13:50:00+00:00
[2025-12-27T13:50:34.534+0000] {processor.py:183} INFO - Processing /usr/local/lib/python3.11/site-packages/airflow/example_dags/example_branch_python_dop_operator_3.py took 0.323 seconds
[2025-12-27T13:51:57.526+0000] {processor.py:161} INFO - Started process (PID=269) to work on /usr/local/lib/python3.11/site-packages/airflow/example_dags/example_branch_python_dop_operator_3.py
[2025-12-27T13:51:57.527+0000] {processor.py:830} INFO - Processing file /usr/local/lib/python3.11/site-packages/airflow/example_dags/example_branch_python_dop_operator_3.py for tasks to queue
[2025-12-27T13:51:57.531+0000] {logging_mixin.py:188} INFO - [2025-12-27T13:51:57.530+0000] {dagbag.py:545} INFO - Filling up the DagBag from /usr/local/lib/python3.11/site-packages/airflow/example_dags/example_branch_python_dop_operator_3.py
[2025-12-27T13:51:57.542+0000] {processor.py:840} INFO - DAG(s) 'example_branch_dop_operator_v3' retrieved from /usr/local/lib/python3.11/site-packages/airflow/example_dags/example_branch_python_dop_operator_3.py
[2025-12-27T13:51:57.573+0000] {logging_mixin.py:188} INFO - [2025-12-27T13:51:57.573+0000] {dag.py:3096} INFO - Sync 1 DAGs
[2025-12-27T13:51:57.623+0000] {logging_mixin.py:188} INFO - [2025-12-27T13:51:57.622+0000] {dag.py:3954} INFO - Setting next_dagrun for example_branch_dop_operator_v3 to 2025-12-27 13:50:00+00:00, run_after=2025-12-27 13:51:00+00:00
[2025-12-27T13:51:57.831+0000] {processor.py:183} INFO - Processing /usr/local/lib/python3.11/site-packages/airflow/example_dags/example_branch_python_dop_operator_3.py took 0.325 seconds
[2025-12-27T13:53:19.147+0000] {processor.py:161} INFO - Started process (PID=328) to work on /usr/local/lib/python3.11/site-packages/airflow/example_dags/example_branch_python_dop_operator_3.py
[2025-12-27T13:53:19.149+0000] {processor.py:830} INFO - Processing file /usr/local/lib/python3.11/site-packages/airflow/example_dags/example_branch_python_dop_operator_3.py for tasks to queue
[2025-12-27T13:53:19.151+0000] {logging_mixin.py:188} INFO - [2025-12-27T13:53:19.151+0000] {dagbag.py:545} INFO - Filling up the DagBag from /usr/local/lib/python3.11/site-packages/airflow/example_dags/example_branch_python_dop_operator_3.py
[2025-12-27T13:53:19.162+0000] {processor.py:840} INFO - DAG(s) 'example_branch_dop_operator_v3' retrieved from /usr/local/lib/python3.11/site-packages/airflow/example_dags/example_branch_python_dop_operator_3.py
[2025-12-27T13:53:19.194+0000] {logging_mixin.py:188} INFO - [2025-12-27T13:53:19.193+0000] {dag.py:3096} INFO - Sync 1 DAGs
[2025-12-27T13:53:19.233+0000] {logging_mixin.py:188} INFO - [2025-12-27T13:53:19.233+0000] {dag.py:3954} INFO - Setting next_dagrun for example_branch_dop_operator_v3 to 2025-12-27 13:52:00+00:00, run_after=2025-12-27 13:53:00+00:00
[2025-12-27T13:53:19.484+0000] {processor.py:183} INFO - Processing /usr/local/lib/python3.11/site-packages/airflow/example_dags/example_branch_python_dop_operator_3.py took 0.350 seconds
[2025-12-27T13:54:43.198+0000] {processor.py:161} INFO - Started process (PID=390) to work on /usr/local/lib/python3.11/site-packages/airflow/example_dags/example_branch_python_dop_operator_3.py
[2025-12-27T13:54:43.199+0000] {processor.py:830} INFO - Processing file /usr/local/lib/python3.11/site-packages/airflow/example_dags/example_branch_python_dop_operator_3.py for tasks to queue
[2025-12-27T13:54:43.201+0000] {logging_mixin.py:188} INFO - [2025-12-27T13:54:43.201+0000] {dagbag.py:545} INFO - Filling up the DagBag from /usr/local/lib/python3.11/site-packages/airflow/example_dags/example_branch_python_dop_operator_3.py
[2025-12-27T13:54:43.212+0000] {processor.py:840} INFO - DAG(s) 'example_branch_dop_operator_v3' retrieved from /usr/local/lib/python3.11/site-packages/airflow/example_dags/example_branch_python_dop_operator_3.py
[2025-12-27T13:54:43.241+0000] {logging_mixin.py:188} INFO - [2025-12-27T13:54:43.241+0000] {dag.py:3096} INFO - Sync 1 DAGs
[2025-12-27T13:54:43.277+0000] {logging_mixin.py:188} INFO - [2025-12-27T13:54:43.277+0000] {dag.py:3954} INFO - Setting next_dagrun for example_branch_dop_operator_v3 to 2025-12-27 13:53:00+00:00, run_after=2025-12-27 13:54:00+00:00
[2025-12-27T13:54:43.498+0000] {processor.py:183} INFO - Processing /usr/local/lib/python3.11/site-packages/airflow/example_dags/example_branch_python_dop_operator_3.py took 0.313 seconds
[2025-12-27T13:56:08.275+0000] {processor.py:161} INFO - Started process (PID=451) to work on /usr/local/lib/python3.11/site-packages/airflow/example_dags/example_branch_python_dop_operator_3.py
[2025-12-27T13:56:08.276+0000] {processor.py:830} INFO - Processing file /usr/local/lib/python3.11/site-packages/airflow/example_dags/example_branch_python_dop_operator_3.py for tasks to queue
[2025-12-27T13:56:08.279+0000] {logging_mixin.py:188} INFO - [2025-12-27T13:56:08.279+0000] {dagbag.py:545} INFO - Filling up the DagBag from /usr/local/lib/python3.11/site-packages/airflow/example_dags/example_branch_python_dop_operator_3.py
[2025-12-27T13:56:08.297+0000] {processor.py:840} INFO - DAG(s) 'example_branch_dop_operator_v3' retrieved from /usr/local/lib/python3.11/site-packages/airflow/example_dags/example_branch_python_dop_operator_3.py
[2025-12-27T13:56:08.334+0000] {logging_mixin.py:188} INFO - [2025-12-27T13:56:08.333+0000] {dag.py:3096} INFO - Sync 1 DAGs
[2025-12-27T13:56:08.383+0000] {logging_mixin.py:188} INFO - [2025-12-27T13:56:08.382+0000] {dag.py:3954} INFO - Setting next_dagrun for example_branch_dop_operator_v3 to 2025-12-27 13:55:00+00:00, run_after=2025-12-27 13:56:00+00:00
[2025-12-27T13:56:08.647+0000] {processor.py:183} INFO - Processing /usr/local/lib/python3.11/site-packages/airflow/example_dags/example_branch_python_dop_operator_3.py took 0.391 seconds
[2025-12-27T13:57:37.464+0000] {processor.py:161} INFO - Started process (PID=513) to work on /usr/local/lib/python3.11/site-packages/airflow/example_dags/example_branch_python_dop_operator_3.py
[2025-12-27T13:57:37.465+0000] {processor.py:830} INFO - Processing file /usr/local/lib/python3.11/site-packages/airflow/example_dags/example_branch_python_dop_operator_3.py for tasks to queue
[2025-12-27T13:57:37.468+0000] {logging_mixin.py:188} INFO - [2025-12-27T13:57:37.467+0000] {dagbag.py:545} INFO - Filling up the DagBag from /usr/local/lib/python3.11/site-packages/airflow/example_dags/example_branch_python_dop_operator_3.py
[2025-12-27T13:57:37.479+0000] {processor.py:840} INFO - DAG(s) 'example_branch_dop_operator_v3' retrieved from /usr/local/lib/python3.11/site-packages/airflow/example_dags/example_branch_python_dop_operator_3.py
[2025-12-27T13:57:37.512+0000] {logging_mixin.py:188} INFO - [2025-12-27T13:57:37.512+0000] {dag.py:3096} INFO - Sync 1 DAGs
[2025-12-27T13:57:37.551+0000] {logging_mixin.py:188} INFO - [2025-12-27T13:57:37.551+0000] {dag.py:3954} INFO - Setting next_dagrun for example_branch_dop_operator_v3 to 2025-12-27 13:56:00+00:00, run_after=2025-12-27 13:57:00+00:00
[2025-12-27T13:57:37.783+0000] {processor.py:183} INFO - Processing /usr/local/lib/python3.11/site-packages/airflow/example_dags/example_branch_python_dop_operator_3.py took 0.347 seconds
[2025-12-27T13:58:59.444+0000] {processor.py:161} INFO - Started process (PID=573) to work on /usr/local/lib/python3.11/site-packages/airflow/example_dags/example_branch_python_dop_operator_3.py
[2025-12-27T13:58:59.445+0000] {processor.py:830} INFO - Processing file /usr/local/lib/python3.11/site-packages/airflow/example_dags/example_branch_python_dop_operator_3.py for tasks to queue
[2025-12-27T13:58:59.448+0000] {logging_mixin.py:188} INFO - [2025-12-27T13:58:59.447+0000] {dagbag.py:545} INFO - Filling up the DagBag from /usr/local/lib/python3.11/site-packages/airflow/example_dags/example_branch_python_dop_operator_3.py
[2025-12-27T13:58:59.462+0000] {processor.py:840} INFO - DAG(s) 'example_branch_dop_operator_v3' retrieved from /usr/local/lib/python3.11/site-packages/airflow/example_dags/example_branch_python_dop_operator_3.py
[2025-12-27T13:58:59.500+0000] {logging_mixin.py:188} INFO - [2025-12-27T13:58:59.500+0000] {dag.py:3096} INFO - Sync 1 DAGs
[2025-12-27T13:58:59.543+0000] {logging_mixin.py:188} INFO - [2025-12-27T13:58:59.542+0000] {dag.py:3954} INFO - Setting next_dagrun for example_branch_dop_operator_v3 to 2025-12-27 13:57:00+00:00, run_after=2025-12-27 13:58:00+00:00
[2025-12-27T13:58:59.793+0000] {processor.py:183} INFO - Processing /usr/local/lib/python3.11/site-packages/airflow/example_dags/example_branch_python_dop_operator_3.py took 0.371 seconds
[2025-12-27T14:00:30.073+0000] {processor.py:161} INFO - Started process (PID=634) to work on /usr/local/lib/python3.11/site-packages/airflow/example_dags/example_branch_python_dop_operator_3.py
[2025-12-27T14:00:30.074+0000] {processor.py:830} INFO - Processing file /usr/local/lib/python3.11/site-packages/airflow/example_dags/example_branch_python_dop_operator_3.py for tasks to queue
[2025-12-27T14:00:30.076+0000] {logging_mixin.py:188} INFO - [2025-12-27T14:00:30.076+0000] {dagbag.py:545} INFO - Filling up the DagBag from /usr/local/lib/python3.11/site-packages/airflow/example_dags/example_branch_python_dop_operator_3.py
[2025-12-27T14:00:30.091+0000] {processor.py:840} INFO - DAG(s) 'example_branch_dop_operator_v3' retrieved from /usr/local/lib/python3.11/site-packages/airflow/example_dags/example_branch_python_dop_operator_3.py
[2025-12-27T14:00:30.117+0000] {logging_mixin.py:188} INFO - [2025-12-27T14:00:30.116+0000] {dag.py:3096} INFO - Sync 1 DAGs
[2025-12-27T14:00:30.152+0000] {logging_mixin.py:188} INFO - [2025-12-27T14:00:30.152+0000] {dag.py:3954} INFO - Setting next_dagrun for example_branch_dop_operator_v3 to 2025-12-27 13:59:00+00:00, run_after=2025-12-27 14:00:00+00:00
[2025-12-27T14:00:30.608+0000] {processor.py:183} INFO - Processing /usr/local/lib/python3.11/site-packages/airflow/example_dags/example_branch_python_dop_operator_3.py took 0.552 seconds
[2025-12-27T14:02:58.739+0000] {processor.py:161} INFO - Started process (PID=713) to work on /usr/local/lib/python3.11/site-packages/airflow/example_dags/example_branch_python_dop_operator_3.py
[2025-12-27T14:02:58.740+0000] {processor.py:830} INFO - Processing file /usr/local/lib/python3.11/site-packages/airflow/example_dags/example_branch_python_dop_operator_3.py for tasks to queue
[2025-12-27T14:02:58.742+0000] {logging_mixin.py:188} INFO - [2025-12-27T14:02:58.742+0000] {dagbag.py:545} INFO - Filling up the DagBag from /usr/local/lib/python3.11/site-packages/airflow/example_dags/example_branch_python_dop_operator_3.py
[2025-12-27T14:02:58.753+0000] {processor.py:840} INFO - DAG(s) 'example_branch_dop_operator_v3' retrieved from /usr/local/lib/python3.11/site-packages/airflow/example_dags/example_branch_python_dop_operator_3.py
[2025-12-27T14:02:58.782+0000] {logging_mixin.py:188} INFO - [2025-12-27T14:02:58.781+0000] {dag.py:3096} INFO - Sync 1 DAGs
[2025-12-27T14:02:58.819+0000] {logging_mixin.py:188} INFO - [2025-12-27T14:02:58.818+0000] {dag.py:3954} INFO - Setting next_dagrun for example_branch_dop_operator_v3 to 2025-12-27 14:01:00+00:00, run_after=2025-12-27 14:02:00+00:00
[2025-12-27T14:02:59.028+0000] {processor.py:183} INFO - Processing /usr/local/lib/python3.11/site-packages/airflow/example_dags/example_branch_python_dop_operator_3.py took 0.311 seconds
[2025-12-27T14:04:49.299+0000] {processor.py:161} INFO - Started process (PID=789) to work on /usr/local/lib/python3.11/site-packages/airflow/example_dags/example_branch_python_dop_operator_3.py
[2025-12-27T14:04:49.300+0000] {processor.py:830} INFO - Processing file /usr/local/lib/python3.11/site-packages/airflow/example_dags/example_branch_python_dop_operator_3.py for tasks to queue
[2025-12-27T14:04:49.302+0000] {logging_mixin.py:188} INFO - [2025-12-27T14:04:49.302+0000] {dagbag.py:545} INFO - Filling up the DagBag from /usr/local/lib/python3.11/site-packages/airflow/example_dags/example_branch_python_dop_operator_3.py
[2025-12-27T14:04:49.313+0000] {processor.py:840} INFO - DAG(s) 'example_branch_dop_operator_v3' retrieved from /usr/local/lib/python3.11/site-packages/airflow/example_dags/example_branch_python_dop_operator_3.py
[2025-12-27T14:04:49.344+0000] {logging_mixin.py:188} INFO - [2025-12-27T14:04:49.344+0000] {dag.py:3096} INFO - Sync 1 DAGs
[2025-12-27T14:04:49.389+0000] {logging_mixin.py:188} INFO - [2025-12-27T14:04:49.389+0000] {dag.py:3954} INFO - Setting next_dagrun for example_branch_dop_operator_v3 to 2025-12-27 14:03:00+00:00, run_after=2025-12-27 14:04:00+00:00
[2025-12-27T14:04:49.624+0000] {processor.py:183} INFO - Processing /usr/local/lib/python3.11/site-packages/airflow/example_dags/example_branch_python_dop_operator_3.py took 0.340 seconds
[2025-12-27T14:06:35.054+0000] {processor.py:161} INFO - Started process (PID=866) to work on /usr/local/lib/python3.11/site-packages/airflow/example_dags/example_branch_python_dop_operator_3.py
[2025-12-27T14:06:35.056+0000] {processor.py:830} INFO - Processing file /usr/local/lib/python3.11/site-packages/airflow/example_dags/example_branch_python_dop_operator_3.py for tasks to queue
[2025-12-27T14:06:35.059+0000] {logging_mixin.py:188} INFO - [2025-12-27T14:06:35.058+0000] {dagbag.py:545} INFO - Filling up the DagBag from /usr/local/lib/python3.11/site-packages/airflow/example_dags/example_branch_python_dop_operator_3.py
[2025-12-27T14:06:35.092+0000] {processor.py:840} INFO - DAG(s) 'example_branch_dop_operator_v3' retrieved from /usr/local/lib/python3.11/site-packages/airflow/example_dags/example_branch_python_dop_operator_3.py
[2025-12-27T14:06:35.136+0000] {logging_mixin.py:188} INFO - [2025-12-27T14:06:35.136+0000] {dag.py:3096} INFO - Sync 1 DAGs
[2025-12-27T14:06:35.172+0000] {logging_mixin.py:188} INFO - [2025-12-27T14:06:35.172+0000] {dag.py:3954} INFO - Setting next_dagrun for example_branch_dop_operator_v3 to 2025-12-27 14:05:00+00:00, run_after=2025-12-27 14:06:00+00:00
[2025-12-27T14:06:35.420+0000] {processor.py:183} INFO - Processing /usr/local/lib/python3.11/site-packages/airflow/example_dags/example_branch_python_dop_operator_3.py took 0.388 seconds
[2025-12-27T14:08:17.060+0000] {processor.py:161} INFO - Started process (PID=930) to work on /usr/local/lib/python3.11/site-packages/airflow/example_dags/example_branch_python_dop_operator_3.py
[2025-12-27T14:08:17.062+0000] {processor.py:830} INFO - Processing file /usr/local/lib/python3.11/site-packages/airflow/example_dags/example_branch_python_dop_operator_3.py for tasks to queue
[2025-12-27T14:08:17.064+0000] {logging_mixin.py:188} INFO - [2025-12-27T14:08:17.063+0000] {dagbag.py:545} INFO - Filling up the DagBag from /usr/local/lib/python3.11/site-packages/airflow/example_dags/example_branch_python_dop_operator_3.py
[2025-12-27T14:08:17.075+0000] {processor.py:840} INFO - DAG(s) 'example_branch_dop_operator_v3' retrieved from /usr/local/lib/python3.11/site-packages/airflow/example_dags/example_branch_python_dop_operator_3.py
[2025-12-27T14:08:17.108+0000] {logging_mixin.py:188} INFO - [2025-12-27T14:08:17.108+0000] {dag.py:3096} INFO - Sync 1 DAGs
[2025-12-27T14:08:17.162+0000] {logging_mixin.py:188} INFO - [2025-12-27T14:08:17.162+0000] {dag.py:3954} INFO - Setting next_dagrun for example_branch_dop_operator_v3 to 2025-12-27 14:07:00+00:00, run_after=2025-12-27 14:08:00+00:00
[2025-12-27T14:08:17.531+0000] {processor.py:183} INFO - Processing /usr/local/lib/python3.11/site-packages/airflow/example_dags/example_branch_python_dop_operator_3.py took 0.484 seconds
[2025-12-27T14:09:52.550+0000] {processor.py:161} INFO - Started process (PID=994) to work on /usr/local/lib/python3.11/site-packages/airflow/example_dags/example_branch_python_dop_operator_3.py
[2025-12-27T14:09:52.552+0000] {processor.py:830} INFO - Processing file /usr/local/lib/python3.11/site-packages/airflow/example_dags/example_branch_python_dop_operator_3.py for tasks to queue
[2025-12-27T14:09:52.557+0000] {logging_mixin.py:188} INFO - [2025-12-27T14:09:52.556+0000] {dagbag.py:545} INFO - Filling up the DagBag from /usr/local/lib/python3.11/site-packages/airflow/example_dags/example_branch_python_dop_operator_3.py
[2025-12-27T14:09:52.578+0000] {processor.py:840} INFO - DAG(s) 'example_branch_dop_operator_v3' retrieved from /usr/local/lib/python3.11/site-packages/airflow/example_dags/example_branch_python_dop_operator_3.py
[2025-12-27T14:09:52.629+0000] {logging_mixin.py:188} INFO - [2025-12-27T14:09:52.629+0000] {dag.py:3096} INFO - Sync 1 DAGs
[2025-12-27T14:09:52.769+0000] {logging_mixin.py:188} INFO - [2025-12-27T14:09:52.767+0000] {dag.py:3954} INFO - Setting next_dagrun for example_branch_dop_operator_v3 to 2025-12-27 14:08:00+00:00, run_after=2025-12-27 14:09:00+00:00
[2025-12-27T14:09:54.292+0000] {processor.py:183} INFO - Processing /usr/local/lib/python3.11/site-packages/airflow/example_dags/example_branch_python_dop_operator_3.py took 1.775 seconds
[2025-12-27T14:12:04.366+0000] {processor.py:161} INFO - Started process (PID=1066) to work on /usr/local/lib/python3.11/site-packages/airflow/example_dags/example_branch_python_dop_operator_3.py
[2025-12-27T14:12:04.368+0000] {processor.py:830} INFO - Processing file /usr/local/lib/python3.11/site-packages/airflow/example_dags/example_branch_python_dop_operator_3.py for tasks to queue
[2025-12-27T14:12:04.371+0000] {logging_mixin.py:188} INFO - [2025-12-27T14:12:04.370+0000] {dagbag.py:545} INFO - Filling up the DagBag from /usr/local/lib/python3.11/site-packages/airflow/example_dags/example_branch_python_dop_operator_3.py
[2025-12-27T14:12:04.384+0000] {processor.py:840} INFO - DAG(s) 'example_branch_dop_operator_v3' retrieved from /usr/local/lib/python3.11/site-packages/airflow/example_dags/example_branch_python_dop_operator_3.py
[2025-12-27T14:12:04.416+0000] {logging_mixin.py:188} INFO - [2025-12-27T14:12:04.416+0000] {dag.py:3096} INFO - Sync 1 DAGs
[2025-12-27T14:12:04.456+0000] {logging_mixin.py:188} INFO - [2025-12-27T14:12:04.456+0000] {dag.py:3954} INFO - Setting next_dagrun for example_branch_dop_operator_v3 to 2025-12-27 14:11:00+00:00, run_after=2025-12-27 14:12:00+00:00
[2025-12-27T14:12:04.691+0000] {processor.py:183} INFO - Processing /usr/local/lib/python3.11/site-packages/airflow/example_dags/example_branch_python_dop_operator_3.py took 0.341 seconds
[2025-12-27T14:14:02.989+0000] {processor.py:161} INFO - Started process (PID=1136) to work on /usr/local/lib/python3.11/site-packages/airflow/example_dags/example_branch_python_dop_operator_3.py
[2025-12-27T14:14:02.990+0000] {processor.py:830} INFO - Processing file /usr/local/lib/python3.11/site-packages/airflow/example_dags/example_branch_python_dop_operator_3.py for tasks to queue
[2025-12-27T14:14:02.992+0000] {logging_mixin.py:188} INFO - [2025-12-27T14:14:02.992+0000] {dagbag.py:545} INFO - Filling up the DagBag from /usr/local/lib/python3.11/site-packages/airflow/example_dags/example_branch_python_dop_operator_3.py
[2025-12-27T14:14:03.011+0000] {processor.py:840} INFO - DAG(s) 'example_branch_dop_operator_v3' retrieved from /usr/local/lib/python3.11/site-packages/airflow/example_dags/example_branch_python_dop_operator_3.py
[2025-12-27T14:14:03.148+0000] {logging_mixin.py:188} INFO - [2025-12-27T14:14:03.148+0000] {dag.py:3096} INFO - Sync 1 DAGs
[2025-12-27T14:14:03.212+0000] {logging_mixin.py:188} INFO - [2025-12-27T14:14:03.211+0000] {dag.py:3954} INFO - Setting next_dagrun for example_branch_dop_operator_v3 to 2025-12-27 14:13:00+00:00, run_after=2025-12-27 14:14:00+00:00
[2025-12-27T14:14:03.850+0000] {processor.py:183} INFO - Processing /usr/local/lib/python3.11/site-packages/airflow/example_dags/example_branch_python_dop_operator_3.py took 0.892 seconds
[2025-12-27T14:32:58.317+0000] {processor.py:161} INFO - Started process (PID=71) to work on /usr/local/lib/python3.11/site-packages/airflow/example_dags/example_branch_python_dop_operator_3.py
[2025-12-27T14:32:58.319+0000] {processor.py:830} INFO - Processing file /usr/local/lib/python3.11/site-packages/airflow/example_dags/example_branch_python_dop_operator_3.py for tasks to queue
[2025-12-27T14:32:58.323+0000] {logging_mixin.py:188} INFO - [2025-12-27T14:32:58.322+0000] {dagbag.py:545} INFO - Filling up the DagBag from /usr/local/lib/python3.11/site-packages/airflow/example_dags/example_branch_python_dop_operator_3.py
[2025-12-27T14:32:58.344+0000] {processor.py:840} INFO - DAG(s) 'example_branch_dop_operator_v3' retrieved from /usr/local/lib/python3.11/site-packages/airflow/example_dags/example_branch_python_dop_operator_3.py
[2025-12-27T14:32:58.533+0000] {logging_mixin.py:188} INFO - [2025-12-27T14:32:58.532+0000] {dag.py:3096} INFO - Sync 1 DAGs
[2025-12-27T14:32:58.717+0000] {logging_mixin.py:188} INFO - [2025-12-27T14:32:58.717+0000] {dag.py:3954} INFO - Setting next_dagrun for example_branch_dop_operator_v3 to 2025-12-27 14:31:00+00:00, run_after=2025-12-27 14:32:00+00:00
[2025-12-27T14:32:59.070+0000] {processor.py:183} INFO - Processing /usr/local/lib/python3.11/site-packages/airflow/example_dags/example_branch_python_dop_operator_3.py took 0.788 seconds
[2025-12-27T14:34:50.910+0000] {processor.py:161} INFO - Started process (PID=139) to work on /usr/local/lib/python3.11/site-packages/airflow/example_dags/example_branch_python_dop_operator_3.py
[2025-12-27T14:34:50.911+0000] {processor.py:830} INFO - Processing file /usr/local/lib/python3.11/site-packages/airflow/example_dags/example_branch_python_dop_operator_3.py for tasks to queue
[2025-12-27T14:34:50.914+0000] {logging_mixin.py:188} INFO - [2025-12-27T14:34:50.914+0000] {dagbag.py:545} INFO - Filling up the DagBag from /usr/local/lib/python3.11/site-packages/airflow/example_dags/example_branch_python_dop_operator_3.py
[2025-12-27T14:34:50.930+0000] {processor.py:840} INFO - DAG(s) 'example_branch_dop_operator_v3' retrieved from /usr/local/lib/python3.11/site-packages/airflow/example_dags/example_branch_python_dop_operator_3.py
[2025-12-27T14:34:50.963+0000] {logging_mixin.py:188} INFO - [2025-12-27T14:34:50.962+0000] {dag.py:3096} INFO - Sync 1 DAGs
[2025-12-27T14:34:51.137+0000] {logging_mixin.py:188} INFO - [2025-12-27T14:34:51.137+0000] {dag.py:3954} INFO - Setting next_dagrun for example_branch_dop_operator_v3 to 2025-12-27 14:33:00+00:00, run_after=2025-12-27 14:34:00+00:00
[2025-12-27T14:34:51.381+0000] {processor.py:183} INFO - Processing /usr/local/lib/python3.11/site-packages/airflow/example_dags/example_branch_python_dop_operator_3.py took 0.491 seconds
[2025-12-27T14:54:41.096+0000] {processor.py:161} INFO - Started process (PID=75) to work on /usr/local/lib/python3.11/site-packages/airflow/example_dags/example_branch_python_dop_operator_3.py
[2025-12-27T14:54:41.097+0000] {processor.py:830} INFO - Processing file /usr/local/lib/python3.11/site-packages/airflow/example_dags/example_branch_python_dop_operator_3.py for tasks to queue
[2025-12-27T14:54:41.100+0000] {logging_mixin.py:188} INFO - [2025-12-27T14:54:41.099+0000] {dagbag.py:545} INFO - Filling up the DagBag from /usr/local/lib/python3.11/site-packages/airflow/example_dags/example_branch_python_dop_operator_3.py
[2025-12-27T14:54:41.111+0000] {processor.py:840} INFO - DAG(s) 'example_branch_dop_operator_v3' retrieved from /usr/local/lib/python3.11/site-packages/airflow/example_dags/example_branch_python_dop_operator_3.py
[2025-12-27T14:54:41.593+0000] {logging_mixin.py:188} INFO - [2025-12-27T14:54:41.592+0000] {override.py:1930} INFO - Created Permission View: can delete on DAG:example_branch_dop_operator_v3
[2025-12-27T14:54:41.771+0000] {logging_mixin.py:188} INFO - [2025-12-27T14:54:41.770+0000] {override.py:1930} INFO - Created Permission View: can edit on DAG:example_branch_dop_operator_v3
[2025-12-27T14:54:42.044+0000] {logging_mixin.py:188} INFO - [2025-12-27T14:54:42.044+0000] {override.py:1930} INFO - Created Permission View: can read on DAG:example_branch_dop_operator_v3
[2025-12-27T14:54:42.045+0000] {logging_mixin.py:188} INFO - [2025-12-27T14:54:42.045+0000] {dag.py:3096} INFO - Sync 1 DAGs
[2025-12-27T14:54:42.196+0000] {logging_mixin.py:188} INFO - [2025-12-27T14:54:42.195+0000] {dag.py:3118} INFO - Creating ORM DAG for example_branch_dop_operator_v3
[2025-12-27T14:54:42.215+0000] {logging_mixin.py:188} INFO - [2025-12-27T14:54:42.215+0000] {dag.py:3954} INFO - Setting next_dagrun for example_branch_dop_operator_v3 to 2025-12-27 14:53:00+00:00, run_after=2025-12-27 14:54:00+00:00
[2025-12-27T14:54:42.444+0000] {processor.py:183} INFO - Processing /usr/local/lib/python3.11/site-packages/airflow/example_dags/example_branch_python_dop_operator_3.py took 1.361 seconds
[2025-12-27T14:56:48.300+0000] {processor.py:161} INFO - Started process (PID=148) to work on /usr/local/lib/python3.11/site-packages/airflow/example_dags/example_branch_python_dop_operator_3.py
[2025-12-27T14:56:48.301+0000] {processor.py:830} INFO - Processing file /usr/local/lib/python3.11/site-packages/airflow/example_dags/example_branch_python_dop_operator_3.py for tasks to queue
[2025-12-27T14:56:48.303+0000] {logging_mixin.py:188} INFO - [2025-12-27T14:56:48.303+0000] {dagbag.py:545} INFO - Filling up the DagBag from /usr/local/lib/python3.11/site-packages/airflow/example_dags/example_branch_python_dop_operator_3.py
[2025-12-27T14:56:48.315+0000] {processor.py:840} INFO - DAG(s) 'example_branch_dop_operator_v3' retrieved from /usr/local/lib/python3.11/site-packages/airflow/example_dags/example_branch_python_dop_operator_3.py
[2025-12-27T14:56:48.349+0000] {logging_mixin.py:188} INFO - [2025-12-27T14:56:48.349+0000] {dag.py:3096} INFO - Sync 1 DAGs
[2025-12-27T14:56:48.658+0000] {logging_mixin.py:188} INFO - [2025-12-27T14:56:48.658+0000] {dag.py:3954} INFO - Setting next_dagrun for example_branch_dop_operator_v3 to 2025-12-27 14:55:00+00:00, run_after=2025-12-27 14:56:00+00:00
[2025-12-27T14:56:48.958+0000] {processor.py:183} INFO - Processing /usr/local/lib/python3.11/site-packages/airflow/example_dags/example_branch_python_dop_operator_3.py took 0.672 seconds
[2025-12-27T14:58:55.454+0000] {processor.py:161} INFO - Started process (PID=216) to work on /usr/local/lib/python3.11/site-packages/airflow/example_dags/example_branch_python_dop_operator_3.py
[2025-12-27T14:58:55.455+0000] {processor.py:830} INFO - Processing file /usr/local/lib/python3.11/site-packages/airflow/example_dags/example_branch_python_dop_operator_3.py for tasks to queue
[2025-12-27T14:58:55.457+0000] {logging_mixin.py:188} INFO - [2025-12-27T14:58:55.457+0000] {dagbag.py:545} INFO - Filling up the DagBag from /usr/local/lib/python3.11/site-packages/airflow/example_dags/example_branch_python_dop_operator_3.py
[2025-12-27T14:58:55.469+0000] {processor.py:840} INFO - DAG(s) 'example_branch_dop_operator_v3' retrieved from /usr/local/lib/python3.11/site-packages/airflow/example_dags/example_branch_python_dop_operator_3.py
[2025-12-27T14:58:55.510+0000] {logging_mixin.py:188} INFO - [2025-12-27T14:58:55.509+0000] {dag.py:3096} INFO - Sync 1 DAGs
[2025-12-27T14:58:55.566+0000] {logging_mixin.py:188} INFO - [2025-12-27T14:58:55.566+0000] {dag.py:3954} INFO - Setting next_dagrun for example_branch_dop_operator_v3 to 2025-12-27 14:57:00+00:00, run_after=2025-12-27 14:58:00+00:00
[2025-12-27T14:58:55.888+0000] {processor.py:183} INFO - Processing /usr/local/lib/python3.11/site-packages/airflow/example_dags/example_branch_python_dop_operator_3.py took 0.450 seconds
[2025-12-27T15:00:48.903+0000] {processor.py:161} INFO - Started process (PID=302) to work on /usr/local/lib/python3.11/site-packages/airflow/example_dags/example_branch_python_dop_operator_3.py
[2025-12-27T15:00:48.905+0000] {processor.py:830} INFO - Processing file /usr/local/lib/python3.11/site-packages/airflow/example_dags/example_branch_python_dop_operator_3.py for tasks to queue
[2025-12-27T15:00:48.907+0000] {logging_mixin.py:188} INFO - [2025-12-27T15:00:48.907+0000] {dagbag.py:545} INFO - Filling up the DagBag from /usr/local/lib/python3.11/site-packages/airflow/example_dags/example_branch_python_dop_operator_3.py
[2025-12-27T15:00:48.925+0000] {processor.py:840} INFO - DAG(s) 'example_branch_dop_operator_v3' retrieved from /usr/local/lib/python3.11/site-packages/airflow/example_dags/example_branch_python_dop_operator_3.py
[2025-12-27T15:00:48.960+0000] {logging_mixin.py:188} INFO - [2025-12-27T15:00:48.959+0000] {dag.py:3096} INFO - Sync 1 DAGs
[2025-12-27T15:00:49.000+0000] {logging_mixin.py:188} INFO - [2025-12-27T15:00:49.000+0000] {dag.py:3954} INFO - Setting next_dagrun for example_branch_dop_operator_v3 to 2025-12-27 14:59:00+00:00, run_after=2025-12-27 15:00:00+00:00
[2025-12-27T15:00:49.260+0000] {processor.py:183} INFO - Processing /usr/local/lib/python3.11/site-packages/airflow/example_dags/example_branch_python_dop_operator_3.py took 0.373 seconds
[2025-12-27T15:02:44.874+0000] {processor.py:161} INFO - Started process (PID=377) to work on /usr/local/lib/python3.11/site-packages/airflow/example_dags/example_branch_python_dop_operator_3.py
[2025-12-27T15:02:44.876+0000] {processor.py:830} INFO - Processing file /usr/local/lib/python3.11/site-packages/airflow/example_dags/example_branch_python_dop_operator_3.py for tasks to queue
[2025-12-27T15:02:44.879+0000] {logging_mixin.py:188} INFO - [2025-12-27T15:02:44.878+0000] {dagbag.py:545} INFO - Filling up the DagBag from /usr/local/lib/python3.11/site-packages/airflow/example_dags/example_branch_python_dop_operator_3.py
[2025-12-27T15:02:44.902+0000] {processor.py:840} INFO - DAG(s) 'example_branch_dop_operator_v3' retrieved from /usr/local/lib/python3.11/site-packages/airflow/example_dags/example_branch_python_dop_operator_3.py
[2025-12-27T15:02:44.974+0000] {logging_mixin.py:188} INFO - [2025-12-27T15:02:44.974+0000] {dag.py:3096} INFO - Sync 1 DAGs
[2025-12-27T15:02:45.042+0000] {logging_mixin.py:188} INFO - [2025-12-27T15:02:45.042+0000] {dag.py:3954} INFO - Setting next_dagrun for example_branch_dop_operator_v3 to 2025-12-27 15:01:00+00:00, run_after=2025-12-27 15:02:00+00:00
[2025-12-27T15:02:45.304+0000] {processor.py:183} INFO - Processing /usr/local/lib/python3.11/site-packages/airflow/example_dags/example_branch_python_dop_operator_3.py took 0.468 seconds
[2025-12-27T15:04:21.477+0000] {processor.py:161} INFO - Started process (PID=444) to work on /usr/local/lib/python3.11/site-packages/airflow/example_dags/example_branch_python_dop_operator_3.py
[2025-12-27T15:04:21.478+0000] {processor.py:830} INFO - Processing file /usr/local/lib/python3.11/site-packages/airflow/example_dags/example_branch_python_dop_operator_3.py for tasks to queue
[2025-12-27T15:04:21.481+0000] {logging_mixin.py:188} INFO - [2025-12-27T15:04:21.480+0000] {dagbag.py:545} INFO - Filling up the DagBag from /usr/local/lib/python3.11/site-packages/airflow/example_dags/example_branch_python_dop_operator_3.py
[2025-12-27T15:04:21.492+0000] {processor.py:840} INFO - DAG(s) 'example_branch_dop_operator_v3' retrieved from /usr/local/lib/python3.11/site-packages/airflow/example_dags/example_branch_python_dop_operator_3.py
[2025-12-27T15:04:21.525+0000] {logging_mixin.py:188} INFO - [2025-12-27T15:04:21.525+0000] {dag.py:3096} INFO - Sync 1 DAGs
[2025-12-27T15:04:21.565+0000] {logging_mixin.py:188} INFO - [2025-12-27T15:04:21.564+0000] {dag.py:3954} INFO - Setting next_dagrun for example_branch_dop_operator_v3 to 2025-12-27 15:03:00+00:00, run_after=2025-12-27 15:04:00+00:00
[2025-12-27T15:04:21.767+0000] {processor.py:183} INFO - Processing /usr/local/lib/python3.11/site-packages/airflow/example_dags/example_branch_python_dop_operator_3.py took 0.304 seconds
[2025-12-27T15:05:49.471+0000] {processor.py:161} INFO - Started process (PID=505) to work on /usr/local/lib/python3.11/site-packages/airflow/example_dags/example_branch_python_dop_operator_3.py
[2025-12-27T15:05:49.473+0000] {processor.py:830} INFO - Processing file /usr/local/lib/python3.11/site-packages/airflow/example_dags/example_branch_python_dop_operator_3.py for tasks to queue
[2025-12-27T15:05:49.475+0000] {logging_mixin.py:188} INFO - [2025-12-27T15:05:49.475+0000] {dagbag.py:545} INFO - Filling up the DagBag from /usr/local/lib/python3.11/site-packages/airflow/example_dags/example_branch_python_dop_operator_3.py
[2025-12-27T15:05:49.487+0000] {processor.py:840} INFO - DAG(s) 'example_branch_dop_operator_v3' retrieved from /usr/local/lib/python3.11/site-packages/airflow/example_dags/example_branch_python_dop_operator_3.py
[2025-12-27T15:05:49.523+0000] {logging_mixin.py:188} INFO - [2025-12-27T15:05:49.522+0000] {dag.py:3096} INFO - Sync 1 DAGs
[2025-12-27T15:05:49.581+0000] {logging_mixin.py:188} INFO - [2025-12-27T15:05:49.581+0000] {dag.py:3954} INFO - Setting next_dagrun for example_branch_dop_operator_v3 to 2025-12-27 15:04:00+00:00, run_after=2025-12-27 15:05:00+00:00
[2025-12-27T15:05:49.844+0000] {processor.py:183} INFO - Processing /usr/local/lib/python3.11/site-packages/airflow/example_dags/example_branch_python_dop_operator_3.py took 0.392 seconds
[2025-12-27T15:07:20.375+0000] {processor.py:161} INFO - Started process (PID=567) to work on /usr/local/lib/python3.11/site-packages/airflow/example_dags/example_branch_python_dop_operator_3.py
[2025-12-27T15:07:20.377+0000] {processor.py:830} INFO - Processing file /usr/local/lib/python3.11/site-packages/airflow/example_dags/example_branch_python_dop_operator_3.py for tasks to queue
[2025-12-27T15:07:20.379+0000] {logging_mixin.py:188} INFO - [2025-12-27T15:07:20.379+0000] {dagbag.py:545} INFO - Filling up the DagBag from /usr/local/lib/python3.11/site-packages/airflow/example_dags/example_branch_python_dop_operator_3.py
[2025-12-27T15:07:20.390+0000] {processor.py:840} INFO - DAG(s) 'example_branch_dop_operator_v3' retrieved from /usr/local/lib/python3.11/site-packages/airflow/example_dags/example_branch_python_dop_operator_3.py
[2025-12-27T15:07:20.422+0000] {logging_mixin.py:188} INFO - [2025-12-27T15:07:20.422+0000] {dag.py:3096} INFO - Sync 1 DAGs
[2025-12-27T15:07:20.459+0000] {logging_mixin.py:188} INFO - [2025-12-27T15:07:20.459+0000] {dag.py:3954} INFO - Setting next_dagrun for example_branch_dop_operator_v3 to 2025-12-27 15:06:00+00:00, run_after=2025-12-27 15:07:00+00:00
[2025-12-27T15:07:20.634+0000] {processor.py:183} INFO - Processing /usr/local/lib/python3.11/site-packages/airflow/example_dags/example_branch_python_dop_operator_3.py took 0.273 seconds
[2025-12-27T15:08:53.239+0000] {processor.py:161} INFO - Started process (PID=631) to work on /usr/local/lib/python3.11/site-packages/airflow/example_dags/example_branch_python_dop_operator_3.py
[2025-12-27T15:08:53.240+0000] {processor.py:830} INFO - Processing file /usr/local/lib/python3.11/site-packages/airflow/example_dags/example_branch_python_dop_operator_3.py for tasks to queue
[2025-12-27T15:08:53.243+0000] {logging_mixin.py:188} INFO - [2025-12-27T15:08:53.242+0000] {dagbag.py:545} INFO - Filling up the DagBag from /usr/local/lib/python3.11/site-packages/airflow/example_dags/example_branch_python_dop_operator_3.py
[2025-12-27T15:08:53.254+0000] {processor.py:840} INFO - DAG(s) 'example_branch_dop_operator_v3' retrieved from /usr/local/lib/python3.11/site-packages/airflow/example_dags/example_branch_python_dop_operator_3.py
[2025-12-27T15:08:53.292+0000] {logging_mixin.py:188} INFO - [2025-12-27T15:08:53.291+0000] {dag.py:3096} INFO - Sync 1 DAGs
[2025-12-27T15:08:53.345+0000] {logging_mixin.py:188} INFO - [2025-12-27T15:08:53.345+0000] {dag.py:3954} INFO - Setting next_dagrun for example_branch_dop_operator_v3 to 2025-12-27 15:07:00+00:00, run_after=2025-12-27 15:08:00+00:00
[2025-12-27T15:08:53.574+0000] {processor.py:183} INFO - Processing /usr/local/lib/python3.11/site-packages/airflow/example_dags/example_branch_python_dop_operator_3.py took 0.348 seconds
[2025-12-27T15:10:44.703+0000] {processor.py:161} INFO - Started process (PID=699) to work on /usr/local/lib/python3.11/site-packages/airflow/example_dags/example_branch_python_dop_operator_3.py
[2025-12-27T15:10:44.704+0000] {processor.py:830} INFO - Processing file /usr/local/lib/python3.11/site-packages/airflow/example_dags/example_branch_python_dop_operator_3.py for tasks to queue
[2025-12-27T15:10:44.707+0000] {logging_mixin.py:188} INFO - [2025-12-27T15:10:44.706+0000] {dagbag.py:545} INFO - Filling up the DagBag from /usr/local/lib/python3.11/site-packages/airflow/example_dags/example_branch_python_dop_operator_3.py
[2025-12-27T15:10:44.718+0000] {processor.py:840} INFO - DAG(s) 'example_branch_dop_operator_v3' retrieved from /usr/local/lib/python3.11/site-packages/airflow/example_dags/example_branch_python_dop_operator_3.py
[2025-12-27T15:10:44.747+0000] {logging_mixin.py:188} INFO - [2025-12-27T15:10:44.747+0000] {dag.py:3096} INFO - Sync 1 DAGs
[2025-12-27T15:10:44.786+0000] {logging_mixin.py:188} INFO - [2025-12-27T15:10:44.786+0000] {dag.py:3954} INFO - Setting next_dagrun for example_branch_dop_operator_v3 to 2025-12-27 15:09:00+00:00, run_after=2025-12-27 15:10:00+00:00
[2025-12-27T15:10:45.000+0000] {processor.py:183} INFO - Processing /usr/local/lib/python3.11/site-packages/airflow/example_dags/example_branch_python_dop_operator_3.py took 0.315 seconds
[2025-12-27T15:12:26.935+0000] {processor.py:161} INFO - Started process (PID=765) to work on /usr/local/lib/python3.11/site-packages/airflow/example_dags/example_branch_python_dop_operator_3.py
[2025-12-27T15:12:26.937+0000] {processor.py:830} INFO - Processing file /usr/local/lib/python3.11/site-packages/airflow/example_dags/example_branch_python_dop_operator_3.py for tasks to queue
[2025-12-27T15:12:26.941+0000] {logging_mixin.py:188} INFO - [2025-12-27T15:12:26.940+0000] {dagbag.py:545} INFO - Filling up the DagBag from /usr/local/lib/python3.11/site-packages/airflow/example_dags/example_branch_python_dop_operator_3.py
[2025-12-27T15:12:26.970+0000] {processor.py:840} INFO - DAG(s) 'example_branch_dop_operator_v3' retrieved from /usr/local/lib/python3.11/site-packages/airflow/example_dags/example_branch_python_dop_operator_3.py
[2025-12-27T15:12:27.170+0000] {logging_mixin.py:188} INFO - [2025-12-27T15:12:27.170+0000] {dag.py:3096} INFO - Sync 1 DAGs
[2025-12-27T15:12:27.247+0000] {logging_mixin.py:188} INFO - [2025-12-27T15:12:27.246+0000] {dag.py:3954} INFO - Setting next_dagrun for example_branch_dop_operator_v3 to 2025-12-27 15:11:00+00:00, run_after=2025-12-27 15:12:00+00:00
[2025-12-27T15:12:27.630+0000] {processor.py:183} INFO - Processing /usr/local/lib/python3.11/site-packages/airflow/example_dags/example_branch_python_dop_operator_3.py took 0.735 seconds
[2025-12-27T15:14:04.647+0000] {processor.py:161} INFO - Started process (PID=829) to work on /usr/local/lib/python3.11/site-packages/airflow/example_dags/example_branch_python_dop_operator_3.py
[2025-12-27T15:14:04.649+0000] {processor.py:830} INFO - Processing file /usr/local/lib/python3.11/site-packages/airflow/example_dags/example_branch_python_dop_operator_3.py for tasks to queue
[2025-12-27T15:14:04.651+0000] {logging_mixin.py:188} INFO - [2025-12-27T15:14:04.651+0000] {dagbag.py:545} INFO - Filling up the DagBag from /usr/local/lib/python3.11/site-packages/airflow/example_dags/example_branch_python_dop_operator_3.py
[2025-12-27T15:14:04.667+0000] {processor.py:840} INFO - DAG(s) 'example_branch_dop_operator_v3' retrieved from /usr/local/lib/python3.11/site-packages/airflow/example_dags/example_branch_python_dop_operator_3.py
[2025-12-27T15:14:04.708+0000] {logging_mixin.py:188} INFO - [2025-12-27T15:14:04.707+0000] {dag.py:3096} INFO - Sync 1 DAGs
[2025-12-27T15:14:04.777+0000] {logging_mixin.py:188} INFO - [2025-12-27T15:14:04.777+0000] {dag.py:3954} INFO - Setting next_dagrun for example_branch_dop_operator_v3 to 2025-12-27 15:13:00+00:00, run_after=2025-12-27 15:14:00+00:00
[2025-12-27T15:14:05.011+0000] {processor.py:183} INFO - Processing /usr/local/lib/python3.11/site-packages/airflow/example_dags/example_branch_python_dop_operator_3.py took 0.400 seconds
[2025-12-27T15:15:48.814+0000] {processor.py:161} INFO - Started process (PID=896) to work on /usr/local/lib/python3.11/site-packages/airflow/example_dags/example_branch_python_dop_operator_3.py
[2025-12-27T15:15:48.816+0000] {processor.py:830} INFO - Processing file /usr/local/lib/python3.11/site-packages/airflow/example_dags/example_branch_python_dop_operator_3.py for tasks to queue
[2025-12-27T15:15:48.819+0000] {logging_mixin.py:188} INFO - [2025-12-27T15:15:48.819+0000] {dagbag.py:545} INFO - Filling up the DagBag from /usr/local/lib/python3.11/site-packages/airflow/example_dags/example_branch_python_dop_operator_3.py
[2025-12-27T15:15:48.833+0000] {processor.py:840} INFO - DAG(s) 'example_branch_dop_operator_v3' retrieved from /usr/local/lib/python3.11/site-packages/airflow/example_dags/example_branch_python_dop_operator_3.py
[2025-12-27T15:15:48.877+0000] {logging_mixin.py:188} INFO - [2025-12-27T15:15:48.877+0000] {dag.py:3096} INFO - Sync 1 DAGs
[2025-12-27T15:15:48.918+0000] {logging_mixin.py:188} INFO - [2025-12-27T15:15:48.917+0000] {dag.py:3954} INFO - Setting next_dagrun for example_branch_dop_operator_v3 to 2025-12-27 15:14:00+00:00, run_after=2025-12-27 15:15:00+00:00
[2025-12-27T15:15:49.097+0000] {processor.py:183} INFO - Processing /usr/local/lib/python3.11/site-packages/airflow/example_dags/example_branch_python_dop_operator_3.py took 0.304 seconds
[2025-12-27T15:17:35.343+0000] {processor.py:161} INFO - Started process (PID=960) to work on /usr/local/lib/python3.11/site-packages/airflow/example_dags/example_branch_python_dop_operator_3.py
[2025-12-27T15:17:35.344+0000] {processor.py:830} INFO - Processing file /usr/local/lib/python3.11/site-packages/airflow/example_dags/example_branch_python_dop_operator_3.py for tasks to queue
[2025-12-27T15:17:35.347+0000] {logging_mixin.py:188} INFO - [2025-12-27T15:17:35.346+0000] {dagbag.py:545} INFO - Filling up the DagBag from /usr/local/lib/python3.11/site-packages/airflow/example_dags/example_branch_python_dop_operator_3.py
[2025-12-27T15:17:35.366+0000] {processor.py:840} INFO - DAG(s) 'example_branch_dop_operator_v3' retrieved from /usr/local/lib/python3.11/site-packages/airflow/example_dags/example_branch_python_dop_operator_3.py
[2025-12-27T15:17:35.414+0000] {logging_mixin.py:188} INFO - [2025-12-27T15:17:35.414+0000] {dag.py:3096} INFO - Sync 1 DAGs
[2025-12-27T15:17:35.469+0000] {logging_mixin.py:188} INFO - [2025-12-27T15:17:35.468+0000] {dag.py:3954} INFO - Setting next_dagrun for example_branch_dop_operator_v3 to 2025-12-27 15:16:00+00:00, run_after=2025-12-27 15:17:00+00:00
[2025-12-27T15:17:35.785+0000] {processor.py:183} INFO - Processing /usr/local/lib/python3.11/site-packages/airflow/example_dags/example_branch_python_dop_operator_3.py took 0.463 seconds
[2025-12-27T15:19:20.859+0000] {processor.py:161} INFO - Started process (PID=1027) to work on /usr/local/lib/python3.11/site-packages/airflow/example_dags/example_branch_python_dop_operator_3.py
[2025-12-27T15:19:20.871+0000] {processor.py:830} INFO - Processing file /usr/local/lib/python3.11/site-packages/airflow/example_dags/example_branch_python_dop_operator_3.py for tasks to queue
[2025-12-27T15:19:20.884+0000] {logging_mixin.py:188} INFO - [2025-12-27T15:19:20.883+0000] {dagbag.py:545} INFO - Filling up the DagBag from /usr/local/lib/python3.11/site-packages/airflow/example_dags/example_branch_python_dop_operator_3.py
[2025-12-27T15:19:20.925+0000] {processor.py:840} INFO - DAG(s) 'example_branch_dop_operator_v3' retrieved from /usr/local/lib/python3.11/site-packages/airflow/example_dags/example_branch_python_dop_operator_3.py
[2025-12-27T15:19:21.039+0000] {logging_mixin.py:188} INFO - [2025-12-27T15:19:21.039+0000] {dag.py:3096} INFO - Sync 1 DAGs
[2025-12-27T15:19:21.176+0000] {logging_mixin.py:188} INFO - [2025-12-27T15:19:21.175+0000] {dag.py:3954} INFO - Setting next_dagrun for example_branch_dop_operator_v3 to 2025-12-27 15:18:00+00:00, run_after=2025-12-27 15:19:00+00:00
[2025-12-27T15:19:21.587+0000] {processor.py:183} INFO - Processing /usr/local/lib/python3.11/site-packages/airflow/example_dags/example_branch_python_dop_operator_3.py took 0.772 seconds
[2025-12-27T15:31:42.526+0000] {processor.py:161} INFO - Started process (PID=70) to work on /usr/local/lib/python3.11/site-packages/airflow/example_dags/example_branch_python_dop_operator_3.py
[2025-12-27T15:31:42.528+0000] {processor.py:830} INFO - Processing file /usr/local/lib/python3.11/site-packages/airflow/example_dags/example_branch_python_dop_operator_3.py for tasks to queue
[2025-12-27T15:31:42.530+0000] {logging_mixin.py:188} INFO - [2025-12-27T15:31:42.530+0000] {dagbag.py:545} INFO - Filling up the DagBag from /usr/local/lib/python3.11/site-packages/airflow/example_dags/example_branch_python_dop_operator_3.py
[2025-12-27T15:31:42.542+0000] {processor.py:840} INFO - DAG(s) 'example_branch_dop_operator_v3' retrieved from /usr/local/lib/python3.11/site-packages/airflow/example_dags/example_branch_python_dop_operator_3.py
[2025-12-27T15:31:42.703+0000] {logging_mixin.py:188} INFO - [2025-12-27T15:31:42.703+0000] {dag.py:3096} INFO - Sync 1 DAGs
[2025-12-27T15:31:42.751+0000] {logging_mixin.py:188} INFO - [2025-12-27T15:31:42.750+0000] {dag.py:3954} INFO - Setting next_dagrun for example_branch_dop_operator_v3 to 2025-12-27 15:30:00+00:00, run_after=2025-12-27 15:31:00+00:00
[2025-12-27T15:31:43.012+0000] {processor.py:183} INFO - Processing /usr/local/lib/python3.11/site-packages/airflow/example_dags/example_branch_python_dop_operator_3.py took 0.501 seconds
[2025-12-27T15:33:43.517+0000] {processor.py:161} INFO - Started process (PID=142) to work on /usr/local/lib/python3.11/site-packages/airflow/example_dags/example_branch_python_dop_operator_3.py
[2025-12-27T15:33:43.518+0000] {processor.py:830} INFO - Processing file /usr/local/lib/python3.11/site-packages/airflow/example_dags/example_branch_python_dop_operator_3.py for tasks to queue
[2025-12-27T15:33:43.521+0000] {logging_mixin.py:188} INFO - [2025-12-27T15:33:43.521+0000] {dagbag.py:545} INFO - Filling up the DagBag from /usr/local/lib/python3.11/site-packages/airflow/example_dags/example_branch_python_dop_operator_3.py
[2025-12-27T15:33:43.541+0000] {processor.py:840} INFO - DAG(s) 'example_branch_dop_operator_v3' retrieved from /usr/local/lib/python3.11/site-packages/airflow/example_dags/example_branch_python_dop_operator_3.py
[2025-12-27T15:33:43.576+0000] {logging_mixin.py:188} INFO - [2025-12-27T15:33:43.575+0000] {dag.py:3096} INFO - Sync 1 DAGs
[2025-12-27T15:33:43.653+0000] {logging_mixin.py:188} INFO - [2025-12-27T15:33:43.653+0000] {dag.py:3954} INFO - Setting next_dagrun for example_branch_dop_operator_v3 to 2025-12-27 15:32:00+00:00, run_after=2025-12-27 15:33:00+00:00
[2025-12-27T15:33:43.887+0000] {processor.py:183} INFO - Processing /usr/local/lib/python3.11/site-packages/airflow/example_dags/example_branch_python_dop_operator_3.py took 0.385 seconds
[2025-12-27T15:35:18.378+0000] {processor.py:161} INFO - Started process (PID=206) to work on /usr/local/lib/python3.11/site-packages/airflow/example_dags/example_branch_python_dop_operator_3.py
[2025-12-27T15:35:18.379+0000] {processor.py:830} INFO - Processing file /usr/local/lib/python3.11/site-packages/airflow/example_dags/example_branch_python_dop_operator_3.py for tasks to queue
[2025-12-27T15:35:18.382+0000] {logging_mixin.py:188} INFO - [2025-12-27T15:35:18.382+0000] {dagbag.py:545} INFO - Filling up the DagBag from /usr/local/lib/python3.11/site-packages/airflow/example_dags/example_branch_python_dop_operator_3.py
[2025-12-27T15:35:18.398+0000] {processor.py:840} INFO - DAG(s) 'example_branch_dop_operator_v3' retrieved from /usr/local/lib/python3.11/site-packages/airflow/example_dags/example_branch_python_dop_operator_3.py
[2025-12-27T15:35:18.431+0000] {logging_mixin.py:188} INFO - [2025-12-27T15:35:18.431+0000] {dag.py:3096} INFO - Sync 1 DAGs
[2025-12-27T15:35:18.467+0000] {logging_mixin.py:188} INFO - [2025-12-27T15:35:18.467+0000] {dag.py:3954} INFO - Setting next_dagrun for example_branch_dop_operator_v3 to 2025-12-27 15:34:00+00:00, run_after=2025-12-27 15:35:00+00:00
[2025-12-27T15:35:18.707+0000] {processor.py:183} INFO - Processing /usr/local/lib/python3.11/site-packages/airflow/example_dags/example_branch_python_dop_operator_3.py took 0.345 seconds
[2025-12-27T15:36:52.229+0000] {processor.py:161} INFO - Started process (PID=269) to work on /usr/local/lib/python3.11/site-packages/airflow/example_dags/example_branch_python_dop_operator_3.py
[2025-12-27T15:36:52.231+0000] {processor.py:830} INFO - Processing file /usr/local/lib/python3.11/site-packages/airflow/example_dags/example_branch_python_dop_operator_3.py for tasks to queue
[2025-12-27T15:36:52.234+0000] {logging_mixin.py:188} INFO - [2025-12-27T15:36:52.234+0000] {dagbag.py:545} INFO - Filling up the DagBag from /usr/local/lib/python3.11/site-packages/airflow/example_dags/example_branch_python_dop_operator_3.py
[2025-12-27T15:36:52.250+0000] {processor.py:840} INFO - DAG(s) 'example_branch_dop_operator_v3' retrieved from /usr/local/lib/python3.11/site-packages/airflow/example_dags/example_branch_python_dop_operator_3.py
[2025-12-27T15:36:52.294+0000] {logging_mixin.py:188} INFO - [2025-12-27T15:36:52.294+0000] {dag.py:3096} INFO - Sync 1 DAGs
[2025-12-27T15:36:52.471+0000] {logging_mixin.py:188} INFO - [2025-12-27T15:36:52.471+0000] {dag.py:3954} INFO - Setting next_dagrun for example_branch_dop_operator_v3 to 2025-12-27 15:35:00+00:00, run_after=2025-12-27 15:36:00+00:00
[2025-12-27T15:36:52.680+0000] {processor.py:183} INFO - Processing /usr/local/lib/python3.11/site-packages/airflow/example_dags/example_branch_python_dop_operator_3.py took 0.467 seconds
[2025-12-27T15:38:24.703+0000] {processor.py:161} INFO - Started process (PID=331) to work on /usr/local/lib/python3.11/site-packages/airflow/example_dags/example_branch_python_dop_operator_3.py
[2025-12-27T15:38:24.704+0000] {processor.py:830} INFO - Processing file /usr/local/lib/python3.11/site-packages/airflow/example_dags/example_branch_python_dop_operator_3.py for tasks to queue
[2025-12-27T15:38:24.707+0000] {logging_mixin.py:188} INFO - [2025-12-27T15:38:24.706+0000] {dagbag.py:545} INFO - Filling up the DagBag from /usr/local/lib/python3.11/site-packages/airflow/example_dags/example_branch_python_dop_operator_3.py
[2025-12-27T15:38:24.720+0000] {processor.py:840} INFO - DAG(s) 'example_branch_dop_operator_v3' retrieved from /usr/local/lib/python3.11/site-packages/airflow/example_dags/example_branch_python_dop_operator_3.py
[2025-12-27T15:38:24.751+0000] {logging_mixin.py:188} INFO - [2025-12-27T15:38:24.751+0000] {dag.py:3096} INFO - Sync 1 DAGs
[2025-12-27T15:38:24.790+0000] {logging_mixin.py:188} INFO - [2025-12-27T15:38:24.790+0000] {dag.py:3954} INFO - Setting next_dagrun for example_branch_dop_operator_v3 to 2025-12-27 15:37:00+00:00, run_after=2025-12-27 15:38:00+00:00
[2025-12-27T15:38:25.059+0000] {processor.py:183} INFO - Processing /usr/local/lib/python3.11/site-packages/airflow/example_dags/example_branch_python_dop_operator_3.py took 0.369 seconds
[2025-12-27T15:40:11.283+0000] {processor.py:161} INFO - Started process (PID=397) to work on /usr/local/lib/python3.11/site-packages/airflow/example_dags/example_branch_python_dop_operator_3.py
[2025-12-27T15:40:11.284+0000] {processor.py:830} INFO - Processing file /usr/local/lib/python3.11/site-packages/airflow/example_dags/example_branch_python_dop_operator_3.py for tasks to queue
[2025-12-27T15:40:11.286+0000] {logging_mixin.py:188} INFO - [2025-12-27T15:40:11.286+0000] {dagbag.py:545} INFO - Filling up the DagBag from /usr/local/lib/python3.11/site-packages/airflow/example_dags/example_branch_python_dop_operator_3.py
[2025-12-27T15:40:11.298+0000] {processor.py:840} INFO - DAG(s) 'example_branch_dop_operator_v3' retrieved from /usr/local/lib/python3.11/site-packages/airflow/example_dags/example_branch_python_dop_operator_3.py
[2025-12-27T15:40:11.329+0000] {logging_mixin.py:188} INFO - [2025-12-27T15:40:11.329+0000] {dag.py:3096} INFO - Sync 1 DAGs
[2025-12-27T15:40:11.374+0000] {logging_mixin.py:188} INFO - [2025-12-27T15:40:11.374+0000] {dag.py:3954} INFO - Setting next_dagrun for example_branch_dop_operator_v3 to 2025-12-27 15:39:00+00:00, run_after=2025-12-27 15:40:00+00:00
[2025-12-27T15:40:11.636+0000] {processor.py:183} INFO - Processing /usr/local/lib/python3.11/site-packages/airflow/example_dags/example_branch_python_dop_operator_3.py took 0.367 seconds
[2025-12-27T15:41:48.977+0000] {processor.py:161} INFO - Started process (PID=462) to work on /usr/local/lib/python3.11/site-packages/airflow/example_dags/example_branch_python_dop_operator_3.py
[2025-12-27T15:41:48.982+0000] {processor.py:830} INFO - Processing file /usr/local/lib/python3.11/site-packages/airflow/example_dags/example_branch_python_dop_operator_3.py for tasks to queue
[2025-12-27T15:41:48.987+0000] {logging_mixin.py:188} INFO - [2025-12-27T15:41:48.987+0000] {dagbag.py:545} INFO - Filling up the DagBag from /usr/local/lib/python3.11/site-packages/airflow/example_dags/example_branch_python_dop_operator_3.py
[2025-12-27T15:41:49.046+0000] {processor.py:840} INFO - DAG(s) 'example_branch_dop_operator_v3' retrieved from /usr/local/lib/python3.11/site-packages/airflow/example_dags/example_branch_python_dop_operator_3.py
[2025-12-27T15:41:49.167+0000] {logging_mixin.py:188} INFO - [2025-12-27T15:41:49.167+0000] {dag.py:3096} INFO - Sync 1 DAGs
[2025-12-27T15:41:49.310+0000] {logging_mixin.py:188} INFO - [2025-12-27T15:41:49.309+0000] {dag.py:3954} INFO - Setting next_dagrun for example_branch_dop_operator_v3 to 2025-12-27 15:40:00+00:00, run_after=2025-12-27 15:41:00+00:00
[2025-12-27T15:41:49.556+0000] {processor.py:183} INFO - Processing /usr/local/lib/python3.11/site-packages/airflow/example_dags/example_branch_python_dop_operator_3.py took 0.619 seconds
[2025-12-27T15:44:38.834+0000] {processor.py:161} INFO - Started process (PID=74) to work on /usr/local/lib/python3.11/site-packages/airflow/example_dags/example_branch_python_dop_operator_3.py
[2025-12-27T15:44:38.835+0000] {processor.py:830} INFO - Processing file /usr/local/lib/python3.11/site-packages/airflow/example_dags/example_branch_python_dop_operator_3.py for tasks to queue
[2025-12-27T15:44:38.838+0000] {logging_mixin.py:188} INFO - [2025-12-27T15:44:38.837+0000] {dagbag.py:545} INFO - Filling up the DagBag from /usr/local/lib/python3.11/site-packages/airflow/example_dags/example_branch_python_dop_operator_3.py
[2025-12-27T15:44:38.852+0000] {processor.py:840} INFO - DAG(s) 'example_branch_dop_operator_v3' retrieved from /usr/local/lib/python3.11/site-packages/airflow/example_dags/example_branch_python_dop_operator_3.py
[2025-12-27T15:44:39.001+0000] {logging_mixin.py:188} INFO - [2025-12-27T15:44:39.001+0000] {dag.py:3096} INFO - Sync 1 DAGs
[2025-12-27T15:44:39.037+0000] {logging_mixin.py:188} INFO - [2025-12-27T15:44:39.036+0000] {dag.py:3954} INFO - Setting next_dagrun for example_branch_dop_operator_v3 to 2025-12-27 15:43:00+00:00, run_after=2025-12-27 15:44:00+00:00
[2025-12-27T15:44:39.353+0000] {processor.py:183} INFO - Processing /usr/local/lib/python3.11/site-packages/airflow/example_dags/example_branch_python_dop_operator_3.py took 0.534 seconds
[2025-12-27T15:46:24.725+0000] {processor.py:161} INFO - Started process (PID=137) to work on /usr/local/lib/python3.11/site-packages/airflow/example_dags/example_branch_python_dop_operator_3.py
[2025-12-27T15:46:24.726+0000] {processor.py:830} INFO - Processing file /usr/local/lib/python3.11/site-packages/airflow/example_dags/example_branch_python_dop_operator_3.py for tasks to queue
[2025-12-27T15:46:24.729+0000] {logging_mixin.py:188} INFO - [2025-12-27T15:46:24.728+0000] {dagbag.py:545} INFO - Filling up the DagBag from /usr/local/lib/python3.11/site-packages/airflow/example_dags/example_branch_python_dop_operator_3.py
[2025-12-27T15:46:24.740+0000] {processor.py:840} INFO - DAG(s) 'example_branch_dop_operator_v3' retrieved from /usr/local/lib/python3.11/site-packages/airflow/example_dags/example_branch_python_dop_operator_3.py
[2025-12-27T15:46:24.768+0000] {logging_mixin.py:188} INFO - [2025-12-27T15:46:24.767+0000] {dag.py:3096} INFO - Sync 1 DAGs
[2025-12-27T15:46:24.814+0000] {logging_mixin.py:188} INFO - [2025-12-27T15:46:24.814+0000] {dag.py:3954} INFO - Setting next_dagrun for example_branch_dop_operator_v3 to 2025-12-27 15:45:00+00:00, run_after=2025-12-27 15:46:00+00:00
[2025-12-27T15:46:25.080+0000] {processor.py:183} INFO - Processing /usr/local/lib/python3.11/site-packages/airflow/example_dags/example_branch_python_dop_operator_3.py took 0.368 seconds
[2025-12-27T15:48:02.978+0000] {processor.py:161} INFO - Started process (PID=238) to work on /usr/local/lib/python3.11/site-packages/airflow/example_dags/example_branch_python_dop_operator_3.py
[2025-12-27T15:48:02.979+0000] {processor.py:830} INFO - Processing file /usr/local/lib/python3.11/site-packages/airflow/example_dags/example_branch_python_dop_operator_3.py for tasks to queue
[2025-12-27T15:48:02.982+0000] {logging_mixin.py:188} INFO - [2025-12-27T15:48:02.982+0000] {dagbag.py:545} INFO - Filling up the DagBag from /usr/local/lib/python3.11/site-packages/airflow/example_dags/example_branch_python_dop_operator_3.py
[2025-12-27T15:48:02.994+0000] {processor.py:840} INFO - DAG(s) 'example_branch_dop_operator_v3' retrieved from /usr/local/lib/python3.11/site-packages/airflow/example_dags/example_branch_python_dop_operator_3.py
[2025-12-27T15:48:03.031+0000] {logging_mixin.py:188} INFO - [2025-12-27T15:48:03.031+0000] {dag.py:3096} INFO - Sync 1 DAGs
[2025-12-27T15:48:03.081+0000] {logging_mixin.py:188} INFO - [2025-12-27T15:48:03.081+0000] {dag.py:3954} INFO - Setting next_dagrun for example_branch_dop_operator_v3 to 2025-12-27 15:47:00+00:00, run_after=2025-12-27 15:48:00+00:00
[2025-12-27T15:48:03.327+0000] {processor.py:183} INFO - Processing /usr/local/lib/python3.11/site-packages/airflow/example_dags/example_branch_python_dop_operator_3.py took 0.362 seconds
[2025-12-27T15:49:31.064+0000] {processor.py:161} INFO - Started process (PID=305) to work on /usr/local/lib/python3.11/site-packages/airflow/example_dags/example_branch_python_dop_operator_3.py
[2025-12-27T15:49:31.065+0000] {processor.py:830} INFO - Processing file /usr/local/lib/python3.11/site-packages/airflow/example_dags/example_branch_python_dop_operator_3.py for tasks to queue
[2025-12-27T15:49:31.068+0000] {logging_mixin.py:188} INFO - [2025-12-27T15:49:31.067+0000] {dagbag.py:545} INFO - Filling up the DagBag from /usr/local/lib/python3.11/site-packages/airflow/example_dags/example_branch_python_dop_operator_3.py
[2025-12-27T15:49:31.079+0000] {processor.py:840} INFO - DAG(s) 'example_branch_dop_operator_v3' retrieved from /usr/local/lib/python3.11/site-packages/airflow/example_dags/example_branch_python_dop_operator_3.py
[2025-12-27T15:49:31.117+0000] {logging_mixin.py:188} INFO - [2025-12-27T15:49:31.116+0000] {dag.py:3096} INFO - Sync 1 DAGs
[2025-12-27T15:49:31.166+0000] {logging_mixin.py:188} INFO - [2025-12-27T15:49:31.166+0000] {dag.py:3954} INFO - Setting next_dagrun for example_branch_dop_operator_v3 to 2025-12-27 15:48:00+00:00, run_after=2025-12-27 15:49:00+00:00
[2025-12-27T15:49:31.651+0000] {processor.py:183} INFO - Processing /usr/local/lib/python3.11/site-packages/airflow/example_dags/example_branch_python_dop_operator_3.py took 0.601 seconds
[2025-12-27T15:51:09.428+0000] {processor.py:161} INFO - Started process (PID=382) to work on /usr/local/lib/python3.11/site-packages/airflow/example_dags/example_branch_python_dop_operator_3.py
[2025-12-27T15:51:09.429+0000] {processor.py:830} INFO - Processing file /usr/local/lib/python3.11/site-packages/airflow/example_dags/example_branch_python_dop_operator_3.py for tasks to queue
[2025-12-27T15:51:09.431+0000] {logging_mixin.py:188} INFO - [2025-12-27T15:51:09.430+0000] {dagbag.py:545} INFO - Filling up the DagBag from /usr/local/lib/python3.11/site-packages/airflow/example_dags/example_branch_python_dop_operator_3.py
[2025-12-27T15:51:09.443+0000] {processor.py:840} INFO - DAG(s) 'example_branch_dop_operator_v3' retrieved from /usr/local/lib/python3.11/site-packages/airflow/example_dags/example_branch_python_dop_operator_3.py
[2025-12-27T15:51:09.476+0000] {logging_mixin.py:188} INFO - [2025-12-27T15:51:09.476+0000] {dag.py:3096} INFO - Sync 1 DAGs
[2025-12-27T15:51:09.515+0000] {logging_mixin.py:188} INFO - [2025-12-27T15:51:09.515+0000] {dag.py:3954} INFO - Setting next_dagrun for example_branch_dop_operator_v3 to 2025-12-27 15:50:00+00:00, run_after=2025-12-27 15:51:00+00:00
[2025-12-27T15:51:09.735+0000] {processor.py:183} INFO - Processing /usr/local/lib/python3.11/site-packages/airflow/example_dags/example_branch_python_dop_operator_3.py took 0.323 seconds
[2025-12-27T15:52:39.881+0000] {processor.py:161} INFO - Started process (PID=462) to work on /usr/local/lib/python3.11/site-packages/airflow/example_dags/example_branch_python_dop_operator_3.py
[2025-12-27T15:52:39.882+0000] {processor.py:830} INFO - Processing file /usr/local/lib/python3.11/site-packages/airflow/example_dags/example_branch_python_dop_operator_3.py for tasks to queue
[2025-12-27T15:52:39.884+0000] {logging_mixin.py:188} INFO - [2025-12-27T15:52:39.884+0000] {dagbag.py:545} INFO - Filling up the DagBag from /usr/local/lib/python3.11/site-packages/airflow/example_dags/example_branch_python_dop_operator_3.py
[2025-12-27T15:52:39.896+0000] {processor.py:840} INFO - DAG(s) 'example_branch_dop_operator_v3' retrieved from /usr/local/lib/python3.11/site-packages/airflow/example_dags/example_branch_python_dop_operator_3.py
[2025-12-27T15:52:39.927+0000] {logging_mixin.py:188} INFO - [2025-12-27T15:52:39.927+0000] {dag.py:3096} INFO - Sync 1 DAGs
[2025-12-27T15:52:39.964+0000] {logging_mixin.py:188} INFO - [2025-12-27T15:52:39.964+0000] {dag.py:3954} INFO - Setting next_dagrun for example_branch_dop_operator_v3 to 2025-12-27 15:51:00+00:00, run_after=2025-12-27 15:52:00+00:00
[2025-12-27T15:52:40.213+0000] {processor.py:183} INFO - Processing /usr/local/lib/python3.11/site-packages/airflow/example_dags/example_branch_python_dop_operator_3.py took 0.346 seconds
[2025-12-27T15:54:12.192+0000] {processor.py:161} INFO - Started process (PID=526) to work on /usr/local/lib/python3.11/site-packages/airflow/example_dags/example_branch_python_dop_operator_3.py
[2025-12-27T15:54:12.194+0000] {processor.py:830} INFO - Processing file /usr/local/lib/python3.11/site-packages/airflow/example_dags/example_branch_python_dop_operator_3.py for tasks to queue
[2025-12-27T15:54:12.196+0000] {logging_mixin.py:188} INFO - [2025-12-27T15:54:12.196+0000] {dagbag.py:545} INFO - Filling up the DagBag from /usr/local/lib/python3.11/site-packages/airflow/example_dags/example_branch_python_dop_operator_3.py
[2025-12-27T15:54:12.209+0000] {processor.py:840} INFO - DAG(s) 'example_branch_dop_operator_v3' retrieved from /usr/local/lib/python3.11/site-packages/airflow/example_dags/example_branch_python_dop_operator_3.py
[2025-12-27T15:54:12.247+0000] {logging_mixin.py:188} INFO - [2025-12-27T15:54:12.246+0000] {dag.py:3096} INFO - Sync 1 DAGs
[2025-12-27T15:54:12.290+0000] {logging_mixin.py:188} INFO - [2025-12-27T15:54:12.290+0000] {dag.py:3954} INFO - Setting next_dagrun for example_branch_dop_operator_v3 to 2025-12-27 15:53:00+00:00, run_after=2025-12-27 15:54:00+00:00
[2025-12-27T15:54:12.532+0000] {processor.py:183} INFO - Processing /usr/local/lib/python3.11/site-packages/airflow/example_dags/example_branch_python_dop_operator_3.py took 0.357 seconds
[2025-12-27T15:55:43.582+0000] {processor.py:161} INFO - Started process (PID=596) to work on /usr/local/lib/python3.11/site-packages/airflow/example_dags/example_branch_python_dop_operator_3.py
[2025-12-27T15:55:43.583+0000] {processor.py:830} INFO - Processing file /usr/local/lib/python3.11/site-packages/airflow/example_dags/example_branch_python_dop_operator_3.py for tasks to queue
[2025-12-27T15:55:43.585+0000] {logging_mixin.py:188} INFO - [2025-12-27T15:55:43.585+0000] {dagbag.py:545} INFO - Filling up the DagBag from /usr/local/lib/python3.11/site-packages/airflow/example_dags/example_branch_python_dop_operator_3.py
[2025-12-27T15:55:43.599+0000] {processor.py:840} INFO - DAG(s) 'example_branch_dop_operator_v3' retrieved from /usr/local/lib/python3.11/site-packages/airflow/example_dags/example_branch_python_dop_operator_3.py
[2025-12-27T15:55:43.638+0000] {logging_mixin.py:188} INFO - [2025-12-27T15:55:43.638+0000] {dag.py:3096} INFO - Sync 1 DAGs
[2025-12-27T15:55:43.707+0000] {logging_mixin.py:188} INFO - [2025-12-27T15:55:43.707+0000] {dag.py:3954} INFO - Setting next_dagrun for example_branch_dop_operator_v3 to 2025-12-27 15:54:00+00:00, run_after=2025-12-27 15:55:00+00:00
[2025-12-27T15:55:43.950+0000] {processor.py:183} INFO - Processing /usr/local/lib/python3.11/site-packages/airflow/example_dags/example_branch_python_dop_operator_3.py took 0.386 seconds
[2025-12-27T15:57:16.102+0000] {processor.py:161} INFO - Started process (PID=664) to work on /usr/local/lib/python3.11/site-packages/airflow/example_dags/example_branch_python_dop_operator_3.py
[2025-12-27T15:57:16.103+0000] {processor.py:830} INFO - Processing file /usr/local/lib/python3.11/site-packages/airflow/example_dags/example_branch_python_dop_operator_3.py for tasks to queue
[2025-12-27T15:57:16.106+0000] {logging_mixin.py:188} INFO - [2025-12-27T15:57:16.105+0000] {dagbag.py:545} INFO - Filling up the DagBag from /usr/local/lib/python3.11/site-packages/airflow/example_dags/example_branch_python_dop_operator_3.py
[2025-12-27T15:57:16.121+0000] {processor.py:840} INFO - DAG(s) 'example_branch_dop_operator_v3' retrieved from /usr/local/lib/python3.11/site-packages/airflow/example_dags/example_branch_python_dop_operator_3.py
[2025-12-27T15:57:16.157+0000] {logging_mixin.py:188} INFO - [2025-12-27T15:57:16.156+0000] {dag.py:3096} INFO - Sync 1 DAGs
[2025-12-27T15:57:16.202+0000] {logging_mixin.py:188} INFO - [2025-12-27T15:57:16.201+0000] {dag.py:3954} INFO - Setting next_dagrun for example_branch_dop_operator_v3 to 2025-12-27 15:56:00+00:00, run_after=2025-12-27 15:57:00+00:00
[2025-12-27T15:57:16.425+0000] {processor.py:183} INFO - Processing /usr/local/lib/python3.11/site-packages/airflow/example_dags/example_branch_python_dop_operator_3.py took 0.339 seconds
[2025-12-27T15:58:47.617+0000] {processor.py:161} INFO - Started process (PID=727) to work on /usr/local/lib/python3.11/site-packages/airflow/example_dags/example_branch_python_dop_operator_3.py
[2025-12-27T15:58:47.618+0000] {processor.py:830} INFO - Processing file /usr/local/lib/python3.11/site-packages/airflow/example_dags/example_branch_python_dop_operator_3.py for tasks to queue
[2025-12-27T15:58:47.621+0000] {logging_mixin.py:188} INFO - [2025-12-27T15:58:47.620+0000] {dagbag.py:545} INFO - Filling up the DagBag from /usr/local/lib/python3.11/site-packages/airflow/example_dags/example_branch_python_dop_operator_3.py
[2025-12-27T15:58:47.634+0000] {processor.py:840} INFO - DAG(s) 'example_branch_dop_operator_v3' retrieved from /usr/local/lib/python3.11/site-packages/airflow/example_dags/example_branch_python_dop_operator_3.py
[2025-12-27T15:58:47.686+0000] {logging_mixin.py:188} INFO - [2025-12-27T15:58:47.686+0000] {dag.py:3096} INFO - Sync 1 DAGs
[2025-12-27T15:58:47.773+0000] {logging_mixin.py:188} INFO - [2025-12-27T15:58:47.773+0000] {dag.py:3954} INFO - Setting next_dagrun for example_branch_dop_operator_v3 to 2025-12-27 15:57:00+00:00, run_after=2025-12-27 15:58:00+00:00
[2025-12-27T15:58:47.979+0000] {processor.py:183} INFO - Processing /usr/local/lib/python3.11/site-packages/airflow/example_dags/example_branch_python_dop_operator_3.py took 0.388 seconds
[2025-12-27T16:00:40.354+0000] {processor.py:161} INFO - Started process (PID=795) to work on /usr/local/lib/python3.11/site-packages/airflow/example_dags/example_branch_python_dop_operator_3.py
[2025-12-27T16:00:40.356+0000] {processor.py:830} INFO - Processing file /usr/local/lib/python3.11/site-packages/airflow/example_dags/example_branch_python_dop_operator_3.py for tasks to queue
[2025-12-27T16:00:40.358+0000] {logging_mixin.py:188} INFO - [2025-12-27T16:00:40.358+0000] {dagbag.py:545} INFO - Filling up the DagBag from /usr/local/lib/python3.11/site-packages/airflow/example_dags/example_branch_python_dop_operator_3.py
[2025-12-27T16:00:40.373+0000] {processor.py:840} INFO - DAG(s) 'example_branch_dop_operator_v3' retrieved from /usr/local/lib/python3.11/site-packages/airflow/example_dags/example_branch_python_dop_operator_3.py
[2025-12-27T16:00:40.409+0000] {logging_mixin.py:188} INFO - [2025-12-27T16:00:40.408+0000] {dag.py:3096} INFO - Sync 1 DAGs
[2025-12-27T16:00:40.452+0000] {logging_mixin.py:188} INFO - [2025-12-27T16:00:40.452+0000] {dag.py:3954} INFO - Setting next_dagrun for example_branch_dop_operator_v3 to 2025-12-27 15:59:00+00:00, run_after=2025-12-27 16:00:00+00:00
[2025-12-27T16:00:40.700+0000] {processor.py:183} INFO - Processing /usr/local/lib/python3.11/site-packages/airflow/example_dags/example_branch_python_dop_operator_3.py took 0.364 seconds
[2025-12-27T21:00:43.726+0000] {processor.py:161} INFO - Started process (PID=75) to work on /usr/local/lib/python3.11/site-packages/airflow/example_dags/example_branch_python_dop_operator_3.py
[2025-12-27T21:00:43.773+0000] {processor.py:830} INFO - Processing file /usr/local/lib/python3.11/site-packages/airflow/example_dags/example_branch_python_dop_operator_3.py for tasks to queue
[2025-12-27T21:00:43.776+0000] {logging_mixin.py:188} INFO - [2025-12-27T21:00:43.775+0000] {dagbag.py:545} INFO - Filling up the DagBag from /usr/local/lib/python3.11/site-packages/airflow/example_dags/example_branch_python_dop_operator_3.py
[2025-12-27T21:00:43.801+0000] {processor.py:840} INFO - DAG(s) 'example_branch_dop_operator_v3' retrieved from /usr/local/lib/python3.11/site-packages/airflow/example_dags/example_branch_python_dop_operator_3.py
[2025-12-27T21:00:43.961+0000] {logging_mixin.py:188} INFO - [2025-12-27T21:00:43.961+0000] {dag.py:3096} INFO - Sync 1 DAGs
[2025-12-27T21:00:43.999+0000] {logging_mixin.py:188} INFO - [2025-12-27T21:00:43.999+0000] {dag.py:3954} INFO - Setting next_dagrun for example_branch_dop_operator_v3 to 2025-12-27 20:59:00+00:00, run_after=2025-12-27 21:00:00+00:00
[2025-12-27T21:00:44.211+0000] {processor.py:183} INFO - Processing /usr/local/lib/python3.11/site-packages/airflow/example_dags/example_branch_python_dop_operator_3.py took 0.499 seconds
[2025-12-27T21:02:12.907+0000] {processor.py:161} INFO - Started process (PID=137) to work on /usr/local/lib/python3.11/site-packages/airflow/example_dags/example_branch_python_dop_operator_3.py
[2025-12-27T21:02:12.908+0000] {processor.py:830} INFO - Processing file /usr/local/lib/python3.11/site-packages/airflow/example_dags/example_branch_python_dop_operator_3.py for tasks to queue
[2025-12-27T21:02:12.910+0000] {logging_mixin.py:188} INFO - [2025-12-27T21:02:12.909+0000] {dagbag.py:545} INFO - Filling up the DagBag from /usr/local/lib/python3.11/site-packages/airflow/example_dags/example_branch_python_dop_operator_3.py
[2025-12-27T21:02:12.922+0000] {processor.py:840} INFO - DAG(s) 'example_branch_dop_operator_v3' retrieved from /usr/local/lib/python3.11/site-packages/airflow/example_dags/example_branch_python_dop_operator_3.py
[2025-12-27T21:02:12.954+0000] {logging_mixin.py:188} INFO - [2025-12-27T21:02:12.954+0000] {dag.py:3096} INFO - Sync 1 DAGs
[2025-12-27T21:02:12.989+0000] {logging_mixin.py:188} INFO - [2025-12-27T21:02:12.989+0000] {dag.py:3954} INFO - Setting next_dagrun for example_branch_dop_operator_v3 to 2025-12-27 21:01:00+00:00, run_after=2025-12-27 21:02:00+00:00
[2025-12-27T21:02:13.185+0000] {processor.py:183} INFO - Processing /usr/local/lib/python3.11/site-packages/airflow/example_dags/example_branch_python_dop_operator_3.py took 0.294 seconds
[2025-12-27T21:03:39.758+0000] {processor.py:161} INFO - Started process (PID=199) to work on /usr/local/lib/python3.11/site-packages/airflow/example_dags/example_branch_python_dop_operator_3.py
[2025-12-27T21:03:39.760+0000] {processor.py:830} INFO - Processing file /usr/local/lib/python3.11/site-packages/airflow/example_dags/example_branch_python_dop_operator_3.py for tasks to queue
[2025-12-27T21:03:39.761+0000] {logging_mixin.py:188} INFO - [2025-12-27T21:03:39.761+0000] {dagbag.py:545} INFO - Filling up the DagBag from /usr/local/lib/python3.11/site-packages/airflow/example_dags/example_branch_python_dop_operator_3.py
[2025-12-27T21:03:39.772+0000] {processor.py:840} INFO - DAG(s) 'example_branch_dop_operator_v3' retrieved from /usr/local/lib/python3.11/site-packages/airflow/example_dags/example_branch_python_dop_operator_3.py
[2025-12-27T21:03:39.802+0000] {logging_mixin.py:188} INFO - [2025-12-27T21:03:39.801+0000] {dag.py:3096} INFO - Sync 1 DAGs
[2025-12-27T21:03:39.839+0000] {logging_mixin.py:188} INFO - [2025-12-27T21:03:39.839+0000] {dag.py:3954} INFO - Setting next_dagrun for example_branch_dop_operator_v3 to 2025-12-27 21:02:00+00:00, run_after=2025-12-27 21:03:00+00:00
[2025-12-27T21:03:40.122+0000] {processor.py:183} INFO - Processing /usr/local/lib/python3.11/site-packages/airflow/example_dags/example_branch_python_dop_operator_3.py took 0.379 seconds
[2025-12-27T21:05:16.213+0000] {processor.py:161} INFO - Started process (PID=262) to work on /usr/local/lib/python3.11/site-packages/airflow/example_dags/example_branch_python_dop_operator_3.py
[2025-12-27T21:05:16.214+0000] {processor.py:830} INFO - Processing file /usr/local/lib/python3.11/site-packages/airflow/example_dags/example_branch_python_dop_operator_3.py for tasks to queue
[2025-12-27T21:05:16.215+0000] {logging_mixin.py:188} INFO - [2025-12-27T21:05:16.215+0000] {dagbag.py:545} INFO - Filling up the DagBag from /usr/local/lib/python3.11/site-packages/airflow/example_dags/example_branch_python_dop_operator_3.py
[2025-12-27T21:05:16.228+0000] {processor.py:840} INFO - DAG(s) 'example_branch_dop_operator_v3' retrieved from /usr/local/lib/python3.11/site-packages/airflow/example_dags/example_branch_python_dop_operator_3.py
[2025-12-27T21:05:16.258+0000] {logging_mixin.py:188} INFO - [2025-12-27T21:05:16.258+0000] {dag.py:3096} INFO - Sync 1 DAGs
[2025-12-27T21:05:16.292+0000] {logging_mixin.py:188} INFO - [2025-12-27T21:05:16.292+0000] {dag.py:3954} INFO - Setting next_dagrun for example_branch_dop_operator_v3 to 2025-12-27 21:04:00+00:00, run_after=2025-12-27 21:05:00+00:00
[2025-12-27T21:05:16.496+0000] {processor.py:183} INFO - Processing /usr/local/lib/python3.11/site-packages/airflow/example_dags/example_branch_python_dop_operator_3.py took 0.297 seconds
[2025-12-27T21:07:16.085+0000] {processor.py:161} INFO - Started process (PID=330) to work on /usr/local/lib/python3.11/site-packages/airflow/example_dags/example_branch_python_dop_operator_3.py
[2025-12-27T21:07:16.087+0000] {processor.py:830} INFO - Processing file /usr/local/lib/python3.11/site-packages/airflow/example_dags/example_branch_python_dop_operator_3.py for tasks to queue
[2025-12-27T21:07:16.089+0000] {logging_mixin.py:188} INFO - [2025-12-27T21:07:16.088+0000] {dagbag.py:545} INFO - Filling up the DagBag from /usr/local/lib/python3.11/site-packages/airflow/example_dags/example_branch_python_dop_operator_3.py
[2025-12-27T21:07:16.109+0000] {processor.py:840} INFO - DAG(s) 'example_branch_dop_operator_v3' retrieved from /usr/local/lib/python3.11/site-packages/airflow/example_dags/example_branch_python_dop_operator_3.py
[2025-12-27T21:07:16.167+0000] {logging_mixin.py:188} INFO - [2025-12-27T21:07:16.166+0000] {dag.py:3096} INFO - Sync 1 DAGs
[2025-12-27T21:07:16.226+0000] {logging_mixin.py:188} INFO - [2025-12-27T21:07:16.226+0000] {dag.py:3954} INFO - Setting next_dagrun for example_branch_dop_operator_v3 to 2025-12-27 21:06:00+00:00, run_after=2025-12-27 21:07:00+00:00
[2025-12-27T21:07:16.884+0000] {processor.py:183} INFO - Processing /usr/local/lib/python3.11/site-packages/airflow/example_dags/example_branch_python_dop_operator_3.py took 0.819 seconds
[2025-12-27T21:20:13.850+0000] {processor.py:161} INFO - Started process (PID=70) to work on /usr/local/lib/python3.11/site-packages/airflow/example_dags/example_branch_python_dop_operator_3.py
[2025-12-27T21:20:13.851+0000] {processor.py:830} INFO - Processing file /usr/local/lib/python3.11/site-packages/airflow/example_dags/example_branch_python_dop_operator_3.py for tasks to queue
[2025-12-27T21:20:13.854+0000] {logging_mixin.py:188} INFO - [2025-12-27T21:20:13.853+0000] {dagbag.py:545} INFO - Filling up the DagBag from /usr/local/lib/python3.11/site-packages/airflow/example_dags/example_branch_python_dop_operator_3.py
[2025-12-27T21:20:13.865+0000] {processor.py:840} INFO - DAG(s) 'example_branch_dop_operator_v3' retrieved from /usr/local/lib/python3.11/site-packages/airflow/example_dags/example_branch_python_dop_operator_3.py
[2025-12-27T21:20:14.013+0000] {logging_mixin.py:188} INFO - [2025-12-27T21:20:14.013+0000] {dag.py:3096} INFO - Sync 1 DAGs
[2025-12-27T21:20:14.050+0000] {logging_mixin.py:188} INFO - [2025-12-27T21:20:14.050+0000] {dag.py:3954} INFO - Setting next_dagrun for example_branch_dop_operator_v3 to 2025-12-27 21:19:00+00:00, run_after=2025-12-27 21:20:00+00:00
[2025-12-27T21:20:14.299+0000] {processor.py:183} INFO - Processing /usr/local/lib/python3.11/site-packages/airflow/example_dags/example_branch_python_dop_operator_3.py took 0.463 seconds
[2025-12-27T21:21:57.043+0000] {processor.py:161} INFO - Started process (PID=144) to work on /usr/local/lib/python3.11/site-packages/airflow/example_dags/example_branch_python_dop_operator_3.py
[2025-12-27T21:21:57.044+0000] {processor.py:830} INFO - Processing file /usr/local/lib/python3.11/site-packages/airflow/example_dags/example_branch_python_dop_operator_3.py for tasks to queue
[2025-12-27T21:21:57.047+0000] {logging_mixin.py:188} INFO - [2025-12-27T21:21:57.046+0000] {dagbag.py:545} INFO - Filling up the DagBag from /usr/local/lib/python3.11/site-packages/airflow/example_dags/example_branch_python_dop_operator_3.py
[2025-12-27T21:21:57.058+0000] {processor.py:840} INFO - DAG(s) 'example_branch_dop_operator_v3' retrieved from /usr/local/lib/python3.11/site-packages/airflow/example_dags/example_branch_python_dop_operator_3.py
[2025-12-27T21:21:57.088+0000] {logging_mixin.py:188} INFO - [2025-12-27T21:21:57.088+0000] {dag.py:3096} INFO - Sync 1 DAGs
[2025-12-27T21:21:57.148+0000] {logging_mixin.py:188} INFO - [2025-12-27T21:21:57.147+0000] {dag.py:3954} INFO - Setting next_dagrun for example_branch_dop_operator_v3 to 2025-12-27 21:20:00+00:00, run_after=2025-12-27 21:21:00+00:00
[2025-12-27T21:21:57.453+0000] {processor.py:183} INFO - Processing /usr/local/lib/python3.11/site-packages/airflow/example_dags/example_branch_python_dop_operator_3.py took 0.429 seconds
[2025-12-27T21:23:30.658+0000] {processor.py:161} INFO - Started process (PID=208) to work on /usr/local/lib/python3.11/site-packages/airflow/example_dags/example_branch_python_dop_operator_3.py
[2025-12-27T21:23:30.660+0000] {processor.py:830} INFO - Processing file /usr/local/lib/python3.11/site-packages/airflow/example_dags/example_branch_python_dop_operator_3.py for tasks to queue
[2025-12-27T21:23:30.662+0000] {logging_mixin.py:188} INFO - [2025-12-27T21:23:30.662+0000] {dagbag.py:545} INFO - Filling up the DagBag from /usr/local/lib/python3.11/site-packages/airflow/example_dags/example_branch_python_dop_operator_3.py
[2025-12-27T21:23:30.678+0000] {processor.py:840} INFO - DAG(s) 'example_branch_dop_operator_v3' retrieved from /usr/local/lib/python3.11/site-packages/airflow/example_dags/example_branch_python_dop_operator_3.py
[2025-12-27T21:23:30.716+0000] {logging_mixin.py:188} INFO - [2025-12-27T21:23:30.716+0000] {dag.py:3096} INFO - Sync 1 DAGs
[2025-12-27T21:23:30.764+0000] {logging_mixin.py:188} INFO - [2025-12-27T21:23:30.764+0000] {dag.py:3954} INFO - Setting next_dagrun for example_branch_dop_operator_v3 to 2025-12-27 21:22:00+00:00, run_after=2025-12-27 21:23:00+00:00
[2025-12-27T21:23:31.026+0000] {processor.py:183} INFO - Processing /usr/local/lib/python3.11/site-packages/airflow/example_dags/example_branch_python_dop_operator_3.py took 0.387 seconds
[2025-12-27T21:25:07.252+0000] {processor.py:161} INFO - Started process (PID=271) to work on /usr/local/lib/python3.11/site-packages/airflow/example_dags/example_branch_python_dop_operator_3.py
[2025-12-27T21:25:07.253+0000] {processor.py:830} INFO - Processing file /usr/local/lib/python3.11/site-packages/airflow/example_dags/example_branch_python_dop_operator_3.py for tasks to queue
[2025-12-27T21:25:07.257+0000] {logging_mixin.py:188} INFO - [2025-12-27T21:25:07.256+0000] {dagbag.py:545} INFO - Filling up the DagBag from /usr/local/lib/python3.11/site-packages/airflow/example_dags/example_branch_python_dop_operator_3.py
[2025-12-27T21:25:07.273+0000] {processor.py:840} INFO - DAG(s) 'example_branch_dop_operator_v3' retrieved from /usr/local/lib/python3.11/site-packages/airflow/example_dags/example_branch_python_dop_operator_3.py
[2025-12-27T21:25:07.314+0000] {logging_mixin.py:188} INFO - [2025-12-27T21:25:07.314+0000] {dag.py:3096} INFO - Sync 1 DAGs
[2025-12-27T21:25:07.362+0000] {logging_mixin.py:188} INFO - [2025-12-27T21:25:07.362+0000] {dag.py:3954} INFO - Setting next_dagrun for example_branch_dop_operator_v3 to 2025-12-27 21:24:00+00:00, run_after=2025-12-27 21:25:00+00:00
[2025-12-27T21:25:07.868+0000] {processor.py:183} INFO - Processing /usr/local/lib/python3.11/site-packages/airflow/example_dags/example_branch_python_dop_operator_3.py took 0.641 seconds
[2025-12-27T21:26:52.318+0000] {processor.py:161} INFO - Started process (PID=351) to work on /usr/local/lib/python3.11/site-packages/airflow/example_dags/example_branch_python_dop_operator_3.py
[2025-12-27T21:26:52.322+0000] {processor.py:830} INFO - Processing file /usr/local/lib/python3.11/site-packages/airflow/example_dags/example_branch_python_dop_operator_3.py for tasks to queue
[2025-12-27T21:26:52.326+0000] {logging_mixin.py:188} INFO - [2025-12-27T21:26:52.325+0000] {dagbag.py:545} INFO - Filling up the DagBag from /usr/local/lib/python3.11/site-packages/airflow/example_dags/example_branch_python_dop_operator_3.py
[2025-12-27T21:26:52.353+0000] {processor.py:840} INFO - DAG(s) 'example_branch_dop_operator_v3' retrieved from /usr/local/lib/python3.11/site-packages/airflow/example_dags/example_branch_python_dop_operator_3.py
[2025-12-27T21:26:52.450+0000] {logging_mixin.py:188} INFO - [2025-12-27T21:26:52.449+0000] {dag.py:3096} INFO - Sync 1 DAGs
[2025-12-27T21:26:52.510+0000] {logging_mixin.py:188} INFO - [2025-12-27T21:26:52.510+0000] {dag.py:3954} INFO - Setting next_dagrun for example_branch_dop_operator_v3 to 2025-12-27 21:25:00+00:00, run_after=2025-12-27 21:26:00+00:00
[2025-12-27T21:26:52.801+0000] {processor.py:183} INFO - Processing /usr/local/lib/python3.11/site-packages/airflow/example_dags/example_branch_python_dop_operator_3.py took 0.529 seconds
[2025-12-27T21:28:21.501+0000] {processor.py:161} INFO - Started process (PID=624) to work on /usr/local/lib/python3.11/site-packages/airflow/example_dags/example_branch_python_dop_operator_3.py
[2025-12-27T21:28:21.502+0000] {processor.py:830} INFO - Processing file /usr/local/lib/python3.11/site-packages/airflow/example_dags/example_branch_python_dop_operator_3.py for tasks to queue
[2025-12-27T21:28:21.505+0000] {logging_mixin.py:188} INFO - [2025-12-27T21:28:21.504+0000] {dagbag.py:545} INFO - Filling up the DagBag from /usr/local/lib/python3.11/site-packages/airflow/example_dags/example_branch_python_dop_operator_3.py
[2025-12-27T21:28:21.516+0000] {processor.py:840} INFO - DAG(s) 'example_branch_dop_operator_v3' retrieved from /usr/local/lib/python3.11/site-packages/airflow/example_dags/example_branch_python_dop_operator_3.py
[2025-12-27T21:28:21.557+0000] {logging_mixin.py:188} INFO - [2025-12-27T21:28:21.557+0000] {dag.py:3096} INFO - Sync 1 DAGs
[2025-12-27T21:28:21.607+0000] {logging_mixin.py:188} INFO - [2025-12-27T21:28:21.607+0000] {dag.py:3954} INFO - Setting next_dagrun for example_branch_dop_operator_v3 to 2025-12-27 21:27:00+00:00, run_after=2025-12-27 21:28:00+00:00
[2025-12-27T21:28:21.866+0000] {processor.py:183} INFO - Processing /usr/local/lib/python3.11/site-packages/airflow/example_dags/example_branch_python_dop_operator_3.py took 0.382 seconds
[2025-12-27T21:33:17.546+0000] {processor.py:161} INFO - Started process (PID=71) to work on /usr/local/lib/python3.11/site-packages/airflow/example_dags/example_branch_python_dop_operator_3.py
[2025-12-27T21:33:17.549+0000] {processor.py:830} INFO - Processing file /usr/local/lib/python3.11/site-packages/airflow/example_dags/example_branch_python_dop_operator_3.py for tasks to queue
[2025-12-27T21:33:17.552+0000] {logging_mixin.py:188} INFO - [2025-12-27T21:33:17.551+0000] {dagbag.py:545} INFO - Filling up the DagBag from /usr/local/lib/python3.11/site-packages/airflow/example_dags/example_branch_python_dop_operator_3.py
[2025-12-27T21:33:17.567+0000] {processor.py:840} INFO - DAG(s) 'example_branch_dop_operator_v3' retrieved from /usr/local/lib/python3.11/site-packages/airflow/example_dags/example_branch_python_dop_operator_3.py
[2025-12-27T21:33:17.726+0000] {logging_mixin.py:188} INFO - [2025-12-27T21:33:17.726+0000] {dag.py:3096} INFO - Sync 1 DAGs
[2025-12-27T21:33:17.762+0000] {logging_mixin.py:188} INFO - [2025-12-27T21:33:17.762+0000] {dag.py:3954} INFO - Setting next_dagrun for example_branch_dop_operator_v3 to 2025-12-27 21:32:00+00:00, run_after=2025-12-27 21:33:00+00:00
[2025-12-27T21:33:17.973+0000] {processor.py:183} INFO - Processing /usr/local/lib/python3.11/site-packages/airflow/example_dags/example_branch_python_dop_operator_3.py took 0.449 seconds
