[2025-12-27T13:46:31.813+0000] {processor.py:161} INFO - Started process (PID=58) to work on /usr/local/lib/python3.11/site-packages/airflow/example_dags/example_complex.py
[2025-12-27T13:46:31.815+0000] {processor.py:830} INFO - Processing file /usr/local/lib/python3.11/site-packages/airflow/example_dags/example_complex.py for tasks to queue
[2025-12-27T13:46:31.818+0000] {logging_mixin.py:188} INFO - [2025-12-27T13:46:31.817+0000] {dagbag.py:545} INFO - Filling up the DagBag from /usr/local/lib/python3.11/site-packages/airflow/example_dags/example_complex.py
[2025-12-27T13:46:31.838+0000] {processor.py:840} INFO - DAG(s) 'example_complex' retrieved from /usr/local/lib/python3.11/site-packages/airflow/example_dags/example_complex.py
[2025-12-27T13:46:32.273+0000] {logging_mixin.py:188} INFO - [2025-12-27T13:46:32.272+0000] {override.py:1930} INFO - Created Permission View: can edit on DAG:example_complex
[2025-12-27T13:46:32.492+0000] {logging_mixin.py:188} INFO - [2025-12-27T13:46:32.491+0000] {override.py:1930} INFO - Created Permission View: can read on DAG:example_complex
[2025-12-27T13:46:32.625+0000] {logging_mixin.py:188} INFO - [2025-12-27T13:46:32.625+0000] {override.py:1930} INFO - Created Permission View: can delete on DAG:example_complex
[2025-12-27T13:46:32.626+0000] {logging_mixin.py:188} INFO - [2025-12-27T13:46:32.626+0000] {dag.py:3096} INFO - Sync 1 DAGs
[2025-12-27T13:46:32.656+0000] {logging_mixin.py:188} INFO - [2025-12-27T13:46:32.656+0000] {dag.py:3118} INFO - Creating ORM DAG for example_complex
[2025-12-27T13:46:32.658+0000] {logging_mixin.py:188} INFO - [2025-12-27T13:46:32.657+0000] {dag.py:3954} INFO - Setting next_dagrun for example_complex to None, run_after=None
[2025-12-27T13:46:33.037+0000] {processor.py:183} INFO - Processing /usr/local/lib/python3.11/site-packages/airflow/example_dags/example_complex.py took 1.245 seconds
[2025-12-27T13:48:09.825+0000] {processor.py:161} INFO - Started process (PID=110) to work on /usr/local/lib/python3.11/site-packages/airflow/example_dags/example_complex.py
[2025-12-27T13:48:09.826+0000] {processor.py:830} INFO - Processing file /usr/local/lib/python3.11/site-packages/airflow/example_dags/example_complex.py for tasks to queue
[2025-12-27T13:48:09.829+0000] {logging_mixin.py:188} INFO - [2025-12-27T13:48:09.828+0000] {dagbag.py:545} INFO - Filling up the DagBag from /usr/local/lib/python3.11/site-packages/airflow/example_dags/example_complex.py
[2025-12-27T13:48:09.844+0000] {processor.py:840} INFO - DAG(s) 'example_complex' retrieved from /usr/local/lib/python3.11/site-packages/airflow/example_dags/example_complex.py
[2025-12-27T13:48:09.917+0000] {logging_mixin.py:188} INFO - [2025-12-27T13:48:09.917+0000] {dag.py:3096} INFO - Sync 1 DAGs
[2025-12-27T13:48:09.943+0000] {logging_mixin.py:188} INFO - [2025-12-27T13:48:09.943+0000] {dag.py:3954} INFO - Setting next_dagrun for example_complex to None, run_after=None
[2025-12-27T13:48:10.137+0000] {processor.py:183} INFO - Processing /usr/local/lib/python3.11/site-packages/airflow/example_dags/example_complex.py took 0.325 seconds
[2025-12-27T13:49:42.678+0000] {processor.py:161} INFO - Started process (PID=173) to work on /usr/local/lib/python3.11/site-packages/airflow/example_dags/example_complex.py
[2025-12-27T13:49:42.679+0000] {processor.py:830} INFO - Processing file /usr/local/lib/python3.11/site-packages/airflow/example_dags/example_complex.py for tasks to queue
[2025-12-27T13:49:42.682+0000] {logging_mixin.py:188} INFO - [2025-12-27T13:49:42.681+0000] {dagbag.py:545} INFO - Filling up the DagBag from /usr/local/lib/python3.11/site-packages/airflow/example_dags/example_complex.py
[2025-12-27T13:49:42.699+0000] {processor.py:840} INFO - DAG(s) 'example_complex' retrieved from /usr/local/lib/python3.11/site-packages/airflow/example_dags/example_complex.py
[2025-12-27T13:49:42.746+0000] {logging_mixin.py:188} INFO - [2025-12-27T13:49:42.745+0000] {dag.py:3096} INFO - Sync 1 DAGs
[2025-12-27T13:49:42.764+0000] {logging_mixin.py:188} INFO - [2025-12-27T13:49:42.764+0000] {dag.py:3954} INFO - Setting next_dagrun for example_complex to None, run_after=None
[2025-12-27T13:49:42.960+0000] {processor.py:183} INFO - Processing /usr/local/lib/python3.11/site-packages/airflow/example_dags/example_complex.py took 0.300 seconds
[2025-12-27T13:51:07.982+0000] {processor.py:161} INFO - Started process (PID=234) to work on /usr/local/lib/python3.11/site-packages/airflow/example_dags/example_complex.py
[2025-12-27T13:51:07.983+0000] {processor.py:830} INFO - Processing file /usr/local/lib/python3.11/site-packages/airflow/example_dags/example_complex.py for tasks to queue
[2025-12-27T13:51:07.985+0000] {logging_mixin.py:188} INFO - [2025-12-27T13:51:07.985+0000] {dagbag.py:545} INFO - Filling up the DagBag from /usr/local/lib/python3.11/site-packages/airflow/example_dags/example_complex.py
[2025-12-27T13:51:07.999+0000] {processor.py:840} INFO - DAG(s) 'example_complex' retrieved from /usr/local/lib/python3.11/site-packages/airflow/example_dags/example_complex.py
[2025-12-27T13:51:08.050+0000] {logging_mixin.py:188} INFO - [2025-12-27T13:51:08.050+0000] {dag.py:3096} INFO - Sync 1 DAGs
[2025-12-27T13:51:08.067+0000] {logging_mixin.py:188} INFO - [2025-12-27T13:51:08.067+0000] {dag.py:3954} INFO - Setting next_dagrun for example_complex to None, run_after=None
[2025-12-27T13:51:08.297+0000] {processor.py:183} INFO - Processing /usr/local/lib/python3.11/site-packages/airflow/example_dags/example_complex.py took 0.328 seconds
[2025-12-27T13:52:31.875+0000] {processor.py:161} INFO - Started process (PID=294) to work on /usr/local/lib/python3.11/site-packages/airflow/example_dags/example_complex.py
[2025-12-27T13:52:31.876+0000] {processor.py:830} INFO - Processing file /usr/local/lib/python3.11/site-packages/airflow/example_dags/example_complex.py for tasks to queue
[2025-12-27T13:52:31.879+0000] {logging_mixin.py:188} INFO - [2025-12-27T13:52:31.878+0000] {dagbag.py:545} INFO - Filling up the DagBag from /usr/local/lib/python3.11/site-packages/airflow/example_dags/example_complex.py
[2025-12-27T13:52:31.894+0000] {processor.py:840} INFO - DAG(s) 'example_complex' retrieved from /usr/local/lib/python3.11/site-packages/airflow/example_dags/example_complex.py
[2025-12-27T13:52:31.941+0000] {logging_mixin.py:188} INFO - [2025-12-27T13:52:31.941+0000] {dag.py:3096} INFO - Sync 1 DAGs
[2025-12-27T13:52:31.957+0000] {logging_mixin.py:188} INFO - [2025-12-27T13:52:31.957+0000] {dag.py:3954} INFO - Setting next_dagrun for example_complex to None, run_after=None
[2025-12-27T13:52:32.223+0000] {processor.py:183} INFO - Processing /usr/local/lib/python3.11/site-packages/airflow/example_dags/example_complex.py took 0.373 seconds
[2025-12-27T13:53:55.884+0000] {processor.py:161} INFO - Started process (PID=355) to work on /usr/local/lib/python3.11/site-packages/airflow/example_dags/example_complex.py
[2025-12-27T13:53:55.885+0000] {processor.py:830} INFO - Processing file /usr/local/lib/python3.11/site-packages/airflow/example_dags/example_complex.py for tasks to queue
[2025-12-27T13:53:55.888+0000] {logging_mixin.py:188} INFO - [2025-12-27T13:53:55.888+0000] {dagbag.py:545} INFO - Filling up the DagBag from /usr/local/lib/python3.11/site-packages/airflow/example_dags/example_complex.py
[2025-12-27T13:53:55.913+0000] {processor.py:840} INFO - DAG(s) 'example_complex' retrieved from /usr/local/lib/python3.11/site-packages/airflow/example_dags/example_complex.py
[2025-12-27T13:53:55.968+0000] {logging_mixin.py:188} INFO - [2025-12-27T13:53:55.967+0000] {dag.py:3096} INFO - Sync 1 DAGs
[2025-12-27T13:53:55.984+0000] {logging_mixin.py:188} INFO - [2025-12-27T13:53:55.984+0000] {dag.py:3954} INFO - Setting next_dagrun for example_complex to None, run_after=None
[2025-12-27T13:53:56.207+0000] {processor.py:183} INFO - Processing /usr/local/lib/python3.11/site-packages/airflow/example_dags/example_complex.py took 0.346 seconds
[2025-12-27T13:55:20.503+0000] {processor.py:161} INFO - Started process (PID=417) to work on /usr/local/lib/python3.11/site-packages/airflow/example_dags/example_complex.py
[2025-12-27T13:55:20.504+0000] {processor.py:830} INFO - Processing file /usr/local/lib/python3.11/site-packages/airflow/example_dags/example_complex.py for tasks to queue
[2025-12-27T13:55:20.506+0000] {logging_mixin.py:188} INFO - [2025-12-27T13:55:20.506+0000] {dagbag.py:545} INFO - Filling up the DagBag from /usr/local/lib/python3.11/site-packages/airflow/example_dags/example_complex.py
[2025-12-27T13:55:20.520+0000] {processor.py:840} INFO - DAG(s) 'example_complex' retrieved from /usr/local/lib/python3.11/site-packages/airflow/example_dags/example_complex.py
[2025-12-27T13:55:20.571+0000] {logging_mixin.py:188} INFO - [2025-12-27T13:55:20.571+0000] {dag.py:3096} INFO - Sync 1 DAGs
[2025-12-27T13:55:20.589+0000] {logging_mixin.py:188} INFO - [2025-12-27T13:55:20.589+0000] {dag.py:3954} INFO - Setting next_dagrun for example_complex to None, run_after=None
[2025-12-27T13:55:20.792+0000] {processor.py:183} INFO - Processing /usr/local/lib/python3.11/site-packages/airflow/example_dags/example_complex.py took 0.303 seconds
[2025-12-27T13:56:45.507+0000] {processor.py:161} INFO - Started process (PID=478) to work on /usr/local/lib/python3.11/site-packages/airflow/example_dags/example_complex.py
[2025-12-27T13:56:45.508+0000] {processor.py:830} INFO - Processing file /usr/local/lib/python3.11/site-packages/airflow/example_dags/example_complex.py for tasks to queue
[2025-12-27T13:56:45.510+0000] {logging_mixin.py:188} INFO - [2025-12-27T13:56:45.510+0000] {dagbag.py:545} INFO - Filling up the DagBag from /usr/local/lib/python3.11/site-packages/airflow/example_dags/example_complex.py
[2025-12-27T13:56:45.530+0000] {processor.py:840} INFO - DAG(s) 'example_complex' retrieved from /usr/local/lib/python3.11/site-packages/airflow/example_dags/example_complex.py
[2025-12-27T13:56:45.578+0000] {logging_mixin.py:188} INFO - [2025-12-27T13:56:45.577+0000] {dag.py:3096} INFO - Sync 1 DAGs
[2025-12-27T13:56:45.594+0000] {logging_mixin.py:188} INFO - [2025-12-27T13:56:45.594+0000] {dag.py:3954} INFO - Setting next_dagrun for example_complex to None, run_after=None
[2025-12-27T13:56:45.797+0000] {processor.py:183} INFO - Processing /usr/local/lib/python3.11/site-packages/airflow/example_dags/example_complex.py took 0.312 seconds
[2025-12-27T13:58:11.051+0000] {processor.py:161} INFO - Started process (PID=539) to work on /usr/local/lib/python3.11/site-packages/airflow/example_dags/example_complex.py
[2025-12-27T13:58:11.052+0000] {processor.py:830} INFO - Processing file /usr/local/lib/python3.11/site-packages/airflow/example_dags/example_complex.py for tasks to queue
[2025-12-27T13:58:11.055+0000] {logging_mixin.py:188} INFO - [2025-12-27T13:58:11.054+0000] {dagbag.py:545} INFO - Filling up the DagBag from /usr/local/lib/python3.11/site-packages/airflow/example_dags/example_complex.py
[2025-12-27T13:58:11.068+0000] {processor.py:840} INFO - DAG(s) 'example_complex' retrieved from /usr/local/lib/python3.11/site-packages/airflow/example_dags/example_complex.py
[2025-12-27T13:58:11.118+0000] {logging_mixin.py:188} INFO - [2025-12-27T13:58:11.117+0000] {dag.py:3096} INFO - Sync 1 DAGs
[2025-12-27T13:58:11.135+0000] {logging_mixin.py:188} INFO - [2025-12-27T13:58:11.135+0000] {dag.py:3954} INFO - Setting next_dagrun for example_complex to None, run_after=None
[2025-12-27T13:58:11.350+0000] {processor.py:183} INFO - Processing /usr/local/lib/python3.11/site-packages/airflow/example_dags/example_complex.py took 0.312 seconds
[2025-12-27T13:59:37.000+0000] {processor.py:161} INFO - Started process (PID=600) to work on /usr/local/lib/python3.11/site-packages/airflow/example_dags/example_complex.py
[2025-12-27T13:59:37.001+0000] {processor.py:830} INFO - Processing file /usr/local/lib/python3.11/site-packages/airflow/example_dags/example_complex.py for tasks to queue
[2025-12-27T13:59:37.003+0000] {logging_mixin.py:188} INFO - [2025-12-27T13:59:37.003+0000] {dagbag.py:545} INFO - Filling up the DagBag from /usr/local/lib/python3.11/site-packages/airflow/example_dags/example_complex.py
[2025-12-27T13:59:37.017+0000] {processor.py:840} INFO - DAG(s) 'example_complex' retrieved from /usr/local/lib/python3.11/site-packages/airflow/example_dags/example_complex.py
[2025-12-27T13:59:37.070+0000] {logging_mixin.py:188} INFO - [2025-12-27T13:59:37.070+0000] {dag.py:3096} INFO - Sync 1 DAGs
[2025-12-27T13:59:37.089+0000] {logging_mixin.py:188} INFO - [2025-12-27T13:59:37.089+0000] {dag.py:3954} INFO - Setting next_dagrun for example_complex to None, run_after=None
[2025-12-27T13:59:37.345+0000] {processor.py:183} INFO - Processing /usr/local/lib/python3.11/site-packages/airflow/example_dags/example_complex.py took 0.365 seconds
[2025-12-27T14:01:12.620+0000] {processor.py:161} INFO - Started process (PID=665) to work on /usr/local/lib/python3.11/site-packages/airflow/example_dags/example_complex.py
[2025-12-27T14:01:12.628+0000] {processor.py:830} INFO - Processing file /usr/local/lib/python3.11/site-packages/airflow/example_dags/example_complex.py for tasks to queue
[2025-12-27T14:01:12.631+0000] {logging_mixin.py:188} INFO - [2025-12-27T14:01:12.630+0000] {dagbag.py:545} INFO - Filling up the DagBag from /usr/local/lib/python3.11/site-packages/airflow/example_dags/example_complex.py
[2025-12-27T14:01:12.648+0000] {processor.py:840} INFO - DAG(s) 'example_complex' retrieved from /usr/local/lib/python3.11/site-packages/airflow/example_dags/example_complex.py
[2025-12-27T14:01:12.775+0000] {logging_mixin.py:188} INFO - [2025-12-27T14:01:12.775+0000] {dag.py:3096} INFO - Sync 1 DAGs
[2025-12-27T14:01:12.801+0000] {logging_mixin.py:188} INFO - [2025-12-27T14:01:12.801+0000] {dag.py:3954} INFO - Setting next_dagrun for example_complex to None, run_after=None
[2025-12-27T14:01:13.194+0000] {processor.py:183} INFO - Processing /usr/local/lib/python3.11/site-packages/airflow/example_dags/example_complex.py took 0.630 seconds
[2025-12-27T14:02:46.706+0000] {processor.py:161} INFO - Started process (PID=705) to work on /usr/local/lib/python3.11/site-packages/airflow/example_dags/example_complex.py
[2025-12-27T14:02:46.708+0000] {processor.py:830} INFO - Processing file /usr/local/lib/python3.11/site-packages/airflow/example_dags/example_complex.py for tasks to queue
[2025-12-27T14:02:46.711+0000] {logging_mixin.py:188} INFO - [2025-12-27T14:02:46.711+0000] {dagbag.py:545} INFO - Filling up the DagBag from /usr/local/lib/python3.11/site-packages/airflow/example_dags/example_complex.py
[2025-12-27T14:02:46.735+0000] {processor.py:840} INFO - DAG(s) 'example_complex' retrieved from /usr/local/lib/python3.11/site-packages/airflow/example_dags/example_complex.py
[2025-12-27T14:02:46.844+0000] {logging_mixin.py:188} INFO - [2025-12-27T14:02:46.843+0000] {dag.py:3096} INFO - Sync 1 DAGs
[2025-12-27T14:02:46.861+0000] {logging_mixin.py:188} INFO - [2025-12-27T14:02:46.861+0000] {dag.py:3954} INFO - Setting next_dagrun for example_complex to None, run_after=None
[2025-12-27T14:02:47.037+0000] {processor.py:183} INFO - Processing /usr/local/lib/python3.11/site-packages/airflow/example_dags/example_complex.py took 0.348 seconds
[2025-12-27T14:04:37.444+0000] {processor.py:161} INFO - Started process (PID=774) to work on /usr/local/lib/python3.11/site-packages/airflow/example_dags/example_complex.py
[2025-12-27T14:04:37.445+0000] {processor.py:830} INFO - Processing file /usr/local/lib/python3.11/site-packages/airflow/example_dags/example_complex.py for tasks to queue
[2025-12-27T14:04:37.448+0000] {logging_mixin.py:188} INFO - [2025-12-27T14:04:37.448+0000] {dagbag.py:545} INFO - Filling up the DagBag from /usr/local/lib/python3.11/site-packages/airflow/example_dags/example_complex.py
[2025-12-27T14:04:37.461+0000] {processor.py:840} INFO - DAG(s) 'example_complex' retrieved from /usr/local/lib/python3.11/site-packages/airflow/example_dags/example_complex.py
[2025-12-27T14:04:37.515+0000] {logging_mixin.py:188} INFO - [2025-12-27T14:04:37.514+0000] {dag.py:3096} INFO - Sync 1 DAGs
[2025-12-27T14:04:37.542+0000] {logging_mixin.py:188} INFO - [2025-12-27T14:04:37.542+0000] {dag.py:3954} INFO - Setting next_dagrun for example_complex to None, run_after=None
[2025-12-27T14:04:38.070+0000] {processor.py:183} INFO - Processing /usr/local/lib/python3.11/site-packages/airflow/example_dags/example_complex.py took 0.639 seconds
[2025-12-27T14:06:23.945+0000] {processor.py:161} INFO - Started process (PID=858) to work on /usr/local/lib/python3.11/site-packages/airflow/example_dags/example_complex.py
[2025-12-27T14:06:23.946+0000] {processor.py:830} INFO - Processing file /usr/local/lib/python3.11/site-packages/airflow/example_dags/example_complex.py for tasks to queue
[2025-12-27T14:06:23.949+0000] {logging_mixin.py:188} INFO - [2025-12-27T14:06:23.949+0000] {dagbag.py:545} INFO - Filling up the DagBag from /usr/local/lib/python3.11/site-packages/airflow/example_dags/example_complex.py
[2025-12-27T14:06:23.970+0000] {processor.py:840} INFO - DAG(s) 'example_complex' retrieved from /usr/local/lib/python3.11/site-packages/airflow/example_dags/example_complex.py
[2025-12-27T14:06:24.016+0000] {logging_mixin.py:188} INFO - [2025-12-27T14:06:24.016+0000] {dag.py:3096} INFO - Sync 1 DAGs
[2025-12-27T14:06:24.033+0000] {logging_mixin.py:188} INFO - [2025-12-27T14:06:24.033+0000] {dag.py:3954} INFO - Setting next_dagrun for example_complex to None, run_after=None
[2025-12-27T14:06:24.237+0000] {processor.py:183} INFO - Processing /usr/local/lib/python3.11/site-packages/airflow/example_dags/example_complex.py took 0.310 seconds
[2025-12-27T14:08:04.659+0000] {processor.py:161} INFO - Started process (PID=922) to work on /usr/local/lib/python3.11/site-packages/airflow/example_dags/example_complex.py
[2025-12-27T14:08:04.660+0000] {processor.py:830} INFO - Processing file /usr/local/lib/python3.11/site-packages/airflow/example_dags/example_complex.py for tasks to queue
[2025-12-27T14:08:04.665+0000] {logging_mixin.py:188} INFO - [2025-12-27T14:08:04.664+0000] {dagbag.py:545} INFO - Filling up the DagBag from /usr/local/lib/python3.11/site-packages/airflow/example_dags/example_complex.py
[2025-12-27T14:08:04.694+0000] {processor.py:840} INFO - DAG(s) 'example_complex' retrieved from /usr/local/lib/python3.11/site-packages/airflow/example_dags/example_complex.py
[2025-12-27T14:08:04.796+0000] {logging_mixin.py:188} INFO - [2025-12-27T14:08:04.796+0000] {dag.py:3096} INFO - Sync 1 DAGs
[2025-12-27T14:08:04.827+0000] {logging_mixin.py:188} INFO - [2025-12-27T14:08:04.827+0000] {dag.py:3954} INFO - Setting next_dagrun for example_complex to None, run_after=None
[2025-12-27T14:08:05.070+0000] {processor.py:183} INFO - Processing /usr/local/lib/python3.11/site-packages/airflow/example_dags/example_complex.py took 0.434 seconds
[2025-12-27T14:09:41.841+0000] {processor.py:161} INFO - Started process (PID=986) to work on /usr/local/lib/python3.11/site-packages/airflow/example_dags/example_complex.py
[2025-12-27T14:09:41.843+0000] {processor.py:830} INFO - Processing file /usr/local/lib/python3.11/site-packages/airflow/example_dags/example_complex.py for tasks to queue
[2025-12-27T14:09:41.845+0000] {logging_mixin.py:188} INFO - [2025-12-27T14:09:41.845+0000] {dagbag.py:545} INFO - Filling up the DagBag from /usr/local/lib/python3.11/site-packages/airflow/example_dags/example_complex.py
[2025-12-27T14:09:41.860+0000] {processor.py:840} INFO - DAG(s) 'example_complex' retrieved from /usr/local/lib/python3.11/site-packages/airflow/example_dags/example_complex.py
[2025-12-27T14:09:41.910+0000] {logging_mixin.py:188} INFO - [2025-12-27T14:09:41.910+0000] {dag.py:3096} INFO - Sync 1 DAGs
[2025-12-27T14:09:41.932+0000] {logging_mixin.py:188} INFO - [2025-12-27T14:09:41.932+0000] {dag.py:3954} INFO - Setting next_dagrun for example_complex to None, run_after=None
[2025-12-27T14:09:42.131+0000] {processor.py:183} INFO - Processing /usr/local/lib/python3.11/site-packages/airflow/example_dags/example_complex.py took 0.303 seconds
[2025-12-27T14:10:52.426+0000] {processor.py:161} INFO - Started process (PID=1029) to work on /usr/local/lib/python3.11/site-packages/airflow/example_dags/example_complex.py
[2025-12-27T14:10:52.428+0000] {processor.py:830} INFO - Processing file /usr/local/lib/python3.11/site-packages/airflow/example_dags/example_complex.py for tasks to queue
[2025-12-27T14:10:52.441+0000] {logging_mixin.py:188} INFO - [2025-12-27T14:10:52.441+0000] {dagbag.py:545} INFO - Filling up the DagBag from /usr/local/lib/python3.11/site-packages/airflow/example_dags/example_complex.py
[2025-12-27T14:10:52.491+0000] {processor.py:840} INFO - DAG(s) 'example_complex' retrieved from /usr/local/lib/python3.11/site-packages/airflow/example_dags/example_complex.py
[2025-12-27T14:10:54.239+0000] {logging_mixin.py:188} INFO - [2025-12-27T14:10:54.238+0000] {dag.py:3096} INFO - Sync 1 DAGs
[2025-12-27T14:10:54.290+0000] {logging_mixin.py:188} INFO - [2025-12-27T14:10:54.290+0000] {dag.py:3954} INFO - Setting next_dagrun for example_complex to None, run_after=None
[2025-12-27T14:10:54.972+0000] {processor.py:183} INFO - Processing /usr/local/lib/python3.11/site-packages/airflow/example_dags/example_complex.py took 2.585 seconds
[2025-12-27T14:13:04.747+0000] {processor.py:161} INFO - Started process (PID=1101) to work on /usr/local/lib/python3.11/site-packages/airflow/example_dags/example_complex.py
[2025-12-27T14:13:04.748+0000] {processor.py:830} INFO - Processing file /usr/local/lib/python3.11/site-packages/airflow/example_dags/example_complex.py for tasks to queue
[2025-12-27T14:13:04.751+0000] {logging_mixin.py:188} INFO - [2025-12-27T14:13:04.750+0000] {dagbag.py:545} INFO - Filling up the DagBag from /usr/local/lib/python3.11/site-packages/airflow/example_dags/example_complex.py
[2025-12-27T14:13:04.772+0000] {processor.py:840} INFO - DAG(s) 'example_complex' retrieved from /usr/local/lib/python3.11/site-packages/airflow/example_dags/example_complex.py
[2025-12-27T14:13:04.826+0000] {logging_mixin.py:188} INFO - [2025-12-27T14:13:04.826+0000] {dag.py:3096} INFO - Sync 1 DAGs
[2025-12-27T14:13:04.851+0000] {logging_mixin.py:188} INFO - [2025-12-27T14:13:04.850+0000] {dag.py:3954} INFO - Setting next_dagrun for example_complex to None, run_after=None
[2025-12-27T14:13:05.061+0000] {processor.py:183} INFO - Processing /usr/local/lib/python3.11/site-packages/airflow/example_dags/example_complex.py took 0.331 seconds
[2025-12-27T14:15:02.141+0000] {processor.py:161} INFO - Started process (PID=1168) to work on /usr/local/lib/python3.11/site-packages/airflow/example_dags/example_complex.py
[2025-12-27T14:15:02.142+0000] {processor.py:830} INFO - Processing file /usr/local/lib/python3.11/site-packages/airflow/example_dags/example_complex.py for tasks to queue
[2025-12-27T14:15:02.145+0000] {logging_mixin.py:188} INFO - [2025-12-27T14:15:02.144+0000] {dagbag.py:545} INFO - Filling up the DagBag from /usr/local/lib/python3.11/site-packages/airflow/example_dags/example_complex.py
[2025-12-27T14:15:02.163+0000] {processor.py:840} INFO - DAG(s) 'example_complex' retrieved from /usr/local/lib/python3.11/site-packages/airflow/example_dags/example_complex.py
[2025-12-27T14:15:02.218+0000] {logging_mixin.py:188} INFO - [2025-12-27T14:15:02.218+0000] {dag.py:3096} INFO - Sync 1 DAGs
[2025-12-27T14:15:02.239+0000] {logging_mixin.py:188} INFO - [2025-12-27T14:15:02.239+0000] {dag.py:3954} INFO - Setting next_dagrun for example_complex to None, run_after=None
[2025-12-27T14:15:02.511+0000] {processor.py:183} INFO - Processing /usr/local/lib/python3.11/site-packages/airflow/example_dags/example_complex.py took 0.386 seconds
[2025-12-27T14:32:29.679+0000] {processor.py:161} INFO - Started process (PID=54) to work on /usr/local/lib/python3.11/site-packages/airflow/example_dags/example_complex.py
[2025-12-27T14:32:29.682+0000] {processor.py:830} INFO - Processing file /usr/local/lib/python3.11/site-packages/airflow/example_dags/example_complex.py for tasks to queue
[2025-12-27T14:32:29.685+0000] {logging_mixin.py:188} INFO - [2025-12-27T14:32:29.684+0000] {dagbag.py:545} INFO - Filling up the DagBag from /usr/local/lib/python3.11/site-packages/airflow/example_dags/example_complex.py
[2025-12-27T14:32:29.723+0000] {processor.py:840} INFO - DAG(s) 'example_complex' retrieved from /usr/local/lib/python3.11/site-packages/airflow/example_dags/example_complex.py
[2025-12-27T14:32:29.918+0000] {logging_mixin.py:188} INFO - [2025-12-27T14:32:29.917+0000] {dag.py:3096} INFO - Sync 1 DAGs
[2025-12-27T14:32:29.933+0000] {logging_mixin.py:188} INFO - [2025-12-27T14:32:29.932+0000] {dag.py:3954} INFO - Setting next_dagrun for example_complex to None, run_after=None
[2025-12-27T14:32:30.424+0000] {processor.py:183} INFO - Processing /usr/local/lib/python3.11/site-packages/airflow/example_dags/example_complex.py took 0.771 seconds
[2025-12-27T14:33:56.744+0000] {processor.py:161} INFO - Started process (PID=106) to work on /usr/local/lib/python3.11/site-packages/airflow/example_dags/example_complex.py
[2025-12-27T14:33:56.746+0000] {processor.py:830} INFO - Processing file /usr/local/lib/python3.11/site-packages/airflow/example_dags/example_complex.py for tasks to queue
[2025-12-27T14:33:56.749+0000] {logging_mixin.py:188} INFO - [2025-12-27T14:33:56.749+0000] {dagbag.py:545} INFO - Filling up the DagBag from /usr/local/lib/python3.11/site-packages/airflow/example_dags/example_complex.py
[2025-12-27T14:33:56.763+0000] {processor.py:840} INFO - DAG(s) 'example_complex' retrieved from /usr/local/lib/python3.11/site-packages/airflow/example_dags/example_complex.py
[2025-12-27T14:33:56.815+0000] {logging_mixin.py:188} INFO - [2025-12-27T14:33:56.815+0000] {dag.py:3096} INFO - Sync 1 DAGs
[2025-12-27T14:33:56.835+0000] {logging_mixin.py:188} INFO - [2025-12-27T14:33:56.835+0000] {dag.py:3954} INFO - Setting next_dagrun for example_complex to None, run_after=None
[2025-12-27T14:33:57.028+0000] {processor.py:183} INFO - Processing /usr/local/lib/python3.11/site-packages/airflow/example_dags/example_complex.py took 0.297 seconds
[2025-12-27T14:35:45.624+0000] {processor.py:161} INFO - Started process (PID=173) to work on /usr/local/lib/python3.11/site-packages/airflow/example_dags/example_complex.py
[2025-12-27T14:35:45.641+0000] {processor.py:830} INFO - Processing file /usr/local/lib/python3.11/site-packages/airflow/example_dags/example_complex.py for tasks to queue
[2025-12-27T14:35:45.644+0000] {logging_mixin.py:188} INFO - [2025-12-27T14:35:45.643+0000] {dagbag.py:545} INFO - Filling up the DagBag from /usr/local/lib/python3.11/site-packages/airflow/example_dags/example_complex.py
[2025-12-27T14:35:45.661+0000] {processor.py:840} INFO - DAG(s) 'example_complex' retrieved from /usr/local/lib/python3.11/site-packages/airflow/example_dags/example_complex.py
[2025-12-27T14:35:45.719+0000] {logging_mixin.py:188} INFO - [2025-12-27T14:35:45.719+0000] {dag.py:3096} INFO - Sync 1 DAGs
[2025-12-27T14:35:45.742+0000] {logging_mixin.py:188} INFO - [2025-12-27T14:35:45.742+0000] {dag.py:3954} INFO - Setting next_dagrun for example_complex to None, run_after=None
[2025-12-27T14:35:46.041+0000] {processor.py:183} INFO - Processing /usr/local/lib/python3.11/site-packages/airflow/example_dags/example_complex.py took 0.444 seconds
[2025-12-27T14:53:48.232+0000] {processor.py:161} INFO - Started process (PID=58) to work on /usr/local/lib/python3.11/site-packages/airflow/example_dags/example_complex.py
[2025-12-27T14:53:48.233+0000] {processor.py:830} INFO - Processing file /usr/local/lib/python3.11/site-packages/airflow/example_dags/example_complex.py for tasks to queue
[2025-12-27T14:53:48.237+0000] {logging_mixin.py:188} INFO - [2025-12-27T14:53:48.236+0000] {dagbag.py:545} INFO - Filling up the DagBag from /usr/local/lib/python3.11/site-packages/airflow/example_dags/example_complex.py
[2025-12-27T14:53:48.256+0000] {processor.py:840} INFO - DAG(s) 'example_complex' retrieved from /usr/local/lib/python3.11/site-packages/airflow/example_dags/example_complex.py
[2025-12-27T14:53:48.807+0000] {logging_mixin.py:188} INFO - [2025-12-27T14:53:48.806+0000] {override.py:1930} INFO - Created Permission View: can delete on DAG:example_complex
[2025-12-27T14:53:49.091+0000] {logging_mixin.py:188} INFO - [2025-12-27T14:53:49.091+0000] {override.py:1930} INFO - Created Permission View: can edit on DAG:example_complex
[2025-12-27T14:53:49.370+0000] {logging_mixin.py:188} INFO - [2025-12-27T14:53:49.370+0000] {override.py:1930} INFO - Created Permission View: can read on DAG:example_complex
[2025-12-27T14:53:49.371+0000] {logging_mixin.py:188} INFO - [2025-12-27T14:53:49.371+0000] {dag.py:3096} INFO - Sync 1 DAGs
[2025-12-27T14:53:49.401+0000] {logging_mixin.py:188} INFO - [2025-12-27T14:53:49.401+0000] {dag.py:3118} INFO - Creating ORM DAG for example_complex
[2025-12-27T14:53:49.402+0000] {logging_mixin.py:188} INFO - [2025-12-27T14:53:49.402+0000] {dag.py:3954} INFO - Setting next_dagrun for example_complex to None, run_after=None
[2025-12-27T14:53:50.032+0000] {processor.py:183} INFO - Processing /usr/local/lib/python3.11/site-packages/airflow/example_dags/example_complex.py took 1.818 seconds
[2025-12-27T14:55:46.328+0000] {processor.py:161} INFO - Started process (PID=110) to work on /usr/local/lib/python3.11/site-packages/airflow/example_dags/example_complex.py
[2025-12-27T14:55:46.330+0000] {processor.py:830} INFO - Processing file /usr/local/lib/python3.11/site-packages/airflow/example_dags/example_complex.py for tasks to queue
[2025-12-27T14:55:46.333+0000] {logging_mixin.py:188} INFO - [2025-12-27T14:55:46.333+0000] {dagbag.py:545} INFO - Filling up the DagBag from /usr/local/lib/python3.11/site-packages/airflow/example_dags/example_complex.py
[2025-12-27T14:55:46.353+0000] {processor.py:840} INFO - DAG(s) 'example_complex' retrieved from /usr/local/lib/python3.11/site-packages/airflow/example_dags/example_complex.py
[2025-12-27T14:55:46.425+0000] {logging_mixin.py:188} INFO - [2025-12-27T14:55:46.425+0000] {dag.py:3096} INFO - Sync 1 DAGs
[2025-12-27T14:55:46.449+0000] {logging_mixin.py:188} INFO - [2025-12-27T14:55:46.449+0000] {dag.py:3954} INFO - Setting next_dagrun for example_complex to None, run_after=None
[2025-12-27T14:55:46.654+0000] {processor.py:183} INFO - Processing /usr/local/lib/python3.11/site-packages/airflow/example_dags/example_complex.py took 0.346 seconds
[2025-12-27T14:57:34.106+0000] {processor.py:161} INFO - Started process (PID=177) to work on /usr/local/lib/python3.11/site-packages/airflow/example_dags/example_complex.py
[2025-12-27T14:57:34.108+0000] {processor.py:830} INFO - Processing file /usr/local/lib/python3.11/site-packages/airflow/example_dags/example_complex.py for tasks to queue
[2025-12-27T14:57:34.110+0000] {logging_mixin.py:188} INFO - [2025-12-27T14:57:34.110+0000] {dagbag.py:545} INFO - Filling up the DagBag from /usr/local/lib/python3.11/site-packages/airflow/example_dags/example_complex.py
[2025-12-27T14:57:34.125+0000] {processor.py:840} INFO - DAG(s) 'example_complex' retrieved from /usr/local/lib/python3.11/site-packages/airflow/example_dags/example_complex.py
[2025-12-27T14:57:34.223+0000] {logging_mixin.py:188} INFO - [2025-12-27T14:57:34.223+0000] {dag.py:3096} INFO - Sync 1 DAGs
[2025-12-27T14:57:34.245+0000] {logging_mixin.py:188} INFO - [2025-12-27T14:57:34.245+0000] {dag.py:3954} INFO - Setting next_dagrun for example_complex to None, run_after=None
[2025-12-27T14:57:34.464+0000] {processor.py:183} INFO - Processing /usr/local/lib/python3.11/site-packages/airflow/example_dags/example_complex.py took 0.373 seconds
[2025-12-27T14:59:32.146+0000] {processor.py:161} INFO - Started process (PID=257) to work on /usr/local/lib/python3.11/site-packages/airflow/example_dags/example_complex.py
[2025-12-27T14:59:32.148+0000] {processor.py:830} INFO - Processing file /usr/local/lib/python3.11/site-packages/airflow/example_dags/example_complex.py for tasks to queue
[2025-12-27T14:59:32.151+0000] {logging_mixin.py:188} INFO - [2025-12-27T14:59:32.150+0000] {dagbag.py:545} INFO - Filling up the DagBag from /usr/local/lib/python3.11/site-packages/airflow/example_dags/example_complex.py
[2025-12-27T14:59:32.181+0000] {processor.py:840} INFO - DAG(s) 'example_complex' retrieved from /usr/local/lib/python3.11/site-packages/airflow/example_dags/example_complex.py
[2025-12-27T14:59:32.247+0000] {logging_mixin.py:188} INFO - [2025-12-27T14:59:32.247+0000] {dag.py:3096} INFO - Sync 1 DAGs
[2025-12-27T14:59:32.270+0000] {logging_mixin.py:188} INFO - [2025-12-27T14:59:32.270+0000] {dag.py:3954} INFO - Setting next_dagrun for example_complex to None, run_after=None
[2025-12-27T14:59:32.537+0000] {processor.py:183} INFO - Processing /usr/local/lib/python3.11/site-packages/airflow/example_dags/example_complex.py took 0.411 seconds
[2025-12-27T15:00:43.094+0000] {processor.py:161} INFO - Started process (PID=298) to work on /usr/local/lib/python3.11/site-packages/airflow/example_dags/example_complex.py
[2025-12-27T15:00:43.096+0000] {processor.py:830} INFO - Processing file /usr/local/lib/python3.11/site-packages/airflow/example_dags/example_complex.py for tasks to queue
[2025-12-27T15:00:43.098+0000] {logging_mixin.py:188} INFO - [2025-12-27T15:00:43.098+0000] {dagbag.py:545} INFO - Filling up the DagBag from /usr/local/lib/python3.11/site-packages/airflow/example_dags/example_complex.py
[2025-12-27T15:00:43.123+0000] {processor.py:840} INFO - DAG(s) 'example_complex' retrieved from /usr/local/lib/python3.11/site-packages/airflow/example_dags/example_complex.py
[2025-12-27T15:00:43.184+0000] {logging_mixin.py:188} INFO - [2025-12-27T15:00:43.184+0000] {dag.py:3096} INFO - Sync 1 DAGs
[2025-12-27T15:00:43.204+0000] {logging_mixin.py:188} INFO - [2025-12-27T15:00:43.204+0000] {dag.py:3954} INFO - Setting next_dagrun for example_complex to None, run_after=None
[2025-12-27T15:00:43.384+0000] {processor.py:183} INFO - Processing /usr/local/lib/python3.11/site-packages/airflow/example_dags/example_complex.py took 0.308 seconds
[2025-12-27T15:02:35.790+0000] {processor.py:161} INFO - Started process (PID=373) to work on /usr/local/lib/python3.11/site-packages/airflow/example_dags/example_complex.py
[2025-12-27T15:02:35.793+0000] {processor.py:830} INFO - Processing file /usr/local/lib/python3.11/site-packages/airflow/example_dags/example_complex.py for tasks to queue
[2025-12-27T15:02:35.827+0000] {logging_mixin.py:188} INFO - [2025-12-27T15:02:35.827+0000] {dagbag.py:545} INFO - Filling up the DagBag from /usr/local/lib/python3.11/site-packages/airflow/example_dags/example_complex.py
[2025-12-27T15:02:35.886+0000] {processor.py:840} INFO - DAG(s) 'example_complex' retrieved from /usr/local/lib/python3.11/site-packages/airflow/example_dags/example_complex.py
[2025-12-27T15:02:35.955+0000] {logging_mixin.py:188} INFO - [2025-12-27T15:02:35.955+0000] {dag.py:3096} INFO - Sync 1 DAGs
[2025-12-27T15:02:35.979+0000] {logging_mixin.py:188} INFO - [2025-12-27T15:02:35.978+0000] {dag.py:3954} INFO - Setting next_dagrun for example_complex to None, run_after=None
[2025-12-27T15:02:36.257+0000] {processor.py:183} INFO - Processing /usr/local/lib/python3.11/site-packages/airflow/example_dags/example_complex.py took 0.569 seconds
[2025-12-27T15:04:15.708+0000] {processor.py:161} INFO - Started process (PID=440) to work on /usr/local/lib/python3.11/site-packages/airflow/example_dags/example_complex.py
[2025-12-27T15:04:15.709+0000] {processor.py:830} INFO - Processing file /usr/local/lib/python3.11/site-packages/airflow/example_dags/example_complex.py for tasks to queue
[2025-12-27T15:04:15.712+0000] {logging_mixin.py:188} INFO - [2025-12-27T15:04:15.711+0000] {dagbag.py:545} INFO - Filling up the DagBag from /usr/local/lib/python3.11/site-packages/airflow/example_dags/example_complex.py
[2025-12-27T15:04:15.726+0000] {processor.py:840} INFO - DAG(s) 'example_complex' retrieved from /usr/local/lib/python3.11/site-packages/airflow/example_dags/example_complex.py
[2025-12-27T15:04:15.785+0000] {logging_mixin.py:188} INFO - [2025-12-27T15:04:15.785+0000] {dag.py:3096} INFO - Sync 1 DAGs
[2025-12-27T15:04:15.804+0000] {logging_mixin.py:188} INFO - [2025-12-27T15:04:15.804+0000] {dag.py:3954} INFO - Setting next_dagrun for example_complex to None, run_after=None
[2025-12-27T15:04:16.174+0000] {processor.py:183} INFO - Processing /usr/local/lib/python3.11/site-packages/airflow/example_dags/example_complex.py took 0.480 seconds
[2025-12-27T15:05:42.831+0000] {processor.py:161} INFO - Started process (PID=501) to work on /usr/local/lib/python3.11/site-packages/airflow/example_dags/example_complex.py
[2025-12-27T15:05:42.832+0000] {processor.py:830} INFO - Processing file /usr/local/lib/python3.11/site-packages/airflow/example_dags/example_complex.py for tasks to queue
[2025-12-27T15:05:42.835+0000] {logging_mixin.py:188} INFO - [2025-12-27T15:05:42.835+0000] {dagbag.py:545} INFO - Filling up the DagBag from /usr/local/lib/python3.11/site-packages/airflow/example_dags/example_complex.py
[2025-12-27T15:05:42.855+0000] {processor.py:840} INFO - DAG(s) 'example_complex' retrieved from /usr/local/lib/python3.11/site-packages/airflow/example_dags/example_complex.py
[2025-12-27T15:05:43.102+0000] {logging_mixin.py:188} INFO - [2025-12-27T15:05:43.102+0000] {dag.py:3096} INFO - Sync 1 DAGs
[2025-12-27T15:05:43.124+0000] {logging_mixin.py:188} INFO - [2025-12-27T15:05:43.124+0000] {dag.py:3954} INFO - Setting next_dagrun for example_complex to None, run_after=None
[2025-12-27T15:05:43.303+0000] {processor.py:183} INFO - Processing /usr/local/lib/python3.11/site-packages/airflow/example_dags/example_complex.py took 0.486 seconds
[2025-12-27T15:07:13.111+0000] {processor.py:161} INFO - Started process (PID=563) to work on /usr/local/lib/python3.11/site-packages/airflow/example_dags/example_complex.py
[2025-12-27T15:07:13.112+0000] {processor.py:830} INFO - Processing file /usr/local/lib/python3.11/site-packages/airflow/example_dags/example_complex.py for tasks to queue
[2025-12-27T15:07:13.114+0000] {logging_mixin.py:188} INFO - [2025-12-27T15:07:13.114+0000] {dagbag.py:545} INFO - Filling up the DagBag from /usr/local/lib/python3.11/site-packages/airflow/example_dags/example_complex.py
[2025-12-27T15:07:13.129+0000] {processor.py:840} INFO - DAG(s) 'example_complex' retrieved from /usr/local/lib/python3.11/site-packages/airflow/example_dags/example_complex.py
[2025-12-27T15:07:13.182+0000] {logging_mixin.py:188} INFO - [2025-12-27T15:07:13.182+0000] {dag.py:3096} INFO - Sync 1 DAGs
[2025-12-27T15:07:13.208+0000] {logging_mixin.py:188} INFO - [2025-12-27T15:07:13.207+0000] {dag.py:3954} INFO - Setting next_dagrun for example_complex to None, run_after=None
[2025-12-27T15:07:13.993+0000] {processor.py:183} INFO - Processing /usr/local/lib/python3.11/site-packages/airflow/example_dags/example_complex.py took 0.897 seconds
[2025-12-27T15:08:47.408+0000] {processor.py:161} INFO - Started process (PID=627) to work on /usr/local/lib/python3.11/site-packages/airflow/example_dags/example_complex.py
[2025-12-27T15:08:47.409+0000] {processor.py:830} INFO - Processing file /usr/local/lib/python3.11/site-packages/airflow/example_dags/example_complex.py for tasks to queue
[2025-12-27T15:08:47.411+0000] {logging_mixin.py:188} INFO - [2025-12-27T15:08:47.411+0000] {dagbag.py:545} INFO - Filling up the DagBag from /usr/local/lib/python3.11/site-packages/airflow/example_dags/example_complex.py
[2025-12-27T15:08:47.427+0000] {processor.py:840} INFO - DAG(s) 'example_complex' retrieved from /usr/local/lib/python3.11/site-packages/airflow/example_dags/example_complex.py
[2025-12-27T15:08:47.489+0000] {logging_mixin.py:188} INFO - [2025-12-27T15:08:47.489+0000] {dag.py:3096} INFO - Sync 1 DAGs
[2025-12-27T15:08:47.510+0000] {logging_mixin.py:188} INFO - [2025-12-27T15:08:47.509+0000] {dag.py:3954} INFO - Setting next_dagrun for example_complex to None, run_after=None
[2025-12-27T15:08:47.716+0000] {processor.py:183} INFO - Processing /usr/local/lib/python3.11/site-packages/airflow/example_dags/example_complex.py took 0.324 seconds
[2025-12-27T15:10:37.279+0000] {processor.py:161} INFO - Started process (PID=695) to work on /usr/local/lib/python3.11/site-packages/airflow/example_dags/example_complex.py
[2025-12-27T15:10:37.281+0000] {processor.py:830} INFO - Processing file /usr/local/lib/python3.11/site-packages/airflow/example_dags/example_complex.py for tasks to queue
[2025-12-27T15:10:37.286+0000] {logging_mixin.py:188} INFO - [2025-12-27T15:10:37.285+0000] {dagbag.py:545} INFO - Filling up the DagBag from /usr/local/lib/python3.11/site-packages/airflow/example_dags/example_complex.py
[2025-12-27T15:10:37.320+0000] {processor.py:840} INFO - DAG(s) 'example_complex' retrieved from /usr/local/lib/python3.11/site-packages/airflow/example_dags/example_complex.py
[2025-12-27T15:10:38.164+0000] {logging_mixin.py:188} INFO - [2025-12-27T15:10:38.164+0000] {dag.py:3096} INFO - Sync 1 DAGs
[2025-12-27T15:10:38.186+0000] {logging_mixin.py:188} INFO - [2025-12-27T15:10:38.186+0000] {dag.py:3954} INFO - Setting next_dagrun for example_complex to None, run_after=None
[2025-12-27T15:10:38.470+0000] {processor.py:183} INFO - Processing /usr/local/lib/python3.11/site-packages/airflow/example_dags/example_complex.py took 1.215 seconds
[2025-12-27T15:12:21.125+0000] {processor.py:161} INFO - Started process (PID=761) to work on /usr/local/lib/python3.11/site-packages/airflow/example_dags/example_complex.py
[2025-12-27T15:12:21.126+0000] {processor.py:830} INFO - Processing file /usr/local/lib/python3.11/site-packages/airflow/example_dags/example_complex.py for tasks to queue
[2025-12-27T15:12:21.128+0000] {logging_mixin.py:188} INFO - [2025-12-27T15:12:21.128+0000] {dagbag.py:545} INFO - Filling up the DagBag from /usr/local/lib/python3.11/site-packages/airflow/example_dags/example_complex.py
[2025-12-27T15:12:21.143+0000] {processor.py:840} INFO - DAG(s) 'example_complex' retrieved from /usr/local/lib/python3.11/site-packages/airflow/example_dags/example_complex.py
[2025-12-27T15:12:21.198+0000] {logging_mixin.py:188} INFO - [2025-12-27T15:12:21.197+0000] {dag.py:3096} INFO - Sync 1 DAGs
[2025-12-27T15:12:21.216+0000] {logging_mixin.py:188} INFO - [2025-12-27T15:12:21.216+0000] {dag.py:3954} INFO - Setting next_dagrun for example_complex to None, run_after=None
[2025-12-27T15:12:21.444+0000] {processor.py:183} INFO - Processing /usr/local/lib/python3.11/site-packages/airflow/example_dags/example_complex.py took 0.335 seconds
[2025-12-27T15:13:58.402+0000] {processor.py:161} INFO - Started process (PID=825) to work on /usr/local/lib/python3.11/site-packages/airflow/example_dags/example_complex.py
[2025-12-27T15:13:58.403+0000] {processor.py:830} INFO - Processing file /usr/local/lib/python3.11/site-packages/airflow/example_dags/example_complex.py for tasks to queue
[2025-12-27T15:13:58.406+0000] {logging_mixin.py:188} INFO - [2025-12-27T15:13:58.405+0000] {dagbag.py:545} INFO - Filling up the DagBag from /usr/local/lib/python3.11/site-packages/airflow/example_dags/example_complex.py
[2025-12-27T15:13:58.423+0000] {processor.py:840} INFO - DAG(s) 'example_complex' retrieved from /usr/local/lib/python3.11/site-packages/airflow/example_dags/example_complex.py
[2025-12-27T15:13:58.490+0000] {logging_mixin.py:188} INFO - [2025-12-27T15:13:58.490+0000] {dag.py:3096} INFO - Sync 1 DAGs
[2025-12-27T15:13:58.517+0000] {logging_mixin.py:188} INFO - [2025-12-27T15:13:58.516+0000] {dag.py:3954} INFO - Setting next_dagrun for example_complex to None, run_after=None
[2025-12-27T15:13:58.917+0000] {processor.py:183} INFO - Processing /usr/local/lib/python3.11/site-packages/airflow/example_dags/example_complex.py took 0.531 seconds
[2025-12-27T15:15:43.900+0000] {processor.py:161} INFO - Started process (PID=892) to work on /usr/local/lib/python3.11/site-packages/airflow/example_dags/example_complex.py
[2025-12-27T15:15:43.902+0000] {processor.py:830} INFO - Processing file /usr/local/lib/python3.11/site-packages/airflow/example_dags/example_complex.py for tasks to queue
[2025-12-27T15:15:43.904+0000] {logging_mixin.py:188} INFO - [2025-12-27T15:15:43.904+0000] {dagbag.py:545} INFO - Filling up the DagBag from /usr/local/lib/python3.11/site-packages/airflow/example_dags/example_complex.py
[2025-12-27T15:15:43.932+0000] {processor.py:840} INFO - DAG(s) 'example_complex' retrieved from /usr/local/lib/python3.11/site-packages/airflow/example_dags/example_complex.py
[2025-12-27T15:15:44.013+0000] {logging_mixin.py:188} INFO - [2025-12-27T15:15:44.013+0000] {dag.py:3096} INFO - Sync 1 DAGs
[2025-12-27T15:15:44.039+0000] {logging_mixin.py:188} INFO - [2025-12-27T15:15:44.038+0000] {dag.py:3954} INFO - Setting next_dagrun for example_complex to None, run_after=None
[2025-12-27T15:15:44.229+0000] {processor.py:183} INFO - Processing /usr/local/lib/python3.11/site-packages/airflow/example_dags/example_complex.py took 0.349 seconds
[2025-12-27T15:17:28.171+0000] {processor.py:161} INFO - Started process (PID=956) to work on /usr/local/lib/python3.11/site-packages/airflow/example_dags/example_complex.py
[2025-12-27T15:17:28.173+0000] {processor.py:830} INFO - Processing file /usr/local/lib/python3.11/site-packages/airflow/example_dags/example_complex.py for tasks to queue
[2025-12-27T15:17:28.182+0000] {logging_mixin.py:188} INFO - [2025-12-27T15:17:28.181+0000] {dagbag.py:545} INFO - Filling up the DagBag from /usr/local/lib/python3.11/site-packages/airflow/example_dags/example_complex.py
[2025-12-27T15:17:28.222+0000] {processor.py:840} INFO - DAG(s) 'example_complex' retrieved from /usr/local/lib/python3.11/site-packages/airflow/example_dags/example_complex.py
[2025-12-27T15:17:28.323+0000] {logging_mixin.py:188} INFO - [2025-12-27T15:17:28.322+0000] {dag.py:3096} INFO - Sync 1 DAGs
[2025-12-27T15:17:28.351+0000] {logging_mixin.py:188} INFO - [2025-12-27T15:17:28.351+0000] {dag.py:3954} INFO - Setting next_dagrun for example_complex to None, run_after=None
[2025-12-27T15:17:28.731+0000] {processor.py:183} INFO - Processing /usr/local/lib/python3.11/site-packages/airflow/example_dags/example_complex.py took 0.585 seconds
[2025-12-27T15:19:15.332+0000] {processor.py:161} INFO - Started process (PID=1023) to work on /usr/local/lib/python3.11/site-packages/airflow/example_dags/example_complex.py
[2025-12-27T15:19:15.333+0000] {processor.py:830} INFO - Processing file /usr/local/lib/python3.11/site-packages/airflow/example_dags/example_complex.py for tasks to queue
[2025-12-27T15:19:15.337+0000] {logging_mixin.py:188} INFO - [2025-12-27T15:19:15.337+0000] {dagbag.py:545} INFO - Filling up the DagBag from /usr/local/lib/python3.11/site-packages/airflow/example_dags/example_complex.py
[2025-12-27T15:19:15.355+0000] {processor.py:840} INFO - DAG(s) 'example_complex' retrieved from /usr/local/lib/python3.11/site-packages/airflow/example_dags/example_complex.py
[2025-12-27T15:19:15.415+0000] {logging_mixin.py:188} INFO - [2025-12-27T15:19:15.415+0000] {dag.py:3096} INFO - Sync 1 DAGs
[2025-12-27T15:19:15.439+0000] {logging_mixin.py:188} INFO - [2025-12-27T15:19:15.438+0000] {dag.py:3954} INFO - Setting next_dagrun for example_complex to None, run_after=None
[2025-12-27T15:19:15.647+0000] {processor.py:183} INFO - Processing /usr/local/lib/python3.11/site-packages/airflow/example_dags/example_complex.py took 0.333 seconds
[2025-12-27T15:31:14.336+0000] {processor.py:161} INFO - Started process (PID=53) to work on /usr/local/lib/python3.11/site-packages/airflow/example_dags/example_complex.py
[2025-12-27T15:31:14.337+0000] {processor.py:830} INFO - Processing file /usr/local/lib/python3.11/site-packages/airflow/example_dags/example_complex.py for tasks to queue
[2025-12-27T15:31:14.340+0000] {logging_mixin.py:188} INFO - [2025-12-27T15:31:14.339+0000] {dagbag.py:545} INFO - Filling up the DagBag from /usr/local/lib/python3.11/site-packages/airflow/example_dags/example_complex.py
[2025-12-27T15:31:14.354+0000] {processor.py:840} INFO - DAG(s) 'example_complex' retrieved from /usr/local/lib/python3.11/site-packages/airflow/example_dags/example_complex.py
[2025-12-27T15:31:14.527+0000] {logging_mixin.py:188} INFO - [2025-12-27T15:31:14.527+0000] {dag.py:3096} INFO - Sync 1 DAGs
[2025-12-27T15:31:14.542+0000] {logging_mixin.py:188} INFO - [2025-12-27T15:31:14.541+0000] {dag.py:3954} INFO - Setting next_dagrun for example_complex to None, run_after=None
[2025-12-27T15:31:14.863+0000] {processor.py:183} INFO - Processing /usr/local/lib/python3.11/site-packages/airflow/example_dags/example_complex.py took 0.544 seconds
[2025-12-27T15:32:47.671+0000] {processor.py:161} INFO - Started process (PID=105) to work on /usr/local/lib/python3.11/site-packages/airflow/example_dags/example_complex.py
[2025-12-27T15:32:47.673+0000] {processor.py:830} INFO - Processing file /usr/local/lib/python3.11/site-packages/airflow/example_dags/example_complex.py for tasks to queue
[2025-12-27T15:32:47.684+0000] {logging_mixin.py:188} INFO - [2025-12-27T15:32:47.684+0000] {dagbag.py:545} INFO - Filling up the DagBag from /usr/local/lib/python3.11/site-packages/airflow/example_dags/example_complex.py
[2025-12-27T15:32:47.719+0000] {processor.py:840} INFO - DAG(s) 'example_complex' retrieved from /usr/local/lib/python3.11/site-packages/airflow/example_dags/example_complex.py
[2025-12-27T15:32:47.766+0000] {logging_mixin.py:188} INFO - [2025-12-27T15:32:47.766+0000] {dag.py:3096} INFO - Sync 1 DAGs
[2025-12-27T15:32:47.782+0000] {logging_mixin.py:188} INFO - [2025-12-27T15:32:47.782+0000] {dag.py:3954} INFO - Setting next_dagrun for example_complex to None, run_after=None
[2025-12-27T15:32:47.978+0000] {processor.py:183} INFO - Processing /usr/local/lib/python3.11/site-packages/airflow/example_dags/example_complex.py took 0.333 seconds
[2025-12-27T15:34:26.325+0000] {processor.py:161} INFO - Started process (PID=170) to work on /usr/local/lib/python3.11/site-packages/airflow/example_dags/example_complex.py
[2025-12-27T15:34:26.326+0000] {processor.py:830} INFO - Processing file /usr/local/lib/python3.11/site-packages/airflow/example_dags/example_complex.py for tasks to queue
[2025-12-27T15:34:26.328+0000] {logging_mixin.py:188} INFO - [2025-12-27T15:34:26.328+0000] {dagbag.py:545} INFO - Filling up the DagBag from /usr/local/lib/python3.11/site-packages/airflow/example_dags/example_complex.py
[2025-12-27T15:34:26.342+0000] {processor.py:840} INFO - DAG(s) 'example_complex' retrieved from /usr/local/lib/python3.11/site-packages/airflow/example_dags/example_complex.py
[2025-12-27T15:34:26.401+0000] {logging_mixin.py:188} INFO - [2025-12-27T15:34:26.401+0000] {dag.py:3096} INFO - Sync 1 DAGs
[2025-12-27T15:34:26.422+0000] {logging_mixin.py:188} INFO - [2025-12-27T15:34:26.421+0000] {dag.py:3954} INFO - Setting next_dagrun for example_complex to None, run_after=None
[2025-12-27T15:34:26.649+0000] {processor.py:183} INFO - Processing /usr/local/lib/python3.11/site-packages/airflow/example_dags/example_complex.py took 0.340 seconds
[2025-12-27T15:35:55.493+0000] {processor.py:161} INFO - Started process (PID=233) to work on /usr/local/lib/python3.11/site-packages/airflow/example_dags/example_complex.py
[2025-12-27T15:35:55.494+0000] {processor.py:830} INFO - Processing file /usr/local/lib/python3.11/site-packages/airflow/example_dags/example_complex.py for tasks to queue
[2025-12-27T15:35:55.496+0000] {logging_mixin.py:188} INFO - [2025-12-27T15:35:55.496+0000] {dagbag.py:545} INFO - Filling up the DagBag from /usr/local/lib/python3.11/site-packages/airflow/example_dags/example_complex.py
[2025-12-27T15:35:55.510+0000] {processor.py:840} INFO - DAG(s) 'example_complex' retrieved from /usr/local/lib/python3.11/site-packages/airflow/example_dags/example_complex.py
[2025-12-27T15:35:55.560+0000] {logging_mixin.py:188} INFO - [2025-12-27T15:35:55.560+0000] {dag.py:3096} INFO - Sync 1 DAGs
[2025-12-27T15:35:55.581+0000] {logging_mixin.py:188} INFO - [2025-12-27T15:35:55.581+0000] {dag.py:3954} INFO - Setting next_dagrun for example_complex to None, run_after=None
[2025-12-27T15:35:55.780+0000] {processor.py:183} INFO - Processing /usr/local/lib/python3.11/site-packages/airflow/example_dags/example_complex.py took 0.301 seconds
[2025-12-27T15:37:34.567+0000] {processor.py:161} INFO - Started process (PID=297) to work on /usr/local/lib/python3.11/site-packages/airflow/example_dags/example_complex.py
[2025-12-27T15:37:34.568+0000] {processor.py:830} INFO - Processing file /usr/local/lib/python3.11/site-packages/airflow/example_dags/example_complex.py for tasks to queue
[2025-12-27T15:37:34.570+0000] {logging_mixin.py:188} INFO - [2025-12-27T15:37:34.570+0000] {dagbag.py:545} INFO - Filling up the DagBag from /usr/local/lib/python3.11/site-packages/airflow/example_dags/example_complex.py
[2025-12-27T15:37:34.586+0000] {processor.py:840} INFO - DAG(s) 'example_complex' retrieved from /usr/local/lib/python3.11/site-packages/airflow/example_dags/example_complex.py
[2025-12-27T15:37:34.635+0000] {logging_mixin.py:188} INFO - [2025-12-27T15:37:34.635+0000] {dag.py:3096} INFO - Sync 1 DAGs
[2025-12-27T15:37:34.652+0000] {logging_mixin.py:188} INFO - [2025-12-27T15:37:34.652+0000] {dag.py:3954} INFO - Setting next_dagrun for example_complex to None, run_after=None
[2025-12-27T15:37:34.851+0000] {processor.py:183} INFO - Processing /usr/local/lib/python3.11/site-packages/airflow/example_dags/example_complex.py took 0.300 seconds
[2025-12-27T15:39:05.010+0000] {processor.py:161} INFO - Started process (PID=359) to work on /usr/local/lib/python3.11/site-packages/airflow/example_dags/example_complex.py
[2025-12-27T15:39:05.011+0000] {processor.py:830} INFO - Processing file /usr/local/lib/python3.11/site-packages/airflow/example_dags/example_complex.py for tasks to queue
[2025-12-27T15:39:05.013+0000] {logging_mixin.py:188} INFO - [2025-12-27T15:39:05.013+0000] {dagbag.py:545} INFO - Filling up the DagBag from /usr/local/lib/python3.11/site-packages/airflow/example_dags/example_complex.py
[2025-12-27T15:39:05.028+0000] {processor.py:840} INFO - DAG(s) 'example_complex' retrieved from /usr/local/lib/python3.11/site-packages/airflow/example_dags/example_complex.py
[2025-12-27T15:39:05.084+0000] {logging_mixin.py:188} INFO - [2025-12-27T15:39:05.083+0000] {dag.py:3096} INFO - Sync 1 DAGs
[2025-12-27T15:39:05.102+0000] {logging_mixin.py:188} INFO - [2025-12-27T15:39:05.102+0000] {dag.py:3954} INFO - Setting next_dagrun for example_complex to None, run_after=None
[2025-12-27T15:39:05.352+0000] {processor.py:183} INFO - Processing /usr/local/lib/python3.11/site-packages/airflow/example_dags/example_complex.py took 0.358 seconds
[2025-12-27T15:40:51.588+0000] {processor.py:161} INFO - Started process (PID=424) to work on /usr/local/lib/python3.11/site-packages/airflow/example_dags/example_complex.py
[2025-12-27T15:40:51.589+0000] {processor.py:830} INFO - Processing file /usr/local/lib/python3.11/site-packages/airflow/example_dags/example_complex.py for tasks to queue
[2025-12-27T15:40:51.592+0000] {logging_mixin.py:188} INFO - [2025-12-27T15:40:51.591+0000] {dagbag.py:545} INFO - Filling up the DagBag from /usr/local/lib/python3.11/site-packages/airflow/example_dags/example_complex.py
[2025-12-27T15:40:51.617+0000] {processor.py:840} INFO - DAG(s) 'example_complex' retrieved from /usr/local/lib/python3.11/site-packages/airflow/example_dags/example_complex.py
[2025-12-27T15:40:51.672+0000] {logging_mixin.py:188} INFO - [2025-12-27T15:40:51.672+0000] {dag.py:3096} INFO - Sync 1 DAGs
[2025-12-27T15:40:51.689+0000] {logging_mixin.py:188} INFO - [2025-12-27T15:40:51.689+0000] {dag.py:3954} INFO - Setting next_dagrun for example_complex to None, run_after=None
[2025-12-27T15:40:51.862+0000] {processor.py:183} INFO - Processing /usr/local/lib/python3.11/site-packages/airflow/example_dags/example_complex.py took 0.296 seconds
[2025-12-27T15:44:12.156+0000] {processor.py:161} INFO - Started process (PID=57) to work on /usr/local/lib/python3.11/site-packages/airflow/example_dags/example_complex.py
[2025-12-27T15:44:12.157+0000] {processor.py:830} INFO - Processing file /usr/local/lib/python3.11/site-packages/airflow/example_dags/example_complex.py for tasks to queue
[2025-12-27T15:44:12.159+0000] {logging_mixin.py:188} INFO - [2025-12-27T15:44:12.159+0000] {dagbag.py:545} INFO - Filling up the DagBag from /usr/local/lib/python3.11/site-packages/airflow/example_dags/example_complex.py
[2025-12-27T15:44:12.174+0000] {processor.py:840} INFO - DAG(s) 'example_complex' retrieved from /usr/local/lib/python3.11/site-packages/airflow/example_dags/example_complex.py
[2025-12-27T15:44:12.359+0000] {logging_mixin.py:188} INFO - [2025-12-27T15:44:12.359+0000] {dag.py:3096} INFO - Sync 1 DAGs
[2025-12-27T15:44:12.380+0000] {logging_mixin.py:188} INFO - [2025-12-27T15:44:12.380+0000] {dag.py:3954} INFO - Setting next_dagrun for example_complex to None, run_after=None
[2025-12-27T15:44:12.656+0000] {processor.py:183} INFO - Processing /usr/local/lib/python3.11/site-packages/airflow/example_dags/example_complex.py took 0.512 seconds
[2025-12-27T15:45:32.089+0000] {processor.py:161} INFO - Started process (PID=109) to work on /usr/local/lib/python3.11/site-packages/airflow/example_dags/example_complex.py
[2025-12-27T15:45:32.090+0000] {processor.py:830} INFO - Processing file /usr/local/lib/python3.11/site-packages/airflow/example_dags/example_complex.py for tasks to queue
[2025-12-27T15:45:32.093+0000] {logging_mixin.py:188} INFO - [2025-12-27T15:45:32.093+0000] {dagbag.py:545} INFO - Filling up the DagBag from /usr/local/lib/python3.11/site-packages/airflow/example_dags/example_complex.py
[2025-12-27T15:45:32.107+0000] {processor.py:840} INFO - DAG(s) 'example_complex' retrieved from /usr/local/lib/python3.11/site-packages/airflow/example_dags/example_complex.py
[2025-12-27T15:45:32.155+0000] {logging_mixin.py:188} INFO - [2025-12-27T15:45:32.155+0000] {dag.py:3096} INFO - Sync 1 DAGs
[2025-12-27T15:45:32.173+0000] {logging_mixin.py:188} INFO - [2025-12-27T15:45:32.172+0000] {dag.py:3954} INFO - Setting next_dagrun for example_complex to None, run_after=None
[2025-12-27T15:45:32.381+0000] {processor.py:183} INFO - Processing /usr/local/lib/python3.11/site-packages/airflow/example_dags/example_complex.py took 0.304 seconds
[2025-12-27T15:47:15.043+0000] {processor.py:161} INFO - Started process (PID=198) to work on /usr/local/lib/python3.11/site-packages/airflow/example_dags/example_complex.py
[2025-12-27T15:47:15.045+0000] {processor.py:830} INFO - Processing file /usr/local/lib/python3.11/site-packages/airflow/example_dags/example_complex.py for tasks to queue
[2025-12-27T15:47:15.057+0000] {logging_mixin.py:188} INFO - [2025-12-27T15:47:15.057+0000] {dagbag.py:545} INFO - Filling up the DagBag from /usr/local/lib/python3.11/site-packages/airflow/example_dags/example_complex.py
[2025-12-27T15:47:15.124+0000] {processor.py:840} INFO - DAG(s) 'example_complex' retrieved from /usr/local/lib/python3.11/site-packages/airflow/example_dags/example_complex.py
[2025-12-27T15:47:15.308+0000] {logging_mixin.py:188} INFO - [2025-12-27T15:47:15.308+0000] {dag.py:3096} INFO - Sync 1 DAGs
[2025-12-27T15:47:15.391+0000] {logging_mixin.py:188} INFO - [2025-12-27T15:47:15.391+0000] {dag.py:3954} INFO - Setting next_dagrun for example_complex to None, run_after=None
[2025-12-27T15:47:15.627+0000] {processor.py:183} INFO - Processing /usr/local/lib/python3.11/site-packages/airflow/example_dags/example_complex.py took 0.619 seconds
[2025-12-27T15:48:49.346+0000] {processor.py:161} INFO - Started process (PID=273) to work on /usr/local/lib/python3.11/site-packages/airflow/example_dags/example_complex.py
[2025-12-27T15:48:49.347+0000] {processor.py:830} INFO - Processing file /usr/local/lib/python3.11/site-packages/airflow/example_dags/example_complex.py for tasks to queue
[2025-12-27T15:48:49.349+0000] {logging_mixin.py:188} INFO - [2025-12-27T15:48:49.349+0000] {dagbag.py:545} INFO - Filling up the DagBag from /usr/local/lib/python3.11/site-packages/airflow/example_dags/example_complex.py
[2025-12-27T15:48:49.364+0000] {processor.py:840} INFO - DAG(s) 'example_complex' retrieved from /usr/local/lib/python3.11/site-packages/airflow/example_dags/example_complex.py
[2025-12-27T15:48:49.422+0000] {logging_mixin.py:188} INFO - [2025-12-27T15:48:49.421+0000] {dag.py:3096} INFO - Sync 1 DAGs
[2025-12-27T15:48:49.442+0000] {logging_mixin.py:188} INFO - [2025-12-27T15:48:49.442+0000] {dag.py:3954} INFO - Setting next_dagrun for example_complex to None, run_after=None
[2025-12-27T15:48:49.607+0000] {processor.py:183} INFO - Processing /usr/local/lib/python3.11/site-packages/airflow/example_dags/example_complex.py took 0.274 seconds
[2025-12-27T15:50:24.543+0000] {processor.py:161} INFO - Started process (PID=339) to work on /usr/local/lib/python3.11/site-packages/airflow/example_dags/example_complex.py
[2025-12-27T15:50:24.544+0000] {processor.py:830} INFO - Processing file /usr/local/lib/python3.11/site-packages/airflow/example_dags/example_complex.py for tasks to queue
[2025-12-27T15:50:24.547+0000] {logging_mixin.py:188} INFO - [2025-12-27T15:50:24.546+0000] {dagbag.py:545} INFO - Filling up the DagBag from /usr/local/lib/python3.11/site-packages/airflow/example_dags/example_complex.py
[2025-12-27T15:50:24.671+0000] {processor.py:840} INFO - DAG(s) 'example_complex' retrieved from /usr/local/lib/python3.11/site-packages/airflow/example_dags/example_complex.py
[2025-12-27T15:50:24.709+0000] {logging_mixin.py:188} INFO - [2025-12-27T15:50:24.709+0000] {dag.py:3096} INFO - Sync 1 DAGs
[2025-12-27T15:50:24.724+0000] {logging_mixin.py:188} INFO - [2025-12-27T15:50:24.724+0000] {dag.py:3954} INFO - Setting next_dagrun for example_complex to None, run_after=None
[2025-12-27T15:50:24.954+0000] {processor.py:183} INFO - Processing /usr/local/lib/python3.11/site-packages/airflow/example_dags/example_complex.py took 0.423 seconds
[2025-12-27T15:51:55.847+0000] {processor.py:161} INFO - Started process (PID=415) to work on /usr/local/lib/python3.11/site-packages/airflow/example_dags/example_complex.py
[2025-12-27T15:51:55.848+0000] {processor.py:830} INFO - Processing file /usr/local/lib/python3.11/site-packages/airflow/example_dags/example_complex.py for tasks to queue
[2025-12-27T15:51:55.850+0000] {logging_mixin.py:188} INFO - [2025-12-27T15:51:55.850+0000] {dagbag.py:545} INFO - Filling up the DagBag from /usr/local/lib/python3.11/site-packages/airflow/example_dags/example_complex.py
[2025-12-27T15:51:55.865+0000] {processor.py:840} INFO - DAG(s) 'example_complex' retrieved from /usr/local/lib/python3.11/site-packages/airflow/example_dags/example_complex.py
[2025-12-27T15:51:55.919+0000] {logging_mixin.py:188} INFO - [2025-12-27T15:51:55.919+0000] {dag.py:3096} INFO - Sync 1 DAGs
[2025-12-27T15:51:55.937+0000] {logging_mixin.py:188} INFO - [2025-12-27T15:51:55.937+0000] {dag.py:3954} INFO - Setting next_dagrun for example_complex to None, run_after=None
[2025-12-27T15:51:56.134+0000] {processor.py:183} INFO - Processing /usr/local/lib/python3.11/site-packages/airflow/example_dags/example_complex.py took 0.300 seconds
[2025-12-27T15:53:27.522+0000] {processor.py:161} INFO - Started process (PID=496) to work on /usr/local/lib/python3.11/site-packages/airflow/example_dags/example_complex.py
[2025-12-27T15:53:27.524+0000] {processor.py:830} INFO - Processing file /usr/local/lib/python3.11/site-packages/airflow/example_dags/example_complex.py for tasks to queue
[2025-12-27T15:53:27.526+0000] {logging_mixin.py:188} INFO - [2025-12-27T15:53:27.526+0000] {dagbag.py:545} INFO - Filling up the DagBag from /usr/local/lib/python3.11/site-packages/airflow/example_dags/example_complex.py
[2025-12-27T15:53:27.540+0000] {processor.py:840} INFO - DAG(s) 'example_complex' retrieved from /usr/local/lib/python3.11/site-packages/airflow/example_dags/example_complex.py
[2025-12-27T15:53:27.590+0000] {logging_mixin.py:188} INFO - [2025-12-27T15:53:27.590+0000] {dag.py:3096} INFO - Sync 1 DAGs
[2025-12-27T15:53:27.607+0000] {logging_mixin.py:188} INFO - [2025-12-27T15:53:27.607+0000] {dag.py:3954} INFO - Setting next_dagrun for example_complex to None, run_after=None
[2025-12-27T15:53:27.787+0000] {processor.py:183} INFO - Processing /usr/local/lib/python3.11/site-packages/airflow/example_dags/example_complex.py took 0.277 seconds
[2025-12-27T15:54:59.279+0000] {processor.py:161} INFO - Started process (PID=566) to work on /usr/local/lib/python3.11/site-packages/airflow/example_dags/example_complex.py
[2025-12-27T15:54:59.281+0000] {processor.py:830} INFO - Processing file /usr/local/lib/python3.11/site-packages/airflow/example_dags/example_complex.py for tasks to queue
[2025-12-27T15:54:59.283+0000] {logging_mixin.py:188} INFO - [2025-12-27T15:54:59.283+0000] {dagbag.py:545} INFO - Filling up the DagBag from /usr/local/lib/python3.11/site-packages/airflow/example_dags/example_complex.py
[2025-12-27T15:54:59.298+0000] {processor.py:840} INFO - DAG(s) 'example_complex' retrieved from /usr/local/lib/python3.11/site-packages/airflow/example_dags/example_complex.py
[2025-12-27T15:54:59.352+0000] {logging_mixin.py:188} INFO - [2025-12-27T15:54:59.352+0000] {dag.py:3096} INFO - Sync 1 DAGs
[2025-12-27T15:54:59.370+0000] {logging_mixin.py:188} INFO - [2025-12-27T15:54:59.370+0000] {dag.py:3954} INFO - Setting next_dagrun for example_complex to None, run_after=None
[2025-12-27T15:54:59.611+0000] {processor.py:183} INFO - Processing /usr/local/lib/python3.11/site-packages/airflow/example_dags/example_complex.py took 0.347 seconds
[2025-12-27T15:56:32.813+0000] {processor.py:161} INFO - Started process (PID=636) to work on /usr/local/lib/python3.11/site-packages/airflow/example_dags/example_complex.py
[2025-12-27T15:56:32.814+0000] {processor.py:830} INFO - Processing file /usr/local/lib/python3.11/site-packages/airflow/example_dags/example_complex.py for tasks to queue
[2025-12-27T15:56:32.818+0000] {logging_mixin.py:188} INFO - [2025-12-27T15:56:32.817+0000] {dagbag.py:545} INFO - Filling up the DagBag from /usr/local/lib/python3.11/site-packages/airflow/example_dags/example_complex.py
[2025-12-27T15:56:32.834+0000] {processor.py:840} INFO - DAG(s) 'example_complex' retrieved from /usr/local/lib/python3.11/site-packages/airflow/example_dags/example_complex.py
[2025-12-27T15:56:32.889+0000] {logging_mixin.py:188} INFO - [2025-12-27T15:56:32.889+0000] {dag.py:3096} INFO - Sync 1 DAGs
[2025-12-27T15:56:32.908+0000] {logging_mixin.py:188} INFO - [2025-12-27T15:56:32.908+0000] {dag.py:3954} INFO - Setting next_dagrun for example_complex to None, run_after=None
[2025-12-27T15:56:33.101+0000] {processor.py:183} INFO - Processing /usr/local/lib/python3.11/site-packages/airflow/example_dags/example_complex.py took 0.301 seconds
[2025-12-27T15:58:03.447+0000] {processor.py:161} INFO - Started process (PID=698) to work on /usr/local/lib/python3.11/site-packages/airflow/example_dags/example_complex.py
[2025-12-27T15:58:03.448+0000] {processor.py:830} INFO - Processing file /usr/local/lib/python3.11/site-packages/airflow/example_dags/example_complex.py for tasks to queue
[2025-12-27T15:58:03.451+0000] {logging_mixin.py:188} INFO - [2025-12-27T15:58:03.450+0000] {dagbag.py:545} INFO - Filling up the DagBag from /usr/local/lib/python3.11/site-packages/airflow/example_dags/example_complex.py
[2025-12-27T15:58:03.467+0000] {processor.py:840} INFO - DAG(s) 'example_complex' retrieved from /usr/local/lib/python3.11/site-packages/airflow/example_dags/example_complex.py
[2025-12-27T15:58:03.524+0000] {logging_mixin.py:188} INFO - [2025-12-27T15:58:03.524+0000] {dag.py:3096} INFO - Sync 1 DAGs
[2025-12-27T15:58:03.542+0000] {logging_mixin.py:188} INFO - [2025-12-27T15:58:03.542+0000] {dag.py:3954} INFO - Setting next_dagrun for example_complex to None, run_after=None
[2025-12-27T15:58:03.728+0000] {processor.py:183} INFO - Processing /usr/local/lib/python3.11/site-packages/airflow/example_dags/example_complex.py took 0.297 seconds
[2025-12-27T15:59:46.803+0000] {processor.py:161} INFO - Started process (PID=761) to work on /usr/local/lib/python3.11/site-packages/airflow/example_dags/example_complex.py
[2025-12-27T15:59:46.805+0000] {processor.py:830} INFO - Processing file /usr/local/lib/python3.11/site-packages/airflow/example_dags/example_complex.py for tasks to queue
[2025-12-27T15:59:46.816+0000] {logging_mixin.py:188} INFO - [2025-12-27T15:59:46.815+0000] {dagbag.py:545} INFO - Filling up the DagBag from /usr/local/lib/python3.11/site-packages/airflow/example_dags/example_complex.py
[2025-12-27T15:59:46.873+0000] {processor.py:840} INFO - DAG(s) 'example_complex' retrieved from /usr/local/lib/python3.11/site-packages/airflow/example_dags/example_complex.py
[2025-12-27T15:59:47.218+0000] {logging_mixin.py:188} INFO - [2025-12-27T15:59:47.218+0000] {dag.py:3096} INFO - Sync 1 DAGs
[2025-12-27T15:59:47.241+0000] {logging_mixin.py:188} INFO - [2025-12-27T15:59:47.241+0000] {dag.py:3954} INFO - Setting next_dagrun for example_complex to None, run_after=None
[2025-12-27T15:59:48.030+0000] {processor.py:183} INFO - Processing /usr/local/lib/python3.11/site-packages/airflow/example_dags/example_complex.py took 1.249 seconds
[2025-12-27T16:01:37.548+0000] {processor.py:161} INFO - Started process (PID=830) to work on /usr/local/lib/python3.11/site-packages/airflow/example_dags/example_complex.py
[2025-12-27T16:01:37.549+0000] {processor.py:830} INFO - Processing file /usr/local/lib/python3.11/site-packages/airflow/example_dags/example_complex.py for tasks to queue
[2025-12-27T16:01:37.553+0000] {logging_mixin.py:188} INFO - [2025-12-27T16:01:37.552+0000] {dagbag.py:545} INFO - Filling up the DagBag from /usr/local/lib/python3.11/site-packages/airflow/example_dags/example_complex.py
[2025-12-27T16:01:37.572+0000] {processor.py:840} INFO - DAG(s) 'example_complex' retrieved from /usr/local/lib/python3.11/site-packages/airflow/example_dags/example_complex.py
[2025-12-27T16:01:37.642+0000] {logging_mixin.py:188} INFO - [2025-12-27T16:01:37.641+0000] {dag.py:3096} INFO - Sync 1 DAGs
[2025-12-27T16:01:37.660+0000] {logging_mixin.py:188} INFO - [2025-12-27T16:01:37.660+0000] {dag.py:3954} INFO - Setting next_dagrun for example_complex to None, run_after=None
[2025-12-27T16:01:37.857+0000] {processor.py:183} INFO - Processing /usr/local/lib/python3.11/site-packages/airflow/example_dags/example_complex.py took 0.325 seconds
[2025-12-27T20:53:56.462+0000] {processor.py:161} INFO - Started process (PID=53) to work on /usr/local/lib/python3.11/site-packages/airflow/example_dags/example_complex.py
[2025-12-27T20:53:56.475+0000] {processor.py:830} INFO - Processing file /usr/local/lib/python3.11/site-packages/airflow/example_dags/example_complex.py for tasks to queue
[2025-12-27T20:53:56.479+0000] {logging_mixin.py:188} INFO - [2025-12-27T20:53:56.478+0000] {dagbag.py:545} INFO - Filling up the DagBag from /usr/local/lib/python3.11/site-packages/airflow/example_dags/example_complex.py
[2025-12-27T20:53:56.525+0000] {processor.py:840} INFO - DAG(s) 'example_complex' retrieved from /usr/local/lib/python3.11/site-packages/airflow/example_dags/example_complex.py
[2025-12-27T20:53:56.803+0000] {logging_mixin.py:188} INFO - [2025-12-27T20:53:56.802+0000] {dag.py:3096} INFO - Sync 1 DAGs
[2025-12-27T20:53:56.824+0000] {logging_mixin.py:188} INFO - [2025-12-27T20:53:56.823+0000] {dag.py:3954} INFO - Setting next_dagrun for example_complex to None, run_after=None
[2025-12-27T20:53:57.095+0000] {processor.py:183} INFO - Processing /usr/local/lib/python3.11/site-packages/airflow/example_dags/example_complex.py took 0.660 seconds
[2025-12-27T20:55:49.450+0000] {processor.py:161} INFO - Started process (PID=58) to work on /usr/local/lib/python3.11/site-packages/airflow/example_dags/example_complex.py
[2025-12-27T20:55:49.451+0000] {processor.py:830} INFO - Processing file /usr/local/lib/python3.11/site-packages/airflow/example_dags/example_complex.py for tasks to queue
[2025-12-27T20:55:49.454+0000] {logging_mixin.py:188} INFO - [2025-12-27T20:55:49.453+0000] {dagbag.py:545} INFO - Filling up the DagBag from /usr/local/lib/python3.11/site-packages/airflow/example_dags/example_complex.py
[2025-12-27T20:55:49.469+0000] {processor.py:840} INFO - DAG(s) 'example_complex' retrieved from /usr/local/lib/python3.11/site-packages/airflow/example_dags/example_complex.py
[2025-12-27T20:55:49.768+0000] {logging_mixin.py:188} INFO - [2025-12-27T20:55:49.767+0000] {dag.py:3096} INFO - Sync 1 DAGs
[2025-12-27T20:55:49.784+0000] {logging_mixin.py:188} INFO - [2025-12-27T20:55:49.784+0000] {dag.py:3954} INFO - Setting next_dagrun for example_complex to None, run_after=None
[2025-12-27T20:55:50.168+0000] {processor.py:183} INFO - Processing /usr/local/lib/python3.11/site-packages/airflow/example_dags/example_complex.py took 0.732 seconds
[2025-12-27T21:00:18.155+0000] {processor.py:161} INFO - Started process (PID=58) to work on /usr/local/lib/python3.11/site-packages/airflow/example_dags/example_complex.py
[2025-12-27T21:00:18.157+0000] {processor.py:830} INFO - Processing file /usr/local/lib/python3.11/site-packages/airflow/example_dags/example_complex.py for tasks to queue
[2025-12-27T21:00:18.159+0000] {logging_mixin.py:188} INFO - [2025-12-27T21:00:18.159+0000] {dagbag.py:545} INFO - Filling up the DagBag from /usr/local/lib/python3.11/site-packages/airflow/example_dags/example_complex.py
[2025-12-27T21:00:18.175+0000] {processor.py:840} INFO - DAG(s) 'example_complex' retrieved from /usr/local/lib/python3.11/site-packages/airflow/example_dags/example_complex.py
[2025-12-27T21:00:18.356+0000] {logging_mixin.py:188} INFO - [2025-12-27T21:00:18.355+0000] {dag.py:3096} INFO - Sync 1 DAGs
[2025-12-27T21:00:18.370+0000] {logging_mixin.py:188} INFO - [2025-12-27T21:00:18.370+0000] {dag.py:3954} INFO - Setting next_dagrun for example_complex to None, run_after=None
[2025-12-27T21:00:18.642+0000] {processor.py:183} INFO - Processing /usr/local/lib/python3.11/site-packages/airflow/example_dags/example_complex.py took 0.502 seconds
[2025-12-27T21:01:35.690+0000] {processor.py:161} INFO - Started process (PID=110) to work on /usr/local/lib/python3.11/site-packages/airflow/example_dags/example_complex.py
[2025-12-27T21:01:35.691+0000] {processor.py:830} INFO - Processing file /usr/local/lib/python3.11/site-packages/airflow/example_dags/example_complex.py for tasks to queue
[2025-12-27T21:01:35.693+0000] {logging_mixin.py:188} INFO - [2025-12-27T21:01:35.692+0000] {dagbag.py:545} INFO - Filling up the DagBag from /usr/local/lib/python3.11/site-packages/airflow/example_dags/example_complex.py
[2025-12-27T21:01:35.709+0000] {processor.py:840} INFO - DAG(s) 'example_complex' retrieved from /usr/local/lib/python3.11/site-packages/airflow/example_dags/example_complex.py
[2025-12-27T21:01:35.760+0000] {logging_mixin.py:188} INFO - [2025-12-27T21:01:35.759+0000] {dag.py:3096} INFO - Sync 1 DAGs
[2025-12-27T21:01:35.778+0000] {logging_mixin.py:188} INFO - [2025-12-27T21:01:35.777+0000] {dag.py:3954} INFO - Setting next_dagrun for example_complex to None, run_after=None
[2025-12-27T21:01:35.979+0000] {processor.py:183} INFO - Processing /usr/local/lib/python3.11/site-packages/airflow/example_dags/example_complex.py took 0.301 seconds
[2025-12-27T21:02:59.351+0000] {processor.py:161} INFO - Started process (PID=171) to work on /usr/local/lib/python3.11/site-packages/airflow/example_dags/example_complex.py
[2025-12-27T21:02:59.353+0000] {processor.py:830} INFO - Processing file /usr/local/lib/python3.11/site-packages/airflow/example_dags/example_complex.py for tasks to queue
[2025-12-27T21:02:59.354+0000] {logging_mixin.py:188} INFO - [2025-12-27T21:02:59.354+0000] {dagbag.py:545} INFO - Filling up the DagBag from /usr/local/lib/python3.11/site-packages/airflow/example_dags/example_complex.py
[2025-12-27T21:02:59.374+0000] {processor.py:840} INFO - DAG(s) 'example_complex' retrieved from /usr/local/lib/python3.11/site-packages/airflow/example_dags/example_complex.py
[2025-12-27T21:02:59.460+0000] {logging_mixin.py:188} INFO - [2025-12-27T21:02:59.460+0000] {dag.py:3096} INFO - Sync 1 DAGs
[2025-12-27T21:02:59.480+0000] {logging_mixin.py:188} INFO - [2025-12-27T21:02:59.480+0000] {dag.py:3954} INFO - Setting next_dagrun for example_complex to None, run_after=None
[2025-12-27T21:02:59.645+0000] {processor.py:183} INFO - Processing /usr/local/lib/python3.11/site-packages/airflow/example_dags/example_complex.py took 0.318 seconds
[2025-12-27T21:04:26.118+0000] {processor.py:161} INFO - Started process (PID=231) to work on /usr/local/lib/python3.11/site-packages/airflow/example_dags/example_complex.py
[2025-12-27T21:04:26.120+0000] {processor.py:830} INFO - Processing file /usr/local/lib/python3.11/site-packages/airflow/example_dags/example_complex.py for tasks to queue
[2025-12-27T21:04:26.121+0000] {logging_mixin.py:188} INFO - [2025-12-27T21:04:26.121+0000] {dagbag.py:545} INFO - Filling up the DagBag from /usr/local/lib/python3.11/site-packages/airflow/example_dags/example_complex.py
[2025-12-27T21:04:26.137+0000] {processor.py:840} INFO - DAG(s) 'example_complex' retrieved from /usr/local/lib/python3.11/site-packages/airflow/example_dags/example_complex.py
[2025-12-27T21:04:26.196+0000] {logging_mixin.py:188} INFO - [2025-12-27T21:04:26.195+0000] {dag.py:3096} INFO - Sync 1 DAGs
[2025-12-27T21:04:26.216+0000] {logging_mixin.py:188} INFO - [2025-12-27T21:04:26.216+0000] {dag.py:3954} INFO - Setting next_dagrun for example_complex to None, run_after=None
[2025-12-27T21:04:26.497+0000] {processor.py:183} INFO - Processing /usr/local/lib/python3.11/site-packages/airflow/example_dags/example_complex.py took 0.401 seconds
[2025-12-27T21:06:13.644+0000] {processor.py:161} INFO - Started process (PID=297) to work on /usr/local/lib/python3.11/site-packages/airflow/example_dags/example_complex.py
[2025-12-27T21:06:13.646+0000] {processor.py:830} INFO - Processing file /usr/local/lib/python3.11/site-packages/airflow/example_dags/example_complex.py for tasks to queue
[2025-12-27T21:06:13.647+0000] {logging_mixin.py:188} INFO - [2025-12-27T21:06:13.647+0000] {dagbag.py:545} INFO - Filling up the DagBag from /usr/local/lib/python3.11/site-packages/airflow/example_dags/example_complex.py
[2025-12-27T21:06:13.831+0000] {processor.py:840} INFO - DAG(s) 'example_complex' retrieved from /usr/local/lib/python3.11/site-packages/airflow/example_dags/example_complex.py
[2025-12-27T21:06:13.883+0000] {logging_mixin.py:188} INFO - [2025-12-27T21:06:13.883+0000] {dag.py:3096} INFO - Sync 1 DAGs
[2025-12-27T21:06:13.900+0000] {logging_mixin.py:188} INFO - [2025-12-27T21:06:13.900+0000] {dag.py:3954} INFO - Setting next_dagrun for example_complex to None, run_after=None
[2025-12-27T21:06:14.375+0000] {processor.py:183} INFO - Processing /usr/local/lib/python3.11/site-packages/airflow/example_dags/example_complex.py took 0.744 seconds
[2025-12-27T21:19:46.414+0000] {processor.py:161} INFO - Started process (PID=53) to work on /usr/local/lib/python3.11/site-packages/airflow/example_dags/example_complex.py
[2025-12-27T21:19:46.425+0000] {processor.py:830} INFO - Processing file /usr/local/lib/python3.11/site-packages/airflow/example_dags/example_complex.py for tasks to queue
[2025-12-27T21:19:46.427+0000] {logging_mixin.py:188} INFO - [2025-12-27T21:19:46.427+0000] {dagbag.py:545} INFO - Filling up the DagBag from /usr/local/lib/python3.11/site-packages/airflow/example_dags/example_complex.py
[2025-12-27T21:19:46.441+0000] {processor.py:840} INFO - DAG(s) 'example_complex' retrieved from /usr/local/lib/python3.11/site-packages/airflow/example_dags/example_complex.py
[2025-12-27T21:19:46.612+0000] {logging_mixin.py:188} INFO - [2025-12-27T21:19:46.611+0000] {dag.py:3096} INFO - Sync 1 DAGs
[2025-12-27T21:19:46.628+0000] {logging_mixin.py:188} INFO - [2025-12-27T21:19:46.628+0000] {dag.py:3954} INFO - Setting next_dagrun for example_complex to None, run_after=None
[2025-12-27T21:19:46.873+0000] {processor.py:183} INFO - Processing /usr/local/lib/python3.11/site-packages/airflow/example_dags/example_complex.py took 0.473 seconds
[2025-12-27T21:21:09.844+0000] {processor.py:161} INFO - Started process (PID=112) to work on /usr/local/lib/python3.11/site-packages/airflow/example_dags/example_complex.py
[2025-12-27T21:21:09.845+0000] {processor.py:830} INFO - Processing file /usr/local/lib/python3.11/site-packages/airflow/example_dags/example_complex.py for tasks to queue
[2025-12-27T21:21:09.847+0000] {logging_mixin.py:188} INFO - [2025-12-27T21:21:09.847+0000] {dagbag.py:545} INFO - Filling up the DagBag from /usr/local/lib/python3.11/site-packages/airflow/example_dags/example_complex.py
[2025-12-27T21:21:09.861+0000] {processor.py:840} INFO - DAG(s) 'example_complex' retrieved from /usr/local/lib/python3.11/site-packages/airflow/example_dags/example_complex.py
[2025-12-27T21:21:09.921+0000] {logging_mixin.py:188} INFO - [2025-12-27T21:21:09.921+0000] {dag.py:3096} INFO - Sync 1 DAGs
[2025-12-27T21:21:09.943+0000] {logging_mixin.py:188} INFO - [2025-12-27T21:21:09.942+0000] {dag.py:3954} INFO - Setting next_dagrun for example_complex to None, run_after=None
[2025-12-27T21:21:10.208+0000] {processor.py:183} INFO - Processing /usr/local/lib/python3.11/site-packages/airflow/example_dags/example_complex.py took 0.379 seconds
[2025-12-27T21:22:47.128+0000] {processor.py:161} INFO - Started process (PID=177) to work on /usr/local/lib/python3.11/site-packages/airflow/example_dags/example_complex.py
[2025-12-27T21:22:47.130+0000] {processor.py:830} INFO - Processing file /usr/local/lib/python3.11/site-packages/airflow/example_dags/example_complex.py for tasks to queue
[2025-12-27T21:22:47.132+0000] {logging_mixin.py:188} INFO - [2025-12-27T21:22:47.132+0000] {dagbag.py:545} INFO - Filling up the DagBag from /usr/local/lib/python3.11/site-packages/airflow/example_dags/example_complex.py
[2025-12-27T21:22:47.150+0000] {processor.py:840} INFO - DAG(s) 'example_complex' retrieved from /usr/local/lib/python3.11/site-packages/airflow/example_dags/example_complex.py
[2025-12-27T21:22:47.207+0000] {logging_mixin.py:188} INFO - [2025-12-27T21:22:47.207+0000] {dag.py:3096} INFO - Sync 1 DAGs
[2025-12-27T21:22:47.225+0000] {logging_mixin.py:188} INFO - [2025-12-27T21:22:47.225+0000] {dag.py:3954} INFO - Setting next_dagrun for example_complex to None, run_after=None
[2025-12-27T21:22:47.432+0000] {processor.py:183} INFO - Processing /usr/local/lib/python3.11/site-packages/airflow/example_dags/example_complex.py took 0.320 seconds
[2025-12-27T21:24:16.177+0000] {processor.py:161} INFO - Started process (PID=239) to work on /usr/local/lib/python3.11/site-packages/airflow/example_dags/example_complex.py
[2025-12-27T21:24:16.179+0000] {processor.py:830} INFO - Processing file /usr/local/lib/python3.11/site-packages/airflow/example_dags/example_complex.py for tasks to queue
[2025-12-27T21:24:16.181+0000] {logging_mixin.py:188} INFO - [2025-12-27T21:24:16.180+0000] {dagbag.py:545} INFO - Filling up the DagBag from /usr/local/lib/python3.11/site-packages/airflow/example_dags/example_complex.py
[2025-12-27T21:24:16.195+0000] {processor.py:840} INFO - DAG(s) 'example_complex' retrieved from /usr/local/lib/python3.11/site-packages/airflow/example_dags/example_complex.py
[2025-12-27T21:24:16.240+0000] {logging_mixin.py:188} INFO - [2025-12-27T21:24:16.240+0000] {dag.py:3096} INFO - Sync 1 DAGs
[2025-12-27T21:24:16.259+0000] {logging_mixin.py:188} INFO - [2025-12-27T21:24:16.259+0000] {dag.py:3954} INFO - Setting next_dagrun for example_complex to None, run_after=None
[2025-12-27T21:24:16.454+0000] {processor.py:183} INFO - Processing /usr/local/lib/python3.11/site-packages/airflow/example_dags/example_complex.py took 0.291 seconds
[2025-12-27T21:26:01.478+0000] {processor.py:161} INFO - Started process (PID=303) to work on /usr/local/lib/python3.11/site-packages/airflow/example_dags/example_complex.py
[2025-12-27T21:26:01.480+0000] {processor.py:830} INFO - Processing file /usr/local/lib/python3.11/site-packages/airflow/example_dags/example_complex.py for tasks to queue
[2025-12-27T21:26:01.482+0000] {logging_mixin.py:188} INFO - [2025-12-27T21:26:01.481+0000] {dagbag.py:545} INFO - Filling up the DagBag from /usr/local/lib/python3.11/site-packages/airflow/example_dags/example_complex.py
[2025-12-27T21:26:01.648+0000] {processor.py:840} INFO - DAG(s) 'example_complex' retrieved from /usr/local/lib/python3.11/site-packages/airflow/example_dags/example_complex.py
[2025-12-27T21:26:01.761+0000] {logging_mixin.py:188} INFO - [2025-12-27T21:26:01.761+0000] {dag.py:3096} INFO - Sync 1 DAGs
[2025-12-27T21:26:01.779+0000] {logging_mixin.py:188} INFO - [2025-12-27T21:26:01.779+0000] {dag.py:3954} INFO - Setting next_dagrun for example_complex to None, run_after=None
[2025-12-27T21:26:02.056+0000] {processor.py:183} INFO - Processing /usr/local/lib/python3.11/site-packages/airflow/example_dags/example_complex.py took 0.603 seconds
[2025-12-27T21:27:33.701+0000] {processor.py:161} INFO - Started process (PID=399) to work on /usr/local/lib/python3.11/site-packages/airflow/example_dags/example_complex.py
[2025-12-27T21:27:33.702+0000] {processor.py:830} INFO - Processing file /usr/local/lib/python3.11/site-packages/airflow/example_dags/example_complex.py for tasks to queue
[2025-12-27T21:27:33.704+0000] {logging_mixin.py:188} INFO - [2025-12-27T21:27:33.704+0000] {dagbag.py:545} INFO - Filling up the DagBag from /usr/local/lib/python3.11/site-packages/airflow/example_dags/example_complex.py
[2025-12-27T21:27:33.728+0000] {processor.py:840} INFO - DAG(s) 'example_complex' retrieved from /usr/local/lib/python3.11/site-packages/airflow/example_dags/example_complex.py
[2025-12-27T21:27:33.801+0000] {logging_mixin.py:188} INFO - [2025-12-27T21:27:33.800+0000] {dag.py:3096} INFO - Sync 1 DAGs
[2025-12-27T21:27:33.825+0000] {logging_mixin.py:188} INFO - [2025-12-27T21:27:33.824+0000] {dag.py:3954} INFO - Setting next_dagrun for example_complex to None, run_after=None
[2025-12-27T21:27:34.033+0000] {processor.py:183} INFO - Processing /usr/local/lib/python3.11/site-packages/airflow/example_dags/example_complex.py took 0.357 seconds
[2025-12-27T21:29:05.035+0000] {processor.py:161} INFO - Started process (PID=656) to work on /usr/local/lib/python3.11/site-packages/airflow/example_dags/example_complex.py
[2025-12-27T21:29:05.036+0000] {processor.py:830} INFO - Processing file /usr/local/lib/python3.11/site-packages/airflow/example_dags/example_complex.py for tasks to queue
[2025-12-27T21:29:05.039+0000] {logging_mixin.py:188} INFO - [2025-12-27T21:29:05.038+0000] {dagbag.py:545} INFO - Filling up the DagBag from /usr/local/lib/python3.11/site-packages/airflow/example_dags/example_complex.py
[2025-12-27T21:29:05.053+0000] {processor.py:840} INFO - DAG(s) 'example_complex' retrieved from /usr/local/lib/python3.11/site-packages/airflow/example_dags/example_complex.py
[2025-12-27T21:29:05.107+0000] {logging_mixin.py:188} INFO - [2025-12-27T21:29:05.107+0000] {dag.py:3096} INFO - Sync 1 DAGs
[2025-12-27T21:29:05.131+0000] {logging_mixin.py:188} INFO - [2025-12-27T21:29:05.131+0000] {dag.py:3954} INFO - Setting next_dagrun for example_complex to None, run_after=None
[2025-12-27T21:29:05.437+0000] {processor.py:183} INFO - Processing /usr/local/lib/python3.11/site-packages/airflow/example_dags/example_complex.py took 0.417 seconds
[2025-12-27T21:32:48.893+0000] {processor.py:161} INFO - Started process (PID=54) to work on /usr/local/lib/python3.11/site-packages/airflow/example_dags/example_complex.py
[2025-12-27T21:32:48.895+0000] {processor.py:830} INFO - Processing file /usr/local/lib/python3.11/site-packages/airflow/example_dags/example_complex.py for tasks to queue
[2025-12-27T21:32:48.907+0000] {logging_mixin.py:188} INFO - [2025-12-27T21:32:48.906+0000] {dagbag.py:545} INFO - Filling up the DagBag from /usr/local/lib/python3.11/site-packages/airflow/example_dags/example_complex.py
[2025-12-27T21:32:48.975+0000] {processor.py:840} INFO - DAG(s) 'example_complex' retrieved from /usr/local/lib/python3.11/site-packages/airflow/example_dags/example_complex.py
[2025-12-27T21:32:49.427+0000] {logging_mixin.py:188} INFO - [2025-12-27T21:32:49.427+0000] {dag.py:3096} INFO - Sync 1 DAGs
[2025-12-27T21:32:49.442+0000] {logging_mixin.py:188} INFO - [2025-12-27T21:32:49.442+0000] {dag.py:3954} INFO - Setting next_dagrun for example_complex to None, run_after=None
[2025-12-27T21:32:49.954+0000] {processor.py:183} INFO - Processing /usr/local/lib/python3.11/site-packages/airflow/example_dags/example_complex.py took 1.088 seconds
