[2025-12-27T13:46:43.233+0000] {processor.py:161} INFO - Started process (PID=63) to work on /usr/local/lib/python3.11/site-packages/airflow/example_dags/example_display_name.py
[2025-12-27T13:46:43.234+0000] {processor.py:830} INFO - Processing file /usr/local/lib/python3.11/site-packages/airflow/example_dags/example_display_name.py for tasks to queue
[2025-12-27T13:46:43.237+0000] {logging_mixin.py:188} INFO - [2025-12-27T13:46:43.236+0000] {dagbag.py:545} INFO - Filling up the DagBag from /usr/local/lib/python3.11/site-packages/airflow/example_dags/example_display_name.py
[2025-12-27T13:46:43.248+0000] {processor.py:840} INFO - DAG(s) 'example_display_name' retrieved from /usr/local/lib/python3.11/site-packages/airflow/example_dags/example_display_name.py
[2025-12-27T13:46:43.835+0000] {logging_mixin.py:188} INFO - [2025-12-27T13:46:43.834+0000] {override.py:1930} INFO - Created Permission View: can edit on DAG:example_display_name
[2025-12-27T13:46:44.003+0000] {logging_mixin.py:188} INFO - [2025-12-27T13:46:44.002+0000] {override.py:1930} INFO - Created Permission View: can read on DAG:example_display_name
[2025-12-27T13:46:44.145+0000] {logging_mixin.py:188} INFO - [2025-12-27T13:46:44.144+0000] {override.py:1930} INFO - Created Permission View: can delete on DAG:example_display_name
[2025-12-27T13:46:44.146+0000] {logging_mixin.py:188} INFO - [2025-12-27T13:46:44.146+0000] {dag.py:3096} INFO - Sync 1 DAGs
[2025-12-27T13:46:44.172+0000] {logging_mixin.py:188} INFO - [2025-12-27T13:46:44.172+0000] {dag.py:3118} INFO - Creating ORM DAG for example_display_name
[2025-12-27T13:46:44.174+0000] {logging_mixin.py:188} INFO - [2025-12-27T13:46:44.173+0000] {dag.py:3954} INFO - Setting next_dagrun for example_display_name to None, run_after=None
[2025-12-27T13:46:44.537+0000] {processor.py:183} INFO - Processing /usr/local/lib/python3.11/site-packages/airflow/example_dags/example_display_name.py took 1.320 seconds
[2025-12-27T13:48:17.413+0000] {processor.py:161} INFO - Started process (PID=115) to work on /usr/local/lib/python3.11/site-packages/airflow/example_dags/example_display_name.py
[2025-12-27T13:48:17.414+0000] {processor.py:830} INFO - Processing file /usr/local/lib/python3.11/site-packages/airflow/example_dags/example_display_name.py for tasks to queue
[2025-12-27T13:48:17.416+0000] {logging_mixin.py:188} INFO - [2025-12-27T13:48:17.416+0000] {dagbag.py:545} INFO - Filling up the DagBag from /usr/local/lib/python3.11/site-packages/airflow/example_dags/example_display_name.py
[2025-12-27T13:48:17.423+0000] {processor.py:840} INFO - DAG(s) 'example_display_name' retrieved from /usr/local/lib/python3.11/site-packages/airflow/example_dags/example_display_name.py
[2025-12-27T13:48:17.452+0000] {logging_mixin.py:188} INFO - [2025-12-27T13:48:17.452+0000] {dag.py:3096} INFO - Sync 1 DAGs
[2025-12-27T13:48:17.474+0000] {logging_mixin.py:188} INFO - [2025-12-27T13:48:17.473+0000] {dag.py:3954} INFO - Setting next_dagrun for example_display_name to None, run_after=None
[2025-12-27T13:48:17.672+0000] {processor.py:183} INFO - Processing /usr/local/lib/python3.11/site-packages/airflow/example_dags/example_display_name.py took 0.272 seconds
[2025-12-27T13:49:49.805+0000] {processor.py:161} INFO - Started process (PID=178) to work on /usr/local/lib/python3.11/site-packages/airflow/example_dags/example_display_name.py
[2025-12-27T13:49:49.807+0000] {processor.py:830} INFO - Processing file /usr/local/lib/python3.11/site-packages/airflow/example_dags/example_display_name.py for tasks to queue
[2025-12-27T13:49:49.809+0000] {logging_mixin.py:188} INFO - [2025-12-27T13:49:49.809+0000] {dagbag.py:545} INFO - Filling up the DagBag from /usr/local/lib/python3.11/site-packages/airflow/example_dags/example_display_name.py
[2025-12-27T13:49:49.816+0000] {processor.py:840} INFO - DAG(s) 'example_display_name' retrieved from /usr/local/lib/python3.11/site-packages/airflow/example_dags/example_display_name.py
[2025-12-27T13:49:49.852+0000] {logging_mixin.py:188} INFO - [2025-12-27T13:49:49.852+0000] {dag.py:3096} INFO - Sync 1 DAGs
[2025-12-27T13:49:49.875+0000] {logging_mixin.py:188} INFO - [2025-12-27T13:49:49.874+0000] {dag.py:3954} INFO - Setting next_dagrun for example_display_name to None, run_after=None
[2025-12-27T13:49:50.096+0000] {processor.py:183} INFO - Processing /usr/local/lib/python3.11/site-packages/airflow/example_dags/example_display_name.py took 0.304 seconds
[2025-12-27T13:51:15.686+0000] {processor.py:161} INFO - Started process (PID=239) to work on /usr/local/lib/python3.11/site-packages/airflow/example_dags/example_display_name.py
[2025-12-27T13:51:15.688+0000] {processor.py:830} INFO - Processing file /usr/local/lib/python3.11/site-packages/airflow/example_dags/example_display_name.py for tasks to queue
[2025-12-27T13:51:15.691+0000] {logging_mixin.py:188} INFO - [2025-12-27T13:51:15.690+0000] {dagbag.py:545} INFO - Filling up the DagBag from /usr/local/lib/python3.11/site-packages/airflow/example_dags/example_display_name.py
[2025-12-27T13:51:15.703+0000] {processor.py:840} INFO - DAG(s) 'example_display_name' retrieved from /usr/local/lib/python3.11/site-packages/airflow/example_dags/example_display_name.py
[2025-12-27T13:51:15.751+0000] {logging_mixin.py:188} INFO - [2025-12-27T13:51:15.751+0000] {dag.py:3096} INFO - Sync 1 DAGs
[2025-12-27T13:51:15.780+0000] {logging_mixin.py:188} INFO - [2025-12-27T13:51:15.780+0000] {dag.py:3954} INFO - Setting next_dagrun for example_display_name to None, run_after=None
[2025-12-27T13:51:16.033+0000] {processor.py:183} INFO - Processing /usr/local/lib/python3.11/site-packages/airflow/example_dags/example_display_name.py took 0.366 seconds
[2025-12-27T13:52:39.110+0000] {processor.py:161} INFO - Started process (PID=299) to work on /usr/local/lib/python3.11/site-packages/airflow/example_dags/example_display_name.py
[2025-12-27T13:52:39.111+0000] {processor.py:830} INFO - Processing file /usr/local/lib/python3.11/site-packages/airflow/example_dags/example_display_name.py for tasks to queue
[2025-12-27T13:52:39.114+0000] {logging_mixin.py:188} INFO - [2025-12-27T13:52:39.113+0000] {dagbag.py:545} INFO - Filling up the DagBag from /usr/local/lib/python3.11/site-packages/airflow/example_dags/example_display_name.py
[2025-12-27T13:52:39.120+0000] {processor.py:840} INFO - DAG(s) 'example_display_name' retrieved from /usr/local/lib/python3.11/site-packages/airflow/example_dags/example_display_name.py
[2025-12-27T13:52:39.150+0000] {logging_mixin.py:188} INFO - [2025-12-27T13:52:39.150+0000] {dag.py:3096} INFO - Sync 1 DAGs
[2025-12-27T13:52:39.167+0000] {logging_mixin.py:188} INFO - [2025-12-27T13:52:39.167+0000] {dag.py:3954} INFO - Setting next_dagrun for example_display_name to None, run_after=None
[2025-12-27T13:52:39.389+0000] {processor.py:183} INFO - Processing /usr/local/lib/python3.11/site-packages/airflow/example_dags/example_display_name.py took 0.292 seconds
[2025-12-27T13:54:03.169+0000] {processor.py:161} INFO - Started process (PID=360) to work on /usr/local/lib/python3.11/site-packages/airflow/example_dags/example_display_name.py
[2025-12-27T13:54:03.171+0000] {processor.py:830} INFO - Processing file /usr/local/lib/python3.11/site-packages/airflow/example_dags/example_display_name.py for tasks to queue
[2025-12-27T13:54:03.175+0000] {logging_mixin.py:188} INFO - [2025-12-27T13:54:03.174+0000] {dagbag.py:545} INFO - Filling up the DagBag from /usr/local/lib/python3.11/site-packages/airflow/example_dags/example_display_name.py
[2025-12-27T13:54:03.187+0000] {processor.py:840} INFO - DAG(s) 'example_display_name' retrieved from /usr/local/lib/python3.11/site-packages/airflow/example_dags/example_display_name.py
[2025-12-27T13:54:03.223+0000] {logging_mixin.py:188} INFO - [2025-12-27T13:54:03.223+0000] {dag.py:3096} INFO - Sync 1 DAGs
[2025-12-27T13:54:03.241+0000] {logging_mixin.py:188} INFO - [2025-12-27T13:54:03.241+0000] {dag.py:3954} INFO - Setting next_dagrun for example_display_name to None, run_after=None
[2025-12-27T13:54:03.487+0000] {processor.py:183} INFO - Processing /usr/local/lib/python3.11/site-packages/airflow/example_dags/example_display_name.py took 0.336 seconds
[2025-12-27T13:55:27.970+0000] {processor.py:161} INFO - Started process (PID=422) to work on /usr/local/lib/python3.11/site-packages/airflow/example_dags/example_display_name.py
[2025-12-27T13:55:27.972+0000] {processor.py:830} INFO - Processing file /usr/local/lib/python3.11/site-packages/airflow/example_dags/example_display_name.py for tasks to queue
[2025-12-27T13:55:27.974+0000] {logging_mixin.py:188} INFO - [2025-12-27T13:55:27.973+0000] {dagbag.py:545} INFO - Filling up the DagBag from /usr/local/lib/python3.11/site-packages/airflow/example_dags/example_display_name.py
[2025-12-27T13:55:27.980+0000] {processor.py:840} INFO - DAG(s) 'example_display_name' retrieved from /usr/local/lib/python3.11/site-packages/airflow/example_dags/example_display_name.py
[2025-12-27T13:55:28.010+0000] {logging_mixin.py:188} INFO - [2025-12-27T13:55:28.010+0000] {dag.py:3096} INFO - Sync 1 DAGs
[2025-12-27T13:55:28.028+0000] {logging_mixin.py:188} INFO - [2025-12-27T13:55:28.027+0000] {dag.py:3954} INFO - Setting next_dagrun for example_display_name to None, run_after=None
[2025-12-27T13:55:28.234+0000] {processor.py:183} INFO - Processing /usr/local/lib/python3.11/site-packages/airflow/example_dags/example_display_name.py took 0.285 seconds
[2025-12-27T13:56:53.236+0000] {processor.py:161} INFO - Started process (PID=483) to work on /usr/local/lib/python3.11/site-packages/airflow/example_dags/example_display_name.py
[2025-12-27T13:56:53.237+0000] {processor.py:830} INFO - Processing file /usr/local/lib/python3.11/site-packages/airflow/example_dags/example_display_name.py for tasks to queue
[2025-12-27T13:56:53.241+0000] {logging_mixin.py:188} INFO - [2025-12-27T13:56:53.241+0000] {dagbag.py:545} INFO - Filling up the DagBag from /usr/local/lib/python3.11/site-packages/airflow/example_dags/example_display_name.py
[2025-12-27T13:56:53.253+0000] {processor.py:840} INFO - DAG(s) 'example_display_name' retrieved from /usr/local/lib/python3.11/site-packages/airflow/example_dags/example_display_name.py
[2025-12-27T13:56:53.293+0000] {logging_mixin.py:188} INFO - [2025-12-27T13:56:53.293+0000] {dag.py:3096} INFO - Sync 1 DAGs
[2025-12-27T13:56:53.313+0000] {logging_mixin.py:188} INFO - [2025-12-27T13:56:53.313+0000] {dag.py:3954} INFO - Setting next_dagrun for example_display_name to None, run_after=None
[2025-12-27T13:56:53.568+0000] {processor.py:183} INFO - Processing /usr/local/lib/python3.11/site-packages/airflow/example_dags/example_display_name.py took 0.356 seconds
[2025-12-27T13:58:18.382+0000] {processor.py:161} INFO - Started process (PID=544) to work on /usr/local/lib/python3.11/site-packages/airflow/example_dags/example_display_name.py
[2025-12-27T13:58:18.383+0000] {processor.py:830} INFO - Processing file /usr/local/lib/python3.11/site-packages/airflow/example_dags/example_display_name.py for tasks to queue
[2025-12-27T13:58:18.386+0000] {logging_mixin.py:188} INFO - [2025-12-27T13:58:18.386+0000] {dagbag.py:545} INFO - Filling up the DagBag from /usr/local/lib/python3.11/site-packages/airflow/example_dags/example_display_name.py
[2025-12-27T13:58:18.394+0000] {processor.py:840} INFO - DAG(s) 'example_display_name' retrieved from /usr/local/lib/python3.11/site-packages/airflow/example_dags/example_display_name.py
[2025-12-27T13:58:18.426+0000] {logging_mixin.py:188} INFO - [2025-12-27T13:58:18.426+0000] {dag.py:3096} INFO - Sync 1 DAGs
[2025-12-27T13:58:18.442+0000] {logging_mixin.py:188} INFO - [2025-12-27T13:58:18.442+0000] {dag.py:3954} INFO - Setting next_dagrun for example_display_name to None, run_after=None
[2025-12-27T13:58:18.641+0000] {processor.py:183} INFO - Processing /usr/local/lib/python3.11/site-packages/airflow/example_dags/example_display_name.py took 0.279 seconds
[2025-12-27T13:59:43.851+0000] {processor.py:161} INFO - Started process (PID=605) to work on /usr/local/lib/python3.11/site-packages/airflow/example_dags/example_display_name.py
[2025-12-27T13:59:43.853+0000] {processor.py:830} INFO - Processing file /usr/local/lib/python3.11/site-packages/airflow/example_dags/example_display_name.py for tasks to queue
[2025-12-27T13:59:43.856+0000] {logging_mixin.py:188} INFO - [2025-12-27T13:59:43.856+0000] {dagbag.py:545} INFO - Filling up the DagBag from /usr/local/lib/python3.11/site-packages/airflow/example_dags/example_display_name.py
[2025-12-27T13:59:43.866+0000] {processor.py:840} INFO - DAG(s) 'example_display_name' retrieved from /usr/local/lib/python3.11/site-packages/airflow/example_dags/example_display_name.py
[2025-12-27T13:59:43.908+0000] {logging_mixin.py:188} INFO - [2025-12-27T13:59:43.907+0000] {dag.py:3096} INFO - Sync 1 DAGs
[2025-12-27T13:59:43.930+0000] {logging_mixin.py:188} INFO - [2025-12-27T13:59:43.929+0000] {dag.py:3954} INFO - Setting next_dagrun for example_display_name to None, run_after=None
[2025-12-27T13:59:44.192+0000] {processor.py:183} INFO - Processing /usr/local/lib/python3.11/site-packages/airflow/example_dags/example_display_name.py took 0.359 seconds
[2025-12-27T14:01:21.080+0000] {processor.py:161} INFO - Started process (PID=670) to work on /usr/local/lib/python3.11/site-packages/airflow/example_dags/example_display_name.py
[2025-12-27T14:01:21.093+0000] {processor.py:830} INFO - Processing file /usr/local/lib/python3.11/site-packages/airflow/example_dags/example_display_name.py for tasks to queue
[2025-12-27T14:01:21.096+0000] {logging_mixin.py:188} INFO - [2025-12-27T14:01:21.096+0000] {dagbag.py:545} INFO - Filling up the DagBag from /usr/local/lib/python3.11/site-packages/airflow/example_dags/example_display_name.py
[2025-12-27T14:01:21.105+0000] {processor.py:840} INFO - DAG(s) 'example_display_name' retrieved from /usr/local/lib/python3.11/site-packages/airflow/example_dags/example_display_name.py
[2025-12-27T14:01:21.137+0000] {logging_mixin.py:188} INFO - [2025-12-27T14:01:21.137+0000] {dag.py:3096} INFO - Sync 1 DAGs
[2025-12-27T14:01:21.158+0000] {logging_mixin.py:188} INFO - [2025-12-27T14:01:21.158+0000] {dag.py:3954} INFO - Setting next_dagrun for example_display_name to None, run_after=None
[2025-12-27T14:01:21.418+0000] {processor.py:183} INFO - Processing /usr/local/lib/python3.11/site-packages/airflow/example_dags/example_display_name.py took 0.393 seconds
[2025-12-27T14:02:54.599+0000] {processor.py:161} INFO - Started process (PID=710) to work on /usr/local/lib/python3.11/site-packages/airflow/example_dags/example_display_name.py
[2025-12-27T14:02:54.601+0000] {processor.py:830} INFO - Processing file /usr/local/lib/python3.11/site-packages/airflow/example_dags/example_display_name.py for tasks to queue
[2025-12-27T14:02:54.604+0000] {logging_mixin.py:188} INFO - [2025-12-27T14:02:54.603+0000] {dagbag.py:545} INFO - Filling up the DagBag from /usr/local/lib/python3.11/site-packages/airflow/example_dags/example_display_name.py
[2025-12-27T14:02:54.612+0000] {processor.py:840} INFO - DAG(s) 'example_display_name' retrieved from /usr/local/lib/python3.11/site-packages/airflow/example_dags/example_display_name.py
[2025-12-27T14:02:54.649+0000] {logging_mixin.py:188} INFO - [2025-12-27T14:02:54.649+0000] {dag.py:3096} INFO - Sync 1 DAGs
[2025-12-27T14:02:54.668+0000] {logging_mixin.py:188} INFO - [2025-12-27T14:02:54.668+0000] {dag.py:3954} INFO - Setting next_dagrun for example_display_name to None, run_after=None
[2025-12-27T14:02:54.861+0000] {processor.py:183} INFO - Processing /usr/local/lib/python3.11/site-packages/airflow/example_dags/example_display_name.py took 0.281 seconds
[2025-12-27T14:04:44.562+0000] {processor.py:161} INFO - Started process (PID=785) to work on /usr/local/lib/python3.11/site-packages/airflow/example_dags/example_display_name.py
[2025-12-27T14:04:44.563+0000] {processor.py:830} INFO - Processing file /usr/local/lib/python3.11/site-packages/airflow/example_dags/example_display_name.py for tasks to queue
[2025-12-27T14:04:44.565+0000] {logging_mixin.py:188} INFO - [2025-12-27T14:04:44.565+0000] {dagbag.py:545} INFO - Filling up the DagBag from /usr/local/lib/python3.11/site-packages/airflow/example_dags/example_display_name.py
[2025-12-27T14:04:44.572+0000] {processor.py:840} INFO - DAG(s) 'example_display_name' retrieved from /usr/local/lib/python3.11/site-packages/airflow/example_dags/example_display_name.py
[2025-12-27T14:04:44.605+0000] {logging_mixin.py:188} INFO - [2025-12-27T14:04:44.605+0000] {dag.py:3096} INFO - Sync 1 DAGs
[2025-12-27T14:04:44.624+0000] {logging_mixin.py:188} INFO - [2025-12-27T14:04:44.624+0000] {dag.py:3954} INFO - Setting next_dagrun for example_display_name to None, run_after=None
[2025-12-27T14:04:44.839+0000] {processor.py:183} INFO - Processing /usr/local/lib/python3.11/site-packages/airflow/example_dags/example_display_name.py took 0.294 seconds
[2025-12-27T14:06:31.410+0000] {processor.py:161} INFO - Started process (PID=863) to work on /usr/local/lib/python3.11/site-packages/airflow/example_dags/example_display_name.py
[2025-12-27T14:06:31.411+0000] {processor.py:830} INFO - Processing file /usr/local/lib/python3.11/site-packages/airflow/example_dags/example_display_name.py for tasks to queue
[2025-12-27T14:06:31.413+0000] {logging_mixin.py:188} INFO - [2025-12-27T14:06:31.413+0000] {dagbag.py:545} INFO - Filling up the DagBag from /usr/local/lib/python3.11/site-packages/airflow/example_dags/example_display_name.py
[2025-12-27T14:06:31.420+0000] {processor.py:840} INFO - DAG(s) 'example_display_name' retrieved from /usr/local/lib/python3.11/site-packages/airflow/example_dags/example_display_name.py
[2025-12-27T14:06:31.450+0000] {logging_mixin.py:188} INFO - [2025-12-27T14:06:31.450+0000] {dag.py:3096} INFO - Sync 1 DAGs
[2025-12-27T14:06:31.471+0000] {logging_mixin.py:188} INFO - [2025-12-27T14:06:31.470+0000] {dag.py:3954} INFO - Setting next_dagrun for example_display_name to None, run_after=None
[2025-12-27T14:06:31.691+0000] {processor.py:183} INFO - Processing /usr/local/lib/python3.11/site-packages/airflow/example_dags/example_display_name.py took 0.301 seconds
[2025-12-27T14:08:12.403+0000] {processor.py:161} INFO - Started process (PID=927) to work on /usr/local/lib/python3.11/site-packages/airflow/example_dags/example_display_name.py
[2025-12-27T14:08:12.405+0000] {processor.py:830} INFO - Processing file /usr/local/lib/python3.11/site-packages/airflow/example_dags/example_display_name.py for tasks to queue
[2025-12-27T14:08:12.408+0000] {logging_mixin.py:188} INFO - [2025-12-27T14:08:12.407+0000] {dagbag.py:545} INFO - Filling up the DagBag from /usr/local/lib/python3.11/site-packages/airflow/example_dags/example_display_name.py
[2025-12-27T14:08:12.417+0000] {processor.py:840} INFO - DAG(s) 'example_display_name' retrieved from /usr/local/lib/python3.11/site-packages/airflow/example_dags/example_display_name.py
[2025-12-27T14:08:12.450+0000] {logging_mixin.py:188} INFO - [2025-12-27T14:08:12.450+0000] {dag.py:3096} INFO - Sync 1 DAGs
[2025-12-27T14:08:12.483+0000] {logging_mixin.py:188} INFO - [2025-12-27T14:08:12.483+0000] {dag.py:3954} INFO - Setting next_dagrun for example_display_name to None, run_after=None
[2025-12-27T14:08:12.712+0000] {processor.py:183} INFO - Processing /usr/local/lib/python3.11/site-packages/airflow/example_dags/example_display_name.py took 0.326 seconds
[2025-12-27T14:09:48.541+0000] {processor.py:161} INFO - Started process (PID=991) to work on /usr/local/lib/python3.11/site-packages/airflow/example_dags/example_display_name.py
[2025-12-27T14:09:48.543+0000] {processor.py:830} INFO - Processing file /usr/local/lib/python3.11/site-packages/airflow/example_dags/example_display_name.py for tasks to queue
[2025-12-27T14:09:48.545+0000] {logging_mixin.py:188} INFO - [2025-12-27T14:09:48.544+0000] {dagbag.py:545} INFO - Filling up the DagBag from /usr/local/lib/python3.11/site-packages/airflow/example_dags/example_display_name.py
[2025-12-27T14:09:48.551+0000] {processor.py:840} INFO - DAG(s) 'example_display_name' retrieved from /usr/local/lib/python3.11/site-packages/airflow/example_dags/example_display_name.py
[2025-12-27T14:09:48.582+0000] {logging_mixin.py:188} INFO - [2025-12-27T14:09:48.581+0000] {dag.py:3096} INFO - Sync 1 DAGs
[2025-12-27T14:09:48.600+0000] {logging_mixin.py:188} INFO - [2025-12-27T14:09:48.600+0000] {dag.py:3954} INFO - Setting next_dagrun for example_display_name to None, run_after=None
[2025-12-27T14:09:48.824+0000] {processor.py:183} INFO - Processing /usr/local/lib/python3.11/site-packages/airflow/example_dags/example_display_name.py took 0.296 seconds
[2025-12-27T14:11:59.514+0000] {processor.py:161} INFO - Started process (PID=1063) to work on /usr/local/lib/python3.11/site-packages/airflow/example_dags/example_display_name.py
[2025-12-27T14:11:59.680+0000] {processor.py:830} INFO - Processing file /usr/local/lib/python3.11/site-packages/airflow/example_dags/example_display_name.py for tasks to queue
[2025-12-27T14:11:59.684+0000] {logging_mixin.py:188} INFO - [2025-12-27T14:11:59.683+0000] {dagbag.py:545} INFO - Filling up the DagBag from /usr/local/lib/python3.11/site-packages/airflow/example_dags/example_display_name.py
[2025-12-27T14:11:59.697+0000] {processor.py:840} INFO - DAG(s) 'example_display_name' retrieved from /usr/local/lib/python3.11/site-packages/airflow/example_dags/example_display_name.py
[2025-12-27T14:11:59.738+0000] {logging_mixin.py:188} INFO - [2025-12-27T14:11:59.738+0000] {dag.py:3096} INFO - Sync 1 DAGs
[2025-12-27T14:11:59.757+0000] {logging_mixin.py:188} INFO - [2025-12-27T14:11:59.757+0000] {dag.py:3954} INFO - Setting next_dagrun for example_display_name to None, run_after=None
[2025-12-27T14:11:59.941+0000] {processor.py:183} INFO - Processing /usr/local/lib/python3.11/site-packages/airflow/example_dags/example_display_name.py took 0.441 seconds
[2025-12-27T14:13:59.169+0000] {processor.py:161} INFO - Started process (PID=1133) to work on /usr/local/lib/python3.11/site-packages/airflow/example_dags/example_display_name.py
[2025-12-27T14:13:59.170+0000] {processor.py:830} INFO - Processing file /usr/local/lib/python3.11/site-packages/airflow/example_dags/example_display_name.py for tasks to queue
[2025-12-27T14:13:59.172+0000] {logging_mixin.py:188} INFO - [2025-12-27T14:13:59.172+0000] {dagbag.py:545} INFO - Filling up the DagBag from /usr/local/lib/python3.11/site-packages/airflow/example_dags/example_display_name.py
[2025-12-27T14:13:59.181+0000] {processor.py:840} INFO - DAG(s) 'example_display_name' retrieved from /usr/local/lib/python3.11/site-packages/airflow/example_dags/example_display_name.py
[2025-12-27T14:13:59.217+0000] {logging_mixin.py:188} INFO - [2025-12-27T14:13:59.217+0000] {dag.py:3096} INFO - Sync 1 DAGs
[2025-12-27T14:13:59.239+0000] {logging_mixin.py:188} INFO - [2025-12-27T14:13:59.238+0000] {dag.py:3954} INFO - Setting next_dagrun for example_display_name to None, run_after=None
[2025-12-27T14:13:59.542+0000] {processor.py:183} INFO - Processing /usr/local/lib/python3.11/site-packages/airflow/example_dags/example_display_name.py took 0.401 seconds
[2025-12-27T14:32:37.726+0000] {processor.py:161} INFO - Started process (PID=59) to work on /usr/local/lib/python3.11/site-packages/airflow/example_dags/example_display_name.py
[2025-12-27T14:32:37.727+0000] {processor.py:830} INFO - Processing file /usr/local/lib/python3.11/site-packages/airflow/example_dags/example_display_name.py for tasks to queue
[2025-12-27T14:32:37.730+0000] {logging_mixin.py:188} INFO - [2025-12-27T14:32:37.729+0000] {dagbag.py:545} INFO - Filling up the DagBag from /usr/local/lib/python3.11/site-packages/airflow/example_dags/example_display_name.py
[2025-12-27T14:32:37.750+0000] {processor.py:840} INFO - DAG(s) 'example_display_name' retrieved from /usr/local/lib/python3.11/site-packages/airflow/example_dags/example_display_name.py
[2025-12-27T14:32:37.947+0000] {logging_mixin.py:188} INFO - [2025-12-27T14:32:37.947+0000] {dag.py:3096} INFO - Sync 1 DAGs
[2025-12-27T14:32:37.965+0000] {logging_mixin.py:188} INFO - [2025-12-27T14:32:37.965+0000] {dag.py:3954} INFO - Setting next_dagrun for example_display_name to None, run_after=None
[2025-12-27T14:32:38.304+0000] {processor.py:183} INFO - Processing /usr/local/lib/python3.11/site-packages/airflow/example_dags/example_display_name.py took 0.593 seconds
[2025-12-27T14:34:03.433+0000] {processor.py:161} INFO - Started process (PID=111) to work on /usr/local/lib/python3.11/site-packages/airflow/example_dags/example_display_name.py
[2025-12-27T14:34:03.434+0000] {processor.py:830} INFO - Processing file /usr/local/lib/python3.11/site-packages/airflow/example_dags/example_display_name.py for tasks to queue
[2025-12-27T14:34:03.437+0000] {logging_mixin.py:188} INFO - [2025-12-27T14:34:03.436+0000] {dagbag.py:545} INFO - Filling up the DagBag from /usr/local/lib/python3.11/site-packages/airflow/example_dags/example_display_name.py
[2025-12-27T14:34:03.444+0000] {processor.py:840} INFO - DAG(s) 'example_display_name' retrieved from /usr/local/lib/python3.11/site-packages/airflow/example_dags/example_display_name.py
[2025-12-27T14:34:03.474+0000] {logging_mixin.py:188} INFO - [2025-12-27T14:34:03.474+0000] {dag.py:3096} INFO - Sync 1 DAGs
[2025-12-27T14:34:03.492+0000] {logging_mixin.py:188} INFO - [2025-12-27T14:34:03.492+0000] {dag.py:3954} INFO - Setting next_dagrun for example_display_name to None, run_after=None
[2025-12-27T14:34:03.687+0000] {processor.py:183} INFO - Processing /usr/local/lib/python3.11/site-packages/airflow/example_dags/example_display_name.py took 0.268 seconds
[2025-12-27T14:35:52.724+0000] {processor.py:161} INFO - Started process (PID=178) to work on /usr/local/lib/python3.11/site-packages/airflow/example_dags/example_display_name.py
[2025-12-27T14:35:52.725+0000] {processor.py:830} INFO - Processing file /usr/local/lib/python3.11/site-packages/airflow/example_dags/example_display_name.py for tasks to queue
[2025-12-27T14:35:52.727+0000] {logging_mixin.py:188} INFO - [2025-12-27T14:35:52.726+0000] {dagbag.py:545} INFO - Filling up the DagBag from /usr/local/lib/python3.11/site-packages/airflow/example_dags/example_display_name.py
[2025-12-27T14:35:52.735+0000] {processor.py:840} INFO - DAG(s) 'example_display_name' retrieved from /usr/local/lib/python3.11/site-packages/airflow/example_dags/example_display_name.py
[2025-12-27T14:35:52.768+0000] {logging_mixin.py:188} INFO - [2025-12-27T14:35:52.768+0000] {dag.py:3096} INFO - Sync 1 DAGs
[2025-12-27T14:35:52.789+0000] {logging_mixin.py:188} INFO - [2025-12-27T14:35:52.789+0000] {dag.py:3954} INFO - Setting next_dagrun for example_display_name to None, run_after=None
[2025-12-27T14:35:52.984+0000] {processor.py:183} INFO - Processing /usr/local/lib/python3.11/site-packages/airflow/example_dags/example_display_name.py took 0.281 seconds
[2025-12-27T14:54:07.116+0000] {processor.py:161} INFO - Started process (PID=63) to work on /usr/local/lib/python3.11/site-packages/airflow/example_dags/example_display_name.py
[2025-12-27T14:54:07.118+0000] {processor.py:830} INFO - Processing file /usr/local/lib/python3.11/site-packages/airflow/example_dags/example_display_name.py for tasks to queue
[2025-12-27T14:54:07.120+0000] {logging_mixin.py:188} INFO - [2025-12-27T14:54:07.120+0000] {dagbag.py:545} INFO - Filling up the DagBag from /usr/local/lib/python3.11/site-packages/airflow/example_dags/example_display_name.py
[2025-12-27T14:54:07.126+0000] {processor.py:840} INFO - DAG(s) 'example_display_name' retrieved from /usr/local/lib/python3.11/site-packages/airflow/example_dags/example_display_name.py
[2025-12-27T14:54:07.560+0000] {logging_mixin.py:188} INFO - [2025-12-27T14:54:07.559+0000] {override.py:1930} INFO - Created Permission View: can delete on DAG:example_display_name
[2025-12-27T14:54:07.722+0000] {logging_mixin.py:188} INFO - [2025-12-27T14:54:07.722+0000] {override.py:1930} INFO - Created Permission View: can edit on DAG:example_display_name
[2025-12-27T14:54:08.077+0000] {logging_mixin.py:188} INFO - [2025-12-27T14:54:08.076+0000] {override.py:1930} INFO - Created Permission View: can read on DAG:example_display_name
[2025-12-27T14:54:08.078+0000] {logging_mixin.py:188} INFO - [2025-12-27T14:54:08.078+0000] {dag.py:3096} INFO - Sync 1 DAGs
[2025-12-27T14:54:08.109+0000] {logging_mixin.py:188} INFO - [2025-12-27T14:54:08.109+0000] {dag.py:3118} INFO - Creating ORM DAG for example_display_name
[2025-12-27T14:54:08.111+0000] {logging_mixin.py:188} INFO - [2025-12-27T14:54:08.111+0000] {dag.py:3954} INFO - Setting next_dagrun for example_display_name to None, run_after=None
[2025-12-27T14:54:08.362+0000] {processor.py:183} INFO - Processing /usr/local/lib/python3.11/site-packages/airflow/example_dags/example_display_name.py took 1.258 seconds
[2025-12-27T14:55:54.695+0000] {processor.py:161} INFO - Started process (PID=115) to work on /usr/local/lib/python3.11/site-packages/airflow/example_dags/example_display_name.py
[2025-12-27T14:55:54.697+0000] {processor.py:830} INFO - Processing file /usr/local/lib/python3.11/site-packages/airflow/example_dags/example_display_name.py for tasks to queue
[2025-12-27T14:55:54.699+0000] {logging_mixin.py:188} INFO - [2025-12-27T14:55:54.699+0000] {dagbag.py:545} INFO - Filling up the DagBag from /usr/local/lib/python3.11/site-packages/airflow/example_dags/example_display_name.py
[2025-12-27T14:55:54.706+0000] {processor.py:840} INFO - DAG(s) 'example_display_name' retrieved from /usr/local/lib/python3.11/site-packages/airflow/example_dags/example_display_name.py
[2025-12-27T14:55:54.738+0000] {logging_mixin.py:188} INFO - [2025-12-27T14:55:54.738+0000] {dag.py:3096} INFO - Sync 1 DAGs
[2025-12-27T14:55:54.757+0000] {logging_mixin.py:188} INFO - [2025-12-27T14:55:54.756+0000] {dag.py:3954} INFO - Setting next_dagrun for example_display_name to None, run_after=None
[2025-12-27T14:55:54.942+0000] {processor.py:183} INFO - Processing /usr/local/lib/python3.11/site-packages/airflow/example_dags/example_display_name.py took 0.260 seconds
[2025-12-27T14:57:42.710+0000] {processor.py:161} INFO - Started process (PID=182) to work on /usr/local/lib/python3.11/site-packages/airflow/example_dags/example_display_name.py
[2025-12-27T14:57:42.715+0000] {processor.py:830} INFO - Processing file /usr/local/lib/python3.11/site-packages/airflow/example_dags/example_display_name.py for tasks to queue
[2025-12-27T14:57:42.732+0000] {logging_mixin.py:188} INFO - [2025-12-27T14:57:42.731+0000] {dagbag.py:545} INFO - Filling up the DagBag from /usr/local/lib/python3.11/site-packages/airflow/example_dags/example_display_name.py
[2025-12-27T14:57:42.766+0000] {processor.py:840} INFO - DAG(s) 'example_display_name' retrieved from /usr/local/lib/python3.11/site-packages/airflow/example_dags/example_display_name.py
[2025-12-27T14:57:42.924+0000] {logging_mixin.py:188} INFO - [2025-12-27T14:57:42.923+0000] {dag.py:3096} INFO - Sync 1 DAGs
[2025-12-27T14:57:42.992+0000] {logging_mixin.py:188} INFO - [2025-12-27T14:57:42.992+0000] {dag.py:3954} INFO - Setting next_dagrun for example_display_name to None, run_after=None
[2025-12-27T14:57:43.297+0000] {processor.py:183} INFO - Processing /usr/local/lib/python3.11/site-packages/airflow/example_dags/example_display_name.py took 0.687 seconds
[2025-12-27T14:59:41.781+0000] {processor.py:161} INFO - Started process (PID=263) to work on /usr/local/lib/python3.11/site-packages/airflow/example_dags/example_display_name.py
[2025-12-27T14:59:41.782+0000] {processor.py:830} INFO - Processing file /usr/local/lib/python3.11/site-packages/airflow/example_dags/example_display_name.py for tasks to queue
[2025-12-27T14:59:41.785+0000] {logging_mixin.py:188} INFO - [2025-12-27T14:59:41.784+0000] {dagbag.py:545} INFO - Filling up the DagBag from /usr/local/lib/python3.11/site-packages/airflow/example_dags/example_display_name.py
[2025-12-27T14:59:41.793+0000] {processor.py:840} INFO - DAG(s) 'example_display_name' retrieved from /usr/local/lib/python3.11/site-packages/airflow/example_dags/example_display_name.py
[2025-12-27T14:59:41.832+0000] {logging_mixin.py:188} INFO - [2025-12-27T14:59:41.831+0000] {dag.py:3096} INFO - Sync 1 DAGs
[2025-12-27T14:59:41.852+0000] {logging_mixin.py:188} INFO - [2025-12-27T14:59:41.852+0000] {dag.py:3954} INFO - Setting next_dagrun for example_display_name to None, run_after=None
[2025-12-27T14:59:42.132+0000] {processor.py:183} INFO - Processing /usr/local/lib/python3.11/site-packages/airflow/example_dags/example_display_name.py took 0.376 seconds
[2025-12-27T15:01:45.890+0000] {processor.py:161} INFO - Started process (PID=336) to work on /usr/local/lib/python3.11/site-packages/airflow/example_dags/example_display_name.py
[2025-12-27T15:01:45.893+0000] {processor.py:830} INFO - Processing file /usr/local/lib/python3.11/site-packages/airflow/example_dags/example_display_name.py for tasks to queue
[2025-12-27T15:01:45.899+0000] {logging_mixin.py:188} INFO - [2025-12-27T15:01:45.899+0000] {dagbag.py:545} INFO - Filling up the DagBag from /usr/local/lib/python3.11/site-packages/airflow/example_dags/example_display_name.py
[2025-12-27T15:01:45.915+0000] {processor.py:840} INFO - DAG(s) 'example_display_name' retrieved from /usr/local/lib/python3.11/site-packages/airflow/example_dags/example_display_name.py
[2025-12-27T15:01:45.997+0000] {logging_mixin.py:188} INFO - [2025-12-27T15:01:45.996+0000] {dag.py:3096} INFO - Sync 1 DAGs
[2025-12-27T15:01:46.049+0000] {logging_mixin.py:188} INFO - [2025-12-27T15:01:46.048+0000] {dag.py:3954} INFO - Setting next_dagrun for example_display_name to None, run_after=None
[2025-12-27T15:01:46.363+0000] {processor.py:183} INFO - Processing /usr/local/lib/python3.11/site-packages/airflow/example_dags/example_display_name.py took 0.504 seconds
[2025-12-27T15:03:38.974+0000] {processor.py:161} INFO - Started process (PID=414) to work on /usr/local/lib/python3.11/site-packages/airflow/example_dags/example_display_name.py
[2025-12-27T15:03:38.975+0000] {processor.py:830} INFO - Processing file /usr/local/lib/python3.11/site-packages/airflow/example_dags/example_display_name.py for tasks to queue
[2025-12-27T15:03:38.977+0000] {logging_mixin.py:188} INFO - [2025-12-27T15:03:38.977+0000] {dagbag.py:545} INFO - Filling up the DagBag from /usr/local/lib/python3.11/site-packages/airflow/example_dags/example_display_name.py
[2025-12-27T15:03:38.986+0000] {processor.py:840} INFO - DAG(s) 'example_display_name' retrieved from /usr/local/lib/python3.11/site-packages/airflow/example_dags/example_display_name.py
[2025-12-27T15:03:39.020+0000] {logging_mixin.py:188} INFO - [2025-12-27T15:03:39.019+0000] {dag.py:3096} INFO - Sync 1 DAGs
[2025-12-27T15:03:39.039+0000] {logging_mixin.py:188} INFO - [2025-12-27T15:03:39.039+0000] {dag.py:3954} INFO - Setting next_dagrun for example_display_name to None, run_after=None
[2025-12-27T15:03:39.357+0000] {processor.py:183} INFO - Processing /usr/local/lib/python3.11/site-packages/airflow/example_dags/example_display_name.py took 0.399 seconds
[2025-12-27T15:05:05.984+0000] {processor.py:161} INFO - Started process (PID=475) to work on /usr/local/lib/python3.11/site-packages/airflow/example_dags/example_display_name.py
[2025-12-27T15:05:05.986+0000] {processor.py:830} INFO - Processing file /usr/local/lib/python3.11/site-packages/airflow/example_dags/example_display_name.py for tasks to queue
[2025-12-27T15:05:05.988+0000] {logging_mixin.py:188} INFO - [2025-12-27T15:05:05.988+0000] {dagbag.py:545} INFO - Filling up the DagBag from /usr/local/lib/python3.11/site-packages/airflow/example_dags/example_display_name.py
[2025-12-27T15:05:05.998+0000] {processor.py:840} INFO - DAG(s) 'example_display_name' retrieved from /usr/local/lib/python3.11/site-packages/airflow/example_dags/example_display_name.py
[2025-12-27T15:05:06.037+0000] {logging_mixin.py:188} INFO - [2025-12-27T15:05:06.037+0000] {dag.py:3096} INFO - Sync 1 DAGs
[2025-12-27T15:05:06.061+0000] {logging_mixin.py:188} INFO - [2025-12-27T15:05:06.061+0000] {dag.py:3954} INFO - Setting next_dagrun for example_display_name to None, run_after=None
[2025-12-27T15:05:06.257+0000] {processor.py:183} INFO - Processing /usr/local/lib/python3.11/site-packages/airflow/example_dags/example_display_name.py took 0.287 seconds
[2025-12-27T15:06:34.794+0000] {processor.py:161} INFO - Started process (PID=537) to work on /usr/local/lib/python3.11/site-packages/airflow/example_dags/example_display_name.py
[2025-12-27T15:06:34.795+0000] {processor.py:830} INFO - Processing file /usr/local/lib/python3.11/site-packages/airflow/example_dags/example_display_name.py for tasks to queue
[2025-12-27T15:06:34.798+0000] {logging_mixin.py:188} INFO - [2025-12-27T15:06:34.798+0000] {dagbag.py:545} INFO - Filling up the DagBag from /usr/local/lib/python3.11/site-packages/airflow/example_dags/example_display_name.py
[2025-12-27T15:06:34.805+0000] {processor.py:840} INFO - DAG(s) 'example_display_name' retrieved from /usr/local/lib/python3.11/site-packages/airflow/example_dags/example_display_name.py
[2025-12-27T15:06:34.839+0000] {logging_mixin.py:188} INFO - [2025-12-27T15:06:34.839+0000] {dag.py:3096} INFO - Sync 1 DAGs
[2025-12-27T15:06:34.858+0000] {logging_mixin.py:188} INFO - [2025-12-27T15:06:34.858+0000] {dag.py:3954} INFO - Setting next_dagrun for example_display_name to None, run_after=None
[2025-12-27T15:06:35.100+0000] {processor.py:183} INFO - Processing /usr/local/lib/python3.11/site-packages/airflow/example_dags/example_display_name.py took 0.321 seconds
[2025-12-27T15:08:07.024+0000] {processor.py:161} INFO - Started process (PID=600) to work on /usr/local/lib/python3.11/site-packages/airflow/example_dags/example_display_name.py
[2025-12-27T15:08:07.025+0000] {processor.py:830} INFO - Processing file /usr/local/lib/python3.11/site-packages/airflow/example_dags/example_display_name.py for tasks to queue
[2025-12-27T15:08:07.036+0000] {logging_mixin.py:188} INFO - [2025-12-27T15:08:07.028+0000] {dagbag.py:545} INFO - Filling up the DagBag from /usr/local/lib/python3.11/site-packages/airflow/example_dags/example_display_name.py
[2025-12-27T15:08:07.054+0000] {processor.py:840} INFO - DAG(s) 'example_display_name' retrieved from /usr/local/lib/python3.11/site-packages/airflow/example_dags/example_display_name.py
[2025-12-27T15:08:07.100+0000] {logging_mixin.py:188} INFO - [2025-12-27T15:08:07.100+0000] {dag.py:3096} INFO - Sync 1 DAGs
[2025-12-27T15:08:07.117+0000] {logging_mixin.py:188} INFO - [2025-12-27T15:08:07.117+0000] {dag.py:3954} INFO - Setting next_dagrun for example_display_name to None, run_after=None
[2025-12-27T15:08:07.288+0000] {processor.py:183} INFO - Processing /usr/local/lib/python3.11/site-packages/airflow/example_dags/example_display_name.py took 0.286 seconds
[2025-12-27T15:09:53.397+0000] {processor.py:161} INFO - Started process (PID=667) to work on /usr/local/lib/python3.11/site-packages/airflow/example_dags/example_display_name.py
[2025-12-27T15:09:53.398+0000] {processor.py:830} INFO - Processing file /usr/local/lib/python3.11/site-packages/airflow/example_dags/example_display_name.py for tasks to queue
[2025-12-27T15:09:53.401+0000] {logging_mixin.py:188} INFO - [2025-12-27T15:09:53.400+0000] {dagbag.py:545} INFO - Filling up the DagBag from /usr/local/lib/python3.11/site-packages/airflow/example_dags/example_display_name.py
[2025-12-27T15:09:53.408+0000] {processor.py:840} INFO - DAG(s) 'example_display_name' retrieved from /usr/local/lib/python3.11/site-packages/airflow/example_dags/example_display_name.py
[2025-12-27T15:09:53.445+0000] {logging_mixin.py:188} INFO - [2025-12-27T15:09:53.445+0000] {dag.py:3096} INFO - Sync 1 DAGs
[2025-12-27T15:09:53.464+0000] {logging_mixin.py:188} INFO - [2025-12-27T15:09:53.464+0000] {dag.py:3954} INFO - Setting next_dagrun for example_display_name to None, run_after=None
[2025-12-27T15:09:53.645+0000] {processor.py:183} INFO - Processing /usr/local/lib/python3.11/site-packages/airflow/example_dags/example_display_name.py took 0.262 seconds
[2025-12-27T15:11:43.617+0000] {processor.py:161} INFO - Started process (PID=735) to work on /usr/local/lib/python3.11/site-packages/airflow/example_dags/example_display_name.py
[2025-12-27T15:11:43.618+0000] {processor.py:830} INFO - Processing file /usr/local/lib/python3.11/site-packages/airflow/example_dags/example_display_name.py for tasks to queue
[2025-12-27T15:11:43.620+0000] {logging_mixin.py:188} INFO - [2025-12-27T15:11:43.620+0000] {dagbag.py:545} INFO - Filling up the DagBag from /usr/local/lib/python3.11/site-packages/airflow/example_dags/example_display_name.py
[2025-12-27T15:11:43.627+0000] {processor.py:840} INFO - DAG(s) 'example_display_name' retrieved from /usr/local/lib/python3.11/site-packages/airflow/example_dags/example_display_name.py
[2025-12-27T15:11:43.670+0000] {logging_mixin.py:188} INFO - [2025-12-27T15:11:43.670+0000] {dag.py:3096} INFO - Sync 1 DAGs
[2025-12-27T15:11:43.697+0000] {logging_mixin.py:188} INFO - [2025-12-27T15:11:43.697+0000] {dag.py:3954} INFO - Setting next_dagrun for example_display_name to None, run_after=None
[2025-12-27T15:11:43.922+0000] {processor.py:183} INFO - Processing /usr/local/lib/python3.11/site-packages/airflow/example_dags/example_display_name.py took 0.324 seconds
[2025-12-27T15:13:16.371+0000] {processor.py:161} INFO - Started process (PID=798) to work on /usr/local/lib/python3.11/site-packages/airflow/example_dags/example_display_name.py
[2025-12-27T15:13:16.372+0000] {processor.py:830} INFO - Processing file /usr/local/lib/python3.11/site-packages/airflow/example_dags/example_display_name.py for tasks to queue
[2025-12-27T15:13:16.374+0000] {logging_mixin.py:188} INFO - [2025-12-27T15:13:16.374+0000] {dagbag.py:545} INFO - Filling up the DagBag from /usr/local/lib/python3.11/site-packages/airflow/example_dags/example_display_name.py
[2025-12-27T15:13:16.381+0000] {processor.py:840} INFO - DAG(s) 'example_display_name' retrieved from /usr/local/lib/python3.11/site-packages/airflow/example_dags/example_display_name.py
[2025-12-27T15:13:16.412+0000] {logging_mixin.py:188} INFO - [2025-12-27T15:13:16.411+0000] {dag.py:3096} INFO - Sync 1 DAGs
[2025-12-27T15:13:16.433+0000] {logging_mixin.py:188} INFO - [2025-12-27T15:13:16.433+0000] {dag.py:3954} INFO - Setting next_dagrun for example_display_name to None, run_after=None
[2025-12-27T15:13:16.810+0000] {processor.py:183} INFO - Processing /usr/local/lib/python3.11/site-packages/airflow/example_dags/example_display_name.py took 0.454 seconds
[2025-12-27T15:14:54.799+0000] {processor.py:161} INFO - Started process (PID=861) to work on /usr/local/lib/python3.11/site-packages/airflow/example_dags/example_display_name.py
[2025-12-27T15:14:54.801+0000] {processor.py:830} INFO - Processing file /usr/local/lib/python3.11/site-packages/airflow/example_dags/example_display_name.py for tasks to queue
[2025-12-27T15:14:54.805+0000] {logging_mixin.py:188} INFO - [2025-12-27T15:14:54.804+0000] {dagbag.py:545} INFO - Filling up the DagBag from /usr/local/lib/python3.11/site-packages/airflow/example_dags/example_display_name.py
[2025-12-27T15:14:54.820+0000] {processor.py:840} INFO - DAG(s) 'example_display_name' retrieved from /usr/local/lib/python3.11/site-packages/airflow/example_dags/example_display_name.py
[2025-12-27T15:14:54.877+0000] {logging_mixin.py:188} INFO - [2025-12-27T15:14:54.876+0000] {dag.py:3096} INFO - Sync 1 DAGs
[2025-12-27T15:14:54.898+0000] {logging_mixin.py:188} INFO - [2025-12-27T15:14:54.898+0000] {dag.py:3954} INFO - Setting next_dagrun for example_display_name to None, run_after=None
[2025-12-27T15:14:55.225+0000] {processor.py:183} INFO - Processing /usr/local/lib/python3.11/site-packages/airflow/example_dags/example_display_name.py took 0.451 seconds
[2025-12-27T15:16:45.867+0000] {processor.py:161} INFO - Started process (PID=928) to work on /usr/local/lib/python3.11/site-packages/airflow/example_dags/example_display_name.py
[2025-12-27T15:16:45.868+0000] {processor.py:830} INFO - Processing file /usr/local/lib/python3.11/site-packages/airflow/example_dags/example_display_name.py for tasks to queue
[2025-12-27T15:16:45.871+0000] {logging_mixin.py:188} INFO - [2025-12-27T15:16:45.871+0000] {dagbag.py:545} INFO - Filling up the DagBag from /usr/local/lib/python3.11/site-packages/airflow/example_dags/example_display_name.py
[2025-12-27T15:16:45.879+0000] {processor.py:840} INFO - DAG(s) 'example_display_name' retrieved from /usr/local/lib/python3.11/site-packages/airflow/example_dags/example_display_name.py
[2025-12-27T15:16:45.910+0000] {logging_mixin.py:188} INFO - [2025-12-27T15:16:45.909+0000] {dag.py:3096} INFO - Sync 1 DAGs
[2025-12-27T15:16:45.927+0000] {logging_mixin.py:188} INFO - [2025-12-27T15:16:45.927+0000] {dag.py:3954} INFO - Setting next_dagrun for example_display_name to None, run_after=None
[2025-12-27T15:16:46.138+0000] {processor.py:183} INFO - Processing /usr/local/lib/python3.11/site-packages/airflow/example_dags/example_display_name.py took 0.288 seconds
[2025-12-27T15:18:29.382+0000] {processor.py:161} INFO - Started process (PID=995) to work on /usr/local/lib/python3.11/site-packages/airflow/example_dags/example_display_name.py
[2025-12-27T15:18:29.383+0000] {processor.py:830} INFO - Processing file /usr/local/lib/python3.11/site-packages/airflow/example_dags/example_display_name.py for tasks to queue
[2025-12-27T15:18:29.386+0000] {logging_mixin.py:188} INFO - [2025-12-27T15:18:29.385+0000] {dagbag.py:545} INFO - Filling up the DagBag from /usr/local/lib/python3.11/site-packages/airflow/example_dags/example_display_name.py
[2025-12-27T15:18:29.394+0000] {processor.py:840} INFO - DAG(s) 'example_display_name' retrieved from /usr/local/lib/python3.11/site-packages/airflow/example_dags/example_display_name.py
[2025-12-27T15:18:29.433+0000] {logging_mixin.py:188} INFO - [2025-12-27T15:18:29.432+0000] {dag.py:3096} INFO - Sync 1 DAGs
[2025-12-27T15:18:29.471+0000] {logging_mixin.py:188} INFO - [2025-12-27T15:18:29.471+0000] {dag.py:3954} INFO - Setting next_dagrun for example_display_name to None, run_after=None
[2025-12-27T15:18:29.681+0000] {processor.py:183} INFO - Processing /usr/local/lib/python3.11/site-packages/airflow/example_dags/example_display_name.py took 0.317 seconds
[2025-12-27T15:20:14.972+0000] {processor.py:161} INFO - Started process (PID=1061) to work on /usr/local/lib/python3.11/site-packages/airflow/example_dags/example_display_name.py
[2025-12-27T15:20:14.974+0000] {processor.py:830} INFO - Processing file /usr/local/lib/python3.11/site-packages/airflow/example_dags/example_display_name.py for tasks to queue
[2025-12-27T15:20:14.977+0000] {logging_mixin.py:188} INFO - [2025-12-27T15:20:14.976+0000] {dagbag.py:545} INFO - Filling up the DagBag from /usr/local/lib/python3.11/site-packages/airflow/example_dags/example_display_name.py
[2025-12-27T15:20:14.988+0000] {processor.py:840} INFO - DAG(s) 'example_display_name' retrieved from /usr/local/lib/python3.11/site-packages/airflow/example_dags/example_display_name.py
[2025-12-27T15:20:15.027+0000] {logging_mixin.py:188} INFO - [2025-12-27T15:20:15.027+0000] {dag.py:3096} INFO - Sync 1 DAGs
[2025-12-27T15:20:15.270+0000] {logging_mixin.py:188} INFO - [2025-12-27T15:20:15.270+0000] {dag.py:3954} INFO - Setting next_dagrun for example_display_name to None, run_after=None
[2025-12-27T15:20:15.568+0000] {processor.py:183} INFO - Processing /usr/local/lib/python3.11/site-packages/airflow/example_dags/example_display_name.py took 0.613 seconds
[2025-12-27T15:31:23.333+0000] {processor.py:161} INFO - Started process (PID=58) to work on /usr/local/lib/python3.11/site-packages/airflow/example_dags/example_display_name.py
[2025-12-27T15:31:23.334+0000] {processor.py:830} INFO - Processing file /usr/local/lib/python3.11/site-packages/airflow/example_dags/example_display_name.py for tasks to queue
[2025-12-27T15:31:23.336+0000] {logging_mixin.py:188} INFO - [2025-12-27T15:31:23.336+0000] {dagbag.py:545} INFO - Filling up the DagBag from /usr/local/lib/python3.11/site-packages/airflow/example_dags/example_display_name.py
[2025-12-27T15:31:23.343+0000] {processor.py:840} INFO - DAG(s) 'example_display_name' retrieved from /usr/local/lib/python3.11/site-packages/airflow/example_dags/example_display_name.py
[2025-12-27T15:31:23.529+0000] {logging_mixin.py:188} INFO - [2025-12-27T15:31:23.529+0000] {dag.py:3096} INFO - Sync 1 DAGs
[2025-12-27T15:31:23.544+0000] {logging_mixin.py:188} INFO - [2025-12-27T15:31:23.544+0000] {dag.py:3954} INFO - Setting next_dagrun for example_display_name to None, run_after=None
[2025-12-27T15:31:23.729+0000] {processor.py:183} INFO - Processing /usr/local/lib/python3.11/site-packages/airflow/example_dags/example_display_name.py took 0.409 seconds
[2025-12-27T15:32:54.606+0000] {processor.py:161} INFO - Started process (PID=110) to work on /usr/local/lib/python3.11/site-packages/airflow/example_dags/example_display_name.py
[2025-12-27T15:32:54.607+0000] {processor.py:830} INFO - Processing file /usr/local/lib/python3.11/site-packages/airflow/example_dags/example_display_name.py for tasks to queue
[2025-12-27T15:32:54.609+0000] {logging_mixin.py:188} INFO - [2025-12-27T15:32:54.609+0000] {dagbag.py:545} INFO - Filling up the DagBag from /usr/local/lib/python3.11/site-packages/airflow/example_dags/example_display_name.py
[2025-12-27T15:32:54.616+0000] {processor.py:840} INFO - DAG(s) 'example_display_name' retrieved from /usr/local/lib/python3.11/site-packages/airflow/example_dags/example_display_name.py
[2025-12-27T15:32:54.670+0000] {logging_mixin.py:188} INFO - [2025-12-27T15:32:54.670+0000] {dag.py:3096} INFO - Sync 1 DAGs
[2025-12-27T15:32:54.714+0000] {logging_mixin.py:188} INFO - [2025-12-27T15:32:54.714+0000] {dag.py:3954} INFO - Setting next_dagrun for example_display_name to None, run_after=None
[2025-12-27T15:32:54.973+0000] {processor.py:183} INFO - Processing /usr/local/lib/python3.11/site-packages/airflow/example_dags/example_display_name.py took 0.388 seconds
[2025-12-27T15:34:33.132+0000] {processor.py:161} INFO - Started process (PID=175) to work on /usr/local/lib/python3.11/site-packages/airflow/example_dags/example_display_name.py
[2025-12-27T15:34:33.134+0000] {processor.py:830} INFO - Processing file /usr/local/lib/python3.11/site-packages/airflow/example_dags/example_display_name.py for tasks to queue
[2025-12-27T15:34:33.137+0000] {logging_mixin.py:188} INFO - [2025-12-27T15:34:33.136+0000] {dagbag.py:545} INFO - Filling up the DagBag from /usr/local/lib/python3.11/site-packages/airflow/example_dags/example_display_name.py
[2025-12-27T15:34:33.158+0000] {processor.py:840} INFO - DAG(s) 'example_display_name' retrieved from /usr/local/lib/python3.11/site-packages/airflow/example_dags/example_display_name.py
[2025-12-27T15:34:33.270+0000] {logging_mixin.py:188} INFO - [2025-12-27T15:34:33.270+0000] {dag.py:3096} INFO - Sync 1 DAGs
[2025-12-27T15:34:33.297+0000] {logging_mixin.py:188} INFO - [2025-12-27T15:34:33.297+0000] {dag.py:3954} INFO - Setting next_dagrun for example_display_name to None, run_after=None
[2025-12-27T15:34:33.504+0000] {processor.py:183} INFO - Processing /usr/local/lib/python3.11/site-packages/airflow/example_dags/example_display_name.py took 0.390 seconds
[2025-12-27T15:36:03.223+0000] {processor.py:161} INFO - Started process (PID=238) to work on /usr/local/lib/python3.11/site-packages/airflow/example_dags/example_display_name.py
[2025-12-27T15:36:03.224+0000] {processor.py:830} INFO - Processing file /usr/local/lib/python3.11/site-packages/airflow/example_dags/example_display_name.py for tasks to queue
[2025-12-27T15:36:03.233+0000] {logging_mixin.py:188} INFO - [2025-12-27T15:36:03.233+0000] {dagbag.py:545} INFO - Filling up the DagBag from /usr/local/lib/python3.11/site-packages/airflow/example_dags/example_display_name.py
[2025-12-27T15:36:03.334+0000] {processor.py:840} INFO - DAG(s) 'example_display_name' retrieved from /usr/local/lib/python3.11/site-packages/airflow/example_dags/example_display_name.py
[2025-12-27T15:36:03.370+0000] {logging_mixin.py:188} INFO - [2025-12-27T15:36:03.370+0000] {dag.py:3096} INFO - Sync 1 DAGs
[2025-12-27T15:36:03.387+0000] {logging_mixin.py:188} INFO - [2025-12-27T15:36:03.387+0000] {dag.py:3954} INFO - Setting next_dagrun for example_display_name to None, run_after=None
[2025-12-27T15:36:03.624+0000] {processor.py:183} INFO - Processing /usr/local/lib/python3.11/site-packages/airflow/example_dags/example_display_name.py took 0.420 seconds
[2025-12-27T15:37:40.773+0000] {processor.py:161} INFO - Started process (PID=302) to work on /usr/local/lib/python3.11/site-packages/airflow/example_dags/example_display_name.py
[2025-12-27T15:37:40.774+0000] {processor.py:830} INFO - Processing file /usr/local/lib/python3.11/site-packages/airflow/example_dags/example_display_name.py for tasks to queue
[2025-12-27T15:37:40.776+0000] {logging_mixin.py:188} INFO - [2025-12-27T15:37:40.776+0000] {dagbag.py:545} INFO - Filling up the DagBag from /usr/local/lib/python3.11/site-packages/airflow/example_dags/example_display_name.py
[2025-12-27T15:37:40.783+0000] {processor.py:840} INFO - DAG(s) 'example_display_name' retrieved from /usr/local/lib/python3.11/site-packages/airflow/example_dags/example_display_name.py
[2025-12-27T15:37:40.812+0000] {logging_mixin.py:188} INFO - [2025-12-27T15:37:40.812+0000] {dag.py:3096} INFO - Sync 1 DAGs
[2025-12-27T15:37:40.833+0000] {logging_mixin.py:188} INFO - [2025-12-27T15:37:40.833+0000] {dag.py:3954} INFO - Setting next_dagrun for example_display_name to None, run_after=None
[2025-12-27T15:37:41.030+0000] {processor.py:183} INFO - Processing /usr/local/lib/python3.11/site-packages/airflow/example_dags/example_display_name.py took 0.271 seconds
[2025-12-27T15:39:13.539+0000] {processor.py:161} INFO - Started process (PID=364) to work on /usr/local/lib/python3.11/site-packages/airflow/example_dags/example_display_name.py
[2025-12-27T15:39:13.540+0000] {processor.py:830} INFO - Processing file /usr/local/lib/python3.11/site-packages/airflow/example_dags/example_display_name.py for tasks to queue
[2025-12-27T15:39:13.543+0000] {logging_mixin.py:188} INFO - [2025-12-27T15:39:13.542+0000] {dagbag.py:545} INFO - Filling up the DagBag from /usr/local/lib/python3.11/site-packages/airflow/example_dags/example_display_name.py
[2025-12-27T15:39:13.550+0000] {processor.py:840} INFO - DAG(s) 'example_display_name' retrieved from /usr/local/lib/python3.11/site-packages/airflow/example_dags/example_display_name.py
[2025-12-27T15:39:13.583+0000] {logging_mixin.py:188} INFO - [2025-12-27T15:39:13.582+0000] {dag.py:3096} INFO - Sync 1 DAGs
[2025-12-27T15:39:13.602+0000] {logging_mixin.py:188} INFO - [2025-12-27T15:39:13.602+0000] {dag.py:3954} INFO - Setting next_dagrun for example_display_name to None, run_after=None
[2025-12-27T15:39:13.863+0000] {processor.py:183} INFO - Processing /usr/local/lib/python3.11/site-packages/airflow/example_dags/example_display_name.py took 0.340 seconds
[2025-12-27T15:40:59.156+0000] {processor.py:161} INFO - Started process (PID=429) to work on /usr/local/lib/python3.11/site-packages/airflow/example_dags/example_display_name.py
[2025-12-27T15:40:59.157+0000] {processor.py:830} INFO - Processing file /usr/local/lib/python3.11/site-packages/airflow/example_dags/example_display_name.py for tasks to queue
[2025-12-27T15:40:59.159+0000] {logging_mixin.py:188} INFO - [2025-12-27T15:40:59.158+0000] {dagbag.py:545} INFO - Filling up the DagBag from /usr/local/lib/python3.11/site-packages/airflow/example_dags/example_display_name.py
[2025-12-27T15:40:59.167+0000] {processor.py:840} INFO - DAG(s) 'example_display_name' retrieved from /usr/local/lib/python3.11/site-packages/airflow/example_dags/example_display_name.py
[2025-12-27T15:40:59.211+0000] {logging_mixin.py:188} INFO - [2025-12-27T15:40:59.210+0000] {dag.py:3096} INFO - Sync 1 DAGs
[2025-12-27T15:40:59.233+0000] {logging_mixin.py:188} INFO - [2025-12-27T15:40:59.233+0000] {dag.py:3954} INFO - Setting next_dagrun for example_display_name to None, run_after=None
[2025-12-27T15:40:59.481+0000] {processor.py:183} INFO - Processing /usr/local/lib/python3.11/site-packages/airflow/example_dags/example_display_name.py took 0.341 seconds
[2025-12-27T15:44:20.496+0000] {processor.py:161} INFO - Started process (PID=62) to work on /usr/local/lib/python3.11/site-packages/airflow/example_dags/example_display_name.py
[2025-12-27T15:44:20.498+0000] {processor.py:830} INFO - Processing file /usr/local/lib/python3.11/site-packages/airflow/example_dags/example_display_name.py for tasks to queue
[2025-12-27T15:44:20.500+0000] {logging_mixin.py:188} INFO - [2025-12-27T15:44:20.499+0000] {dagbag.py:545} INFO - Filling up the DagBag from /usr/local/lib/python3.11/site-packages/airflow/example_dags/example_display_name.py
[2025-12-27T15:44:20.507+0000] {processor.py:840} INFO - DAG(s) 'example_display_name' retrieved from /usr/local/lib/python3.11/site-packages/airflow/example_dags/example_display_name.py
[2025-12-27T15:44:20.676+0000] {logging_mixin.py:188} INFO - [2025-12-27T15:44:20.675+0000] {dag.py:3096} INFO - Sync 1 DAGs
[2025-12-27T15:44:20.697+0000] {logging_mixin.py:188} INFO - [2025-12-27T15:44:20.697+0000] {dag.py:3954} INFO - Setting next_dagrun for example_display_name to None, run_after=None
[2025-12-27T15:44:20.962+0000] {processor.py:183} INFO - Processing /usr/local/lib/python3.11/site-packages/airflow/example_dags/example_display_name.py took 0.477 seconds
[2025-12-27T15:45:38.458+0000] {processor.py:161} INFO - Started process (PID=114) to work on /usr/local/lib/python3.11/site-packages/airflow/example_dags/example_display_name.py
[2025-12-27T15:45:38.459+0000] {processor.py:830} INFO - Processing file /usr/local/lib/python3.11/site-packages/airflow/example_dags/example_display_name.py for tasks to queue
[2025-12-27T15:45:38.462+0000] {logging_mixin.py:188} INFO - [2025-12-27T15:45:38.461+0000] {dagbag.py:545} INFO - Filling up the DagBag from /usr/local/lib/python3.11/site-packages/airflow/example_dags/example_display_name.py
[2025-12-27T15:45:38.469+0000] {processor.py:840} INFO - DAG(s) 'example_display_name' retrieved from /usr/local/lib/python3.11/site-packages/airflow/example_dags/example_display_name.py
[2025-12-27T15:45:38.502+0000] {logging_mixin.py:188} INFO - [2025-12-27T15:45:38.502+0000] {dag.py:3096} INFO - Sync 1 DAGs
[2025-12-27T15:45:38.520+0000] {logging_mixin.py:188} INFO - [2025-12-27T15:45:38.520+0000] {dag.py:3954} INFO - Setting next_dagrun for example_display_name to None, run_after=None
[2025-12-27T15:45:38.760+0000] {processor.py:183} INFO - Processing /usr/local/lib/python3.11/site-packages/airflow/example_dags/example_display_name.py took 0.315 seconds
[2025-12-27T15:47:23.352+0000] {processor.py:161} INFO - Started process (PID=203) to work on /usr/local/lib/python3.11/site-packages/airflow/example_dags/example_display_name.py
[2025-12-27T15:47:23.354+0000] {processor.py:830} INFO - Processing file /usr/local/lib/python3.11/site-packages/airflow/example_dags/example_display_name.py for tasks to queue
[2025-12-27T15:47:23.356+0000] {logging_mixin.py:188} INFO - [2025-12-27T15:47:23.355+0000] {dagbag.py:545} INFO - Filling up the DagBag from /usr/local/lib/python3.11/site-packages/airflow/example_dags/example_display_name.py
[2025-12-27T15:47:23.362+0000] {processor.py:840} INFO - DAG(s) 'example_display_name' retrieved from /usr/local/lib/python3.11/site-packages/airflow/example_dags/example_display_name.py
[2025-12-27T15:47:23.481+0000] {logging_mixin.py:188} INFO - [2025-12-27T15:47:23.481+0000] {dag.py:3096} INFO - Sync 1 DAGs
[2025-12-27T15:47:23.499+0000] {logging_mixin.py:188} INFO - [2025-12-27T15:47:23.499+0000] {dag.py:3954} INFO - Setting next_dagrun for example_display_name to None, run_after=None
[2025-12-27T15:47:23.683+0000] {processor.py:183} INFO - Processing /usr/local/lib/python3.11/site-packages/airflow/example_dags/example_display_name.py took 0.347 seconds
[2025-12-27T15:48:56.250+0000] {processor.py:161} INFO - Started process (PID=278) to work on /usr/local/lib/python3.11/site-packages/airflow/example_dags/example_display_name.py
[2025-12-27T15:48:56.251+0000] {processor.py:830} INFO - Processing file /usr/local/lib/python3.11/site-packages/airflow/example_dags/example_display_name.py for tasks to queue
[2025-12-27T15:48:56.254+0000] {logging_mixin.py:188} INFO - [2025-12-27T15:48:56.253+0000] {dagbag.py:545} INFO - Filling up the DagBag from /usr/local/lib/python3.11/site-packages/airflow/example_dags/example_display_name.py
[2025-12-27T15:48:56.262+0000] {processor.py:840} INFO - DAG(s) 'example_display_name' retrieved from /usr/local/lib/python3.11/site-packages/airflow/example_dags/example_display_name.py
[2025-12-27T15:48:56.294+0000] {logging_mixin.py:188} INFO - [2025-12-27T15:48:56.294+0000] {dag.py:3096} INFO - Sync 1 DAGs
[2025-12-27T15:48:56.312+0000] {logging_mixin.py:188} INFO - [2025-12-27T15:48:56.312+0000] {dag.py:3954} INFO - Setting next_dagrun for example_display_name to None, run_after=None
[2025-12-27T15:48:56.498+0000] {processor.py:183} INFO - Processing /usr/local/lib/python3.11/site-packages/airflow/example_dags/example_display_name.py took 0.263 seconds
[2025-12-27T15:50:31.955+0000] {processor.py:161} INFO - Started process (PID=344) to work on /usr/local/lib/python3.11/site-packages/airflow/example_dags/example_display_name.py
[2025-12-27T15:50:31.955+0000] {processor.py:830} INFO - Processing file /usr/local/lib/python3.11/site-packages/airflow/example_dags/example_display_name.py for tasks to queue
[2025-12-27T15:50:31.957+0000] {logging_mixin.py:188} INFO - [2025-12-27T15:50:31.956+0000] {dagbag.py:545} INFO - Filling up the DagBag from /usr/local/lib/python3.11/site-packages/airflow/example_dags/example_display_name.py
[2025-12-27T15:50:31.961+0000] {processor.py:840} INFO - DAG(s) 'example_display_name' retrieved from /usr/local/lib/python3.11/site-packages/airflow/example_dags/example_display_name.py
[2025-12-27T15:50:31.984+0000] {logging_mixin.py:188} INFO - [2025-12-27T15:50:31.984+0000] {dag.py:3096} INFO - Sync 1 DAGs
[2025-12-27T15:50:31.999+0000] {logging_mixin.py:188} INFO - [2025-12-27T15:50:31.999+0000] {dag.py:3954} INFO - Setting next_dagrun for example_display_name to None, run_after=None
[2025-12-27T15:50:32.185+0000] {processor.py:183} INFO - Processing /usr/local/lib/python3.11/site-packages/airflow/example_dags/example_display_name.py took 0.353 seconds
[2025-12-27T15:52:02.555+0000] {processor.py:161} INFO - Started process (PID=420) to work on /usr/local/lib/python3.11/site-packages/airflow/example_dags/example_display_name.py
[2025-12-27T15:52:02.556+0000] {processor.py:830} INFO - Processing file /usr/local/lib/python3.11/site-packages/airflow/example_dags/example_display_name.py for tasks to queue
[2025-12-27T15:52:02.558+0000] {logging_mixin.py:188} INFO - [2025-12-27T15:52:02.558+0000] {dagbag.py:545} INFO - Filling up the DagBag from /usr/local/lib/python3.11/site-packages/airflow/example_dags/example_display_name.py
[2025-12-27T15:52:02.565+0000] {processor.py:840} INFO - DAG(s) 'example_display_name' retrieved from /usr/local/lib/python3.11/site-packages/airflow/example_dags/example_display_name.py
[2025-12-27T15:52:02.603+0000] {logging_mixin.py:188} INFO - [2025-12-27T15:52:02.603+0000] {dag.py:3096} INFO - Sync 1 DAGs
[2025-12-27T15:52:02.632+0000] {logging_mixin.py:188} INFO - [2025-12-27T15:52:02.632+0000] {dag.py:3954} INFO - Setting next_dagrun for example_display_name to None, run_after=None
[2025-12-27T15:52:02.841+0000] {processor.py:183} INFO - Processing /usr/local/lib/python3.11/site-packages/airflow/example_dags/example_display_name.py took 0.299 seconds
[2025-12-27T15:53:36.175+0000] {processor.py:161} INFO - Started process (PID=501) to work on /usr/local/lib/python3.11/site-packages/airflow/example_dags/example_display_name.py
[2025-12-27T15:53:36.176+0000] {processor.py:830} INFO - Processing file /usr/local/lib/python3.11/site-packages/airflow/example_dags/example_display_name.py for tasks to queue
[2025-12-27T15:53:36.179+0000] {logging_mixin.py:188} INFO - [2025-12-27T15:53:36.178+0000] {dagbag.py:545} INFO - Filling up the DagBag from /usr/local/lib/python3.11/site-packages/airflow/example_dags/example_display_name.py
[2025-12-27T15:53:36.185+0000] {processor.py:840} INFO - DAG(s) 'example_display_name' retrieved from /usr/local/lib/python3.11/site-packages/airflow/example_dags/example_display_name.py
[2025-12-27T15:53:36.219+0000] {logging_mixin.py:188} INFO - [2025-12-27T15:53:36.219+0000] {dag.py:3096} INFO - Sync 1 DAGs
[2025-12-27T15:53:36.239+0000] {logging_mixin.py:188} INFO - [2025-12-27T15:53:36.238+0000] {dag.py:3954} INFO - Setting next_dagrun for example_display_name to None, run_after=None
[2025-12-27T15:53:36.417+0000] {processor.py:183} INFO - Processing /usr/local/lib/python3.11/site-packages/airflow/example_dags/example_display_name.py took 0.256 seconds
[2025-12-27T15:55:06.936+0000] {processor.py:161} INFO - Started process (PID=571) to work on /usr/local/lib/python3.11/site-packages/airflow/example_dags/example_display_name.py
[2025-12-27T15:55:06.937+0000] {processor.py:830} INFO - Processing file /usr/local/lib/python3.11/site-packages/airflow/example_dags/example_display_name.py for tasks to queue
[2025-12-27T15:55:06.940+0000] {logging_mixin.py:188} INFO - [2025-12-27T15:55:06.939+0000] {dagbag.py:545} INFO - Filling up the DagBag from /usr/local/lib/python3.11/site-packages/airflow/example_dags/example_display_name.py
[2025-12-27T15:55:06.947+0000] {processor.py:840} INFO - DAG(s) 'example_display_name' retrieved from /usr/local/lib/python3.11/site-packages/airflow/example_dags/example_display_name.py
[2025-12-27T15:55:06.980+0000] {logging_mixin.py:188} INFO - [2025-12-27T15:55:06.980+0000] {dag.py:3096} INFO - Sync 1 DAGs
[2025-12-27T15:55:06.999+0000] {logging_mixin.py:188} INFO - [2025-12-27T15:55:06.998+0000] {dag.py:3954} INFO - Setting next_dagrun for example_display_name to None, run_after=None
[2025-12-27T15:55:07.211+0000] {processor.py:183} INFO - Processing /usr/local/lib/python3.11/site-packages/airflow/example_dags/example_display_name.py took 0.290 seconds
[2025-12-27T15:56:39.445+0000] {processor.py:161} INFO - Started process (PID=641) to work on /usr/local/lib/python3.11/site-packages/airflow/example_dags/example_display_name.py
[2025-12-27T15:56:39.446+0000] {processor.py:830} INFO - Processing file /usr/local/lib/python3.11/site-packages/airflow/example_dags/example_display_name.py for tasks to queue
[2025-12-27T15:56:39.448+0000] {logging_mixin.py:188} INFO - [2025-12-27T15:56:39.448+0000] {dagbag.py:545} INFO - Filling up the DagBag from /usr/local/lib/python3.11/site-packages/airflow/example_dags/example_display_name.py
[2025-12-27T15:56:39.455+0000] {processor.py:840} INFO - DAG(s) 'example_display_name' retrieved from /usr/local/lib/python3.11/site-packages/airflow/example_dags/example_display_name.py
[2025-12-27T15:56:39.485+0000] {logging_mixin.py:188} INFO - [2025-12-27T15:56:39.485+0000] {dag.py:3096} INFO - Sync 1 DAGs
[2025-12-27T15:56:39.503+0000] {logging_mixin.py:188} INFO - [2025-12-27T15:56:39.503+0000] {dag.py:3954} INFO - Setting next_dagrun for example_display_name to None, run_after=None
[2025-12-27T15:56:39.744+0000] {processor.py:183} INFO - Processing /usr/local/lib/python3.11/site-packages/airflow/example_dags/example_display_name.py took 0.313 seconds
[2025-12-27T15:58:09.976+0000] {processor.py:161} INFO - Started process (PID=703) to work on /usr/local/lib/python3.11/site-packages/airflow/example_dags/example_display_name.py
[2025-12-27T15:58:09.977+0000] {processor.py:830} INFO - Processing file /usr/local/lib/python3.11/site-packages/airflow/example_dags/example_display_name.py for tasks to queue
[2025-12-27T15:58:09.980+0000] {logging_mixin.py:188} INFO - [2025-12-27T15:58:09.979+0000] {dagbag.py:545} INFO - Filling up the DagBag from /usr/local/lib/python3.11/site-packages/airflow/example_dags/example_display_name.py
[2025-12-27T15:58:09.988+0000] {processor.py:840} INFO - DAG(s) 'example_display_name' retrieved from /usr/local/lib/python3.11/site-packages/airflow/example_dags/example_display_name.py
[2025-12-27T15:58:10.154+0000] {logging_mixin.py:188} INFO - [2025-12-27T15:58:10.154+0000] {dag.py:3096} INFO - Sync 1 DAGs
[2025-12-27T15:58:10.172+0000] {logging_mixin.py:188} INFO - [2025-12-27T15:58:10.171+0000] {dag.py:3954} INFO - Setting next_dagrun for example_display_name to None, run_after=None
[2025-12-27T15:58:10.398+0000] {processor.py:183} INFO - Processing /usr/local/lib/python3.11/site-packages/airflow/example_dags/example_display_name.py took 0.439 seconds
[2025-12-27T15:59:55.119+0000] {processor.py:161} INFO - Started process (PID=766) to work on /usr/local/lib/python3.11/site-packages/airflow/example_dags/example_display_name.py
[2025-12-27T15:59:55.120+0000] {processor.py:830} INFO - Processing file /usr/local/lib/python3.11/site-packages/airflow/example_dags/example_display_name.py for tasks to queue
[2025-12-27T15:59:55.122+0000] {logging_mixin.py:188} INFO - [2025-12-27T15:59:55.122+0000] {dagbag.py:545} INFO - Filling up the DagBag from /usr/local/lib/python3.11/site-packages/airflow/example_dags/example_display_name.py
[2025-12-27T15:59:55.129+0000] {processor.py:840} INFO - DAG(s) 'example_display_name' retrieved from /usr/local/lib/python3.11/site-packages/airflow/example_dags/example_display_name.py
[2025-12-27T15:59:55.170+0000] {logging_mixin.py:188} INFO - [2025-12-27T15:59:55.170+0000] {dag.py:3096} INFO - Sync 1 DAGs
[2025-12-27T15:59:55.190+0000] {logging_mixin.py:188} INFO - [2025-12-27T15:59:55.189+0000] {dag.py:3954} INFO - Setting next_dagrun for example_display_name to None, run_after=None
[2025-12-27T15:59:55.505+0000] {processor.py:183} INFO - Processing /usr/local/lib/python3.11/site-packages/airflow/example_dags/example_display_name.py took 0.402 seconds
[2025-12-27T16:01:45.378+0000] {processor.py:161} INFO - Started process (PID=835) to work on /usr/local/lib/python3.11/site-packages/airflow/example_dags/example_display_name.py
[2025-12-27T16:01:45.379+0000] {processor.py:830} INFO - Processing file /usr/local/lib/python3.11/site-packages/airflow/example_dags/example_display_name.py for tasks to queue
[2025-12-27T16:01:45.382+0000] {logging_mixin.py:188} INFO - [2025-12-27T16:01:45.381+0000] {dagbag.py:545} INFO - Filling up the DagBag from /usr/local/lib/python3.11/site-packages/airflow/example_dags/example_display_name.py
[2025-12-27T16:01:45.393+0000] {processor.py:840} INFO - DAG(s) 'example_display_name' retrieved from /usr/local/lib/python3.11/site-packages/airflow/example_dags/example_display_name.py
[2025-12-27T16:01:45.451+0000] {logging_mixin.py:188} INFO - [2025-12-27T16:01:45.450+0000] {dag.py:3096} INFO - Sync 1 DAGs
[2025-12-27T16:01:45.495+0000] {logging_mixin.py:188} INFO - [2025-12-27T16:01:45.494+0000] {dag.py:3954} INFO - Setting next_dagrun for example_display_name to None, run_after=None
[2025-12-27T16:01:45.948+0000] {processor.py:183} INFO - Processing /usr/local/lib/python3.11/site-packages/airflow/example_dags/example_display_name.py took 0.589 seconds
