[2025-12-27T13:46:47.941+0000] {processor.py:161} INFO - Started process (PID=65) to work on /usr/local/lib/python3.11/site-packages/airflow/example_dags/example_branch_operator_decorator.py
[2025-12-27T13:46:47.942+0000] {processor.py:830} INFO - Processing file /usr/local/lib/python3.11/site-packages/airflow/example_dags/example_branch_operator_decorator.py for tasks to queue
[2025-12-27T13:46:47.945+0000] {logging_mixin.py:188} INFO - [2025-12-27T13:46:47.944+0000] {dagbag.py:545} INFO - Filling up the DagBag from /usr/local/lib/python3.11/site-packages/airflow/example_dags/example_branch_operator_decorator.py
[2025-12-27T13:46:47.978+0000] {processor.py:842} WARNING - No viable dags retrieved from /usr/local/lib/python3.11/site-packages/airflow/example_dags/example_branch_operator_decorator.py
[2025-12-27T13:46:48.002+0000] {processor.py:183} INFO - Processing /usr/local/lib/python3.11/site-packages/airflow/example_dags/example_branch_operator_decorator.py took 0.074 seconds
[2025-12-27T13:48:19.658+0000] {processor.py:161} INFO - Started process (PID=117) to work on /usr/local/lib/python3.11/site-packages/airflow/example_dags/example_branch_operator_decorator.py
[2025-12-27T13:48:19.660+0000] {processor.py:830} INFO - Processing file /usr/local/lib/python3.11/site-packages/airflow/example_dags/example_branch_operator_decorator.py for tasks to queue
[2025-12-27T13:48:19.662+0000] {logging_mixin.py:188} INFO - [2025-12-27T13:48:19.662+0000] {dagbag.py:545} INFO - Filling up the DagBag from /usr/local/lib/python3.11/site-packages/airflow/example_dags/example_branch_operator_decorator.py
[2025-12-27T13:48:19.670+0000] {processor.py:842} WARNING - No viable dags retrieved from /usr/local/lib/python3.11/site-packages/airflow/example_dags/example_branch_operator_decorator.py
[2025-12-27T13:48:19.694+0000] {processor.py:183} INFO - Processing /usr/local/lib/python3.11/site-packages/airflow/example_dags/example_branch_operator_decorator.py took 0.049 seconds
[2025-12-27T13:49:52.891+0000] {processor.py:161} INFO - Started process (PID=180) to work on /usr/local/lib/python3.11/site-packages/airflow/example_dags/example_branch_operator_decorator.py
[2025-12-27T13:49:52.892+0000] {processor.py:830} INFO - Processing file /usr/local/lib/python3.11/site-packages/airflow/example_dags/example_branch_operator_decorator.py for tasks to queue
[2025-12-27T13:49:52.894+0000] {logging_mixin.py:188} INFO - [2025-12-27T13:49:52.894+0000] {dagbag.py:545} INFO - Filling up the DagBag from /usr/local/lib/python3.11/site-packages/airflow/example_dags/example_branch_operator_decorator.py
[2025-12-27T13:49:52.904+0000] {processor.py:842} WARNING - No viable dags retrieved from /usr/local/lib/python3.11/site-packages/airflow/example_dags/example_branch_operator_decorator.py
[2025-12-27T13:49:52.933+0000] {processor.py:183} INFO - Processing /usr/local/lib/python3.11/site-packages/airflow/example_dags/example_branch_operator_decorator.py took 0.058 seconds
[2025-12-27T13:51:18.378+0000] {processor.py:161} INFO - Started process (PID=241) to work on /usr/local/lib/python3.11/site-packages/airflow/example_dags/example_branch_operator_decorator.py
[2025-12-27T13:51:18.379+0000] {processor.py:830} INFO - Processing file /usr/local/lib/python3.11/site-packages/airflow/example_dags/example_branch_operator_decorator.py for tasks to queue
[2025-12-27T13:51:18.381+0000] {logging_mixin.py:188} INFO - [2025-12-27T13:51:18.381+0000] {dagbag.py:545} INFO - Filling up the DagBag from /usr/local/lib/python3.11/site-packages/airflow/example_dags/example_branch_operator_decorator.py
[2025-12-27T13:51:18.390+0000] {processor.py:842} WARNING - No viable dags retrieved from /usr/local/lib/python3.11/site-packages/airflow/example_dags/example_branch_operator_decorator.py
[2025-12-27T13:51:18.414+0000] {processor.py:183} INFO - Processing /usr/local/lib/python3.11/site-packages/airflow/example_dags/example_branch_operator_decorator.py took 0.051 seconds
[2025-12-27T13:52:41.325+0000] {processor.py:161} INFO - Started process (PID=301) to work on /usr/local/lib/python3.11/site-packages/airflow/example_dags/example_branch_operator_decorator.py
[2025-12-27T13:52:41.326+0000] {processor.py:830} INFO - Processing file /usr/local/lib/python3.11/site-packages/airflow/example_dags/example_branch_operator_decorator.py for tasks to queue
[2025-12-27T13:52:41.328+0000] {logging_mixin.py:188} INFO - [2025-12-27T13:52:41.328+0000] {dagbag.py:545} INFO - Filling up the DagBag from /usr/local/lib/python3.11/site-packages/airflow/example_dags/example_branch_operator_decorator.py
[2025-12-27T13:52:41.337+0000] {processor.py:842} WARNING - No viable dags retrieved from /usr/local/lib/python3.11/site-packages/airflow/example_dags/example_branch_operator_decorator.py
[2025-12-27T13:52:41.361+0000] {processor.py:183} INFO - Processing /usr/local/lib/python3.11/site-packages/airflow/example_dags/example_branch_operator_decorator.py took 0.051 seconds
[2025-12-27T13:54:06.335+0000] {processor.py:161} INFO - Started process (PID=362) to work on /usr/local/lib/python3.11/site-packages/airflow/example_dags/example_branch_operator_decorator.py
[2025-12-27T13:54:06.336+0000] {processor.py:830} INFO - Processing file /usr/local/lib/python3.11/site-packages/airflow/example_dags/example_branch_operator_decorator.py for tasks to queue
[2025-12-27T13:54:06.338+0000] {logging_mixin.py:188} INFO - [2025-12-27T13:54:06.338+0000] {dagbag.py:545} INFO - Filling up the DagBag from /usr/local/lib/python3.11/site-packages/airflow/example_dags/example_branch_operator_decorator.py
[2025-12-27T13:54:06.349+0000] {processor.py:842} WARNING - No viable dags retrieved from /usr/local/lib/python3.11/site-packages/airflow/example_dags/example_branch_operator_decorator.py
[2025-12-27T13:54:06.377+0000] {processor.py:183} INFO - Processing /usr/local/lib/python3.11/site-packages/airflow/example_dags/example_branch_operator_decorator.py took 0.055 seconds
[2025-12-27T13:55:31.127+0000] {processor.py:161} INFO - Started process (PID=424) to work on /usr/local/lib/python3.11/site-packages/airflow/example_dags/example_branch_operator_decorator.py
[2025-12-27T13:55:31.128+0000] {processor.py:830} INFO - Processing file /usr/local/lib/python3.11/site-packages/airflow/example_dags/example_branch_operator_decorator.py for tasks to queue
[2025-12-27T13:55:31.130+0000] {logging_mixin.py:188} INFO - [2025-12-27T13:55:31.130+0000] {dagbag.py:545} INFO - Filling up the DagBag from /usr/local/lib/python3.11/site-packages/airflow/example_dags/example_branch_operator_decorator.py
[2025-12-27T13:55:31.142+0000] {processor.py:842} WARNING - No viable dags retrieved from /usr/local/lib/python3.11/site-packages/airflow/example_dags/example_branch_operator_decorator.py
[2025-12-27T13:55:31.180+0000] {processor.py:183} INFO - Processing /usr/local/lib/python3.11/site-packages/airflow/example_dags/example_branch_operator_decorator.py took 0.067 seconds
[2025-12-27T13:56:56.100+0000] {processor.py:161} INFO - Started process (PID=485) to work on /usr/local/lib/python3.11/site-packages/airflow/example_dags/example_branch_operator_decorator.py
[2025-12-27T13:56:56.101+0000] {processor.py:830} INFO - Processing file /usr/local/lib/python3.11/site-packages/airflow/example_dags/example_branch_operator_decorator.py for tasks to queue
[2025-12-27T13:56:56.103+0000] {logging_mixin.py:188} INFO - [2025-12-27T13:56:56.103+0000] {dagbag.py:545} INFO - Filling up the DagBag from /usr/local/lib/python3.11/site-packages/airflow/example_dags/example_branch_operator_decorator.py
[2025-12-27T13:56:56.110+0000] {processor.py:842} WARNING - No viable dags retrieved from /usr/local/lib/python3.11/site-packages/airflow/example_dags/example_branch_operator_decorator.py
[2025-12-27T13:56:56.131+0000] {processor.py:183} INFO - Processing /usr/local/lib/python3.11/site-packages/airflow/example_dags/example_branch_operator_decorator.py took 0.044 seconds
[2025-12-27T13:58:21.616+0000] {processor.py:161} INFO - Started process (PID=546) to work on /usr/local/lib/python3.11/site-packages/airflow/example_dags/example_branch_operator_decorator.py
[2025-12-27T13:58:21.617+0000] {processor.py:830} INFO - Processing file /usr/local/lib/python3.11/site-packages/airflow/example_dags/example_branch_operator_decorator.py for tasks to queue
[2025-12-27T13:58:21.620+0000] {logging_mixin.py:188} INFO - [2025-12-27T13:58:21.619+0000] {dagbag.py:545} INFO - Filling up the DagBag from /usr/local/lib/python3.11/site-packages/airflow/example_dags/example_branch_operator_decorator.py
[2025-12-27T13:58:21.630+0000] {processor.py:842} WARNING - No viable dags retrieved from /usr/local/lib/python3.11/site-packages/airflow/example_dags/example_branch_operator_decorator.py
[2025-12-27T13:58:21.654+0000] {processor.py:183} INFO - Processing /usr/local/lib/python3.11/site-packages/airflow/example_dags/example_branch_operator_decorator.py took 0.054 seconds
[2025-12-27T13:59:47.255+0000] {processor.py:161} INFO - Started process (PID=607) to work on /usr/local/lib/python3.11/site-packages/airflow/example_dags/example_branch_operator_decorator.py
[2025-12-27T13:59:47.256+0000] {processor.py:830} INFO - Processing file /usr/local/lib/python3.11/site-packages/airflow/example_dags/example_branch_operator_decorator.py for tasks to queue
[2025-12-27T13:59:47.258+0000] {logging_mixin.py:188} INFO - [2025-12-27T13:59:47.258+0000] {dagbag.py:545} INFO - Filling up the DagBag from /usr/local/lib/python3.11/site-packages/airflow/example_dags/example_branch_operator_decorator.py
[2025-12-27T13:59:47.266+0000] {processor.py:842} WARNING - No viable dags retrieved from /usr/local/lib/python3.11/site-packages/airflow/example_dags/example_branch_operator_decorator.py
[2025-12-27T13:59:47.289+0000] {processor.py:183} INFO - Processing /usr/local/lib/python3.11/site-packages/airflow/example_dags/example_branch_operator_decorator.py took 0.047 seconds
[2025-12-27T14:01:26.839+0000] {processor.py:161} INFO - Started process (PID=672) to work on /usr/local/lib/python3.11/site-packages/airflow/example_dags/example_branch_operator_decorator.py
[2025-12-27T14:01:26.841+0000] {processor.py:830} INFO - Processing file /usr/local/lib/python3.11/site-packages/airflow/example_dags/example_branch_operator_decorator.py for tasks to queue
[2025-12-27T14:01:26.843+0000] {logging_mixin.py:188} INFO - [2025-12-27T14:01:26.842+0000] {dagbag.py:545} INFO - Filling up the DagBag from /usr/local/lib/python3.11/site-packages/airflow/example_dags/example_branch_operator_decorator.py
[2025-12-27T14:01:26.851+0000] {processor.py:842} WARNING - No viable dags retrieved from /usr/local/lib/python3.11/site-packages/airflow/example_dags/example_branch_operator_decorator.py
[2025-12-27T14:01:26.878+0000] {processor.py:183} INFO - Processing /usr/local/lib/python3.11/site-packages/airflow/example_dags/example_branch_operator_decorator.py took 0.054 seconds
[2025-12-27T14:03:55.171+0000] {processor.py:161} INFO - Started process (PID=749) to work on /usr/local/lib/python3.11/site-packages/airflow/example_dags/example_branch_operator_decorator.py
[2025-12-27T14:03:55.172+0000] {processor.py:830} INFO - Processing file /usr/local/lib/python3.11/site-packages/airflow/example_dags/example_branch_operator_decorator.py for tasks to queue
[2025-12-27T14:03:55.175+0000] {logging_mixin.py:188} INFO - [2025-12-27T14:03:55.174+0000] {dagbag.py:545} INFO - Filling up the DagBag from /usr/local/lib/python3.11/site-packages/airflow/example_dags/example_branch_operator_decorator.py
[2025-12-27T14:03:55.184+0000] {processor.py:842} WARNING - No viable dags retrieved from /usr/local/lib/python3.11/site-packages/airflow/example_dags/example_branch_operator_decorator.py
[2025-12-27T14:03:55.212+0000] {processor.py:183} INFO - Processing /usr/local/lib/python3.11/site-packages/airflow/example_dags/example_branch_operator_decorator.py took 0.057 seconds
[2025-12-27T14:05:38.025+0000] {processor.py:161} INFO - Started process (PID=832) to work on /usr/local/lib/python3.11/site-packages/airflow/example_dags/example_branch_operator_decorator.py
[2025-12-27T14:05:38.026+0000] {processor.py:830} INFO - Processing file /usr/local/lib/python3.11/site-packages/airflow/example_dags/example_branch_operator_decorator.py for tasks to queue
[2025-12-27T14:05:38.030+0000] {logging_mixin.py:188} INFO - [2025-12-27T14:05:38.029+0000] {dagbag.py:545} INFO - Filling up the DagBag from /usr/local/lib/python3.11/site-packages/airflow/example_dags/example_branch_operator_decorator.py
[2025-12-27T14:05:38.040+0000] {processor.py:842} WARNING - No viable dags retrieved from /usr/local/lib/python3.11/site-packages/airflow/example_dags/example_branch_operator_decorator.py
[2025-12-27T14:05:38.061+0000] {processor.py:183} INFO - Processing /usr/local/lib/python3.11/site-packages/airflow/example_dags/example_branch_operator_decorator.py took 0.055 seconds
[2025-12-27T14:07:26.293+0000] {processor.py:161} INFO - Started process (PID=900) to work on /usr/local/lib/python3.11/site-packages/airflow/example_dags/example_branch_operator_decorator.py
[2025-12-27T14:07:26.301+0000] {processor.py:830} INFO - Processing file /usr/local/lib/python3.11/site-packages/airflow/example_dags/example_branch_operator_decorator.py for tasks to queue
[2025-12-27T14:07:26.305+0000] {logging_mixin.py:188} INFO - [2025-12-27T14:07:26.304+0000] {dagbag.py:545} INFO - Filling up the DagBag from /usr/local/lib/python3.11/site-packages/airflow/example_dags/example_branch_operator_decorator.py
[2025-12-27T14:07:26.325+0000] {processor.py:842} WARNING - No viable dags retrieved from /usr/local/lib/python3.11/site-packages/airflow/example_dags/example_branch_operator_decorator.py
[2025-12-27T14:07:26.369+0000] {processor.py:183} INFO - Processing /usr/local/lib/python3.11/site-packages/airflow/example_dags/example_branch_operator_decorator.py took 0.107 seconds
[2025-12-27T14:09:11.769+0000] {processor.py:161} INFO - Started process (PID=966) to work on /usr/local/lib/python3.11/site-packages/airflow/example_dags/example_branch_operator_decorator.py
[2025-12-27T14:09:11.770+0000] {processor.py:830} INFO - Processing file /usr/local/lib/python3.11/site-packages/airflow/example_dags/example_branch_operator_decorator.py for tasks to queue
[2025-12-27T14:09:11.773+0000] {logging_mixin.py:188} INFO - [2025-12-27T14:09:11.772+0000] {dagbag.py:545} INFO - Filling up the DagBag from /usr/local/lib/python3.11/site-packages/airflow/example_dags/example_branch_operator_decorator.py
[2025-12-27T14:09:11.782+0000] {processor.py:842} WARNING - No viable dags retrieved from /usr/local/lib/python3.11/site-packages/airflow/example_dags/example_branch_operator_decorator.py
[2025-12-27T14:09:11.813+0000] {processor.py:183} INFO - Processing /usr/local/lib/python3.11/site-packages/airflow/example_dags/example_branch_operator_decorator.py took 0.058 seconds
[2025-12-27T14:10:57.337+0000] {processor.py:161} INFO - Started process (PID=1031) to work on /usr/local/lib/python3.11/site-packages/airflow/example_dags/example_branch_operator_decorator.py
[2025-12-27T14:10:57.339+0000] {processor.py:830} INFO - Processing file /usr/local/lib/python3.11/site-packages/airflow/example_dags/example_branch_operator_decorator.py for tasks to queue
[2025-12-27T14:10:57.343+0000] {logging_mixin.py:188} INFO - [2025-12-27T14:10:57.342+0000] {dagbag.py:545} INFO - Filling up the DagBag from /usr/local/lib/python3.11/site-packages/airflow/example_dags/example_branch_operator_decorator.py
[2025-12-27T14:10:57.358+0000] {processor.py:842} WARNING - No viable dags retrieved from /usr/local/lib/python3.11/site-packages/airflow/example_dags/example_branch_operator_decorator.py
[2025-12-27T14:10:57.396+0000] {processor.py:183} INFO - Processing /usr/local/lib/python3.11/site-packages/airflow/example_dags/example_branch_operator_decorator.py took 0.087 seconds
[2025-12-27T14:13:07.559+0000] {processor.py:161} INFO - Started process (PID=1103) to work on /usr/local/lib/python3.11/site-packages/airflow/example_dags/example_branch_operator_decorator.py
[2025-12-27T14:13:07.561+0000] {processor.py:830} INFO - Processing file /usr/local/lib/python3.11/site-packages/airflow/example_dags/example_branch_operator_decorator.py for tasks to queue
[2025-12-27T14:13:07.564+0000] {logging_mixin.py:188} INFO - [2025-12-27T14:13:07.563+0000] {dagbag.py:545} INFO - Filling up the DagBag from /usr/local/lib/python3.11/site-packages/airflow/example_dags/example_branch_operator_decorator.py
[2025-12-27T14:13:07.580+0000] {processor.py:842} WARNING - No viable dags retrieved from /usr/local/lib/python3.11/site-packages/airflow/example_dags/example_branch_operator_decorator.py
[2025-12-27T14:13:07.610+0000] {processor.py:183} INFO - Processing /usr/local/lib/python3.11/site-packages/airflow/example_dags/example_branch_operator_decorator.py took 0.080 seconds
[2025-12-27T14:15:05.527+0000] {processor.py:161} INFO - Started process (PID=1170) to work on /usr/local/lib/python3.11/site-packages/airflow/example_dags/example_branch_operator_decorator.py
[2025-12-27T14:15:05.529+0000] {processor.py:830} INFO - Processing file /usr/local/lib/python3.11/site-packages/airflow/example_dags/example_branch_operator_decorator.py for tasks to queue
[2025-12-27T14:15:05.531+0000] {logging_mixin.py:188} INFO - [2025-12-27T14:15:05.531+0000] {dagbag.py:545} INFO - Filling up the DagBag from /usr/local/lib/python3.11/site-packages/airflow/example_dags/example_branch_operator_decorator.py
[2025-12-27T14:15:05.539+0000] {processor.py:842} WARNING - No viable dags retrieved from /usr/local/lib/python3.11/site-packages/airflow/example_dags/example_branch_operator_decorator.py
[2025-12-27T14:15:05.585+0000] {processor.py:183} INFO - Processing /usr/local/lib/python3.11/site-packages/airflow/example_dags/example_branch_operator_decorator.py took 0.075 seconds
[2025-12-27T14:32:40.857+0000] {processor.py:161} INFO - Started process (PID=61) to work on /usr/local/lib/python3.11/site-packages/airflow/example_dags/example_branch_operator_decorator.py
[2025-12-27T14:32:40.859+0000] {processor.py:830} INFO - Processing file /usr/local/lib/python3.11/site-packages/airflow/example_dags/example_branch_operator_decorator.py for tasks to queue
[2025-12-27T14:32:40.862+0000] {logging_mixin.py:188} INFO - [2025-12-27T14:32:40.861+0000] {dagbag.py:545} INFO - Filling up the DagBag from /usr/local/lib/python3.11/site-packages/airflow/example_dags/example_branch_operator_decorator.py
[2025-12-27T14:32:40.872+0000] {processor.py:842} WARNING - No viable dags retrieved from /usr/local/lib/python3.11/site-packages/airflow/example_dags/example_branch_operator_decorator.py
[2025-12-27T14:32:40.898+0000] {processor.py:183} INFO - Processing /usr/local/lib/python3.11/site-packages/airflow/example_dags/example_branch_operator_decorator.py took 0.055 seconds
[2025-12-27T14:34:07.360+0000] {processor.py:161} INFO - Started process (PID=113) to work on /usr/local/lib/python3.11/site-packages/airflow/example_dags/example_branch_operator_decorator.py
[2025-12-27T14:34:07.366+0000] {processor.py:830} INFO - Processing file /usr/local/lib/python3.11/site-packages/airflow/example_dags/example_branch_operator_decorator.py for tasks to queue
[2025-12-27T14:34:07.369+0000] {logging_mixin.py:188} INFO - [2025-12-27T14:34:07.368+0000] {dagbag.py:545} INFO - Filling up the DagBag from /usr/local/lib/python3.11/site-packages/airflow/example_dags/example_branch_operator_decorator.py
[2025-12-27T14:34:07.375+0000] {processor.py:842} WARNING - No viable dags retrieved from /usr/local/lib/python3.11/site-packages/airflow/example_dags/example_branch_operator_decorator.py
[2025-12-27T14:34:07.409+0000] {processor.py:183} INFO - Processing /usr/local/lib/python3.11/site-packages/airflow/example_dags/example_branch_operator_decorator.py took 0.068 seconds
[2025-12-27T14:35:55.962+0000] {processor.py:161} INFO - Started process (PID=180) to work on /usr/local/lib/python3.11/site-packages/airflow/example_dags/example_branch_operator_decorator.py
[2025-12-27T14:35:55.963+0000] {processor.py:830} INFO - Processing file /usr/local/lib/python3.11/site-packages/airflow/example_dags/example_branch_operator_decorator.py for tasks to queue
[2025-12-27T14:35:55.966+0000] {logging_mixin.py:188} INFO - [2025-12-27T14:35:55.966+0000] {dagbag.py:545} INFO - Filling up the DagBag from /usr/local/lib/python3.11/site-packages/airflow/example_dags/example_branch_operator_decorator.py
[2025-12-27T14:35:55.974+0000] {processor.py:842} WARNING - No viable dags retrieved from /usr/local/lib/python3.11/site-packages/airflow/example_dags/example_branch_operator_decorator.py
[2025-12-27T14:35:56.001+0000] {processor.py:183} INFO - Processing /usr/local/lib/python3.11/site-packages/airflow/example_dags/example_branch_operator_decorator.py took 0.059 seconds
[2025-12-27T14:54:11.143+0000] {processor.py:161} INFO - Started process (PID=65) to work on /usr/local/lib/python3.11/site-packages/airflow/example_dags/example_branch_operator_decorator.py
[2025-12-27T14:54:11.145+0000] {processor.py:830} INFO - Processing file /usr/local/lib/python3.11/site-packages/airflow/example_dags/example_branch_operator_decorator.py for tasks to queue
[2025-12-27T14:54:11.148+0000] {logging_mixin.py:188} INFO - [2025-12-27T14:54:11.147+0000] {dagbag.py:545} INFO - Filling up the DagBag from /usr/local/lib/python3.11/site-packages/airflow/example_dags/example_branch_operator_decorator.py
[2025-12-27T14:54:11.155+0000] {processor.py:842} WARNING - No viable dags retrieved from /usr/local/lib/python3.11/site-packages/airflow/example_dags/example_branch_operator_decorator.py
[2025-12-27T14:54:11.181+0000] {processor.py:183} INFO - Processing /usr/local/lib/python3.11/site-packages/airflow/example_dags/example_branch_operator_decorator.py took 0.056 seconds
[2025-12-27T14:55:57.582+0000] {processor.py:161} INFO - Started process (PID=117) to work on /usr/local/lib/python3.11/site-packages/airflow/example_dags/example_branch_operator_decorator.py
[2025-12-27T14:55:57.584+0000] {processor.py:830} INFO - Processing file /usr/local/lib/python3.11/site-packages/airflow/example_dags/example_branch_operator_decorator.py for tasks to queue
[2025-12-27T14:55:57.586+0000] {logging_mixin.py:188} INFO - [2025-12-27T14:55:57.586+0000] {dagbag.py:545} INFO - Filling up the DagBag from /usr/local/lib/python3.11/site-packages/airflow/example_dags/example_branch_operator_decorator.py
[2025-12-27T14:55:57.594+0000] {processor.py:842} WARNING - No viable dags retrieved from /usr/local/lib/python3.11/site-packages/airflow/example_dags/example_branch_operator_decorator.py
[2025-12-27T14:55:57.622+0000] {processor.py:183} INFO - Processing /usr/local/lib/python3.11/site-packages/airflow/example_dags/example_branch_operator_decorator.py took 0.053 seconds
[2025-12-27T14:57:46.723+0000] {processor.py:161} INFO - Started process (PID=184) to work on /usr/local/lib/python3.11/site-packages/airflow/example_dags/example_branch_operator_decorator.py
[2025-12-27T14:57:46.724+0000] {processor.py:830} INFO - Processing file /usr/local/lib/python3.11/site-packages/airflow/example_dags/example_branch_operator_decorator.py for tasks to queue
[2025-12-27T14:57:46.726+0000] {logging_mixin.py:188} INFO - [2025-12-27T14:57:46.726+0000] {dagbag.py:545} INFO - Filling up the DagBag from /usr/local/lib/python3.11/site-packages/airflow/example_dags/example_branch_operator_decorator.py
[2025-12-27T14:57:46.732+0000] {processor.py:842} WARNING - No viable dags retrieved from /usr/local/lib/python3.11/site-packages/airflow/example_dags/example_branch_operator_decorator.py
[2025-12-27T14:57:46.990+0000] {processor.py:183} INFO - Processing /usr/local/lib/python3.11/site-packages/airflow/example_dags/example_branch_operator_decorator.py took 0.280 seconds
[2025-12-27T14:59:45.009+0000] {processor.py:161} INFO - Started process (PID=265) to work on /usr/local/lib/python3.11/site-packages/airflow/example_dags/example_branch_operator_decorator.py
[2025-12-27T14:59:45.013+0000] {processor.py:830} INFO - Processing file /usr/local/lib/python3.11/site-packages/airflow/example_dags/example_branch_operator_decorator.py for tasks to queue
[2025-12-27T14:59:45.018+0000] {logging_mixin.py:188} INFO - [2025-12-27T14:59:45.017+0000] {dagbag.py:545} INFO - Filling up the DagBag from /usr/local/lib/python3.11/site-packages/airflow/example_dags/example_branch_operator_decorator.py
[2025-12-27T14:59:45.025+0000] {processor.py:842} WARNING - No viable dags retrieved from /usr/local/lib/python3.11/site-packages/airflow/example_dags/example_branch_operator_decorator.py
[2025-12-27T14:59:45.054+0000] {processor.py:183} INFO - Processing /usr/local/lib/python3.11/site-packages/airflow/example_dags/example_branch_operator_decorator.py took 0.062 seconds
[2025-12-27T15:01:49.188+0000] {processor.py:161} INFO - Started process (PID=344) to work on /usr/local/lib/python3.11/site-packages/airflow/example_dags/example_branch_operator_decorator.py
[2025-12-27T15:01:49.189+0000] {processor.py:830} INFO - Processing file /usr/local/lib/python3.11/site-packages/airflow/example_dags/example_branch_operator_decorator.py for tasks to queue
[2025-12-27T15:01:49.192+0000] {logging_mixin.py:188} INFO - [2025-12-27T15:01:49.191+0000] {dagbag.py:545} INFO - Filling up the DagBag from /usr/local/lib/python3.11/site-packages/airflow/example_dags/example_branch_operator_decorator.py
[2025-12-27T15:01:49.201+0000] {processor.py:842} WARNING - No viable dags retrieved from /usr/local/lib/python3.11/site-packages/airflow/example_dags/example_branch_operator_decorator.py
[2025-12-27T15:01:49.233+0000] {processor.py:183} INFO - Processing /usr/local/lib/python3.11/site-packages/airflow/example_dags/example_branch_operator_decorator.py took 0.064 seconds
[2025-12-27T15:03:42.047+0000] {processor.py:161} INFO - Started process (PID=416) to work on /usr/local/lib/python3.11/site-packages/airflow/example_dags/example_branch_operator_decorator.py
[2025-12-27T15:03:42.051+0000] {processor.py:830} INFO - Processing file /usr/local/lib/python3.11/site-packages/airflow/example_dags/example_branch_operator_decorator.py for tasks to queue
[2025-12-27T15:03:42.055+0000] {logging_mixin.py:188} INFO - [2025-12-27T15:03:42.054+0000] {dagbag.py:545} INFO - Filling up the DagBag from /usr/local/lib/python3.11/site-packages/airflow/example_dags/example_branch_operator_decorator.py
[2025-12-27T15:03:42.070+0000] {processor.py:842} WARNING - No viable dags retrieved from /usr/local/lib/python3.11/site-packages/airflow/example_dags/example_branch_operator_decorator.py
[2025-12-27T15:03:42.113+0000] {processor.py:183} INFO - Processing /usr/local/lib/python3.11/site-packages/airflow/example_dags/example_branch_operator_decorator.py took 0.089 seconds
[2025-12-27T15:05:07.851+0000] {processor.py:161} INFO - Started process (PID=477) to work on /usr/local/lib/python3.11/site-packages/airflow/example_dags/example_branch_operator_decorator.py
[2025-12-27T15:05:07.853+0000] {processor.py:830} INFO - Processing file /usr/local/lib/python3.11/site-packages/airflow/example_dags/example_branch_operator_decorator.py for tasks to queue
[2025-12-27T15:05:07.856+0000] {logging_mixin.py:188} INFO - [2025-12-27T15:05:07.855+0000] {dagbag.py:545} INFO - Filling up the DagBag from /usr/local/lib/python3.11/site-packages/airflow/example_dags/example_branch_operator_decorator.py
[2025-12-27T15:05:07.863+0000] {processor.py:842} WARNING - No viable dags retrieved from /usr/local/lib/python3.11/site-packages/airflow/example_dags/example_branch_operator_decorator.py
[2025-12-27T15:05:07.891+0000] {processor.py:183} INFO - Processing /usr/local/lib/python3.11/site-packages/airflow/example_dags/example_branch_operator_decorator.py took 0.064 seconds
[2025-12-27T15:06:37.139+0000] {processor.py:161} INFO - Started process (PID=539) to work on /usr/local/lib/python3.11/site-packages/airflow/example_dags/example_branch_operator_decorator.py
[2025-12-27T15:06:37.140+0000] {processor.py:830} INFO - Processing file /usr/local/lib/python3.11/site-packages/airflow/example_dags/example_branch_operator_decorator.py for tasks to queue
[2025-12-27T15:06:37.143+0000] {logging_mixin.py:188} INFO - [2025-12-27T15:06:37.142+0000] {dagbag.py:545} INFO - Filling up the DagBag from /usr/local/lib/python3.11/site-packages/airflow/example_dags/example_branch_operator_decorator.py
[2025-12-27T15:06:37.150+0000] {processor.py:842} WARNING - No viable dags retrieved from /usr/local/lib/python3.11/site-packages/airflow/example_dags/example_branch_operator_decorator.py
[2025-12-27T15:06:37.177+0000] {processor.py:183} INFO - Processing /usr/local/lib/python3.11/site-packages/airflow/example_dags/example_branch_operator_decorator.py took 0.052 seconds
[2025-12-27T15:08:09.682+0000] {processor.py:161} INFO - Started process (PID=602) to work on /usr/local/lib/python3.11/site-packages/airflow/example_dags/example_branch_operator_decorator.py
[2025-12-27T15:08:09.683+0000] {processor.py:830} INFO - Processing file /usr/local/lib/python3.11/site-packages/airflow/example_dags/example_branch_operator_decorator.py for tasks to queue
[2025-12-27T15:08:09.687+0000] {logging_mixin.py:188} INFO - [2025-12-27T15:08:09.686+0000] {dagbag.py:545} INFO - Filling up the DagBag from /usr/local/lib/python3.11/site-packages/airflow/example_dags/example_branch_operator_decorator.py
[2025-12-27T15:08:09.695+0000] {processor.py:842} WARNING - No viable dags retrieved from /usr/local/lib/python3.11/site-packages/airflow/example_dags/example_branch_operator_decorator.py
[2025-12-27T15:08:09.724+0000] {processor.py:183} INFO - Processing /usr/local/lib/python3.11/site-packages/airflow/example_dags/example_branch_operator_decorator.py took 0.062 seconds
[2025-12-27T15:09:56.170+0000] {processor.py:161} INFO - Started process (PID=669) to work on /usr/local/lib/python3.11/site-packages/airflow/example_dags/example_branch_operator_decorator.py
[2025-12-27T15:09:56.171+0000] {processor.py:830} INFO - Processing file /usr/local/lib/python3.11/site-packages/airflow/example_dags/example_branch_operator_decorator.py for tasks to queue
[2025-12-27T15:09:56.173+0000] {logging_mixin.py:188} INFO - [2025-12-27T15:09:56.173+0000] {dagbag.py:545} INFO - Filling up the DagBag from /usr/local/lib/python3.11/site-packages/airflow/example_dags/example_branch_operator_decorator.py
[2025-12-27T15:09:56.181+0000] {processor.py:842} WARNING - No viable dags retrieved from /usr/local/lib/python3.11/site-packages/airflow/example_dags/example_branch_operator_decorator.py
[2025-12-27T15:09:56.217+0000] {processor.py:183} INFO - Processing /usr/local/lib/python3.11/site-packages/airflow/example_dags/example_branch_operator_decorator.py took 0.062 seconds
[2025-12-27T15:11:46.669+0000] {processor.py:161} INFO - Started process (PID=737) to work on /usr/local/lib/python3.11/site-packages/airflow/example_dags/example_branch_operator_decorator.py
[2025-12-27T15:11:46.670+0000] {processor.py:830} INFO - Processing file /usr/local/lib/python3.11/site-packages/airflow/example_dags/example_branch_operator_decorator.py for tasks to queue
[2025-12-27T15:11:46.673+0000] {logging_mixin.py:188} INFO - [2025-12-27T15:11:46.672+0000] {dagbag.py:545} INFO - Filling up the DagBag from /usr/local/lib/python3.11/site-packages/airflow/example_dags/example_branch_operator_decorator.py
[2025-12-27T15:11:46.679+0000] {processor.py:842} WARNING - No viable dags retrieved from /usr/local/lib/python3.11/site-packages/airflow/example_dags/example_branch_operator_decorator.py
[2025-12-27T15:11:46.703+0000] {processor.py:183} INFO - Processing /usr/local/lib/python3.11/site-packages/airflow/example_dags/example_branch_operator_decorator.py took 0.052 seconds
[2025-12-27T15:13:19.014+0000] {processor.py:161} INFO - Started process (PID=800) to work on /usr/local/lib/python3.11/site-packages/airflow/example_dags/example_branch_operator_decorator.py
[2025-12-27T15:13:19.016+0000] {processor.py:830} INFO - Processing file /usr/local/lib/python3.11/site-packages/airflow/example_dags/example_branch_operator_decorator.py for tasks to queue
[2025-12-27T15:13:19.023+0000] {logging_mixin.py:188} INFO - [2025-12-27T15:13:19.022+0000] {dagbag.py:545} INFO - Filling up the DagBag from /usr/local/lib/python3.11/site-packages/airflow/example_dags/example_branch_operator_decorator.py
[2025-12-27T15:13:19.034+0000] {processor.py:842} WARNING - No viable dags retrieved from /usr/local/lib/python3.11/site-packages/airflow/example_dags/example_branch_operator_decorator.py
[2025-12-27T15:13:19.066+0000] {processor.py:183} INFO - Processing /usr/local/lib/python3.11/site-packages/airflow/example_dags/example_branch_operator_decorator.py took 0.074 seconds
[2025-12-27T15:14:59.309+0000] {processor.py:161} INFO - Started process (PID=863) to work on /usr/local/lib/python3.11/site-packages/airflow/example_dags/example_branch_operator_decorator.py
[2025-12-27T15:14:59.310+0000] {processor.py:830} INFO - Processing file /usr/local/lib/python3.11/site-packages/airflow/example_dags/example_branch_operator_decorator.py for tasks to queue
[2025-12-27T15:14:59.313+0000] {logging_mixin.py:188} INFO - [2025-12-27T15:14:59.313+0000] {dagbag.py:545} INFO - Filling up the DagBag from /usr/local/lib/python3.11/site-packages/airflow/example_dags/example_branch_operator_decorator.py
[2025-12-27T15:14:59.320+0000] {processor.py:842} WARNING - No viable dags retrieved from /usr/local/lib/python3.11/site-packages/airflow/example_dags/example_branch_operator_decorator.py
[2025-12-27T15:14:59.348+0000] {processor.py:183} INFO - Processing /usr/local/lib/python3.11/site-packages/airflow/example_dags/example_branch_operator_decorator.py took 0.056 seconds
[2025-12-27T15:16:48.347+0000] {processor.py:161} INFO - Started process (PID=930) to work on /usr/local/lib/python3.11/site-packages/airflow/example_dags/example_branch_operator_decorator.py
[2025-12-27T15:16:48.348+0000] {processor.py:830} INFO - Processing file /usr/local/lib/python3.11/site-packages/airflow/example_dags/example_branch_operator_decorator.py for tasks to queue
[2025-12-27T15:16:48.352+0000] {logging_mixin.py:188} INFO - [2025-12-27T15:16:48.350+0000] {dagbag.py:545} INFO - Filling up the DagBag from /usr/local/lib/python3.11/site-packages/airflow/example_dags/example_branch_operator_decorator.py
[2025-12-27T15:16:48.360+0000] {processor.py:842} WARNING - No viable dags retrieved from /usr/local/lib/python3.11/site-packages/airflow/example_dags/example_branch_operator_decorator.py
[2025-12-27T15:16:48.409+0000] {processor.py:183} INFO - Processing /usr/local/lib/python3.11/site-packages/airflow/example_dags/example_branch_operator_decorator.py took 0.079 seconds
[2025-12-27T15:18:32.606+0000] {processor.py:161} INFO - Started process (PID=997) to work on /usr/local/lib/python3.11/site-packages/airflow/example_dags/example_branch_operator_decorator.py
[2025-12-27T15:18:32.608+0000] {processor.py:830} INFO - Processing file /usr/local/lib/python3.11/site-packages/airflow/example_dags/example_branch_operator_decorator.py for tasks to queue
[2025-12-27T15:18:32.610+0000] {logging_mixin.py:188} INFO - [2025-12-27T15:18:32.610+0000] {dagbag.py:545} INFO - Filling up the DagBag from /usr/local/lib/python3.11/site-packages/airflow/example_dags/example_branch_operator_decorator.py
[2025-12-27T15:18:32.619+0000] {processor.py:842} WARNING - No viable dags retrieved from /usr/local/lib/python3.11/site-packages/airflow/example_dags/example_branch_operator_decorator.py
[2025-12-27T15:18:32.657+0000] {processor.py:183} INFO - Processing /usr/local/lib/python3.11/site-packages/airflow/example_dags/example_branch_operator_decorator.py took 0.070 seconds
[2025-12-27T15:20:19.049+0000] {processor.py:161} INFO - Started process (PID=1063) to work on /usr/local/lib/python3.11/site-packages/airflow/example_dags/example_branch_operator_decorator.py
[2025-12-27T15:20:19.051+0000] {processor.py:830} INFO - Processing file /usr/local/lib/python3.11/site-packages/airflow/example_dags/example_branch_operator_decorator.py for tasks to queue
[2025-12-27T15:20:19.054+0000] {logging_mixin.py:188} INFO - [2025-12-27T15:20:19.053+0000] {dagbag.py:545} INFO - Filling up the DagBag from /usr/local/lib/python3.11/site-packages/airflow/example_dags/example_branch_operator_decorator.py
[2025-12-27T15:20:19.063+0000] {processor.py:842} WARNING - No viable dags retrieved from /usr/local/lib/python3.11/site-packages/airflow/example_dags/example_branch_operator_decorator.py
[2025-12-27T15:20:19.139+0000] {processor.py:183} INFO - Processing /usr/local/lib/python3.11/site-packages/airflow/example_dags/example_branch_operator_decorator.py took 0.118 seconds
[2025-12-27T15:31:26.477+0000] {processor.py:161} INFO - Started process (PID=60) to work on /usr/local/lib/python3.11/site-packages/airflow/example_dags/example_branch_operator_decorator.py
[2025-12-27T15:31:26.479+0000] {processor.py:830} INFO - Processing file /usr/local/lib/python3.11/site-packages/airflow/example_dags/example_branch_operator_decorator.py for tasks to queue
[2025-12-27T15:31:26.482+0000] {logging_mixin.py:188} INFO - [2025-12-27T15:31:26.481+0000] {dagbag.py:545} INFO - Filling up the DagBag from /usr/local/lib/python3.11/site-packages/airflow/example_dags/example_branch_operator_decorator.py
[2025-12-27T15:31:26.490+0000] {processor.py:842} WARNING - No viable dags retrieved from /usr/local/lib/python3.11/site-packages/airflow/example_dags/example_branch_operator_decorator.py
[2025-12-27T15:31:26.518+0000] {processor.py:183} INFO - Processing /usr/local/lib/python3.11/site-packages/airflow/example_dags/example_branch_operator_decorator.py took 0.060 seconds
[2025-12-27T15:32:57.102+0000] {processor.py:161} INFO - Started process (PID=112) to work on /usr/local/lib/python3.11/site-packages/airflow/example_dags/example_branch_operator_decorator.py
[2025-12-27T15:32:57.103+0000] {processor.py:830} INFO - Processing file /usr/local/lib/python3.11/site-packages/airflow/example_dags/example_branch_operator_decorator.py for tasks to queue
[2025-12-27T15:32:57.105+0000] {logging_mixin.py:188} INFO - [2025-12-27T15:32:57.105+0000] {dagbag.py:545} INFO - Filling up the DagBag from /usr/local/lib/python3.11/site-packages/airflow/example_dags/example_branch_operator_decorator.py
[2025-12-27T15:32:57.113+0000] {processor.py:842} WARNING - No viable dags retrieved from /usr/local/lib/python3.11/site-packages/airflow/example_dags/example_branch_operator_decorator.py
[2025-12-27T15:32:57.137+0000] {processor.py:183} INFO - Processing /usr/local/lib/python3.11/site-packages/airflow/example_dags/example_branch_operator_decorator.py took 0.049 seconds
[2025-12-27T15:34:35.919+0000] {processor.py:161} INFO - Started process (PID=177) to work on /usr/local/lib/python3.11/site-packages/airflow/example_dags/example_branch_operator_decorator.py
[2025-12-27T15:34:35.921+0000] {processor.py:830} INFO - Processing file /usr/local/lib/python3.11/site-packages/airflow/example_dags/example_branch_operator_decorator.py for tasks to queue
[2025-12-27T15:34:35.923+0000] {logging_mixin.py:188} INFO - [2025-12-27T15:34:35.923+0000] {dagbag.py:545} INFO - Filling up the DagBag from /usr/local/lib/python3.11/site-packages/airflow/example_dags/example_branch_operator_decorator.py
[2025-12-27T15:34:35.931+0000] {processor.py:842} WARNING - No viable dags retrieved from /usr/local/lib/python3.11/site-packages/airflow/example_dags/example_branch_operator_decorator.py
[2025-12-27T15:34:35.961+0000] {processor.py:183} INFO - Processing /usr/local/lib/python3.11/site-packages/airflow/example_dags/example_branch_operator_decorator.py took 0.055 seconds
[2025-12-27T15:36:06.040+0000] {processor.py:161} INFO - Started process (PID=240) to work on /usr/local/lib/python3.11/site-packages/airflow/example_dags/example_branch_operator_decorator.py
[2025-12-27T15:36:06.042+0000] {processor.py:830} INFO - Processing file /usr/local/lib/python3.11/site-packages/airflow/example_dags/example_branch_operator_decorator.py for tasks to queue
[2025-12-27T15:36:06.055+0000] {logging_mixin.py:188} INFO - [2025-12-27T15:36:06.047+0000] {dagbag.py:545} INFO - Filling up the DagBag from /usr/local/lib/python3.11/site-packages/airflow/example_dags/example_branch_operator_decorator.py
[2025-12-27T15:36:06.073+0000] {processor.py:842} WARNING - No viable dags retrieved from /usr/local/lib/python3.11/site-packages/airflow/example_dags/example_branch_operator_decorator.py
[2025-12-27T15:36:06.095+0000] {processor.py:183} INFO - Processing /usr/local/lib/python3.11/site-packages/airflow/example_dags/example_branch_operator_decorator.py took 0.071 seconds
[2025-12-27T15:37:43.005+0000] {processor.py:161} INFO - Started process (PID=304) to work on /usr/local/lib/python3.11/site-packages/airflow/example_dags/example_branch_operator_decorator.py
[2025-12-27T15:37:43.007+0000] {processor.py:830} INFO - Processing file /usr/local/lib/python3.11/site-packages/airflow/example_dags/example_branch_operator_decorator.py for tasks to queue
[2025-12-27T15:37:43.009+0000] {logging_mixin.py:188} INFO - [2025-12-27T15:37:43.009+0000] {dagbag.py:545} INFO - Filling up the DagBag from /usr/local/lib/python3.11/site-packages/airflow/example_dags/example_branch_operator_decorator.py
[2025-12-27T15:37:43.016+0000] {processor.py:842} WARNING - No viable dags retrieved from /usr/local/lib/python3.11/site-packages/airflow/example_dags/example_branch_operator_decorator.py
[2025-12-27T15:37:43.050+0000] {processor.py:183} INFO - Processing /usr/local/lib/python3.11/site-packages/airflow/example_dags/example_branch_operator_decorator.py took 0.061 seconds
[2025-12-27T15:39:15.809+0000] {processor.py:161} INFO - Started process (PID=366) to work on /usr/local/lib/python3.11/site-packages/airflow/example_dags/example_branch_operator_decorator.py
[2025-12-27T15:39:15.810+0000] {processor.py:830} INFO - Processing file /usr/local/lib/python3.11/site-packages/airflow/example_dags/example_branch_operator_decorator.py for tasks to queue
[2025-12-27T15:39:15.812+0000] {logging_mixin.py:188} INFO - [2025-12-27T15:39:15.812+0000] {dagbag.py:545} INFO - Filling up the DagBag from /usr/local/lib/python3.11/site-packages/airflow/example_dags/example_branch_operator_decorator.py
[2025-12-27T15:39:15.822+0000] {processor.py:842} WARNING - No viable dags retrieved from /usr/local/lib/python3.11/site-packages/airflow/example_dags/example_branch_operator_decorator.py
[2025-12-27T15:39:15.849+0000] {processor.py:183} INFO - Processing /usr/local/lib/python3.11/site-packages/airflow/example_dags/example_branch_operator_decorator.py took 0.053 seconds
[2025-12-27T15:41:02.133+0000] {processor.py:161} INFO - Started process (PID=431) to work on /usr/local/lib/python3.11/site-packages/airflow/example_dags/example_branch_operator_decorator.py
[2025-12-27T15:41:02.135+0000] {processor.py:830} INFO - Processing file /usr/local/lib/python3.11/site-packages/airflow/example_dags/example_branch_operator_decorator.py for tasks to queue
[2025-12-27T15:41:02.138+0000] {logging_mixin.py:188} INFO - [2025-12-27T15:41:02.137+0000] {dagbag.py:545} INFO - Filling up the DagBag from /usr/local/lib/python3.11/site-packages/airflow/example_dags/example_branch_operator_decorator.py
[2025-12-27T15:41:02.146+0000] {processor.py:842} WARNING - No viable dags retrieved from /usr/local/lib/python3.11/site-packages/airflow/example_dags/example_branch_operator_decorator.py
[2025-12-27T15:41:02.175+0000] {processor.py:183} INFO - Processing /usr/local/lib/python3.11/site-packages/airflow/example_dags/example_branch_operator_decorator.py took 0.061 seconds
[2025-12-27T15:44:23.431+0000] {processor.py:161} INFO - Started process (PID=64) to work on /usr/local/lib/python3.11/site-packages/airflow/example_dags/example_branch_operator_decorator.py
[2025-12-27T15:44:23.432+0000] {processor.py:830} INFO - Processing file /usr/local/lib/python3.11/site-packages/airflow/example_dags/example_branch_operator_decorator.py for tasks to queue
[2025-12-27T15:44:23.434+0000] {logging_mixin.py:188} INFO - [2025-12-27T15:44:23.434+0000] {dagbag.py:545} INFO - Filling up the DagBag from /usr/local/lib/python3.11/site-packages/airflow/example_dags/example_branch_operator_decorator.py
[2025-12-27T15:44:23.442+0000] {processor.py:842} WARNING - No viable dags retrieved from /usr/local/lib/python3.11/site-packages/airflow/example_dags/example_branch_operator_decorator.py
[2025-12-27T15:44:23.467+0000] {processor.py:183} INFO - Processing /usr/local/lib/python3.11/site-packages/airflow/example_dags/example_branch_operator_decorator.py took 0.050 seconds
[2025-12-27T15:45:40.814+0000] {processor.py:161} INFO - Started process (PID=116) to work on /usr/local/lib/python3.11/site-packages/airflow/example_dags/example_branch_operator_decorator.py
[2025-12-27T15:45:40.815+0000] {processor.py:830} INFO - Processing file /usr/local/lib/python3.11/site-packages/airflow/example_dags/example_branch_operator_decorator.py for tasks to queue
[2025-12-27T15:45:40.818+0000] {logging_mixin.py:188} INFO - [2025-12-27T15:45:40.817+0000] {dagbag.py:545} INFO - Filling up the DagBag from /usr/local/lib/python3.11/site-packages/airflow/example_dags/example_branch_operator_decorator.py
[2025-12-27T15:45:40.826+0000] {processor.py:842} WARNING - No viable dags retrieved from /usr/local/lib/python3.11/site-packages/airflow/example_dags/example_branch_operator_decorator.py
[2025-12-27T15:45:40.859+0000] {processor.py:183} INFO - Processing /usr/local/lib/python3.11/site-packages/airflow/example_dags/example_branch_operator_decorator.py took 0.061 seconds
[2025-12-27T15:47:26.845+0000] {processor.py:161} INFO - Started process (PID=205) to work on /usr/local/lib/python3.11/site-packages/airflow/example_dags/example_branch_operator_decorator.py
[2025-12-27T15:47:26.847+0000] {processor.py:830} INFO - Processing file /usr/local/lib/python3.11/site-packages/airflow/example_dags/example_branch_operator_decorator.py for tasks to queue
[2025-12-27T15:47:26.850+0000] {logging_mixin.py:188} INFO - [2025-12-27T15:47:26.849+0000] {dagbag.py:545} INFO - Filling up the DagBag from /usr/local/lib/python3.11/site-packages/airflow/example_dags/example_branch_operator_decorator.py
[2025-12-27T15:47:26.858+0000] {processor.py:842} WARNING - No viable dags retrieved from /usr/local/lib/python3.11/site-packages/airflow/example_dags/example_branch_operator_decorator.py
[2025-12-27T15:47:26.887+0000] {processor.py:183} INFO - Processing /usr/local/lib/python3.11/site-packages/airflow/example_dags/example_branch_operator_decorator.py took 0.059 seconds
[2025-12-27T15:48:59.178+0000] {processor.py:161} INFO - Started process (PID=280) to work on /usr/local/lib/python3.11/site-packages/airflow/example_dags/example_branch_operator_decorator.py
[2025-12-27T15:48:59.179+0000] {processor.py:830} INFO - Processing file /usr/local/lib/python3.11/site-packages/airflow/example_dags/example_branch_operator_decorator.py for tasks to queue
[2025-12-27T15:48:59.182+0000] {logging_mixin.py:188} INFO - [2025-12-27T15:48:59.181+0000] {dagbag.py:545} INFO - Filling up the DagBag from /usr/local/lib/python3.11/site-packages/airflow/example_dags/example_branch_operator_decorator.py
[2025-12-27T15:48:59.189+0000] {processor.py:842} WARNING - No viable dags retrieved from /usr/local/lib/python3.11/site-packages/airflow/example_dags/example_branch_operator_decorator.py
[2025-12-27T15:48:59.217+0000] {processor.py:183} INFO - Processing /usr/local/lib/python3.11/site-packages/airflow/example_dags/example_branch_operator_decorator.py took 0.054 seconds
[2025-12-27T15:50:34.453+0000] {processor.py:161} INFO - Started process (PID=346) to work on /usr/local/lib/python3.11/site-packages/airflow/example_dags/example_branch_operator_decorator.py
[2025-12-27T15:50:34.455+0000] {processor.py:830} INFO - Processing file /usr/local/lib/python3.11/site-packages/airflow/example_dags/example_branch_operator_decorator.py for tasks to queue
[2025-12-27T15:50:34.458+0000] {logging_mixin.py:188} INFO - [2025-12-27T15:50:34.458+0000] {dagbag.py:545} INFO - Filling up the DagBag from /usr/local/lib/python3.11/site-packages/airflow/example_dags/example_branch_operator_decorator.py
[2025-12-27T15:50:34.466+0000] {processor.py:842} WARNING - No viable dags retrieved from /usr/local/lib/python3.11/site-packages/airflow/example_dags/example_branch_operator_decorator.py
[2025-12-27T15:50:34.497+0000] {processor.py:183} INFO - Processing /usr/local/lib/python3.11/site-packages/airflow/example_dags/example_branch_operator_decorator.py took 0.060 seconds
[2025-12-27T15:52:05.691+0000] {processor.py:161} INFO - Started process (PID=422) to work on /usr/local/lib/python3.11/site-packages/airflow/example_dags/example_branch_operator_decorator.py
[2025-12-27T15:52:05.693+0000] {processor.py:830} INFO - Processing file /usr/local/lib/python3.11/site-packages/airflow/example_dags/example_branch_operator_decorator.py for tasks to queue
[2025-12-27T15:52:05.697+0000] {logging_mixin.py:188} INFO - [2025-12-27T15:52:05.696+0000] {dagbag.py:545} INFO - Filling up the DagBag from /usr/local/lib/python3.11/site-packages/airflow/example_dags/example_branch_operator_decorator.py
[2025-12-27T15:52:05.708+0000] {processor.py:842} WARNING - No viable dags retrieved from /usr/local/lib/python3.11/site-packages/airflow/example_dags/example_branch_operator_decorator.py
[2025-12-27T15:52:05.750+0000] {processor.py:183} INFO - Processing /usr/local/lib/python3.11/site-packages/airflow/example_dags/example_branch_operator_decorator.py took 0.090 seconds
[2025-12-27T15:53:38.553+0000] {processor.py:161} INFO - Started process (PID=503) to work on /usr/local/lib/python3.11/site-packages/airflow/example_dags/example_branch_operator_decorator.py
[2025-12-27T15:53:38.554+0000] {processor.py:830} INFO - Processing file /usr/local/lib/python3.11/site-packages/airflow/example_dags/example_branch_operator_decorator.py for tasks to queue
[2025-12-27T15:53:38.556+0000] {logging_mixin.py:188} INFO - [2025-12-27T15:53:38.556+0000] {dagbag.py:545} INFO - Filling up the DagBag from /usr/local/lib/python3.11/site-packages/airflow/example_dags/example_branch_operator_decorator.py
[2025-12-27T15:53:38.564+0000] {processor.py:842} WARNING - No viable dags retrieved from /usr/local/lib/python3.11/site-packages/airflow/example_dags/example_branch_operator_decorator.py
[2025-12-27T15:53:38.593+0000] {processor.py:183} INFO - Processing /usr/local/lib/python3.11/site-packages/airflow/example_dags/example_branch_operator_decorator.py took 0.054 seconds
[2025-12-27T15:55:10.363+0000] {processor.py:161} INFO - Started process (PID=573) to work on /usr/local/lib/python3.11/site-packages/airflow/example_dags/example_branch_operator_decorator.py
[2025-12-27T15:55:10.364+0000] {processor.py:830} INFO - Processing file /usr/local/lib/python3.11/site-packages/airflow/example_dags/example_branch_operator_decorator.py for tasks to queue
[2025-12-27T15:55:10.368+0000] {logging_mixin.py:188} INFO - [2025-12-27T15:55:10.368+0000] {dagbag.py:545} INFO - Filling up the DagBag from /usr/local/lib/python3.11/site-packages/airflow/example_dags/example_branch_operator_decorator.py
[2025-12-27T15:55:10.376+0000] {processor.py:842} WARNING - No viable dags retrieved from /usr/local/lib/python3.11/site-packages/airflow/example_dags/example_branch_operator_decorator.py
[2025-12-27T15:55:10.408+0000] {processor.py:183} INFO - Processing /usr/local/lib/python3.11/site-packages/airflow/example_dags/example_branch_operator_decorator.py took 0.068 seconds
[2025-12-27T15:56:42.842+0000] {processor.py:161} INFO - Started process (PID=643) to work on /usr/local/lib/python3.11/site-packages/airflow/example_dags/example_branch_operator_decorator.py
[2025-12-27T15:56:42.844+0000] {processor.py:830} INFO - Processing file /usr/local/lib/python3.11/site-packages/airflow/example_dags/example_branch_operator_decorator.py for tasks to queue
[2025-12-27T15:56:42.857+0000] {logging_mixin.py:188} INFO - [2025-12-27T15:56:42.856+0000] {dagbag.py:545} INFO - Filling up the DagBag from /usr/local/lib/python3.11/site-packages/airflow/example_dags/example_branch_operator_decorator.py
[2025-12-27T15:56:42.878+0000] {processor.py:842} WARNING - No viable dags retrieved from /usr/local/lib/python3.11/site-packages/airflow/example_dags/example_branch_operator_decorator.py
[2025-12-27T15:56:42.980+0000] {processor.py:183} INFO - Processing /usr/local/lib/python3.11/site-packages/airflow/example_dags/example_branch_operator_decorator.py took 0.184 seconds
[2025-12-27T15:58:13.093+0000] {processor.py:161} INFO - Started process (PID=705) to work on /usr/local/lib/python3.11/site-packages/airflow/example_dags/example_branch_operator_decorator.py
[2025-12-27T15:58:13.094+0000] {processor.py:830} INFO - Processing file /usr/local/lib/python3.11/site-packages/airflow/example_dags/example_branch_operator_decorator.py for tasks to queue
[2025-12-27T15:58:13.097+0000] {logging_mixin.py:188} INFO - [2025-12-27T15:58:13.097+0000] {dagbag.py:545} INFO - Filling up the DagBag from /usr/local/lib/python3.11/site-packages/airflow/example_dags/example_branch_operator_decorator.py
[2025-12-27T15:58:13.104+0000] {processor.py:842} WARNING - No viable dags retrieved from /usr/local/lib/python3.11/site-packages/airflow/example_dags/example_branch_operator_decorator.py
[2025-12-27T15:58:13.137+0000] {processor.py:183} INFO - Processing /usr/local/lib/python3.11/site-packages/airflow/example_dags/example_branch_operator_decorator.py took 0.063 seconds
[2025-12-27T15:59:57.307+0000] {processor.py:161} INFO - Started process (PID=768) to work on /usr/local/lib/python3.11/site-packages/airflow/example_dags/example_branch_operator_decorator.py
[2025-12-27T15:59:57.309+0000] {processor.py:830} INFO - Processing file /usr/local/lib/python3.11/site-packages/airflow/example_dags/example_branch_operator_decorator.py for tasks to queue
[2025-12-27T15:59:57.311+0000] {logging_mixin.py:188} INFO - [2025-12-27T15:59:57.310+0000] {dagbag.py:545} INFO - Filling up the DagBag from /usr/local/lib/python3.11/site-packages/airflow/example_dags/example_branch_operator_decorator.py
[2025-12-27T15:59:57.317+0000] {processor.py:842} WARNING - No viable dags retrieved from /usr/local/lib/python3.11/site-packages/airflow/example_dags/example_branch_operator_decorator.py
[2025-12-27T15:59:57.341+0000] {processor.py:183} INFO - Processing /usr/local/lib/python3.11/site-packages/airflow/example_dags/example_branch_operator_decorator.py took 0.047 seconds
[2025-12-27T16:01:48.888+0000] {processor.py:161} INFO - Started process (PID=837) to work on /usr/local/lib/python3.11/site-packages/airflow/example_dags/example_branch_operator_decorator.py
[2025-12-27T16:01:48.889+0000] {processor.py:830} INFO - Processing file /usr/local/lib/python3.11/site-packages/airflow/example_dags/example_branch_operator_decorator.py for tasks to queue
[2025-12-27T16:01:48.892+0000] {logging_mixin.py:188} INFO - [2025-12-27T16:01:48.891+0000] {dagbag.py:545} INFO - Filling up the DagBag from /usr/local/lib/python3.11/site-packages/airflow/example_dags/example_branch_operator_decorator.py
[2025-12-27T16:01:48.898+0000] {processor.py:842} WARNING - No viable dags retrieved from /usr/local/lib/python3.11/site-packages/airflow/example_dags/example_branch_operator_decorator.py
[2025-12-27T16:01:48.922+0000] {processor.py:183} INFO - Processing /usr/local/lib/python3.11/site-packages/airflow/example_dags/example_branch_operator_decorator.py took 0.049 seconds
