[2025-12-27T13:47:04.203+0000] {processor.py:161} INFO - Started process (PID=72) to work on /usr/local/lib/python3.11/site-packages/airflow/example_dags/example_nested_branch_dag.py
[2025-12-27T13:47:04.204+0000] {processor.py:830} INFO - Processing file /usr/local/lib/python3.11/site-packages/airflow/example_dags/example_nested_branch_dag.py for tasks to queue
[2025-12-27T13:47:04.206+0000] {logging_mixin.py:188} INFO - [2025-12-27T13:47:04.206+0000] {dagbag.py:545} INFO - Filling up the DagBag from /usr/local/lib/python3.11/site-packages/airflow/example_dags/example_nested_branch_dag.py
[2025-12-27T13:47:04.237+0000] {processor.py:840} INFO - DAG(s) 'example_nested_branch_dag' retrieved from /usr/local/lib/python3.11/site-packages/airflow/example_dags/example_nested_branch_dag.py
[2025-12-27T13:47:04.805+0000] {logging_mixin.py:188} INFO - [2025-12-27T13:47:04.803+0000] {override.py:1930} INFO - Created Permission View: can edit on DAG:example_nested_branch_dag
[2025-12-27T13:47:04.953+0000] {logging_mixin.py:188} INFO - [2025-12-27T13:47:04.952+0000] {override.py:1930} INFO - Created Permission View: can read on DAG:example_nested_branch_dag
[2025-12-27T13:47:05.126+0000] {logging_mixin.py:188} INFO - [2025-12-27T13:47:05.125+0000] {override.py:1930} INFO - Created Permission View: can delete on DAG:example_nested_branch_dag
[2025-12-27T13:47:05.127+0000] {logging_mixin.py:188} INFO - [2025-12-27T13:47:05.127+0000] {dag.py:3096} INFO - Sync 1 DAGs
[2025-12-27T13:47:05.270+0000] {logging_mixin.py:188} INFO - [2025-12-27T13:47:05.270+0000] {dag.py:3118} INFO - Creating ORM DAG for example_nested_branch_dag
[2025-12-27T13:47:05.285+0000] {logging_mixin.py:188} INFO - [2025-12-27T13:47:05.285+0000] {dag.py:3954} INFO - Setting next_dagrun for example_nested_branch_dag to 2025-12-26 00:00:00+00:00, run_after=2025-12-27 00:00:00+00:00
[2025-12-27T13:47:05.533+0000] {processor.py:183} INFO - Processing /usr/local/lib/python3.11/site-packages/airflow/example_dags/example_nested_branch_dag.py took 1.348 seconds
[2025-12-27T13:48:28.808+0000] {processor.py:161} INFO - Started process (PID=124) to work on /usr/local/lib/python3.11/site-packages/airflow/example_dags/example_nested_branch_dag.py
[2025-12-27T13:48:28.810+0000] {processor.py:830} INFO - Processing file /usr/local/lib/python3.11/site-packages/airflow/example_dags/example_nested_branch_dag.py for tasks to queue
[2025-12-27T13:48:28.813+0000] {logging_mixin.py:188} INFO - [2025-12-27T13:48:28.812+0000] {dagbag.py:545} INFO - Filling up the DagBag from /usr/local/lib/python3.11/site-packages/airflow/example_dags/example_nested_branch_dag.py
[2025-12-27T13:48:28.834+0000] {processor.py:840} INFO - DAG(s) 'example_nested_branch_dag' retrieved from /usr/local/lib/python3.11/site-packages/airflow/example_dags/example_nested_branch_dag.py
[2025-12-27T13:48:28.944+0000] {logging_mixin.py:188} INFO - [2025-12-27T13:48:28.944+0000] {dag.py:3096} INFO - Sync 1 DAGs
[2025-12-27T13:48:29.019+0000] {logging_mixin.py:188} INFO - [2025-12-27T13:48:29.018+0000] {dag.py:3954} INFO - Setting next_dagrun for example_nested_branch_dag to 2025-12-26 00:00:00+00:00, run_after=2025-12-27 00:00:00+00:00
[2025-12-27T13:48:29.247+0000] {processor.py:183} INFO - Processing /usr/local/lib/python3.11/site-packages/airflow/example_dags/example_nested_branch_dag.py took 0.459 seconds
[2025-12-27T13:50:03.812+0000] {processor.py:161} INFO - Started process (PID=187) to work on /usr/local/lib/python3.11/site-packages/airflow/example_dags/example_nested_branch_dag.py
[2025-12-27T13:50:03.813+0000] {processor.py:830} INFO - Processing file /usr/local/lib/python3.11/site-packages/airflow/example_dags/example_nested_branch_dag.py for tasks to queue
[2025-12-27T13:50:03.816+0000] {logging_mixin.py:188} INFO - [2025-12-27T13:50:03.815+0000] {dagbag.py:545} INFO - Filling up the DagBag from /usr/local/lib/python3.11/site-packages/airflow/example_dags/example_nested_branch_dag.py
[2025-12-27T13:50:03.831+0000] {processor.py:840} INFO - DAG(s) 'example_nested_branch_dag' retrieved from /usr/local/lib/python3.11/site-packages/airflow/example_dags/example_nested_branch_dag.py
[2025-12-27T13:50:03.869+0000] {logging_mixin.py:188} INFO - [2025-12-27T13:50:03.869+0000] {dag.py:3096} INFO - Sync 1 DAGs
[2025-12-27T13:50:03.907+0000] {logging_mixin.py:188} INFO - [2025-12-27T13:50:03.907+0000] {dag.py:3954} INFO - Setting next_dagrun for example_nested_branch_dag to 2025-12-26 00:00:00+00:00, run_after=2025-12-27 00:00:00+00:00
[2025-12-27T13:50:04.105+0000] {processor.py:183} INFO - Processing /usr/local/lib/python3.11/site-packages/airflow/example_dags/example_nested_branch_dag.py took 0.314 seconds
[2025-12-27T13:51:28.298+0000] {processor.py:161} INFO - Started process (PID=248) to work on /usr/local/lib/python3.11/site-packages/airflow/example_dags/example_nested_branch_dag.py
[2025-12-27T13:51:28.299+0000] {processor.py:830} INFO - Processing file /usr/local/lib/python3.11/site-packages/airflow/example_dags/example_nested_branch_dag.py for tasks to queue
[2025-12-27T13:51:28.302+0000] {logging_mixin.py:188} INFO - [2025-12-27T13:51:28.301+0000] {dagbag.py:545} INFO - Filling up the DagBag from /usr/local/lib/python3.11/site-packages/airflow/example_dags/example_nested_branch_dag.py
[2025-12-27T13:51:28.315+0000] {processor.py:840} INFO - DAG(s) 'example_nested_branch_dag' retrieved from /usr/local/lib/python3.11/site-packages/airflow/example_dags/example_nested_branch_dag.py
[2025-12-27T13:51:28.355+0000] {logging_mixin.py:188} INFO - [2025-12-27T13:51:28.355+0000] {dag.py:3096} INFO - Sync 1 DAGs
[2025-12-27T13:51:28.415+0000] {logging_mixin.py:188} INFO - [2025-12-27T13:51:28.415+0000] {dag.py:3954} INFO - Setting next_dagrun for example_nested_branch_dag to 2025-12-26 00:00:00+00:00, run_after=2025-12-27 00:00:00+00:00
[2025-12-27T13:51:28.658+0000] {processor.py:183} INFO - Processing /usr/local/lib/python3.11/site-packages/airflow/example_dags/example_nested_branch_dag.py took 0.377 seconds
[2025-12-27T13:52:51.924+0000] {processor.py:161} INFO - Started process (PID=308) to work on /usr/local/lib/python3.11/site-packages/airflow/example_dags/example_nested_branch_dag.py
[2025-12-27T13:52:51.925+0000] {processor.py:830} INFO - Processing file /usr/local/lib/python3.11/site-packages/airflow/example_dags/example_nested_branch_dag.py for tasks to queue
[2025-12-27T13:52:51.927+0000] {logging_mixin.py:188} INFO - [2025-12-27T13:52:51.927+0000] {dagbag.py:545} INFO - Filling up the DagBag from /usr/local/lib/python3.11/site-packages/airflow/example_dags/example_nested_branch_dag.py
[2025-12-27T13:52:51.939+0000] {processor.py:840} INFO - DAG(s) 'example_nested_branch_dag' retrieved from /usr/local/lib/python3.11/site-packages/airflow/example_dags/example_nested_branch_dag.py
[2025-12-27T13:52:51.972+0000] {logging_mixin.py:188} INFO - [2025-12-27T13:52:51.972+0000] {dag.py:3096} INFO - Sync 1 DAGs
[2025-12-27T13:52:52.005+0000] {logging_mixin.py:188} INFO - [2025-12-27T13:52:52.005+0000] {dag.py:3954} INFO - Setting next_dagrun for example_nested_branch_dag to 2025-12-26 00:00:00+00:00, run_after=2025-12-27 00:00:00+00:00
[2025-12-27T13:52:52.225+0000] {processor.py:183} INFO - Processing /usr/local/lib/python3.11/site-packages/airflow/example_dags/example_nested_branch_dag.py took 0.315 seconds
[2025-12-27T13:54:16.249+0000] {processor.py:161} INFO - Started process (PID=369) to work on /usr/local/lib/python3.11/site-packages/airflow/example_dags/example_nested_branch_dag.py
[2025-12-27T13:54:16.251+0000] {processor.py:830} INFO - Processing file /usr/local/lib/python3.11/site-packages/airflow/example_dags/example_nested_branch_dag.py for tasks to queue
[2025-12-27T13:54:16.253+0000] {logging_mixin.py:188} INFO - [2025-12-27T13:54:16.252+0000] {dagbag.py:545} INFO - Filling up the DagBag from /usr/local/lib/python3.11/site-packages/airflow/example_dags/example_nested_branch_dag.py
[2025-12-27T13:54:16.265+0000] {processor.py:840} INFO - DAG(s) 'example_nested_branch_dag' retrieved from /usr/local/lib/python3.11/site-packages/airflow/example_dags/example_nested_branch_dag.py
[2025-12-27T13:54:16.301+0000] {logging_mixin.py:188} INFO - [2025-12-27T13:54:16.301+0000] {dag.py:3096} INFO - Sync 1 DAGs
[2025-12-27T13:54:16.335+0000] {logging_mixin.py:188} INFO - [2025-12-27T13:54:16.335+0000] {dag.py:3954} INFO - Setting next_dagrun for example_nested_branch_dag to 2025-12-26 00:00:00+00:00, run_after=2025-12-27 00:00:00+00:00
[2025-12-27T13:54:16.521+0000] {processor.py:183} INFO - Processing /usr/local/lib/python3.11/site-packages/airflow/example_dags/example_nested_branch_dag.py took 0.288 seconds
[2025-12-27T13:55:40.797+0000] {processor.py:161} INFO - Started process (PID=431) to work on /usr/local/lib/python3.11/site-packages/airflow/example_dags/example_nested_branch_dag.py
[2025-12-27T13:55:40.798+0000] {processor.py:830} INFO - Processing file /usr/local/lib/python3.11/site-packages/airflow/example_dags/example_nested_branch_dag.py for tasks to queue
[2025-12-27T13:55:40.801+0000] {logging_mixin.py:188} INFO - [2025-12-27T13:55:40.800+0000] {dagbag.py:545} INFO - Filling up the DagBag from /usr/local/lib/python3.11/site-packages/airflow/example_dags/example_nested_branch_dag.py
[2025-12-27T13:55:40.813+0000] {processor.py:840} INFO - DAG(s) 'example_nested_branch_dag' retrieved from /usr/local/lib/python3.11/site-packages/airflow/example_dags/example_nested_branch_dag.py
[2025-12-27T13:55:40.846+0000] {logging_mixin.py:188} INFO - [2025-12-27T13:55:40.846+0000] {dag.py:3096} INFO - Sync 1 DAGs
[2025-12-27T13:55:40.883+0000] {logging_mixin.py:188} INFO - [2025-12-27T13:55:40.883+0000] {dag.py:3954} INFO - Setting next_dagrun for example_nested_branch_dag to 2025-12-26 00:00:00+00:00, run_after=2025-12-27 00:00:00+00:00
[2025-12-27T13:55:41.063+0000] {processor.py:183} INFO - Processing /usr/local/lib/python3.11/site-packages/airflow/example_dags/example_nested_branch_dag.py took 0.280 seconds
[2025-12-27T13:57:06.046+0000] {processor.py:161} INFO - Started process (PID=492) to work on /usr/local/lib/python3.11/site-packages/airflow/example_dags/example_nested_branch_dag.py
[2025-12-27T13:57:06.047+0000] {processor.py:830} INFO - Processing file /usr/local/lib/python3.11/site-packages/airflow/example_dags/example_nested_branch_dag.py for tasks to queue
[2025-12-27T13:57:06.049+0000] {logging_mixin.py:188} INFO - [2025-12-27T13:57:06.049+0000] {dagbag.py:545} INFO - Filling up the DagBag from /usr/local/lib/python3.11/site-packages/airflow/example_dags/example_nested_branch_dag.py
[2025-12-27T13:57:06.062+0000] {processor.py:840} INFO - DAG(s) 'example_nested_branch_dag' retrieved from /usr/local/lib/python3.11/site-packages/airflow/example_dags/example_nested_branch_dag.py
[2025-12-27T13:57:06.096+0000] {logging_mixin.py:188} INFO - [2025-12-27T13:57:06.096+0000] {dag.py:3096} INFO - Sync 1 DAGs
[2025-12-27T13:57:06.128+0000] {logging_mixin.py:188} INFO - [2025-12-27T13:57:06.127+0000] {dag.py:3954} INFO - Setting next_dagrun for example_nested_branch_dag to 2025-12-26 00:00:00+00:00, run_after=2025-12-27 00:00:00+00:00
[2025-12-27T13:57:06.372+0000] {processor.py:183} INFO - Processing /usr/local/lib/python3.11/site-packages/airflow/example_dags/example_nested_branch_dag.py took 0.345 seconds
[2025-12-27T13:58:30.602+0000] {processor.py:161} INFO - Started process (PID=553) to work on /usr/local/lib/python3.11/site-packages/airflow/example_dags/example_nested_branch_dag.py
[2025-12-27T13:58:30.603+0000] {processor.py:830} INFO - Processing file /usr/local/lib/python3.11/site-packages/airflow/example_dags/example_nested_branch_dag.py for tasks to queue
[2025-12-27T13:58:30.606+0000] {logging_mixin.py:188} INFO - [2025-12-27T13:58:30.605+0000] {dagbag.py:545} INFO - Filling up the DagBag from /usr/local/lib/python3.11/site-packages/airflow/example_dags/example_nested_branch_dag.py
[2025-12-27T13:58:30.618+0000] {processor.py:840} INFO - DAG(s) 'example_nested_branch_dag' retrieved from /usr/local/lib/python3.11/site-packages/airflow/example_dags/example_nested_branch_dag.py
[2025-12-27T13:58:30.652+0000] {logging_mixin.py:188} INFO - [2025-12-27T13:58:30.652+0000] {dag.py:3096} INFO - Sync 1 DAGs
[2025-12-27T13:58:30.695+0000] {logging_mixin.py:188} INFO - [2025-12-27T13:58:30.695+0000] {dag.py:3954} INFO - Setting next_dagrun for example_nested_branch_dag to 2025-12-26 00:00:00+00:00, run_after=2025-12-27 00:00:00+00:00
[2025-12-27T13:58:30.908+0000] {processor.py:183} INFO - Processing /usr/local/lib/python3.11/site-packages/airflow/example_dags/example_nested_branch_dag.py took 0.320 seconds
[2025-12-27T13:59:57.107+0000] {processor.py:161} INFO - Started process (PID=614) to work on /usr/local/lib/python3.11/site-packages/airflow/example_dags/example_nested_branch_dag.py
[2025-12-27T13:59:57.109+0000] {processor.py:830} INFO - Processing file /usr/local/lib/python3.11/site-packages/airflow/example_dags/example_nested_branch_dag.py for tasks to queue
[2025-12-27T13:59:57.111+0000] {logging_mixin.py:188} INFO - [2025-12-27T13:59:57.111+0000] {dagbag.py:545} INFO - Filling up the DagBag from /usr/local/lib/python3.11/site-packages/airflow/example_dags/example_nested_branch_dag.py
[2025-12-27T13:59:57.130+0000] {processor.py:840} INFO - DAG(s) 'example_nested_branch_dag' retrieved from /usr/local/lib/python3.11/site-packages/airflow/example_dags/example_nested_branch_dag.py
[2025-12-27T13:59:57.164+0000] {logging_mixin.py:188} INFO - [2025-12-27T13:59:57.164+0000] {dag.py:3096} INFO - Sync 1 DAGs
[2025-12-27T13:59:57.194+0000] {logging_mixin.py:188} INFO - [2025-12-27T13:59:57.194+0000] {dag.py:3954} INFO - Setting next_dagrun for example_nested_branch_dag to 2025-12-26 00:00:00+00:00, run_after=2025-12-27 00:00:00+00:00
[2025-12-27T13:59:57.456+0000] {processor.py:183} INFO - Processing /usr/local/lib/python3.11/site-packages/airflow/example_dags/example_nested_branch_dag.py took 0.370 seconds
[2025-12-27T14:01:52.317+0000] {processor.py:161} INFO - Started process (PID=679) to work on /usr/local/lib/python3.11/site-packages/airflow/example_dags/example_nested_branch_dag.py
[2025-12-27T14:01:52.322+0000] {processor.py:830} INFO - Processing file /usr/local/lib/python3.11/site-packages/airflow/example_dags/example_nested_branch_dag.py for tasks to queue
[2025-12-27T14:01:52.325+0000] {logging_mixin.py:188} INFO - [2025-12-27T14:01:52.325+0000] {dagbag.py:545} INFO - Filling up the DagBag from /usr/local/lib/python3.11/site-packages/airflow/example_dags/example_nested_branch_dag.py
[2025-12-27T14:01:52.369+0000] {processor.py:840} INFO - DAG(s) 'example_nested_branch_dag' retrieved from /usr/local/lib/python3.11/site-packages/airflow/example_dags/example_nested_branch_dag.py
[2025-12-27T14:01:52.575+0000] {logging_mixin.py:188} INFO - [2025-12-27T14:01:52.574+0000] {dag.py:3096} INFO - Sync 1 DAGs
[2025-12-27T14:01:52.642+0000] {logging_mixin.py:188} INFO - [2025-12-27T14:01:52.642+0000] {dag.py:3954} INFO - Setting next_dagrun for example_nested_branch_dag to 2025-12-26 00:00:00+00:00, run_after=2025-12-27 00:00:00+00:00
[2025-12-27T14:01:53.058+0000] {processor.py:183} INFO - Processing /usr/local/lib/python3.11/site-packages/airflow/example_dags/example_nested_branch_dag.py took 0.785 seconds
[2025-12-27T14:04:05.194+0000] {processor.py:161} INFO - Started process (PID=756) to work on /usr/local/lib/python3.11/site-packages/airflow/example_dags/example_nested_branch_dag.py
[2025-12-27T14:04:05.196+0000] {processor.py:830} INFO - Processing file /usr/local/lib/python3.11/site-packages/airflow/example_dags/example_nested_branch_dag.py for tasks to queue
[2025-12-27T14:04:05.199+0000] {logging_mixin.py:188} INFO - [2025-12-27T14:04:05.199+0000] {dagbag.py:545} INFO - Filling up the DagBag from /usr/local/lib/python3.11/site-packages/airflow/example_dags/example_nested_branch_dag.py
[2025-12-27T14:04:05.219+0000] {processor.py:840} INFO - DAG(s) 'example_nested_branch_dag' retrieved from /usr/local/lib/python3.11/site-packages/airflow/example_dags/example_nested_branch_dag.py
[2025-12-27T14:04:05.254+0000] {logging_mixin.py:188} INFO - [2025-12-27T14:04:05.254+0000] {dag.py:3096} INFO - Sync 1 DAGs
[2025-12-27T14:04:05.295+0000] {logging_mixin.py:188} INFO - [2025-12-27T14:04:05.295+0000] {dag.py:3954} INFO - Setting next_dagrun for example_nested_branch_dag to 2025-12-26 00:00:00+00:00, run_after=2025-12-27 00:00:00+00:00
[2025-12-27T14:04:05.541+0000] {processor.py:183} INFO - Processing /usr/local/lib/python3.11/site-packages/airflow/example_dags/example_nested_branch_dag.py took 0.371 seconds
[2025-12-27T14:05:56.052+0000] {processor.py:161} INFO - Started process (PID=840) to work on /usr/local/lib/python3.11/site-packages/airflow/example_dags/example_nested_branch_dag.py
[2025-12-27T14:05:56.053+0000] {processor.py:830} INFO - Processing file /usr/local/lib/python3.11/site-packages/airflow/example_dags/example_nested_branch_dag.py for tasks to queue
[2025-12-27T14:05:56.056+0000] {logging_mixin.py:188} INFO - [2025-12-27T14:05:56.056+0000] {dagbag.py:545} INFO - Filling up the DagBag from /usr/local/lib/python3.11/site-packages/airflow/example_dags/example_nested_branch_dag.py
[2025-12-27T14:05:56.076+0000] {processor.py:840} INFO - DAG(s) 'example_nested_branch_dag' retrieved from /usr/local/lib/python3.11/site-packages/airflow/example_dags/example_nested_branch_dag.py
[2025-12-27T14:05:56.120+0000] {logging_mixin.py:188} INFO - [2025-12-27T14:05:56.120+0000] {dag.py:3096} INFO - Sync 1 DAGs
[2025-12-27T14:05:56.156+0000] {logging_mixin.py:188} INFO - [2025-12-27T14:05:56.156+0000] {dag.py:3954} INFO - Setting next_dagrun for example_nested_branch_dag to 2025-12-26 00:00:00+00:00, run_after=2025-12-27 00:00:00+00:00
[2025-12-27T14:05:56.803+0000] {processor.py:183} INFO - Processing /usr/local/lib/python3.11/site-packages/airflow/example_dags/example_nested_branch_dag.py took 0.772 seconds
[2025-12-27T14:07:39.497+0000] {processor.py:161} INFO - Started process (PID=907) to work on /usr/local/lib/python3.11/site-packages/airflow/example_dags/example_nested_branch_dag.py
[2025-12-27T14:07:39.498+0000] {processor.py:830} INFO - Processing file /usr/local/lib/python3.11/site-packages/airflow/example_dags/example_nested_branch_dag.py for tasks to queue
[2025-12-27T14:07:39.501+0000] {logging_mixin.py:188} INFO - [2025-12-27T14:07:39.501+0000] {dagbag.py:545} INFO - Filling up the DagBag from /usr/local/lib/python3.11/site-packages/airflow/example_dags/example_nested_branch_dag.py
[2025-12-27T14:07:39.521+0000] {processor.py:840} INFO - DAG(s) 'example_nested_branch_dag' retrieved from /usr/local/lib/python3.11/site-packages/airflow/example_dags/example_nested_branch_dag.py
[2025-12-27T14:07:39.582+0000] {logging_mixin.py:188} INFO - [2025-12-27T14:07:39.582+0000] {dag.py:3096} INFO - Sync 1 DAGs
[2025-12-27T14:07:39.627+0000] {logging_mixin.py:188} INFO - [2025-12-27T14:07:39.627+0000] {dag.py:3954} INFO - Setting next_dagrun for example_nested_branch_dag to 2025-12-26 00:00:00+00:00, run_after=2025-12-27 00:00:00+00:00
[2025-12-27T14:07:39.883+0000] {processor.py:183} INFO - Processing /usr/local/lib/python3.11/site-packages/airflow/example_dags/example_nested_branch_dag.py took 0.406 seconds
[2025-12-27T14:09:22.825+0000] {processor.py:161} INFO - Started process (PID=973) to work on /usr/local/lib/python3.11/site-packages/airflow/example_dags/example_nested_branch_dag.py
[2025-12-27T14:09:22.827+0000] {processor.py:830} INFO - Processing file /usr/local/lib/python3.11/site-packages/airflow/example_dags/example_nested_branch_dag.py for tasks to queue
[2025-12-27T14:09:22.829+0000] {logging_mixin.py:188} INFO - [2025-12-27T14:09:22.829+0000] {dagbag.py:545} INFO - Filling up the DagBag from /usr/local/lib/python3.11/site-packages/airflow/example_dags/example_nested_branch_dag.py
[2025-12-27T14:09:22.852+0000] {processor.py:840} INFO - DAG(s) 'example_nested_branch_dag' retrieved from /usr/local/lib/python3.11/site-packages/airflow/example_dags/example_nested_branch_dag.py
[2025-12-27T14:09:22.896+0000] {logging_mixin.py:188} INFO - [2025-12-27T14:09:22.896+0000] {dag.py:3096} INFO - Sync 1 DAGs
[2025-12-27T14:09:22.945+0000] {logging_mixin.py:188} INFO - [2025-12-27T14:09:22.945+0000] {dag.py:3954} INFO - Setting next_dagrun for example_nested_branch_dag to 2025-12-26 00:00:00+00:00, run_after=2025-12-27 00:00:00+00:00
[2025-12-27T14:09:23.236+0000] {processor.py:183} INFO - Processing /usr/local/lib/python3.11/site-packages/airflow/example_dags/example_nested_branch_dag.py took 0.432 seconds
[2025-12-27T14:11:16.455+0000] {processor.py:161} INFO - Started process (PID=1038) to work on /usr/local/lib/python3.11/site-packages/airflow/example_dags/example_nested_branch_dag.py
[2025-12-27T14:11:16.456+0000] {processor.py:830} INFO - Processing file /usr/local/lib/python3.11/site-packages/airflow/example_dags/example_nested_branch_dag.py for tasks to queue
[2025-12-27T14:11:16.458+0000] {logging_mixin.py:188} INFO - [2025-12-27T14:11:16.458+0000] {dagbag.py:545} INFO - Filling up the DagBag from /usr/local/lib/python3.11/site-packages/airflow/example_dags/example_nested_branch_dag.py
[2025-12-27T14:11:16.473+0000] {processor.py:840} INFO - DAG(s) 'example_nested_branch_dag' retrieved from /usr/local/lib/python3.11/site-packages/airflow/example_dags/example_nested_branch_dag.py
[2025-12-27T14:11:16.510+0000] {logging_mixin.py:188} INFO - [2025-12-27T14:11:16.510+0000] {dag.py:3096} INFO - Sync 1 DAGs
[2025-12-27T14:11:16.554+0000] {logging_mixin.py:188} INFO - [2025-12-27T14:11:16.554+0000] {dag.py:3954} INFO - Setting next_dagrun for example_nested_branch_dag to 2025-12-26 00:00:00+00:00, run_after=2025-12-27 00:00:00+00:00
[2025-12-27T14:11:16.788+0000] {processor.py:183} INFO - Processing /usr/local/lib/python3.11/site-packages/airflow/example_dags/example_nested_branch_dag.py took 0.350 seconds
[2025-12-27T14:13:20.056+0000] {processor.py:161} INFO - Started process (PID=1110) to work on /usr/local/lib/python3.11/site-packages/airflow/example_dags/example_nested_branch_dag.py
[2025-12-27T14:13:20.058+0000] {processor.py:830} INFO - Processing file /usr/local/lib/python3.11/site-packages/airflow/example_dags/example_nested_branch_dag.py for tasks to queue
[2025-12-27T14:13:20.060+0000] {logging_mixin.py:188} INFO - [2025-12-27T14:13:20.059+0000] {dagbag.py:545} INFO - Filling up the DagBag from /usr/local/lib/python3.11/site-packages/airflow/example_dags/example_nested_branch_dag.py
[2025-12-27T14:13:20.075+0000] {processor.py:840} INFO - DAG(s) 'example_nested_branch_dag' retrieved from /usr/local/lib/python3.11/site-packages/airflow/example_dags/example_nested_branch_dag.py
[2025-12-27T14:13:20.117+0000] {logging_mixin.py:188} INFO - [2025-12-27T14:13:20.117+0000] {dag.py:3096} INFO - Sync 1 DAGs
[2025-12-27T14:13:20.167+0000] {logging_mixin.py:188} INFO - [2025-12-27T14:13:20.167+0000] {dag.py:3954} INFO - Setting next_dagrun for example_nested_branch_dag to 2025-12-26 00:00:00+00:00, run_after=2025-12-27 00:00:00+00:00
[2025-12-27T14:13:20.472+0000] {processor.py:183} INFO - Processing /usr/local/lib/python3.11/site-packages/airflow/example_dags/example_nested_branch_dag.py took 0.433 seconds
[2025-12-27T14:32:52.423+0000] {processor.py:161} INFO - Started process (PID=68) to work on /usr/local/lib/python3.11/site-packages/airflow/example_dags/example_nested_branch_dag.py
[2025-12-27T14:32:52.425+0000] {processor.py:830} INFO - Processing file /usr/local/lib/python3.11/site-packages/airflow/example_dags/example_nested_branch_dag.py for tasks to queue
[2025-12-27T14:32:52.429+0000] {logging_mixin.py:188} INFO - [2025-12-27T14:32:52.428+0000] {dagbag.py:545} INFO - Filling up the DagBag from /usr/local/lib/python3.11/site-packages/airflow/example_dags/example_nested_branch_dag.py
[2025-12-27T14:32:52.447+0000] {processor.py:840} INFO - DAG(s) 'example_nested_branch_dag' retrieved from /usr/local/lib/python3.11/site-packages/airflow/example_dags/example_nested_branch_dag.py
[2025-12-27T14:32:52.633+0000] {logging_mixin.py:188} INFO - [2025-12-27T14:32:52.633+0000] {dag.py:3096} INFO - Sync 1 DAGs
[2025-12-27T14:32:52.791+0000] {logging_mixin.py:188} INFO - [2025-12-27T14:32:52.791+0000] {dag.py:3954} INFO - Setting next_dagrun for example_nested_branch_dag to 2025-12-26 00:00:00+00:00, run_after=2025-12-27 00:00:00+00:00
[2025-12-27T14:32:53.119+0000] {processor.py:183} INFO - Processing /usr/local/lib/python3.11/site-packages/airflow/example_dags/example_nested_branch_dag.py took 0.716 seconds
[2025-12-27T14:34:46.160+0000] {processor.py:161} INFO - Started process (PID=136) to work on /usr/local/lib/python3.11/site-packages/airflow/example_dags/example_nested_branch_dag.py
[2025-12-27T14:34:46.161+0000] {processor.py:830} INFO - Processing file /usr/local/lib/python3.11/site-packages/airflow/example_dags/example_nested_branch_dag.py for tasks to queue
[2025-12-27T14:34:46.164+0000] {logging_mixin.py:188} INFO - [2025-12-27T14:34:46.163+0000] {dagbag.py:545} INFO - Filling up the DagBag from /usr/local/lib/python3.11/site-packages/airflow/example_dags/example_nested_branch_dag.py
[2025-12-27T14:34:46.184+0000] {processor.py:840} INFO - DAG(s) 'example_nested_branch_dag' retrieved from /usr/local/lib/python3.11/site-packages/airflow/example_dags/example_nested_branch_dag.py
[2025-12-27T14:34:46.273+0000] {logging_mixin.py:188} INFO - [2025-12-27T14:34:46.273+0000] {dag.py:3096} INFO - Sync 1 DAGs
[2025-12-27T14:34:46.670+0000] {logging_mixin.py:188} INFO - [2025-12-27T14:34:46.670+0000] {dag.py:3954} INFO - Setting next_dagrun for example_nested_branch_dag to 2025-12-26 00:00:00+00:00, run_after=2025-12-27 00:00:00+00:00
[2025-12-27T14:34:46.977+0000] {processor.py:183} INFO - Processing /usr/local/lib/python3.11/site-packages/airflow/example_dags/example_nested_branch_dag.py took 0.833 seconds
[2025-12-27T14:54:31.430+0000] {processor.py:161} INFO - Started process (PID=72) to work on /usr/local/lib/python3.11/site-packages/airflow/example_dags/example_nested_branch_dag.py
[2025-12-27T14:54:31.431+0000] {processor.py:830} INFO - Processing file /usr/local/lib/python3.11/site-packages/airflow/example_dags/example_nested_branch_dag.py for tasks to queue
[2025-12-27T14:54:31.434+0000] {logging_mixin.py:188} INFO - [2025-12-27T14:54:31.433+0000] {dagbag.py:545} INFO - Filling up the DagBag from /usr/local/lib/python3.11/site-packages/airflow/example_dags/example_nested_branch_dag.py
[2025-12-27T14:54:31.452+0000] {processor.py:840} INFO - DAG(s) 'example_nested_branch_dag' retrieved from /usr/local/lib/python3.11/site-packages/airflow/example_dags/example_nested_branch_dag.py
[2025-12-27T14:54:31.962+0000] {logging_mixin.py:188} INFO - [2025-12-27T14:54:31.961+0000] {override.py:1930} INFO - Created Permission View: can delete on DAG:example_nested_branch_dag
[2025-12-27T14:54:32.163+0000] {logging_mixin.py:188} INFO - [2025-12-27T14:54:32.162+0000] {override.py:1930} INFO - Created Permission View: can edit on DAG:example_nested_branch_dag
[2025-12-27T14:54:32.319+0000] {logging_mixin.py:188} INFO - [2025-12-27T14:54:32.318+0000] {override.py:1930} INFO - Created Permission View: can read on DAG:example_nested_branch_dag
[2025-12-27T14:54:32.320+0000] {logging_mixin.py:188} INFO - [2025-12-27T14:54:32.320+0000] {dag.py:3096} INFO - Sync 1 DAGs
[2025-12-27T14:54:32.521+0000] {logging_mixin.py:188} INFO - [2025-12-27T14:54:32.521+0000] {dag.py:3118} INFO - Creating ORM DAG for example_nested_branch_dag
[2025-12-27T14:54:32.542+0000] {logging_mixin.py:188} INFO - [2025-12-27T14:54:32.542+0000] {dag.py:3954} INFO - Setting next_dagrun for example_nested_branch_dag to 2025-12-26 00:00:00+00:00, run_after=2025-12-27 00:00:00+00:00
[2025-12-27T14:54:32.812+0000] {processor.py:183} INFO - Processing /usr/local/lib/python3.11/site-packages/airflow/example_dags/example_nested_branch_dag.py took 1.398 seconds
[2025-12-27T14:56:08.459+0000] {processor.py:161} INFO - Started process (PID=124) to work on /usr/local/lib/python3.11/site-packages/airflow/example_dags/example_nested_branch_dag.py
[2025-12-27T14:56:08.460+0000] {processor.py:830} INFO - Processing file /usr/local/lib/python3.11/site-packages/airflow/example_dags/example_nested_branch_dag.py for tasks to queue
[2025-12-27T14:56:08.463+0000] {logging_mixin.py:188} INFO - [2025-12-27T14:56:08.462+0000] {dagbag.py:545} INFO - Filling up the DagBag from /usr/local/lib/python3.11/site-packages/airflow/example_dags/example_nested_branch_dag.py
[2025-12-27T14:56:08.477+0000] {processor.py:840} INFO - DAG(s) 'example_nested_branch_dag' retrieved from /usr/local/lib/python3.11/site-packages/airflow/example_dags/example_nested_branch_dag.py
[2025-12-27T14:56:08.517+0000] {logging_mixin.py:188} INFO - [2025-12-27T14:56:08.517+0000] {dag.py:3096} INFO - Sync 1 DAGs
[2025-12-27T14:56:08.562+0000] {logging_mixin.py:188} INFO - [2025-12-27T14:56:08.562+0000] {dag.py:3954} INFO - Setting next_dagrun for example_nested_branch_dag to 2025-12-26 00:00:00+00:00, run_after=2025-12-27 00:00:00+00:00
[2025-12-27T14:56:08.778+0000] {processor.py:183} INFO - Processing /usr/local/lib/python3.11/site-packages/airflow/example_dags/example_nested_branch_dag.py took 0.334 seconds
[2025-12-27T14:57:57.416+0000] {processor.py:161} INFO - Started process (PID=191) to work on /usr/local/lib/python3.11/site-packages/airflow/example_dags/example_nested_branch_dag.py
[2025-12-27T14:57:57.417+0000] {processor.py:830} INFO - Processing file /usr/local/lib/python3.11/site-packages/airflow/example_dags/example_nested_branch_dag.py for tasks to queue
[2025-12-27T14:57:57.420+0000] {logging_mixin.py:188} INFO - [2025-12-27T14:57:57.419+0000] {dagbag.py:545} INFO - Filling up the DagBag from /usr/local/lib/python3.11/site-packages/airflow/example_dags/example_nested_branch_dag.py
[2025-12-27T14:57:57.439+0000] {processor.py:840} INFO - DAG(s) 'example_nested_branch_dag' retrieved from /usr/local/lib/python3.11/site-packages/airflow/example_dags/example_nested_branch_dag.py
[2025-12-27T14:57:57.501+0000] {logging_mixin.py:188} INFO - [2025-12-27T14:57:57.501+0000] {dag.py:3096} INFO - Sync 1 DAGs
[2025-12-27T14:57:57.595+0000] {logging_mixin.py:188} INFO - [2025-12-27T14:57:57.594+0000] {dag.py:3954} INFO - Setting next_dagrun for example_nested_branch_dag to 2025-12-26 00:00:00+00:00, run_after=2025-12-27 00:00:00+00:00
[2025-12-27T14:57:57.837+0000] {processor.py:183} INFO - Processing /usr/local/lib/python3.11/site-packages/airflow/example_dags/example_nested_branch_dag.py took 0.438 seconds
[2025-12-27T15:00:02.689+0000] {processor.py:161} INFO - Started process (PID=273) to work on /usr/local/lib/python3.11/site-packages/airflow/example_dags/example_nested_branch_dag.py
[2025-12-27T15:00:02.690+0000] {processor.py:830} INFO - Processing file /usr/local/lib/python3.11/site-packages/airflow/example_dags/example_nested_branch_dag.py for tasks to queue
[2025-12-27T15:00:02.692+0000] {logging_mixin.py:188} INFO - [2025-12-27T15:00:02.691+0000] {dagbag.py:545} INFO - Filling up the DagBag from /usr/local/lib/python3.11/site-packages/airflow/example_dags/example_nested_branch_dag.py
[2025-12-27T15:00:02.708+0000] {processor.py:840} INFO - DAG(s) 'example_nested_branch_dag' retrieved from /usr/local/lib/python3.11/site-packages/airflow/example_dags/example_nested_branch_dag.py
[2025-12-27T15:00:02.744+0000] {logging_mixin.py:188} INFO - [2025-12-27T15:00:02.743+0000] {dag.py:3096} INFO - Sync 1 DAGs
[2025-12-27T15:00:02.787+0000] {logging_mixin.py:188} INFO - [2025-12-27T15:00:02.786+0000] {dag.py:3954} INFO - Setting next_dagrun for example_nested_branch_dag to 2025-12-26 00:00:00+00:00, run_after=2025-12-27 00:00:00+00:00
[2025-12-27T15:00:02.985+0000] {processor.py:183} INFO - Processing /usr/local/lib/python3.11/site-packages/airflow/example_dags/example_nested_branch_dag.py took 0.312 seconds
[2025-12-27T15:02:00.621+0000] {processor.py:161} INFO - Started process (PID=351) to work on /usr/local/lib/python3.11/site-packages/airflow/example_dags/example_nested_branch_dag.py
[2025-12-27T15:02:00.623+0000] {processor.py:830} INFO - Processing file /usr/local/lib/python3.11/site-packages/airflow/example_dags/example_nested_branch_dag.py for tasks to queue
[2025-12-27T15:02:00.626+0000] {logging_mixin.py:188} INFO - [2025-12-27T15:02:00.625+0000] {dagbag.py:545} INFO - Filling up the DagBag from /usr/local/lib/python3.11/site-packages/airflow/example_dags/example_nested_branch_dag.py
[2025-12-27T15:02:00.645+0000] {processor.py:840} INFO - DAG(s) 'example_nested_branch_dag' retrieved from /usr/local/lib/python3.11/site-packages/airflow/example_dags/example_nested_branch_dag.py
[2025-12-27T15:02:00.688+0000] {logging_mixin.py:188} INFO - [2025-12-27T15:02:00.688+0000] {dag.py:3096} INFO - Sync 1 DAGs
[2025-12-27T15:02:00.726+0000] {logging_mixin.py:188} INFO - [2025-12-27T15:02:00.725+0000] {dag.py:3954} INFO - Setting next_dagrun for example_nested_branch_dag to 2025-12-26 00:00:00+00:00, run_after=2025-12-27 00:00:00+00:00
[2025-12-27T15:02:00.946+0000] {processor.py:183} INFO - Processing /usr/local/lib/python3.11/site-packages/airflow/example_dags/example_nested_branch_dag.py took 0.346 seconds
[2025-12-27T15:03:51.778+0000] {processor.py:161} INFO - Started process (PID=423) to work on /usr/local/lib/python3.11/site-packages/airflow/example_dags/example_nested_branch_dag.py
[2025-12-27T15:03:51.779+0000] {processor.py:830} INFO - Processing file /usr/local/lib/python3.11/site-packages/airflow/example_dags/example_nested_branch_dag.py for tasks to queue
[2025-12-27T15:03:51.782+0000] {logging_mixin.py:188} INFO - [2025-12-27T15:03:51.781+0000] {dagbag.py:545} INFO - Filling up the DagBag from /usr/local/lib/python3.11/site-packages/airflow/example_dags/example_nested_branch_dag.py
[2025-12-27T15:03:51.795+0000] {processor.py:840} INFO - DAG(s) 'example_nested_branch_dag' retrieved from /usr/local/lib/python3.11/site-packages/airflow/example_dags/example_nested_branch_dag.py
[2025-12-27T15:03:51.831+0000] {logging_mixin.py:188} INFO - [2025-12-27T15:03:51.830+0000] {dag.py:3096} INFO - Sync 1 DAGs
[2025-12-27T15:03:51.868+0000] {logging_mixin.py:188} INFO - [2025-12-27T15:03:51.868+0000] {dag.py:3954} INFO - Setting next_dagrun for example_nested_branch_dag to 2025-12-26 00:00:00+00:00, run_after=2025-12-27 00:00:00+00:00
[2025-12-27T15:03:52.037+0000] {processor.py:183} INFO - Processing /usr/local/lib/python3.11/site-packages/airflow/example_dags/example_nested_branch_dag.py took 0.273 seconds
[2025-12-27T15:05:18.128+0000] {processor.py:161} INFO - Started process (PID=484) to work on /usr/local/lib/python3.11/site-packages/airflow/example_dags/example_nested_branch_dag.py
[2025-12-27T15:05:18.129+0000] {processor.py:830} INFO - Processing file /usr/local/lib/python3.11/site-packages/airflow/example_dags/example_nested_branch_dag.py for tasks to queue
[2025-12-27T15:05:18.132+0000] {logging_mixin.py:188} INFO - [2025-12-27T15:05:18.131+0000] {dagbag.py:545} INFO - Filling up the DagBag from /usr/local/lib/python3.11/site-packages/airflow/example_dags/example_nested_branch_dag.py
[2025-12-27T15:05:18.144+0000] {processor.py:840} INFO - DAG(s) 'example_nested_branch_dag' retrieved from /usr/local/lib/python3.11/site-packages/airflow/example_dags/example_nested_branch_dag.py
[2025-12-27T15:05:18.178+0000] {logging_mixin.py:188} INFO - [2025-12-27T15:05:18.178+0000] {dag.py:3096} INFO - Sync 1 DAGs
[2025-12-27T15:05:18.222+0000] {logging_mixin.py:188} INFO - [2025-12-27T15:05:18.222+0000] {dag.py:3954} INFO - Setting next_dagrun for example_nested_branch_dag to 2025-12-26 00:00:00+00:00, run_after=2025-12-27 00:00:00+00:00
[2025-12-27T15:05:18.420+0000] {processor.py:183} INFO - Processing /usr/local/lib/python3.11/site-packages/airflow/example_dags/example_nested_branch_dag.py took 0.307 seconds
[2025-12-27T15:06:47.016+0000] {processor.py:161} INFO - Started process (PID=546) to work on /usr/local/lib/python3.11/site-packages/airflow/example_dags/example_nested_branch_dag.py
[2025-12-27T15:06:47.017+0000] {processor.py:830} INFO - Processing file /usr/local/lib/python3.11/site-packages/airflow/example_dags/example_nested_branch_dag.py for tasks to queue
[2025-12-27T15:06:47.021+0000] {logging_mixin.py:188} INFO - [2025-12-27T15:06:47.020+0000] {dagbag.py:545} INFO - Filling up the DagBag from /usr/local/lib/python3.11/site-packages/airflow/example_dags/example_nested_branch_dag.py
[2025-12-27T15:06:47.043+0000] {processor.py:840} INFO - DAG(s) 'example_nested_branch_dag' retrieved from /usr/local/lib/python3.11/site-packages/airflow/example_dags/example_nested_branch_dag.py
[2025-12-27T15:06:47.084+0000] {logging_mixin.py:188} INFO - [2025-12-27T15:06:47.084+0000] {dag.py:3096} INFO - Sync 1 DAGs
[2025-12-27T15:06:47.123+0000] {logging_mixin.py:188} INFO - [2025-12-27T15:06:47.123+0000] {dag.py:3954} INFO - Setting next_dagrun for example_nested_branch_dag to 2025-12-26 00:00:00+00:00, run_after=2025-12-27 00:00:00+00:00
[2025-12-27T15:06:47.327+0000] {processor.py:183} INFO - Processing /usr/local/lib/python3.11/site-packages/airflow/example_dags/example_nested_branch_dag.py took 0.327 seconds
[2025-12-27T15:08:20.223+0000] {processor.py:161} INFO - Started process (PID=609) to work on /usr/local/lib/python3.11/site-packages/airflow/example_dags/example_nested_branch_dag.py
[2025-12-27T15:08:20.225+0000] {processor.py:830} INFO - Processing file /usr/local/lib/python3.11/site-packages/airflow/example_dags/example_nested_branch_dag.py for tasks to queue
[2025-12-27T15:08:20.227+0000] {logging_mixin.py:188} INFO - [2025-12-27T15:08:20.227+0000] {dagbag.py:545} INFO - Filling up the DagBag from /usr/local/lib/python3.11/site-packages/airflow/example_dags/example_nested_branch_dag.py
[2025-12-27T15:08:20.243+0000] {processor.py:840} INFO - DAG(s) 'example_nested_branch_dag' retrieved from /usr/local/lib/python3.11/site-packages/airflow/example_dags/example_nested_branch_dag.py
[2025-12-27T15:08:20.280+0000] {logging_mixin.py:188} INFO - [2025-12-27T15:08:20.279+0000] {dag.py:3096} INFO - Sync 1 DAGs
[2025-12-27T15:08:20.317+0000] {logging_mixin.py:188} INFO - [2025-12-27T15:08:20.317+0000] {dag.py:3954} INFO - Setting next_dagrun for example_nested_branch_dag to 2025-12-26 00:00:00+00:00, run_after=2025-12-27 00:00:00+00:00
[2025-12-27T15:08:20.490+0000] {processor.py:183} INFO - Processing /usr/local/lib/python3.11/site-packages/airflow/example_dags/example_nested_branch_dag.py took 0.288 seconds
[2025-12-27T15:10:06.804+0000] {processor.py:161} INFO - Started process (PID=676) to work on /usr/local/lib/python3.11/site-packages/airflow/example_dags/example_nested_branch_dag.py
[2025-12-27T15:10:06.805+0000] {processor.py:830} INFO - Processing file /usr/local/lib/python3.11/site-packages/airflow/example_dags/example_nested_branch_dag.py for tasks to queue
[2025-12-27T15:10:06.808+0000] {logging_mixin.py:188} INFO - [2025-12-27T15:10:06.807+0000] {dagbag.py:545} INFO - Filling up the DagBag from /usr/local/lib/python3.11/site-packages/airflow/example_dags/example_nested_branch_dag.py
[2025-12-27T15:10:06.833+0000] {processor.py:840} INFO - DAG(s) 'example_nested_branch_dag' retrieved from /usr/local/lib/python3.11/site-packages/airflow/example_dags/example_nested_branch_dag.py
[2025-12-27T15:10:06.876+0000] {logging_mixin.py:188} INFO - [2025-12-27T15:10:06.876+0000] {dag.py:3096} INFO - Sync 1 DAGs
[2025-12-27T15:10:06.928+0000] {logging_mixin.py:188} INFO - [2025-12-27T15:10:06.928+0000] {dag.py:3954} INFO - Setting next_dagrun for example_nested_branch_dag to 2025-12-26 00:00:00+00:00, run_after=2025-12-27 00:00:00+00:00
[2025-12-27T15:10:07.308+0000] {processor.py:183} INFO - Processing /usr/local/lib/python3.11/site-packages/airflow/example_dags/example_nested_branch_dag.py took 0.528 seconds
[2025-12-27T15:11:55.877+0000] {processor.py:161} INFO - Started process (PID=744) to work on /usr/local/lib/python3.11/site-packages/airflow/example_dags/example_nested_branch_dag.py
[2025-12-27T15:11:55.879+0000] {processor.py:830} INFO - Processing file /usr/local/lib/python3.11/site-packages/airflow/example_dags/example_nested_branch_dag.py for tasks to queue
[2025-12-27T15:11:55.883+0000] {logging_mixin.py:188} INFO - [2025-12-27T15:11:55.883+0000] {dagbag.py:545} INFO - Filling up the DagBag from /usr/local/lib/python3.11/site-packages/airflow/example_dags/example_nested_branch_dag.py
[2025-12-27T15:11:55.897+0000] {processor.py:840} INFO - DAG(s) 'example_nested_branch_dag' retrieved from /usr/local/lib/python3.11/site-packages/airflow/example_dags/example_nested_branch_dag.py
[2025-12-27T15:11:55.935+0000] {logging_mixin.py:188} INFO - [2025-12-27T15:11:55.934+0000] {dag.py:3096} INFO - Sync 1 DAGs
[2025-12-27T15:11:55.972+0000] {logging_mixin.py:188} INFO - [2025-12-27T15:11:55.972+0000] {dag.py:3954} INFO - Setting next_dagrun for example_nested_branch_dag to 2025-12-26 00:00:00+00:00, run_after=2025-12-27 00:00:00+00:00
[2025-12-27T15:11:56.143+0000] {processor.py:183} INFO - Processing /usr/local/lib/python3.11/site-packages/airflow/example_dags/example_nested_branch_dag.py took 0.281 seconds
[2025-12-27T15:13:29.758+0000] {processor.py:161} INFO - Started process (PID=807) to work on /usr/local/lib/python3.11/site-packages/airflow/example_dags/example_nested_branch_dag.py
[2025-12-27T15:13:29.761+0000] {processor.py:830} INFO - Processing file /usr/local/lib/python3.11/site-packages/airflow/example_dags/example_nested_branch_dag.py for tasks to queue
[2025-12-27T15:13:29.764+0000] {logging_mixin.py:188} INFO - [2025-12-27T15:13:29.763+0000] {dagbag.py:545} INFO - Filling up the DagBag from /usr/local/lib/python3.11/site-packages/airflow/example_dags/example_nested_branch_dag.py
[2025-12-27T15:13:29.780+0000] {processor.py:840} INFO - DAG(s) 'example_nested_branch_dag' retrieved from /usr/local/lib/python3.11/site-packages/airflow/example_dags/example_nested_branch_dag.py
[2025-12-27T15:13:29.995+0000] {logging_mixin.py:188} INFO - [2025-12-27T15:13:29.995+0000] {dag.py:3096} INFO - Sync 1 DAGs
[2025-12-27T15:13:30.030+0000] {logging_mixin.py:188} INFO - [2025-12-27T15:13:30.030+0000] {dag.py:3954} INFO - Setting next_dagrun for example_nested_branch_dag to 2025-12-26 00:00:00+00:00, run_after=2025-12-27 00:00:00+00:00
[2025-12-27T15:13:30.265+0000] {processor.py:183} INFO - Processing /usr/local/lib/python3.11/site-packages/airflow/example_dags/example_nested_branch_dag.py took 0.534 seconds
[2025-12-27T15:15:11.833+0000] {processor.py:161} INFO - Started process (PID=870) to work on /usr/local/lib/python3.11/site-packages/airflow/example_dags/example_nested_branch_dag.py
[2025-12-27T15:15:11.835+0000] {processor.py:830} INFO - Processing file /usr/local/lib/python3.11/site-packages/airflow/example_dags/example_nested_branch_dag.py for tasks to queue
[2025-12-27T15:15:11.839+0000] {logging_mixin.py:188} INFO - [2025-12-27T15:15:11.838+0000] {dagbag.py:545} INFO - Filling up the DagBag from /usr/local/lib/python3.11/site-packages/airflow/example_dags/example_nested_branch_dag.py
[2025-12-27T15:15:11.860+0000] {processor.py:840} INFO - DAG(s) 'example_nested_branch_dag' retrieved from /usr/local/lib/python3.11/site-packages/airflow/example_dags/example_nested_branch_dag.py
[2025-12-27T15:15:11.944+0000] {logging_mixin.py:188} INFO - [2025-12-27T15:15:11.944+0000] {dag.py:3096} INFO - Sync 1 DAGs
[2025-12-27T15:15:11.987+0000] {logging_mixin.py:188} INFO - [2025-12-27T15:15:11.986+0000] {dag.py:3954} INFO - Setting next_dagrun for example_nested_branch_dag to 2025-12-26 00:00:00+00:00, run_after=2025-12-27 00:00:00+00:00
[2025-12-27T15:15:12.359+0000] {processor.py:183} INFO - Processing /usr/local/lib/python3.11/site-packages/airflow/example_dags/example_nested_branch_dag.py took 0.552 seconds
[2025-12-27T15:16:58.755+0000] {processor.py:161} INFO - Started process (PID=937) to work on /usr/local/lib/python3.11/site-packages/airflow/example_dags/example_nested_branch_dag.py
[2025-12-27T15:16:58.756+0000] {processor.py:830} INFO - Processing file /usr/local/lib/python3.11/site-packages/airflow/example_dags/example_nested_branch_dag.py for tasks to queue
[2025-12-27T15:16:58.759+0000] {logging_mixin.py:188} INFO - [2025-12-27T15:16:58.759+0000] {dagbag.py:545} INFO - Filling up the DagBag from /usr/local/lib/python3.11/site-packages/airflow/example_dags/example_nested_branch_dag.py
[2025-12-27T15:16:58.773+0000] {processor.py:840} INFO - DAG(s) 'example_nested_branch_dag' retrieved from /usr/local/lib/python3.11/site-packages/airflow/example_dags/example_nested_branch_dag.py
[2025-12-27T15:16:58.809+0000] {logging_mixin.py:188} INFO - [2025-12-27T15:16:58.808+0000] {dag.py:3096} INFO - Sync 1 DAGs
[2025-12-27T15:16:58.852+0000] {logging_mixin.py:188} INFO - [2025-12-27T15:16:58.852+0000] {dag.py:3954} INFO - Setting next_dagrun for example_nested_branch_dag to 2025-12-26 00:00:00+00:00, run_after=2025-12-27 00:00:00+00:00
[2025-12-27T15:16:59.211+0000] {processor.py:183} INFO - Processing /usr/local/lib/python3.11/site-packages/airflow/example_dags/example_nested_branch_dag.py took 0.475 seconds
[2025-12-27T15:18:44.115+0000] {processor.py:161} INFO - Started process (PID=1004) to work on /usr/local/lib/python3.11/site-packages/airflow/example_dags/example_nested_branch_dag.py
[2025-12-27T15:18:44.116+0000] {processor.py:830} INFO - Processing file /usr/local/lib/python3.11/site-packages/airflow/example_dags/example_nested_branch_dag.py for tasks to queue
[2025-12-27T15:18:44.119+0000] {logging_mixin.py:188} INFO - [2025-12-27T15:18:44.119+0000] {dagbag.py:545} INFO - Filling up the DagBag from /usr/local/lib/python3.11/site-packages/airflow/example_dags/example_nested_branch_dag.py
[2025-12-27T15:18:44.140+0000] {processor.py:840} INFO - DAG(s) 'example_nested_branch_dag' retrieved from /usr/local/lib/python3.11/site-packages/airflow/example_dags/example_nested_branch_dag.py
[2025-12-27T15:18:44.182+0000] {logging_mixin.py:188} INFO - [2025-12-27T15:18:44.182+0000] {dag.py:3096} INFO - Sync 1 DAGs
[2025-12-27T15:18:44.246+0000] {logging_mixin.py:188} INFO - [2025-12-27T15:18:44.245+0000] {dag.py:3954} INFO - Setting next_dagrun for example_nested_branch_dag to 2025-12-26 00:00:00+00:00, run_after=2025-12-27 00:00:00+00:00
[2025-12-27T15:18:44.460+0000] {processor.py:183} INFO - Processing /usr/local/lib/python3.11/site-packages/airflow/example_dags/example_nested_branch_dag.py took 0.363 seconds
[2025-12-27T15:31:37.007+0000] {processor.py:161} INFO - Started process (PID=67) to work on /usr/local/lib/python3.11/site-packages/airflow/example_dags/example_nested_branch_dag.py
[2025-12-27T15:31:37.008+0000] {processor.py:830} INFO - Processing file /usr/local/lib/python3.11/site-packages/airflow/example_dags/example_nested_branch_dag.py for tasks to queue
[2025-12-27T15:31:37.011+0000] {logging_mixin.py:188} INFO - [2025-12-27T15:31:37.010+0000] {dagbag.py:545} INFO - Filling up the DagBag from /usr/local/lib/python3.11/site-packages/airflow/example_dags/example_nested_branch_dag.py
[2025-12-27T15:31:37.029+0000] {processor.py:840} INFO - DAG(s) 'example_nested_branch_dag' retrieved from /usr/local/lib/python3.11/site-packages/airflow/example_dags/example_nested_branch_dag.py
[2025-12-27T15:31:37.234+0000] {logging_mixin.py:188} INFO - [2025-12-27T15:31:37.234+0000] {dag.py:3096} INFO - Sync 1 DAGs
[2025-12-27T15:31:37.265+0000] {logging_mixin.py:188} INFO - [2025-12-27T15:31:37.265+0000] {dag.py:3954} INFO - Setting next_dagrun for example_nested_branch_dag to 2025-12-26 00:00:00+00:00, run_after=2025-12-27 00:00:00+00:00
[2025-12-27T15:31:37.501+0000] {processor.py:183} INFO - Processing /usr/local/lib/python3.11/site-packages/airflow/example_dags/example_nested_branch_dag.py took 0.511 seconds
[2025-12-27T15:33:10.164+0000] {processor.py:161} INFO - Started process (PID=119) to work on /usr/local/lib/python3.11/site-packages/airflow/example_dags/example_nested_branch_dag.py
[2025-12-27T15:33:10.165+0000] {processor.py:830} INFO - Processing file /usr/local/lib/python3.11/site-packages/airflow/example_dags/example_nested_branch_dag.py for tasks to queue
[2025-12-27T15:33:10.167+0000] {logging_mixin.py:188} INFO - [2025-12-27T15:33:10.167+0000] {dagbag.py:545} INFO - Filling up the DagBag from /usr/local/lib/python3.11/site-packages/airflow/example_dags/example_nested_branch_dag.py
[2025-12-27T15:33:10.183+0000] {processor.py:840} INFO - DAG(s) 'example_nested_branch_dag' retrieved from /usr/local/lib/python3.11/site-packages/airflow/example_dags/example_nested_branch_dag.py
[2025-12-27T15:33:10.223+0000] {logging_mixin.py:188} INFO - [2025-12-27T15:33:10.222+0000] {dag.py:3096} INFO - Sync 1 DAGs
[2025-12-27T15:33:10.258+0000] {logging_mixin.py:188} INFO - [2025-12-27T15:33:10.258+0000] {dag.py:3954} INFO - Setting next_dagrun for example_nested_branch_dag to 2025-12-26 00:00:00+00:00, run_after=2025-12-27 00:00:00+00:00
[2025-12-27T15:33:10.480+0000] {processor.py:183} INFO - Processing /usr/local/lib/python3.11/site-packages/airflow/example_dags/example_nested_branch_dag.py took 0.331 seconds
[2025-12-27T15:34:46.987+0000] {processor.py:161} INFO - Started process (PID=184) to work on /usr/local/lib/python3.11/site-packages/airflow/example_dags/example_nested_branch_dag.py
[2025-12-27T15:34:46.988+0000] {processor.py:830} INFO - Processing file /usr/local/lib/python3.11/site-packages/airflow/example_dags/example_nested_branch_dag.py for tasks to queue
[2025-12-27T15:34:46.990+0000] {logging_mixin.py:188} INFO - [2025-12-27T15:34:46.990+0000] {dagbag.py:545} INFO - Filling up the DagBag from /usr/local/lib/python3.11/site-packages/airflow/example_dags/example_nested_branch_dag.py
[2025-12-27T15:34:47.003+0000] {processor.py:840} INFO - DAG(s) 'example_nested_branch_dag' retrieved from /usr/local/lib/python3.11/site-packages/airflow/example_dags/example_nested_branch_dag.py
[2025-12-27T15:34:47.042+0000] {logging_mixin.py:188} INFO - [2025-12-27T15:34:47.042+0000] {dag.py:3096} INFO - Sync 1 DAGs
[2025-12-27T15:34:47.081+0000] {logging_mixin.py:188} INFO - [2025-12-27T15:34:47.081+0000] {dag.py:3954} INFO - Setting next_dagrun for example_nested_branch_dag to 2025-12-26 00:00:00+00:00, run_after=2025-12-27 00:00:00+00:00
[2025-12-27T15:34:47.337+0000] {processor.py:183} INFO - Processing /usr/local/lib/python3.11/site-packages/airflow/example_dags/example_nested_branch_dag.py took 0.364 seconds
[2025-12-27T15:36:17.956+0000] {processor.py:161} INFO - Started process (PID=247) to work on /usr/local/lib/python3.11/site-packages/airflow/example_dags/example_nested_branch_dag.py
[2025-12-27T15:36:17.957+0000] {processor.py:830} INFO - Processing file /usr/local/lib/python3.11/site-packages/airflow/example_dags/example_nested_branch_dag.py for tasks to queue
[2025-12-27T15:36:17.959+0000] {logging_mixin.py:188} INFO - [2025-12-27T15:36:17.959+0000] {dagbag.py:545} INFO - Filling up the DagBag from /usr/local/lib/python3.11/site-packages/airflow/example_dags/example_nested_branch_dag.py
[2025-12-27T15:36:17.973+0000] {processor.py:840} INFO - DAG(s) 'example_nested_branch_dag' retrieved from /usr/local/lib/python3.11/site-packages/airflow/example_dags/example_nested_branch_dag.py
[2025-12-27T15:36:18.008+0000] {logging_mixin.py:188} INFO - [2025-12-27T15:36:18.007+0000] {dag.py:3096} INFO - Sync 1 DAGs
[2025-12-27T15:36:18.045+0000] {logging_mixin.py:188} INFO - [2025-12-27T15:36:18.045+0000] {dag.py:3954} INFO - Setting next_dagrun for example_nested_branch_dag to 2025-12-26 00:00:00+00:00, run_after=2025-12-27 00:00:00+00:00
[2025-12-27T15:36:18.246+0000] {processor.py:183} INFO - Processing /usr/local/lib/python3.11/site-packages/airflow/example_dags/example_nested_branch_dag.py took 0.307 seconds
[2025-12-27T15:37:52.673+0000] {processor.py:161} INFO - Started process (PID=311) to work on /usr/local/lib/python3.11/site-packages/airflow/example_dags/example_nested_branch_dag.py
[2025-12-27T15:37:52.674+0000] {processor.py:830} INFO - Processing file /usr/local/lib/python3.11/site-packages/airflow/example_dags/example_nested_branch_dag.py for tasks to queue
[2025-12-27T15:37:52.676+0000] {logging_mixin.py:188} INFO - [2025-12-27T15:37:52.676+0000] {dagbag.py:545} INFO - Filling up the DagBag from /usr/local/lib/python3.11/site-packages/airflow/example_dags/example_nested_branch_dag.py
[2025-12-27T15:37:52.689+0000] {processor.py:840} INFO - DAG(s) 'example_nested_branch_dag' retrieved from /usr/local/lib/python3.11/site-packages/airflow/example_dags/example_nested_branch_dag.py
[2025-12-27T15:37:52.720+0000] {logging_mixin.py:188} INFO - [2025-12-27T15:37:52.720+0000] {dag.py:3096} INFO - Sync 1 DAGs
[2025-12-27T15:37:52.759+0000] {logging_mixin.py:188} INFO - [2025-12-27T15:37:52.759+0000] {dag.py:3954} INFO - Setting next_dagrun for example_nested_branch_dag to 2025-12-26 00:00:00+00:00, run_after=2025-12-27 00:00:00+00:00
[2025-12-27T15:37:53.035+0000] {processor.py:183} INFO - Processing /usr/local/lib/python3.11/site-packages/airflow/example_dags/example_nested_branch_dag.py took 0.376 seconds
[2025-12-27T15:39:27.743+0000] {processor.py:161} INFO - Started process (PID=373) to work on /usr/local/lib/python3.11/site-packages/airflow/example_dags/example_nested_branch_dag.py
[2025-12-27T15:39:27.744+0000] {processor.py:830} INFO - Processing file /usr/local/lib/python3.11/site-packages/airflow/example_dags/example_nested_branch_dag.py for tasks to queue
[2025-12-27T15:39:27.748+0000] {logging_mixin.py:188} INFO - [2025-12-27T15:39:27.747+0000] {dagbag.py:545} INFO - Filling up the DagBag from /usr/local/lib/python3.11/site-packages/airflow/example_dags/example_nested_branch_dag.py
[2025-12-27T15:39:27.767+0000] {processor.py:840} INFO - DAG(s) 'example_nested_branch_dag' retrieved from /usr/local/lib/python3.11/site-packages/airflow/example_dags/example_nested_branch_dag.py
[2025-12-27T15:39:27.802+0000] {logging_mixin.py:188} INFO - [2025-12-27T15:39:27.801+0000] {dag.py:3096} INFO - Sync 1 DAGs
[2025-12-27T15:39:27.846+0000] {logging_mixin.py:188} INFO - [2025-12-27T15:39:27.846+0000] {dag.py:3954} INFO - Setting next_dagrun for example_nested_branch_dag to 2025-12-26 00:00:00+00:00, run_after=2025-12-27 00:00:00+00:00
[2025-12-27T15:39:28.891+0000] {processor.py:183} INFO - Processing /usr/local/lib/python3.11/site-packages/airflow/example_dags/example_nested_branch_dag.py took 1.166 seconds
[2025-12-27T15:41:14.833+0000] {processor.py:161} INFO - Started process (PID=438) to work on /usr/local/lib/python3.11/site-packages/airflow/example_dags/example_nested_branch_dag.py
[2025-12-27T15:41:14.835+0000] {processor.py:830} INFO - Processing file /usr/local/lib/python3.11/site-packages/airflow/example_dags/example_nested_branch_dag.py for tasks to queue
[2025-12-27T15:41:14.838+0000] {logging_mixin.py:188} INFO - [2025-12-27T15:41:14.837+0000] {dagbag.py:545} INFO - Filling up the DagBag from /usr/local/lib/python3.11/site-packages/airflow/example_dags/example_nested_branch_dag.py
[2025-12-27T15:41:14.852+0000] {processor.py:840} INFO - DAG(s) 'example_nested_branch_dag' retrieved from /usr/local/lib/python3.11/site-packages/airflow/example_dags/example_nested_branch_dag.py
[2025-12-27T15:41:14.887+0000] {logging_mixin.py:188} INFO - [2025-12-27T15:41:14.887+0000] {dag.py:3096} INFO - Sync 1 DAGs
[2025-12-27T15:41:14.922+0000] {logging_mixin.py:188} INFO - [2025-12-27T15:41:14.922+0000] {dag.py:3954} INFO - Setting next_dagrun for example_nested_branch_dag to 2025-12-26 00:00:00+00:00, run_after=2025-12-27 00:00:00+00:00
[2025-12-27T15:41:15.170+0000] {processor.py:183} INFO - Processing /usr/local/lib/python3.11/site-packages/airflow/example_dags/example_nested_branch_dag.py took 0.364 seconds
[2025-12-27T15:44:34.261+0000] {processor.py:161} INFO - Started process (PID=71) to work on /usr/local/lib/python3.11/site-packages/airflow/example_dags/example_nested_branch_dag.py
[2025-12-27T15:44:34.262+0000] {processor.py:830} INFO - Processing file /usr/local/lib/python3.11/site-packages/airflow/example_dags/example_nested_branch_dag.py for tasks to queue
[2025-12-27T15:44:34.264+0000] {logging_mixin.py:188} INFO - [2025-12-27T15:44:34.264+0000] {dagbag.py:545} INFO - Filling up the DagBag from /usr/local/lib/python3.11/site-packages/airflow/example_dags/example_nested_branch_dag.py
[2025-12-27T15:44:34.277+0000] {processor.py:840} INFO - DAG(s) 'example_nested_branch_dag' retrieved from /usr/local/lib/python3.11/site-packages/airflow/example_dags/example_nested_branch_dag.py
[2025-12-27T15:44:34.432+0000] {logging_mixin.py:188} INFO - [2025-12-27T15:44:34.431+0000] {dag.py:3096} INFO - Sync 1 DAGs
[2025-12-27T15:44:34.468+0000] {logging_mixin.py:188} INFO - [2025-12-27T15:44:34.467+0000] {dag.py:3954} INFO - Setting next_dagrun for example_nested_branch_dag to 2025-12-26 00:00:00+00:00, run_after=2025-12-27 00:00:00+00:00
[2025-12-27T15:44:34.683+0000] {processor.py:183} INFO - Processing /usr/local/lib/python3.11/site-packages/airflow/example_dags/example_nested_branch_dag.py took 0.436 seconds
[2025-12-27T15:46:19.197+0000] {processor.py:161} INFO - Started process (PID=134) to work on /usr/local/lib/python3.11/site-packages/airflow/example_dags/example_nested_branch_dag.py
[2025-12-27T15:46:19.199+0000] {processor.py:830} INFO - Processing file /usr/local/lib/python3.11/site-packages/airflow/example_dags/example_nested_branch_dag.py for tasks to queue
[2025-12-27T15:46:19.202+0000] {logging_mixin.py:188} INFO - [2025-12-27T15:46:19.201+0000] {dagbag.py:545} INFO - Filling up the DagBag from /usr/local/lib/python3.11/site-packages/airflow/example_dags/example_nested_branch_dag.py
[2025-12-27T15:46:19.221+0000] {processor.py:840} INFO - DAG(s) 'example_nested_branch_dag' retrieved from /usr/local/lib/python3.11/site-packages/airflow/example_dags/example_nested_branch_dag.py
[2025-12-27T15:46:19.262+0000] {logging_mixin.py:188} INFO - [2025-12-27T15:46:19.262+0000] {dag.py:3096} INFO - Sync 1 DAGs
[2025-12-27T15:46:19.298+0000] {logging_mixin.py:188} INFO - [2025-12-27T15:46:19.298+0000] {dag.py:3954} INFO - Setting next_dagrun for example_nested_branch_dag to 2025-12-26 00:00:00+00:00, run_after=2025-12-27 00:00:00+00:00
[2025-12-27T15:46:19.551+0000] {processor.py:183} INFO - Processing /usr/local/lib/python3.11/site-packages/airflow/example_dags/example_nested_branch_dag.py took 0.370 seconds
[2025-12-27T15:47:58.465+0000] {processor.py:161} INFO - Started process (PID=235) to work on /usr/local/lib/python3.11/site-packages/airflow/example_dags/example_nested_branch_dag.py
[2025-12-27T15:47:58.466+0000] {processor.py:830} INFO - Processing file /usr/local/lib/python3.11/site-packages/airflow/example_dags/example_nested_branch_dag.py for tasks to queue
[2025-12-27T15:47:58.469+0000] {logging_mixin.py:188} INFO - [2025-12-27T15:47:58.468+0000] {dagbag.py:545} INFO - Filling up the DagBag from /usr/local/lib/python3.11/site-packages/airflow/example_dags/example_nested_branch_dag.py
[2025-12-27T15:47:58.496+0000] {processor.py:840} INFO - DAG(s) 'example_nested_branch_dag' retrieved from /usr/local/lib/python3.11/site-packages/airflow/example_dags/example_nested_branch_dag.py
[2025-12-27T15:47:58.531+0000] {logging_mixin.py:188} INFO - [2025-12-27T15:47:58.531+0000] {dag.py:3096} INFO - Sync 1 DAGs
[2025-12-27T15:47:58.562+0000] {logging_mixin.py:188} INFO - [2025-12-27T15:47:58.561+0000] {dag.py:3954} INFO - Setting next_dagrun for example_nested_branch_dag to 2025-12-26 00:00:00+00:00, run_after=2025-12-27 00:00:00+00:00
[2025-12-27T15:47:58.802+0000] {processor.py:183} INFO - Processing /usr/local/lib/python3.11/site-packages/airflow/example_dags/example_nested_branch_dag.py took 0.357 seconds
[2025-12-27T15:49:26.204+0000] {processor.py:161} INFO - Started process (PID=301) to work on /usr/local/lib/python3.11/site-packages/airflow/example_dags/example_nested_branch_dag.py
[2025-12-27T15:49:26.205+0000] {processor.py:830} INFO - Processing file /usr/local/lib/python3.11/site-packages/airflow/example_dags/example_nested_branch_dag.py for tasks to queue
[2025-12-27T15:49:26.208+0000] {logging_mixin.py:188} INFO - [2025-12-27T15:49:26.207+0000] {dagbag.py:545} INFO - Filling up the DagBag from /usr/local/lib/python3.11/site-packages/airflow/example_dags/example_nested_branch_dag.py
[2025-12-27T15:49:26.220+0000] {processor.py:840} INFO - DAG(s) 'example_nested_branch_dag' retrieved from /usr/local/lib/python3.11/site-packages/airflow/example_dags/example_nested_branch_dag.py
[2025-12-27T15:49:26.251+0000] {logging_mixin.py:188} INFO - [2025-12-27T15:49:26.251+0000] {dag.py:3096} INFO - Sync 1 DAGs
[2025-12-27T15:49:26.283+0000] {logging_mixin.py:188} INFO - [2025-12-27T15:49:26.283+0000] {dag.py:3954} INFO - Setting next_dagrun for example_nested_branch_dag to 2025-12-26 00:00:00+00:00, run_after=2025-12-27 00:00:00+00:00
[2025-12-27T15:49:26.619+0000] {processor.py:183} INFO - Processing /usr/local/lib/python3.11/site-packages/airflow/example_dags/example_nested_branch_dag.py took 0.428 seconds
[2025-12-27T15:51:04.082+0000] {processor.py:161} INFO - Started process (PID=379) to work on /usr/local/lib/python3.11/site-packages/airflow/example_dags/example_nested_branch_dag.py
[2025-12-27T15:51:04.085+0000] {processor.py:830} INFO - Processing file /usr/local/lib/python3.11/site-packages/airflow/example_dags/example_nested_branch_dag.py for tasks to queue
[2025-12-27T15:51:04.088+0000] {logging_mixin.py:188} INFO - [2025-12-27T15:51:04.088+0000] {dagbag.py:545} INFO - Filling up the DagBag from /usr/local/lib/python3.11/site-packages/airflow/example_dags/example_nested_branch_dag.py
[2025-12-27T15:51:04.109+0000] {processor.py:840} INFO - DAG(s) 'example_nested_branch_dag' retrieved from /usr/local/lib/python3.11/site-packages/airflow/example_dags/example_nested_branch_dag.py
[2025-12-27T15:51:04.145+0000] {logging_mixin.py:188} INFO - [2025-12-27T15:51:04.145+0000] {dag.py:3096} INFO - Sync 1 DAGs
[2025-12-27T15:51:04.176+0000] {logging_mixin.py:188} INFO - [2025-12-27T15:51:04.176+0000] {dag.py:3954} INFO - Setting next_dagrun for example_nested_branch_dag to 2025-12-26 00:00:00+00:00, run_after=2025-12-27 00:00:00+00:00
[2025-12-27T15:51:04.481+0000] {processor.py:183} INFO - Processing /usr/local/lib/python3.11/site-packages/airflow/example_dags/example_nested_branch_dag.py took 0.415 seconds
[2025-12-27T15:52:35.243+0000] {processor.py:161} INFO - Started process (PID=459) to work on /usr/local/lib/python3.11/site-packages/airflow/example_dags/example_nested_branch_dag.py
[2025-12-27T15:52:35.244+0000] {processor.py:830} INFO - Processing file /usr/local/lib/python3.11/site-packages/airflow/example_dags/example_nested_branch_dag.py for tasks to queue
[2025-12-27T15:52:35.246+0000] {logging_mixin.py:188} INFO - [2025-12-27T15:52:35.246+0000] {dagbag.py:545} INFO - Filling up the DagBag from /usr/local/lib/python3.11/site-packages/airflow/example_dags/example_nested_branch_dag.py
[2025-12-27T15:52:35.264+0000] {processor.py:840} INFO - DAG(s) 'example_nested_branch_dag' retrieved from /usr/local/lib/python3.11/site-packages/airflow/example_dags/example_nested_branch_dag.py
[2025-12-27T15:52:35.298+0000] {logging_mixin.py:188} INFO - [2025-12-27T15:52:35.298+0000] {dag.py:3096} INFO - Sync 1 DAGs
[2025-12-27T15:52:35.334+0000] {logging_mixin.py:188} INFO - [2025-12-27T15:52:35.333+0000] {dag.py:3954} INFO - Setting next_dagrun for example_nested_branch_dag to 2025-12-26 00:00:00+00:00, run_after=2025-12-27 00:00:00+00:00
[2025-12-27T15:52:35.559+0000] {processor.py:183} INFO - Processing /usr/local/lib/python3.11/site-packages/airflow/example_dags/example_nested_branch_dag.py took 0.331 seconds
[2025-12-27T15:54:07.516+0000] {processor.py:161} INFO - Started process (PID=523) to work on /usr/local/lib/python3.11/site-packages/airflow/example_dags/example_nested_branch_dag.py
[2025-12-27T15:54:07.517+0000] {processor.py:830} INFO - Processing file /usr/local/lib/python3.11/site-packages/airflow/example_dags/example_nested_branch_dag.py for tasks to queue
[2025-12-27T15:54:07.520+0000] {logging_mixin.py:188} INFO - [2025-12-27T15:54:07.519+0000] {dagbag.py:545} INFO - Filling up the DagBag from /usr/local/lib/python3.11/site-packages/airflow/example_dags/example_nested_branch_dag.py
[2025-12-27T15:54:07.535+0000] {processor.py:840} INFO - DAG(s) 'example_nested_branch_dag' retrieved from /usr/local/lib/python3.11/site-packages/airflow/example_dags/example_nested_branch_dag.py
[2025-12-27T15:54:07.572+0000] {logging_mixin.py:188} INFO - [2025-12-27T15:54:07.572+0000] {dag.py:3096} INFO - Sync 1 DAGs
[2025-12-27T15:54:07.613+0000] {logging_mixin.py:188} INFO - [2025-12-27T15:54:07.613+0000] {dag.py:3954} INFO - Setting next_dagrun for example_nested_branch_dag to 2025-12-26 00:00:00+00:00, run_after=2025-12-27 00:00:00+00:00
[2025-12-27T15:54:07.818+0000] {processor.py:183} INFO - Processing /usr/local/lib/python3.11/site-packages/airflow/example_dags/example_nested_branch_dag.py took 0.317 seconds
[2025-12-27T15:55:38.266+0000] {processor.py:161} INFO - Started process (PID=593) to work on /usr/local/lib/python3.11/site-packages/airflow/example_dags/example_nested_branch_dag.py
[2025-12-27T15:55:38.268+0000] {processor.py:830} INFO - Processing file /usr/local/lib/python3.11/site-packages/airflow/example_dags/example_nested_branch_dag.py for tasks to queue
[2025-12-27T15:55:38.270+0000] {logging_mixin.py:188} INFO - [2025-12-27T15:55:38.269+0000] {dagbag.py:545} INFO - Filling up the DagBag from /usr/local/lib/python3.11/site-packages/airflow/example_dags/example_nested_branch_dag.py
[2025-12-27T15:55:38.298+0000] {processor.py:840} INFO - DAG(s) 'example_nested_branch_dag' retrieved from /usr/local/lib/python3.11/site-packages/airflow/example_dags/example_nested_branch_dag.py
[2025-12-27T15:55:38.347+0000] {logging_mixin.py:188} INFO - [2025-12-27T15:55:38.347+0000] {dag.py:3096} INFO - Sync 1 DAGs
[2025-12-27T15:55:38.866+0000] {logging_mixin.py:188} INFO - [2025-12-27T15:55:38.866+0000] {dag.py:3954} INFO - Setting next_dagrun for example_nested_branch_dag to 2025-12-26 00:00:00+00:00, run_after=2025-12-27 00:00:00+00:00
[2025-12-27T15:55:39.085+0000] {processor.py:183} INFO - Processing /usr/local/lib/python3.11/site-packages/airflow/example_dags/example_nested_branch_dag.py took 0.835 seconds
[2025-12-27T15:57:11.555+0000] {processor.py:161} INFO - Started process (PID=661) to work on /usr/local/lib/python3.11/site-packages/airflow/example_dags/example_nested_branch_dag.py
[2025-12-27T15:57:11.557+0000] {processor.py:830} INFO - Processing file /usr/local/lib/python3.11/site-packages/airflow/example_dags/example_nested_branch_dag.py for tasks to queue
[2025-12-27T15:57:11.559+0000] {logging_mixin.py:188} INFO - [2025-12-27T15:57:11.558+0000] {dagbag.py:545} INFO - Filling up the DagBag from /usr/local/lib/python3.11/site-packages/airflow/example_dags/example_nested_branch_dag.py
[2025-12-27T15:57:11.576+0000] {processor.py:840} INFO - DAG(s) 'example_nested_branch_dag' retrieved from /usr/local/lib/python3.11/site-packages/airflow/example_dags/example_nested_branch_dag.py
[2025-12-27T15:57:11.611+0000] {logging_mixin.py:188} INFO - [2025-12-27T15:57:11.610+0000] {dag.py:3096} INFO - Sync 1 DAGs
[2025-12-27T15:57:11.645+0000] {logging_mixin.py:188} INFO - [2025-12-27T15:57:11.645+0000] {dag.py:3954} INFO - Setting next_dagrun for example_nested_branch_dag to 2025-12-26 00:00:00+00:00, run_after=2025-12-27 00:00:00+00:00
[2025-12-27T15:57:11.843+0000] {processor.py:183} INFO - Processing /usr/local/lib/python3.11/site-packages/airflow/example_dags/example_nested_branch_dag.py took 0.301 seconds
[2025-12-27T15:58:41.898+0000] {processor.py:161} INFO - Started process (PID=724) to work on /usr/local/lib/python3.11/site-packages/airflow/example_dags/example_nested_branch_dag.py
[2025-12-27T15:58:41.899+0000] {processor.py:830} INFO - Processing file /usr/local/lib/python3.11/site-packages/airflow/example_dags/example_nested_branch_dag.py for tasks to queue
[2025-12-27T15:58:41.902+0000] {logging_mixin.py:188} INFO - [2025-12-27T15:58:41.902+0000] {dagbag.py:545} INFO - Filling up the DagBag from /usr/local/lib/python3.11/site-packages/airflow/example_dags/example_nested_branch_dag.py
[2025-12-27T15:58:41.919+0000] {processor.py:840} INFO - DAG(s) 'example_nested_branch_dag' retrieved from /usr/local/lib/python3.11/site-packages/airflow/example_dags/example_nested_branch_dag.py
[2025-12-27T15:58:41.959+0000] {logging_mixin.py:188} INFO - [2025-12-27T15:58:41.959+0000] {dag.py:3096} INFO - Sync 1 DAGs
[2025-12-27T15:58:42.004+0000] {logging_mixin.py:188} INFO - [2025-12-27T15:58:42.003+0000] {dag.py:3954} INFO - Setting next_dagrun for example_nested_branch_dag to 2025-12-26 00:00:00+00:00, run_after=2025-12-27 00:00:00+00:00
[2025-12-27T15:58:42.224+0000] {processor.py:183} INFO - Processing /usr/local/lib/python3.11/site-packages/airflow/example_dags/example_nested_branch_dag.py took 0.341 seconds
[2025-12-27T16:00:35.669+0000] {processor.py:161} INFO - Started process (PID=792) to work on /usr/local/lib/python3.11/site-packages/airflow/example_dags/example_nested_branch_dag.py
[2025-12-27T16:00:35.670+0000] {processor.py:830} INFO - Processing file /usr/local/lib/python3.11/site-packages/airflow/example_dags/example_nested_branch_dag.py for tasks to queue
[2025-12-27T16:00:35.672+0000] {logging_mixin.py:188} INFO - [2025-12-27T16:00:35.672+0000] {dagbag.py:545} INFO - Filling up the DagBag from /usr/local/lib/python3.11/site-packages/airflow/example_dags/example_nested_branch_dag.py
[2025-12-27T16:00:35.697+0000] {processor.py:840} INFO - DAG(s) 'example_nested_branch_dag' retrieved from /usr/local/lib/python3.11/site-packages/airflow/example_dags/example_nested_branch_dag.py
[2025-12-27T16:00:35.738+0000] {logging_mixin.py:188} INFO - [2025-12-27T16:00:35.738+0000] {dag.py:3096} INFO - Sync 1 DAGs
[2025-12-27T16:00:35.782+0000] {logging_mixin.py:188} INFO - [2025-12-27T16:00:35.781+0000] {dag.py:3954} INFO - Setting next_dagrun for example_nested_branch_dag to 2025-12-26 00:00:00+00:00, run_after=2025-12-27 00:00:00+00:00
[2025-12-27T16:00:36.082+0000] {processor.py:183} INFO - Processing /usr/local/lib/python3.11/site-packages/airflow/example_dags/example_nested_branch_dag.py took 0.435 seconds
[2025-12-27T21:00:39.537+0000] {processor.py:161} INFO - Started process (PID=72) to work on /usr/local/lib/python3.11/site-packages/airflow/example_dags/example_nested_branch_dag.py
[2025-12-27T21:00:39.565+0000] {processor.py:830} INFO - Processing file /usr/local/lib/python3.11/site-packages/airflow/example_dags/example_nested_branch_dag.py for tasks to queue
[2025-12-27T21:00:39.567+0000] {logging_mixin.py:188} INFO - [2025-12-27T21:00:39.567+0000] {dagbag.py:545} INFO - Filling up the DagBag from /usr/local/lib/python3.11/site-packages/airflow/example_dags/example_nested_branch_dag.py
[2025-12-27T21:00:39.582+0000] {processor.py:840} INFO - DAG(s) 'example_nested_branch_dag' retrieved from /usr/local/lib/python3.11/site-packages/airflow/example_dags/example_nested_branch_dag.py
[2025-12-27T21:00:39.770+0000] {logging_mixin.py:188} INFO - [2025-12-27T21:00:39.770+0000] {dag.py:3096} INFO - Sync 1 DAGs
[2025-12-27T21:00:39.806+0000] {logging_mixin.py:188} INFO - [2025-12-27T21:00:39.806+0000] {dag.py:3954} INFO - Setting next_dagrun for example_nested_branch_dag to 2025-12-26 00:00:00+00:00, run_after=2025-12-27 00:00:00+00:00
[2025-12-27T21:00:40.047+0000] {processor.py:183} INFO - Processing /usr/local/lib/python3.11/site-packages/airflow/example_dags/example_nested_branch_dag.py took 0.525 seconds
[2025-12-27T21:02:08.929+0000] {processor.py:161} INFO - Started process (PID=134) to work on /usr/local/lib/python3.11/site-packages/airflow/example_dags/example_nested_branch_dag.py
[2025-12-27T21:02:08.930+0000] {processor.py:830} INFO - Processing file /usr/local/lib/python3.11/site-packages/airflow/example_dags/example_nested_branch_dag.py for tasks to queue
[2025-12-27T21:02:08.932+0000] {logging_mixin.py:188} INFO - [2025-12-27T21:02:08.931+0000] {dagbag.py:545} INFO - Filling up the DagBag from /usr/local/lib/python3.11/site-packages/airflow/example_dags/example_nested_branch_dag.py
[2025-12-27T21:02:08.951+0000] {processor.py:840} INFO - DAG(s) 'example_nested_branch_dag' retrieved from /usr/local/lib/python3.11/site-packages/airflow/example_dags/example_nested_branch_dag.py
[2025-12-27T21:02:09.000+0000] {logging_mixin.py:188} INFO - [2025-12-27T21:02:09.000+0000] {dag.py:3096} INFO - Sync 1 DAGs
[2025-12-27T21:02:09.050+0000] {logging_mixin.py:188} INFO - [2025-12-27T21:02:09.050+0000] {dag.py:3954} INFO - Setting next_dagrun for example_nested_branch_dag to 2025-12-26 00:00:00+00:00, run_after=2025-12-27 00:00:00+00:00
[2025-12-27T21:02:09.324+0000] {processor.py:183} INFO - Processing /usr/local/lib/python3.11/site-packages/airflow/example_dags/example_nested_branch_dag.py took 0.418 seconds
[2025-12-27T21:03:35.721+0000] {processor.py:161} INFO - Started process (PID=196) to work on /usr/local/lib/python3.11/site-packages/airflow/example_dags/example_nested_branch_dag.py
[2025-12-27T21:03:35.722+0000] {processor.py:830} INFO - Processing file /usr/local/lib/python3.11/site-packages/airflow/example_dags/example_nested_branch_dag.py for tasks to queue
[2025-12-27T21:03:35.724+0000] {logging_mixin.py:188} INFO - [2025-12-27T21:03:35.723+0000] {dagbag.py:545} INFO - Filling up the DagBag from /usr/local/lib/python3.11/site-packages/airflow/example_dags/example_nested_branch_dag.py
[2025-12-27T21:03:35.745+0000] {processor.py:840} INFO - DAG(s) 'example_nested_branch_dag' retrieved from /usr/local/lib/python3.11/site-packages/airflow/example_dags/example_nested_branch_dag.py
[2025-12-27T21:03:35.792+0000] {logging_mixin.py:188} INFO - [2025-12-27T21:03:35.792+0000] {dag.py:3096} INFO - Sync 1 DAGs
[2025-12-27T21:03:35.839+0000] {logging_mixin.py:188} INFO - [2025-12-27T21:03:35.839+0000] {dag.py:3954} INFO - Setting next_dagrun for example_nested_branch_dag to 2025-12-26 00:00:00+00:00, run_after=2025-12-27 00:00:00+00:00
[2025-12-27T21:03:36.072+0000] {processor.py:183} INFO - Processing /usr/local/lib/python3.11/site-packages/airflow/example_dags/example_nested_branch_dag.py took 0.371 seconds
[2025-12-27T21:05:11.146+0000] {processor.py:161} INFO - Started process (PID=259) to work on /usr/local/lib/python3.11/site-packages/airflow/example_dags/example_nested_branch_dag.py
[2025-12-27T21:05:11.147+0000] {processor.py:830} INFO - Processing file /usr/local/lib/python3.11/site-packages/airflow/example_dags/example_nested_branch_dag.py for tasks to queue
[2025-12-27T21:05:11.149+0000] {logging_mixin.py:188} INFO - [2025-12-27T21:05:11.148+0000] {dagbag.py:545} INFO - Filling up the DagBag from /usr/local/lib/python3.11/site-packages/airflow/example_dags/example_nested_branch_dag.py
[2025-12-27T21:05:11.161+0000] {processor.py:840} INFO - DAG(s) 'example_nested_branch_dag' retrieved from /usr/local/lib/python3.11/site-packages/airflow/example_dags/example_nested_branch_dag.py
[2025-12-27T21:05:11.197+0000] {logging_mixin.py:188} INFO - [2025-12-27T21:05:11.196+0000] {dag.py:3096} INFO - Sync 1 DAGs
[2025-12-27T21:05:11.236+0000] {logging_mixin.py:188} INFO - [2025-12-27T21:05:11.236+0000] {dag.py:3954} INFO - Setting next_dagrun for example_nested_branch_dag to 2025-12-26 00:00:00+00:00, run_after=2025-12-27 00:00:00+00:00
[2025-12-27T21:05:11.539+0000] {processor.py:183} INFO - Processing /usr/local/lib/python3.11/site-packages/airflow/example_dags/example_nested_branch_dag.py took 0.406 seconds
[2025-12-27T21:07:08.052+0000] {processor.py:161} INFO - Started process (PID=327) to work on /usr/local/lib/python3.11/site-packages/airflow/example_dags/example_nested_branch_dag.py
[2025-12-27T21:07:08.054+0000] {processor.py:830} INFO - Processing file /usr/local/lib/python3.11/site-packages/airflow/example_dags/example_nested_branch_dag.py for tasks to queue
[2025-12-27T21:07:08.057+0000] {logging_mixin.py:188} INFO - [2025-12-27T21:07:08.056+0000] {dagbag.py:545} INFO - Filling up the DagBag from /usr/local/lib/python3.11/site-packages/airflow/example_dags/example_nested_branch_dag.py
[2025-12-27T21:07:08.085+0000] {processor.py:840} INFO - DAG(s) 'example_nested_branch_dag' retrieved from /usr/local/lib/python3.11/site-packages/airflow/example_dags/example_nested_branch_dag.py
[2025-12-27T21:07:08.655+0000] {logging_mixin.py:188} INFO - [2025-12-27T21:07:08.655+0000] {dag.py:3096} INFO - Sync 1 DAGs
[2025-12-27T21:07:08.694+0000] {logging_mixin.py:188} INFO - [2025-12-27T21:07:08.694+0000] {dag.py:3954} INFO - Setting next_dagrun for example_nested_branch_dag to 2025-12-26 00:00:00+00:00, run_after=2025-12-27 00:00:00+00:00
[2025-12-27T21:07:09.354+0000] {processor.py:183} INFO - Processing /usr/local/lib/python3.11/site-packages/airflow/example_dags/example_nested_branch_dag.py took 1.326 seconds
[2025-12-27T21:20:08.737+0000] {processor.py:161} INFO - Started process (PID=67) to work on /usr/local/lib/python3.11/site-packages/airflow/example_dags/example_nested_branch_dag.py
[2025-12-27T21:20:08.739+0000] {processor.py:830} INFO - Processing file /usr/local/lib/python3.11/site-packages/airflow/example_dags/example_nested_branch_dag.py for tasks to queue
[2025-12-27T21:20:08.741+0000] {logging_mixin.py:188} INFO - [2025-12-27T21:20:08.740+0000] {dagbag.py:545} INFO - Filling up the DagBag from /usr/local/lib/python3.11/site-packages/airflow/example_dags/example_nested_branch_dag.py
[2025-12-27T21:20:08.756+0000] {processor.py:840} INFO - DAG(s) 'example_nested_branch_dag' retrieved from /usr/local/lib/python3.11/site-packages/airflow/example_dags/example_nested_branch_dag.py
[2025-12-27T21:20:08.922+0000] {logging_mixin.py:188} INFO - [2025-12-27T21:20:08.922+0000] {dag.py:3096} INFO - Sync 1 DAGs
[2025-12-27T21:20:08.957+0000] {logging_mixin.py:188} INFO - [2025-12-27T21:20:08.956+0000] {dag.py:3954} INFO - Setting next_dagrun for example_nested_branch_dag to 2025-12-26 00:00:00+00:00, run_after=2025-12-27 00:00:00+00:00
[2025-12-27T21:20:09.151+0000] {processor.py:183} INFO - Processing /usr/local/lib/python3.11/site-packages/airflow/example_dags/example_nested_branch_dag.py took 0.431 seconds
[2025-12-27T21:21:51.633+0000] {processor.py:161} INFO - Started process (PID=141) to work on /usr/local/lib/python3.11/site-packages/airflow/example_dags/example_nested_branch_dag.py
[2025-12-27T21:21:51.634+0000] {processor.py:830} INFO - Processing file /usr/local/lib/python3.11/site-packages/airflow/example_dags/example_nested_branch_dag.py for tasks to queue
[2025-12-27T21:21:51.637+0000] {logging_mixin.py:188} INFO - [2025-12-27T21:21:51.636+0000] {dagbag.py:545} INFO - Filling up the DagBag from /usr/local/lib/python3.11/site-packages/airflow/example_dags/example_nested_branch_dag.py
[2025-12-27T21:21:51.656+0000] {processor.py:840} INFO - DAG(s) 'example_nested_branch_dag' retrieved from /usr/local/lib/python3.11/site-packages/airflow/example_dags/example_nested_branch_dag.py
[2025-12-27T21:21:51.837+0000] {logging_mixin.py:188} INFO - [2025-12-27T21:21:51.835+0000] {dag.py:3096} INFO - Sync 1 DAGs
[2025-12-27T21:21:51.898+0000] {logging_mixin.py:188} INFO - [2025-12-27T21:21:51.898+0000] {dag.py:3954} INFO - Setting next_dagrun for example_nested_branch_dag to 2025-12-26 00:00:00+00:00, run_after=2025-12-27 00:00:00+00:00
[2025-12-27T21:21:52.087+0000] {processor.py:183} INFO - Processing /usr/local/lib/python3.11/site-packages/airflow/example_dags/example_nested_branch_dag.py took 0.476 seconds
[2025-12-27T21:23:26.560+0000] {processor.py:161} INFO - Started process (PID=205) to work on /usr/local/lib/python3.11/site-packages/airflow/example_dags/example_nested_branch_dag.py
[2025-12-27T21:23:26.562+0000] {processor.py:830} INFO - Processing file /usr/local/lib/python3.11/site-packages/airflow/example_dags/example_nested_branch_dag.py for tasks to queue
[2025-12-27T21:23:26.564+0000] {logging_mixin.py:188} INFO - [2025-12-27T21:23:26.564+0000] {dagbag.py:545} INFO - Filling up the DagBag from /usr/local/lib/python3.11/site-packages/airflow/example_dags/example_nested_branch_dag.py
[2025-12-27T21:23:26.581+0000] {processor.py:840} INFO - DAG(s) 'example_nested_branch_dag' retrieved from /usr/local/lib/python3.11/site-packages/airflow/example_dags/example_nested_branch_dag.py
[2025-12-27T21:23:26.627+0000] {logging_mixin.py:188} INFO - [2025-12-27T21:23:26.627+0000] {dag.py:3096} INFO - Sync 1 DAGs
[2025-12-27T21:23:26.671+0000] {logging_mixin.py:188} INFO - [2025-12-27T21:23:26.671+0000] {dag.py:3954} INFO - Setting next_dagrun for example_nested_branch_dag to 2025-12-26 00:00:00+00:00, run_after=2025-12-27 00:00:00+00:00
[2025-12-27T21:23:26.933+0000] {processor.py:183} INFO - Processing /usr/local/lib/python3.11/site-packages/airflow/example_dags/example_nested_branch_dag.py took 0.398 seconds
[2025-12-27T21:25:02.637+0000] {processor.py:161} INFO - Started process (PID=268) to work on /usr/local/lib/python3.11/site-packages/airflow/example_dags/example_nested_branch_dag.py
[2025-12-27T21:25:02.666+0000] {processor.py:830} INFO - Processing file /usr/local/lib/python3.11/site-packages/airflow/example_dags/example_nested_branch_dag.py for tasks to queue
[2025-12-27T21:25:02.669+0000] {logging_mixin.py:188} INFO - [2025-12-27T21:25:02.668+0000] {dagbag.py:545} INFO - Filling up the DagBag from /usr/local/lib/python3.11/site-packages/airflow/example_dags/example_nested_branch_dag.py
[2025-12-27T21:25:02.687+0000] {processor.py:840} INFO - DAG(s) 'example_nested_branch_dag' retrieved from /usr/local/lib/python3.11/site-packages/airflow/example_dags/example_nested_branch_dag.py
[2025-12-27T21:25:02.740+0000] {logging_mixin.py:188} INFO - [2025-12-27T21:25:02.740+0000] {dag.py:3096} INFO - Sync 1 DAGs
[2025-12-27T21:25:02.785+0000] {logging_mixin.py:188} INFO - [2025-12-27T21:25:02.785+0000] {dag.py:3954} INFO - Setting next_dagrun for example_nested_branch_dag to 2025-12-26 00:00:00+00:00, run_after=2025-12-27 00:00:00+00:00
[2025-12-27T21:25:03.142+0000] {processor.py:183} INFO - Processing /usr/local/lib/python3.11/site-packages/airflow/example_dags/example_nested_branch_dag.py took 0.537 seconds
[2025-12-27T21:26:48.090+0000] {processor.py:161} INFO - Started process (PID=348) to work on /usr/local/lib/python3.11/site-packages/airflow/example_dags/example_nested_branch_dag.py
[2025-12-27T21:26:48.092+0000] {processor.py:830} INFO - Processing file /usr/local/lib/python3.11/site-packages/airflow/example_dags/example_nested_branch_dag.py for tasks to queue
[2025-12-27T21:26:48.094+0000] {logging_mixin.py:188} INFO - [2025-12-27T21:26:48.094+0000] {dagbag.py:545} INFO - Filling up the DagBag from /usr/local/lib/python3.11/site-packages/airflow/example_dags/example_nested_branch_dag.py
[2025-12-27T21:26:48.109+0000] {processor.py:840} INFO - DAG(s) 'example_nested_branch_dag' retrieved from /usr/local/lib/python3.11/site-packages/airflow/example_dags/example_nested_branch_dag.py
[2025-12-27T21:26:48.142+0000] {logging_mixin.py:188} INFO - [2025-12-27T21:26:48.142+0000] {dag.py:3096} INFO - Sync 1 DAGs
[2025-12-27T21:26:48.177+0000] {logging_mixin.py:188} INFO - [2025-12-27T21:26:48.176+0000] {dag.py:3954} INFO - Setting next_dagrun for example_nested_branch_dag to 2025-12-26 00:00:00+00:00, run_after=2025-12-27 00:00:00+00:00
[2025-12-27T21:26:48.382+0000] {processor.py:183} INFO - Processing /usr/local/lib/python3.11/site-packages/airflow/example_dags/example_nested_branch_dag.py took 0.309 seconds
[2025-12-27T21:28:17.099+0000] {processor.py:161} INFO - Started process (PID=621) to work on /usr/local/lib/python3.11/site-packages/airflow/example_dags/example_nested_branch_dag.py
[2025-12-27T21:28:17.100+0000] {processor.py:830} INFO - Processing file /usr/local/lib/python3.11/site-packages/airflow/example_dags/example_nested_branch_dag.py for tasks to queue
[2025-12-27T21:28:17.105+0000] {logging_mixin.py:188} INFO - [2025-12-27T21:28:17.104+0000] {dagbag.py:545} INFO - Filling up the DagBag from /usr/local/lib/python3.11/site-packages/airflow/example_dags/example_nested_branch_dag.py
[2025-12-27T21:28:17.124+0000] {processor.py:840} INFO - DAG(s) 'example_nested_branch_dag' retrieved from /usr/local/lib/python3.11/site-packages/airflow/example_dags/example_nested_branch_dag.py
[2025-12-27T21:28:17.166+0000] {logging_mixin.py:188} INFO - [2025-12-27T21:28:17.165+0000] {dag.py:3096} INFO - Sync 1 DAGs
[2025-12-27T21:28:17.213+0000] {logging_mixin.py:188} INFO - [2025-12-27T21:28:17.213+0000] {dag.py:3954} INFO - Setting next_dagrun for example_nested_branch_dag to 2025-12-26 00:00:00+00:00, run_after=2025-12-27 00:00:00+00:00
[2025-12-27T21:28:17.429+0000] {processor.py:183} INFO - Processing /usr/local/lib/python3.11/site-packages/airflow/example_dags/example_nested_branch_dag.py took 0.349 seconds
[2025-12-27T21:33:11.972+0000] {processor.py:161} INFO - Started process (PID=68) to work on /usr/local/lib/python3.11/site-packages/airflow/example_dags/example_nested_branch_dag.py
[2025-12-27T21:33:11.974+0000] {processor.py:830} INFO - Processing file /usr/local/lib/python3.11/site-packages/airflow/example_dags/example_nested_branch_dag.py for tasks to queue
[2025-12-27T21:33:11.976+0000] {logging_mixin.py:188} INFO - [2025-12-27T21:33:11.975+0000] {dagbag.py:545} INFO - Filling up the DagBag from /usr/local/lib/python3.11/site-packages/airflow/example_dags/example_nested_branch_dag.py
[2025-12-27T21:33:11.988+0000] {processor.py:840} INFO - DAG(s) 'example_nested_branch_dag' retrieved from /usr/local/lib/python3.11/site-packages/airflow/example_dags/example_nested_branch_dag.py
[2025-12-27T21:33:12.200+0000] {logging_mixin.py:188} INFO - [2025-12-27T21:33:12.200+0000] {dag.py:3096} INFO - Sync 1 DAGs
[2025-12-27T21:33:12.244+0000] {logging_mixin.py:188} INFO - [2025-12-27T21:33:12.244+0000] {dag.py:3954} INFO - Setting next_dagrun for example_nested_branch_dag to 2025-12-26 00:00:00+00:00, run_after=2025-12-27 00:00:00+00:00
[2025-12-27T21:33:12.575+0000] {processor.py:183} INFO - Processing /usr/local/lib/python3.11/site-packages/airflow/example_dags/example_nested_branch_dag.py took 0.616 seconds
