[2025-12-27T13:46:57.945+0000] {processor.py:161} INFO - Started process (PID=70) to work on /usr/local/lib/python3.11/site-packages/airflow/example_dags/tutorial_objectstorage.py
[2025-12-27T13:46:57.946+0000] {processor.py:830} INFO - Processing file /usr/local/lib/python3.11/site-packages/airflow/example_dags/tutorial_objectstorage.py for tasks to queue
[2025-12-27T13:46:57.948+0000] {logging_mixin.py:188} INFO - [2025-12-27T13:46:57.948+0000] {dagbag.py:545} INFO - Filling up the DagBag from /usr/local/lib/python3.11/site-packages/airflow/example_dags/tutorial_objectstorage.py
[2025-12-27T13:46:57.999+0000] {processor.py:840} INFO - DAG(s) 'tutorial_objectstorage' retrieved from /usr/local/lib/python3.11/site-packages/airflow/example_dags/tutorial_objectstorage.py
[2025-12-27T13:46:58.961+0000] {logging_mixin.py:188} INFO - [2025-12-27T13:46:58.959+0000] {override.py:1930} INFO - Created Permission View: can edit on DAG:tutorial_objectstorage
[2025-12-27T13:46:59.245+0000] {logging_mixin.py:188} INFO - [2025-12-27T13:46:59.244+0000] {override.py:1930} INFO - Created Permission View: can read on DAG:tutorial_objectstorage
[2025-12-27T13:46:59.494+0000] {logging_mixin.py:188} INFO - [2025-12-27T13:46:59.493+0000] {override.py:1930} INFO - Created Permission View: can delete on DAG:tutorial_objectstorage
[2025-12-27T13:46:59.495+0000] {logging_mixin.py:188} INFO - [2025-12-27T13:46:59.494+0000] {dag.py:3096} INFO - Sync 1 DAGs
[2025-12-27T13:46:59.628+0000] {logging_mixin.py:188} INFO - [2025-12-27T13:46:59.628+0000] {dag.py:3118} INFO - Creating ORM DAG for tutorial_objectstorage
[2025-12-27T13:46:59.629+0000] {logging_mixin.py:188} INFO - [2025-12-27T13:46:59.629+0000] {dag.py:3954} INFO - Setting next_dagrun for tutorial_objectstorage to None, run_after=None
[2025-12-27T13:46:59.990+0000] {processor.py:183} INFO - Processing /usr/local/lib/python3.11/site-packages/airflow/example_dags/tutorial_objectstorage.py took 2.057 seconds
[2025-12-27T13:48:26.323+0000] {processor.py:161} INFO - Started process (PID=122) to work on /usr/local/lib/python3.11/site-packages/airflow/example_dags/tutorial_objectstorage.py
[2025-12-27T13:48:26.325+0000] {processor.py:830} INFO - Processing file /usr/local/lib/python3.11/site-packages/airflow/example_dags/tutorial_objectstorage.py for tasks to queue
[2025-12-27T13:48:26.328+0000] {logging_mixin.py:188} INFO - [2025-12-27T13:48:26.327+0000] {dagbag.py:545} INFO - Filling up the DagBag from /usr/local/lib/python3.11/site-packages/airflow/example_dags/tutorial_objectstorage.py
[2025-12-27T13:48:26.339+0000] {processor.py:840} INFO - DAG(s) 'tutorial_objectstorage' retrieved from /usr/local/lib/python3.11/site-packages/airflow/example_dags/tutorial_objectstorage.py
[2025-12-27T13:48:26.378+0000] {logging_mixin.py:188} INFO - [2025-12-27T13:48:26.377+0000] {dag.py:3096} INFO - Sync 1 DAGs
[2025-12-27T13:48:26.398+0000] {logging_mixin.py:188} INFO - [2025-12-27T13:48:26.398+0000] {dag.py:3954} INFO - Setting next_dagrun for tutorial_objectstorage to None, run_after=None
[2025-12-27T13:48:26.627+0000] {processor.py:183} INFO - Processing /usr/local/lib/python3.11/site-packages/airflow/example_dags/tutorial_objectstorage.py took 0.326 seconds
[2025-12-27T13:50:01.337+0000] {processor.py:161} INFO - Started process (PID=185) to work on /usr/local/lib/python3.11/site-packages/airflow/example_dags/tutorial_objectstorage.py
[2025-12-27T13:50:01.338+0000] {processor.py:830} INFO - Processing file /usr/local/lib/python3.11/site-packages/airflow/example_dags/tutorial_objectstorage.py for tasks to queue
[2025-12-27T13:50:01.340+0000] {logging_mixin.py:188} INFO - [2025-12-27T13:50:01.340+0000] {dagbag.py:545} INFO - Filling up the DagBag from /usr/local/lib/python3.11/site-packages/airflow/example_dags/tutorial_objectstorage.py
[2025-12-27T13:50:01.349+0000] {processor.py:840} INFO - DAG(s) 'tutorial_objectstorage' retrieved from /usr/local/lib/python3.11/site-packages/airflow/example_dags/tutorial_objectstorage.py
[2025-12-27T13:50:01.376+0000] {logging_mixin.py:188} INFO - [2025-12-27T13:50:01.376+0000] {dag.py:3096} INFO - Sync 1 DAGs
[2025-12-27T13:50:01.394+0000] {logging_mixin.py:188} INFO - [2025-12-27T13:50:01.394+0000] {dag.py:3954} INFO - Setting next_dagrun for tutorial_objectstorage to None, run_after=None
[2025-12-27T13:50:01.598+0000] {processor.py:183} INFO - Processing /usr/local/lib/python3.11/site-packages/airflow/example_dags/tutorial_objectstorage.py took 0.274 seconds
[2025-12-27T13:51:25.032+0000] {processor.py:161} INFO - Started process (PID=246) to work on /usr/local/lib/python3.11/site-packages/airflow/example_dags/tutorial_objectstorage.py
[2025-12-27T13:51:25.033+0000] {processor.py:830} INFO - Processing file /usr/local/lib/python3.11/site-packages/airflow/example_dags/tutorial_objectstorage.py for tasks to queue
[2025-12-27T13:51:25.036+0000] {logging_mixin.py:188} INFO - [2025-12-27T13:51:25.035+0000] {dagbag.py:545} INFO - Filling up the DagBag from /usr/local/lib/python3.11/site-packages/airflow/example_dags/tutorial_objectstorage.py
[2025-12-27T13:51:25.046+0000] {processor.py:840} INFO - DAG(s) 'tutorial_objectstorage' retrieved from /usr/local/lib/python3.11/site-packages/airflow/example_dags/tutorial_objectstorage.py
[2025-12-27T13:51:25.082+0000] {logging_mixin.py:188} INFO - [2025-12-27T13:51:25.081+0000] {dag.py:3096} INFO - Sync 1 DAGs
[2025-12-27T13:51:25.101+0000] {logging_mixin.py:188} INFO - [2025-12-27T13:51:25.101+0000] {dag.py:3954} INFO - Setting next_dagrun for tutorial_objectstorage to None, run_after=None
[2025-12-27T13:51:25.306+0000] {processor.py:183} INFO - Processing /usr/local/lib/python3.11/site-packages/airflow/example_dags/tutorial_objectstorage.py took 0.290 seconds
[2025-12-27T13:52:49.395+0000] {processor.py:161} INFO - Started process (PID=306) to work on /usr/local/lib/python3.11/site-packages/airflow/example_dags/tutorial_objectstorage.py
[2025-12-27T13:52:49.396+0000] {processor.py:830} INFO - Processing file /usr/local/lib/python3.11/site-packages/airflow/example_dags/tutorial_objectstorage.py for tasks to queue
[2025-12-27T13:52:49.399+0000] {logging_mixin.py:188} INFO - [2025-12-27T13:52:49.399+0000] {dagbag.py:545} INFO - Filling up the DagBag from /usr/local/lib/python3.11/site-packages/airflow/example_dags/tutorial_objectstorage.py
[2025-12-27T13:52:49.411+0000] {processor.py:840} INFO - DAG(s) 'tutorial_objectstorage' retrieved from /usr/local/lib/python3.11/site-packages/airflow/example_dags/tutorial_objectstorage.py
[2025-12-27T13:52:49.448+0000] {logging_mixin.py:188} INFO - [2025-12-27T13:52:49.448+0000] {dag.py:3096} INFO - Sync 1 DAGs
[2025-12-27T13:52:49.472+0000] {logging_mixin.py:188} INFO - [2025-12-27T13:52:49.472+0000] {dag.py:3954} INFO - Setting next_dagrun for tutorial_objectstorage to None, run_after=None
[2025-12-27T13:52:49.712+0000] {processor.py:183} INFO - Processing /usr/local/lib/python3.11/site-packages/airflow/example_dags/tutorial_objectstorage.py took 0.337 seconds
[2025-12-27T13:54:13.860+0000] {processor.py:161} INFO - Started process (PID=367) to work on /usr/local/lib/python3.11/site-packages/airflow/example_dags/tutorial_objectstorage.py
[2025-12-27T13:54:13.861+0000] {processor.py:830} INFO - Processing file /usr/local/lib/python3.11/site-packages/airflow/example_dags/tutorial_objectstorage.py for tasks to queue
[2025-12-27T13:54:13.863+0000] {logging_mixin.py:188} INFO - [2025-12-27T13:54:13.863+0000] {dagbag.py:545} INFO - Filling up the DagBag from /usr/local/lib/python3.11/site-packages/airflow/example_dags/tutorial_objectstorage.py
[2025-12-27T13:54:13.871+0000] {processor.py:840} INFO - DAG(s) 'tutorial_objectstorage' retrieved from /usr/local/lib/python3.11/site-packages/airflow/example_dags/tutorial_objectstorage.py
[2025-12-27T13:54:13.904+0000] {logging_mixin.py:188} INFO - [2025-12-27T13:54:13.904+0000] {dag.py:3096} INFO - Sync 1 DAGs
[2025-12-27T13:54:13.925+0000] {logging_mixin.py:188} INFO - [2025-12-27T13:54:13.925+0000] {dag.py:3954} INFO - Setting next_dagrun for tutorial_objectstorage to None, run_after=None
[2025-12-27T13:54:14.137+0000] {processor.py:183} INFO - Processing /usr/local/lib/python3.11/site-packages/airflow/example_dags/tutorial_objectstorage.py took 0.296 seconds
[2025-12-27T13:55:37.536+0000] {processor.py:161} INFO - Started process (PID=429) to work on /usr/local/lib/python3.11/site-packages/airflow/example_dags/tutorial_objectstorage.py
[2025-12-27T13:55:37.537+0000] {processor.py:830} INFO - Processing file /usr/local/lib/python3.11/site-packages/airflow/example_dags/tutorial_objectstorage.py for tasks to queue
[2025-12-27T13:55:37.540+0000] {logging_mixin.py:188} INFO - [2025-12-27T13:55:37.539+0000] {dagbag.py:545} INFO - Filling up the DagBag from /usr/local/lib/python3.11/site-packages/airflow/example_dags/tutorial_objectstorage.py
[2025-12-27T13:55:37.549+0000] {processor.py:840} INFO - DAG(s) 'tutorial_objectstorage' retrieved from /usr/local/lib/python3.11/site-packages/airflow/example_dags/tutorial_objectstorage.py
[2025-12-27T13:55:37.575+0000] {logging_mixin.py:188} INFO - [2025-12-27T13:55:37.575+0000] {dag.py:3096} INFO - Sync 1 DAGs
[2025-12-27T13:55:37.591+0000] {logging_mixin.py:188} INFO - [2025-12-27T13:55:37.591+0000] {dag.py:3954} INFO - Setting next_dagrun for tutorial_objectstorage to None, run_after=None
[2025-12-27T13:55:37.782+0000] {processor.py:183} INFO - Processing /usr/local/lib/python3.11/site-packages/airflow/example_dags/tutorial_objectstorage.py took 0.261 seconds
[2025-12-27T13:57:03.615+0000] {processor.py:161} INFO - Started process (PID=490) to work on /usr/local/lib/python3.11/site-packages/airflow/example_dags/tutorial_objectstorage.py
[2025-12-27T13:57:03.616+0000] {processor.py:830} INFO - Processing file /usr/local/lib/python3.11/site-packages/airflow/example_dags/tutorial_objectstorage.py for tasks to queue
[2025-12-27T13:57:03.618+0000] {logging_mixin.py:188} INFO - [2025-12-27T13:57:03.618+0000] {dagbag.py:545} INFO - Filling up the DagBag from /usr/local/lib/python3.11/site-packages/airflow/example_dags/tutorial_objectstorage.py
[2025-12-27T13:57:03.628+0000] {processor.py:840} INFO - DAG(s) 'tutorial_objectstorage' retrieved from /usr/local/lib/python3.11/site-packages/airflow/example_dags/tutorial_objectstorage.py
[2025-12-27T13:57:03.664+0000] {logging_mixin.py:188} INFO - [2025-12-27T13:57:03.664+0000] {dag.py:3096} INFO - Sync 1 DAGs
[2025-12-27T13:57:03.689+0000] {logging_mixin.py:188} INFO - [2025-12-27T13:57:03.689+0000] {dag.py:3954} INFO - Setting next_dagrun for tutorial_objectstorage to None, run_after=None
[2025-12-27T13:57:03.915+0000] {processor.py:183} INFO - Processing /usr/local/lib/python3.11/site-packages/airflow/example_dags/tutorial_objectstorage.py took 0.318 seconds
[2025-12-27T13:58:28.751+0000] {processor.py:161} INFO - Started process (PID=551) to work on /usr/local/lib/python3.11/site-packages/airflow/example_dags/tutorial_objectstorage.py
[2025-12-27T13:58:28.752+0000] {processor.py:830} INFO - Processing file /usr/local/lib/python3.11/site-packages/airflow/example_dags/tutorial_objectstorage.py for tasks to queue
[2025-12-27T13:58:28.754+0000] {logging_mixin.py:188} INFO - [2025-12-27T13:58:28.754+0000] {dagbag.py:545} INFO - Filling up the DagBag from /usr/local/lib/python3.11/site-packages/airflow/example_dags/tutorial_objectstorage.py
[2025-12-27T13:58:28.763+0000] {processor.py:840} INFO - DAG(s) 'tutorial_objectstorage' retrieved from /usr/local/lib/python3.11/site-packages/airflow/example_dags/tutorial_objectstorage.py
[2025-12-27T13:58:28.794+0000] {logging_mixin.py:188} INFO - [2025-12-27T13:58:28.793+0000] {dag.py:3096} INFO - Sync 1 DAGs
[2025-12-27T13:58:28.811+0000] {logging_mixin.py:188} INFO - [2025-12-27T13:58:28.810+0000] {dag.py:3954} INFO - Setting next_dagrun for tutorial_objectstorage to None, run_after=None
[2025-12-27T13:58:29.032+0000] {processor.py:183} INFO - Processing /usr/local/lib/python3.11/site-packages/airflow/example_dags/tutorial_objectstorage.py took 0.298 seconds
[2025-12-27T13:59:54.463+0000] {processor.py:161} INFO - Started process (PID=612) to work on /usr/local/lib/python3.11/site-packages/airflow/example_dags/tutorial_objectstorage.py
[2025-12-27T13:59:54.464+0000] {processor.py:830} INFO - Processing file /usr/local/lib/python3.11/site-packages/airflow/example_dags/tutorial_objectstorage.py for tasks to queue
[2025-12-27T13:59:54.467+0000] {logging_mixin.py:188} INFO - [2025-12-27T13:59:54.466+0000] {dagbag.py:545} INFO - Filling up the DagBag from /usr/local/lib/python3.11/site-packages/airflow/example_dags/tutorial_objectstorage.py
[2025-12-27T13:59:54.476+0000] {processor.py:840} INFO - DAG(s) 'tutorial_objectstorage' retrieved from /usr/local/lib/python3.11/site-packages/airflow/example_dags/tutorial_objectstorage.py
[2025-12-27T13:59:54.513+0000] {logging_mixin.py:188} INFO - [2025-12-27T13:59:54.513+0000] {dag.py:3096} INFO - Sync 1 DAGs
[2025-12-27T13:59:54.534+0000] {logging_mixin.py:188} INFO - [2025-12-27T13:59:54.533+0000] {dag.py:3954} INFO - Setting next_dagrun for tutorial_objectstorage to None, run_after=None
[2025-12-27T13:59:54.898+0000] {processor.py:183} INFO - Processing /usr/local/lib/python3.11/site-packages/airflow/example_dags/tutorial_objectstorage.py took 0.452 seconds
[2025-12-27T14:01:38.595+0000] {processor.py:161} INFO - Started process (PID=677) to work on /usr/local/lib/python3.11/site-packages/airflow/example_dags/tutorial_objectstorage.py
[2025-12-27T14:01:38.600+0000] {processor.py:830} INFO - Processing file /usr/local/lib/python3.11/site-packages/airflow/example_dags/tutorial_objectstorage.py for tasks to queue
[2025-12-27T14:01:38.610+0000] {logging_mixin.py:188} INFO - [2025-12-27T14:01:38.609+0000] {dagbag.py:545} INFO - Filling up the DagBag from /usr/local/lib/python3.11/site-packages/airflow/example_dags/tutorial_objectstorage.py
[2025-12-27T14:01:38.640+0000] {processor.py:840} INFO - DAG(s) 'tutorial_objectstorage' retrieved from /usr/local/lib/python3.11/site-packages/airflow/example_dags/tutorial_objectstorage.py
[2025-12-27T14:01:39.155+0000] {logging_mixin.py:188} INFO - [2025-12-27T14:01:39.155+0000] {dag.py:3096} INFO - Sync 1 DAGs
[2025-12-27T14:01:39.189+0000] {logging_mixin.py:188} INFO - [2025-12-27T14:01:39.188+0000] {dag.py:3954} INFO - Setting next_dagrun for tutorial_objectstorage to None, run_after=None
[2025-12-27T14:01:39.672+0000] {processor.py:183} INFO - Processing /usr/local/lib/python3.11/site-packages/airflow/example_dags/tutorial_objectstorage.py took 1.117 seconds
[2025-12-27T14:04:02.668+0000] {processor.py:161} INFO - Started process (PID=754) to work on /usr/local/lib/python3.11/site-packages/airflow/example_dags/tutorial_objectstorage.py
[2025-12-27T14:04:02.669+0000] {processor.py:830} INFO - Processing file /usr/local/lib/python3.11/site-packages/airflow/example_dags/tutorial_objectstorage.py for tasks to queue
[2025-12-27T14:04:02.672+0000] {logging_mixin.py:188} INFO - [2025-12-27T14:04:02.671+0000] {dagbag.py:545} INFO - Filling up the DagBag from /usr/local/lib/python3.11/site-packages/airflow/example_dags/tutorial_objectstorage.py
[2025-12-27T14:04:02.680+0000] {processor.py:840} INFO - DAG(s) 'tutorial_objectstorage' retrieved from /usr/local/lib/python3.11/site-packages/airflow/example_dags/tutorial_objectstorage.py
[2025-12-27T14:04:02.718+0000] {logging_mixin.py:188} INFO - [2025-12-27T14:04:02.717+0000] {dag.py:3096} INFO - Sync 1 DAGs
[2025-12-27T14:04:02.740+0000] {logging_mixin.py:188} INFO - [2025-12-27T14:04:02.740+0000] {dag.py:3954} INFO - Setting next_dagrun for tutorial_objectstorage to None, run_after=None
[2025-12-27T14:04:03.018+0000] {processor.py:183} INFO - Processing /usr/local/lib/python3.11/site-packages/airflow/example_dags/tutorial_objectstorage.py took 0.363 seconds
[2025-12-27T14:05:53.943+0000] {processor.py:161} INFO - Started process (PID=838) to work on /usr/local/lib/python3.11/site-packages/airflow/example_dags/tutorial_objectstorage.py
[2025-12-27T14:05:53.944+0000] {processor.py:830} INFO - Processing file /usr/local/lib/python3.11/site-packages/airflow/example_dags/tutorial_objectstorage.py for tasks to queue
[2025-12-27T14:05:53.947+0000] {logging_mixin.py:188} INFO - [2025-12-27T14:05:53.947+0000] {dagbag.py:545} INFO - Filling up the DagBag from /usr/local/lib/python3.11/site-packages/airflow/example_dags/tutorial_objectstorage.py
[2025-12-27T14:05:53.961+0000] {processor.py:840} INFO - DAG(s) 'tutorial_objectstorage' retrieved from /usr/local/lib/python3.11/site-packages/airflow/example_dags/tutorial_objectstorage.py
[2025-12-27T14:05:54.003+0000] {logging_mixin.py:188} INFO - [2025-12-27T14:05:54.003+0000] {dag.py:3096} INFO - Sync 1 DAGs
[2025-12-27T14:05:54.025+0000] {logging_mixin.py:188} INFO - [2025-12-27T14:05:54.025+0000] {dag.py:3954} INFO - Setting next_dagrun for tutorial_objectstorage to None, run_after=None
[2025-12-27T14:05:54.249+0000] {processor.py:183} INFO - Processing /usr/local/lib/python3.11/site-packages/airflow/example_dags/tutorial_objectstorage.py took 0.325 seconds
[2025-12-27T14:07:36.312+0000] {processor.py:161} INFO - Started process (PID=905) to work on /usr/local/lib/python3.11/site-packages/airflow/example_dags/tutorial_objectstorage.py
[2025-12-27T14:07:36.314+0000] {processor.py:830} INFO - Processing file /usr/local/lib/python3.11/site-packages/airflow/example_dags/tutorial_objectstorage.py for tasks to queue
[2025-12-27T14:07:36.318+0000] {logging_mixin.py:188} INFO - [2025-12-27T14:07:36.317+0000] {dagbag.py:545} INFO - Filling up the DagBag from /usr/local/lib/python3.11/site-packages/airflow/example_dags/tutorial_objectstorage.py
[2025-12-27T14:07:36.335+0000] {processor.py:840} INFO - DAG(s) 'tutorial_objectstorage' retrieved from /usr/local/lib/python3.11/site-packages/airflow/example_dags/tutorial_objectstorage.py
[2025-12-27T14:07:36.369+0000] {logging_mixin.py:188} INFO - [2025-12-27T14:07:36.369+0000] {dag.py:3096} INFO - Sync 1 DAGs
[2025-12-27T14:07:36.399+0000] {logging_mixin.py:188} INFO - [2025-12-27T14:07:36.399+0000] {dag.py:3954} INFO - Setting next_dagrun for tutorial_objectstorage to None, run_after=None
[2025-12-27T14:07:36.603+0000] {processor.py:183} INFO - Processing /usr/local/lib/python3.11/site-packages/airflow/example_dags/tutorial_objectstorage.py took 0.316 seconds
[2025-12-27T14:09:19.018+0000] {processor.py:161} INFO - Started process (PID=971) to work on /usr/local/lib/python3.11/site-packages/airflow/example_dags/tutorial_objectstorage.py
[2025-12-27T14:09:19.020+0000] {processor.py:830} INFO - Processing file /usr/local/lib/python3.11/site-packages/airflow/example_dags/tutorial_objectstorage.py for tasks to queue
[2025-12-27T14:09:19.022+0000] {logging_mixin.py:188} INFO - [2025-12-27T14:09:19.022+0000] {dagbag.py:545} INFO - Filling up the DagBag from /usr/local/lib/python3.11/site-packages/airflow/example_dags/tutorial_objectstorage.py
[2025-12-27T14:09:19.034+0000] {processor.py:840} INFO - DAG(s) 'tutorial_objectstorage' retrieved from /usr/local/lib/python3.11/site-packages/airflow/example_dags/tutorial_objectstorage.py
[2025-12-27T14:09:19.073+0000] {logging_mixin.py:188} INFO - [2025-12-27T14:09:19.073+0000] {dag.py:3096} INFO - Sync 1 DAGs
[2025-12-27T14:09:19.222+0000] {logging_mixin.py:188} INFO - [2025-12-27T14:09:19.222+0000] {dag.py:3954} INFO - Setting next_dagrun for tutorial_objectstorage to None, run_after=None
[2025-12-27T14:09:19.427+0000] {processor.py:183} INFO - Processing /usr/local/lib/python3.11/site-packages/airflow/example_dags/tutorial_objectstorage.py took 0.427 seconds
[2025-12-27T14:11:12.581+0000] {processor.py:161} INFO - Started process (PID=1036) to work on /usr/local/lib/python3.11/site-packages/airflow/example_dags/tutorial_objectstorage.py
[2025-12-27T14:11:12.583+0000] {processor.py:830} INFO - Processing file /usr/local/lib/python3.11/site-packages/airflow/example_dags/tutorial_objectstorage.py for tasks to queue
[2025-12-27T14:11:12.588+0000] {logging_mixin.py:188} INFO - [2025-12-27T14:11:12.587+0000] {dagbag.py:545} INFO - Filling up the DagBag from /usr/local/lib/python3.11/site-packages/airflow/example_dags/tutorial_objectstorage.py
[2025-12-27T14:11:12.602+0000] {processor.py:840} INFO - DAG(s) 'tutorial_objectstorage' retrieved from /usr/local/lib/python3.11/site-packages/airflow/example_dags/tutorial_objectstorage.py
[2025-12-27T14:11:12.632+0000] {logging_mixin.py:188} INFO - [2025-12-27T14:11:12.632+0000] {dag.py:3096} INFO - Sync 1 DAGs
[2025-12-27T14:11:12.648+0000] {logging_mixin.py:188} INFO - [2025-12-27T14:11:12.648+0000] {dag.py:3954} INFO - Setting next_dagrun for tutorial_objectstorage to None, run_after=None
[2025-12-27T14:11:12.855+0000] {processor.py:183} INFO - Processing /usr/local/lib/python3.11/site-packages/airflow/example_dags/tutorial_objectstorage.py took 0.301 seconds
[2025-12-27T14:13:16.128+0000] {processor.py:161} INFO - Started process (PID=1108) to work on /usr/local/lib/python3.11/site-packages/airflow/example_dags/tutorial_objectstorage.py
[2025-12-27T14:13:16.129+0000] {processor.py:830} INFO - Processing file /usr/local/lib/python3.11/site-packages/airflow/example_dags/tutorial_objectstorage.py for tasks to queue
[2025-12-27T14:13:16.134+0000] {logging_mixin.py:188} INFO - [2025-12-27T14:13:16.133+0000] {dagbag.py:545} INFO - Filling up the DagBag from /usr/local/lib/python3.11/site-packages/airflow/example_dags/tutorial_objectstorage.py
[2025-12-27T14:13:16.143+0000] {processor.py:840} INFO - DAG(s) 'tutorial_objectstorage' retrieved from /usr/local/lib/python3.11/site-packages/airflow/example_dags/tutorial_objectstorage.py
[2025-12-27T14:13:16.191+0000] {logging_mixin.py:188} INFO - [2025-12-27T14:13:16.191+0000] {dag.py:3096} INFO - Sync 1 DAGs
[2025-12-27T14:13:16.225+0000] {logging_mixin.py:188} INFO - [2025-12-27T14:13:16.224+0000] {dag.py:3954} INFO - Setting next_dagrun for tutorial_objectstorage to None, run_after=None
[2025-12-27T14:13:16.440+0000] {processor.py:183} INFO - Processing /usr/local/lib/python3.11/site-packages/airflow/example_dags/tutorial_objectstorage.py took 0.333 seconds
[2025-12-27T14:32:49.297+0000] {processor.py:161} INFO - Started process (PID=66) to work on /usr/local/lib/python3.11/site-packages/airflow/example_dags/tutorial_objectstorage.py
[2025-12-27T14:32:49.298+0000] {processor.py:830} INFO - Processing file /usr/local/lib/python3.11/site-packages/airflow/example_dags/tutorial_objectstorage.py for tasks to queue
[2025-12-27T14:32:49.301+0000] {logging_mixin.py:188} INFO - [2025-12-27T14:32:49.301+0000] {dagbag.py:545} INFO - Filling up the DagBag from /usr/local/lib/python3.11/site-packages/airflow/example_dags/tutorial_objectstorage.py
[2025-12-27T14:32:49.310+0000] {processor.py:840} INFO - DAG(s) 'tutorial_objectstorage' retrieved from /usr/local/lib/python3.11/site-packages/airflow/example_dags/tutorial_objectstorage.py
[2025-12-27T14:32:49.455+0000] {logging_mixin.py:188} INFO - [2025-12-27T14:32:49.455+0000] {dag.py:3096} INFO - Sync 1 DAGs
[2025-12-27T14:32:49.617+0000] {logging_mixin.py:188} INFO - [2025-12-27T14:32:49.617+0000] {dag.py:3954} INFO - Setting next_dagrun for tutorial_objectstorage to None, run_after=None
[2025-12-27T14:32:49.910+0000] {processor.py:183} INFO - Processing /usr/local/lib/python3.11/site-packages/airflow/example_dags/tutorial_objectstorage.py took 0.626 seconds
[2025-12-27T14:34:43.234+0000] {processor.py:161} INFO - Started process (PID=134) to work on /usr/local/lib/python3.11/site-packages/airflow/example_dags/tutorial_objectstorage.py
[2025-12-27T14:34:43.244+0000] {processor.py:830} INFO - Processing file /usr/local/lib/python3.11/site-packages/airflow/example_dags/tutorial_objectstorage.py for tasks to queue
[2025-12-27T14:34:43.249+0000] {logging_mixin.py:188} INFO - [2025-12-27T14:34:43.248+0000] {dagbag.py:545} INFO - Filling up the DagBag from /usr/local/lib/python3.11/site-packages/airflow/example_dags/tutorial_objectstorage.py
[2025-12-27T14:34:43.280+0000] {processor.py:840} INFO - DAG(s) 'tutorial_objectstorage' retrieved from /usr/local/lib/python3.11/site-packages/airflow/example_dags/tutorial_objectstorage.py
[2025-12-27T14:34:43.616+0000] {logging_mixin.py:188} INFO - [2025-12-27T14:34:43.615+0000] {dag.py:3096} INFO - Sync 1 DAGs
[2025-12-27T14:34:43.664+0000] {logging_mixin.py:188} INFO - [2025-12-27T14:34:43.664+0000] {dag.py:3954} INFO - Setting next_dagrun for tutorial_objectstorage to None, run_after=None
[2025-12-27T14:34:44.150+0000] {processor.py:183} INFO - Processing /usr/local/lib/python3.11/site-packages/airflow/example_dags/tutorial_objectstorage.py took 0.969 seconds
[2025-12-27T14:54:23.497+0000] {processor.py:161} INFO - Started process (PID=70) to work on /usr/local/lib/python3.11/site-packages/airflow/example_dags/tutorial_objectstorage.py
[2025-12-27T14:54:23.499+0000] {processor.py:830} INFO - Processing file /usr/local/lib/python3.11/site-packages/airflow/example_dags/tutorial_objectstorage.py for tasks to queue
[2025-12-27T14:54:23.503+0000] {logging_mixin.py:188} INFO - [2025-12-27T14:54:23.502+0000] {dagbag.py:545} INFO - Filling up the DagBag from /usr/local/lib/python3.11/site-packages/airflow/example_dags/tutorial_objectstorage.py
[2025-12-27T14:54:23.514+0000] {processor.py:840} INFO - DAG(s) 'tutorial_objectstorage' retrieved from /usr/local/lib/python3.11/site-packages/airflow/example_dags/tutorial_objectstorage.py
[2025-12-27T14:54:24.718+0000] {logging_mixin.py:188} INFO - [2025-12-27T14:54:24.717+0000] {override.py:1930} INFO - Created Permission View: can delete on DAG:tutorial_objectstorage
[2025-12-27T14:54:25.167+0000] {logging_mixin.py:188} INFO - [2025-12-27T14:54:25.166+0000] {override.py:1930} INFO - Created Permission View: can edit on DAG:tutorial_objectstorage
[2025-12-27T14:54:25.365+0000] {logging_mixin.py:188} INFO - [2025-12-27T14:54:25.365+0000] {override.py:1930} INFO - Created Permission View: can read on DAG:tutorial_objectstorage
[2025-12-27T14:54:25.367+0000] {logging_mixin.py:188} INFO - [2025-12-27T14:54:25.366+0000] {dag.py:3096} INFO - Sync 1 DAGs
[2025-12-27T14:54:25.554+0000] {logging_mixin.py:188} INFO - [2025-12-27T14:54:25.553+0000] {dag.py:3118} INFO - Creating ORM DAG for tutorial_objectstorage
[2025-12-27T14:54:25.555+0000] {logging_mixin.py:188} INFO - [2025-12-27T14:54:25.555+0000] {dag.py:3954} INFO - Setting next_dagrun for tutorial_objectstorage to None, run_after=None
[2025-12-27T14:54:25.904+0000] {processor.py:183} INFO - Processing /usr/local/lib/python3.11/site-packages/airflow/example_dags/tutorial_objectstorage.py took 2.435 seconds
[2025-12-27T14:56:05.150+0000] {processor.py:161} INFO - Started process (PID=122) to work on /usr/local/lib/python3.11/site-packages/airflow/example_dags/tutorial_objectstorage.py
[2025-12-27T14:56:05.151+0000] {processor.py:830} INFO - Processing file /usr/local/lib/python3.11/site-packages/airflow/example_dags/tutorial_objectstorage.py for tasks to queue
[2025-12-27T14:56:05.154+0000] {logging_mixin.py:188} INFO - [2025-12-27T14:56:05.153+0000] {dagbag.py:545} INFO - Filling up the DagBag from /usr/local/lib/python3.11/site-packages/airflow/example_dags/tutorial_objectstorage.py
[2025-12-27T14:56:05.167+0000] {processor.py:840} INFO - DAG(s) 'tutorial_objectstorage' retrieved from /usr/local/lib/python3.11/site-packages/airflow/example_dags/tutorial_objectstorage.py
[2025-12-27T14:56:05.406+0000] {logging_mixin.py:188} INFO - [2025-12-27T14:56:05.405+0000] {dag.py:3096} INFO - Sync 1 DAGs
[2025-12-27T14:56:05.432+0000] {logging_mixin.py:188} INFO - [2025-12-27T14:56:05.432+0000] {dag.py:3954} INFO - Setting next_dagrun for tutorial_objectstorage to None, run_after=None
[2025-12-27T14:56:05.602+0000] {processor.py:183} INFO - Processing /usr/local/lib/python3.11/site-packages/airflow/example_dags/tutorial_objectstorage.py took 0.470 seconds
[2025-12-27T14:57:54.048+0000] {processor.py:161} INFO - Started process (PID=189) to work on /usr/local/lib/python3.11/site-packages/airflow/example_dags/tutorial_objectstorage.py
[2025-12-27T14:57:54.049+0000] {processor.py:830} INFO - Processing file /usr/local/lib/python3.11/site-packages/airflow/example_dags/tutorial_objectstorage.py for tasks to queue
[2025-12-27T14:57:54.052+0000] {logging_mixin.py:188} INFO - [2025-12-27T14:57:54.052+0000] {dagbag.py:545} INFO - Filling up the DagBag from /usr/local/lib/python3.11/site-packages/airflow/example_dags/tutorial_objectstorage.py
[2025-12-27T14:57:54.062+0000] {processor.py:840} INFO - DAG(s) 'tutorial_objectstorage' retrieved from /usr/local/lib/python3.11/site-packages/airflow/example_dags/tutorial_objectstorage.py
[2025-12-27T14:57:54.099+0000] {logging_mixin.py:188} INFO - [2025-12-27T14:57:54.099+0000] {dag.py:3096} INFO - Sync 1 DAGs
[2025-12-27T14:57:54.120+0000] {logging_mixin.py:188} INFO - [2025-12-27T14:57:54.120+0000] {dag.py:3954} INFO - Setting next_dagrun for tutorial_objectstorage to None, run_after=None
[2025-12-27T14:57:54.362+0000] {processor.py:183} INFO - Processing /usr/local/lib/python3.11/site-packages/airflow/example_dags/tutorial_objectstorage.py took 0.331 seconds
[2025-12-27T14:59:59.256+0000] {processor.py:161} INFO - Started process (PID=271) to work on /usr/local/lib/python3.11/site-packages/airflow/example_dags/tutorial_objectstorage.py
[2025-12-27T14:59:59.258+0000] {processor.py:830} INFO - Processing file /usr/local/lib/python3.11/site-packages/airflow/example_dags/tutorial_objectstorage.py for tasks to queue
[2025-12-27T14:59:59.263+0000] {logging_mixin.py:188} INFO - [2025-12-27T14:59:59.262+0000] {dagbag.py:545} INFO - Filling up the DagBag from /usr/local/lib/python3.11/site-packages/airflow/example_dags/tutorial_objectstorage.py
[2025-12-27T14:59:59.304+0000] {processor.py:840} INFO - DAG(s) 'tutorial_objectstorage' retrieved from /usr/local/lib/python3.11/site-packages/airflow/example_dags/tutorial_objectstorage.py
[2025-12-27T14:59:59.494+0000] {logging_mixin.py:188} INFO - [2025-12-27T14:59:59.490+0000] {dag.py:3096} INFO - Sync 1 DAGs
[2025-12-27T14:59:59.888+0000] {logging_mixin.py:188} INFO - [2025-12-27T14:59:59.888+0000] {dag.py:3954} INFO - Setting next_dagrun for tutorial_objectstorage to None, run_after=None
[2025-12-27T15:00:00.358+0000] {processor.py:183} INFO - Processing /usr/local/lib/python3.11/site-packages/airflow/example_dags/tutorial_objectstorage.py took 1.126 seconds
[2025-12-27T15:01:57.432+0000] {processor.py:161} INFO - Started process (PID=349) to work on /usr/local/lib/python3.11/site-packages/airflow/example_dags/tutorial_objectstorage.py
[2025-12-27T15:01:57.440+0000] {processor.py:830} INFO - Processing file /usr/local/lib/python3.11/site-packages/airflow/example_dags/tutorial_objectstorage.py for tasks to queue
[2025-12-27T15:01:57.443+0000] {logging_mixin.py:188} INFO - [2025-12-27T15:01:57.443+0000] {dagbag.py:545} INFO - Filling up the DagBag from /usr/local/lib/python3.11/site-packages/airflow/example_dags/tutorial_objectstorage.py
[2025-12-27T15:01:57.476+0000] {processor.py:840} INFO - DAG(s) 'tutorial_objectstorage' retrieved from /usr/local/lib/python3.11/site-packages/airflow/example_dags/tutorial_objectstorage.py
[2025-12-27T15:01:57.602+0000] {logging_mixin.py:188} INFO - [2025-12-27T15:01:57.601+0000] {dag.py:3096} INFO - Sync 1 DAGs
[2025-12-27T15:01:57.673+0000] {logging_mixin.py:188} INFO - [2025-12-27T15:01:57.673+0000] {dag.py:3954} INFO - Setting next_dagrun for tutorial_objectstorage to None, run_after=None
[2025-12-27T15:01:58.541+0000] {processor.py:183} INFO - Processing /usr/local/lib/python3.11/site-packages/airflow/example_dags/tutorial_objectstorage.py took 1.170 seconds
[2025-12-27T15:03:48.958+0000] {processor.py:161} INFO - Started process (PID=421) to work on /usr/local/lib/python3.11/site-packages/airflow/example_dags/tutorial_objectstorage.py
[2025-12-27T15:03:48.959+0000] {processor.py:830} INFO - Processing file /usr/local/lib/python3.11/site-packages/airflow/example_dags/tutorial_objectstorage.py for tasks to queue
[2025-12-27T15:03:48.962+0000] {logging_mixin.py:188} INFO - [2025-12-27T15:03:48.961+0000] {dagbag.py:545} INFO - Filling up the DagBag from /usr/local/lib/python3.11/site-packages/airflow/example_dags/tutorial_objectstorage.py
[2025-12-27T15:03:48.971+0000] {processor.py:840} INFO - DAG(s) 'tutorial_objectstorage' retrieved from /usr/local/lib/python3.11/site-packages/airflow/example_dags/tutorial_objectstorage.py
[2025-12-27T15:03:49.007+0000] {logging_mixin.py:188} INFO - [2025-12-27T15:03:49.007+0000] {dag.py:3096} INFO - Sync 1 DAGs
[2025-12-27T15:03:49.035+0000] {logging_mixin.py:188} INFO - [2025-12-27T15:03:49.035+0000] {dag.py:3954} INFO - Setting next_dagrun for tutorial_objectstorage to None, run_after=None
[2025-12-27T15:03:49.312+0000] {processor.py:183} INFO - Processing /usr/local/lib/python3.11/site-packages/airflow/example_dags/tutorial_objectstorage.py took 0.367 seconds
[2025-12-27T15:05:15.754+0000] {processor.py:161} INFO - Started process (PID=482) to work on /usr/local/lib/python3.11/site-packages/airflow/example_dags/tutorial_objectstorage.py
[2025-12-27T15:05:15.755+0000] {processor.py:830} INFO - Processing file /usr/local/lib/python3.11/site-packages/airflow/example_dags/tutorial_objectstorage.py for tasks to queue
[2025-12-27T15:05:15.757+0000] {logging_mixin.py:188} INFO - [2025-12-27T15:05:15.757+0000] {dagbag.py:545} INFO - Filling up the DagBag from /usr/local/lib/python3.11/site-packages/airflow/example_dags/tutorial_objectstorage.py
[2025-12-27T15:05:15.768+0000] {processor.py:840} INFO - DAG(s) 'tutorial_objectstorage' retrieved from /usr/local/lib/python3.11/site-packages/airflow/example_dags/tutorial_objectstorage.py
[2025-12-27T15:05:15.814+0000] {logging_mixin.py:188} INFO - [2025-12-27T15:05:15.814+0000] {dag.py:3096} INFO - Sync 1 DAGs
[2025-12-27T15:05:15.834+0000] {logging_mixin.py:188} INFO - [2025-12-27T15:05:15.834+0000] {dag.py:3954} INFO - Setting next_dagrun for tutorial_objectstorage to None, run_after=None
[2025-12-27T15:05:16.025+0000] {processor.py:183} INFO - Processing /usr/local/lib/python3.11/site-packages/airflow/example_dags/tutorial_objectstorage.py took 0.286 seconds
[2025-12-27T15:06:43.816+0000] {processor.py:161} INFO - Started process (PID=544) to work on /usr/local/lib/python3.11/site-packages/airflow/example_dags/tutorial_objectstorage.py
[2025-12-27T15:06:43.817+0000] {processor.py:830} INFO - Processing file /usr/local/lib/python3.11/site-packages/airflow/example_dags/tutorial_objectstorage.py for tasks to queue
[2025-12-27T15:06:43.820+0000] {logging_mixin.py:188} INFO - [2025-12-27T15:06:43.819+0000] {dagbag.py:545} INFO - Filling up the DagBag from /usr/local/lib/python3.11/site-packages/airflow/example_dags/tutorial_objectstorage.py
[2025-12-27T15:06:43.831+0000] {processor.py:840} INFO - DAG(s) 'tutorial_objectstorage' retrieved from /usr/local/lib/python3.11/site-packages/airflow/example_dags/tutorial_objectstorage.py
[2025-12-27T15:06:43.869+0000] {logging_mixin.py:188} INFO - [2025-12-27T15:06:43.869+0000] {dag.py:3096} INFO - Sync 1 DAGs
[2025-12-27T15:06:43.894+0000] {logging_mixin.py:188} INFO - [2025-12-27T15:06:43.894+0000] {dag.py:3954} INFO - Setting next_dagrun for tutorial_objectstorage to None, run_after=None
[2025-12-27T15:06:44.079+0000] {processor.py:183} INFO - Processing /usr/local/lib/python3.11/site-packages/airflow/example_dags/tutorial_objectstorage.py took 0.281 seconds
[2025-12-27T15:08:17.001+0000] {processor.py:161} INFO - Started process (PID=607) to work on /usr/local/lib/python3.11/site-packages/airflow/example_dags/tutorial_objectstorage.py
[2025-12-27T15:08:17.004+0000] {processor.py:830} INFO - Processing file /usr/local/lib/python3.11/site-packages/airflow/example_dags/tutorial_objectstorage.py for tasks to queue
[2025-12-27T15:08:17.006+0000] {logging_mixin.py:188} INFO - [2025-12-27T15:08:17.006+0000] {dagbag.py:545} INFO - Filling up the DagBag from /usr/local/lib/python3.11/site-packages/airflow/example_dags/tutorial_objectstorage.py
[2025-12-27T15:08:17.015+0000] {processor.py:840} INFO - DAG(s) 'tutorial_objectstorage' retrieved from /usr/local/lib/python3.11/site-packages/airflow/example_dags/tutorial_objectstorage.py
[2025-12-27T15:08:17.049+0000] {logging_mixin.py:188} INFO - [2025-12-27T15:08:17.048+0000] {dag.py:3096} INFO - Sync 1 DAGs
[2025-12-27T15:08:17.071+0000] {logging_mixin.py:188} INFO - [2025-12-27T15:08:17.070+0000] {dag.py:3954} INFO - Setting next_dagrun for tutorial_objectstorage to None, run_after=None
[2025-12-27T15:08:17.271+0000] {processor.py:183} INFO - Processing /usr/local/lib/python3.11/site-packages/airflow/example_dags/tutorial_objectstorage.py took 0.285 seconds
[2025-12-27T15:10:03.825+0000] {processor.py:161} INFO - Started process (PID=674) to work on /usr/local/lib/python3.11/site-packages/airflow/example_dags/tutorial_objectstorage.py
[2025-12-27T15:10:03.826+0000] {processor.py:830} INFO - Processing file /usr/local/lib/python3.11/site-packages/airflow/example_dags/tutorial_objectstorage.py for tasks to queue
[2025-12-27T15:10:03.829+0000] {logging_mixin.py:188} INFO - [2025-12-27T15:10:03.829+0000] {dagbag.py:545} INFO - Filling up the DagBag from /usr/local/lib/python3.11/site-packages/airflow/example_dags/tutorial_objectstorage.py
[2025-12-27T15:10:03.840+0000] {processor.py:840} INFO - DAG(s) 'tutorial_objectstorage' retrieved from /usr/local/lib/python3.11/site-packages/airflow/example_dags/tutorial_objectstorage.py
[2025-12-27T15:10:03.871+0000] {logging_mixin.py:188} INFO - [2025-12-27T15:10:03.871+0000] {dag.py:3096} INFO - Sync 1 DAGs
[2025-12-27T15:10:03.897+0000] {logging_mixin.py:188} INFO - [2025-12-27T15:10:03.897+0000] {dag.py:3954} INFO - Setting next_dagrun for tutorial_objectstorage to None, run_after=None
[2025-12-27T15:10:04.076+0000] {processor.py:183} INFO - Processing /usr/local/lib/python3.11/site-packages/airflow/example_dags/tutorial_objectstorage.py took 0.265 seconds
[2025-12-27T15:11:53.415+0000] {processor.py:161} INFO - Started process (PID=742) to work on /usr/local/lib/python3.11/site-packages/airflow/example_dags/tutorial_objectstorage.py
[2025-12-27T15:11:53.417+0000] {processor.py:830} INFO - Processing file /usr/local/lib/python3.11/site-packages/airflow/example_dags/tutorial_objectstorage.py for tasks to queue
[2025-12-27T15:11:53.420+0000] {logging_mixin.py:188} INFO - [2025-12-27T15:11:53.420+0000] {dagbag.py:545} INFO - Filling up the DagBag from /usr/local/lib/python3.11/site-packages/airflow/example_dags/tutorial_objectstorage.py
[2025-12-27T15:11:53.429+0000] {processor.py:840} INFO - DAG(s) 'tutorial_objectstorage' retrieved from /usr/local/lib/python3.11/site-packages/airflow/example_dags/tutorial_objectstorage.py
[2025-12-27T15:11:53.468+0000] {logging_mixin.py:188} INFO - [2025-12-27T15:11:53.468+0000] {dag.py:3096} INFO - Sync 1 DAGs
[2025-12-27T15:11:53.492+0000] {logging_mixin.py:188} INFO - [2025-12-27T15:11:53.492+0000] {dag.py:3954} INFO - Setting next_dagrun for tutorial_objectstorage to None, run_after=None
[2025-12-27T15:11:53.663+0000] {processor.py:183} INFO - Processing /usr/local/lib/python3.11/site-packages/airflow/example_dags/tutorial_objectstorage.py took 0.274 seconds
[2025-12-27T15:13:26.957+0000] {processor.py:161} INFO - Started process (PID=805) to work on /usr/local/lib/python3.11/site-packages/airflow/example_dags/tutorial_objectstorage.py
[2025-12-27T15:13:26.958+0000] {processor.py:830} INFO - Processing file /usr/local/lib/python3.11/site-packages/airflow/example_dags/tutorial_objectstorage.py for tasks to queue
[2025-12-27T15:13:26.961+0000] {logging_mixin.py:188} INFO - [2025-12-27T15:13:26.960+0000] {dagbag.py:545} INFO - Filling up the DagBag from /usr/local/lib/python3.11/site-packages/airflow/example_dags/tutorial_objectstorage.py
[2025-12-27T15:13:26.970+0000] {processor.py:840} INFO - DAG(s) 'tutorial_objectstorage' retrieved from /usr/local/lib/python3.11/site-packages/airflow/example_dags/tutorial_objectstorage.py
[2025-12-27T15:13:27.003+0000] {logging_mixin.py:188} INFO - [2025-12-27T15:13:27.003+0000] {dag.py:3096} INFO - Sync 1 DAGs
[2025-12-27T15:13:27.033+0000] {logging_mixin.py:188} INFO - [2025-12-27T15:13:27.033+0000] {dag.py:3954} INFO - Setting next_dagrun for tutorial_objectstorage to None, run_after=None
[2025-12-27T15:13:27.309+0000] {processor.py:183} INFO - Processing /usr/local/lib/python3.11/site-packages/airflow/example_dags/tutorial_objectstorage.py took 0.370 seconds
[2025-12-27T15:15:08.445+0000] {processor.py:161} INFO - Started process (PID=868) to work on /usr/local/lib/python3.11/site-packages/airflow/example_dags/tutorial_objectstorage.py
[2025-12-27T15:15:08.448+0000] {processor.py:830} INFO - Processing file /usr/local/lib/python3.11/site-packages/airflow/example_dags/tutorial_objectstorage.py for tasks to queue
[2025-12-27T15:15:08.450+0000] {logging_mixin.py:188} INFO - [2025-12-27T15:15:08.450+0000] {dagbag.py:545} INFO - Filling up the DagBag from /usr/local/lib/python3.11/site-packages/airflow/example_dags/tutorial_objectstorage.py
[2025-12-27T15:15:08.461+0000] {processor.py:840} INFO - DAG(s) 'tutorial_objectstorage' retrieved from /usr/local/lib/python3.11/site-packages/airflow/example_dags/tutorial_objectstorage.py
[2025-12-27T15:15:08.504+0000] {logging_mixin.py:188} INFO - [2025-12-27T15:15:08.504+0000] {dag.py:3096} INFO - Sync 1 DAGs
[2025-12-27T15:15:08.523+0000] {logging_mixin.py:188} INFO - [2025-12-27T15:15:08.523+0000] {dag.py:3954} INFO - Setting next_dagrun for tutorial_objectstorage to None, run_after=None
[2025-12-27T15:15:08.779+0000] {processor.py:183} INFO - Processing /usr/local/lib/python3.11/site-packages/airflow/example_dags/tutorial_objectstorage.py took 0.351 seconds
[2025-12-27T15:16:55.570+0000] {processor.py:161} INFO - Started process (PID=935) to work on /usr/local/lib/python3.11/site-packages/airflow/example_dags/tutorial_objectstorage.py
[2025-12-27T15:16:55.572+0000] {processor.py:830} INFO - Processing file /usr/local/lib/python3.11/site-packages/airflow/example_dags/tutorial_objectstorage.py for tasks to queue
[2025-12-27T15:16:55.574+0000] {logging_mixin.py:188} INFO - [2025-12-27T15:16:55.574+0000] {dagbag.py:545} INFO - Filling up the DagBag from /usr/local/lib/python3.11/site-packages/airflow/example_dags/tutorial_objectstorage.py
[2025-12-27T15:16:55.583+0000] {processor.py:840} INFO - DAG(s) 'tutorial_objectstorage' retrieved from /usr/local/lib/python3.11/site-packages/airflow/example_dags/tutorial_objectstorage.py
[2025-12-27T15:16:55.613+0000] {logging_mixin.py:188} INFO - [2025-12-27T15:16:55.613+0000] {dag.py:3096} INFO - Sync 1 DAGs
[2025-12-27T15:16:55.631+0000] {logging_mixin.py:188} INFO - [2025-12-27T15:16:55.631+0000] {dag.py:3954} INFO - Setting next_dagrun for tutorial_objectstorage to None, run_after=None
[2025-12-27T15:16:55.813+0000] {processor.py:183} INFO - Processing /usr/local/lib/python3.11/site-packages/airflow/example_dags/tutorial_objectstorage.py took 0.257 seconds
[2025-12-27T15:18:40.622+0000] {processor.py:161} INFO - Started process (PID=1002) to work on /usr/local/lib/python3.11/site-packages/airflow/example_dags/tutorial_objectstorage.py
[2025-12-27T15:18:40.623+0000] {processor.py:830} INFO - Processing file /usr/local/lib/python3.11/site-packages/airflow/example_dags/tutorial_objectstorage.py for tasks to queue
[2025-12-27T15:18:40.626+0000] {logging_mixin.py:188} INFO - [2025-12-27T15:18:40.625+0000] {dagbag.py:545} INFO - Filling up the DagBag from /usr/local/lib/python3.11/site-packages/airflow/example_dags/tutorial_objectstorage.py
[2025-12-27T15:18:40.637+0000] {processor.py:840} INFO - DAG(s) 'tutorial_objectstorage' retrieved from /usr/local/lib/python3.11/site-packages/airflow/example_dags/tutorial_objectstorage.py
[2025-12-27T15:18:40.669+0000] {logging_mixin.py:188} INFO - [2025-12-27T15:18:40.669+0000] {dag.py:3096} INFO - Sync 1 DAGs
[2025-12-27T15:18:40.695+0000] {logging_mixin.py:188} INFO - [2025-12-27T15:18:40.695+0000] {dag.py:3954} INFO - Setting next_dagrun for tutorial_objectstorage to None, run_after=None
[2025-12-27T15:18:40.907+0000] {processor.py:183} INFO - Processing /usr/local/lib/python3.11/site-packages/airflow/example_dags/tutorial_objectstorage.py took 0.301 seconds
[2025-12-27T15:20:25.678+0000] {processor.py:161} INFO - Started process (PID=1068) to work on /usr/local/lib/python3.11/site-packages/airflow/example_dags/tutorial_objectstorage.py
[2025-12-27T15:20:25.682+0000] {processor.py:830} INFO - Processing file /usr/local/lib/python3.11/site-packages/airflow/example_dags/tutorial_objectstorage.py for tasks to queue
[2025-12-27T15:20:25.688+0000] {logging_mixin.py:188} INFO - [2025-12-27T15:20:25.687+0000] {dagbag.py:545} INFO - Filling up the DagBag from /usr/local/lib/python3.11/site-packages/airflow/example_dags/tutorial_objectstorage.py
[2025-12-27T15:20:25.708+0000] {processor.py:840} INFO - DAG(s) 'tutorial_objectstorage' retrieved from /usr/local/lib/python3.11/site-packages/airflow/example_dags/tutorial_objectstorage.py
[2025-12-27T15:20:25.815+0000] {logging_mixin.py:188} INFO - [2025-12-27T15:20:25.815+0000] {dag.py:3096} INFO - Sync 1 DAGs
[2025-12-27T15:31:34.080+0000] {processor.py:161} INFO - Started process (PID=65) to work on /usr/local/lib/python3.11/site-packages/airflow/example_dags/tutorial_objectstorage.py
[2025-12-27T15:31:34.082+0000] {processor.py:830} INFO - Processing file /usr/local/lib/python3.11/site-packages/airflow/example_dags/tutorial_objectstorage.py for tasks to queue
[2025-12-27T15:31:34.084+0000] {logging_mixin.py:188} INFO - [2025-12-27T15:31:34.084+0000] {dagbag.py:545} INFO - Filling up the DagBag from /usr/local/lib/python3.11/site-packages/airflow/example_dags/tutorial_objectstorage.py
[2025-12-27T15:31:34.093+0000] {processor.py:840} INFO - DAG(s) 'tutorial_objectstorage' retrieved from /usr/local/lib/python3.11/site-packages/airflow/example_dags/tutorial_objectstorage.py
[2025-12-27T15:31:34.235+0000] {logging_mixin.py:188} INFO - [2025-12-27T15:31:34.235+0000] {dag.py:3096} INFO - Sync 1 DAGs
[2025-12-27T15:31:34.252+0000] {logging_mixin.py:188} INFO - [2025-12-27T15:31:34.252+0000] {dag.py:3954} INFO - Setting next_dagrun for tutorial_objectstorage to None, run_after=None
[2025-12-27T15:31:34.440+0000] {processor.py:183} INFO - Processing /usr/local/lib/python3.11/site-packages/airflow/example_dags/tutorial_objectstorage.py took 0.373 seconds
[2025-12-27T15:33:06.992+0000] {processor.py:161} INFO - Started process (PID=117) to work on /usr/local/lib/python3.11/site-packages/airflow/example_dags/tutorial_objectstorage.py
[2025-12-27T15:33:06.994+0000] {processor.py:830} INFO - Processing file /usr/local/lib/python3.11/site-packages/airflow/example_dags/tutorial_objectstorage.py for tasks to queue
[2025-12-27T15:33:06.997+0000] {logging_mixin.py:188} INFO - [2025-12-27T15:33:06.996+0000] {dagbag.py:545} INFO - Filling up the DagBag from /usr/local/lib/python3.11/site-packages/airflow/example_dags/tutorial_objectstorage.py
[2025-12-27T15:33:07.011+0000] {processor.py:840} INFO - DAG(s) 'tutorial_objectstorage' retrieved from /usr/local/lib/python3.11/site-packages/airflow/example_dags/tutorial_objectstorage.py
[2025-12-27T15:33:07.058+0000] {logging_mixin.py:188} INFO - [2025-12-27T15:33:07.058+0000] {dag.py:3096} INFO - Sync 1 DAGs
[2025-12-27T15:33:07.088+0000] {logging_mixin.py:188} INFO - [2025-12-27T15:33:07.088+0000] {dag.py:3954} INFO - Setting next_dagrun for tutorial_objectstorage to None, run_after=None
[2025-12-27T15:33:07.266+0000] {processor.py:183} INFO - Processing /usr/local/lib/python3.11/site-packages/airflow/example_dags/tutorial_objectstorage.py took 0.293 seconds
[2025-12-27T15:34:43.292+0000] {processor.py:161} INFO - Started process (PID=182) to work on /usr/local/lib/python3.11/site-packages/airflow/example_dags/tutorial_objectstorage.py
[2025-12-27T15:34:43.306+0000] {processor.py:830} INFO - Processing file /usr/local/lib/python3.11/site-packages/airflow/example_dags/tutorial_objectstorage.py for tasks to queue
[2025-12-27T15:34:43.312+0000] {logging_mixin.py:188} INFO - [2025-12-27T15:34:43.311+0000] {dagbag.py:545} INFO - Filling up the DagBag from /usr/local/lib/python3.11/site-packages/airflow/example_dags/tutorial_objectstorage.py
[2025-12-27T15:34:43.327+0000] {processor.py:840} INFO - DAG(s) 'tutorial_objectstorage' retrieved from /usr/local/lib/python3.11/site-packages/airflow/example_dags/tutorial_objectstorage.py
[2025-12-27T15:34:43.362+0000] {logging_mixin.py:188} INFO - [2025-12-27T15:34:43.362+0000] {dag.py:3096} INFO - Sync 1 DAGs
[2025-12-27T15:34:43.381+0000] {logging_mixin.py:188} INFO - [2025-12-27T15:34:43.381+0000] {dag.py:3954} INFO - Setting next_dagrun for tutorial_objectstorage to None, run_after=None
[2025-12-27T15:34:43.880+0000] {processor.py:183} INFO - Processing /usr/local/lib/python3.11/site-packages/airflow/example_dags/tutorial_objectstorage.py took 0.619 seconds
[2025-12-27T15:36:14.372+0000] {processor.py:161} INFO - Started process (PID=245) to work on /usr/local/lib/python3.11/site-packages/airflow/example_dags/tutorial_objectstorage.py
[2025-12-27T15:36:14.373+0000] {processor.py:830} INFO - Processing file /usr/local/lib/python3.11/site-packages/airflow/example_dags/tutorial_objectstorage.py for tasks to queue
[2025-12-27T15:36:14.376+0000] {logging_mixin.py:188} INFO - [2025-12-27T15:36:14.375+0000] {dagbag.py:545} INFO - Filling up the DagBag from /usr/local/lib/python3.11/site-packages/airflow/example_dags/tutorial_objectstorage.py
[2025-12-27T15:36:14.384+0000] {processor.py:840} INFO - DAG(s) 'tutorial_objectstorage' retrieved from /usr/local/lib/python3.11/site-packages/airflow/example_dags/tutorial_objectstorage.py
[2025-12-27T15:36:14.418+0000] {logging_mixin.py:188} INFO - [2025-12-27T15:36:14.418+0000] {dag.py:3096} INFO - Sync 1 DAGs
[2025-12-27T15:36:14.436+0000] {logging_mixin.py:188} INFO - [2025-12-27T15:36:14.436+0000] {dag.py:3954} INFO - Setting next_dagrun for tutorial_objectstorage to None, run_after=None
[2025-12-27T15:36:14.672+0000] {processor.py:183} INFO - Processing /usr/local/lib/python3.11/site-packages/airflow/example_dags/tutorial_objectstorage.py took 0.314 seconds
[2025-12-27T15:37:50.207+0000] {processor.py:161} INFO - Started process (PID=309) to work on /usr/local/lib/python3.11/site-packages/airflow/example_dags/tutorial_objectstorage.py
[2025-12-27T15:37:50.208+0000] {processor.py:830} INFO - Processing file /usr/local/lib/python3.11/site-packages/airflow/example_dags/tutorial_objectstorage.py for tasks to queue
[2025-12-27T15:37:50.210+0000] {logging_mixin.py:188} INFO - [2025-12-27T15:37:50.210+0000] {dagbag.py:545} INFO - Filling up the DagBag from /usr/local/lib/python3.11/site-packages/airflow/example_dags/tutorial_objectstorage.py
[2025-12-27T15:37:50.219+0000] {processor.py:840} INFO - DAG(s) 'tutorial_objectstorage' retrieved from /usr/local/lib/python3.11/site-packages/airflow/example_dags/tutorial_objectstorage.py
[2025-12-27T15:37:50.253+0000] {logging_mixin.py:188} INFO - [2025-12-27T15:37:50.253+0000] {dag.py:3096} INFO - Sync 1 DAGs
[2025-12-27T15:37:50.271+0000] {logging_mixin.py:188} INFO - [2025-12-27T15:37:50.271+0000] {dag.py:3954} INFO - Setting next_dagrun for tutorial_objectstorage to None, run_after=None
[2025-12-27T15:37:50.475+0000] {processor.py:183} INFO - Processing /usr/local/lib/python3.11/site-packages/airflow/example_dags/tutorial_objectstorage.py took 0.282 seconds
[2025-12-27T15:39:24.303+0000] {processor.py:161} INFO - Started process (PID=371) to work on /usr/local/lib/python3.11/site-packages/airflow/example_dags/tutorial_objectstorage.py
[2025-12-27T15:39:24.304+0000] {processor.py:830} INFO - Processing file /usr/local/lib/python3.11/site-packages/airflow/example_dags/tutorial_objectstorage.py for tasks to queue
[2025-12-27T15:39:24.307+0000] {logging_mixin.py:188} INFO - [2025-12-27T15:39:24.307+0000] {dagbag.py:545} INFO - Filling up the DagBag from /usr/local/lib/python3.11/site-packages/airflow/example_dags/tutorial_objectstorage.py
[2025-12-27T15:39:24.318+0000] {processor.py:840} INFO - DAG(s) 'tutorial_objectstorage' retrieved from /usr/local/lib/python3.11/site-packages/airflow/example_dags/tutorial_objectstorage.py
[2025-12-27T15:39:24.355+0000] {logging_mixin.py:188} INFO - [2025-12-27T15:39:24.355+0000] {dag.py:3096} INFO - Sync 1 DAGs
[2025-12-27T15:39:24.385+0000] {logging_mixin.py:188} INFO - [2025-12-27T15:39:24.384+0000] {dag.py:3954} INFO - Setting next_dagrun for tutorial_objectstorage to None, run_after=None
[2025-12-27T15:39:24.666+0000] {processor.py:183} INFO - Processing /usr/local/lib/python3.11/site-packages/airflow/example_dags/tutorial_objectstorage.py took 0.380 seconds
[2025-12-27T15:41:11.424+0000] {processor.py:161} INFO - Started process (PID=436) to work on /usr/local/lib/python3.11/site-packages/airflow/example_dags/tutorial_objectstorage.py
[2025-12-27T15:41:11.426+0000] {processor.py:830} INFO - Processing file /usr/local/lib/python3.11/site-packages/airflow/example_dags/tutorial_objectstorage.py for tasks to queue
[2025-12-27T15:41:11.429+0000] {logging_mixin.py:188} INFO - [2025-12-27T15:41:11.429+0000] {dagbag.py:545} INFO - Filling up the DagBag from /usr/local/lib/python3.11/site-packages/airflow/example_dags/tutorial_objectstorage.py
[2025-12-27T15:41:11.441+0000] {processor.py:840} INFO - DAG(s) 'tutorial_objectstorage' retrieved from /usr/local/lib/python3.11/site-packages/airflow/example_dags/tutorial_objectstorage.py
[2025-12-27T15:41:11.475+0000] {logging_mixin.py:188} INFO - [2025-12-27T15:41:11.474+0000] {dag.py:3096} INFO - Sync 1 DAGs
[2025-12-27T15:41:11.499+0000] {logging_mixin.py:188} INFO - [2025-12-27T15:41:11.499+0000] {dag.py:3954} INFO - Setting next_dagrun for tutorial_objectstorage to None, run_after=None
[2025-12-27T15:41:11.705+0000] {processor.py:183} INFO - Processing /usr/local/lib/python3.11/site-packages/airflow/example_dags/tutorial_objectstorage.py took 0.302 seconds
[2025-12-27T15:44:31.423+0000] {processor.py:161} INFO - Started process (PID=69) to work on /usr/local/lib/python3.11/site-packages/airflow/example_dags/tutorial_objectstorage.py
[2025-12-27T15:44:31.426+0000] {processor.py:830} INFO - Processing file /usr/local/lib/python3.11/site-packages/airflow/example_dags/tutorial_objectstorage.py for tasks to queue
[2025-12-27T15:44:31.431+0000] {logging_mixin.py:188} INFO - [2025-12-27T15:44:31.430+0000] {dagbag.py:545} INFO - Filling up the DagBag from /usr/local/lib/python3.11/site-packages/airflow/example_dags/tutorial_objectstorage.py
[2025-12-27T15:44:31.453+0000] {processor.py:840} INFO - DAG(s) 'tutorial_objectstorage' retrieved from /usr/local/lib/python3.11/site-packages/airflow/example_dags/tutorial_objectstorage.py
[2025-12-27T15:44:31.608+0000] {logging_mixin.py:188} INFO - [2025-12-27T15:44:31.608+0000] {dag.py:3096} INFO - Sync 1 DAGs
[2025-12-27T15:44:31.624+0000] {logging_mixin.py:188} INFO - [2025-12-27T15:44:31.624+0000] {dag.py:3954} INFO - Setting next_dagrun for tutorial_objectstorage to None, run_after=None
[2025-12-27T15:44:31.904+0000] {processor.py:183} INFO - Processing /usr/local/lib/python3.11/site-packages/airflow/example_dags/tutorial_objectstorage.py took 0.526 seconds
[2025-12-27T15:46:14.592+0000] {processor.py:161} INFO - Started process (PID=132) to work on /usr/local/lib/python3.11/site-packages/airflow/example_dags/tutorial_objectstorage.py
[2025-12-27T15:46:14.594+0000] {processor.py:830} INFO - Processing file /usr/local/lib/python3.11/site-packages/airflow/example_dags/tutorial_objectstorage.py for tasks to queue
[2025-12-27T15:46:14.597+0000] {logging_mixin.py:188} INFO - [2025-12-27T15:46:14.596+0000] {dagbag.py:545} INFO - Filling up the DagBag from /usr/local/lib/python3.11/site-packages/airflow/example_dags/tutorial_objectstorage.py
[2025-12-27T15:46:14.607+0000] {processor.py:840} INFO - DAG(s) 'tutorial_objectstorage' retrieved from /usr/local/lib/python3.11/site-packages/airflow/example_dags/tutorial_objectstorage.py
[2025-12-27T15:46:14.651+0000] {logging_mixin.py:188} INFO - [2025-12-27T15:46:14.651+0000] {dag.py:3096} INFO - Sync 1 DAGs
[2025-12-27T15:46:14.668+0000] {logging_mixin.py:188} INFO - [2025-12-27T15:46:14.668+0000] {dag.py:3954} INFO - Setting next_dagrun for tutorial_objectstorage to None, run_after=None
[2025-12-27T15:46:15.541+0000] {processor.py:183} INFO - Processing /usr/local/lib/python3.11/site-packages/airflow/example_dags/tutorial_objectstorage.py took 0.968 seconds
[2025-12-27T15:47:55.967+0000] {processor.py:161} INFO - Started process (PID=233) to work on /usr/local/lib/python3.11/site-packages/airflow/example_dags/tutorial_objectstorage.py
[2025-12-27T15:47:55.968+0000] {processor.py:830} INFO - Processing file /usr/local/lib/python3.11/site-packages/airflow/example_dags/tutorial_objectstorage.py for tasks to queue
[2025-12-27T15:47:55.970+0000] {logging_mixin.py:188} INFO - [2025-12-27T15:47:55.970+0000] {dagbag.py:545} INFO - Filling up the DagBag from /usr/local/lib/python3.11/site-packages/airflow/example_dags/tutorial_objectstorage.py
[2025-12-27T15:47:55.978+0000] {processor.py:840} INFO - DAG(s) 'tutorial_objectstorage' retrieved from /usr/local/lib/python3.11/site-packages/airflow/example_dags/tutorial_objectstorage.py
[2025-12-27T15:47:56.010+0000] {logging_mixin.py:188} INFO - [2025-12-27T15:47:56.010+0000] {dag.py:3096} INFO - Sync 1 DAGs
[2025-12-27T15:47:56.029+0000] {logging_mixin.py:188} INFO - [2025-12-27T15:47:56.029+0000] {dag.py:3954} INFO - Setting next_dagrun for tutorial_objectstorage to None, run_after=None
[2025-12-27T15:47:56.231+0000] {processor.py:183} INFO - Processing /usr/local/lib/python3.11/site-packages/airflow/example_dags/tutorial_objectstorage.py took 0.278 seconds
[2025-12-27T15:49:23.630+0000] {processor.py:161} INFO - Started process (PID=298) to work on /usr/local/lib/python3.11/site-packages/airflow/example_dags/tutorial_objectstorage.py
[2025-12-27T15:49:23.632+0000] {processor.py:830} INFO - Processing file /usr/local/lib/python3.11/site-packages/airflow/example_dags/tutorial_objectstorage.py for tasks to queue
[2025-12-27T15:49:23.634+0000] {logging_mixin.py:188} INFO - [2025-12-27T15:49:23.634+0000] {dagbag.py:545} INFO - Filling up the DagBag from /usr/local/lib/python3.11/site-packages/airflow/example_dags/tutorial_objectstorage.py
[2025-12-27T15:49:23.645+0000] {processor.py:840} INFO - DAG(s) 'tutorial_objectstorage' retrieved from /usr/local/lib/python3.11/site-packages/airflow/example_dags/tutorial_objectstorage.py
[2025-12-27T15:49:23.681+0000] {logging_mixin.py:188} INFO - [2025-12-27T15:49:23.680+0000] {dag.py:3096} INFO - Sync 1 DAGs
[2025-12-27T15:49:23.699+0000] {logging_mixin.py:188} INFO - [2025-12-27T15:49:23.699+0000] {dag.py:3954} INFO - Setting next_dagrun for tutorial_objectstorage to None, run_after=None
[2025-12-27T15:49:23.950+0000] {processor.py:183} INFO - Processing /usr/local/lib/python3.11/site-packages/airflow/example_dags/tutorial_objectstorage.py took 0.335 seconds
[2025-12-27T15:51:00.713+0000] {processor.py:161} INFO - Started process (PID=377) to work on /usr/local/lib/python3.11/site-packages/airflow/example_dags/tutorial_objectstorage.py
[2025-12-27T15:51:00.714+0000] {processor.py:830} INFO - Processing file /usr/local/lib/python3.11/site-packages/airflow/example_dags/tutorial_objectstorage.py for tasks to queue
[2025-12-27T15:51:00.717+0000] {logging_mixin.py:188} INFO - [2025-12-27T15:51:00.716+0000] {dagbag.py:545} INFO - Filling up the DagBag from /usr/local/lib/python3.11/site-packages/airflow/example_dags/tutorial_objectstorage.py
[2025-12-27T15:51:00.726+0000] {processor.py:840} INFO - DAG(s) 'tutorial_objectstorage' retrieved from /usr/local/lib/python3.11/site-packages/airflow/example_dags/tutorial_objectstorage.py
[2025-12-27T15:51:00.755+0000] {logging_mixin.py:188} INFO - [2025-12-27T15:51:00.755+0000] {dag.py:3096} INFO - Sync 1 DAGs
[2025-12-27T15:51:00.778+0000] {logging_mixin.py:188} INFO - [2025-12-27T15:51:00.777+0000] {dag.py:3954} INFO - Setting next_dagrun for tutorial_objectstorage to None, run_after=None
[2025-12-27T15:51:01.118+0000] {processor.py:183} INFO - Processing /usr/local/lib/python3.11/site-packages/airflow/example_dags/tutorial_objectstorage.py took 0.422 seconds
[2025-12-27T15:52:31.830+0000] {processor.py:161} INFO - Started process (PID=457) to work on /usr/local/lib/python3.11/site-packages/airflow/example_dags/tutorial_objectstorage.py
[2025-12-27T15:52:31.851+0000] {processor.py:830} INFO - Processing file /usr/local/lib/python3.11/site-packages/airflow/example_dags/tutorial_objectstorage.py for tasks to queue
[2025-12-27T15:52:31.854+0000] {logging_mixin.py:188} INFO - [2025-12-27T15:52:31.854+0000] {dagbag.py:545} INFO - Filling up the DagBag from /usr/local/lib/python3.11/site-packages/airflow/example_dags/tutorial_objectstorage.py
[2025-12-27T15:52:31.885+0000] {processor.py:840} INFO - DAG(s) 'tutorial_objectstorage' retrieved from /usr/local/lib/python3.11/site-packages/airflow/example_dags/tutorial_objectstorage.py
[2025-12-27T15:52:31.981+0000] {logging_mixin.py:188} INFO - [2025-12-27T15:52:31.981+0000] {dag.py:3096} INFO - Sync 1 DAGs
[2025-12-27T15:52:32.015+0000] {logging_mixin.py:188} INFO - [2025-12-27T15:52:32.015+0000] {dag.py:3954} INFO - Setting next_dagrun for tutorial_objectstorage to None, run_after=None
[2025-12-27T15:52:32.542+0000] {processor.py:183} INFO - Processing /usr/local/lib/python3.11/site-packages/airflow/example_dags/tutorial_objectstorage.py took 0.747 seconds
[2025-12-27T15:54:04.678+0000] {processor.py:161} INFO - Started process (PID=521) to work on /usr/local/lib/python3.11/site-packages/airflow/example_dags/tutorial_objectstorage.py
[2025-12-27T15:54:04.679+0000] {processor.py:830} INFO - Processing file /usr/local/lib/python3.11/site-packages/airflow/example_dags/tutorial_objectstorage.py for tasks to queue
[2025-12-27T15:54:04.683+0000] {logging_mixin.py:188} INFO - [2025-12-27T15:54:04.682+0000] {dagbag.py:545} INFO - Filling up the DagBag from /usr/local/lib/python3.11/site-packages/airflow/example_dags/tutorial_objectstorage.py
[2025-12-27T15:54:04.698+0000] {processor.py:840} INFO - DAG(s) 'tutorial_objectstorage' retrieved from /usr/local/lib/python3.11/site-packages/airflow/example_dags/tutorial_objectstorage.py
[2025-12-27T15:54:04.739+0000] {logging_mixin.py:188} INFO - [2025-12-27T15:54:04.738+0000] {dag.py:3096} INFO - Sync 1 DAGs
[2025-12-27T15:54:04.760+0000] {logging_mixin.py:188} INFO - [2025-12-27T15:54:04.760+0000] {dag.py:3954} INFO - Setting next_dagrun for tutorial_objectstorage to None, run_after=None
[2025-12-27T15:54:04.997+0000] {processor.py:183} INFO - Processing /usr/local/lib/python3.11/site-packages/airflow/example_dags/tutorial_objectstorage.py took 0.339 seconds
[2025-12-27T15:55:34.953+0000] {processor.py:161} INFO - Started process (PID=591) to work on /usr/local/lib/python3.11/site-packages/airflow/example_dags/tutorial_objectstorage.py
[2025-12-27T15:55:34.954+0000] {processor.py:830} INFO - Processing file /usr/local/lib/python3.11/site-packages/airflow/example_dags/tutorial_objectstorage.py for tasks to queue
[2025-12-27T15:55:34.957+0000] {logging_mixin.py:188} INFO - [2025-12-27T15:55:34.956+0000] {dagbag.py:545} INFO - Filling up the DagBag from /usr/local/lib/python3.11/site-packages/airflow/example_dags/tutorial_objectstorage.py
[2025-12-27T15:55:34.978+0000] {processor.py:840} INFO - DAG(s) 'tutorial_objectstorage' retrieved from /usr/local/lib/python3.11/site-packages/airflow/example_dags/tutorial_objectstorage.py
[2025-12-27T15:55:35.085+0000] {logging_mixin.py:188} INFO - [2025-12-27T15:55:35.084+0000] {dag.py:3096} INFO - Sync 1 DAGs
[2025-12-27T15:55:35.130+0000] {logging_mixin.py:188} INFO - [2025-12-27T15:55:35.129+0000] {dag.py:3954} INFO - Setting next_dagrun for tutorial_objectstorage to None, run_after=None
[2025-12-27T15:55:35.343+0000] {processor.py:183} INFO - Processing /usr/local/lib/python3.11/site-packages/airflow/example_dags/tutorial_objectstorage.py took 0.430 seconds
[2025-12-27T15:57:08.521+0000] {processor.py:161} INFO - Started process (PID=659) to work on /usr/local/lib/python3.11/site-packages/airflow/example_dags/tutorial_objectstorage.py
[2025-12-27T15:57:08.522+0000] {processor.py:830} INFO - Processing file /usr/local/lib/python3.11/site-packages/airflow/example_dags/tutorial_objectstorage.py for tasks to queue
[2025-12-27T15:57:08.525+0000] {logging_mixin.py:188} INFO - [2025-12-27T15:57:08.524+0000] {dagbag.py:545} INFO - Filling up the DagBag from /usr/local/lib/python3.11/site-packages/airflow/example_dags/tutorial_objectstorage.py
[2025-12-27T15:57:08.533+0000] {processor.py:840} INFO - DAG(s) 'tutorial_objectstorage' retrieved from /usr/local/lib/python3.11/site-packages/airflow/example_dags/tutorial_objectstorage.py
[2025-12-27T15:57:08.560+0000] {logging_mixin.py:188} INFO - [2025-12-27T15:57:08.560+0000] {dag.py:3096} INFO - Sync 1 DAGs
[2025-12-27T15:57:08.581+0000] {logging_mixin.py:188} INFO - [2025-12-27T15:57:08.580+0000] {dag.py:3954} INFO - Setting next_dagrun for tutorial_objectstorage to None, run_after=None
[2025-12-27T15:57:08.840+0000] {processor.py:183} INFO - Processing /usr/local/lib/python3.11/site-packages/airflow/example_dags/tutorial_objectstorage.py took 0.337 seconds
[2025-12-27T15:58:38.781+0000] {processor.py:161} INFO - Started process (PID=722) to work on /usr/local/lib/python3.11/site-packages/airflow/example_dags/tutorial_objectstorage.py
[2025-12-27T15:58:38.782+0000] {processor.py:830} INFO - Processing file /usr/local/lib/python3.11/site-packages/airflow/example_dags/tutorial_objectstorage.py for tasks to queue
[2025-12-27T15:58:38.786+0000] {logging_mixin.py:188} INFO - [2025-12-27T15:58:38.785+0000] {dagbag.py:545} INFO - Filling up the DagBag from /usr/local/lib/python3.11/site-packages/airflow/example_dags/tutorial_objectstorage.py
[2025-12-27T15:58:38.797+0000] {processor.py:840} INFO - DAG(s) 'tutorial_objectstorage' retrieved from /usr/local/lib/python3.11/site-packages/airflow/example_dags/tutorial_objectstorage.py
[2025-12-27T15:58:38.832+0000] {logging_mixin.py:188} INFO - [2025-12-27T15:58:38.832+0000] {dag.py:3096} INFO - Sync 1 DAGs
[2025-12-27T15:58:38.851+0000] {logging_mixin.py:188} INFO - [2025-12-27T15:58:38.850+0000] {dag.py:3954} INFO - Setting next_dagrun for tutorial_objectstorage to None, run_after=None
[2025-12-27T15:58:39.083+0000] {processor.py:183} INFO - Processing /usr/local/lib/python3.11/site-packages/airflow/example_dags/tutorial_objectstorage.py took 0.320 seconds
[2025-12-27T16:00:32.581+0000] {processor.py:161} INFO - Started process (PID=790) to work on /usr/local/lib/python3.11/site-packages/airflow/example_dags/tutorial_objectstorage.py
[2025-12-27T16:00:32.583+0000] {processor.py:830} INFO - Processing file /usr/local/lib/python3.11/site-packages/airflow/example_dags/tutorial_objectstorage.py for tasks to queue
[2025-12-27T16:00:32.586+0000] {logging_mixin.py:188} INFO - [2025-12-27T16:00:32.586+0000] {dagbag.py:545} INFO - Filling up the DagBag from /usr/local/lib/python3.11/site-packages/airflow/example_dags/tutorial_objectstorage.py
[2025-12-27T16:00:32.599+0000] {processor.py:840} INFO - DAG(s) 'tutorial_objectstorage' retrieved from /usr/local/lib/python3.11/site-packages/airflow/example_dags/tutorial_objectstorage.py
[2025-12-27T16:00:32.643+0000] {logging_mixin.py:188} INFO - [2025-12-27T16:00:32.643+0000] {dag.py:3096} INFO - Sync 1 DAGs
[2025-12-27T16:00:32.673+0000] {logging_mixin.py:188} INFO - [2025-12-27T16:00:32.672+0000] {dag.py:3954} INFO - Setting next_dagrun for tutorial_objectstorage to None, run_after=None
[2025-12-27T16:00:32.874+0000] {processor.py:183} INFO - Processing /usr/local/lib/python3.11/site-packages/airflow/example_dags/tutorial_objectstorage.py took 0.310 seconds
[2025-12-27T21:00:35.999+0000] {processor.py:161} INFO - Started process (PID=70) to work on /usr/local/lib/python3.11/site-packages/airflow/example_dags/tutorial_objectstorage.py
[2025-12-27T21:00:36.047+0000] {processor.py:830} INFO - Processing file /usr/local/lib/python3.11/site-packages/airflow/example_dags/tutorial_objectstorage.py for tasks to queue
[2025-12-27T21:00:36.050+0000] {logging_mixin.py:188} INFO - [2025-12-27T21:00:36.050+0000] {dagbag.py:545} INFO - Filling up the DagBag from /usr/local/lib/python3.11/site-packages/airflow/example_dags/tutorial_objectstorage.py
[2025-12-27T21:00:36.062+0000] {processor.py:840} INFO - DAG(s) 'tutorial_objectstorage' retrieved from /usr/local/lib/python3.11/site-packages/airflow/example_dags/tutorial_objectstorage.py
[2025-12-27T21:00:36.214+0000] {logging_mixin.py:188} INFO - [2025-12-27T21:00:36.214+0000] {dag.py:3096} INFO - Sync 1 DAGs
[2025-12-27T21:00:36.235+0000] {logging_mixin.py:188} INFO - [2025-12-27T21:00:36.235+0000] {dag.py:3954} INFO - Setting next_dagrun for tutorial_objectstorage to None, run_after=None
[2025-12-27T21:00:36.429+0000] {processor.py:183} INFO - Processing /usr/local/lib/python3.11/site-packages/airflow/example_dags/tutorial_objectstorage.py took 0.442 seconds
[2025-12-27T21:02:05.433+0000] {processor.py:161} INFO - Started process (PID=132) to work on /usr/local/lib/python3.11/site-packages/airflow/example_dags/tutorial_objectstorage.py
[2025-12-27T21:02:05.434+0000] {processor.py:830} INFO - Processing file /usr/local/lib/python3.11/site-packages/airflow/example_dags/tutorial_objectstorage.py for tasks to queue
[2025-12-27T21:02:05.435+0000] {logging_mixin.py:188} INFO - [2025-12-27T21:02:05.435+0000] {dagbag.py:545} INFO - Filling up the DagBag from /usr/local/lib/python3.11/site-packages/airflow/example_dags/tutorial_objectstorage.py
[2025-12-27T21:02:05.444+0000] {processor.py:840} INFO - DAG(s) 'tutorial_objectstorage' retrieved from /usr/local/lib/python3.11/site-packages/airflow/example_dags/tutorial_objectstorage.py
[2025-12-27T21:02:05.490+0000] {logging_mixin.py:188} INFO - [2025-12-27T21:02:05.490+0000] {dag.py:3096} INFO - Sync 1 DAGs
[2025-12-27T21:02:05.521+0000] {logging_mixin.py:188} INFO - [2025-12-27T21:02:05.520+0000] {dag.py:3954} INFO - Setting next_dagrun for tutorial_objectstorage to None, run_after=None
[2025-12-27T21:02:05.747+0000] {processor.py:183} INFO - Processing /usr/local/lib/python3.11/site-packages/airflow/example_dags/tutorial_objectstorage.py took 0.327 seconds
[2025-12-27T21:03:32.693+0000] {processor.py:161} INFO - Started process (PID=194) to work on /usr/local/lib/python3.11/site-packages/airflow/example_dags/tutorial_objectstorage.py
[2025-12-27T21:03:32.695+0000] {processor.py:830} INFO - Processing file /usr/local/lib/python3.11/site-packages/airflow/example_dags/tutorial_objectstorage.py for tasks to queue
[2025-12-27T21:03:32.696+0000] {logging_mixin.py:188} INFO - [2025-12-27T21:03:32.696+0000] {dagbag.py:545} INFO - Filling up the DagBag from /usr/local/lib/python3.11/site-packages/airflow/example_dags/tutorial_objectstorage.py
[2025-12-27T21:03:32.707+0000] {processor.py:840} INFO - DAG(s) 'tutorial_objectstorage' retrieved from /usr/local/lib/python3.11/site-packages/airflow/example_dags/tutorial_objectstorage.py
[2025-12-27T21:03:32.742+0000] {logging_mixin.py:188} INFO - [2025-12-27T21:03:32.742+0000] {dag.py:3096} INFO - Sync 1 DAGs
[2025-12-27T21:03:32.792+0000] {logging_mixin.py:188} INFO - [2025-12-27T21:03:32.791+0000] {dag.py:3954} INFO - Setting next_dagrun for tutorial_objectstorage to None, run_after=None
[2025-12-27T21:03:33.003+0000] {processor.py:183} INFO - Processing /usr/local/lib/python3.11/site-packages/airflow/example_dags/tutorial_objectstorage.py took 0.332 seconds
[2025-12-27T21:05:07.842+0000] {processor.py:161} INFO - Started process (PID=257) to work on /usr/local/lib/python3.11/site-packages/airflow/example_dags/tutorial_objectstorage.py
[2025-12-27T21:05:07.843+0000] {processor.py:830} INFO - Processing file /usr/local/lib/python3.11/site-packages/airflow/example_dags/tutorial_objectstorage.py for tasks to queue
[2025-12-27T21:05:07.844+0000] {logging_mixin.py:188} INFO - [2025-12-27T21:05:07.843+0000] {dagbag.py:545} INFO - Filling up the DagBag from /usr/local/lib/python3.11/site-packages/airflow/example_dags/tutorial_objectstorage.py
[2025-12-27T21:05:07.858+0000] {processor.py:840} INFO - DAG(s) 'tutorial_objectstorage' retrieved from /usr/local/lib/python3.11/site-packages/airflow/example_dags/tutorial_objectstorage.py
[2025-12-27T21:05:07.896+0000] {logging_mixin.py:188} INFO - [2025-12-27T21:05:07.896+0000] {dag.py:3096} INFO - Sync 1 DAGs
[2025-12-27T21:05:07.928+0000] {logging_mixin.py:188} INFO - [2025-12-27T21:05:07.927+0000] {dag.py:3954} INFO - Setting next_dagrun for tutorial_objectstorage to None, run_after=None
[2025-12-27T21:05:08.163+0000] {processor.py:183} INFO - Processing /usr/local/lib/python3.11/site-packages/airflow/example_dags/tutorial_objectstorage.py took 0.335 seconds
[2025-12-27T21:07:03.862+0000] {processor.py:161} INFO - Started process (PID=325) to work on /usr/local/lib/python3.11/site-packages/airflow/example_dags/tutorial_objectstorage.py
[2025-12-27T21:07:03.864+0000] {processor.py:830} INFO - Processing file /usr/local/lib/python3.11/site-packages/airflow/example_dags/tutorial_objectstorage.py for tasks to queue
[2025-12-27T21:07:03.866+0000] {logging_mixin.py:188} INFO - [2025-12-27T21:07:03.865+0000] {dagbag.py:545} INFO - Filling up the DagBag from /usr/local/lib/python3.11/site-packages/airflow/example_dags/tutorial_objectstorage.py
[2025-12-27T21:07:03.887+0000] {processor.py:840} INFO - DAG(s) 'tutorial_objectstorage' retrieved from /usr/local/lib/python3.11/site-packages/airflow/example_dags/tutorial_objectstorage.py
[2025-12-27T21:07:03.992+0000] {logging_mixin.py:188} INFO - [2025-12-27T21:07:03.992+0000] {dag.py:3096} INFO - Sync 1 DAGs
[2025-12-27T21:07:04.030+0000] {logging_mixin.py:188} INFO - [2025-12-27T21:07:04.030+0000] {dag.py:3954} INFO - Setting next_dagrun for tutorial_objectstorage to None, run_after=None
[2025-12-27T21:07:04.639+0000] {processor.py:183} INFO - Processing /usr/local/lib/python3.11/site-packages/airflow/example_dags/tutorial_objectstorage.py took 0.805 seconds
[2025-12-27T21:20:05.362+0000] {processor.py:161} INFO - Started process (PID=65) to work on /usr/local/lib/python3.11/site-packages/airflow/example_dags/tutorial_objectstorage.py
[2025-12-27T21:20:05.364+0000] {processor.py:830} INFO - Processing file /usr/local/lib/python3.11/site-packages/airflow/example_dags/tutorial_objectstorage.py for tasks to queue
[2025-12-27T21:20:05.367+0000] {logging_mixin.py:188} INFO - [2025-12-27T21:20:05.366+0000] {dagbag.py:545} INFO - Filling up the DagBag from /usr/local/lib/python3.11/site-packages/airflow/example_dags/tutorial_objectstorage.py
[2025-12-27T21:20:05.375+0000] {processor.py:840} INFO - DAG(s) 'tutorial_objectstorage' retrieved from /usr/local/lib/python3.11/site-packages/airflow/example_dags/tutorial_objectstorage.py
[2025-12-27T21:20:05.545+0000] {logging_mixin.py:188} INFO - [2025-12-27T21:20:05.545+0000] {dag.py:3096} INFO - Sync 1 DAGs
[2025-12-27T21:20:05.560+0000] {logging_mixin.py:188} INFO - [2025-12-27T21:20:05.560+0000] {dag.py:3954} INFO - Setting next_dagrun for tutorial_objectstorage to None, run_after=None
[2025-12-27T21:20:05.753+0000] {processor.py:183} INFO - Processing /usr/local/lib/python3.11/site-packages/airflow/example_dags/tutorial_objectstorage.py took 0.405 seconds
[2025-12-27T21:21:48.629+0000] {processor.py:161} INFO - Started process (PID=139) to work on /usr/local/lib/python3.11/site-packages/airflow/example_dags/tutorial_objectstorage.py
[2025-12-27T21:21:48.630+0000] {processor.py:830} INFO - Processing file /usr/local/lib/python3.11/site-packages/airflow/example_dags/tutorial_objectstorage.py for tasks to queue
[2025-12-27T21:21:48.632+0000] {logging_mixin.py:188} INFO - [2025-12-27T21:21:48.632+0000] {dagbag.py:545} INFO - Filling up the DagBag from /usr/local/lib/python3.11/site-packages/airflow/example_dags/tutorial_objectstorage.py
[2025-12-27T21:21:48.642+0000] {processor.py:840} INFO - DAG(s) 'tutorial_objectstorage' retrieved from /usr/local/lib/python3.11/site-packages/airflow/example_dags/tutorial_objectstorage.py
[2025-12-27T21:21:48.672+0000] {logging_mixin.py:188} INFO - [2025-12-27T21:21:48.671+0000] {dag.py:3096} INFO - Sync 1 DAGs
[2025-12-27T21:21:48.690+0000] {logging_mixin.py:188} INFO - [2025-12-27T21:21:48.690+0000] {dag.py:3954} INFO - Setting next_dagrun for tutorial_objectstorage to None, run_after=None
[2025-12-27T21:21:48.889+0000] {processor.py:183} INFO - Processing /usr/local/lib/python3.11/site-packages/airflow/example_dags/tutorial_objectstorage.py took 0.276 seconds
[2025-12-27T21:23:23.274+0000] {processor.py:161} INFO - Started process (PID=203) to work on /usr/local/lib/python3.11/site-packages/airflow/example_dags/tutorial_objectstorage.py
[2025-12-27T21:23:23.275+0000] {processor.py:830} INFO - Processing file /usr/local/lib/python3.11/site-packages/airflow/example_dags/tutorial_objectstorage.py for tasks to queue
[2025-12-27T21:23:23.278+0000] {logging_mixin.py:188} INFO - [2025-12-27T21:23:23.278+0000] {dagbag.py:545} INFO - Filling up the DagBag from /usr/local/lib/python3.11/site-packages/airflow/example_dags/tutorial_objectstorage.py
[2025-12-27T21:23:23.287+0000] {processor.py:840} INFO - DAG(s) 'tutorial_objectstorage' retrieved from /usr/local/lib/python3.11/site-packages/airflow/example_dags/tutorial_objectstorage.py
[2025-12-27T21:23:23.327+0000] {logging_mixin.py:188} INFO - [2025-12-27T21:23:23.327+0000] {dag.py:3096} INFO - Sync 1 DAGs
[2025-12-27T21:23:23.346+0000] {logging_mixin.py:188} INFO - [2025-12-27T21:23:23.346+0000] {dag.py:3954} INFO - Setting next_dagrun for tutorial_objectstorage to None, run_after=None
[2025-12-27T21:23:23.542+0000] {processor.py:183} INFO - Processing /usr/local/lib/python3.11/site-packages/airflow/example_dags/tutorial_objectstorage.py took 0.285 seconds
[2025-12-27T21:24:58.721+0000] {processor.py:161} INFO - Started process (PID=266) to work on /usr/local/lib/python3.11/site-packages/airflow/example_dags/tutorial_objectstorage.py
[2025-12-27T21:24:58.722+0000] {processor.py:830} INFO - Processing file /usr/local/lib/python3.11/site-packages/airflow/example_dags/tutorial_objectstorage.py for tasks to queue
[2025-12-27T21:24:58.724+0000] {logging_mixin.py:188} INFO - [2025-12-27T21:24:58.724+0000] {dagbag.py:545} INFO - Filling up the DagBag from /usr/local/lib/python3.11/site-packages/airflow/example_dags/tutorial_objectstorage.py
[2025-12-27T21:24:58.733+0000] {processor.py:840} INFO - DAG(s) 'tutorial_objectstorage' retrieved from /usr/local/lib/python3.11/site-packages/airflow/example_dags/tutorial_objectstorage.py
[2025-12-27T21:24:58.764+0000] {logging_mixin.py:188} INFO - [2025-12-27T21:24:58.764+0000] {dag.py:3096} INFO - Sync 1 DAGs
[2025-12-27T21:24:58.781+0000] {logging_mixin.py:188} INFO - [2025-12-27T21:24:58.781+0000] {dag.py:3954} INFO - Setting next_dagrun for tutorial_objectstorage to None, run_after=None
[2025-12-27T21:24:58.959+0000] {processor.py:183} INFO - Processing /usr/local/lib/python3.11/site-packages/airflow/example_dags/tutorial_objectstorage.py took 0.255 seconds
[2025-12-27T21:26:44.750+0000] {processor.py:161} INFO - Started process (PID=346) to work on /usr/local/lib/python3.11/site-packages/airflow/example_dags/tutorial_objectstorage.py
[2025-12-27T21:26:44.752+0000] {processor.py:830} INFO - Processing file /usr/local/lib/python3.11/site-packages/airflow/example_dags/tutorial_objectstorage.py for tasks to queue
[2025-12-27T21:26:44.755+0000] {logging_mixin.py:188} INFO - [2025-12-27T21:26:44.754+0000] {dagbag.py:545} INFO - Filling up the DagBag from /usr/local/lib/python3.11/site-packages/airflow/example_dags/tutorial_objectstorage.py
[2025-12-27T21:26:44.767+0000] {processor.py:840} INFO - DAG(s) 'tutorial_objectstorage' retrieved from /usr/local/lib/python3.11/site-packages/airflow/example_dags/tutorial_objectstorage.py
[2025-12-27T21:26:44.804+0000] {logging_mixin.py:188} INFO - [2025-12-27T21:26:44.804+0000] {dag.py:3096} INFO - Sync 1 DAGs
[2025-12-27T21:26:44.828+0000] {logging_mixin.py:188} INFO - [2025-12-27T21:26:44.827+0000] {dag.py:3954} INFO - Setting next_dagrun for tutorial_objectstorage to None, run_after=None
[2025-12-27T21:26:45.129+0000] {processor.py:183} INFO - Processing /usr/local/lib/python3.11/site-packages/airflow/example_dags/tutorial_objectstorage.py took 0.407 seconds
[2025-12-27T21:28:13.743+0000] {processor.py:161} INFO - Started process (PID=614) to work on /usr/local/lib/python3.11/site-packages/airflow/example_dags/tutorial_objectstorage.py
[2025-12-27T21:28:13.747+0000] {processor.py:830} INFO - Processing file /usr/local/lib/python3.11/site-packages/airflow/example_dags/tutorial_objectstorage.py for tasks to queue
[2025-12-27T21:28:13.751+0000] {logging_mixin.py:188} INFO - [2025-12-27T21:28:13.750+0000] {dagbag.py:545} INFO - Filling up the DagBag from /usr/local/lib/python3.11/site-packages/airflow/example_dags/tutorial_objectstorage.py
[2025-12-27T21:28:13.767+0000] {processor.py:840} INFO - DAG(s) 'tutorial_objectstorage' retrieved from /usr/local/lib/python3.11/site-packages/airflow/example_dags/tutorial_objectstorage.py
[2025-12-27T21:28:13.821+0000] {logging_mixin.py:188} INFO - [2025-12-27T21:28:13.821+0000] {dag.py:3096} INFO - Sync 1 DAGs
[2025-12-27T21:28:13.856+0000] {logging_mixin.py:188} INFO - [2025-12-27T21:28:13.856+0000] {dag.py:3954} INFO - Setting next_dagrun for tutorial_objectstorage to None, run_after=None
[2025-12-27T21:28:14.292+0000] {processor.py:183} INFO - Processing /usr/local/lib/python3.11/site-packages/airflow/example_dags/tutorial_objectstorage.py took 0.577 seconds
[2025-12-27T21:33:08.477+0000] {processor.py:161} INFO - Started process (PID=66) to work on /usr/local/lib/python3.11/site-packages/airflow/example_dags/tutorial_objectstorage.py
[2025-12-27T21:33:08.478+0000] {processor.py:830} INFO - Processing file /usr/local/lib/python3.11/site-packages/airflow/example_dags/tutorial_objectstorage.py for tasks to queue
[2025-12-27T21:33:08.482+0000] {logging_mixin.py:188} INFO - [2025-12-27T21:33:08.481+0000] {dagbag.py:545} INFO - Filling up the DagBag from /usr/local/lib/python3.11/site-packages/airflow/example_dags/tutorial_objectstorage.py
[2025-12-27T21:33:08.492+0000] {processor.py:840} INFO - DAG(s) 'tutorial_objectstorage' retrieved from /usr/local/lib/python3.11/site-packages/airflow/example_dags/tutorial_objectstorage.py
[2025-12-27T21:33:08.766+0000] {logging_mixin.py:188} INFO - [2025-12-27T21:33:08.766+0000] {dag.py:3096} INFO - Sync 1 DAGs
[2025-12-27T21:33:08.785+0000] {logging_mixin.py:188} INFO - [2025-12-27T21:33:08.785+0000] {dag.py:3954} INFO - Setting next_dagrun for tutorial_objectstorage to None, run_after=None
[2025-12-27T21:33:09.003+0000] {processor.py:183} INFO - Processing /usr/local/lib/python3.11/site-packages/airflow/example_dags/tutorial_objectstorage.py took 0.541 seconds
