[2025-12-27T13:47:23.381+0000] {processor.py:161} INFO - Started process (PID=79) to work on /usr/local/lib/python3.11/site-packages/airflow/example_dags/tutorial.py
[2025-12-27T13:47:23.382+0000] {processor.py:830} INFO - Processing file /usr/local/lib/python3.11/site-packages/airflow/example_dags/tutorial.py for tasks to queue
[2025-12-27T13:47:23.385+0000] {logging_mixin.py:188} INFO - [2025-12-27T13:47:23.384+0000] {dagbag.py:545} INFO - Filling up the DagBag from /usr/local/lib/python3.11/site-packages/airflow/example_dags/tutorial.py
[2025-12-27T13:47:23.391+0000] {processor.py:840} INFO - DAG(s) 'tutorial' retrieved from /usr/local/lib/python3.11/site-packages/airflow/example_dags/tutorial.py
[2025-12-27T13:47:24.037+0000] {logging_mixin.py:188} INFO - [2025-12-27T13:47:24.035+0000] {override.py:1930} INFO - Created Permission View: can edit on DAG:tutorial
[2025-12-27T13:47:24.259+0000] {logging_mixin.py:188} INFO - [2025-12-27T13:47:24.258+0000] {override.py:1930} INFO - Created Permission View: can read on DAG:tutorial
[2025-12-27T13:47:24.617+0000] {logging_mixin.py:188} INFO - [2025-12-27T13:47:24.616+0000] {override.py:1930} INFO - Created Permission View: can delete on DAG:tutorial
[2025-12-27T13:47:24.619+0000] {logging_mixin.py:188} INFO - [2025-12-27T13:47:24.618+0000] {dag.py:3096} INFO - Sync 1 DAGs
[2025-12-27T13:47:24.650+0000] {logging_mixin.py:188} INFO - [2025-12-27T13:47:24.650+0000] {dag.py:3118} INFO - Creating ORM DAG for tutorial
[2025-12-27T13:47:24.671+0000] {logging_mixin.py:188} INFO - [2025-12-27T13:47:24.671+0000] {dag.py:3954} INFO - Setting next_dagrun for tutorial to 2025-12-26 00:00:00+00:00, run_after=2025-12-27 00:00:00+00:00
[2025-12-27T13:47:24.946+0000] {processor.py:183} INFO - Processing /usr/local/lib/python3.11/site-packages/airflow/example_dags/tutorial.py took 1.578 seconds
[2025-12-27T13:49:04.442+0000] {processor.py:161} INFO - Started process (PID=147) to work on /usr/local/lib/python3.11/site-packages/airflow/example_dags/tutorial.py
[2025-12-27T13:49:04.443+0000] {processor.py:830} INFO - Processing file /usr/local/lib/python3.11/site-packages/airflow/example_dags/tutorial.py for tasks to queue
[2025-12-27T13:49:04.446+0000] {logging_mixin.py:188} INFO - [2025-12-27T13:49:04.446+0000] {dagbag.py:545} INFO - Filling up the DagBag from /usr/local/lib/python3.11/site-packages/airflow/example_dags/tutorial.py
[2025-12-27T13:49:04.455+0000] {processor.py:840} INFO - DAG(s) 'tutorial' retrieved from /usr/local/lib/python3.11/site-packages/airflow/example_dags/tutorial.py
[2025-12-27T13:49:04.491+0000] {logging_mixin.py:188} INFO - [2025-12-27T13:49:04.491+0000] {dag.py:3096} INFO - Sync 1 DAGs
[2025-12-27T13:49:04.647+0000] {logging_mixin.py:188} INFO - [2025-12-27T13:49:04.647+0000] {dag.py:3954} INFO - Setting next_dagrun for tutorial to 2025-12-26 00:00:00+00:00, run_after=2025-12-27 00:00:00+00:00
[2025-12-27T13:49:04.994+0000] {processor.py:183} INFO - Processing /usr/local/lib/python3.11/site-packages/airflow/example_dags/tutorial.py took 0.568 seconds
[2025-12-27T13:50:39.928+0000] {processor.py:161} INFO - Started process (PID=212) to work on /usr/local/lib/python3.11/site-packages/airflow/example_dags/tutorial.py
[2025-12-27T13:50:39.930+0000] {processor.py:830} INFO - Processing file /usr/local/lib/python3.11/site-packages/airflow/example_dags/tutorial.py for tasks to queue
[2025-12-27T13:50:39.932+0000] {logging_mixin.py:188} INFO - [2025-12-27T13:50:39.932+0000] {dagbag.py:545} INFO - Filling up the DagBag from /usr/local/lib/python3.11/site-packages/airflow/example_dags/tutorial.py
[2025-12-27T13:50:39.939+0000] {processor.py:840} INFO - DAG(s) 'tutorial' retrieved from /usr/local/lib/python3.11/site-packages/airflow/example_dags/tutorial.py
[2025-12-27T13:50:39.970+0000] {logging_mixin.py:188} INFO - [2025-12-27T13:50:39.969+0000] {dag.py:3096} INFO - Sync 1 DAGs
[2025-12-27T13:50:40.015+0000] {logging_mixin.py:188} INFO - [2025-12-27T13:50:40.014+0000] {dag.py:3954} INFO - Setting next_dagrun for tutorial to 2025-12-26 00:00:00+00:00, run_after=2025-12-27 00:00:00+00:00
[2025-12-27T13:50:40.239+0000] {processor.py:183} INFO - Processing /usr/local/lib/python3.11/site-packages/airflow/example_dags/tutorial.py took 0.324 seconds
[2025-12-27T13:52:03.371+0000] {processor.py:161} INFO - Started process (PID=273) to work on /usr/local/lib/python3.11/site-packages/airflow/example_dags/tutorial.py
[2025-12-27T13:52:03.372+0000] {processor.py:830} INFO - Processing file /usr/local/lib/python3.11/site-packages/airflow/example_dags/tutorial.py for tasks to queue
[2025-12-27T13:52:03.374+0000] {logging_mixin.py:188} INFO - [2025-12-27T13:52:03.374+0000] {dagbag.py:545} INFO - Filling up the DagBag from /usr/local/lib/python3.11/site-packages/airflow/example_dags/tutorial.py
[2025-12-27T13:52:03.383+0000] {processor.py:840} INFO - DAG(s) 'tutorial' retrieved from /usr/local/lib/python3.11/site-packages/airflow/example_dags/tutorial.py
[2025-12-27T13:52:03.427+0000] {logging_mixin.py:188} INFO - [2025-12-27T13:52:03.427+0000] {dag.py:3096} INFO - Sync 1 DAGs
[2025-12-27T13:52:03.468+0000] {logging_mixin.py:188} INFO - [2025-12-27T13:52:03.468+0000] {dag.py:3954} INFO - Setting next_dagrun for tutorial to 2025-12-26 00:00:00+00:00, run_after=2025-12-27 00:00:00+00:00
[2025-12-27T13:52:03.723+0000] {processor.py:183} INFO - Processing /usr/local/lib/python3.11/site-packages/airflow/example_dags/tutorial.py took 0.371 seconds
[2025-12-27T13:53:24.829+0000] {processor.py:161} INFO - Started process (PID=332) to work on /usr/local/lib/python3.11/site-packages/airflow/example_dags/tutorial.py
[2025-12-27T13:53:24.831+0000] {processor.py:830} INFO - Processing file /usr/local/lib/python3.11/site-packages/airflow/example_dags/tutorial.py for tasks to queue
[2025-12-27T13:53:24.833+0000] {logging_mixin.py:188} INFO - [2025-12-27T13:53:24.833+0000] {dagbag.py:545} INFO - Filling up the DagBag from /usr/local/lib/python3.11/site-packages/airflow/example_dags/tutorial.py
[2025-12-27T13:53:24.842+0000] {processor.py:840} INFO - DAG(s) 'tutorial' retrieved from /usr/local/lib/python3.11/site-packages/airflow/example_dags/tutorial.py
[2025-12-27T13:53:24.876+0000] {logging_mixin.py:188} INFO - [2025-12-27T13:53:24.876+0000] {dag.py:3096} INFO - Sync 1 DAGs
[2025-12-27T13:53:24.907+0000] {logging_mixin.py:188} INFO - [2025-12-27T13:53:24.907+0000] {dag.py:3954} INFO - Setting next_dagrun for tutorial to 2025-12-26 00:00:00+00:00, run_after=2025-12-27 00:00:00+00:00
[2025-12-27T13:53:25.127+0000] {processor.py:183} INFO - Processing /usr/local/lib/python3.11/site-packages/airflow/example_dags/tutorial.py took 0.317 seconds
[2025-12-27T13:54:49.667+0000] {processor.py:161} INFO - Started process (PID=394) to work on /usr/local/lib/python3.11/site-packages/airflow/example_dags/tutorial.py
[2025-12-27T13:54:49.669+0000] {processor.py:830} INFO - Processing file /usr/local/lib/python3.11/site-packages/airflow/example_dags/tutorial.py for tasks to queue
[2025-12-27T13:54:49.671+0000] {logging_mixin.py:188} INFO - [2025-12-27T13:54:49.671+0000] {dagbag.py:545} INFO - Filling up the DagBag from /usr/local/lib/python3.11/site-packages/airflow/example_dags/tutorial.py
[2025-12-27T13:54:49.679+0000] {processor.py:840} INFO - DAG(s) 'tutorial' retrieved from /usr/local/lib/python3.11/site-packages/airflow/example_dags/tutorial.py
[2025-12-27T13:54:49.716+0000] {logging_mixin.py:188} INFO - [2025-12-27T13:54:49.716+0000] {dag.py:3096} INFO - Sync 1 DAGs
[2025-12-27T13:54:49.752+0000] {logging_mixin.py:188} INFO - [2025-12-27T13:54:49.752+0000] {dag.py:3954} INFO - Setting next_dagrun for tutorial to 2025-12-26 00:00:00+00:00, run_after=2025-12-27 00:00:00+00:00
[2025-12-27T13:54:49.956+0000] {processor.py:183} INFO - Processing /usr/local/lib/python3.11/site-packages/airflow/example_dags/tutorial.py took 0.305 seconds
[2025-12-27T13:56:13.960+0000] {processor.py:161} INFO - Started process (PID=455) to work on /usr/local/lib/python3.11/site-packages/airflow/example_dags/tutorial.py
[2025-12-27T13:56:13.962+0000] {processor.py:830} INFO - Processing file /usr/local/lib/python3.11/site-packages/airflow/example_dags/tutorial.py for tasks to queue
[2025-12-27T13:56:13.964+0000] {logging_mixin.py:188} INFO - [2025-12-27T13:56:13.964+0000] {dagbag.py:545} INFO - Filling up the DagBag from /usr/local/lib/python3.11/site-packages/airflow/example_dags/tutorial.py
[2025-12-27T13:56:13.971+0000] {processor.py:840} INFO - DAG(s) 'tutorial' retrieved from /usr/local/lib/python3.11/site-packages/airflow/example_dags/tutorial.py
[2025-12-27T13:56:14.004+0000] {logging_mixin.py:188} INFO - [2025-12-27T13:56:14.004+0000] {dag.py:3096} INFO - Sync 1 DAGs
[2025-12-27T13:56:14.044+0000] {logging_mixin.py:188} INFO - [2025-12-27T13:56:14.044+0000] {dag.py:3954} INFO - Setting next_dagrun for tutorial to 2025-12-26 00:00:00+00:00, run_after=2025-12-27 00:00:00+00:00
[2025-12-27T13:56:14.233+0000] {processor.py:183} INFO - Processing /usr/local/lib/python3.11/site-packages/airflow/example_dags/tutorial.py took 0.287 seconds
[2025-12-27T13:57:43.066+0000] {processor.py:161} INFO - Started process (PID=517) to work on /usr/local/lib/python3.11/site-packages/airflow/example_dags/tutorial.py
[2025-12-27T13:57:43.068+0000] {processor.py:830} INFO - Processing file /usr/local/lib/python3.11/site-packages/airflow/example_dags/tutorial.py for tasks to queue
[2025-12-27T13:57:43.071+0000] {logging_mixin.py:188} INFO - [2025-12-27T13:57:43.070+0000] {dagbag.py:545} INFO - Filling up the DagBag from /usr/local/lib/python3.11/site-packages/airflow/example_dags/tutorial.py
[2025-12-27T13:57:43.080+0000] {processor.py:840} INFO - DAG(s) 'tutorial' retrieved from /usr/local/lib/python3.11/site-packages/airflow/example_dags/tutorial.py
[2025-12-27T13:57:43.113+0000] {logging_mixin.py:188} INFO - [2025-12-27T13:57:43.113+0000] {dag.py:3096} INFO - Sync 1 DAGs
[2025-12-27T13:57:43.146+0000] {logging_mixin.py:188} INFO - [2025-12-27T13:57:43.146+0000] {dag.py:3954} INFO - Setting next_dagrun for tutorial to 2025-12-26 00:00:00+00:00, run_after=2025-12-27 00:00:00+00:00
[2025-12-27T13:57:43.363+0000] {processor.py:183} INFO - Processing /usr/local/lib/python3.11/site-packages/airflow/example_dags/tutorial.py took 0.316 seconds
[2025-12-27T13:59:05.341+0000] {processor.py:161} INFO - Started process (PID=577) to work on /usr/local/lib/python3.11/site-packages/airflow/example_dags/tutorial.py
[2025-12-27T13:59:05.343+0000] {processor.py:830} INFO - Processing file /usr/local/lib/python3.11/site-packages/airflow/example_dags/tutorial.py for tasks to queue
[2025-12-27T13:59:05.345+0000] {logging_mixin.py:188} INFO - [2025-12-27T13:59:05.345+0000] {dagbag.py:545} INFO - Filling up the DagBag from /usr/local/lib/python3.11/site-packages/airflow/example_dags/tutorial.py
[2025-12-27T13:59:05.352+0000] {processor.py:840} INFO - DAG(s) 'tutorial' retrieved from /usr/local/lib/python3.11/site-packages/airflow/example_dags/tutorial.py
[2025-12-27T13:59:05.384+0000] {logging_mixin.py:188} INFO - [2025-12-27T13:59:05.384+0000] {dag.py:3096} INFO - Sync 1 DAGs
[2025-12-27T13:59:05.418+0000] {logging_mixin.py:188} INFO - [2025-12-27T13:59:05.418+0000] {dag.py:3954} INFO - Setting next_dagrun for tutorial to 2025-12-26 00:00:00+00:00, run_after=2025-12-27 00:00:00+00:00
[2025-12-27T13:59:05.762+0000] {processor.py:183} INFO - Processing /usr/local/lib/python3.11/site-packages/airflow/example_dags/tutorial.py took 0.437 seconds
[2025-12-27T14:00:38.284+0000] {processor.py:161} INFO - Started process (PID=638) to work on /usr/local/lib/python3.11/site-packages/airflow/example_dags/tutorial.py
[2025-12-27T14:00:38.286+0000] {processor.py:830} INFO - Processing file /usr/local/lib/python3.11/site-packages/airflow/example_dags/tutorial.py for tasks to queue
[2025-12-27T14:00:38.288+0000] {logging_mixin.py:188} INFO - [2025-12-27T14:00:38.288+0000] {dagbag.py:545} INFO - Filling up the DagBag from /usr/local/lib/python3.11/site-packages/airflow/example_dags/tutorial.py
[2025-12-27T14:00:38.296+0000] {processor.py:840} INFO - DAG(s) 'tutorial' retrieved from /usr/local/lib/python3.11/site-packages/airflow/example_dags/tutorial.py
[2025-12-27T14:00:38.335+0000] {logging_mixin.py:188} INFO - [2025-12-27T14:00:38.335+0000] {dag.py:3096} INFO - Sync 1 DAGs
[2025-12-27T14:00:38.372+0000] {logging_mixin.py:188} INFO - [2025-12-27T14:00:38.371+0000] {dag.py:3954} INFO - Setting next_dagrun for tutorial to 2025-12-26 00:00:00+00:00, run_after=2025-12-27 00:00:00+00:00
[2025-12-27T14:00:38.559+0000] {processor.py:183} INFO - Processing /usr/local/lib/python3.11/site-packages/airflow/example_dags/tutorial.py took 0.291 seconds
[2025-12-27T14:03:04.650+0000] {processor.py:161} INFO - Started process (PID=717) to work on /usr/local/lib/python3.11/site-packages/airflow/example_dags/tutorial.py
[2025-12-27T14:03:04.651+0000] {processor.py:830} INFO - Processing file /usr/local/lib/python3.11/site-packages/airflow/example_dags/tutorial.py for tasks to queue
[2025-12-27T14:03:04.654+0000] {logging_mixin.py:188} INFO - [2025-12-27T14:03:04.654+0000] {dagbag.py:545} INFO - Filling up the DagBag from /usr/local/lib/python3.11/site-packages/airflow/example_dags/tutorial.py
[2025-12-27T14:03:04.661+0000] {processor.py:840} INFO - DAG(s) 'tutorial' retrieved from /usr/local/lib/python3.11/site-packages/airflow/example_dags/tutorial.py
[2025-12-27T14:03:04.691+0000] {logging_mixin.py:188} INFO - [2025-12-27T14:03:04.691+0000] {dag.py:3096} INFO - Sync 1 DAGs
[2025-12-27T14:03:04.735+0000] {logging_mixin.py:188} INFO - [2025-12-27T14:03:04.734+0000] {dag.py:3954} INFO - Setting next_dagrun for tutorial to 2025-12-26 00:00:00+00:00, run_after=2025-12-27 00:00:00+00:00
[2025-12-27T14:03:05.042+0000] {processor.py:183} INFO - Processing /usr/local/lib/python3.11/site-packages/airflow/example_dags/tutorial.py took 0.430 seconds
[2025-12-27T14:04:54.839+0000] {processor.py:161} INFO - Started process (PID=793) to work on /usr/local/lib/python3.11/site-packages/airflow/example_dags/tutorial.py
[2025-12-27T14:04:54.841+0000] {processor.py:830} INFO - Processing file /usr/local/lib/python3.11/site-packages/airflow/example_dags/tutorial.py for tasks to queue
[2025-12-27T14:04:54.844+0000] {logging_mixin.py:188} INFO - [2025-12-27T14:04:54.844+0000] {dagbag.py:545} INFO - Filling up the DagBag from /usr/local/lib/python3.11/site-packages/airflow/example_dags/tutorial.py
[2025-12-27T14:04:54.855+0000] {processor.py:840} INFO - DAG(s) 'tutorial' retrieved from /usr/local/lib/python3.11/site-packages/airflow/example_dags/tutorial.py
[2025-12-27T14:04:54.900+0000] {logging_mixin.py:188} INFO - [2025-12-27T14:04:54.900+0000] {dag.py:3096} INFO - Sync 1 DAGs
[2025-12-27T14:04:54.958+0000] {logging_mixin.py:188} INFO - [2025-12-27T14:04:54.957+0000] {dag.py:3954} INFO - Setting next_dagrun for tutorial to 2025-12-26 00:00:00+00:00, run_after=2025-12-27 00:00:00+00:00
[2025-12-27T14:04:55.197+0000] {processor.py:183} INFO - Processing /usr/local/lib/python3.11/site-packages/airflow/example_dags/tutorial.py took 0.374 seconds
[2025-12-27T14:06:41.486+0000] {processor.py:161} INFO - Started process (PID=870) to work on /usr/local/lib/python3.11/site-packages/airflow/example_dags/tutorial.py
[2025-12-27T14:06:41.487+0000] {processor.py:830} INFO - Processing file /usr/local/lib/python3.11/site-packages/airflow/example_dags/tutorial.py for tasks to queue
[2025-12-27T14:06:41.490+0000] {logging_mixin.py:188} INFO - [2025-12-27T14:06:41.489+0000] {dagbag.py:545} INFO - Filling up the DagBag from /usr/local/lib/python3.11/site-packages/airflow/example_dags/tutorial.py
[2025-12-27T14:06:41.497+0000] {processor.py:840} INFO - DAG(s) 'tutorial' retrieved from /usr/local/lib/python3.11/site-packages/airflow/example_dags/tutorial.py
[2025-12-27T14:06:41.529+0000] {logging_mixin.py:188} INFO - [2025-12-27T14:06:41.529+0000] {dag.py:3096} INFO - Sync 1 DAGs
[2025-12-27T14:06:41.564+0000] {logging_mixin.py:188} INFO - [2025-12-27T14:06:41.564+0000] {dag.py:3954} INFO - Setting next_dagrun for tutorial to 2025-12-26 00:00:00+00:00, run_after=2025-12-27 00:00:00+00:00
[2025-12-27T14:06:41.799+0000] {processor.py:183} INFO - Processing /usr/local/lib/python3.11/site-packages/airflow/example_dags/tutorial.py took 0.327 seconds
[2025-12-27T14:08:23.707+0000] {processor.py:161} INFO - Started process (PID=934) to work on /usr/local/lib/python3.11/site-packages/airflow/example_dags/tutorial.py
[2025-12-27T14:08:23.709+0000] {processor.py:830} INFO - Processing file /usr/local/lib/python3.11/site-packages/airflow/example_dags/tutorial.py for tasks to queue
[2025-12-27T14:08:23.711+0000] {logging_mixin.py:188} INFO - [2025-12-27T14:08:23.711+0000] {dagbag.py:545} INFO - Filling up the DagBag from /usr/local/lib/python3.11/site-packages/airflow/example_dags/tutorial.py
[2025-12-27T14:08:23.720+0000] {processor.py:840} INFO - DAG(s) 'tutorial' retrieved from /usr/local/lib/python3.11/site-packages/airflow/example_dags/tutorial.py
[2025-12-27T14:08:23.752+0000] {logging_mixin.py:188} INFO - [2025-12-27T14:08:23.751+0000] {dag.py:3096} INFO - Sync 1 DAGs
[2025-12-27T14:08:23.817+0000] {logging_mixin.py:188} INFO - [2025-12-27T14:08:23.816+0000] {dag.py:3954} INFO - Setting next_dagrun for tutorial to 2025-12-26 00:00:00+00:00, run_after=2025-12-27 00:00:00+00:00
[2025-12-27T14:08:23.995+0000] {processor.py:183} INFO - Processing /usr/local/lib/python3.11/site-packages/airflow/example_dags/tutorial.py took 0.305 seconds
[2025-12-27T14:10:00.062+0000] {processor.py:161} INFO - Started process (PID=998) to work on /usr/local/lib/python3.11/site-packages/airflow/example_dags/tutorial.py
[2025-12-27T14:10:00.063+0000] {processor.py:830} INFO - Processing file /usr/local/lib/python3.11/site-packages/airflow/example_dags/tutorial.py for tasks to queue
[2025-12-27T14:10:00.066+0000] {logging_mixin.py:188} INFO - [2025-12-27T14:10:00.066+0000] {dagbag.py:545} INFO - Filling up the DagBag from /usr/local/lib/python3.11/site-packages/airflow/example_dags/tutorial.py
[2025-12-27T14:10:00.078+0000] {processor.py:840} INFO - DAG(s) 'tutorial' retrieved from /usr/local/lib/python3.11/site-packages/airflow/example_dags/tutorial.py
[2025-12-27T14:10:00.119+0000] {logging_mixin.py:188} INFO - [2025-12-27T14:10:00.119+0000] {dag.py:3096} INFO - Sync 1 DAGs
[2025-12-27T14:10:00.173+0000] {logging_mixin.py:188} INFO - [2025-12-27T14:10:00.173+0000] {dag.py:3954} INFO - Setting next_dagrun for tutorial to 2025-12-26 00:00:00+00:00, run_after=2025-12-27 00:00:00+00:00
[2025-12-27T14:10:00.361+0000] {processor.py:183} INFO - Processing /usr/local/lib/python3.11/site-packages/airflow/example_dags/tutorial.py took 0.318 seconds
[2025-12-27T14:12:10.280+0000] {processor.py:161} INFO - Started process (PID=1070) to work on /usr/local/lib/python3.11/site-packages/airflow/example_dags/tutorial.py
[2025-12-27T14:12:10.321+0000] {processor.py:830} INFO - Processing file /usr/local/lib/python3.11/site-packages/airflow/example_dags/tutorial.py for tasks to queue
[2025-12-27T14:12:10.324+0000] {logging_mixin.py:188} INFO - [2025-12-27T14:12:10.324+0000] {dagbag.py:545} INFO - Filling up the DagBag from /usr/local/lib/python3.11/site-packages/airflow/example_dags/tutorial.py
[2025-12-27T14:12:10.336+0000] {processor.py:840} INFO - DAG(s) 'tutorial' retrieved from /usr/local/lib/python3.11/site-packages/airflow/example_dags/tutorial.py
[2025-12-27T14:12:10.386+0000] {logging_mixin.py:188} INFO - [2025-12-27T14:12:10.386+0000] {dag.py:3096} INFO - Sync 1 DAGs
[2025-12-27T14:12:10.431+0000] {logging_mixin.py:188} INFO - [2025-12-27T14:12:10.431+0000] {dag.py:3954} INFO - Setting next_dagrun for tutorial to 2025-12-26 00:00:00+00:00, run_after=2025-12-27 00:00:00+00:00
[2025-12-27T14:12:10.627+0000] {processor.py:183} INFO - Processing /usr/local/lib/python3.11/site-packages/airflow/example_dags/tutorial.py took 0.374 seconds
[2025-12-27T14:14:09.617+0000] {processor.py:161} INFO - Started process (PID=1140) to work on /usr/local/lib/python3.11/site-packages/airflow/example_dags/tutorial.py
[2025-12-27T14:14:09.618+0000] {processor.py:830} INFO - Processing file /usr/local/lib/python3.11/site-packages/airflow/example_dags/tutorial.py for tasks to queue
[2025-12-27T14:14:09.620+0000] {logging_mixin.py:188} INFO - [2025-12-27T14:14:09.620+0000] {dagbag.py:545} INFO - Filling up the DagBag from /usr/local/lib/python3.11/site-packages/airflow/example_dags/tutorial.py
[2025-12-27T14:14:09.630+0000] {processor.py:840} INFO - DAG(s) 'tutorial' retrieved from /usr/local/lib/python3.11/site-packages/airflow/example_dags/tutorial.py
[2025-12-27T14:14:09.673+0000] {logging_mixin.py:188} INFO - [2025-12-27T14:14:09.672+0000] {dag.py:3096} INFO - Sync 1 DAGs
[2025-12-27T14:14:09.731+0000] {logging_mixin.py:188} INFO - [2025-12-27T14:14:09.731+0000] {dag.py:3954} INFO - Setting next_dagrun for tutorial to 2025-12-26 00:00:00+00:00, run_after=2025-12-27 00:00:00+00:00
[2025-12-27T14:14:10.044+0000] {processor.py:183} INFO - Processing /usr/local/lib/python3.11/site-packages/airflow/example_dags/tutorial.py took 0.444 seconds
[2025-12-27T14:33:06.397+0000] {processor.py:161} INFO - Started process (PID=75) to work on /usr/local/lib/python3.11/site-packages/airflow/example_dags/tutorial.py
[2025-12-27T14:33:06.399+0000] {processor.py:830} INFO - Processing file /usr/local/lib/python3.11/site-packages/airflow/example_dags/tutorial.py for tasks to queue
[2025-12-27T14:33:06.403+0000] {logging_mixin.py:188} INFO - [2025-12-27T14:33:06.403+0000] {dagbag.py:545} INFO - Filling up the DagBag from /usr/local/lib/python3.11/site-packages/airflow/example_dags/tutorial.py
[2025-12-27T14:33:06.414+0000] {processor.py:840} INFO - DAG(s) 'tutorial' retrieved from /usr/local/lib/python3.11/site-packages/airflow/example_dags/tutorial.py
[2025-12-27T14:33:06.588+0000] {logging_mixin.py:188} INFO - [2025-12-27T14:33:06.588+0000] {dag.py:3096} INFO - Sync 1 DAGs
[2025-12-27T14:33:06.738+0000] {logging_mixin.py:188} INFO - [2025-12-27T14:33:06.738+0000] {dag.py:3954} INFO - Setting next_dagrun for tutorial to 2025-12-26 00:00:00+00:00, run_after=2025-12-27 00:00:00+00:00
[2025-12-27T14:33:07.183+0000] {processor.py:183} INFO - Processing /usr/local/lib/python3.11/site-packages/airflow/example_dags/tutorial.py took 0.804 seconds
[2025-12-27T14:34:58.529+0000] {processor.py:161} INFO - Started process (PID=143) to work on /usr/local/lib/python3.11/site-packages/airflow/example_dags/tutorial.py
[2025-12-27T14:34:58.530+0000] {processor.py:830} INFO - Processing file /usr/local/lib/python3.11/site-packages/airflow/example_dags/tutorial.py for tasks to queue
[2025-12-27T14:34:58.533+0000] {logging_mixin.py:188} INFO - [2025-12-27T14:34:58.533+0000] {dagbag.py:545} INFO - Filling up the DagBag from /usr/local/lib/python3.11/site-packages/airflow/example_dags/tutorial.py
[2025-12-27T14:34:58.544+0000] {processor.py:840} INFO - DAG(s) 'tutorial' retrieved from /usr/local/lib/python3.11/site-packages/airflow/example_dags/tutorial.py
[2025-12-27T14:34:58.584+0000] {logging_mixin.py:188} INFO - [2025-12-27T14:34:58.583+0000] {dag.py:3096} INFO - Sync 1 DAGs
[2025-12-27T14:34:58.784+0000] {logging_mixin.py:188} INFO - [2025-12-27T14:34:58.784+0000] {dag.py:3954} INFO - Setting next_dagrun for tutorial to 2025-12-26 00:00:00+00:00, run_after=2025-12-27 00:00:00+00:00
[2025-12-27T14:34:59.004+0000] {processor.py:183} INFO - Processing /usr/local/lib/python3.11/site-packages/airflow/example_dags/tutorial.py took 0.493 seconds
[2025-12-27T14:54:54.565+0000] {processor.py:161} INFO - Started process (PID=79) to work on /usr/local/lib/python3.11/site-packages/airflow/example_dags/tutorial.py
[2025-12-27T14:54:54.567+0000] {processor.py:830} INFO - Processing file /usr/local/lib/python3.11/site-packages/airflow/example_dags/tutorial.py for tasks to queue
[2025-12-27T14:54:54.570+0000] {logging_mixin.py:188} INFO - [2025-12-27T14:54:54.569+0000] {dagbag.py:545} INFO - Filling up the DagBag from /usr/local/lib/python3.11/site-packages/airflow/example_dags/tutorial.py
[2025-12-27T14:54:54.581+0000] {processor.py:840} INFO - DAG(s) 'tutorial' retrieved from /usr/local/lib/python3.11/site-packages/airflow/example_dags/tutorial.py
[2025-12-27T14:54:55.229+0000] {logging_mixin.py:188} INFO - [2025-12-27T14:54:55.228+0000] {override.py:1930} INFO - Created Permission View: can delete on DAG:tutorial
[2025-12-27T14:54:55.388+0000] {logging_mixin.py:188} INFO - [2025-12-27T14:54:55.387+0000] {override.py:1930} INFO - Created Permission View: can edit on DAG:tutorial
[2025-12-27T14:54:55.699+0000] {logging_mixin.py:188} INFO - [2025-12-27T14:54:55.698+0000] {override.py:1930} INFO - Created Permission View: can read on DAG:tutorial
[2025-12-27T14:54:55.700+0000] {logging_mixin.py:188} INFO - [2025-12-27T14:54:55.699+0000] {dag.py:3096} INFO - Sync 1 DAGs
[2025-12-27T14:54:55.736+0000] {logging_mixin.py:188} INFO - [2025-12-27T14:54:55.736+0000] {dag.py:3118} INFO - Creating ORM DAG for tutorial
[2025-12-27T14:54:55.754+0000] {logging_mixin.py:188} INFO - [2025-12-27T14:54:55.754+0000] {dag.py:3954} INFO - Setting next_dagrun for tutorial to 2025-12-26 00:00:00+00:00, run_after=2025-12-27 00:00:00+00:00
[2025-12-27T14:54:56.012+0000] {processor.py:183} INFO - Processing /usr/local/lib/python3.11/site-packages/airflow/example_dags/tutorial.py took 1.464 seconds
[2025-12-27T14:56:54.800+0000] {processor.py:161} INFO - Started process (PID=152) to work on /usr/local/lib/python3.11/site-packages/airflow/example_dags/tutorial.py
[2025-12-27T14:56:54.801+0000] {processor.py:830} INFO - Processing file /usr/local/lib/python3.11/site-packages/airflow/example_dags/tutorial.py for tasks to queue
[2025-12-27T14:56:54.804+0000] {logging_mixin.py:188} INFO - [2025-12-27T14:56:54.804+0000] {dagbag.py:545} INFO - Filling up the DagBag from /usr/local/lib/python3.11/site-packages/airflow/example_dags/tutorial.py
[2025-12-27T14:56:54.812+0000] {processor.py:840} INFO - DAG(s) 'tutorial' retrieved from /usr/local/lib/python3.11/site-packages/airflow/example_dags/tutorial.py
[2025-12-27T14:56:54.849+0000] {logging_mixin.py:188} INFO - [2025-12-27T14:56:54.849+0000] {dag.py:3096} INFO - Sync 1 DAGs
[2025-12-27T14:56:55.012+0000] {logging_mixin.py:188} INFO - [2025-12-27T14:56:55.012+0000] {dag.py:3954} INFO - Setting next_dagrun for tutorial to 2025-12-26 00:00:00+00:00, run_after=2025-12-27 00:00:00+00:00
[2025-12-27T14:56:55.241+0000] {processor.py:183} INFO - Processing /usr/local/lib/python3.11/site-packages/airflow/example_dags/tutorial.py took 0.455 seconds
[2025-12-27T14:59:00.907+0000] {processor.py:161} INFO - Started process (PID=220) to work on /usr/local/lib/python3.11/site-packages/airflow/example_dags/tutorial.py
[2025-12-27T14:59:00.909+0000] {processor.py:830} INFO - Processing file /usr/local/lib/python3.11/site-packages/airflow/example_dags/tutorial.py for tasks to queue
[2025-12-27T14:59:00.911+0000] {logging_mixin.py:188} INFO - [2025-12-27T14:59:00.911+0000] {dagbag.py:545} INFO - Filling up the DagBag from /usr/local/lib/python3.11/site-packages/airflow/example_dags/tutorial.py
[2025-12-27T14:59:00.920+0000] {processor.py:840} INFO - DAG(s) 'tutorial' retrieved from /usr/local/lib/python3.11/site-packages/airflow/example_dags/tutorial.py
[2025-12-27T14:59:00.961+0000] {logging_mixin.py:188} INFO - [2025-12-27T14:59:00.961+0000] {dag.py:3096} INFO - Sync 1 DAGs
[2025-12-27T14:59:01.001+0000] {logging_mixin.py:188} INFO - [2025-12-27T14:59:01.001+0000] {dag.py:3954} INFO - Setting next_dagrun for tutorial to 2025-12-26 00:00:00+00:00, run_after=2025-12-27 00:00:00+00:00
[2025-12-27T14:59:01.234+0000] {processor.py:183} INFO - Processing /usr/local/lib/python3.11/site-packages/airflow/example_dags/tutorial.py took 0.347 seconds
[2025-12-27T15:00:56.607+0000] {processor.py:161} INFO - Started process (PID=306) to work on /usr/local/lib/python3.11/site-packages/airflow/example_dags/tutorial.py
[2025-12-27T15:00:56.609+0000] {processor.py:830} INFO - Processing file /usr/local/lib/python3.11/site-packages/airflow/example_dags/tutorial.py for tasks to queue
[2025-12-27T15:00:56.611+0000] {logging_mixin.py:188} INFO - [2025-12-27T15:00:56.611+0000] {dagbag.py:545} INFO - Filling up the DagBag from /usr/local/lib/python3.11/site-packages/airflow/example_dags/tutorial.py
[2025-12-27T15:00:56.624+0000] {processor.py:840} INFO - DAG(s) 'tutorial' retrieved from /usr/local/lib/python3.11/site-packages/airflow/example_dags/tutorial.py
[2025-12-27T15:00:56.678+0000] {logging_mixin.py:188} INFO - [2025-12-27T15:00:56.677+0000] {dag.py:3096} INFO - Sync 1 DAGs
[2025-12-27T15:00:56.720+0000] {logging_mixin.py:188} INFO - [2025-12-27T15:00:56.720+0000] {dag.py:3954} INFO - Setting next_dagrun for tutorial to 2025-12-26 00:00:00+00:00, run_after=2025-12-27 00:00:00+00:00
[2025-12-27T15:00:57.027+0000] {processor.py:183} INFO - Processing /usr/local/lib/python3.11/site-packages/airflow/example_dags/tutorial.py took 0.441 seconds
[2025-12-27T15:02:51.795+0000] {processor.py:161} INFO - Started process (PID=381) to work on /usr/local/lib/python3.11/site-packages/airflow/example_dags/tutorial.py
[2025-12-27T15:02:51.797+0000] {processor.py:830} INFO - Processing file /usr/local/lib/python3.11/site-packages/airflow/example_dags/tutorial.py for tasks to queue
[2025-12-27T15:02:51.799+0000] {logging_mixin.py:188} INFO - [2025-12-27T15:02:51.799+0000] {dagbag.py:545} INFO - Filling up the DagBag from /usr/local/lib/python3.11/site-packages/airflow/example_dags/tutorial.py
[2025-12-27T15:02:51.809+0000] {processor.py:840} INFO - DAG(s) 'tutorial' retrieved from /usr/local/lib/python3.11/site-packages/airflow/example_dags/tutorial.py
[2025-12-27T15:02:51.840+0000] {logging_mixin.py:188} INFO - [2025-12-27T15:02:51.840+0000] {dag.py:3096} INFO - Sync 1 DAGs
[2025-12-27T15:02:51.874+0000] {logging_mixin.py:188} INFO - [2025-12-27T15:02:51.874+0000] {dag.py:3954} INFO - Setting next_dagrun for tutorial to 2025-12-26 00:00:00+00:00, run_after=2025-12-27 00:00:00+00:00
[2025-12-27T15:02:52.168+0000] {processor.py:183} INFO - Processing /usr/local/lib/python3.11/site-packages/airflow/example_dags/tutorial.py took 0.391 seconds
[2025-12-27T15:04:27.823+0000] {processor.py:161} INFO - Started process (PID=448) to work on /usr/local/lib/python3.11/site-packages/airflow/example_dags/tutorial.py
[2025-12-27T15:04:27.824+0000] {processor.py:830} INFO - Processing file /usr/local/lib/python3.11/site-packages/airflow/example_dags/tutorial.py for tasks to queue
[2025-12-27T15:04:27.827+0000] {logging_mixin.py:188} INFO - [2025-12-27T15:04:27.827+0000] {dagbag.py:545} INFO - Filling up the DagBag from /usr/local/lib/python3.11/site-packages/airflow/example_dags/tutorial.py
[2025-12-27T15:04:27.837+0000] {processor.py:840} INFO - DAG(s) 'tutorial' retrieved from /usr/local/lib/python3.11/site-packages/airflow/example_dags/tutorial.py
[2025-12-27T15:04:27.875+0000] {logging_mixin.py:188} INFO - [2025-12-27T15:04:27.874+0000] {dag.py:3096} INFO - Sync 1 DAGs
[2025-12-27T15:04:27.915+0000] {logging_mixin.py:188} INFO - [2025-12-27T15:04:27.915+0000] {dag.py:3954} INFO - Setting next_dagrun for tutorial to 2025-12-26 00:00:00+00:00, run_after=2025-12-27 00:00:00+00:00
[2025-12-27T15:04:28.187+0000] {processor.py:183} INFO - Processing /usr/local/lib/python3.11/site-packages/airflow/example_dags/tutorial.py took 0.384 seconds
[2025-12-27T15:05:55.295+0000] {processor.py:161} INFO - Started process (PID=509) to work on /usr/local/lib/python3.11/site-packages/airflow/example_dags/tutorial.py
[2025-12-27T15:05:55.296+0000] {processor.py:830} INFO - Processing file /usr/local/lib/python3.11/site-packages/airflow/example_dags/tutorial.py for tasks to queue
[2025-12-27T15:05:55.298+0000] {logging_mixin.py:188} INFO - [2025-12-27T15:05:55.298+0000] {dagbag.py:545} INFO - Filling up the DagBag from /usr/local/lib/python3.11/site-packages/airflow/example_dags/tutorial.py
[2025-12-27T15:05:55.305+0000] {processor.py:840} INFO - DAG(s) 'tutorial' retrieved from /usr/local/lib/python3.11/site-packages/airflow/example_dags/tutorial.py
[2025-12-27T15:05:55.339+0000] {logging_mixin.py:188} INFO - [2025-12-27T15:05:55.339+0000] {dag.py:3096} INFO - Sync 1 DAGs
[2025-12-27T15:05:55.374+0000] {logging_mixin.py:188} INFO - [2025-12-27T15:05:55.374+0000] {dag.py:3954} INFO - Setting next_dagrun for tutorial to 2025-12-26 00:00:00+00:00, run_after=2025-12-27 00:00:00+00:00
[2025-12-27T15:05:55.563+0000] {processor.py:183} INFO - Processing /usr/local/lib/python3.11/site-packages/airflow/example_dags/tutorial.py took 0.282 seconds
[2025-12-27T15:07:25.736+0000] {processor.py:161} INFO - Started process (PID=571) to work on /usr/local/lib/python3.11/site-packages/airflow/example_dags/tutorial.py
[2025-12-27T15:07:25.737+0000] {processor.py:830} INFO - Processing file /usr/local/lib/python3.11/site-packages/airflow/example_dags/tutorial.py for tasks to queue
[2025-12-27T15:07:25.741+0000] {logging_mixin.py:188} INFO - [2025-12-27T15:07:25.740+0000] {dagbag.py:545} INFO - Filling up the DagBag from /usr/local/lib/python3.11/site-packages/airflow/example_dags/tutorial.py
[2025-12-27T15:07:25.751+0000] {processor.py:840} INFO - DAG(s) 'tutorial' retrieved from /usr/local/lib/python3.11/site-packages/airflow/example_dags/tutorial.py
[2025-12-27T15:07:25.787+0000] {logging_mixin.py:188} INFO - [2025-12-27T15:07:25.786+0000] {dag.py:3096} INFO - Sync 1 DAGs
[2025-12-27T15:07:25.823+0000] {logging_mixin.py:188} INFO - [2025-12-27T15:07:25.823+0000] {dag.py:3954} INFO - Setting next_dagrun for tutorial to 2025-12-26 00:00:00+00:00, run_after=2025-12-27 00:00:00+00:00
[2025-12-27T15:07:26.140+0000] {processor.py:183} INFO - Processing /usr/local/lib/python3.11/site-packages/airflow/example_dags/tutorial.py took 0.420 seconds
[2025-12-27T15:09:04.689+0000] {processor.py:161} INFO - Started process (PID=635) to work on /usr/local/lib/python3.11/site-packages/airflow/example_dags/tutorial.py
[2025-12-27T15:09:04.690+0000] {processor.py:830} INFO - Processing file /usr/local/lib/python3.11/site-packages/airflow/example_dags/tutorial.py for tasks to queue
[2025-12-27T15:09:04.696+0000] {logging_mixin.py:188} INFO - [2025-12-27T15:09:04.695+0000] {dagbag.py:545} INFO - Filling up the DagBag from /usr/local/lib/python3.11/site-packages/airflow/example_dags/tutorial.py
[2025-12-27T15:09:04.711+0000] {processor.py:840} INFO - DAG(s) 'tutorial' retrieved from /usr/local/lib/python3.11/site-packages/airflow/example_dags/tutorial.py
[2025-12-27T15:09:04.792+0000] {logging_mixin.py:188} INFO - [2025-12-27T15:09:04.792+0000] {dag.py:3096} INFO - Sync 1 DAGs
[2025-12-27T15:09:04.860+0000] {logging_mixin.py:188} INFO - [2025-12-27T15:09:04.860+0000] {dag.py:3954} INFO - Setting next_dagrun for tutorial to 2025-12-26 00:00:00+00:00, run_after=2025-12-27 00:00:00+00:00
[2025-12-27T15:09:05.244+0000] {processor.py:183} INFO - Processing /usr/local/lib/python3.11/site-packages/airflow/example_dags/tutorial.py took 0.591 seconds
[2025-12-27T15:10:53.567+0000] {processor.py:161} INFO - Started process (PID=703) to work on /usr/local/lib/python3.11/site-packages/airflow/example_dags/tutorial.py
[2025-12-27T15:10:53.570+0000] {processor.py:830} INFO - Processing file /usr/local/lib/python3.11/site-packages/airflow/example_dags/tutorial.py for tasks to queue
[2025-12-27T15:10:53.575+0000] {logging_mixin.py:188} INFO - [2025-12-27T15:10:53.574+0000] {dagbag.py:545} INFO - Filling up the DagBag from /usr/local/lib/python3.11/site-packages/airflow/example_dags/tutorial.py
[2025-12-27T15:10:53.593+0000] {processor.py:840} INFO - DAG(s) 'tutorial' retrieved from /usr/local/lib/python3.11/site-packages/airflow/example_dags/tutorial.py
[2025-12-27T15:10:53.765+0000] {logging_mixin.py:188} INFO - [2025-12-27T15:10:53.764+0000] {dag.py:3096} INFO - Sync 1 DAGs
[2025-12-27T15:10:53.830+0000] {logging_mixin.py:188} INFO - [2025-12-27T15:10:53.829+0000] {dag.py:3954} INFO - Setting next_dagrun for tutorial to 2025-12-26 00:00:00+00:00, run_after=2025-12-27 00:00:00+00:00
[2025-12-27T15:10:54.152+0000] {processor.py:183} INFO - Processing /usr/local/lib/python3.11/site-packages/airflow/example_dags/tutorial.py took 0.702 seconds
[2025-12-27T15:12:33.135+0000] {processor.py:161} INFO - Started process (PID=769) to work on /usr/local/lib/python3.11/site-packages/airflow/example_dags/tutorial.py
[2025-12-27T15:12:33.137+0000] {processor.py:830} INFO - Processing file /usr/local/lib/python3.11/site-packages/airflow/example_dags/tutorial.py for tasks to queue
[2025-12-27T15:12:33.141+0000] {logging_mixin.py:188} INFO - [2025-12-27T15:12:33.141+0000] {dagbag.py:545} INFO - Filling up the DagBag from /usr/local/lib/python3.11/site-packages/airflow/example_dags/tutorial.py
[2025-12-27T15:12:33.154+0000] {processor.py:840} INFO - DAG(s) 'tutorial' retrieved from /usr/local/lib/python3.11/site-packages/airflow/example_dags/tutorial.py
[2025-12-27T15:12:33.255+0000] {logging_mixin.py:188} INFO - [2025-12-27T15:12:33.255+0000] {dag.py:3096} INFO - Sync 1 DAGs
[2025-12-27T15:12:33.292+0000] {logging_mixin.py:188} INFO - [2025-12-27T15:12:33.292+0000] {dag.py:3954} INFO - Setting next_dagrun for tutorial to 2025-12-26 00:00:00+00:00, run_after=2025-12-27 00:00:00+00:00
[2025-12-27T15:12:33.504+0000] {processor.py:183} INFO - Processing /usr/local/lib/python3.11/site-packages/airflow/example_dags/tutorial.py took 0.397 seconds
[2025-12-27T15:14:11.632+0000] {processor.py:161} INFO - Started process (PID=833) to work on /usr/local/lib/python3.11/site-packages/airflow/example_dags/tutorial.py
[2025-12-27T15:14:11.633+0000] {processor.py:830} INFO - Processing file /usr/local/lib/python3.11/site-packages/airflow/example_dags/tutorial.py for tasks to queue
[2025-12-27T15:14:11.636+0000] {logging_mixin.py:188} INFO - [2025-12-27T15:14:11.635+0000] {dagbag.py:545} INFO - Filling up the DagBag from /usr/local/lib/python3.11/site-packages/airflow/example_dags/tutorial.py
[2025-12-27T15:14:11.644+0000] {processor.py:840} INFO - DAG(s) 'tutorial' retrieved from /usr/local/lib/python3.11/site-packages/airflow/example_dags/tutorial.py
[2025-12-27T15:14:11.675+0000] {logging_mixin.py:188} INFO - [2025-12-27T15:14:11.675+0000] {dag.py:3096} INFO - Sync 1 DAGs
[2025-12-27T15:14:11.707+0000] {logging_mixin.py:188} INFO - [2025-12-27T15:14:11.707+0000] {dag.py:3954} INFO - Setting next_dagrun for tutorial to 2025-12-26 00:00:00+00:00, run_after=2025-12-27 00:00:00+00:00
[2025-12-27T15:14:11.895+0000] {processor.py:183} INFO - Processing /usr/local/lib/python3.11/site-packages/airflow/example_dags/tutorial.py took 0.278 seconds
[2025-12-27T15:15:54.499+0000] {processor.py:161} INFO - Started process (PID=900) to work on /usr/local/lib/python3.11/site-packages/airflow/example_dags/tutorial.py
[2025-12-27T15:15:54.500+0000] {processor.py:830} INFO - Processing file /usr/local/lib/python3.11/site-packages/airflow/example_dags/tutorial.py for tasks to queue
[2025-12-27T15:15:54.503+0000] {logging_mixin.py:188} INFO - [2025-12-27T15:15:54.503+0000] {dagbag.py:545} INFO - Filling up the DagBag from /usr/local/lib/python3.11/site-packages/airflow/example_dags/tutorial.py
[2025-12-27T15:15:54.512+0000] {processor.py:840} INFO - DAG(s) 'tutorial' retrieved from /usr/local/lib/python3.11/site-packages/airflow/example_dags/tutorial.py
[2025-12-27T15:15:54.564+0000] {logging_mixin.py:188} INFO - [2025-12-27T15:15:54.563+0000] {dag.py:3096} INFO - Sync 1 DAGs
[2025-12-27T15:15:54.603+0000] {logging_mixin.py:188} INFO - [2025-12-27T15:15:54.602+0000] {dag.py:3954} INFO - Setting next_dagrun for tutorial to 2025-12-26 00:00:00+00:00, run_after=2025-12-27 00:00:00+00:00
[2025-12-27T15:15:54.858+0000] {processor.py:183} INFO - Processing /usr/local/lib/python3.11/site-packages/airflow/example_dags/tutorial.py took 0.373 seconds
[2025-12-27T15:17:42.454+0000] {processor.py:161} INFO - Started process (PID=964) to work on /usr/local/lib/python3.11/site-packages/airflow/example_dags/tutorial.py
[2025-12-27T15:17:42.455+0000] {processor.py:830} INFO - Processing file /usr/local/lib/python3.11/site-packages/airflow/example_dags/tutorial.py for tasks to queue
[2025-12-27T15:17:42.469+0000] {logging_mixin.py:188} INFO - [2025-12-27T15:17:42.465+0000] {dagbag.py:545} INFO - Filling up the DagBag from /usr/local/lib/python3.11/site-packages/airflow/example_dags/tutorial.py
[2025-12-27T15:17:42.492+0000] {processor.py:840} INFO - DAG(s) 'tutorial' retrieved from /usr/local/lib/python3.11/site-packages/airflow/example_dags/tutorial.py
[2025-12-27T15:17:42.558+0000] {logging_mixin.py:188} INFO - [2025-12-27T15:17:42.557+0000] {dag.py:3096} INFO - Sync 1 DAGs
[2025-12-27T15:17:42.761+0000] {logging_mixin.py:188} INFO - [2025-12-27T15:17:42.760+0000] {dag.py:3954} INFO - Setting next_dagrun for tutorial to 2025-12-26 00:00:00+00:00, run_after=2025-12-27 00:00:00+00:00
[2025-12-27T15:17:43.026+0000] {processor.py:183} INFO - Processing /usr/local/lib/python3.11/site-packages/airflow/example_dags/tutorial.py took 0.603 seconds
[2025-12-27T15:19:29.092+0000] {processor.py:161} INFO - Started process (PID=1031) to work on /usr/local/lib/python3.11/site-packages/airflow/example_dags/tutorial.py
[2025-12-27T15:19:29.094+0000] {processor.py:830} INFO - Processing file /usr/local/lib/python3.11/site-packages/airflow/example_dags/tutorial.py for tasks to queue
[2025-12-27T15:19:29.097+0000] {logging_mixin.py:188} INFO - [2025-12-27T15:19:29.097+0000] {dagbag.py:545} INFO - Filling up the DagBag from /usr/local/lib/python3.11/site-packages/airflow/example_dags/tutorial.py
[2025-12-27T15:19:29.111+0000] {processor.py:840} INFO - DAG(s) 'tutorial' retrieved from /usr/local/lib/python3.11/site-packages/airflow/example_dags/tutorial.py
[2025-12-27T15:19:29.268+0000] {logging_mixin.py:188} INFO - [2025-12-27T15:19:29.268+0000] {dag.py:3096} INFO - Sync 1 DAGs
[2025-12-27T15:19:29.320+0000] {logging_mixin.py:188} INFO - [2025-12-27T15:19:29.320+0000] {dag.py:3954} INFO - Setting next_dagrun for tutorial to 2025-12-26 00:00:00+00:00, run_after=2025-12-27 00:00:00+00:00
[2025-12-27T15:19:29.547+0000] {processor.py:183} INFO - Processing /usr/local/lib/python3.11/site-packages/airflow/example_dags/tutorial.py took 0.483 seconds
[2025-12-27T15:31:51.550+0000] {processor.py:161} INFO - Started process (PID=74) to work on /usr/local/lib/python3.11/site-packages/airflow/example_dags/tutorial.py
[2025-12-27T15:31:51.551+0000] {processor.py:830} INFO - Processing file /usr/local/lib/python3.11/site-packages/airflow/example_dags/tutorial.py for tasks to queue
[2025-12-27T15:31:51.554+0000] {logging_mixin.py:188} INFO - [2025-12-27T15:31:51.554+0000] {dagbag.py:545} INFO - Filling up the DagBag from /usr/local/lib/python3.11/site-packages/airflow/example_dags/tutorial.py
[2025-12-27T15:31:51.563+0000] {processor.py:840} INFO - DAG(s) 'tutorial' retrieved from /usr/local/lib/python3.11/site-packages/airflow/example_dags/tutorial.py
[2025-12-27T15:31:51.752+0000] {logging_mixin.py:188} INFO - [2025-12-27T15:31:51.752+0000] {dag.py:3096} INFO - Sync 1 DAGs
[2025-12-27T15:31:51.787+0000] {logging_mixin.py:188} INFO - [2025-12-27T15:31:51.787+0000] {dag.py:3954} INFO - Setting next_dagrun for tutorial to 2025-12-26 00:00:00+00:00, run_after=2025-12-27 00:00:00+00:00
[2025-12-27T15:31:52.980+0000] {processor.py:183} INFO - Processing /usr/local/lib/python3.11/site-packages/airflow/example_dags/tutorial.py took 1.450 seconds
[2025-12-27T15:33:49.971+0000] {processor.py:161} INFO - Started process (PID=146) to work on /usr/local/lib/python3.11/site-packages/airflow/example_dags/tutorial.py
[2025-12-27T15:33:49.973+0000] {processor.py:830} INFO - Processing file /usr/local/lib/python3.11/site-packages/airflow/example_dags/tutorial.py for tasks to queue
[2025-12-27T15:33:49.977+0000] {logging_mixin.py:188} INFO - [2025-12-27T15:33:49.976+0000] {dagbag.py:545} INFO - Filling up the DagBag from /usr/local/lib/python3.11/site-packages/airflow/example_dags/tutorial.py
[2025-12-27T15:33:49.985+0000] {processor.py:840} INFO - DAG(s) 'tutorial' retrieved from /usr/local/lib/python3.11/site-packages/airflow/example_dags/tutorial.py
[2025-12-27T15:33:50.018+0000] {logging_mixin.py:188} INFO - [2025-12-27T15:33:50.018+0000] {dag.py:3096} INFO - Sync 1 DAGs
[2025-12-27T15:33:50.052+0000] {logging_mixin.py:188} INFO - [2025-12-27T15:33:50.052+0000] {dag.py:3954} INFO - Setting next_dagrun for tutorial to 2025-12-26 00:00:00+00:00, run_after=2025-12-27 00:00:00+00:00
[2025-12-27T15:33:50.250+0000] {processor.py:183} INFO - Processing /usr/local/lib/python3.11/site-packages/airflow/example_dags/tutorial.py took 0.297 seconds
[2025-12-27T15:35:24.728+0000] {processor.py:161} INFO - Started process (PID=210) to work on /usr/local/lib/python3.11/site-packages/airflow/example_dags/tutorial.py
[2025-12-27T15:35:24.729+0000] {processor.py:830} INFO - Processing file /usr/local/lib/python3.11/site-packages/airflow/example_dags/tutorial.py for tasks to queue
[2025-12-27T15:35:24.731+0000] {logging_mixin.py:188} INFO - [2025-12-27T15:35:24.731+0000] {dagbag.py:545} INFO - Filling up the DagBag from /usr/local/lib/python3.11/site-packages/airflow/example_dags/tutorial.py
[2025-12-27T15:35:24.738+0000] {processor.py:840} INFO - DAG(s) 'tutorial' retrieved from /usr/local/lib/python3.11/site-packages/airflow/example_dags/tutorial.py
[2025-12-27T15:35:24.768+0000] {logging_mixin.py:188} INFO - [2025-12-27T15:35:24.768+0000] {dag.py:3096} INFO - Sync 1 DAGs
[2025-12-27T15:35:24.864+0000] {logging_mixin.py:188} INFO - [2025-12-27T15:35:24.864+0000] {dag.py:3954} INFO - Setting next_dagrun for tutorial to 2025-12-26 00:00:00+00:00, run_after=2025-12-27 00:00:00+00:00
[2025-12-27T15:35:25.102+0000] {processor.py:183} INFO - Processing /usr/local/lib/python3.11/site-packages/airflow/example_dags/tutorial.py took 0.390 seconds
[2025-12-27T15:36:59.003+0000] {processor.py:161} INFO - Started process (PID=273) to work on /usr/local/lib/python3.11/site-packages/airflow/example_dags/tutorial.py
[2025-12-27T15:36:59.005+0000] {processor.py:830} INFO - Processing file /usr/local/lib/python3.11/site-packages/airflow/example_dags/tutorial.py for tasks to queue
[2025-12-27T15:36:59.007+0000] {logging_mixin.py:188} INFO - [2025-12-27T15:36:59.007+0000] {dagbag.py:545} INFO - Filling up the DagBag from /usr/local/lib/python3.11/site-packages/airflow/example_dags/tutorial.py
[2025-12-27T15:36:59.014+0000] {processor.py:840} INFO - DAG(s) 'tutorial' retrieved from /usr/local/lib/python3.11/site-packages/airflow/example_dags/tutorial.py
[2025-12-27T15:36:59.041+0000] {logging_mixin.py:188} INFO - [2025-12-27T15:36:59.041+0000] {dag.py:3096} INFO - Sync 1 DAGs
[2025-12-27T15:36:59.175+0000] {logging_mixin.py:188} INFO - [2025-12-27T15:36:59.175+0000] {dag.py:3954} INFO - Setting next_dagrun for tutorial to 2025-12-26 00:00:00+00:00, run_after=2025-12-27 00:00:00+00:00
[2025-12-27T15:36:59.361+0000] {processor.py:183} INFO - Processing /usr/local/lib/python3.11/site-packages/airflow/example_dags/tutorial.py took 0.372 seconds
[2025-12-27T15:38:30.691+0000] {processor.py:161} INFO - Started process (PID=335) to work on /usr/local/lib/python3.11/site-packages/airflow/example_dags/tutorial.py
[2025-12-27T15:38:30.693+0000] {processor.py:830} INFO - Processing file /usr/local/lib/python3.11/site-packages/airflow/example_dags/tutorial.py for tasks to queue
[2025-12-27T15:38:30.696+0000] {logging_mixin.py:188} INFO - [2025-12-27T15:38:30.695+0000] {dagbag.py:545} INFO - Filling up the DagBag from /usr/local/lib/python3.11/site-packages/airflow/example_dags/tutorial.py
[2025-12-27T15:38:30.704+0000] {processor.py:840} INFO - DAG(s) 'tutorial' retrieved from /usr/local/lib/python3.11/site-packages/airflow/example_dags/tutorial.py
[2025-12-27T15:38:30.736+0000] {logging_mixin.py:188} INFO - [2025-12-27T15:38:30.736+0000] {dag.py:3096} INFO - Sync 1 DAGs
[2025-12-27T15:38:30.769+0000] {logging_mixin.py:188} INFO - [2025-12-27T15:38:30.768+0000] {dag.py:3954} INFO - Setting next_dagrun for tutorial to 2025-12-26 00:00:00+00:00, run_after=2025-12-27 00:00:00+00:00
[2025-12-27T15:38:30.944+0000] {processor.py:183} INFO - Processing /usr/local/lib/python3.11/site-packages/airflow/example_dags/tutorial.py took 0.269 seconds
[2025-12-27T15:40:17.049+0000] {processor.py:161} INFO - Started process (PID=401) to work on /usr/local/lib/python3.11/site-packages/airflow/example_dags/tutorial.py
[2025-12-27T15:40:17.051+0000] {processor.py:830} INFO - Processing file /usr/local/lib/python3.11/site-packages/airflow/example_dags/tutorial.py for tasks to queue
[2025-12-27T15:40:17.053+0000] {logging_mixin.py:188} INFO - [2025-12-27T15:40:17.052+0000] {dagbag.py:545} INFO - Filling up the DagBag from /usr/local/lib/python3.11/site-packages/airflow/example_dags/tutorial.py
[2025-12-27T15:40:17.064+0000] {processor.py:840} INFO - DAG(s) 'tutorial' retrieved from /usr/local/lib/python3.11/site-packages/airflow/example_dags/tutorial.py
[2025-12-27T15:40:17.103+0000] {logging_mixin.py:188} INFO - [2025-12-27T15:40:17.103+0000] {dag.py:3096} INFO - Sync 1 DAGs
[2025-12-27T15:40:17.153+0000] {logging_mixin.py:188} INFO - [2025-12-27T15:40:17.153+0000] {dag.py:3954} INFO - Setting next_dagrun for tutorial to 2025-12-26 00:00:00+00:00, run_after=2025-12-27 00:00:00+00:00
[2025-12-27T15:40:17.383+0000] {processor.py:183} INFO - Processing /usr/local/lib/python3.11/site-packages/airflow/example_dags/tutorial.py took 0.348 seconds
[2025-12-27T15:41:57.021+0000] {processor.py:161} INFO - Started process (PID=466) to work on /usr/local/lib/python3.11/site-packages/airflow/example_dags/tutorial.py
[2025-12-27T15:41:57.023+0000] {processor.py:830} INFO - Processing file /usr/local/lib/python3.11/site-packages/airflow/example_dags/tutorial.py for tasks to queue
[2025-12-27T15:41:57.025+0000] {logging_mixin.py:188} INFO - [2025-12-27T15:41:57.025+0000] {dagbag.py:545} INFO - Filling up the DagBag from /usr/local/lib/python3.11/site-packages/airflow/example_dags/tutorial.py
[2025-12-27T15:41:57.034+0000] {processor.py:840} INFO - DAG(s) 'tutorial' retrieved from /usr/local/lib/python3.11/site-packages/airflow/example_dags/tutorial.py
[2025-12-27T15:41:57.071+0000] {logging_mixin.py:188} INFO - [2025-12-27T15:41:57.070+0000] {dag.py:3096} INFO - Sync 1 DAGs
[2025-12-27T15:41:57.119+0000] {logging_mixin.py:188} INFO - [2025-12-27T15:41:57.119+0000] {dag.py:3954} INFO - Setting next_dagrun for tutorial to 2025-12-26 00:00:00+00:00, run_after=2025-12-27 00:00:00+00:00
[2025-12-27T15:41:57.468+0000] {processor.py:183} INFO - Processing /usr/local/lib/python3.11/site-packages/airflow/example_dags/tutorial.py took 0.469 seconds
[2025-12-27T15:44:45.627+0000] {processor.py:161} INFO - Started process (PID=78) to work on /usr/local/lib/python3.11/site-packages/airflow/example_dags/tutorial.py
[2025-12-27T15:44:45.628+0000] {processor.py:830} INFO - Processing file /usr/local/lib/python3.11/site-packages/airflow/example_dags/tutorial.py for tasks to queue
[2025-12-27T15:44:45.631+0000] {logging_mixin.py:188} INFO - [2025-12-27T15:44:45.630+0000] {dagbag.py:545} INFO - Filling up the DagBag from /usr/local/lib/python3.11/site-packages/airflow/example_dags/tutorial.py
[2025-12-27T15:44:45.638+0000] {processor.py:840} INFO - DAG(s) 'tutorial' retrieved from /usr/local/lib/python3.11/site-packages/airflow/example_dags/tutorial.py
[2025-12-27T15:44:45.795+0000] {logging_mixin.py:188} INFO - [2025-12-27T15:44:45.794+0000] {dag.py:3096} INFO - Sync 1 DAGs
[2025-12-27T15:44:45.825+0000] {logging_mixin.py:188} INFO - [2025-12-27T15:44:45.825+0000] {dag.py:3954} INFO - Setting next_dagrun for tutorial to 2025-12-26 00:00:00+00:00, run_after=2025-12-27 00:00:00+00:00
[2025-12-27T15:44:46.044+0000] {processor.py:183} INFO - Processing /usr/local/lib/python3.11/site-packages/airflow/example_dags/tutorial.py took 0.430 seconds
[2025-12-27T15:46:30.286+0000] {processor.py:161} INFO - Started process (PID=147) to work on /usr/local/lib/python3.11/site-packages/airflow/example_dags/tutorial.py
[2025-12-27T15:46:30.288+0000] {processor.py:830} INFO - Processing file /usr/local/lib/python3.11/site-packages/airflow/example_dags/tutorial.py for tasks to queue
[2025-12-27T15:46:30.292+0000] {logging_mixin.py:188} INFO - [2025-12-27T15:46:30.292+0000] {dagbag.py:545} INFO - Filling up the DagBag from /usr/local/lib/python3.11/site-packages/airflow/example_dags/tutorial.py
[2025-12-27T15:46:30.302+0000] {processor.py:840} INFO - DAG(s) 'tutorial' retrieved from /usr/local/lib/python3.11/site-packages/airflow/example_dags/tutorial.py
[2025-12-27T15:46:30.335+0000] {logging_mixin.py:188} INFO - [2025-12-27T15:46:30.335+0000] {dag.py:3096} INFO - Sync 1 DAGs
[2025-12-27T15:46:30.369+0000] {logging_mixin.py:188} INFO - [2025-12-27T15:46:30.369+0000] {dag.py:3954} INFO - Setting next_dagrun for tutorial to 2025-12-26 00:00:00+00:00, run_after=2025-12-27 00:00:00+00:00
[2025-12-27T15:46:30.571+0000] {processor.py:183} INFO - Processing /usr/local/lib/python3.11/site-packages/airflow/example_dags/tutorial.py took 0.303 seconds
[2025-12-27T15:48:08.955+0000] {processor.py:161} INFO - Started process (PID=243) to work on /usr/local/lib/python3.11/site-packages/airflow/example_dags/tutorial.py
[2025-12-27T15:48:08.956+0000] {processor.py:830} INFO - Processing file /usr/local/lib/python3.11/site-packages/airflow/example_dags/tutorial.py for tasks to queue
[2025-12-27T15:48:08.959+0000] {logging_mixin.py:188} INFO - [2025-12-27T15:48:08.959+0000] {dagbag.py:545} INFO - Filling up the DagBag from /usr/local/lib/python3.11/site-packages/airflow/example_dags/tutorial.py
[2025-12-27T15:48:08.968+0000] {processor.py:840} INFO - DAG(s) 'tutorial' retrieved from /usr/local/lib/python3.11/site-packages/airflow/example_dags/tutorial.py
[2025-12-27T15:48:09.004+0000] {logging_mixin.py:188} INFO - [2025-12-27T15:48:09.004+0000] {dag.py:3096} INFO - Sync 1 DAGs
[2025-12-27T15:48:09.040+0000] {logging_mixin.py:188} INFO - [2025-12-27T15:48:09.039+0000] {dag.py:3954} INFO - Setting next_dagrun for tutorial to 2025-12-26 00:00:00+00:00, run_after=2025-12-27 00:00:00+00:00
[2025-12-27T15:48:09.243+0000] {processor.py:183} INFO - Processing /usr/local/lib/python3.11/site-packages/airflow/example_dags/tutorial.py took 0.301 seconds
[2025-12-27T15:49:38.200+0000] {processor.py:161} INFO - Started process (PID=309) to work on /usr/local/lib/python3.11/site-packages/airflow/example_dags/tutorial.py
[2025-12-27T15:49:38.202+0000] {processor.py:830} INFO - Processing file /usr/local/lib/python3.11/site-packages/airflow/example_dags/tutorial.py for tasks to queue
[2025-12-27T15:49:38.205+0000] {logging_mixin.py:188} INFO - [2025-12-27T15:49:38.204+0000] {dagbag.py:545} INFO - Filling up the DagBag from /usr/local/lib/python3.11/site-packages/airflow/example_dags/tutorial.py
[2025-12-27T15:49:38.214+0000] {processor.py:840} INFO - DAG(s) 'tutorial' retrieved from /usr/local/lib/python3.11/site-packages/airflow/example_dags/tutorial.py
[2025-12-27T15:49:38.249+0000] {logging_mixin.py:188} INFO - [2025-12-27T15:49:38.249+0000] {dag.py:3096} INFO - Sync 1 DAGs
[2025-12-27T15:49:38.473+0000] {logging_mixin.py:188} INFO - [2025-12-27T15:49:38.473+0000] {dag.py:3954} INFO - Setting next_dagrun for tutorial to 2025-12-26 00:00:00+00:00, run_after=2025-12-27 00:00:00+00:00
[2025-12-27T15:49:38.771+0000] {processor.py:183} INFO - Processing /usr/local/lib/python3.11/site-packages/airflow/example_dags/tutorial.py took 0.587 seconds
[2025-12-27T15:51:15.248+0000] {processor.py:161} INFO - Started process (PID=386) to work on /usr/local/lib/python3.11/site-packages/airflow/example_dags/tutorial.py
[2025-12-27T15:51:15.250+0000] {processor.py:830} INFO - Processing file /usr/local/lib/python3.11/site-packages/airflow/example_dags/tutorial.py for tasks to queue
[2025-12-27T15:51:15.252+0000] {logging_mixin.py:188} INFO - [2025-12-27T15:51:15.251+0000] {dagbag.py:545} INFO - Filling up the DagBag from /usr/local/lib/python3.11/site-packages/airflow/example_dags/tutorial.py
[2025-12-27T15:51:15.260+0000] {processor.py:840} INFO - DAG(s) 'tutorial' retrieved from /usr/local/lib/python3.11/site-packages/airflow/example_dags/tutorial.py
[2025-12-27T15:51:15.302+0000] {logging_mixin.py:188} INFO - [2025-12-27T15:51:15.302+0000] {dag.py:3096} INFO - Sync 1 DAGs
[2025-12-27T15:51:15.349+0000] {logging_mixin.py:188} INFO - [2025-12-27T15:51:15.349+0000] {dag.py:3954} INFO - Setting next_dagrun for tutorial to 2025-12-26 00:00:00+00:00, run_after=2025-12-27 00:00:00+00:00
[2025-12-27T15:51:15.556+0000] {processor.py:183} INFO - Processing /usr/local/lib/python3.11/site-packages/airflow/example_dags/tutorial.py took 0.323 seconds
[2025-12-27T15:52:45.800+0000] {processor.py:161} INFO - Started process (PID=466) to work on /usr/local/lib/python3.11/site-packages/airflow/example_dags/tutorial.py
[2025-12-27T15:52:45.801+0000] {processor.py:830} INFO - Processing file /usr/local/lib/python3.11/site-packages/airflow/example_dags/tutorial.py for tasks to queue
[2025-12-27T15:52:45.803+0000] {logging_mixin.py:188} INFO - [2025-12-27T15:52:45.803+0000] {dagbag.py:545} INFO - Filling up the DagBag from /usr/local/lib/python3.11/site-packages/airflow/example_dags/tutorial.py
[2025-12-27T15:52:45.811+0000] {processor.py:840} INFO - DAG(s) 'tutorial' retrieved from /usr/local/lib/python3.11/site-packages/airflow/example_dags/tutorial.py
[2025-12-27T15:52:45.843+0000] {logging_mixin.py:188} INFO - [2025-12-27T15:52:45.843+0000] {dag.py:3096} INFO - Sync 1 DAGs
[2025-12-27T15:52:45.880+0000] {logging_mixin.py:188} INFO - [2025-12-27T15:52:45.880+0000] {dag.py:3954} INFO - Setting next_dagrun for tutorial to 2025-12-26 00:00:00+00:00, run_after=2025-12-27 00:00:00+00:00
[2025-12-27T15:52:46.106+0000] {processor.py:183} INFO - Processing /usr/local/lib/python3.11/site-packages/airflow/example_dags/tutorial.py took 0.320 seconds
[2025-12-27T15:54:18.081+0000] {processor.py:161} INFO - Started process (PID=530) to work on /usr/local/lib/python3.11/site-packages/airflow/example_dags/tutorial.py
[2025-12-27T15:54:18.083+0000] {processor.py:830} INFO - Processing file /usr/local/lib/python3.11/site-packages/airflow/example_dags/tutorial.py for tasks to queue
[2025-12-27T15:54:18.086+0000] {logging_mixin.py:188} INFO - [2025-12-27T15:54:18.085+0000] {dagbag.py:545} INFO - Filling up the DagBag from /usr/local/lib/python3.11/site-packages/airflow/example_dags/tutorial.py
[2025-12-27T15:54:18.103+0000] {processor.py:840} INFO - DAG(s) 'tutorial' retrieved from /usr/local/lib/python3.11/site-packages/airflow/example_dags/tutorial.py
[2025-12-27T15:54:18.147+0000] {logging_mixin.py:188} INFO - [2025-12-27T15:54:18.147+0000] {dag.py:3096} INFO - Sync 1 DAGs
[2025-12-27T15:54:18.219+0000] {logging_mixin.py:188} INFO - [2025-12-27T15:54:18.218+0000] {dag.py:3954} INFO - Setting next_dagrun for tutorial to 2025-12-26 00:00:00+00:00, run_after=2025-12-27 00:00:00+00:00
[2025-12-27T15:54:18.427+0000] {processor.py:183} INFO - Processing /usr/local/lib/python3.11/site-packages/airflow/example_dags/tutorial.py took 0.364 seconds
[2025-12-27T15:55:49.729+0000] {processor.py:161} INFO - Started process (PID=600) to work on /usr/local/lib/python3.11/site-packages/airflow/example_dags/tutorial.py
[2025-12-27T15:55:49.733+0000] {processor.py:830} INFO - Processing file /usr/local/lib/python3.11/site-packages/airflow/example_dags/tutorial.py for tasks to queue
[2025-12-27T15:55:49.737+0000] {logging_mixin.py:188} INFO - [2025-12-27T15:55:49.735+0000] {dagbag.py:545} INFO - Filling up the DagBag from /usr/local/lib/python3.11/site-packages/airflow/example_dags/tutorial.py
[2025-12-27T15:55:49.748+0000] {processor.py:840} INFO - DAG(s) 'tutorial' retrieved from /usr/local/lib/python3.11/site-packages/airflow/example_dags/tutorial.py
[2025-12-27T15:55:49.967+0000] {logging_mixin.py:188} INFO - [2025-12-27T15:55:49.967+0000] {dag.py:3096} INFO - Sync 1 DAGs
[2025-12-27T15:55:50.011+0000] {logging_mixin.py:188} INFO - [2025-12-27T15:55:50.011+0000] {dag.py:3954} INFO - Setting next_dagrun for tutorial to 2025-12-26 00:00:00+00:00, run_after=2025-12-27 00:00:00+00:00
[2025-12-27T15:55:50.199+0000] {processor.py:183} INFO - Processing /usr/local/lib/python3.11/site-packages/airflow/example_dags/tutorial.py took 0.488 seconds
[2025-12-27T15:57:22.801+0000] {processor.py:161} INFO - Started process (PID=668) to work on /usr/local/lib/python3.11/site-packages/airflow/example_dags/tutorial.py
[2025-12-27T15:57:22.803+0000] {processor.py:830} INFO - Processing file /usr/local/lib/python3.11/site-packages/airflow/example_dags/tutorial.py for tasks to queue
[2025-12-27T15:57:22.805+0000] {logging_mixin.py:188} INFO - [2025-12-27T15:57:22.805+0000] {dagbag.py:545} INFO - Filling up the DagBag from /usr/local/lib/python3.11/site-packages/airflow/example_dags/tutorial.py
[2025-12-27T15:57:22.812+0000] {processor.py:840} INFO - DAG(s) 'tutorial' retrieved from /usr/local/lib/python3.11/site-packages/airflow/example_dags/tutorial.py
[2025-12-27T15:57:22.841+0000] {logging_mixin.py:188} INFO - [2025-12-27T15:57:22.841+0000] {dag.py:3096} INFO - Sync 1 DAGs
[2025-12-27T15:57:22.871+0000] {logging_mixin.py:188} INFO - [2025-12-27T15:57:22.871+0000] {dag.py:3954} INFO - Setting next_dagrun for tutorial to 2025-12-26 00:00:00+00:00, run_after=2025-12-27 00:00:00+00:00
[2025-12-27T15:57:23.062+0000] {processor.py:183} INFO - Processing /usr/local/lib/python3.11/site-packages/airflow/example_dags/tutorial.py took 0.274 seconds
[2025-12-27T15:58:52.597+0000] {processor.py:161} INFO - Started process (PID=731) to work on /usr/local/lib/python3.11/site-packages/airflow/example_dags/tutorial.py
[2025-12-27T15:58:52.598+0000] {processor.py:830} INFO - Processing file /usr/local/lib/python3.11/site-packages/airflow/example_dags/tutorial.py for tasks to queue
[2025-12-27T15:58:52.601+0000] {logging_mixin.py:188} INFO - [2025-12-27T15:58:52.600+0000] {dagbag.py:545} INFO - Filling up the DagBag from /usr/local/lib/python3.11/site-packages/airflow/example_dags/tutorial.py
[2025-12-27T15:58:52.622+0000] {processor.py:840} INFO - DAG(s) 'tutorial' retrieved from /usr/local/lib/python3.11/site-packages/airflow/example_dags/tutorial.py
[2025-12-27T15:58:52.699+0000] {logging_mixin.py:188} INFO - [2025-12-27T15:58:52.699+0000] {dag.py:3096} INFO - Sync 1 DAGs
[2025-12-27T15:58:52.769+0000] {logging_mixin.py:188} INFO - [2025-12-27T15:58:52.768+0000] {dag.py:3954} INFO - Setting next_dagrun for tutorial to 2025-12-26 00:00:00+00:00, run_after=2025-12-27 00:00:00+00:00
[2025-12-27T15:58:53.036+0000] {processor.py:183} INFO - Processing /usr/local/lib/python3.11/site-packages/airflow/example_dags/tutorial.py took 0.456 seconds
[2025-12-27T16:00:47.423+0000] {processor.py:161} INFO - Started process (PID=799) to work on /usr/local/lib/python3.11/site-packages/airflow/example_dags/tutorial.py
[2025-12-27T16:00:47.424+0000] {processor.py:830} INFO - Processing file /usr/local/lib/python3.11/site-packages/airflow/example_dags/tutorial.py for tasks to queue
[2025-12-27T16:00:47.427+0000] {logging_mixin.py:188} INFO - [2025-12-27T16:00:47.427+0000] {dagbag.py:545} INFO - Filling up the DagBag from /usr/local/lib/python3.11/site-packages/airflow/example_dags/tutorial.py
[2025-12-27T16:00:47.435+0000] {processor.py:840} INFO - DAG(s) 'tutorial' retrieved from /usr/local/lib/python3.11/site-packages/airflow/example_dags/tutorial.py
[2025-12-27T16:00:47.473+0000] {logging_mixin.py:188} INFO - [2025-12-27T16:00:47.473+0000] {dag.py:3096} INFO - Sync 1 DAGs
[2025-12-27T16:00:47.505+0000] {logging_mixin.py:188} INFO - [2025-12-27T16:00:47.505+0000] {dag.py:3954} INFO - Setting next_dagrun for tutorial to 2025-12-26 00:00:00+00:00, run_after=2025-12-27 00:00:00+00:00
[2025-12-27T16:00:47.701+0000] {processor.py:183} INFO - Processing /usr/local/lib/python3.11/site-packages/airflow/example_dags/tutorial.py took 0.292 seconds
[2025-12-27T21:00:50.799+0000] {processor.py:161} INFO - Started process (PID=79) to work on /usr/local/lib/python3.11/site-packages/airflow/example_dags/tutorial.py
[2025-12-27T21:00:50.843+0000] {processor.py:830} INFO - Processing file /usr/local/lib/python3.11/site-packages/airflow/example_dags/tutorial.py for tasks to queue
[2025-12-27T21:00:50.845+0000] {logging_mixin.py:188} INFO - [2025-12-27T21:00:50.844+0000] {dagbag.py:545} INFO - Filling up the DagBag from /usr/local/lib/python3.11/site-packages/airflow/example_dags/tutorial.py
[2025-12-27T21:00:50.854+0000] {processor.py:840} INFO - DAG(s) 'tutorial' retrieved from /usr/local/lib/python3.11/site-packages/airflow/example_dags/tutorial.py
[2025-12-27T21:00:51.032+0000] {logging_mixin.py:188} INFO - [2025-12-27T21:00:51.032+0000] {dag.py:3096} INFO - Sync 1 DAGs
[2025-12-27T21:00:51.064+0000] {logging_mixin.py:188} INFO - [2025-12-27T21:00:51.064+0000] {dag.py:3954} INFO - Setting next_dagrun for tutorial to 2025-12-26 00:00:00+00:00, run_after=2025-12-27 00:00:00+00:00
[2025-12-27T21:00:51.255+0000] {processor.py:183} INFO - Processing /usr/local/lib/python3.11/site-packages/airflow/example_dags/tutorial.py took 0.468 seconds
[2025-12-27T21:02:17.906+0000] {processor.py:161} INFO - Started process (PID=141) to work on /usr/local/lib/python3.11/site-packages/airflow/example_dags/tutorial.py
[2025-12-27T21:02:17.908+0000] {processor.py:830} INFO - Processing file /usr/local/lib/python3.11/site-packages/airflow/example_dags/tutorial.py for tasks to queue
[2025-12-27T21:02:17.909+0000] {logging_mixin.py:188} INFO - [2025-12-27T21:02:17.909+0000] {dagbag.py:545} INFO - Filling up the DagBag from /usr/local/lib/python3.11/site-packages/airflow/example_dags/tutorial.py
[2025-12-27T21:02:17.918+0000] {processor.py:840} INFO - DAG(s) 'tutorial' retrieved from /usr/local/lib/python3.11/site-packages/airflow/example_dags/tutorial.py
[2025-12-27T21:02:17.949+0000] {logging_mixin.py:188} INFO - [2025-12-27T21:02:17.949+0000] {dag.py:3096} INFO - Sync 1 DAGs
[2025-12-27T21:02:17.980+0000] {logging_mixin.py:188} INFO - [2025-12-27T21:02:17.980+0000] {dag.py:3954} INFO - Setting next_dagrun for tutorial to 2025-12-26 00:00:00+00:00, run_after=2025-12-27 00:00:00+00:00
[2025-12-27T21:02:18.162+0000] {processor.py:183} INFO - Processing /usr/local/lib/python3.11/site-packages/airflow/example_dags/tutorial.py took 0.271 seconds
[2025-12-27T21:03:44.522+0000] {processor.py:161} INFO - Started process (PID=203) to work on /usr/local/lib/python3.11/site-packages/airflow/example_dags/tutorial.py
[2025-12-27T21:03:44.523+0000] {processor.py:830} INFO - Processing file /usr/local/lib/python3.11/site-packages/airflow/example_dags/tutorial.py for tasks to queue
[2025-12-27T21:03:44.525+0000] {logging_mixin.py:188} INFO - [2025-12-27T21:03:44.524+0000] {dagbag.py:545} INFO - Filling up the DagBag from /usr/local/lib/python3.11/site-packages/airflow/example_dags/tutorial.py
[2025-12-27T21:03:44.534+0000] {processor.py:840} INFO - DAG(s) 'tutorial' retrieved from /usr/local/lib/python3.11/site-packages/airflow/example_dags/tutorial.py
[2025-12-27T21:03:44.565+0000] {logging_mixin.py:188} INFO - [2025-12-27T21:03:44.564+0000] {dag.py:3096} INFO - Sync 1 DAGs
[2025-12-27T21:03:44.599+0000] {logging_mixin.py:188} INFO - [2025-12-27T21:03:44.598+0000] {dag.py:3954} INFO - Setting next_dagrun for tutorial to 2025-12-26 00:00:00+00:00, run_after=2025-12-27 00:00:00+00:00
[2025-12-27T21:03:44.859+0000] {processor.py:183} INFO - Processing /usr/local/lib/python3.11/site-packages/airflow/example_dags/tutorial.py took 0.357 seconds
[2025-12-27T21:05:21.834+0000] {processor.py:161} INFO - Started process (PID=266) to work on /usr/local/lib/python3.11/site-packages/airflow/example_dags/tutorial.py
[2025-12-27T21:05:21.835+0000] {processor.py:830} INFO - Processing file /usr/local/lib/python3.11/site-packages/airflow/example_dags/tutorial.py for tasks to queue
[2025-12-27T21:05:21.836+0000] {logging_mixin.py:188} INFO - [2025-12-27T21:05:21.836+0000] {dagbag.py:545} INFO - Filling up the DagBag from /usr/local/lib/python3.11/site-packages/airflow/example_dags/tutorial.py
[2025-12-27T21:05:21.844+0000] {processor.py:840} INFO - DAG(s) 'tutorial' retrieved from /usr/local/lib/python3.11/site-packages/airflow/example_dags/tutorial.py
[2025-12-27T21:05:21.876+0000] {logging_mixin.py:188} INFO - [2025-12-27T21:05:21.875+0000] {dag.py:3096} INFO - Sync 1 DAGs
[2025-12-27T21:05:21.908+0000] {logging_mixin.py:188} INFO - [2025-12-27T21:05:21.908+0000] {dag.py:3954} INFO - Setting next_dagrun for tutorial to 2025-12-26 00:00:00+00:00, run_after=2025-12-27 00:00:00+00:00
[2025-12-27T21:05:22.242+0000] {processor.py:183} INFO - Processing /usr/local/lib/python3.11/site-packages/airflow/example_dags/tutorial.py took 0.420 seconds
[2025-12-27T21:20:21.286+0000] {processor.py:161} INFO - Started process (PID=74) to work on /usr/local/lib/python3.11/site-packages/airflow/example_dags/tutorial.py
[2025-12-27T21:20:21.306+0000] {processor.py:830} INFO - Processing file /usr/local/lib/python3.11/site-packages/airflow/example_dags/tutorial.py for tasks to queue
[2025-12-27T21:20:21.310+0000] {logging_mixin.py:188} INFO - [2025-12-27T21:20:21.309+0000] {dagbag.py:545} INFO - Filling up the DagBag from /usr/local/lib/python3.11/site-packages/airflow/example_dags/tutorial.py
[2025-12-27T21:20:21.322+0000] {processor.py:840} INFO - DAG(s) 'tutorial' retrieved from /usr/local/lib/python3.11/site-packages/airflow/example_dags/tutorial.py
[2025-12-27T21:20:21.551+0000] {logging_mixin.py:188} INFO - [2025-12-27T21:20:21.551+0000] {dag.py:3096} INFO - Sync 1 DAGs
[2025-12-27T21:20:21.586+0000] {logging_mixin.py:188} INFO - [2025-12-27T21:20:21.586+0000] {dag.py:3954} INFO - Setting next_dagrun for tutorial to 2025-12-26 00:00:00+00:00, run_after=2025-12-27 00:00:00+00:00
[2025-12-27T21:20:21.925+0000] {processor.py:183} INFO - Processing /usr/local/lib/python3.11/site-packages/airflow/example_dags/tutorial.py took 0.668 seconds
[2025-12-27T21:22:02.048+0000] {processor.py:161} INFO - Started process (PID=148) to work on /usr/local/lib/python3.11/site-packages/airflow/example_dags/tutorial.py
[2025-12-27T21:22:02.055+0000] {processor.py:830} INFO - Processing file /usr/local/lib/python3.11/site-packages/airflow/example_dags/tutorial.py for tasks to queue
[2025-12-27T21:22:02.058+0000] {logging_mixin.py:188} INFO - [2025-12-27T21:22:02.058+0000] {dagbag.py:545} INFO - Filling up the DagBag from /usr/local/lib/python3.11/site-packages/airflow/example_dags/tutorial.py
[2025-12-27T21:22:02.076+0000] {processor.py:840} INFO - DAG(s) 'tutorial' retrieved from /usr/local/lib/python3.11/site-packages/airflow/example_dags/tutorial.py
[2025-12-27T21:22:02.165+0000] {logging_mixin.py:188} INFO - [2025-12-27T21:22:02.165+0000] {dag.py:3096} INFO - Sync 1 DAGs
[2025-12-27T21:22:02.220+0000] {logging_mixin.py:188} INFO - [2025-12-27T21:22:02.220+0000] {dag.py:3954} INFO - Setting next_dagrun for tutorial to 2025-12-26 00:00:00+00:00, run_after=2025-12-27 00:00:00+00:00
[2025-12-27T21:22:02.991+0000] {processor.py:183} INFO - Processing /usr/local/lib/python3.11/site-packages/airflow/example_dags/tutorial.py took 0.978 seconds
[2025-12-27T21:23:37.359+0000] {processor.py:161} INFO - Started process (PID=212) to work on /usr/local/lib/python3.11/site-packages/airflow/example_dags/tutorial.py
[2025-12-27T21:23:37.360+0000] {processor.py:830} INFO - Processing file /usr/local/lib/python3.11/site-packages/airflow/example_dags/tutorial.py for tasks to queue
[2025-12-27T21:23:37.365+0000] {logging_mixin.py:188} INFO - [2025-12-27T21:23:37.364+0000] {dagbag.py:545} INFO - Filling up the DagBag from /usr/local/lib/python3.11/site-packages/airflow/example_dags/tutorial.py
[2025-12-27T21:23:37.376+0000] {processor.py:840} INFO - DAG(s) 'tutorial' retrieved from /usr/local/lib/python3.11/site-packages/airflow/example_dags/tutorial.py
[2025-12-27T21:23:37.419+0000] {logging_mixin.py:188} INFO - [2025-12-27T21:23:37.418+0000] {dag.py:3096} INFO - Sync 1 DAGs
[2025-12-27T21:23:37.457+0000] {logging_mixin.py:188} INFO - [2025-12-27T21:23:37.457+0000] {dag.py:3954} INFO - Setting next_dagrun for tutorial to 2025-12-26 00:00:00+00:00, run_after=2025-12-27 00:00:00+00:00
[2025-12-27T21:23:37.661+0000] {processor.py:183} INFO - Processing /usr/local/lib/python3.11/site-packages/airflow/example_dags/tutorial.py took 0.327 seconds
[2025-12-27T21:25:13.786+0000] {processor.py:161} INFO - Started process (PID=275) to work on /usr/local/lib/python3.11/site-packages/airflow/example_dags/tutorial.py
[2025-12-27T21:25:13.788+0000] {processor.py:830} INFO - Processing file /usr/local/lib/python3.11/site-packages/airflow/example_dags/tutorial.py for tasks to queue
[2025-12-27T21:25:13.792+0000] {logging_mixin.py:188} INFO - [2025-12-27T21:25:13.791+0000] {dagbag.py:545} INFO - Filling up the DagBag from /usr/local/lib/python3.11/site-packages/airflow/example_dags/tutorial.py
[2025-12-27T21:25:13.805+0000] {processor.py:840} INFO - DAG(s) 'tutorial' retrieved from /usr/local/lib/python3.11/site-packages/airflow/example_dags/tutorial.py
[2025-12-27T21:25:13.841+0000] {logging_mixin.py:188} INFO - [2025-12-27T21:25:13.841+0000] {dag.py:3096} INFO - Sync 1 DAGs
[2025-12-27T21:25:13.997+0000] {logging_mixin.py:188} INFO - [2025-12-27T21:25:13.996+0000] {dag.py:3954} INFO - Setting next_dagrun for tutorial to 2025-12-26 00:00:00+00:00, run_after=2025-12-27 00:00:00+00:00
[2025-12-27T21:25:14.219+0000] {processor.py:183} INFO - Processing /usr/local/lib/python3.11/site-packages/airflow/example_dags/tutorial.py took 0.453 seconds
[2025-12-27T21:26:58.556+0000] {processor.py:161} INFO - Started process (PID=364) to work on /usr/local/lib/python3.11/site-packages/airflow/example_dags/tutorial.py
[2025-12-27T21:26:58.558+0000] {processor.py:830} INFO - Processing file /usr/local/lib/python3.11/site-packages/airflow/example_dags/tutorial.py for tasks to queue
[2025-12-27T21:26:58.561+0000] {logging_mixin.py:188} INFO - [2025-12-27T21:26:58.560+0000] {dagbag.py:545} INFO - Filling up the DagBag from /usr/local/lib/python3.11/site-packages/airflow/example_dags/tutorial.py
[2025-12-27T21:26:58.570+0000] {processor.py:840} INFO - DAG(s) 'tutorial' retrieved from /usr/local/lib/python3.11/site-packages/airflow/example_dags/tutorial.py
[2025-12-27T21:26:58.599+0000] {logging_mixin.py:188} INFO - [2025-12-27T21:26:58.599+0000] {dag.py:3096} INFO - Sync 1 DAGs
[2025-12-27T21:26:58.630+0000] {logging_mixin.py:188} INFO - [2025-12-27T21:26:58.630+0000] {dag.py:3954} INFO - Setting next_dagrun for tutorial to 2025-12-26 00:00:00+00:00, run_after=2025-12-27 00:00:00+00:00
[2025-12-27T21:26:58.833+0000] {processor.py:183} INFO - Processing /usr/local/lib/python3.11/site-packages/airflow/example_dags/tutorial.py took 0.299 seconds
[2025-12-27T21:28:27.509+0000] {processor.py:161} INFO - Started process (PID=628) to work on /usr/local/lib/python3.11/site-packages/airflow/example_dags/tutorial.py
[2025-12-27T21:28:27.537+0000] {processor.py:830} INFO - Processing file /usr/local/lib/python3.11/site-packages/airflow/example_dags/tutorial.py for tasks to queue
[2025-12-27T21:28:27.543+0000] {logging_mixin.py:188} INFO - [2025-12-27T21:28:27.543+0000] {dagbag.py:545} INFO - Filling up the DagBag from /usr/local/lib/python3.11/site-packages/airflow/example_dags/tutorial.py
[2025-12-27T21:28:27.560+0000] {processor.py:840} INFO - DAG(s) 'tutorial' retrieved from /usr/local/lib/python3.11/site-packages/airflow/example_dags/tutorial.py
[2025-12-27T21:28:27.644+0000] {logging_mixin.py:188} INFO - [2025-12-27T21:28:27.644+0000] {dag.py:3096} INFO - Sync 1 DAGs
[2025-12-27T21:28:27.691+0000] {logging_mixin.py:188} INFO - [2025-12-27T21:28:27.690+0000] {dag.py:3954} INFO - Setting next_dagrun for tutorial to 2025-12-26 00:00:00+00:00, run_after=2025-12-27 00:00:00+00:00
[2025-12-27T21:28:27.881+0000] {processor.py:183} INFO - Processing /usr/local/lib/python3.11/site-packages/airflow/example_dags/tutorial.py took 0.482 seconds
[2025-12-27T21:33:24.732+0000] {processor.py:161} INFO - Started process (PID=75) to work on /usr/local/lib/python3.11/site-packages/airflow/example_dags/tutorial.py
[2025-12-27T21:33:24.734+0000] {processor.py:830} INFO - Processing file /usr/local/lib/python3.11/site-packages/airflow/example_dags/tutorial.py for tasks to queue
[2025-12-27T21:33:24.739+0000] {logging_mixin.py:188} INFO - [2025-12-27T21:33:24.738+0000] {dagbag.py:545} INFO - Filling up the DagBag from /usr/local/lib/python3.11/site-packages/airflow/example_dags/tutorial.py
[2025-12-27T21:33:24.748+0000] {processor.py:840} INFO - DAG(s) 'tutorial' retrieved from /usr/local/lib/python3.11/site-packages/airflow/example_dags/tutorial.py
[2025-12-27T21:33:24.906+0000] {logging_mixin.py:188} INFO - [2025-12-27T21:33:24.906+0000] {dag.py:3096} INFO - Sync 1 DAGs
[2025-12-27T21:33:24.938+0000] {logging_mixin.py:188} INFO - [2025-12-27T21:33:24.938+0000] {dag.py:3954} INFO - Setting next_dagrun for tutorial to 2025-12-26 00:00:00+00:00, run_after=2025-12-27 00:00:00+00:00
[2025-12-27T21:33:25.189+0000] {processor.py:183} INFO - Processing /usr/local/lib/python3.11/site-packages/airflow/example_dags/tutorial.py took 0.475 seconds
