[2025-12-27T13:46:06.886+0000] {processor.py:161} INFO - Started process (PID=47) to work on /usr/local/lib/python3.11/site-packages/airflow/example_dags/tutorial_dag.py
[2025-12-27T13:46:06.887+0000] {processor.py:830} INFO - Processing file /usr/local/lib/python3.11/site-packages/airflow/example_dags/tutorial_dag.py for tasks to queue
[2025-12-27T13:46:06.889+0000] {logging_mixin.py:188} INFO - [2025-12-27T13:46:06.889+0000] {dagbag.py:545} INFO - Filling up the DagBag from /usr/local/lib/python3.11/site-packages/airflow/example_dags/tutorial_dag.py
[2025-12-27T13:46:06.896+0000] {processor.py:840} INFO - DAG(s) 'tutorial_dag' retrieved from /usr/local/lib/python3.11/site-packages/airflow/example_dags/tutorial_dag.py
[2025-12-27T13:46:07.351+0000] {logging_mixin.py:188} INFO - [2025-12-27T13:46:07.351+0000] {override.py:1930} INFO - Created Permission View: can edit on DAG:tutorial_dag
[2025-12-27T13:46:07.487+0000] {logging_mixin.py:188} INFO - [2025-12-27T13:46:07.486+0000] {override.py:1930} INFO - Created Permission View: can read on DAG:tutorial_dag
[2025-12-27T13:46:07.606+0000] {logging_mixin.py:188} INFO - [2025-12-27T13:46:07.606+0000] {override.py:1930} INFO - Created Permission View: can delete on DAG:tutorial_dag
[2025-12-27T13:46:07.607+0000] {logging_mixin.py:188} INFO - [2025-12-27T13:46:07.607+0000] {dag.py:3096} INFO - Sync 1 DAGs
[2025-12-27T13:46:07.644+0000] {logging_mixin.py:188} INFO - [2025-12-27T13:46:07.644+0000] {dag.py:3118} INFO - Creating ORM DAG for tutorial_dag
[2025-12-27T13:46:07.646+0000] {logging_mixin.py:188} INFO - [2025-12-27T13:46:07.645+0000] {dag.py:3954} INFO - Setting next_dagrun for tutorial_dag to None, run_after=None
[2025-12-27T13:46:07.962+0000] {processor.py:183} INFO - Processing /usr/local/lib/python3.11/site-packages/airflow/example_dags/tutorial_dag.py took 1.088 seconds
[2025-12-27T13:47:54.096+0000] {processor.py:161} INFO - Started process (PID=99) to work on /usr/local/lib/python3.11/site-packages/airflow/example_dags/tutorial_dag.py
[2025-12-27T13:47:54.097+0000] {processor.py:830} INFO - Processing file /usr/local/lib/python3.11/site-packages/airflow/example_dags/tutorial_dag.py for tasks to queue
[2025-12-27T13:47:54.101+0000] {logging_mixin.py:188} INFO - [2025-12-27T13:47:54.101+0000] {dagbag.py:545} INFO - Filling up the DagBag from /usr/local/lib/python3.11/site-packages/airflow/example_dags/tutorial_dag.py
[2025-12-27T13:47:54.108+0000] {processor.py:840} INFO - DAG(s) 'tutorial_dag' retrieved from /usr/local/lib/python3.11/site-packages/airflow/example_dags/tutorial_dag.py
[2025-12-27T13:47:54.140+0000] {logging_mixin.py:188} INFO - [2025-12-27T13:47:54.140+0000] {dag.py:3096} INFO - Sync 1 DAGs
[2025-12-27T13:47:54.158+0000] {logging_mixin.py:188} INFO - [2025-12-27T13:47:54.158+0000] {dag.py:3954} INFO - Setting next_dagrun for tutorial_dag to None, run_after=None
[2025-12-27T13:47:54.501+0000] {processor.py:183} INFO - Processing /usr/local/lib/python3.11/site-packages/airflow/example_dags/tutorial_dag.py took 0.423 seconds
[2025-12-27T13:48:47.604+0000] {processor.py:161} INFO - Started process (PID=137) to work on /usr/local/lib/python3.11/site-packages/airflow/example_dags/tutorial_dag.py
[2025-12-27T13:48:47.605+0000] {processor.py:830} INFO - Processing file /usr/local/lib/python3.11/site-packages/airflow/example_dags/tutorial_dag.py for tasks to queue
[2025-12-27T13:48:47.609+0000] {logging_mixin.py:188} INFO - [2025-12-27T13:48:47.608+0000] {dagbag.py:545} INFO - Filling up the DagBag from /usr/local/lib/python3.11/site-packages/airflow/example_dags/tutorial_dag.py
[2025-12-27T13:48:47.616+0000] {processor.py:840} INFO - DAG(s) 'tutorial_dag' retrieved from /usr/local/lib/python3.11/site-packages/airflow/example_dags/tutorial_dag.py
[2025-12-27T13:48:47.655+0000] {logging_mixin.py:188} INFO - [2025-12-27T13:48:47.655+0000] {dag.py:3096} INFO - Sync 1 DAGs
[2025-12-27T13:48:47.673+0000] {logging_mixin.py:188} INFO - [2025-12-27T13:48:47.673+0000] {dag.py:3954} INFO - Setting next_dagrun for tutorial_dag to None, run_after=None
[2025-12-27T13:48:48.036+0000] {processor.py:183} INFO - Processing /usr/local/lib/python3.11/site-packages/airflow/example_dags/tutorial_dag.py took 0.453 seconds
[2025-12-27T13:50:23.344+0000] {processor.py:161} INFO - Started process (PID=200) to work on /usr/local/lib/python3.11/site-packages/airflow/example_dags/tutorial_dag.py
[2025-12-27T13:50:23.346+0000] {processor.py:830} INFO - Processing file /usr/local/lib/python3.11/site-packages/airflow/example_dags/tutorial_dag.py for tasks to queue
[2025-12-27T13:50:23.348+0000] {logging_mixin.py:188} INFO - [2025-12-27T13:50:23.347+0000] {dagbag.py:545} INFO - Filling up the DagBag from /usr/local/lib/python3.11/site-packages/airflow/example_dags/tutorial_dag.py
[2025-12-27T13:50:23.354+0000] {processor.py:840} INFO - DAG(s) 'tutorial_dag' retrieved from /usr/local/lib/python3.11/site-packages/airflow/example_dags/tutorial_dag.py
[2025-12-27T13:50:23.387+0000] {logging_mixin.py:188} INFO - [2025-12-27T13:50:23.386+0000] {dag.py:3096} INFO - Sync 1 DAGs
[2025-12-27T13:50:23.404+0000] {logging_mixin.py:188} INFO - [2025-12-27T13:50:23.404+0000] {dag.py:3954} INFO - Setting next_dagrun for tutorial_dag to None, run_after=None
[2025-12-27T13:50:23.622+0000] {processor.py:183} INFO - Processing /usr/local/lib/python3.11/site-packages/airflow/example_dags/tutorial_dag.py took 0.290 seconds
[2025-12-27T13:51:47.816+0000] {processor.py:161} INFO - Started process (PID=261) to work on /usr/local/lib/python3.11/site-packages/airflow/example_dags/tutorial_dag.py
[2025-12-27T13:51:47.818+0000] {processor.py:830} INFO - Processing file /usr/local/lib/python3.11/site-packages/airflow/example_dags/tutorial_dag.py for tasks to queue
[2025-12-27T13:51:47.821+0000] {logging_mixin.py:188} INFO - [2025-12-27T13:51:47.820+0000] {dagbag.py:545} INFO - Filling up the DagBag from /usr/local/lib/python3.11/site-packages/airflow/example_dags/tutorial_dag.py
[2025-12-27T13:51:47.831+0000] {processor.py:840} INFO - DAG(s) 'tutorial_dag' retrieved from /usr/local/lib/python3.11/site-packages/airflow/example_dags/tutorial_dag.py
[2025-12-27T13:51:47.868+0000] {logging_mixin.py:188} INFO - [2025-12-27T13:51:47.867+0000] {dag.py:3096} INFO - Sync 1 DAGs
[2025-12-27T13:51:47.888+0000] {logging_mixin.py:188} INFO - [2025-12-27T13:51:47.888+0000] {dag.py:3954} INFO - Setting next_dagrun for tutorial_dag to None, run_after=None
[2025-12-27T13:51:48.069+0000] {processor.py:183} INFO - Processing /usr/local/lib/python3.11/site-packages/airflow/example_dags/tutorial_dag.py took 0.267 seconds
[2025-12-27T13:53:08.101+0000] {processor.py:161} INFO - Started process (PID=320) to work on /usr/local/lib/python3.11/site-packages/airflow/example_dags/tutorial_dag.py
[2025-12-27T13:53:08.102+0000] {processor.py:830} INFO - Processing file /usr/local/lib/python3.11/site-packages/airflow/example_dags/tutorial_dag.py for tasks to queue
[2025-12-27T13:53:08.104+0000] {logging_mixin.py:188} INFO - [2025-12-27T13:53:08.104+0000] {dagbag.py:545} INFO - Filling up the DagBag from /usr/local/lib/python3.11/site-packages/airflow/example_dags/tutorial_dag.py
[2025-12-27T13:53:08.111+0000] {processor.py:840} INFO - DAG(s) 'tutorial_dag' retrieved from /usr/local/lib/python3.11/site-packages/airflow/example_dags/tutorial_dag.py
[2025-12-27T13:53:08.147+0000] {logging_mixin.py:188} INFO - [2025-12-27T13:53:08.147+0000] {dag.py:3096} INFO - Sync 1 DAGs
[2025-12-27T13:53:08.163+0000] {logging_mixin.py:188} INFO - [2025-12-27T13:53:08.163+0000] {dag.py:3954} INFO - Setting next_dagrun for tutorial_dag to None, run_after=None
[2025-12-27T13:53:08.362+0000] {processor.py:183} INFO - Processing /usr/local/lib/python3.11/site-packages/airflow/example_dags/tutorial_dag.py took 0.277 seconds
[2025-12-27T13:54:33.149+0000] {processor.py:161} INFO - Started process (PID=382) to work on /usr/local/lib/python3.11/site-packages/airflow/example_dags/tutorial_dag.py
[2025-12-27T13:54:33.150+0000] {processor.py:830} INFO - Processing file /usr/local/lib/python3.11/site-packages/airflow/example_dags/tutorial_dag.py for tasks to queue
[2025-12-27T13:54:33.152+0000] {logging_mixin.py:188} INFO - [2025-12-27T13:54:33.152+0000] {dagbag.py:545} INFO - Filling up the DagBag from /usr/local/lib/python3.11/site-packages/airflow/example_dags/tutorial_dag.py
[2025-12-27T13:54:33.158+0000] {processor.py:840} INFO - DAG(s) 'tutorial_dag' retrieved from /usr/local/lib/python3.11/site-packages/airflow/example_dags/tutorial_dag.py
[2025-12-27T13:54:33.195+0000] {logging_mixin.py:188} INFO - [2025-12-27T13:54:33.195+0000] {dag.py:3096} INFO - Sync 1 DAGs
[2025-12-27T13:54:33.212+0000] {logging_mixin.py:188} INFO - [2025-12-27T13:54:33.212+0000] {dag.py:3954} INFO - Setting next_dagrun for tutorial_dag to None, run_after=None
[2025-12-27T13:54:33.409+0000] {processor.py:183} INFO - Processing /usr/local/lib/python3.11/site-packages/airflow/example_dags/tutorial_dag.py took 0.273 seconds
[2025-12-27T13:55:57.352+0000] {processor.py:161} INFO - Started process (PID=443) to work on /usr/local/lib/python3.11/site-packages/airflow/example_dags/tutorial_dag.py
[2025-12-27T13:55:57.353+0000] {processor.py:830} INFO - Processing file /usr/local/lib/python3.11/site-packages/airflow/example_dags/tutorial_dag.py for tasks to queue
[2025-12-27T13:55:57.356+0000] {logging_mixin.py:188} INFO - [2025-12-27T13:55:57.355+0000] {dagbag.py:545} INFO - Filling up the DagBag from /usr/local/lib/python3.11/site-packages/airflow/example_dags/tutorial_dag.py
[2025-12-27T13:55:57.362+0000] {processor.py:840} INFO - DAG(s) 'tutorial_dag' retrieved from /usr/local/lib/python3.11/site-packages/airflow/example_dags/tutorial_dag.py
[2025-12-27T13:55:57.394+0000] {logging_mixin.py:188} INFO - [2025-12-27T13:55:57.394+0000] {dag.py:3096} INFO - Sync 1 DAGs
[2025-12-27T13:55:57.412+0000] {logging_mixin.py:188} INFO - [2025-12-27T13:55:57.412+0000] {dag.py:3954} INFO - Setting next_dagrun for tutorial_dag to None, run_after=None
[2025-12-27T13:55:57.656+0000] {processor.py:183} INFO - Processing /usr/local/lib/python3.11/site-packages/airflow/example_dags/tutorial_dag.py took 0.317 seconds
[2025-12-27T13:57:25.990+0000] {processor.py:161} INFO - Started process (PID=505) to work on /usr/local/lib/python3.11/site-packages/airflow/example_dags/tutorial_dag.py
[2025-12-27T13:57:25.992+0000] {processor.py:830} INFO - Processing file /usr/local/lib/python3.11/site-packages/airflow/example_dags/tutorial_dag.py for tasks to queue
[2025-12-27T13:57:25.996+0000] {logging_mixin.py:188} INFO - [2025-12-27T13:57:25.995+0000] {dagbag.py:545} INFO - Filling up the DagBag from /usr/local/lib/python3.11/site-packages/airflow/example_dags/tutorial_dag.py
[2025-12-27T13:57:26.012+0000] {processor.py:840} INFO - DAG(s) 'tutorial_dag' retrieved from /usr/local/lib/python3.11/site-packages/airflow/example_dags/tutorial_dag.py
[2025-12-27T13:57:26.069+0000] {logging_mixin.py:188} INFO - [2025-12-27T13:57:26.069+0000] {dag.py:3096} INFO - Sync 1 DAGs
[2025-12-27T13:57:26.091+0000] {logging_mixin.py:188} INFO - [2025-12-27T13:57:26.090+0000] {dag.py:3954} INFO - Setting next_dagrun for tutorial_dag to None, run_after=None
[2025-12-27T13:57:26.276+0000] {processor.py:183} INFO - Processing /usr/local/lib/python3.11/site-packages/airflow/example_dags/tutorial_dag.py took 0.310 seconds
[2025-12-27T13:58:48.300+0000] {processor.py:161} INFO - Started process (PID=565) to work on /usr/local/lib/python3.11/site-packages/airflow/example_dags/tutorial_dag.py
[2025-12-27T13:58:48.301+0000] {processor.py:830} INFO - Processing file /usr/local/lib/python3.11/site-packages/airflow/example_dags/tutorial_dag.py for tasks to queue
[2025-12-27T13:58:48.304+0000] {logging_mixin.py:188} INFO - [2025-12-27T13:58:48.303+0000] {dagbag.py:545} INFO - Filling up the DagBag from /usr/local/lib/python3.11/site-packages/airflow/example_dags/tutorial_dag.py
[2025-12-27T13:58:48.311+0000] {processor.py:840} INFO - DAG(s) 'tutorial_dag' retrieved from /usr/local/lib/python3.11/site-packages/airflow/example_dags/tutorial_dag.py
[2025-12-27T13:58:48.353+0000] {logging_mixin.py:188} INFO - [2025-12-27T13:58:48.353+0000] {dag.py:3096} INFO - Sync 1 DAGs
[2025-12-27T13:58:48.372+0000] {logging_mixin.py:188} INFO - [2025-12-27T13:58:48.372+0000] {dag.py:3954} INFO - Setting next_dagrun for tutorial_dag to None, run_after=None
[2025-12-27T13:58:48.561+0000] {processor.py:183} INFO - Processing /usr/local/lib/python3.11/site-packages/airflow/example_dags/tutorial_dag.py took 0.284 seconds
[2025-12-27T14:00:13.964+0000] {processor.py:161} INFO - Started process (PID=626) to work on /usr/local/lib/python3.11/site-packages/airflow/example_dags/tutorial_dag.py
[2025-12-27T14:00:13.965+0000] {processor.py:830} INFO - Processing file /usr/local/lib/python3.11/site-packages/airflow/example_dags/tutorial_dag.py for tasks to queue
[2025-12-27T14:00:13.967+0000] {logging_mixin.py:188} INFO - [2025-12-27T14:00:13.967+0000] {dagbag.py:545} INFO - Filling up the DagBag from /usr/local/lib/python3.11/site-packages/airflow/example_dags/tutorial_dag.py
[2025-12-27T14:00:13.974+0000] {processor.py:840} INFO - DAG(s) 'tutorial_dag' retrieved from /usr/local/lib/python3.11/site-packages/airflow/example_dags/tutorial_dag.py
[2025-12-27T14:00:14.004+0000] {logging_mixin.py:188} INFO - [2025-12-27T14:00:14.004+0000] {dag.py:3096} INFO - Sync 1 DAGs
[2025-12-27T14:00:14.023+0000] {logging_mixin.py:188} INFO - [2025-12-27T14:00:14.023+0000] {dag.py:3954} INFO - Setting next_dagrun for tutorial_dag to None, run_after=None
[2025-12-27T14:00:14.220+0000] {processor.py:183} INFO - Processing /usr/local/lib/python3.11/site-packages/airflow/example_dags/tutorial_dag.py took 0.270 seconds
[2025-12-27T14:01:03.195+0000] {processor.py:161} INFO - Started process (PID=658) to work on /usr/local/lib/python3.11/site-packages/airflow/example_dags/tutorial_dag.py
[2025-12-27T14:01:03.196+0000] {processor.py:830} INFO - Processing file /usr/local/lib/python3.11/site-packages/airflow/example_dags/tutorial_dag.py for tasks to queue
[2025-12-27T14:01:03.198+0000] {logging_mixin.py:188} INFO - [2025-12-27T14:01:03.197+0000] {dagbag.py:545} INFO - Filling up the DagBag from /usr/local/lib/python3.11/site-packages/airflow/example_dags/tutorial_dag.py
[2025-12-27T14:01:03.204+0000] {processor.py:840} INFO - DAG(s) 'tutorial_dag' retrieved from /usr/local/lib/python3.11/site-packages/airflow/example_dags/tutorial_dag.py
[2025-12-27T14:01:03.253+0000] {logging_mixin.py:188} INFO - [2025-12-27T14:01:03.253+0000] {dag.py:3096} INFO - Sync 1 DAGs
[2025-12-27T14:01:03.285+0000] {logging_mixin.py:188} INFO - [2025-12-27T14:01:03.285+0000] {dag.py:3954} INFO - Setting next_dagrun for tutorial_dag to None, run_after=None
[2025-12-27T14:01:03.503+0000] {processor.py:183} INFO - Processing /usr/local/lib/python3.11/site-packages/airflow/example_dags/tutorial_dag.py took 0.323 seconds
[2025-12-27T14:02:24.477+0000] {processor.py:161} INFO - Started process (PID=693) to work on /usr/local/lib/python3.11/site-packages/airflow/example_dags/tutorial_dag.py
[2025-12-27T14:02:24.478+0000] {processor.py:830} INFO - Processing file /usr/local/lib/python3.11/site-packages/airflow/example_dags/tutorial_dag.py for tasks to queue
[2025-12-27T14:02:24.481+0000] {logging_mixin.py:188} INFO - [2025-12-27T14:02:24.480+0000] {dagbag.py:545} INFO - Filling up the DagBag from /usr/local/lib/python3.11/site-packages/airflow/example_dags/tutorial_dag.py
[2025-12-27T14:02:24.492+0000] {processor.py:840} INFO - DAG(s) 'tutorial_dag' retrieved from /usr/local/lib/python3.11/site-packages/airflow/example_dags/tutorial_dag.py
[2025-12-27T14:02:24.541+0000] {logging_mixin.py:188} INFO - [2025-12-27T14:02:24.540+0000] {dag.py:3096} INFO - Sync 1 DAGs
[2025-12-27T14:02:24.572+0000] {logging_mixin.py:188} INFO - [2025-12-27T14:02:24.572+0000] {dag.py:3954} INFO - Setting next_dagrun for tutorial_dag to None, run_after=None
[2025-12-27T14:02:24.887+0000] {processor.py:183} INFO - Processing /usr/local/lib/python3.11/site-packages/airflow/example_dags/tutorial_dag.py took 0.426 seconds
[2025-12-27T14:03:33.514+0000] {processor.py:161} INFO - Started process (PID=737) to work on /usr/local/lib/python3.11/site-packages/airflow/example_dags/tutorial_dag.py
[2025-12-27T14:03:33.515+0000] {processor.py:830} INFO - Processing file /usr/local/lib/python3.11/site-packages/airflow/example_dags/tutorial_dag.py for tasks to queue
[2025-12-27T14:03:33.518+0000] {logging_mixin.py:188} INFO - [2025-12-27T14:03:33.517+0000] {dagbag.py:545} INFO - Filling up the DagBag from /usr/local/lib/python3.11/site-packages/airflow/example_dags/tutorial_dag.py
[2025-12-27T14:03:33.525+0000] {processor.py:840} INFO - DAG(s) 'tutorial_dag' retrieved from /usr/local/lib/python3.11/site-packages/airflow/example_dags/tutorial_dag.py
[2025-12-27T14:03:33.560+0000] {logging_mixin.py:188} INFO - [2025-12-27T14:03:33.559+0000] {dag.py:3096} INFO - Sync 1 DAGs
[2025-12-27T14:03:33.580+0000] {logging_mixin.py:188} INFO - [2025-12-27T14:03:33.580+0000] {dag.py:3954} INFO - Setting next_dagrun for tutorial_dag to None, run_after=None
[2025-12-27T14:03:33.801+0000] {processor.py:183} INFO - Processing /usr/local/lib/python3.11/site-packages/airflow/example_dags/tutorial_dag.py took 0.305 seconds
[2025-12-27T14:04:29.756+0000] {processor.py:161} INFO - Started process (PID=770) to work on /usr/local/lib/python3.11/site-packages/airflow/example_dags/tutorial_dag.py
[2025-12-27T14:04:29.764+0000] {processor.py:830} INFO - Processing file /usr/local/lib/python3.11/site-packages/airflow/example_dags/tutorial_dag.py for tasks to queue
[2025-12-27T14:04:29.770+0000] {logging_mixin.py:188} INFO - [2025-12-27T14:04:29.770+0000] {dagbag.py:545} INFO - Filling up the DagBag from /usr/local/lib/python3.11/site-packages/airflow/example_dags/tutorial_dag.py
[2025-12-27T14:04:29.790+0000] {processor.py:840} INFO - DAG(s) 'tutorial_dag' retrieved from /usr/local/lib/python3.11/site-packages/airflow/example_dags/tutorial_dag.py
[2025-12-27T14:04:29.885+0000] {logging_mixin.py:188} INFO - [2025-12-27T14:04:29.884+0000] {dag.py:3096} INFO - Sync 1 DAGs
[2025-12-27T14:04:29.901+0000] {logging_mixin.py:188} INFO - [2025-12-27T14:04:29.901+0000] {dag.py:3954} INFO - Setting next_dagrun for tutorial_dag to None, run_after=None
[2025-12-27T14:04:30.185+0000] {processor.py:183} INFO - Processing /usr/local/lib/python3.11/site-packages/airflow/example_dags/tutorial_dag.py took 0.477 seconds
[2025-12-27T14:05:23.578+0000] {processor.py:161} INFO - Started process (PID=821) to work on /usr/local/lib/python3.11/site-packages/airflow/example_dags/tutorial_dag.py
[2025-12-27T14:05:23.579+0000] {processor.py:830} INFO - Processing file /usr/local/lib/python3.11/site-packages/airflow/example_dags/tutorial_dag.py for tasks to queue
[2025-12-27T14:05:23.581+0000] {logging_mixin.py:188} INFO - [2025-12-27T14:05:23.581+0000] {dagbag.py:545} INFO - Filling up the DagBag from /usr/local/lib/python3.11/site-packages/airflow/example_dags/tutorial_dag.py
[2025-12-27T14:05:23.590+0000] {processor.py:840} INFO - DAG(s) 'tutorial_dag' retrieved from /usr/local/lib/python3.11/site-packages/airflow/example_dags/tutorial_dag.py
[2025-12-27T14:05:23.630+0000] {logging_mixin.py:188} INFO - [2025-12-27T14:05:23.629+0000] {dag.py:3096} INFO - Sync 1 DAGs
[2025-12-27T14:05:23.661+0000] {logging_mixin.py:188} INFO - [2025-12-27T14:05:23.660+0000] {dag.py:3954} INFO - Setting next_dagrun for tutorial_dag to None, run_after=None
[2025-12-27T14:05:23.934+0000] {processor.py:183} INFO - Processing /usr/local/lib/python3.11/site-packages/airflow/example_dags/tutorial_dag.py took 0.373 seconds
[2025-12-27T14:06:16.534+0000] {processor.py:161} INFO - Started process (PID=853) to work on /usr/local/lib/python3.11/site-packages/airflow/example_dags/tutorial_dag.py
[2025-12-27T14:06:16.536+0000] {processor.py:830} INFO - Processing file /usr/local/lib/python3.11/site-packages/airflow/example_dags/tutorial_dag.py for tasks to queue
[2025-12-27T14:06:16.539+0000] {logging_mixin.py:188} INFO - [2025-12-27T14:06:16.538+0000] {dagbag.py:545} INFO - Filling up the DagBag from /usr/local/lib/python3.11/site-packages/airflow/example_dags/tutorial_dag.py
[2025-12-27T14:06:16.554+0000] {processor.py:840} INFO - DAG(s) 'tutorial_dag' retrieved from /usr/local/lib/python3.11/site-packages/airflow/example_dags/tutorial_dag.py
[2025-12-27T14:06:16.583+0000] {logging_mixin.py:188} INFO - [2025-12-27T14:06:16.582+0000] {dag.py:3096} INFO - Sync 1 DAGs
[2025-12-27T14:06:16.599+0000] {logging_mixin.py:188} INFO - [2025-12-27T14:06:16.599+0000] {dag.py:3954} INFO - Setting next_dagrun for tutorial_dag to None, run_after=None
[2025-12-27T14:06:16.833+0000] {processor.py:183} INFO - Processing /usr/local/lib/python3.11/site-packages/airflow/example_dags/tutorial_dag.py took 0.340 seconds
[2025-12-27T14:07:10.999+0000] {processor.py:161} INFO - Started process (PID=890) to work on /usr/local/lib/python3.11/site-packages/airflow/example_dags/tutorial_dag.py
[2025-12-27T14:07:11.000+0000] {processor.py:830} INFO - Processing file /usr/local/lib/python3.11/site-packages/airflow/example_dags/tutorial_dag.py for tasks to queue
[2025-12-27T14:07:11.002+0000] {logging_mixin.py:188} INFO - [2025-12-27T14:07:11.002+0000] {dagbag.py:545} INFO - Filling up the DagBag from /usr/local/lib/python3.11/site-packages/airflow/example_dags/tutorial_dag.py
[2025-12-27T14:07:11.011+0000] {processor.py:840} INFO - DAG(s) 'tutorial_dag' retrieved from /usr/local/lib/python3.11/site-packages/airflow/example_dags/tutorial_dag.py
[2025-12-27T14:07:11.053+0000] {logging_mixin.py:188} INFO - [2025-12-27T14:07:11.052+0000] {dag.py:3096} INFO - Sync 1 DAGs
[2025-12-27T14:07:11.072+0000] {logging_mixin.py:188} INFO - [2025-12-27T14:07:11.072+0000] {dag.py:3954} INFO - Setting next_dagrun for tutorial_dag to None, run_after=None
[2025-12-27T14:07:11.581+0000] {processor.py:183} INFO - Processing /usr/local/lib/python3.11/site-packages/airflow/example_dags/tutorial_dag.py took 0.598 seconds
[2025-12-27T14:08:54.364+0000] {processor.py:161} INFO - Started process (PID=954) to work on /usr/local/lib/python3.11/site-packages/airflow/example_dags/tutorial_dag.py
[2025-12-27T14:08:54.365+0000] {processor.py:830} INFO - Processing file /usr/local/lib/python3.11/site-packages/airflow/example_dags/tutorial_dag.py for tasks to queue
[2025-12-27T14:08:54.368+0000] {logging_mixin.py:188} INFO - [2025-12-27T14:08:54.367+0000] {dagbag.py:545} INFO - Filling up the DagBag from /usr/local/lib/python3.11/site-packages/airflow/example_dags/tutorial_dag.py
[2025-12-27T14:08:54.376+0000] {processor.py:840} INFO - DAG(s) 'tutorial_dag' retrieved from /usr/local/lib/python3.11/site-packages/airflow/example_dags/tutorial_dag.py
[2025-12-27T14:08:54.421+0000] {logging_mixin.py:188} INFO - [2025-12-27T14:08:54.420+0000] {dag.py:3096} INFO - Sync 1 DAGs
[2025-12-27T14:08:54.447+0000] {logging_mixin.py:188} INFO - [2025-12-27T14:08:54.446+0000] {dag.py:3954} INFO - Setting next_dagrun for tutorial_dag to None, run_after=None
[2025-12-27T14:08:54.659+0000] {processor.py:183} INFO - Processing /usr/local/lib/python3.11/site-packages/airflow/example_dags/tutorial_dag.py took 0.316 seconds
[2025-12-27T14:10:34.587+0000] {processor.py:161} INFO - Started process (PID=1018) to work on /usr/local/lib/python3.11/site-packages/airflow/example_dags/tutorial_dag.py
[2025-12-27T14:10:34.588+0000] {processor.py:830} INFO - Processing file /usr/local/lib/python3.11/site-packages/airflow/example_dags/tutorial_dag.py for tasks to queue
[2025-12-27T14:10:34.591+0000] {logging_mixin.py:188} INFO - [2025-12-27T14:10:34.591+0000] {dagbag.py:545} INFO - Filling up the DagBag from /usr/local/lib/python3.11/site-packages/airflow/example_dags/tutorial_dag.py
[2025-12-27T14:10:34.597+0000] {processor.py:840} INFO - DAG(s) 'tutorial_dag' retrieved from /usr/local/lib/python3.11/site-packages/airflow/example_dags/tutorial_dag.py
[2025-12-27T14:10:34.628+0000] {logging_mixin.py:188} INFO - [2025-12-27T14:10:34.628+0000] {dag.py:3096} INFO - Sync 1 DAGs
[2025-12-27T14:10:34.664+0000] {logging_mixin.py:188} INFO - [2025-12-27T14:10:34.664+0000] {dag.py:3954} INFO - Setting next_dagrun for tutorial_dag to None, run_after=None
[2025-12-27T14:10:35.014+0000] {processor.py:183} INFO - Processing /usr/local/lib/python3.11/site-packages/airflow/example_dags/tutorial_dag.py took 0.443 seconds
[2025-12-27T14:11:38.381+0000] {processor.py:161} INFO - Started process (PID=1051) to work on /usr/local/lib/python3.11/site-packages/airflow/example_dags/tutorial_dag.py
[2025-12-27T14:11:38.385+0000] {processor.py:830} INFO - Processing file /usr/local/lib/python3.11/site-packages/airflow/example_dags/tutorial_dag.py for tasks to queue
[2025-12-27T14:11:38.393+0000] {logging_mixin.py:188} INFO - [2025-12-27T14:11:38.391+0000] {dagbag.py:545} INFO - Filling up the DagBag from /usr/local/lib/python3.11/site-packages/airflow/example_dags/tutorial_dag.py
[2025-12-27T14:11:38.416+0000] {processor.py:840} INFO - DAG(s) 'tutorial_dag' retrieved from /usr/local/lib/python3.11/site-packages/airflow/example_dags/tutorial_dag.py
[2025-12-27T14:11:38.517+0000] {logging_mixin.py:188} INFO - [2025-12-27T14:11:38.516+0000] {dag.py:3096} INFO - Sync 1 DAGs
[2025-12-27T14:11:38.616+0000] {logging_mixin.py:188} INFO - [2025-12-27T14:11:38.616+0000] {dag.py:3954} INFO - Setting next_dagrun for tutorial_dag to None, run_after=None
[2025-12-27T14:11:38.944+0000] {processor.py:183} INFO - Processing /usr/local/lib/python3.11/site-packages/airflow/example_dags/tutorial_dag.py took 0.622 seconds
[2025-12-27T14:12:43.157+0000] {processor.py:161} INFO - Started process (PID=1090) to work on /usr/local/lib/python3.11/site-packages/airflow/example_dags/tutorial_dag.py
[2025-12-27T14:12:43.158+0000] {processor.py:830} INFO - Processing file /usr/local/lib/python3.11/site-packages/airflow/example_dags/tutorial_dag.py for tasks to queue
[2025-12-27T14:12:43.163+0000] {logging_mixin.py:188} INFO - [2025-12-27T14:12:43.162+0000] {dagbag.py:545} INFO - Filling up the DagBag from /usr/local/lib/python3.11/site-packages/airflow/example_dags/tutorial_dag.py
[2025-12-27T14:12:43.174+0000] {processor.py:840} INFO - DAG(s) 'tutorial_dag' retrieved from /usr/local/lib/python3.11/site-packages/airflow/example_dags/tutorial_dag.py
[2025-12-27T14:12:43.217+0000] {logging_mixin.py:188} INFO - [2025-12-27T14:12:43.216+0000] {dag.py:3096} INFO - Sync 1 DAGs
[2025-12-27T14:12:43.242+0000] {logging_mixin.py:188} INFO - [2025-12-27T14:12:43.242+0000] {dag.py:3954} INFO - Setting next_dagrun for tutorial_dag to None, run_after=None
[2025-12-27T14:12:43.459+0000] {processor.py:183} INFO - Processing /usr/local/lib/python3.11/site-packages/airflow/example_dags/tutorial_dag.py took 0.328 seconds
[2025-12-27T14:13:44.556+0000] {processor.py:161} INFO - Started process (PID=1124) to work on /usr/local/lib/python3.11/site-packages/airflow/example_dags/tutorial_dag.py
[2025-12-27T14:13:44.557+0000] {processor.py:830} INFO - Processing file /usr/local/lib/python3.11/site-packages/airflow/example_dags/tutorial_dag.py for tasks to queue
[2025-12-27T14:13:44.559+0000] {logging_mixin.py:188} INFO - [2025-12-27T14:13:44.559+0000] {dagbag.py:545} INFO - Filling up the DagBag from /usr/local/lib/python3.11/site-packages/airflow/example_dags/tutorial_dag.py
[2025-12-27T14:13:44.568+0000] {processor.py:840} INFO - DAG(s) 'tutorial_dag' retrieved from /usr/local/lib/python3.11/site-packages/airflow/example_dags/tutorial_dag.py
[2025-12-27T14:13:44.605+0000] {logging_mixin.py:188} INFO - [2025-12-27T14:13:44.605+0000] {dag.py:3096} INFO - Sync 1 DAGs
[2025-12-27T14:13:44.633+0000] {logging_mixin.py:188} INFO - [2025-12-27T14:13:44.633+0000] {dag.py:3954} INFO - Setting next_dagrun for tutorial_dag to None, run_after=None
[2025-12-27T14:13:44.851+0000] {processor.py:183} INFO - Processing /usr/local/lib/python3.11/site-packages/airflow/example_dags/tutorial_dag.py took 0.316 seconds
[2025-12-27T14:14:38.771+0000] {processor.py:161} INFO - Started process (PID=1160) to work on /usr/local/lib/python3.11/site-packages/airflow/example_dags/tutorial_dag.py
[2025-12-27T14:14:38.773+0000] {processor.py:830} INFO - Processing file /usr/local/lib/python3.11/site-packages/airflow/example_dags/tutorial_dag.py for tasks to queue
[2025-12-27T14:14:38.780+0000] {logging_mixin.py:188} INFO - [2025-12-27T14:14:38.779+0000] {dagbag.py:545} INFO - Filling up the DagBag from /usr/local/lib/python3.11/site-packages/airflow/example_dags/tutorial_dag.py
[2025-12-27T14:14:38.801+0000] {processor.py:840} INFO - DAG(s) 'tutorial_dag' retrieved from /usr/local/lib/python3.11/site-packages/airflow/example_dags/tutorial_dag.py
[2025-12-27T14:14:38.885+0000] {logging_mixin.py:188} INFO - [2025-12-27T14:14:38.885+0000] {dag.py:3096} INFO - Sync 1 DAGs
[2025-12-27T14:14:39.020+0000] {logging_mixin.py:188} INFO - [2025-12-27T14:14:39.019+0000] {dag.py:3954} INFO - Setting next_dagrun for tutorial_dag to None, run_after=None
[2025-12-27T14:14:42.933+0000] {processor.py:183} INFO - Processing /usr/local/lib/python3.11/site-packages/airflow/example_dags/tutorial_dag.py took 4.221 seconds
[2025-12-27T14:32:07.927+0000] {processor.py:161} INFO - Started process (PID=43) to work on /usr/local/lib/python3.11/site-packages/airflow/example_dags/tutorial_dag.py
[2025-12-27T14:32:07.929+0000] {processor.py:830} INFO - Processing file /usr/local/lib/python3.11/site-packages/airflow/example_dags/tutorial_dag.py for tasks to queue
[2025-12-27T14:32:07.931+0000] {logging_mixin.py:188} INFO - [2025-12-27T14:32:07.931+0000] {dagbag.py:545} INFO - Filling up the DagBag from /usr/local/lib/python3.11/site-packages/airflow/example_dags/tutorial_dag.py
[2025-12-27T14:32:07.941+0000] {processor.py:840} INFO - DAG(s) 'tutorial_dag' retrieved from /usr/local/lib/python3.11/site-packages/airflow/example_dags/tutorial_dag.py
[2025-12-27T14:32:07.964+0000] {logging_mixin.py:188} INFO - [2025-12-27T14:32:07.964+0000] {dag.py:3096} INFO - Sync 1 DAGs
[2025-12-27T14:32:07.985+0000] {logging_mixin.py:188} INFO - [2025-12-27T14:32:07.985+0000] {dag.py:3954} INFO - Setting next_dagrun for tutorial_dag to None, run_after=None
[2025-12-27T14:32:08.230+0000] {processor.py:183} INFO - Processing /usr/local/lib/python3.11/site-packages/airflow/example_dags/tutorial_dag.py took 0.317 seconds
[2025-12-27T14:33:38.985+0000] {processor.py:161} INFO - Started process (PID=95) to work on /usr/local/lib/python3.11/site-packages/airflow/example_dags/tutorial_dag.py
[2025-12-27T14:33:38.986+0000] {processor.py:830} INFO - Processing file /usr/local/lib/python3.11/site-packages/airflow/example_dags/tutorial_dag.py for tasks to queue
[2025-12-27T14:33:38.991+0000] {logging_mixin.py:188} INFO - [2025-12-27T14:33:38.990+0000] {dagbag.py:545} INFO - Filling up the DagBag from /usr/local/lib/python3.11/site-packages/airflow/example_dags/tutorial_dag.py
[2025-12-27T14:33:38.998+0000] {processor.py:840} INFO - DAG(s) 'tutorial_dag' retrieved from /usr/local/lib/python3.11/site-packages/airflow/example_dags/tutorial_dag.py
[2025-12-27T14:33:39.288+0000] {logging_mixin.py:188} INFO - [2025-12-27T14:33:39.288+0000] {dag.py:3096} INFO - Sync 1 DAGs
[2025-12-27T14:33:39.302+0000] {logging_mixin.py:188} INFO - [2025-12-27T14:33:39.302+0000] {dag.py:3954} INFO - Setting next_dagrun for tutorial_dag to None, run_after=None
[2025-12-27T14:33:39.496+0000] {processor.py:183} INFO - Processing /usr/local/lib/python3.11/site-packages/airflow/example_dags/tutorial_dag.py took 0.527 seconds
[2025-12-27T14:34:35.530+0000] {processor.py:161} INFO - Started process (PID=130) to work on /usr/local/lib/python3.11/site-packages/airflow/example_dags/tutorial_dag.py
[2025-12-27T14:34:35.531+0000] {processor.py:830} INFO - Processing file /usr/local/lib/python3.11/site-packages/airflow/example_dags/tutorial_dag.py for tasks to queue
[2025-12-27T14:34:35.534+0000] {logging_mixin.py:188} INFO - [2025-12-27T14:34:35.534+0000] {dagbag.py:545} INFO - Filling up the DagBag from /usr/local/lib/python3.11/site-packages/airflow/example_dags/tutorial_dag.py
[2025-12-27T14:34:35.540+0000] {processor.py:840} INFO - DAG(s) 'tutorial_dag' retrieved from /usr/local/lib/python3.11/site-packages/airflow/example_dags/tutorial_dag.py
[2025-12-27T14:34:35.575+0000] {logging_mixin.py:188} INFO - [2025-12-27T14:34:35.575+0000] {dag.py:3096} INFO - Sync 1 DAGs
[2025-12-27T14:34:35.594+0000] {logging_mixin.py:188} INFO - [2025-12-27T14:34:35.594+0000] {dag.py:3954} INFO - Setting next_dagrun for tutorial_dag to None, run_after=None
[2025-12-27T14:34:35.928+0000] {processor.py:183} INFO - Processing /usr/local/lib/python3.11/site-packages/airflow/example_dags/tutorial_dag.py took 0.411 seconds
[2025-12-27T14:35:30.122+0000] {processor.py:161} INFO - Started process (PID=163) to work on /usr/local/lib/python3.11/site-packages/airflow/example_dags/tutorial_dag.py
[2025-12-27T14:35:30.123+0000] {processor.py:830} INFO - Processing file /usr/local/lib/python3.11/site-packages/airflow/example_dags/tutorial_dag.py for tasks to queue
[2025-12-27T14:35:30.127+0000] {logging_mixin.py:188} INFO - [2025-12-27T14:35:30.126+0000] {dagbag.py:545} INFO - Filling up the DagBag from /usr/local/lib/python3.11/site-packages/airflow/example_dags/tutorial_dag.py
[2025-12-27T14:35:30.133+0000] {processor.py:840} INFO - DAG(s) 'tutorial_dag' retrieved from /usr/local/lib/python3.11/site-packages/airflow/example_dags/tutorial_dag.py
[2025-12-27T14:35:30.291+0000] {logging_mixin.py:188} INFO - [2025-12-27T14:35:30.291+0000] {dag.py:3096} INFO - Sync 1 DAGs
[2025-12-27T14:35:30.307+0000] {logging_mixin.py:188} INFO - [2025-12-27T14:35:30.307+0000] {dag.py:3954} INFO - Setting next_dagrun for tutorial_dag to None, run_after=None
[2025-12-27T14:35:30.522+0000] {processor.py:183} INFO - Processing /usr/local/lib/python3.11/site-packages/airflow/example_dags/tutorial_dag.py took 0.418 seconds
[2025-12-27T14:36:23.940+0000] {processor.py:161} INFO - Started process (PID=197) to work on /usr/local/lib/python3.11/site-packages/airflow/example_dags/tutorial_dag.py
[2025-12-27T14:36:23.944+0000] {processor.py:830} INFO - Processing file /usr/local/lib/python3.11/site-packages/airflow/example_dags/tutorial_dag.py for tasks to queue
[2025-12-27T14:36:23.948+0000] {logging_mixin.py:188} INFO - [2025-12-27T14:36:23.947+0000] {dagbag.py:545} INFO - Filling up the DagBag from /usr/local/lib/python3.11/site-packages/airflow/example_dags/tutorial_dag.py
[2025-12-27T14:36:23.960+0000] {processor.py:840} INFO - DAG(s) 'tutorial_dag' retrieved from /usr/local/lib/python3.11/site-packages/airflow/example_dags/tutorial_dag.py
[2025-12-27T14:36:24.017+0000] {logging_mixin.py:188} INFO - [2025-12-27T14:36:24.017+0000] {dag.py:3096} INFO - Sync 1 DAGs
[2025-12-27T14:36:24.041+0000] {logging_mixin.py:188} INFO - [2025-12-27T14:36:24.041+0000] {dag.py:3954} INFO - Setting next_dagrun for tutorial_dag to None, run_after=None
[2025-12-27T14:36:24.552+0000] {processor.py:183} INFO - Processing /usr/local/lib/python3.11/site-packages/airflow/example_dags/tutorial_dag.py took 0.641 seconds
[2025-12-27T14:53:22.316+0000] {processor.py:161} INFO - Started process (PID=47) to work on /usr/local/lib/python3.11/site-packages/airflow/example_dags/tutorial_dag.py
[2025-12-27T14:53:22.318+0000] {processor.py:830} INFO - Processing file /usr/local/lib/python3.11/site-packages/airflow/example_dags/tutorial_dag.py for tasks to queue
[2025-12-27T14:53:22.321+0000] {logging_mixin.py:188} INFO - [2025-12-27T14:53:22.320+0000] {dagbag.py:545} INFO - Filling up the DagBag from /usr/local/lib/python3.11/site-packages/airflow/example_dags/tutorial_dag.py
[2025-12-27T14:53:22.328+0000] {processor.py:840} INFO - DAG(s) 'tutorial_dag' retrieved from /usr/local/lib/python3.11/site-packages/airflow/example_dags/tutorial_dag.py
[2025-12-27T14:53:22.828+0000] {logging_mixin.py:188} INFO - [2025-12-27T14:53:22.828+0000] {override.py:1930} INFO - Created Permission View: can delete on DAG:tutorial_dag
[2025-12-27T14:53:22.990+0000] {logging_mixin.py:188} INFO - [2025-12-27T14:53:22.989+0000] {override.py:1930} INFO - Created Permission View: can edit on DAG:tutorial_dag
[2025-12-27T14:53:23.144+0000] {logging_mixin.py:188} INFO - [2025-12-27T14:53:23.144+0000] {override.py:1930} INFO - Created Permission View: can read on DAG:tutorial_dag
[2025-12-27T14:53:23.145+0000] {logging_mixin.py:188} INFO - [2025-12-27T14:53:23.145+0000] {dag.py:3096} INFO - Sync 1 DAGs
[2025-12-27T14:53:23.185+0000] {logging_mixin.py:188} INFO - [2025-12-27T14:53:23.184+0000] {dag.py:3118} INFO - Creating ORM DAG for tutorial_dag
[2025-12-27T14:53:23.187+0000] {logging_mixin.py:188} INFO - [2025-12-27T14:53:23.186+0000] {dag.py:3954} INFO - Setting next_dagrun for tutorial_dag to None, run_after=None
[2025-12-27T14:53:23.501+0000] {processor.py:183} INFO - Processing /usr/local/lib/python3.11/site-packages/airflow/example_dags/tutorial_dag.py took 1.205 seconds
[2025-12-27T14:55:26.844+0000] {processor.py:161} INFO - Started process (PID=99) to work on /usr/local/lib/python3.11/site-packages/airflow/example_dags/tutorial_dag.py
[2025-12-27T14:55:26.846+0000] {processor.py:830} INFO - Processing file /usr/local/lib/python3.11/site-packages/airflow/example_dags/tutorial_dag.py for tasks to queue
[2025-12-27T14:55:26.857+0000] {logging_mixin.py:188} INFO - [2025-12-27T14:55:26.856+0000] {dagbag.py:545} INFO - Filling up the DagBag from /usr/local/lib/python3.11/site-packages/airflow/example_dags/tutorial_dag.py
[2025-12-27T14:55:26.867+0000] {processor.py:840} INFO - DAG(s) 'tutorial_dag' retrieved from /usr/local/lib/python3.11/site-packages/airflow/example_dags/tutorial_dag.py
[2025-12-27T14:55:26.992+0000] {logging_mixin.py:188} INFO - [2025-12-27T14:55:26.992+0000] {dag.py:3096} INFO - Sync 1 DAGs
[2025-12-27T14:55:27.044+0000] {logging_mixin.py:188} INFO - [2025-12-27T14:55:27.043+0000] {dag.py:3954} INFO - Setting next_dagrun for tutorial_dag to None, run_after=None
[2025-12-27T14:55:27.404+0000] {processor.py:183} INFO - Processing /usr/local/lib/python3.11/site-packages/airflow/example_dags/tutorial_dag.py took 0.581 seconds
[2025-12-27T14:56:32.019+0000] {processor.py:161} INFO - Started process (PID=138) to work on /usr/local/lib/python3.11/site-packages/airflow/example_dags/tutorial_dag.py
[2025-12-27T14:56:32.020+0000] {processor.py:830} INFO - Processing file /usr/local/lib/python3.11/site-packages/airflow/example_dags/tutorial_dag.py for tasks to queue
[2025-12-27T14:56:32.023+0000] {logging_mixin.py:188} INFO - [2025-12-27T14:56:32.023+0000] {dagbag.py:545} INFO - Filling up the DagBag from /usr/local/lib/python3.11/site-packages/airflow/example_dags/tutorial_dag.py
[2025-12-27T14:56:32.031+0000] {processor.py:840} INFO - DAG(s) 'tutorial_dag' retrieved from /usr/local/lib/python3.11/site-packages/airflow/example_dags/tutorial_dag.py
[2025-12-27T14:56:32.073+0000] {logging_mixin.py:188} INFO - [2025-12-27T14:56:32.073+0000] {dag.py:3096} INFO - Sync 1 DAGs
[2025-12-27T14:56:32.094+0000] {logging_mixin.py:188} INFO - [2025-12-27T14:56:32.093+0000] {dag.py:3954} INFO - Setting next_dagrun for tutorial_dag to None, run_after=None
[2025-12-27T14:56:32.439+0000] {processor.py:183} INFO - Processing /usr/local/lib/python3.11/site-packages/airflow/example_dags/tutorial_dag.py took 0.434 seconds
[2025-12-27T14:57:24.701+0000] {processor.py:161} INFO - Started process (PID=172) to work on /usr/local/lib/python3.11/site-packages/airflow/example_dags/tutorial_dag.py
[2025-12-27T14:57:24.703+0000] {processor.py:830} INFO - Processing file /usr/local/lib/python3.11/site-packages/airflow/example_dags/tutorial_dag.py for tasks to queue
[2025-12-27T14:57:24.706+0000] {logging_mixin.py:188} INFO - [2025-12-27T14:57:24.705+0000] {dagbag.py:545} INFO - Filling up the DagBag from /usr/local/lib/python3.11/site-packages/airflow/example_dags/tutorial_dag.py
[2025-12-27T14:57:24.716+0000] {processor.py:840} INFO - DAG(s) 'tutorial_dag' retrieved from /usr/local/lib/python3.11/site-packages/airflow/example_dags/tutorial_dag.py
[2025-12-27T14:57:24.758+0000] {logging_mixin.py:188} INFO - [2025-12-27T14:57:24.757+0000] {dag.py:3096} INFO - Sync 1 DAGs
[2025-12-27T14:57:24.796+0000] {logging_mixin.py:188} INFO - [2025-12-27T14:57:24.795+0000] {dag.py:3954} INFO - Setting next_dagrun for tutorial_dag to None, run_after=None
[2025-12-27T14:57:24.982+0000] {processor.py:183} INFO - Processing /usr/local/lib/python3.11/site-packages/airflow/example_dags/tutorial_dag.py took 0.308 seconds
[2025-12-27T14:58:40.406+0000] {processor.py:161} INFO - Started process (PID=206) to work on /usr/local/lib/python3.11/site-packages/airflow/example_dags/tutorial_dag.py
[2025-12-27T14:58:40.409+0000] {processor.py:830} INFO - Processing file /usr/local/lib/python3.11/site-packages/airflow/example_dags/tutorial_dag.py for tasks to queue
[2025-12-27T14:58:40.411+0000] {logging_mixin.py:188} INFO - [2025-12-27T14:58:40.411+0000] {dagbag.py:545} INFO - Filling up the DagBag from /usr/local/lib/python3.11/site-packages/airflow/example_dags/tutorial_dag.py
[2025-12-27T14:58:40.425+0000] {processor.py:840} INFO - DAG(s) 'tutorial_dag' retrieved from /usr/local/lib/python3.11/site-packages/airflow/example_dags/tutorial_dag.py
[2025-12-27T14:58:40.470+0000] {logging_mixin.py:188} INFO - [2025-12-27T14:58:40.469+0000] {dag.py:3096} INFO - Sync 1 DAGs
[2025-12-27T14:58:40.488+0000] {logging_mixin.py:188} INFO - [2025-12-27T14:58:40.487+0000] {dag.py:3954} INFO - Setting next_dagrun for tutorial_dag to None, run_after=None
[2025-12-27T14:58:40.659+0000] {processor.py:183} INFO - Processing /usr/local/lib/python3.11/site-packages/airflow/example_dags/tutorial_dag.py took 0.275 seconds
[2025-12-27T15:00:26.295+0000] {processor.py:161} INFO - Started process (PID=287) to work on /usr/local/lib/python3.11/site-packages/airflow/example_dags/tutorial_dag.py
[2025-12-27T15:00:26.297+0000] {processor.py:830} INFO - Processing file /usr/local/lib/python3.11/site-packages/airflow/example_dags/tutorial_dag.py for tasks to queue
[2025-12-27T15:00:26.299+0000] {logging_mixin.py:188} INFO - [2025-12-27T15:00:26.298+0000] {dagbag.py:545} INFO - Filling up the DagBag from /usr/local/lib/python3.11/site-packages/airflow/example_dags/tutorial_dag.py
[2025-12-27T15:00:26.308+0000] {processor.py:840} INFO - DAG(s) 'tutorial_dag' retrieved from /usr/local/lib/python3.11/site-packages/airflow/example_dags/tutorial_dag.py
[2025-12-27T15:00:26.339+0000] {logging_mixin.py:188} INFO - [2025-12-27T15:00:26.339+0000] {dag.py:3096} INFO - Sync 1 DAGs
[2025-12-27T15:00:26.359+0000] {logging_mixin.py:188} INFO - [2025-12-27T15:00:26.359+0000] {dag.py:3954} INFO - Setting next_dagrun for tutorial_dag to None, run_after=None
[2025-12-27T15:00:26.665+0000] {processor.py:183} INFO - Processing /usr/local/lib/python3.11/site-packages/airflow/example_dags/tutorial_dag.py took 0.386 seconds
[2025-12-27T15:01:26.060+0000] {processor.py:161} INFO - Started process (PID=326) to work on /usr/local/lib/python3.11/site-packages/airflow/example_dags/tutorial_dag.py
[2025-12-27T15:01:26.061+0000] {processor.py:830} INFO - Processing file /usr/local/lib/python3.11/site-packages/airflow/example_dags/tutorial_dag.py for tasks to queue
[2025-12-27T15:01:26.065+0000] {logging_mixin.py:188} INFO - [2025-12-27T15:01:26.064+0000] {dagbag.py:545} INFO - Filling up the DagBag from /usr/local/lib/python3.11/site-packages/airflow/example_dags/tutorial_dag.py
[2025-12-27T15:01:26.074+0000] {processor.py:840} INFO - DAG(s) 'tutorial_dag' retrieved from /usr/local/lib/python3.11/site-packages/airflow/example_dags/tutorial_dag.py
[2025-12-27T15:01:26.121+0000] {logging_mixin.py:188} INFO - [2025-12-27T15:01:26.121+0000] {dag.py:3096} INFO - Sync 1 DAGs
[2025-12-27T15:01:26.158+0000] {logging_mixin.py:188} INFO - [2025-12-27T15:01:26.157+0000] {dag.py:3954} INFO - Setting next_dagrun for tutorial_dag to None, run_after=None
[2025-12-27T15:01:26.900+0000] {processor.py:183} INFO - Processing /usr/local/lib/python3.11/site-packages/airflow/example_dags/tutorial_dag.py took 0.861 seconds
[2025-12-27T15:02:21.813+0000] {processor.py:161} INFO - Started process (PID=366) to work on /usr/local/lib/python3.11/site-packages/airflow/example_dags/tutorial_dag.py
[2025-12-27T15:02:21.816+0000] {processor.py:830} INFO - Processing file /usr/local/lib/python3.11/site-packages/airflow/example_dags/tutorial_dag.py for tasks to queue
[2025-12-27T15:02:21.818+0000] {logging_mixin.py:188} INFO - [2025-12-27T15:02:21.818+0000] {dagbag.py:545} INFO - Filling up the DagBag from /usr/local/lib/python3.11/site-packages/airflow/example_dags/tutorial_dag.py
[2025-12-27T15:02:21.828+0000] {processor.py:840} INFO - DAG(s) 'tutorial_dag' retrieved from /usr/local/lib/python3.11/site-packages/airflow/example_dags/tutorial_dag.py
[2025-12-27T15:02:21.887+0000] {logging_mixin.py:188} INFO - [2025-12-27T15:02:21.886+0000] {dag.py:3096} INFO - Sync 1 DAGs
[2025-12-27T15:02:21.916+0000] {logging_mixin.py:188} INFO - [2025-12-27T15:02:21.916+0000] {dag.py:3954} INFO - Setting next_dagrun for tutorial_dag to None, run_after=None
[2025-12-27T15:02:22.133+0000] {processor.py:183} INFO - Processing /usr/local/lib/python3.11/site-packages/airflow/example_dags/tutorial_dag.py took 0.340 seconds
[2025-12-27T15:03:20.477+0000] {processor.py:161} INFO - Started process (PID=401) to work on /usr/local/lib/python3.11/site-packages/airflow/example_dags/tutorial_dag.py
[2025-12-27T15:03:20.478+0000] {processor.py:830} INFO - Processing file /usr/local/lib/python3.11/site-packages/airflow/example_dags/tutorial_dag.py for tasks to queue
[2025-12-27T15:03:20.481+0000] {logging_mixin.py:188} INFO - [2025-12-27T15:03:20.480+0000] {dagbag.py:545} INFO - Filling up the DagBag from /usr/local/lib/python3.11/site-packages/airflow/example_dags/tutorial_dag.py
[2025-12-27T15:03:20.487+0000] {processor.py:840} INFO - DAG(s) 'tutorial_dag' retrieved from /usr/local/lib/python3.11/site-packages/airflow/example_dags/tutorial_dag.py
[2025-12-27T15:03:20.520+0000] {logging_mixin.py:188} INFO - [2025-12-27T15:03:20.520+0000] {dag.py:3096} INFO - Sync 1 DAGs
[2025-12-27T15:03:20.539+0000] {logging_mixin.py:188} INFO - [2025-12-27T15:03:20.538+0000] {dag.py:3954} INFO - Setting next_dagrun for tutorial_dag to None, run_after=None
[2025-12-27T15:03:20.723+0000] {processor.py:183} INFO - Processing /usr/local/lib/python3.11/site-packages/airflow/example_dags/tutorial_dag.py took 0.260 seconds
[2025-12-27T15:04:11.447+0000] {processor.py:161} INFO - Started process (PID=437) to work on /usr/local/lib/python3.11/site-packages/airflow/example_dags/tutorial_dag.py
[2025-12-27T15:04:11.448+0000] {processor.py:830} INFO - Processing file /usr/local/lib/python3.11/site-packages/airflow/example_dags/tutorial_dag.py for tasks to queue
[2025-12-27T15:04:11.450+0000] {logging_mixin.py:188} INFO - [2025-12-27T15:04:11.450+0000] {dagbag.py:545} INFO - Filling up the DagBag from /usr/local/lib/python3.11/site-packages/airflow/example_dags/tutorial_dag.py
[2025-12-27T15:04:11.457+0000] {processor.py:840} INFO - DAG(s) 'tutorial_dag' retrieved from /usr/local/lib/python3.11/site-packages/airflow/example_dags/tutorial_dag.py
[2025-12-27T15:04:11.489+0000] {logging_mixin.py:188} INFO - [2025-12-27T15:04:11.489+0000] {dag.py:3096} INFO - Sync 1 DAGs
[2025-12-27T15:04:11.510+0000] {logging_mixin.py:188} INFO - [2025-12-27T15:04:11.509+0000] {dag.py:3954} INFO - Setting next_dagrun for tutorial_dag to None, run_after=None
[2025-12-27T15:04:11.760+0000] {processor.py:183} INFO - Processing /usr/local/lib/python3.11/site-packages/airflow/example_dags/tutorial_dag.py took 0.327 seconds
[2025-12-27T15:05:38.321+0000] {processor.py:161} INFO - Started process (PID=498) to work on /usr/local/lib/python3.11/site-packages/airflow/example_dags/tutorial_dag.py
[2025-12-27T15:05:38.323+0000] {processor.py:830} INFO - Processing file /usr/local/lib/python3.11/site-packages/airflow/example_dags/tutorial_dag.py for tasks to queue
[2025-12-27T15:05:38.326+0000] {logging_mixin.py:188} INFO - [2025-12-27T15:05:38.325+0000] {dagbag.py:545} INFO - Filling up the DagBag from /usr/local/lib/python3.11/site-packages/airflow/example_dags/tutorial_dag.py
[2025-12-27T15:05:38.335+0000] {processor.py:840} INFO - DAG(s) 'tutorial_dag' retrieved from /usr/local/lib/python3.11/site-packages/airflow/example_dags/tutorial_dag.py
[2025-12-27T15:05:38.370+0000] {logging_mixin.py:188} INFO - [2025-12-27T15:05:38.370+0000] {dag.py:3096} INFO - Sync 1 DAGs
[2025-12-27T15:05:38.391+0000] {logging_mixin.py:188} INFO - [2025-12-27T15:05:38.391+0000] {dag.py:3954} INFO - Setting next_dagrun for tutorial_dag to None, run_after=None
[2025-12-27T15:05:38.601+0000] {processor.py:183} INFO - Processing /usr/local/lib/python3.11/site-packages/airflow/example_dags/tutorial_dag.py took 0.299 seconds
[2025-12-27T15:07:08.040+0000] {processor.py:161} INFO - Started process (PID=560) to work on /usr/local/lib/python3.11/site-packages/airflow/example_dags/tutorial_dag.py
[2025-12-27T15:07:08.041+0000] {processor.py:830} INFO - Processing file /usr/local/lib/python3.11/site-packages/airflow/example_dags/tutorial_dag.py for tasks to queue
[2025-12-27T15:07:08.044+0000] {logging_mixin.py:188} INFO - [2025-12-27T15:07:08.044+0000] {dagbag.py:545} INFO - Filling up the DagBag from /usr/local/lib/python3.11/site-packages/airflow/example_dags/tutorial_dag.py
[2025-12-27T15:07:08.054+0000] {processor.py:840} INFO - DAG(s) 'tutorial_dag' retrieved from /usr/local/lib/python3.11/site-packages/airflow/example_dags/tutorial_dag.py
[2025-12-27T15:07:08.094+0000] {logging_mixin.py:188} INFO - [2025-12-27T15:07:08.094+0000] {dag.py:3096} INFO - Sync 1 DAGs
[2025-12-27T15:07:08.120+0000] {logging_mixin.py:188} INFO - [2025-12-27T15:07:08.120+0000] {dag.py:3954} INFO - Setting next_dagrun for tutorial_dag to None, run_after=None
[2025-12-27T15:07:08.393+0000] {processor.py:183} INFO - Processing /usr/local/lib/python3.11/site-packages/airflow/example_dags/tutorial_dag.py took 0.379 seconds
[2025-12-27T15:08:41.714+0000] {processor.py:161} INFO - Started process (PID=623) to work on /usr/local/lib/python3.11/site-packages/airflow/example_dags/tutorial_dag.py
[2025-12-27T15:08:41.715+0000] {processor.py:830} INFO - Processing file /usr/local/lib/python3.11/site-packages/airflow/example_dags/tutorial_dag.py for tasks to queue
[2025-12-27T15:08:41.717+0000] {logging_mixin.py:188} INFO - [2025-12-27T15:08:41.717+0000] {dagbag.py:545} INFO - Filling up the DagBag from /usr/local/lib/python3.11/site-packages/airflow/example_dags/tutorial_dag.py
[2025-12-27T15:08:41.724+0000] {processor.py:840} INFO - DAG(s) 'tutorial_dag' retrieved from /usr/local/lib/python3.11/site-packages/airflow/example_dags/tutorial_dag.py
[2025-12-27T15:08:41.758+0000] {logging_mixin.py:188} INFO - [2025-12-27T15:08:41.757+0000] {dag.py:3096} INFO - Sync 1 DAGs
[2025-12-27T15:08:41.777+0000] {logging_mixin.py:188} INFO - [2025-12-27T15:08:41.777+0000] {dag.py:3954} INFO - Setting next_dagrun for tutorial_dag to None, run_after=None
[2025-12-27T15:08:41.991+0000] {processor.py:183} INFO - Processing /usr/local/lib/python3.11/site-packages/airflow/example_dags/tutorial_dag.py took 0.291 seconds
[2025-12-27T15:09:33.759+0000] {processor.py:161} INFO - Started process (PID=655) to work on /usr/local/lib/python3.11/site-packages/airflow/example_dags/tutorial_dag.py
[2025-12-27T15:09:33.761+0000] {processor.py:830} INFO - Processing file /usr/local/lib/python3.11/site-packages/airflow/example_dags/tutorial_dag.py for tasks to queue
[2025-12-27T15:09:33.764+0000] {logging_mixin.py:188} INFO - [2025-12-27T15:09:33.763+0000] {dagbag.py:545} INFO - Filling up the DagBag from /usr/local/lib/python3.11/site-packages/airflow/example_dags/tutorial_dag.py
[2025-12-27T15:09:33.770+0000] {processor.py:840} INFO - DAG(s) 'tutorial_dag' retrieved from /usr/local/lib/python3.11/site-packages/airflow/example_dags/tutorial_dag.py
[2025-12-27T15:09:33.815+0000] {logging_mixin.py:188} INFO - [2025-12-27T15:09:33.815+0000] {dag.py:3096} INFO - Sync 1 DAGs
[2025-12-27T15:09:33.849+0000] {logging_mixin.py:188} INFO - [2025-12-27T15:09:33.849+0000] {dag.py:3954} INFO - Setting next_dagrun for tutorial_dag to None, run_after=None
[2025-12-27T15:09:34.086+0000] {processor.py:183} INFO - Processing /usr/local/lib/python3.11/site-packages/airflow/example_dags/tutorial_dag.py took 0.341 seconds
[2025-12-27T15:10:27.671+0000] {processor.py:161} INFO - Started process (PID=690) to work on /usr/local/lib/python3.11/site-packages/airflow/example_dags/tutorial_dag.py
[2025-12-27T15:10:27.673+0000] {processor.py:830} INFO - Processing file /usr/local/lib/python3.11/site-packages/airflow/example_dags/tutorial_dag.py for tasks to queue
[2025-12-27T15:10:27.675+0000] {logging_mixin.py:188} INFO - [2025-12-27T15:10:27.674+0000] {dagbag.py:545} INFO - Filling up the DagBag from /usr/local/lib/python3.11/site-packages/airflow/example_dags/tutorial_dag.py
[2025-12-27T15:10:27.682+0000] {processor.py:840} INFO - DAG(s) 'tutorial_dag' retrieved from /usr/local/lib/python3.11/site-packages/airflow/example_dags/tutorial_dag.py
[2025-12-27T15:10:27.714+0000] {logging_mixin.py:188} INFO - [2025-12-27T15:10:27.714+0000] {dag.py:3096} INFO - Sync 1 DAGs
[2025-12-27T15:10:27.736+0000] {logging_mixin.py:188} INFO - [2025-12-27T15:10:27.736+0000] {dag.py:3954} INFO - Setting next_dagrun for tutorial_dag to None, run_after=None
[2025-12-27T15:10:27.940+0000] {processor.py:183} INFO - Processing /usr/local/lib/python3.11/site-packages/airflow/example_dags/tutorial_dag.py took 0.282 seconds
[2025-12-27T15:11:26.542+0000] {processor.py:161} INFO - Started process (PID=723) to work on /usr/local/lib/python3.11/site-packages/airflow/example_dags/tutorial_dag.py
[2025-12-27T15:11:26.543+0000] {processor.py:830} INFO - Processing file /usr/local/lib/python3.11/site-packages/airflow/example_dags/tutorial_dag.py for tasks to queue
[2025-12-27T15:11:26.546+0000] {logging_mixin.py:188} INFO - [2025-12-27T15:11:26.546+0000] {dagbag.py:545} INFO - Filling up the DagBag from /usr/local/lib/python3.11/site-packages/airflow/example_dags/tutorial_dag.py
[2025-12-27T15:11:26.558+0000] {processor.py:840} INFO - DAG(s) 'tutorial_dag' retrieved from /usr/local/lib/python3.11/site-packages/airflow/example_dags/tutorial_dag.py
[2025-12-27T15:11:26.615+0000] {logging_mixin.py:188} INFO - [2025-12-27T15:11:26.614+0000] {dag.py:3096} INFO - Sync 1 DAGs
[2025-12-27T15:11:26.658+0000] {logging_mixin.py:188} INFO - [2025-12-27T15:11:26.657+0000] {dag.py:3954} INFO - Setting next_dagrun for tutorial_dag to None, run_after=None
[2025-12-27T15:11:26.854+0000] {processor.py:183} INFO - Processing /usr/local/lib/python3.11/site-packages/airflow/example_dags/tutorial_dag.py took 0.335 seconds
[2025-12-27T15:12:14.918+0000] {processor.py:161} INFO - Started process (PID=758) to work on /usr/local/lib/python3.11/site-packages/airflow/example_dags/tutorial_dag.py
[2025-12-27T15:12:14.922+0000] {processor.py:830} INFO - Processing file /usr/local/lib/python3.11/site-packages/airflow/example_dags/tutorial_dag.py for tasks to queue
[2025-12-27T15:12:14.925+0000] {logging_mixin.py:188} INFO - [2025-12-27T15:12:14.925+0000] {dagbag.py:545} INFO - Filling up the DagBag from /usr/local/lib/python3.11/site-packages/airflow/example_dags/tutorial_dag.py
[2025-12-27T15:12:14.944+0000] {processor.py:840} INFO - DAG(s) 'tutorial_dag' retrieved from /usr/local/lib/python3.11/site-packages/airflow/example_dags/tutorial_dag.py
[2025-12-27T15:12:15.034+0000] {logging_mixin.py:188} INFO - [2025-12-27T15:12:15.034+0000] {dag.py:3096} INFO - Sync 1 DAGs
[2025-12-27T15:12:15.083+0000] {logging_mixin.py:188} INFO - [2025-12-27T15:12:15.081+0000] {dag.py:3954} INFO - Setting next_dagrun for tutorial_dag to None, run_after=None
[2025-12-27T15:12:15.464+0000] {processor.py:183} INFO - Processing /usr/local/lib/python3.11/site-packages/airflow/example_dags/tutorial_dag.py took 0.578 seconds
[2025-12-27T15:13:52.250+0000] {processor.py:161} INFO - Started process (PID=821) to work on /usr/local/lib/python3.11/site-packages/airflow/example_dags/tutorial_dag.py
[2025-12-27T15:13:52.251+0000] {processor.py:830} INFO - Processing file /usr/local/lib/python3.11/site-packages/airflow/example_dags/tutorial_dag.py for tasks to queue
[2025-12-27T15:13:52.254+0000] {logging_mixin.py:188} INFO - [2025-12-27T15:13:52.254+0000] {dagbag.py:545} INFO - Filling up the DagBag from /usr/local/lib/python3.11/site-packages/airflow/example_dags/tutorial_dag.py
[2025-12-27T15:13:52.272+0000] {processor.py:840} INFO - DAG(s) 'tutorial_dag' retrieved from /usr/local/lib/python3.11/site-packages/airflow/example_dags/tutorial_dag.py
[2025-12-27T15:13:52.341+0000] {logging_mixin.py:188} INFO - [2025-12-27T15:13:52.341+0000] {dag.py:3096} INFO - Sync 1 DAGs
[2025-12-27T15:13:52.363+0000] {logging_mixin.py:188} INFO - [2025-12-27T15:13:52.363+0000] {dag.py:3954} INFO - Setting next_dagrun for tutorial_dag to None, run_after=None
[2025-12-27T15:13:52.584+0000] {processor.py:183} INFO - Processing /usr/local/lib/python3.11/site-packages/airflow/example_dags/tutorial_dag.py took 0.353 seconds
[2025-12-27T15:15:32.131+0000] {processor.py:161} INFO - Started process (PID=884) to work on /usr/local/lib/python3.11/site-packages/airflow/example_dags/tutorial_dag.py
[2025-12-27T15:15:32.133+0000] {processor.py:830} INFO - Processing file /usr/local/lib/python3.11/site-packages/airflow/example_dags/tutorial_dag.py for tasks to queue
[2025-12-27T15:15:32.137+0000] {logging_mixin.py:188} INFO - [2025-12-27T15:15:32.136+0000] {dagbag.py:545} INFO - Filling up the DagBag from /usr/local/lib/python3.11/site-packages/airflow/example_dags/tutorial_dag.py
[2025-12-27T15:15:32.152+0000] {processor.py:840} INFO - DAG(s) 'tutorial_dag' retrieved from /usr/local/lib/python3.11/site-packages/airflow/example_dags/tutorial_dag.py
[2025-12-27T15:15:32.202+0000] {logging_mixin.py:188} INFO - [2025-12-27T15:15:32.201+0000] {dag.py:3096} INFO - Sync 1 DAGs
[2025-12-27T15:15:32.251+0000] {logging_mixin.py:188} INFO - [2025-12-27T15:15:32.251+0000] {dag.py:3954} INFO - Setting next_dagrun for tutorial_dag to None, run_after=None
[2025-12-27T15:15:32.572+0000] {processor.py:183} INFO - Processing /usr/local/lib/python3.11/site-packages/airflow/example_dags/tutorial_dag.py took 0.472 seconds
[2025-12-27T15:16:32.984+0000] {processor.py:161} INFO - Started process (PID=920) to work on /usr/local/lib/python3.11/site-packages/airflow/example_dags/tutorial_dag.py
[2025-12-27T15:16:32.986+0000] {processor.py:830} INFO - Processing file /usr/local/lib/python3.11/site-packages/airflow/example_dags/tutorial_dag.py for tasks to queue
[2025-12-27T15:16:32.988+0000] {logging_mixin.py:188} INFO - [2025-12-27T15:16:32.987+0000] {dagbag.py:545} INFO - Filling up the DagBag from /usr/local/lib/python3.11/site-packages/airflow/example_dags/tutorial_dag.py
[2025-12-27T15:16:32.996+0000] {processor.py:840} INFO - DAG(s) 'tutorial_dag' retrieved from /usr/local/lib/python3.11/site-packages/airflow/example_dags/tutorial_dag.py
[2025-12-27T15:16:33.031+0000] {logging_mixin.py:188} INFO - [2025-12-27T15:16:33.031+0000] {dag.py:3096} INFO - Sync 1 DAGs
[2025-12-27T15:16:33.053+0000] {logging_mixin.py:188} INFO - [2025-12-27T15:16:33.052+0000] {dag.py:3954} INFO - Setting next_dagrun for tutorial_dag to None, run_after=None
[2025-12-27T15:16:33.354+0000] {processor.py:183} INFO - Processing /usr/local/lib/python3.11/site-packages/airflow/example_dags/tutorial_dag.py took 0.386 seconds
[2025-12-27T15:18:12.669+0000] {processor.py:161} INFO - Started process (PID=984) to work on /usr/local/lib/python3.11/site-packages/airflow/example_dags/tutorial_dag.py
[2025-12-27T15:18:12.670+0000] {processor.py:830} INFO - Processing file /usr/local/lib/python3.11/site-packages/airflow/example_dags/tutorial_dag.py for tasks to queue
[2025-12-27T15:18:12.673+0000] {logging_mixin.py:188} INFO - [2025-12-27T15:18:12.672+0000] {dagbag.py:545} INFO - Filling up the DagBag from /usr/local/lib/python3.11/site-packages/airflow/example_dags/tutorial_dag.py
[2025-12-27T15:18:12.680+0000] {processor.py:840} INFO - DAG(s) 'tutorial_dag' retrieved from /usr/local/lib/python3.11/site-packages/airflow/example_dags/tutorial_dag.py
[2025-12-27T15:18:12.718+0000] {logging_mixin.py:188} INFO - [2025-12-27T15:18:12.717+0000] {dag.py:3096} INFO - Sync 1 DAGs
[2025-12-27T15:18:12.738+0000] {logging_mixin.py:188} INFO - [2025-12-27T15:18:12.738+0000] {dag.py:3954} INFO - Setting next_dagrun for tutorial_dag to None, run_after=None
[2025-12-27T15:18:13.043+0000] {processor.py:183} INFO - Processing /usr/local/lib/python3.11/site-packages/airflow/example_dags/tutorial_dag.py took 0.390 seconds
[2025-12-27T15:19:06.934+0000] {processor.py:161} INFO - Started process (PID=1018) to work on /usr/local/lib/python3.11/site-packages/airflow/example_dags/tutorial_dag.py
[2025-12-27T15:19:06.936+0000] {processor.py:830} INFO - Processing file /usr/local/lib/python3.11/site-packages/airflow/example_dags/tutorial_dag.py for tasks to queue
[2025-12-27T15:19:06.939+0000] {logging_mixin.py:188} INFO - [2025-12-27T15:19:06.938+0000] {dagbag.py:545} INFO - Filling up the DagBag from /usr/local/lib/python3.11/site-packages/airflow/example_dags/tutorial_dag.py
[2025-12-27T15:19:06.948+0000] {processor.py:840} INFO - DAG(s) 'tutorial_dag' retrieved from /usr/local/lib/python3.11/site-packages/airflow/example_dags/tutorial_dag.py
[2025-12-27T15:19:06.989+0000] {logging_mixin.py:188} INFO - [2025-12-27T15:19:06.989+0000] {dag.py:3096} INFO - Sync 1 DAGs
[2025-12-27T15:19:07.010+0000] {logging_mixin.py:188} INFO - [2025-12-27T15:19:07.009+0000] {dag.py:3954} INFO - Setting next_dagrun for tutorial_dag to None, run_after=None
[2025-12-27T15:19:07.259+0000] {processor.py:183} INFO - Processing /usr/local/lib/python3.11/site-packages/airflow/example_dags/tutorial_dag.py took 0.342 seconds
[2025-12-27T15:19:58.325+0000] {processor.py:161} INFO - Started process (PID=1051) to work on /usr/local/lib/python3.11/site-packages/airflow/example_dags/tutorial_dag.py
[2025-12-27T15:19:58.326+0000] {processor.py:830} INFO - Processing file /usr/local/lib/python3.11/site-packages/airflow/example_dags/tutorial_dag.py for tasks to queue
[2025-12-27T15:19:58.328+0000] {logging_mixin.py:188} INFO - [2025-12-27T15:19:58.328+0000] {dagbag.py:545} INFO - Filling up the DagBag from /usr/local/lib/python3.11/site-packages/airflow/example_dags/tutorial_dag.py
[2025-12-27T15:19:58.335+0000] {processor.py:840} INFO - DAG(s) 'tutorial_dag' retrieved from /usr/local/lib/python3.11/site-packages/airflow/example_dags/tutorial_dag.py
[2025-12-27T15:19:58.389+0000] {logging_mixin.py:188} INFO - [2025-12-27T15:19:58.388+0000] {dag.py:3096} INFO - Sync 1 DAGs
[2025-12-27T15:19:58.423+0000] {logging_mixin.py:188} INFO - [2025-12-27T15:19:58.423+0000] {dag.py:3954} INFO - Setting next_dagrun for tutorial_dag to None, run_after=None
[2025-12-27T15:19:58.662+0000] {processor.py:183} INFO - Processing /usr/local/lib/python3.11/site-packages/airflow/example_dags/tutorial_dag.py took 0.355 seconds
[2025-12-27T15:30:58.827+0000] {processor.py:161} INFO - Started process (PID=42) to work on /usr/local/lib/python3.11/site-packages/airflow/example_dags/tutorial_dag.py
[2025-12-27T15:30:58.829+0000] {processor.py:830} INFO - Processing file /usr/local/lib/python3.11/site-packages/airflow/example_dags/tutorial_dag.py for tasks to queue
[2025-12-27T15:30:58.832+0000] {logging_mixin.py:188} INFO - [2025-12-27T15:30:58.831+0000] {dagbag.py:545} INFO - Filling up the DagBag from /usr/local/lib/python3.11/site-packages/airflow/example_dags/tutorial_dag.py
[2025-12-27T15:30:58.840+0000] {processor.py:840} INFO - DAG(s) 'tutorial_dag' retrieved from /usr/local/lib/python3.11/site-packages/airflow/example_dags/tutorial_dag.py
[2025-12-27T15:30:58.864+0000] {logging_mixin.py:188} INFO - [2025-12-27T15:30:58.863+0000] {dag.py:3096} INFO - Sync 1 DAGs
[2025-12-27T15:30:58.887+0000] {logging_mixin.py:188} INFO - [2025-12-27T15:30:58.886+0000] {dag.py:3954} INFO - Setting next_dagrun for tutorial_dag to None, run_after=None
[2025-12-27T15:30:59.055+0000] {processor.py:183} INFO - Processing /usr/local/lib/python3.11/site-packages/airflow/example_dags/tutorial_dag.py took 0.245 seconds
[2025-12-27T15:32:31.518+0000] {processor.py:161} INFO - Started process (PID=94) to work on /usr/local/lib/python3.11/site-packages/airflow/example_dags/tutorial_dag.py
[2025-12-27T15:32:31.519+0000] {processor.py:830} INFO - Processing file /usr/local/lib/python3.11/site-packages/airflow/example_dags/tutorial_dag.py for tasks to queue
[2025-12-27T15:32:31.523+0000] {logging_mixin.py:188} INFO - [2025-12-27T15:32:31.522+0000] {dagbag.py:545} INFO - Filling up the DagBag from /usr/local/lib/python3.11/site-packages/airflow/example_dags/tutorial_dag.py
[2025-12-27T15:32:31.532+0000] {processor.py:840} INFO - DAG(s) 'tutorial_dag' retrieved from /usr/local/lib/python3.11/site-packages/airflow/example_dags/tutorial_dag.py
[2025-12-27T15:32:31.674+0000] {logging_mixin.py:188} INFO - [2025-12-27T15:32:31.673+0000] {dag.py:3096} INFO - Sync 1 DAGs
[2025-12-27T15:32:31.690+0000] {logging_mixin.py:188} INFO - [2025-12-27T15:32:31.690+0000] {dag.py:3954} INFO - Setting next_dagrun for tutorial_dag to None, run_after=None
[2025-12-27T15:32:31.897+0000] {processor.py:183} INFO - Processing /usr/local/lib/python3.11/site-packages/airflow/example_dags/tutorial_dag.py took 0.399 seconds
[2025-12-27T15:33:29.140+0000] {processor.py:161} INFO - Started process (PID=133) to work on /usr/local/lib/python3.11/site-packages/airflow/example_dags/tutorial_dag.py
[2025-12-27T15:33:29.142+0000] {processor.py:830} INFO - Processing file /usr/local/lib/python3.11/site-packages/airflow/example_dags/tutorial_dag.py for tasks to queue
[2025-12-27T15:33:29.146+0000] {logging_mixin.py:188} INFO - [2025-12-27T15:33:29.145+0000] {dagbag.py:545} INFO - Filling up the DagBag from /usr/local/lib/python3.11/site-packages/airflow/example_dags/tutorial_dag.py
[2025-12-27T15:33:29.153+0000] {processor.py:840} INFO - DAG(s) 'tutorial_dag' retrieved from /usr/local/lib/python3.11/site-packages/airflow/example_dags/tutorial_dag.py
[2025-12-27T15:33:29.187+0000] {logging_mixin.py:188} INFO - [2025-12-27T15:33:29.186+0000] {dag.py:3096} INFO - Sync 1 DAGs
[2025-12-27T15:33:29.206+0000] {logging_mixin.py:188} INFO - [2025-12-27T15:33:29.205+0000] {dag.py:3954} INFO - Setting next_dagrun for tutorial_dag to None, run_after=None
[2025-12-27T15:33:29.467+0000] {processor.py:183} INFO - Processing /usr/local/lib/python3.11/site-packages/airflow/example_dags/tutorial_dag.py took 0.341 seconds
[2025-12-27T15:34:20.677+0000] {processor.py:161} INFO - Started process (PID=166) to work on /usr/local/lib/python3.11/site-packages/airflow/example_dags/tutorial_dag.py
[2025-12-27T15:34:20.678+0000] {processor.py:830} INFO - Processing file /usr/local/lib/python3.11/site-packages/airflow/example_dags/tutorial_dag.py for tasks to queue
[2025-12-27T15:34:20.680+0000] {logging_mixin.py:188} INFO - [2025-12-27T15:34:20.680+0000] {dagbag.py:545} INFO - Filling up the DagBag from /usr/local/lib/python3.11/site-packages/airflow/example_dags/tutorial_dag.py
[2025-12-27T15:34:20.687+0000] {processor.py:840} INFO - DAG(s) 'tutorial_dag' retrieved from /usr/local/lib/python3.11/site-packages/airflow/example_dags/tutorial_dag.py
[2025-12-27T15:34:20.723+0000] {logging_mixin.py:188} INFO - [2025-12-27T15:34:20.723+0000] {dag.py:3096} INFO - Sync 1 DAGs
[2025-12-27T15:34:20.745+0000] {logging_mixin.py:188} INFO - [2025-12-27T15:34:20.745+0000] {dag.py:3954} INFO - Setting next_dagrun for tutorial_dag to None, run_after=None
[2025-12-27T15:34:21.042+0000] {processor.py:183} INFO - Processing /usr/local/lib/python3.11/site-packages/airflow/example_dags/tutorial_dag.py took 0.378 seconds
[2025-12-27T15:35:50.653+0000] {processor.py:161} INFO - Started process (PID=229) to work on /usr/local/lib/python3.11/site-packages/airflow/example_dags/tutorial_dag.py
[2025-12-27T15:35:50.654+0000] {processor.py:830} INFO - Processing file /usr/local/lib/python3.11/site-packages/airflow/example_dags/tutorial_dag.py for tasks to queue
[2025-12-27T15:35:50.657+0000] {logging_mixin.py:188} INFO - [2025-12-27T15:35:50.656+0000] {dagbag.py:545} INFO - Filling up the DagBag from /usr/local/lib/python3.11/site-packages/airflow/example_dags/tutorial_dag.py
[2025-12-27T15:35:50.663+0000] {processor.py:840} INFO - DAG(s) 'tutorial_dag' retrieved from /usr/local/lib/python3.11/site-packages/airflow/example_dags/tutorial_dag.py
[2025-12-27T15:35:50.701+0000] {logging_mixin.py:188} INFO - [2025-12-27T15:35:50.700+0000] {dag.py:3096} INFO - Sync 1 DAGs
[2025-12-27T15:35:50.724+0000] {logging_mixin.py:188} INFO - [2025-12-27T15:35:50.723+0000] {dag.py:3954} INFO - Setting next_dagrun for tutorial_dag to None, run_after=None
[2025-12-27T15:35:50.972+0000] {processor.py:183} INFO - Processing /usr/local/lib/python3.11/site-packages/airflow/example_dags/tutorial_dag.py took 0.332 seconds
[2025-12-27T15:37:28.279+0000] {processor.py:161} INFO - Started process (PID=293) to work on /usr/local/lib/python3.11/site-packages/airflow/example_dags/tutorial_dag.py
[2025-12-27T15:37:28.280+0000] {processor.py:830} INFO - Processing file /usr/local/lib/python3.11/site-packages/airflow/example_dags/tutorial_dag.py for tasks to queue
[2025-12-27T15:37:28.393+0000] {logging_mixin.py:188} INFO - [2025-12-27T15:37:28.393+0000] {dagbag.py:545} INFO - Filling up the DagBag from /usr/local/lib/python3.11/site-packages/airflow/example_dags/tutorial_dag.py
[2025-12-27T15:37:28.397+0000] {processor.py:840} INFO - DAG(s) 'tutorial_dag' retrieved from /usr/local/lib/python3.11/site-packages/airflow/example_dags/tutorial_dag.py
[2025-12-27T15:37:28.423+0000] {logging_mixin.py:188} INFO - [2025-12-27T15:37:28.423+0000] {dag.py:3096} INFO - Sync 1 DAGs
[2025-12-27T15:37:28.438+0000] {logging_mixin.py:188} INFO - [2025-12-27T15:37:28.438+0000] {dag.py:3954} INFO - Setting next_dagrun for tutorial_dag to None, run_after=None
[2025-12-27T15:37:28.726+0000] {processor.py:183} INFO - Processing /usr/local/lib/python3.11/site-packages/airflow/example_dags/tutorial_dag.py took 0.460 seconds
[2025-12-27T15:38:59.791+0000] {processor.py:161} INFO - Started process (PID=355) to work on /usr/local/lib/python3.11/site-packages/airflow/example_dags/tutorial_dag.py
[2025-12-27T15:38:59.801+0000] {processor.py:830} INFO - Processing file /usr/local/lib/python3.11/site-packages/airflow/example_dags/tutorial_dag.py for tasks to queue
[2025-12-27T15:38:59.808+0000] {logging_mixin.py:188} INFO - [2025-12-27T15:38:59.807+0000] {dagbag.py:545} INFO - Filling up the DagBag from /usr/local/lib/python3.11/site-packages/airflow/example_dags/tutorial_dag.py
[2025-12-27T15:38:59.815+0000] {processor.py:840} INFO - DAG(s) 'tutorial_dag' retrieved from /usr/local/lib/python3.11/site-packages/airflow/example_dags/tutorial_dag.py
[2025-12-27T15:39:00.027+0000] {logging_mixin.py:188} INFO - [2025-12-27T15:39:00.027+0000] {dag.py:3096} INFO - Sync 1 DAGs
[2025-12-27T15:39:00.071+0000] {logging_mixin.py:188} INFO - [2025-12-27T15:39:00.071+0000] {dag.py:3954} INFO - Setting next_dagrun for tutorial_dag to None, run_after=None
[2025-12-27T15:39:00.275+0000] {processor.py:183} INFO - Processing /usr/local/lib/python3.11/site-packages/airflow/example_dags/tutorial_dag.py took 0.499 seconds
[2025-12-27T15:39:54.126+0000] {processor.py:161} INFO - Started process (PID=387) to work on /usr/local/lib/python3.11/site-packages/airflow/example_dags/tutorial_dag.py
[2025-12-27T15:39:54.127+0000] {processor.py:830} INFO - Processing file /usr/local/lib/python3.11/site-packages/airflow/example_dags/tutorial_dag.py for tasks to queue
[2025-12-27T15:39:54.129+0000] {logging_mixin.py:188} INFO - [2025-12-27T15:39:54.129+0000] {dagbag.py:545} INFO - Filling up the DagBag from /usr/local/lib/python3.11/site-packages/airflow/example_dags/tutorial_dag.py
[2025-12-27T15:39:54.136+0000] {processor.py:840} INFO - DAG(s) 'tutorial_dag' retrieved from /usr/local/lib/python3.11/site-packages/airflow/example_dags/tutorial_dag.py
[2025-12-27T15:39:54.169+0000] {logging_mixin.py:188} INFO - [2025-12-27T15:39:54.169+0000] {dag.py:3096} INFO - Sync 1 DAGs
[2025-12-27T15:39:54.199+0000] {logging_mixin.py:188} INFO - [2025-12-27T15:39:54.198+0000] {dag.py:3954} INFO - Setting next_dagrun for tutorial_dag to None, run_after=None
[2025-12-27T15:39:54.433+0000] {processor.py:183} INFO - Processing /usr/local/lib/python3.11/site-packages/airflow/example_dags/tutorial_dag.py took 0.322 seconds
[2025-12-27T15:40:47.228+0000] {processor.py:161} INFO - Started process (PID=421) to work on /usr/local/lib/python3.11/site-packages/airflow/example_dags/tutorial_dag.py
[2025-12-27T15:40:47.229+0000] {processor.py:830} INFO - Processing file /usr/local/lib/python3.11/site-packages/airflow/example_dags/tutorial_dag.py for tasks to queue
[2025-12-27T15:40:47.231+0000] {logging_mixin.py:188} INFO - [2025-12-27T15:40:47.231+0000] {dagbag.py:545} INFO - Filling up the DagBag from /usr/local/lib/python3.11/site-packages/airflow/example_dags/tutorial_dag.py
[2025-12-27T15:40:47.238+0000] {processor.py:840} INFO - DAG(s) 'tutorial_dag' retrieved from /usr/local/lib/python3.11/site-packages/airflow/example_dags/tutorial_dag.py
[2025-12-27T15:40:47.282+0000] {logging_mixin.py:188} INFO - [2025-12-27T15:40:47.282+0000] {dag.py:3096} INFO - Sync 1 DAGs
[2025-12-27T15:40:47.311+0000] {logging_mixin.py:188} INFO - [2025-12-27T15:40:47.311+0000] {dag.py:3954} INFO - Setting next_dagrun for tutorial_dag to None, run_after=None
[2025-12-27T15:40:47.589+0000] {processor.py:183} INFO - Processing /usr/local/lib/python3.11/site-packages/airflow/example_dags/tutorial_dag.py took 0.374 seconds
[2025-12-27T15:41:34.494+0000] {processor.py:161} INFO - Started process (PID=452) to work on /usr/local/lib/python3.11/site-packages/airflow/example_dags/tutorial_dag.py
[2025-12-27T15:41:34.496+0000] {processor.py:830} INFO - Processing file /usr/local/lib/python3.11/site-packages/airflow/example_dags/tutorial_dag.py for tasks to queue
[2025-12-27T15:41:34.499+0000] {logging_mixin.py:188} INFO - [2025-12-27T15:41:34.499+0000] {dagbag.py:545} INFO - Filling up the DagBag from /usr/local/lib/python3.11/site-packages/airflow/example_dags/tutorial_dag.py
[2025-12-27T15:41:34.507+0000] {processor.py:840} INFO - DAG(s) 'tutorial_dag' retrieved from /usr/local/lib/python3.11/site-packages/airflow/example_dags/tutorial_dag.py
[2025-12-27T15:41:34.545+0000] {logging_mixin.py:188} INFO - [2025-12-27T15:41:34.545+0000] {dag.py:3096} INFO - Sync 1 DAGs
[2025-12-27T15:41:34.573+0000] {logging_mixin.py:188} INFO - [2025-12-27T15:41:34.573+0000] {dag.py:3954} INFO - Setting next_dagrun for tutorial_dag to None, run_after=None
[2025-12-27T15:41:34.743+0000] {processor.py:183} INFO - Processing /usr/local/lib/python3.11/site-packages/airflow/example_dags/tutorial_dag.py took 0.270 seconds
[2025-12-27T15:42:31.825+0000] {processor.py:161} INFO - Started process (PID=486) to work on /usr/local/lib/python3.11/site-packages/airflow/example_dags/tutorial_dag.py
[2025-12-27T15:42:31.829+0000] {processor.py:830} INFO - Processing file /usr/local/lib/python3.11/site-packages/airflow/example_dags/tutorial_dag.py for tasks to queue
[2025-12-27T15:42:31.831+0000] {logging_mixin.py:188} INFO - [2025-12-27T15:42:31.831+0000] {dagbag.py:545} INFO - Filling up the DagBag from /usr/local/lib/python3.11/site-packages/airflow/example_dags/tutorial_dag.py
[2025-12-27T15:42:31.838+0000] {processor.py:840} INFO - DAG(s) 'tutorial_dag' retrieved from /usr/local/lib/python3.11/site-packages/airflow/example_dags/tutorial_dag.py
[2025-12-27T15:42:31.884+0000] {logging_mixin.py:188} INFO - [2025-12-27T15:42:31.884+0000] {dag.py:3096} INFO - Sync 1 DAGs
[2025-12-27T15:42:31.905+0000] {logging_mixin.py:188} INFO - [2025-12-27T15:42:31.904+0000] {dag.py:3954} INFO - Setting next_dagrun for tutorial_dag to None, run_after=None
[2025-12-27T15:42:32.369+0000] {processor.py:183} INFO - Processing /usr/local/lib/python3.11/site-packages/airflow/example_dags/tutorial_dag.py took 0.577 seconds
[2025-12-27T15:43:56.563+0000] {processor.py:161} INFO - Started process (PID=46) to work on /usr/local/lib/python3.11/site-packages/airflow/example_dags/tutorial_dag.py
[2025-12-27T15:43:56.565+0000] {processor.py:830} INFO - Processing file /usr/local/lib/python3.11/site-packages/airflow/example_dags/tutorial_dag.py for tasks to queue
[2025-12-27T15:43:56.568+0000] {logging_mixin.py:188} INFO - [2025-12-27T15:43:56.567+0000] {dagbag.py:545} INFO - Filling up the DagBag from /usr/local/lib/python3.11/site-packages/airflow/example_dags/tutorial_dag.py
[2025-12-27T15:43:56.575+0000] {processor.py:840} INFO - DAG(s) 'tutorial_dag' retrieved from /usr/local/lib/python3.11/site-packages/airflow/example_dags/tutorial_dag.py
[2025-12-27T15:43:56.598+0000] {logging_mixin.py:188} INFO - [2025-12-27T15:43:56.598+0000] {dag.py:3096} INFO - Sync 1 DAGs
[2025-12-27T15:43:56.620+0000] {logging_mixin.py:188} INFO - [2025-12-27T15:43:56.620+0000] {dag.py:3954} INFO - Setting next_dagrun for tutorial_dag to None, run_after=None
[2025-12-27T15:43:56.839+0000] {processor.py:183} INFO - Processing /usr/local/lib/python3.11/site-packages/airflow/example_dags/tutorial_dag.py took 0.294 seconds
[2025-12-27T15:45:16.279+0000] {processor.py:161} INFO - Started process (PID=98) to work on /usr/local/lib/python3.11/site-packages/airflow/example_dags/tutorial_dag.py
[2025-12-27T15:45:16.281+0000] {processor.py:830} INFO - Processing file /usr/local/lib/python3.11/site-packages/airflow/example_dags/tutorial_dag.py for tasks to queue
[2025-12-27T15:45:16.284+0000] {logging_mixin.py:188} INFO - [2025-12-27T15:45:16.283+0000] {dagbag.py:545} INFO - Filling up the DagBag from /usr/local/lib/python3.11/site-packages/airflow/example_dags/tutorial_dag.py
[2025-12-27T15:45:16.292+0000] {processor.py:840} INFO - DAG(s) 'tutorial_dag' retrieved from /usr/local/lib/python3.11/site-packages/airflow/example_dags/tutorial_dag.py
[2025-12-27T15:45:16.432+0000] {logging_mixin.py:188} INFO - [2025-12-27T15:45:16.432+0000] {dag.py:3096} INFO - Sync 1 DAGs
[2025-12-27T15:45:16.448+0000] {logging_mixin.py:188} INFO - [2025-12-27T15:45:16.448+0000] {dag.py:3954} INFO - Setting next_dagrun for tutorial_dag to None, run_after=None
[2025-12-27T15:45:16.661+0000] {processor.py:183} INFO - Processing /usr/local/lib/python3.11/site-packages/airflow/example_dags/tutorial_dag.py took 0.398 seconds
[2025-12-27T15:46:57.672+0000] {processor.py:161} INFO - Started process (PID=174) to work on /usr/local/lib/python3.11/site-packages/airflow/example_dags/tutorial_dag.py
[2025-12-27T15:46:57.673+0000] {processor.py:830} INFO - Processing file /usr/local/lib/python3.11/site-packages/airflow/example_dags/tutorial_dag.py for tasks to queue
[2025-12-27T15:46:57.676+0000] {logging_mixin.py:188} INFO - [2025-12-27T15:46:57.675+0000] {dagbag.py:545} INFO - Filling up the DagBag from /usr/local/lib/python3.11/site-packages/airflow/example_dags/tutorial_dag.py
[2025-12-27T15:46:57.682+0000] {processor.py:840} INFO - DAG(s) 'tutorial_dag' retrieved from /usr/local/lib/python3.11/site-packages/airflow/example_dags/tutorial_dag.py
[2025-12-27T15:46:57.714+0000] {logging_mixin.py:188} INFO - [2025-12-27T15:46:57.713+0000] {dag.py:3096} INFO - Sync 1 DAGs
[2025-12-27T15:46:57.731+0000] {logging_mixin.py:188} INFO - [2025-12-27T15:46:57.730+0000] {dag.py:3954} INFO - Setting next_dagrun for tutorial_dag to None, run_after=None
[2025-12-27T15:46:57.939+0000] {processor.py:183} INFO - Processing /usr/local/lib/python3.11/site-packages/airflow/example_dags/tutorial_dag.py took 0.279 seconds
[2025-12-27T15:47:49.103+0000] {processor.py:161} INFO - Started process (PID=227) to work on /usr/local/lib/python3.11/site-packages/airflow/example_dags/tutorial_dag.py
[2025-12-27T15:47:49.104+0000] {processor.py:830} INFO - Processing file /usr/local/lib/python3.11/site-packages/airflow/example_dags/tutorial_dag.py for tasks to queue
[2025-12-27T15:47:49.107+0000] {logging_mixin.py:188} INFO - [2025-12-27T15:47:49.106+0000] {dagbag.py:545} INFO - Filling up the DagBag from /usr/local/lib/python3.11/site-packages/airflow/example_dags/tutorial_dag.py
[2025-12-27T15:47:49.114+0000] {processor.py:840} INFO - DAG(s) 'tutorial_dag' retrieved from /usr/local/lib/python3.11/site-packages/airflow/example_dags/tutorial_dag.py
[2025-12-27T15:47:49.154+0000] {logging_mixin.py:188} INFO - [2025-12-27T15:47:49.154+0000] {dag.py:3096} INFO - Sync 1 DAGs
[2025-12-27T15:47:49.173+0000] {logging_mixin.py:188} INFO - [2025-12-27T15:47:49.173+0000] {dag.py:3954} INFO - Setting next_dagrun for tutorial_dag to None, run_after=None
[2025-12-27T15:47:49.365+0000] {processor.py:183} INFO - Processing /usr/local/lib/python3.11/site-packages/airflow/example_dags/tutorial_dag.py took 0.276 seconds
[2025-12-27T15:49:17.331+0000] {processor.py:161} INFO - Started process (PID=293) to work on /usr/local/lib/python3.11/site-packages/airflow/example_dags/tutorial_dag.py
[2025-12-27T15:49:17.332+0000] {processor.py:830} INFO - Processing file /usr/local/lib/python3.11/site-packages/airflow/example_dags/tutorial_dag.py for tasks to queue
[2025-12-27T15:49:17.335+0000] {logging_mixin.py:188} INFO - [2025-12-27T15:49:17.334+0000] {dagbag.py:545} INFO - Filling up the DagBag from /usr/local/lib/python3.11/site-packages/airflow/example_dags/tutorial_dag.py
[2025-12-27T15:49:17.341+0000] {processor.py:840} INFO - DAG(s) 'tutorial_dag' retrieved from /usr/local/lib/python3.11/site-packages/airflow/example_dags/tutorial_dag.py
[2025-12-27T15:49:17.372+0000] {logging_mixin.py:188} INFO - [2025-12-27T15:49:17.372+0000] {dag.py:3096} INFO - Sync 1 DAGs
[2025-12-27T15:49:17.391+0000] {logging_mixin.py:188} INFO - [2025-12-27T15:49:17.391+0000] {dag.py:3954} INFO - Setting next_dagrun for tutorial_dag to None, run_after=None
[2025-12-27T15:49:17.602+0000] {processor.py:183} INFO - Processing /usr/local/lib/python3.11/site-packages/airflow/example_dags/tutorial_dag.py took 0.285 seconds
[2025-12-27T15:50:08.606+0000] {processor.py:161} INFO - Started process (PID=329) to work on /usr/local/lib/python3.11/site-packages/airflow/example_dags/tutorial_dag.py
[2025-12-27T15:50:08.607+0000] {processor.py:830} INFO - Processing file /usr/local/lib/python3.11/site-packages/airflow/example_dags/tutorial_dag.py for tasks to queue
[2025-12-27T15:50:08.610+0000] {logging_mixin.py:188} INFO - [2025-12-27T15:50:08.610+0000] {dagbag.py:545} INFO - Filling up the DagBag from /usr/local/lib/python3.11/site-packages/airflow/example_dags/tutorial_dag.py
[2025-12-27T15:50:08.621+0000] {processor.py:840} INFO - DAG(s) 'tutorial_dag' retrieved from /usr/local/lib/python3.11/site-packages/airflow/example_dags/tutorial_dag.py
[2025-12-27T15:50:08.662+0000] {logging_mixin.py:188} INFO - [2025-12-27T15:50:08.662+0000] {dag.py:3096} INFO - Sync 1 DAGs
[2025-12-27T15:50:08.790+0000] {logging_mixin.py:188} INFO - [2025-12-27T15:50:08.789+0000] {dag.py:3954} INFO - Setting next_dagrun for tutorial_dag to None, run_after=None
[2025-12-27T15:50:09.024+0000] {processor.py:183} INFO - Processing /usr/local/lib/python3.11/site-packages/airflow/example_dags/tutorial_dag.py took 0.436 seconds
[2025-12-27T15:51:41.311+0000] {processor.py:161} INFO - Started process (PID=405) to work on /usr/local/lib/python3.11/site-packages/airflow/example_dags/tutorial_dag.py
[2025-12-27T15:51:41.313+0000] {processor.py:830} INFO - Processing file /usr/local/lib/python3.11/site-packages/airflow/example_dags/tutorial_dag.py for tasks to queue
[2025-12-27T15:51:41.316+0000] {logging_mixin.py:188} INFO - [2025-12-27T15:51:41.315+0000] {dagbag.py:545} INFO - Filling up the DagBag from /usr/local/lib/python3.11/site-packages/airflow/example_dags/tutorial_dag.py
[2025-12-27T15:51:41.325+0000] {processor.py:840} INFO - DAG(s) 'tutorial_dag' retrieved from /usr/local/lib/python3.11/site-packages/airflow/example_dags/tutorial_dag.py
[2025-12-27T15:51:41.371+0000] {logging_mixin.py:188} INFO - [2025-12-27T15:51:41.371+0000] {dag.py:3096} INFO - Sync 1 DAGs
[2025-12-27T15:51:41.402+0000] {logging_mixin.py:188} INFO - [2025-12-27T15:51:41.402+0000] {dag.py:3954} INFO - Setting next_dagrun for tutorial_dag to None, run_after=None
[2025-12-27T15:51:41.811+0000] {processor.py:183} INFO - Processing /usr/local/lib/python3.11/site-packages/airflow/example_dags/tutorial_dag.py took 0.516 seconds
[2025-12-27T15:53:13.804+0000] {processor.py:161} INFO - Started process (PID=486) to work on /usr/local/lib/python3.11/site-packages/airflow/example_dags/tutorial_dag.py
[2025-12-27T15:53:13.805+0000] {processor.py:830} INFO - Processing file /usr/local/lib/python3.11/site-packages/airflow/example_dags/tutorial_dag.py for tasks to queue
[2025-12-27T15:53:13.809+0000] {logging_mixin.py:188} INFO - [2025-12-27T15:53:13.809+0000] {dagbag.py:545} INFO - Filling up the DagBag from /usr/local/lib/python3.11/site-packages/airflow/example_dags/tutorial_dag.py
[2025-12-27T15:53:13.820+0000] {processor.py:840} INFO - DAG(s) 'tutorial_dag' retrieved from /usr/local/lib/python3.11/site-packages/airflow/example_dags/tutorial_dag.py
[2025-12-27T15:53:13.857+0000] {logging_mixin.py:188} INFO - [2025-12-27T15:53:13.856+0000] {dag.py:3096} INFO - Sync 1 DAGs
[2025-12-27T15:53:13.881+0000] {logging_mixin.py:188} INFO - [2025-12-27T15:53:13.881+0000] {dag.py:3954} INFO - Setting next_dagrun for tutorial_dag to None, run_after=None
[2025-12-27T15:53:14.071+0000] {processor.py:183} INFO - Processing /usr/local/lib/python3.11/site-packages/airflow/example_dags/tutorial_dag.py took 0.282 seconds
[2025-12-27T15:54:44.622+0000] {processor.py:161} INFO - Started process (PID=556) to work on /usr/local/lib/python3.11/site-packages/airflow/example_dags/tutorial_dag.py
[2025-12-27T15:54:44.623+0000] {processor.py:830} INFO - Processing file /usr/local/lib/python3.11/site-packages/airflow/example_dags/tutorial_dag.py for tasks to queue
[2025-12-27T15:54:44.626+0000] {logging_mixin.py:188} INFO - [2025-12-27T15:54:44.625+0000] {dagbag.py:545} INFO - Filling up the DagBag from /usr/local/lib/python3.11/site-packages/airflow/example_dags/tutorial_dag.py
[2025-12-27T15:54:44.632+0000] {processor.py:840} INFO - DAG(s) 'tutorial_dag' retrieved from /usr/local/lib/python3.11/site-packages/airflow/example_dags/tutorial_dag.py
[2025-12-27T15:54:44.672+0000] {logging_mixin.py:188} INFO - [2025-12-27T15:54:44.672+0000] {dag.py:3096} INFO - Sync 1 DAGs
[2025-12-27T15:54:44.699+0000] {logging_mixin.py:188} INFO - [2025-12-27T15:54:44.699+0000] {dag.py:3954} INFO - Setting next_dagrun for tutorial_dag to None, run_after=None
[2025-12-27T15:54:44.928+0000] {processor.py:183} INFO - Processing /usr/local/lib/python3.11/site-packages/airflow/example_dags/tutorial_dag.py took 0.323 seconds
[2025-12-27T15:56:19.866+0000] {processor.py:161} INFO - Started process (PID=626) to work on /usr/local/lib/python3.11/site-packages/airflow/example_dags/tutorial_dag.py
[2025-12-27T15:56:19.868+0000] {processor.py:830} INFO - Processing file /usr/local/lib/python3.11/site-packages/airflow/example_dags/tutorial_dag.py for tasks to queue
[2025-12-27T15:56:19.870+0000] {logging_mixin.py:188} INFO - [2025-12-27T15:56:19.870+0000] {dagbag.py:545} INFO - Filling up the DagBag from /usr/local/lib/python3.11/site-packages/airflow/example_dags/tutorial_dag.py
[2025-12-27T15:56:19.877+0000] {processor.py:840} INFO - DAG(s) 'tutorial_dag' retrieved from /usr/local/lib/python3.11/site-packages/airflow/example_dags/tutorial_dag.py
[2025-12-27T15:56:19.914+0000] {logging_mixin.py:188} INFO - [2025-12-27T15:56:19.914+0000] {dag.py:3096} INFO - Sync 1 DAGs
[2025-12-27T15:56:19.934+0000] {logging_mixin.py:188} INFO - [2025-12-27T15:56:19.934+0000] {dag.py:3954} INFO - Setting next_dagrun for tutorial_dag to None, run_after=None
[2025-12-27T15:56:20.153+0000] {processor.py:183} INFO - Processing /usr/local/lib/python3.11/site-packages/airflow/example_dags/tutorial_dag.py took 0.303 seconds
[2025-12-27T15:57:49.472+0000] {processor.py:161} INFO - Started process (PID=688) to work on /usr/local/lib/python3.11/site-packages/airflow/example_dags/tutorial_dag.py
[2025-12-27T15:57:49.474+0000] {processor.py:830} INFO - Processing file /usr/local/lib/python3.11/site-packages/airflow/example_dags/tutorial_dag.py for tasks to queue
[2025-12-27T15:57:49.476+0000] {logging_mixin.py:188} INFO - [2025-12-27T15:57:49.476+0000] {dagbag.py:545} INFO - Filling up the DagBag from /usr/local/lib/python3.11/site-packages/airflow/example_dags/tutorial_dag.py
[2025-12-27T15:57:49.483+0000] {processor.py:840} INFO - DAG(s) 'tutorial_dag' retrieved from /usr/local/lib/python3.11/site-packages/airflow/example_dags/tutorial_dag.py
[2025-12-27T15:57:49.516+0000] {logging_mixin.py:188} INFO - [2025-12-27T15:57:49.516+0000] {dag.py:3096} INFO - Sync 1 DAGs
[2025-12-27T15:57:49.535+0000] {logging_mixin.py:188} INFO - [2025-12-27T15:57:49.534+0000] {dag.py:3954} INFO - Setting next_dagrun for tutorial_dag to None, run_after=None
[2025-12-27T15:57:49.719+0000] {processor.py:183} INFO - Processing /usr/local/lib/python3.11/site-packages/airflow/example_dags/tutorial_dag.py took 0.261 seconds
[2025-12-27T15:59:27.461+0000] {processor.py:161} INFO - Started process (PID=751) to work on /usr/local/lib/python3.11/site-packages/airflow/example_dags/tutorial_dag.py
[2025-12-27T15:59:27.463+0000] {processor.py:830} INFO - Processing file /usr/local/lib/python3.11/site-packages/airflow/example_dags/tutorial_dag.py for tasks to queue
[2025-12-27T15:59:27.467+0000] {logging_mixin.py:188} INFO - [2025-12-27T15:59:27.466+0000] {dagbag.py:545} INFO - Filling up the DagBag from /usr/local/lib/python3.11/site-packages/airflow/example_dags/tutorial_dag.py
[2025-12-27T15:59:27.477+0000] {processor.py:840} INFO - DAG(s) 'tutorial_dag' retrieved from /usr/local/lib/python3.11/site-packages/airflow/example_dags/tutorial_dag.py
[2025-12-27T15:59:27.525+0000] {logging_mixin.py:188} INFO - [2025-12-27T15:59:27.525+0000] {dag.py:3096} INFO - Sync 1 DAGs
[2025-12-27T15:59:27.550+0000] {logging_mixin.py:188} INFO - [2025-12-27T15:59:27.549+0000] {dag.py:3954} INFO - Setting next_dagrun for tutorial_dag to None, run_after=None
[2025-12-27T15:59:27.765+0000] {processor.py:183} INFO - Processing /usr/local/lib/python3.11/site-packages/airflow/example_dags/tutorial_dag.py took 0.325 seconds
[2025-12-27T16:00:20.999+0000] {processor.py:161} INFO - Started process (PID=783) to work on /usr/local/lib/python3.11/site-packages/airflow/example_dags/tutorial_dag.py
[2025-12-27T16:00:21.000+0000] {processor.py:830} INFO - Processing file /usr/local/lib/python3.11/site-packages/airflow/example_dags/tutorial_dag.py for tasks to queue
[2025-12-27T16:00:21.003+0000] {logging_mixin.py:188} INFO - [2025-12-27T16:00:21.003+0000] {dagbag.py:545} INFO - Filling up the DagBag from /usr/local/lib/python3.11/site-packages/airflow/example_dags/tutorial_dag.py
[2025-12-27T16:00:21.009+0000] {processor.py:840} INFO - DAG(s) 'tutorial_dag' retrieved from /usr/local/lib/python3.11/site-packages/airflow/example_dags/tutorial_dag.py
[2025-12-27T16:00:21.040+0000] {logging_mixin.py:188} INFO - [2025-12-27T16:00:21.040+0000] {dag.py:3096} INFO - Sync 1 DAGs
[2025-12-27T16:00:21.058+0000] {logging_mixin.py:188} INFO - [2025-12-27T16:00:21.058+0000] {dag.py:3954} INFO - Setting next_dagrun for tutorial_dag to None, run_after=None
[2025-12-27T16:00:21.349+0000] {processor.py:183} INFO - Processing /usr/local/lib/python3.11/site-packages/airflow/example_dags/tutorial_dag.py took 0.362 seconds
[2025-12-27T16:01:19.772+0000] {processor.py:161} INFO - Started process (PID=819) to work on /usr/local/lib/python3.11/site-packages/airflow/example_dags/tutorial_dag.py
[2025-12-27T16:01:19.777+0000] {processor.py:830} INFO - Processing file /usr/local/lib/python3.11/site-packages/airflow/example_dags/tutorial_dag.py for tasks to queue
[2025-12-27T16:01:19.787+0000] {logging_mixin.py:188} INFO - [2025-12-27T16:01:19.786+0000] {dagbag.py:545} INFO - Filling up the DagBag from /usr/local/lib/python3.11/site-packages/airflow/example_dags/tutorial_dag.py
[2025-12-27T16:01:19.799+0000] {processor.py:840} INFO - DAG(s) 'tutorial_dag' retrieved from /usr/local/lib/python3.11/site-packages/airflow/example_dags/tutorial_dag.py
[2025-12-27T16:01:19.868+0000] {logging_mixin.py:188} INFO - [2025-12-27T16:01:19.867+0000] {dag.py:3096} INFO - Sync 1 DAGs
[2025-12-27T16:01:20.053+0000] {logging_mixin.py:188} INFO - [2025-12-27T16:01:20.052+0000] {dag.py:3954} INFO - Setting next_dagrun for tutorial_dag to None, run_after=None
[2025-12-27T16:01:20.661+0000] {processor.py:183} INFO - Processing /usr/local/lib/python3.11/site-packages/airflow/example_dags/tutorial_dag.py took 0.931 seconds
