[2025-12-27T13:46:16.923+0000] {processor.py:161} INFO - Started process (PID=51) to work on /usr/local/lib/python3.11/site-packages/airflow/example_dags/tutorial_taskflow_api_virtualenv.py
[2025-12-27T13:46:16.924+0000] {processor.py:830} INFO - Processing file /usr/local/lib/python3.11/site-packages/airflow/example_dags/tutorial_taskflow_api_virtualenv.py for tasks to queue
[2025-12-27T13:46:16.927+0000] {logging_mixin.py:188} INFO - [2025-12-27T13:46:16.926+0000] {dagbag.py:545} INFO - Filling up the DagBag from /usr/local/lib/python3.11/site-packages/airflow/example_dags/tutorial_taskflow_api_virtualenv.py
[2025-12-27T13:46:16.934+0000] {logging_mixin.py:188} INFO - [2025-12-27T13:46:16.934+0000] {tutorial_taskflow_api_virtualenv.py:29} WARNING - The tutorial_taskflow_api_virtualenv example DAG requires virtualenv, please install it.
[2025-12-27T13:46:16.935+0000] {processor.py:842} WARNING - No viable dags retrieved from /usr/local/lib/python3.11/site-packages/airflow/example_dags/tutorial_taskflow_api_virtualenv.py
[2025-12-27T13:46:16.959+0000] {processor.py:183} INFO - Processing /usr/local/lib/python3.11/site-packages/airflow/example_dags/tutorial_taskflow_api_virtualenv.py took 0.051 seconds
[2025-12-27T13:48:00.323+0000] {processor.py:161} INFO - Started process (PID=103) to work on /usr/local/lib/python3.11/site-packages/airflow/example_dags/tutorial_taskflow_api_virtualenv.py
[2025-12-27T13:48:00.324+0000] {processor.py:830} INFO - Processing file /usr/local/lib/python3.11/site-packages/airflow/example_dags/tutorial_taskflow_api_virtualenv.py for tasks to queue
[2025-12-27T13:48:00.326+0000] {logging_mixin.py:188} INFO - [2025-12-27T13:48:00.326+0000] {dagbag.py:545} INFO - Filling up the DagBag from /usr/local/lib/python3.11/site-packages/airflow/example_dags/tutorial_taskflow_api_virtualenv.py
[2025-12-27T13:48:00.333+0000] {logging_mixin.py:188} INFO - [2025-12-27T13:48:00.333+0000] {tutorial_taskflow_api_virtualenv.py:29} WARNING - The tutorial_taskflow_api_virtualenv example DAG requires virtualenv, please install it.
[2025-12-27T13:48:00.334+0000] {processor.py:842} WARNING - No viable dags retrieved from /usr/local/lib/python3.11/site-packages/airflow/example_dags/tutorial_taskflow_api_virtualenv.py
[2025-12-27T13:48:00.490+0000] {processor.py:183} INFO - Processing /usr/local/lib/python3.11/site-packages/airflow/example_dags/tutorial_taskflow_api_virtualenv.py took 0.189 seconds
[2025-12-27T13:49:33.476+0000] {processor.py:161} INFO - Started process (PID=166) to work on /usr/local/lib/python3.11/site-packages/airflow/example_dags/tutorial_taskflow_api_virtualenv.py
[2025-12-27T13:49:33.478+0000] {processor.py:830} INFO - Processing file /usr/local/lib/python3.11/site-packages/airflow/example_dags/tutorial_taskflow_api_virtualenv.py for tasks to queue
[2025-12-27T13:49:33.482+0000] {logging_mixin.py:188} INFO - [2025-12-27T13:49:33.481+0000] {dagbag.py:545} INFO - Filling up the DagBag from /usr/local/lib/python3.11/site-packages/airflow/example_dags/tutorial_taskflow_api_virtualenv.py
[2025-12-27T13:49:33.490+0000] {logging_mixin.py:188} INFO - [2025-12-27T13:49:33.490+0000] {tutorial_taskflow_api_virtualenv.py:29} WARNING - The tutorial_taskflow_api_virtualenv example DAG requires virtualenv, please install it.
[2025-12-27T13:49:33.491+0000] {processor.py:842} WARNING - No viable dags retrieved from /usr/local/lib/python3.11/site-packages/airflow/example_dags/tutorial_taskflow_api_virtualenv.py
[2025-12-27T13:49:33.518+0000] {processor.py:183} INFO - Processing /usr/local/lib/python3.11/site-packages/airflow/example_dags/tutorial_taskflow_api_virtualenv.py took 0.055 seconds
[2025-12-27T13:50:28.209+0000] {processor.py:161} INFO - Started process (PID=204) to work on /usr/local/lib/python3.11/site-packages/airflow/example_dags/tutorial_taskflow_api_virtualenv.py
[2025-12-27T13:50:28.211+0000] {processor.py:830} INFO - Processing file /usr/local/lib/python3.11/site-packages/airflow/example_dags/tutorial_taskflow_api_virtualenv.py for tasks to queue
[2025-12-27T13:50:28.214+0000] {logging_mixin.py:188} INFO - [2025-12-27T13:50:28.213+0000] {dagbag.py:545} INFO - Filling up the DagBag from /usr/local/lib/python3.11/site-packages/airflow/example_dags/tutorial_taskflow_api_virtualenv.py
[2025-12-27T13:50:28.224+0000] {logging_mixin.py:188} INFO - [2025-12-27T13:50:28.224+0000] {tutorial_taskflow_api_virtualenv.py:29} WARNING - The tutorial_taskflow_api_virtualenv example DAG requires virtualenv, please install it.
[2025-12-27T13:50:28.225+0000] {processor.py:842} WARNING - No viable dags retrieved from /usr/local/lib/python3.11/site-packages/airflow/example_dags/tutorial_taskflow_api_virtualenv.py
[2025-12-27T13:50:28.257+0000] {processor.py:183} INFO - Processing /usr/local/lib/python3.11/site-packages/airflow/example_dags/tutorial_taskflow_api_virtualenv.py took 0.066 seconds
[2025-12-27T13:51:53.284+0000] {processor.py:161} INFO - Started process (PID=265) to work on /usr/local/lib/python3.11/site-packages/airflow/example_dags/tutorial_taskflow_api_virtualenv.py
[2025-12-27T13:51:53.286+0000] {processor.py:830} INFO - Processing file /usr/local/lib/python3.11/site-packages/airflow/example_dags/tutorial_taskflow_api_virtualenv.py for tasks to queue
[2025-12-27T13:51:53.288+0000] {logging_mixin.py:188} INFO - [2025-12-27T13:51:53.288+0000] {dagbag.py:545} INFO - Filling up the DagBag from /usr/local/lib/python3.11/site-packages/airflow/example_dags/tutorial_taskflow_api_virtualenv.py
[2025-12-27T13:51:53.299+0000] {logging_mixin.py:188} INFO - [2025-12-27T13:51:53.298+0000] {tutorial_taskflow_api_virtualenv.py:29} WARNING - The tutorial_taskflow_api_virtualenv example DAG requires virtualenv, please install it.
[2025-12-27T13:51:53.299+0000] {processor.py:842} WARNING - No viable dags retrieved from /usr/local/lib/python3.11/site-packages/airflow/example_dags/tutorial_taskflow_api_virtualenv.py
[2025-12-27T13:51:53.333+0000] {processor.py:183} INFO - Processing /usr/local/lib/python3.11/site-packages/airflow/example_dags/tutorial_taskflow_api_virtualenv.py took 0.064 seconds
[2025-12-27T13:53:13.733+0000] {processor.py:161} INFO - Started process (PID=324) to work on /usr/local/lib/python3.11/site-packages/airflow/example_dags/tutorial_taskflow_api_virtualenv.py
[2025-12-27T13:53:13.735+0000] {processor.py:830} INFO - Processing file /usr/local/lib/python3.11/site-packages/airflow/example_dags/tutorial_taskflow_api_virtualenv.py for tasks to queue
[2025-12-27T13:53:13.737+0000] {logging_mixin.py:188} INFO - [2025-12-27T13:53:13.736+0000] {dagbag.py:545} INFO - Filling up the DagBag from /usr/local/lib/python3.11/site-packages/airflow/example_dags/tutorial_taskflow_api_virtualenv.py
[2025-12-27T13:53:13.749+0000] {logging_mixin.py:188} INFO - [2025-12-27T13:53:13.749+0000] {tutorial_taskflow_api_virtualenv.py:29} WARNING - The tutorial_taskflow_api_virtualenv example DAG requires virtualenv, please install it.
[2025-12-27T13:53:13.751+0000] {processor.py:842} WARNING - No viable dags retrieved from /usr/local/lib/python3.11/site-packages/airflow/example_dags/tutorial_taskflow_api_virtualenv.py
[2025-12-27T13:53:13.782+0000] {processor.py:183} INFO - Processing /usr/local/lib/python3.11/site-packages/airflow/example_dags/tutorial_taskflow_api_virtualenv.py took 0.063 seconds
[2025-12-27T13:54:38.662+0000] {processor.py:161} INFO - Started process (PID=386) to work on /usr/local/lib/python3.11/site-packages/airflow/example_dags/tutorial_taskflow_api_virtualenv.py
[2025-12-27T13:54:38.663+0000] {processor.py:830} INFO - Processing file /usr/local/lib/python3.11/site-packages/airflow/example_dags/tutorial_taskflow_api_virtualenv.py for tasks to queue
[2025-12-27T13:54:38.666+0000] {logging_mixin.py:188} INFO - [2025-12-27T13:54:38.665+0000] {dagbag.py:545} INFO - Filling up the DagBag from /usr/local/lib/python3.11/site-packages/airflow/example_dags/tutorial_taskflow_api_virtualenv.py
[2025-12-27T13:54:38.674+0000] {logging_mixin.py:188} INFO - [2025-12-27T13:54:38.674+0000] {tutorial_taskflow_api_virtualenv.py:29} WARNING - The tutorial_taskflow_api_virtualenv example DAG requires virtualenv, please install it.
[2025-12-27T13:54:38.674+0000] {processor.py:842} WARNING - No viable dags retrieved from /usr/local/lib/python3.11/site-packages/airflow/example_dags/tutorial_taskflow_api_virtualenv.py
[2025-12-27T13:54:38.703+0000] {processor.py:183} INFO - Processing /usr/local/lib/python3.11/site-packages/airflow/example_dags/tutorial_taskflow_api_virtualenv.py took 0.054 seconds
[2025-12-27T13:56:03.031+0000] {processor.py:161} INFO - Started process (PID=447) to work on /usr/local/lib/python3.11/site-packages/airflow/example_dags/tutorial_taskflow_api_virtualenv.py
[2025-12-27T13:56:03.032+0000] {processor.py:830} INFO - Processing file /usr/local/lib/python3.11/site-packages/airflow/example_dags/tutorial_taskflow_api_virtualenv.py for tasks to queue
[2025-12-27T13:56:03.035+0000] {logging_mixin.py:188} INFO - [2025-12-27T13:56:03.034+0000] {dagbag.py:545} INFO - Filling up the DagBag from /usr/local/lib/python3.11/site-packages/airflow/example_dags/tutorial_taskflow_api_virtualenv.py
[2025-12-27T13:56:03.044+0000] {logging_mixin.py:188} INFO - [2025-12-27T13:56:03.044+0000] {tutorial_taskflow_api_virtualenv.py:29} WARNING - The tutorial_taskflow_api_virtualenv example DAG requires virtualenv, please install it.
[2025-12-27T13:56:03.044+0000] {processor.py:842} WARNING - No viable dags retrieved from /usr/local/lib/python3.11/site-packages/airflow/example_dags/tutorial_taskflow_api_virtualenv.py
[2025-12-27T13:56:03.081+0000] {processor.py:183} INFO - Processing /usr/local/lib/python3.11/site-packages/airflow/example_dags/tutorial_taskflow_api_virtualenv.py took 0.067 seconds
[2025-12-27T13:57:31.683+0000] {processor.py:161} INFO - Started process (PID=509) to work on /usr/local/lib/python3.11/site-packages/airflow/example_dags/tutorial_taskflow_api_virtualenv.py
[2025-12-27T13:57:31.684+0000] {processor.py:830} INFO - Processing file /usr/local/lib/python3.11/site-packages/airflow/example_dags/tutorial_taskflow_api_virtualenv.py for tasks to queue
[2025-12-27T13:57:31.686+0000] {logging_mixin.py:188} INFO - [2025-12-27T13:57:31.686+0000] {dagbag.py:545} INFO - Filling up the DagBag from /usr/local/lib/python3.11/site-packages/airflow/example_dags/tutorial_taskflow_api_virtualenv.py
[2025-12-27T13:57:31.694+0000] {logging_mixin.py:188} INFO - [2025-12-27T13:57:31.694+0000] {tutorial_taskflow_api_virtualenv.py:29} WARNING - The tutorial_taskflow_api_virtualenv example DAG requires virtualenv, please install it.
[2025-12-27T13:57:31.694+0000] {processor.py:842} WARNING - No viable dags retrieved from /usr/local/lib/python3.11/site-packages/airflow/example_dags/tutorial_taskflow_api_virtualenv.py
[2025-12-27T13:57:31.718+0000] {processor.py:183} INFO - Processing /usr/local/lib/python3.11/site-packages/airflow/example_dags/tutorial_taskflow_api_virtualenv.py took 0.050 seconds
[2025-12-27T13:58:53.307+0000] {processor.py:161} INFO - Started process (PID=569) to work on /usr/local/lib/python3.11/site-packages/airflow/example_dags/tutorial_taskflow_api_virtualenv.py
[2025-12-27T13:58:53.308+0000] {processor.py:830} INFO - Processing file /usr/local/lib/python3.11/site-packages/airflow/example_dags/tutorial_taskflow_api_virtualenv.py for tasks to queue
[2025-12-27T13:58:53.310+0000] {logging_mixin.py:188} INFO - [2025-12-27T13:58:53.310+0000] {dagbag.py:545} INFO - Filling up the DagBag from /usr/local/lib/python3.11/site-packages/airflow/example_dags/tutorial_taskflow_api_virtualenv.py
[2025-12-27T13:58:53.319+0000] {logging_mixin.py:188} INFO - [2025-12-27T13:58:53.318+0000] {tutorial_taskflow_api_virtualenv.py:29} WARNING - The tutorial_taskflow_api_virtualenv example DAG requires virtualenv, please install it.
[2025-12-27T13:58:53.319+0000] {processor.py:842} WARNING - No viable dags retrieved from /usr/local/lib/python3.11/site-packages/airflow/example_dags/tutorial_taskflow_api_virtualenv.py
[2025-12-27T13:58:53.343+0000] {processor.py:183} INFO - Processing /usr/local/lib/python3.11/site-packages/airflow/example_dags/tutorial_taskflow_api_virtualenv.py took 0.050 seconds
[2025-12-27T14:00:22.897+0000] {processor.py:161} INFO - Started process (PID=630) to work on /usr/local/lib/python3.11/site-packages/airflow/example_dags/tutorial_taskflow_api_virtualenv.py
[2025-12-27T14:00:22.899+0000] {processor.py:830} INFO - Processing file /usr/local/lib/python3.11/site-packages/airflow/example_dags/tutorial_taskflow_api_virtualenv.py for tasks to queue
[2025-12-27T14:00:22.901+0000] {logging_mixin.py:188} INFO - [2025-12-27T14:00:22.901+0000] {dagbag.py:545} INFO - Filling up the DagBag from /usr/local/lib/python3.11/site-packages/airflow/example_dags/tutorial_taskflow_api_virtualenv.py
[2025-12-27T14:00:22.913+0000] {logging_mixin.py:188} INFO - [2025-12-27T14:00:22.913+0000] {tutorial_taskflow_api_virtualenv.py:29} WARNING - The tutorial_taskflow_api_virtualenv example DAG requires virtualenv, please install it.
[2025-12-27T14:00:22.914+0000] {processor.py:842} WARNING - No viable dags retrieved from /usr/local/lib/python3.11/site-packages/airflow/example_dags/tutorial_taskflow_api_virtualenv.py
[2025-12-27T14:00:22.956+0000] {processor.py:183} INFO - Processing /usr/local/lib/python3.11/site-packages/airflow/example_dags/tutorial_taskflow_api_virtualenv.py took 0.082 seconds
[2025-12-27T14:02:37.443+0000] {processor.py:161} INFO - Started process (PID=698) to work on /usr/local/lib/python3.11/site-packages/airflow/example_dags/tutorial_taskflow_api_virtualenv.py
[2025-12-27T14:02:37.444+0000] {processor.py:830} INFO - Processing file /usr/local/lib/python3.11/site-packages/airflow/example_dags/tutorial_taskflow_api_virtualenv.py for tasks to queue
[2025-12-27T14:02:37.447+0000] {logging_mixin.py:188} INFO - [2025-12-27T14:02:37.446+0000] {dagbag.py:545} INFO - Filling up the DagBag from /usr/local/lib/python3.11/site-packages/airflow/example_dags/tutorial_taskflow_api_virtualenv.py
[2025-12-27T14:02:37.456+0000] {logging_mixin.py:188} INFO - [2025-12-27T14:02:37.456+0000] {tutorial_taskflow_api_virtualenv.py:29} WARNING - The tutorial_taskflow_api_virtualenv example DAG requires virtualenv, please install it.
[2025-12-27T14:02:37.457+0000] {processor.py:842} WARNING - No viable dags retrieved from /usr/local/lib/python3.11/site-packages/airflow/example_dags/tutorial_taskflow_api_virtualenv.py
[2025-12-27T14:02:37.487+0000] {processor.py:183} INFO - Processing /usr/local/lib/python3.11/site-packages/airflow/example_dags/tutorial_taskflow_api_virtualenv.py took 0.065 seconds
[2025-12-27T14:03:38.325+0000] {processor.py:161} INFO - Started process (PID=741) to work on /usr/local/lib/python3.11/site-packages/airflow/example_dags/tutorial_taskflow_api_virtualenv.py
[2025-12-27T14:03:38.327+0000] {processor.py:830} INFO - Processing file /usr/local/lib/python3.11/site-packages/airflow/example_dags/tutorial_taskflow_api_virtualenv.py for tasks to queue
[2025-12-27T14:03:38.331+0000] {logging_mixin.py:188} INFO - [2025-12-27T14:03:38.330+0000] {dagbag.py:545} INFO - Filling up the DagBag from /usr/local/lib/python3.11/site-packages/airflow/example_dags/tutorial_taskflow_api_virtualenv.py
[2025-12-27T14:03:38.343+0000] {logging_mixin.py:188} INFO - [2025-12-27T14:03:38.343+0000] {tutorial_taskflow_api_virtualenv.py:29} WARNING - The tutorial_taskflow_api_virtualenv example DAG requires virtualenv, please install it.
[2025-12-27T14:03:38.344+0000] {processor.py:842} WARNING - No viable dags retrieved from /usr/local/lib/python3.11/site-packages/airflow/example_dags/tutorial_taskflow_api_virtualenv.py
[2025-12-27T14:03:38.378+0000] {processor.py:183} INFO - Processing /usr/local/lib/python3.11/site-packages/airflow/example_dags/tutorial_taskflow_api_virtualenv.py took 0.077 seconds
[2025-12-27T14:05:28.011+0000] {processor.py:161} INFO - Started process (PID=824) to work on /usr/local/lib/python3.11/site-packages/airflow/example_dags/tutorial_taskflow_api_virtualenv.py
[2025-12-27T14:05:28.012+0000] {processor.py:830} INFO - Processing file /usr/local/lib/python3.11/site-packages/airflow/example_dags/tutorial_taskflow_api_virtualenv.py for tasks to queue
[2025-12-27T14:05:28.015+0000] {logging_mixin.py:188} INFO - [2025-12-27T14:05:28.014+0000] {dagbag.py:545} INFO - Filling up the DagBag from /usr/local/lib/python3.11/site-packages/airflow/example_dags/tutorial_taskflow_api_virtualenv.py
[2025-12-27T14:05:28.023+0000] {logging_mixin.py:188} INFO - [2025-12-27T14:05:28.023+0000] {tutorial_taskflow_api_virtualenv.py:29} WARNING - The tutorial_taskflow_api_virtualenv example DAG requires virtualenv, please install it.
[2025-12-27T14:05:28.024+0000] {processor.py:842} WARNING - No viable dags retrieved from /usr/local/lib/python3.11/site-packages/airflow/example_dags/tutorial_taskflow_api_virtualenv.py
[2025-12-27T14:05:28.047+0000] {processor.py:183} INFO - Processing /usr/local/lib/python3.11/site-packages/airflow/example_dags/tutorial_taskflow_api_virtualenv.py took 0.049 seconds
[2025-12-27T14:07:16.484+0000] {processor.py:161} INFO - Started process (PID=893) to work on /usr/local/lib/python3.11/site-packages/airflow/example_dags/tutorial_taskflow_api_virtualenv.py
[2025-12-27T14:07:16.497+0000] {processor.py:830} INFO - Processing file /usr/local/lib/python3.11/site-packages/airflow/example_dags/tutorial_taskflow_api_virtualenv.py for tasks to queue
[2025-12-27T14:07:16.503+0000] {logging_mixin.py:188} INFO - [2025-12-27T14:07:16.502+0000] {dagbag.py:545} INFO - Filling up the DagBag from /usr/local/lib/python3.11/site-packages/airflow/example_dags/tutorial_taskflow_api_virtualenv.py
[2025-12-27T14:07:16.573+0000] {logging_mixin.py:188} INFO - [2025-12-27T14:07:16.573+0000] {tutorial_taskflow_api_virtualenv.py:29} WARNING - The tutorial_taskflow_api_virtualenv example DAG requires virtualenv, please install it.
[2025-12-27T14:07:16.575+0000] {processor.py:842} WARNING - No viable dags retrieved from /usr/local/lib/python3.11/site-packages/airflow/example_dags/tutorial_taskflow_api_virtualenv.py
[2025-12-27T14:07:16.625+0000] {processor.py:183} INFO - Processing /usr/local/lib/python3.11/site-packages/airflow/example_dags/tutorial_taskflow_api_virtualenv.py took 0.182 seconds
[2025-12-27T14:09:00.133+0000] {processor.py:161} INFO - Started process (PID=958) to work on /usr/local/lib/python3.11/site-packages/airflow/example_dags/tutorial_taskflow_api_virtualenv.py
[2025-12-27T14:09:00.135+0000] {processor.py:830} INFO - Processing file /usr/local/lib/python3.11/site-packages/airflow/example_dags/tutorial_taskflow_api_virtualenv.py for tasks to queue
[2025-12-27T14:09:00.138+0000] {logging_mixin.py:188} INFO - [2025-12-27T14:09:00.138+0000] {dagbag.py:545} INFO - Filling up the DagBag from /usr/local/lib/python3.11/site-packages/airflow/example_dags/tutorial_taskflow_api_virtualenv.py
[2025-12-27T14:09:00.150+0000] {logging_mixin.py:188} INFO - [2025-12-27T14:09:00.149+0000] {tutorial_taskflow_api_virtualenv.py:29} WARNING - The tutorial_taskflow_api_virtualenv example DAG requires virtualenv, please install it.
[2025-12-27T14:09:00.151+0000] {processor.py:842} WARNING - No viable dags retrieved from /usr/local/lib/python3.11/site-packages/airflow/example_dags/tutorial_taskflow_api_virtualenv.py
[2025-12-27T14:09:00.179+0000] {processor.py:183} INFO - Processing /usr/local/lib/python3.11/site-packages/airflow/example_dags/tutorial_taskflow_api_virtualenv.py took 0.070 seconds
[2025-12-27T14:10:43.028+0000] {processor.py:161} INFO - Started process (PID=1022) to work on /usr/local/lib/python3.11/site-packages/airflow/example_dags/tutorial_taskflow_api_virtualenv.py
[2025-12-27T14:10:43.056+0000] {processor.py:830} INFO - Processing file /usr/local/lib/python3.11/site-packages/airflow/example_dags/tutorial_taskflow_api_virtualenv.py for tasks to queue
[2025-12-27T14:10:43.059+0000] {logging_mixin.py:188} INFO - [2025-12-27T14:10:43.059+0000] {dagbag.py:545} INFO - Filling up the DagBag from /usr/local/lib/python3.11/site-packages/airflow/example_dags/tutorial_taskflow_api_virtualenv.py
[2025-12-27T14:10:43.067+0000] {logging_mixin.py:188} INFO - [2025-12-27T14:10:43.067+0000] {tutorial_taskflow_api_virtualenv.py:29} WARNING - The tutorial_taskflow_api_virtualenv example DAG requires virtualenv, please install it.
[2025-12-27T14:10:43.068+0000] {processor.py:842} WARNING - No viable dags retrieved from /usr/local/lib/python3.11/site-packages/airflow/example_dags/tutorial_taskflow_api_virtualenv.py
[2025-12-27T14:10:43.096+0000] {processor.py:183} INFO - Processing /usr/local/lib/python3.11/site-packages/airflow/example_dags/tutorial_taskflow_api_virtualenv.py took 0.090 seconds
[2025-12-27T14:11:44.455+0000] {processor.py:161} INFO - Started process (PID=1055) to work on /usr/local/lib/python3.11/site-packages/airflow/example_dags/tutorial_taskflow_api_virtualenv.py
[2025-12-27T14:11:44.457+0000] {processor.py:830} INFO - Processing file /usr/local/lib/python3.11/site-packages/airflow/example_dags/tutorial_taskflow_api_virtualenv.py for tasks to queue
[2025-12-27T14:11:44.461+0000] {logging_mixin.py:188} INFO - [2025-12-27T14:11:44.460+0000] {dagbag.py:545} INFO - Filling up the DagBag from /usr/local/lib/python3.11/site-packages/airflow/example_dags/tutorial_taskflow_api_virtualenv.py
[2025-12-27T14:11:44.475+0000] {logging_mixin.py:188} INFO - [2025-12-27T14:11:44.475+0000] {tutorial_taskflow_api_virtualenv.py:29} WARNING - The tutorial_taskflow_api_virtualenv example DAG requires virtualenv, please install it.
[2025-12-27T14:11:44.476+0000] {processor.py:842} WARNING - No viable dags retrieved from /usr/local/lib/python3.11/site-packages/airflow/example_dags/tutorial_taskflow_api_virtualenv.py
[2025-12-27T14:11:44.517+0000] {processor.py:183} INFO - Processing /usr/local/lib/python3.11/site-packages/airflow/example_dags/tutorial_taskflow_api_virtualenv.py took 0.085 seconds
[2025-12-27T14:12:49.112+0000] {processor.py:161} INFO - Started process (PID=1094) to work on /usr/local/lib/python3.11/site-packages/airflow/example_dags/tutorial_taskflow_api_virtualenv.py
[2025-12-27T14:12:49.113+0000] {processor.py:830} INFO - Processing file /usr/local/lib/python3.11/site-packages/airflow/example_dags/tutorial_taskflow_api_virtualenv.py for tasks to queue
[2025-12-27T14:12:49.116+0000] {logging_mixin.py:188} INFO - [2025-12-27T14:12:49.115+0000] {dagbag.py:545} INFO - Filling up the DagBag from /usr/local/lib/python3.11/site-packages/airflow/example_dags/tutorial_taskflow_api_virtualenv.py
[2025-12-27T14:12:49.124+0000] {logging_mixin.py:188} INFO - [2025-12-27T14:12:49.124+0000] {tutorial_taskflow_api_virtualenv.py:29} WARNING - The tutorial_taskflow_api_virtualenv example DAG requires virtualenv, please install it.
[2025-12-27T14:12:49.125+0000] {processor.py:842} WARNING - No viable dags retrieved from /usr/local/lib/python3.11/site-packages/airflow/example_dags/tutorial_taskflow_api_virtualenv.py
[2025-12-27T14:12:49.159+0000] {processor.py:183} INFO - Processing /usr/local/lib/python3.11/site-packages/airflow/example_dags/tutorial_taskflow_api_virtualenv.py took 0.061 seconds
[2025-12-27T14:13:52.234+0000] {processor.py:161} INFO - Started process (PID=1128) to work on /usr/local/lib/python3.11/site-packages/airflow/example_dags/tutorial_taskflow_api_virtualenv.py
[2025-12-27T14:13:52.236+0000] {processor.py:830} INFO - Processing file /usr/local/lib/python3.11/site-packages/airflow/example_dags/tutorial_taskflow_api_virtualenv.py for tasks to queue
[2025-12-27T14:13:52.238+0000] {logging_mixin.py:188} INFO - [2025-12-27T14:13:52.237+0000] {dagbag.py:545} INFO - Filling up the DagBag from /usr/local/lib/python3.11/site-packages/airflow/example_dags/tutorial_taskflow_api_virtualenv.py
[2025-12-27T14:13:52.250+0000] {logging_mixin.py:188} INFO - [2025-12-27T14:13:52.250+0000] {tutorial_taskflow_api_virtualenv.py:29} WARNING - The tutorial_taskflow_api_virtualenv example DAG requires virtualenv, please install it.
[2025-12-27T14:13:52.251+0000] {processor.py:842} WARNING - No viable dags retrieved from /usr/local/lib/python3.11/site-packages/airflow/example_dags/tutorial_taskflow_api_virtualenv.py
[2025-12-27T14:13:52.288+0000] {processor.py:183} INFO - Processing /usr/local/lib/python3.11/site-packages/airflow/example_dags/tutorial_taskflow_api_virtualenv.py took 0.070 seconds
[2025-12-27T14:32:13.566+0000] {processor.py:161} INFO - Started process (PID=47) to work on /usr/local/lib/python3.11/site-packages/airflow/example_dags/tutorial_taskflow_api_virtualenv.py
[2025-12-27T14:32:13.568+0000] {processor.py:830} INFO - Processing file /usr/local/lib/python3.11/site-packages/airflow/example_dags/tutorial_taskflow_api_virtualenv.py for tasks to queue
[2025-12-27T14:32:13.570+0000] {logging_mixin.py:188} INFO - [2025-12-27T14:32:13.569+0000] {dagbag.py:545} INFO - Filling up the DagBag from /usr/local/lib/python3.11/site-packages/airflow/example_dags/tutorial_taskflow_api_virtualenv.py
[2025-12-27T14:32:13.576+0000] {logging_mixin.py:188} INFO - [2025-12-27T14:32:13.576+0000] {tutorial_taskflow_api_virtualenv.py:29} WARNING - The tutorial_taskflow_api_virtualenv example DAG requires virtualenv, please install it.
[2025-12-27T14:32:13.576+0000] {processor.py:842} WARNING - No viable dags retrieved from /usr/local/lib/python3.11/site-packages/airflow/example_dags/tutorial_taskflow_api_virtualenv.py
[2025-12-27T14:32:13.597+0000] {processor.py:183} INFO - Processing /usr/local/lib/python3.11/site-packages/airflow/example_dags/tutorial_taskflow_api_virtualenv.py took 0.046 seconds
[2025-12-27T14:33:45.950+0000] {processor.py:161} INFO - Started process (PID=99) to work on /usr/local/lib/python3.11/site-packages/airflow/example_dags/tutorial_taskflow_api_virtualenv.py
[2025-12-27T14:33:45.951+0000] {processor.py:830} INFO - Processing file /usr/local/lib/python3.11/site-packages/airflow/example_dags/tutorial_taskflow_api_virtualenv.py for tasks to queue
[2025-12-27T14:33:45.953+0000] {logging_mixin.py:188} INFO - [2025-12-27T14:33:45.953+0000] {dagbag.py:545} INFO - Filling up the DagBag from /usr/local/lib/python3.11/site-packages/airflow/example_dags/tutorial_taskflow_api_virtualenv.py
[2025-12-27T14:33:45.961+0000] {logging_mixin.py:188} INFO - [2025-12-27T14:33:45.960+0000] {tutorial_taskflow_api_virtualenv.py:29} WARNING - The tutorial_taskflow_api_virtualenv example DAG requires virtualenv, please install it.
[2025-12-27T14:33:45.961+0000] {processor.py:842} WARNING - No viable dags retrieved from /usr/local/lib/python3.11/site-packages/airflow/example_dags/tutorial_taskflow_api_virtualenv.py
[2025-12-27T14:33:45.986+0000] {processor.py:183} INFO - Processing /usr/local/lib/python3.11/site-packages/airflow/example_dags/tutorial_taskflow_api_virtualenv.py took 0.052 seconds
[2025-12-27T14:35:34.629+0000] {processor.py:161} INFO - Started process (PID=166) to work on /usr/local/lib/python3.11/site-packages/airflow/example_dags/tutorial_taskflow_api_virtualenv.py
[2025-12-27T14:35:34.631+0000] {processor.py:830} INFO - Processing file /usr/local/lib/python3.11/site-packages/airflow/example_dags/tutorial_taskflow_api_virtualenv.py for tasks to queue
[2025-12-27T14:35:34.634+0000] {logging_mixin.py:188} INFO - [2025-12-27T14:35:34.633+0000] {dagbag.py:545} INFO - Filling up the DagBag from /usr/local/lib/python3.11/site-packages/airflow/example_dags/tutorial_taskflow_api_virtualenv.py
[2025-12-27T14:35:34.641+0000] {logging_mixin.py:188} INFO - [2025-12-27T14:35:34.641+0000] {tutorial_taskflow_api_virtualenv.py:29} WARNING - The tutorial_taskflow_api_virtualenv example DAG requires virtualenv, please install it.
[2025-12-27T14:35:34.642+0000] {processor.py:842} WARNING - No viable dags retrieved from /usr/local/lib/python3.11/site-packages/airflow/example_dags/tutorial_taskflow_api_virtualenv.py
[2025-12-27T14:35:34.667+0000] {processor.py:183} INFO - Processing /usr/local/lib/python3.11/site-packages/airflow/example_dags/tutorial_taskflow_api_virtualenv.py took 0.056 seconds
[2025-12-27T14:53:32.001+0000] {processor.py:161} INFO - Started process (PID=51) to work on /usr/local/lib/python3.11/site-packages/airflow/example_dags/tutorial_taskflow_api_virtualenv.py
[2025-12-27T14:53:32.003+0000] {processor.py:830} INFO - Processing file /usr/local/lib/python3.11/site-packages/airflow/example_dags/tutorial_taskflow_api_virtualenv.py for tasks to queue
[2025-12-27T14:53:32.005+0000] {logging_mixin.py:188} INFO - [2025-12-27T14:53:32.005+0000] {dagbag.py:545} INFO - Filling up the DagBag from /usr/local/lib/python3.11/site-packages/airflow/example_dags/tutorial_taskflow_api_virtualenv.py
[2025-12-27T14:53:32.032+0000] {logging_mixin.py:188} INFO - [2025-12-27T14:53:32.032+0000] {tutorial_taskflow_api_virtualenv.py:29} WARNING - The tutorial_taskflow_api_virtualenv example DAG requires virtualenv, please install it.
[2025-12-27T14:53:32.033+0000] {processor.py:842} WARNING - No viable dags retrieved from /usr/local/lib/python3.11/site-packages/airflow/example_dags/tutorial_taskflow_api_virtualenv.py
[2025-12-27T14:53:32.068+0000] {processor.py:183} INFO - Processing /usr/local/lib/python3.11/site-packages/airflow/example_dags/tutorial_taskflow_api_virtualenv.py took 0.087 seconds
[2025-12-27T14:55:34.266+0000] {processor.py:161} INFO - Started process (PID=103) to work on /usr/local/lib/python3.11/site-packages/airflow/example_dags/tutorial_taskflow_api_virtualenv.py
[2025-12-27T14:55:34.267+0000] {processor.py:830} INFO - Processing file /usr/local/lib/python3.11/site-packages/airflow/example_dags/tutorial_taskflow_api_virtualenv.py for tasks to queue
[2025-12-27T14:55:34.273+0000] {logging_mixin.py:188} INFO - [2025-12-27T14:55:34.272+0000] {dagbag.py:545} INFO - Filling up the DagBag from /usr/local/lib/python3.11/site-packages/airflow/example_dags/tutorial_taskflow_api_virtualenv.py
[2025-12-27T14:55:34.279+0000] {logging_mixin.py:188} INFO - [2025-12-27T14:55:34.279+0000] {tutorial_taskflow_api_virtualenv.py:29} WARNING - The tutorial_taskflow_api_virtualenv example DAG requires virtualenv, please install it.
[2025-12-27T14:55:34.280+0000] {processor.py:842} WARNING - No viable dags retrieved from /usr/local/lib/python3.11/site-packages/airflow/example_dags/tutorial_taskflow_api_virtualenv.py
[2025-12-27T14:55:34.309+0000] {processor.py:183} INFO - Processing /usr/local/lib/python3.11/site-packages/airflow/example_dags/tutorial_taskflow_api_virtualenv.py took 0.061 seconds
[2025-12-27T14:56:38.958+0000] {processor.py:161} INFO - Started process (PID=142) to work on /usr/local/lib/python3.11/site-packages/airflow/example_dags/tutorial_taskflow_api_virtualenv.py
[2025-12-27T14:56:38.959+0000] {processor.py:830} INFO - Processing file /usr/local/lib/python3.11/site-packages/airflow/example_dags/tutorial_taskflow_api_virtualenv.py for tasks to queue
[2025-12-27T14:56:38.962+0000] {logging_mixin.py:188} INFO - [2025-12-27T14:56:38.962+0000] {dagbag.py:545} INFO - Filling up the DagBag from /usr/local/lib/python3.11/site-packages/airflow/example_dags/tutorial_taskflow_api_virtualenv.py
[2025-12-27T14:56:38.969+0000] {logging_mixin.py:188} INFO - [2025-12-27T14:56:38.969+0000] {tutorial_taskflow_api_virtualenv.py:29} WARNING - The tutorial_taskflow_api_virtualenv example DAG requires virtualenv, please install it.
[2025-12-27T14:56:38.969+0000] {processor.py:842} WARNING - No viable dags retrieved from /usr/local/lib/python3.11/site-packages/airflow/example_dags/tutorial_taskflow_api_virtualenv.py
[2025-12-27T14:56:38.998+0000] {processor.py:183} INFO - Processing /usr/local/lib/python3.11/site-packages/airflow/example_dags/tutorial_taskflow_api_virtualenv.py took 0.056 seconds
[2025-12-27T14:58:47.078+0000] {processor.py:161} INFO - Started process (PID=210) to work on /usr/local/lib/python3.11/site-packages/airflow/example_dags/tutorial_taskflow_api_virtualenv.py
[2025-12-27T14:58:47.079+0000] {processor.py:830} INFO - Processing file /usr/local/lib/python3.11/site-packages/airflow/example_dags/tutorial_taskflow_api_virtualenv.py for tasks to queue
[2025-12-27T14:58:47.082+0000] {logging_mixin.py:188} INFO - [2025-12-27T14:58:47.081+0000] {dagbag.py:545} INFO - Filling up the DagBag from /usr/local/lib/python3.11/site-packages/airflow/example_dags/tutorial_taskflow_api_virtualenv.py
[2025-12-27T14:58:47.089+0000] {logging_mixin.py:188} INFO - [2025-12-27T14:58:47.089+0000] {tutorial_taskflow_api_virtualenv.py:29} WARNING - The tutorial_taskflow_api_virtualenv example DAG requires virtualenv, please install it.
[2025-12-27T14:58:47.089+0000] {processor.py:842} WARNING - No viable dags retrieved from /usr/local/lib/python3.11/site-packages/airflow/example_dags/tutorial_taskflow_api_virtualenv.py
[2025-12-27T14:58:47.116+0000] {processor.py:183} INFO - Processing /usr/local/lib/python3.11/site-packages/airflow/example_dags/tutorial_taskflow_api_virtualenv.py took 0.052 seconds
[2025-12-27T15:00:33.092+0000] {processor.py:161} INFO - Started process (PID=291) to work on /usr/local/lib/python3.11/site-packages/airflow/example_dags/tutorial_taskflow_api_virtualenv.py
[2025-12-27T15:00:33.094+0000] {processor.py:830} INFO - Processing file /usr/local/lib/python3.11/site-packages/airflow/example_dags/tutorial_taskflow_api_virtualenv.py for tasks to queue
[2025-12-27T15:00:33.097+0000] {logging_mixin.py:188} INFO - [2025-12-27T15:00:33.096+0000] {dagbag.py:545} INFO - Filling up the DagBag from /usr/local/lib/python3.11/site-packages/airflow/example_dags/tutorial_taskflow_api_virtualenv.py
[2025-12-27T15:00:33.103+0000] {logging_mixin.py:188} INFO - [2025-12-27T15:00:33.103+0000] {tutorial_taskflow_api_virtualenv.py:29} WARNING - The tutorial_taskflow_api_virtualenv example DAG requires virtualenv, please install it.
[2025-12-27T15:00:33.104+0000] {processor.py:842} WARNING - No viable dags retrieved from /usr/local/lib/python3.11/site-packages/airflow/example_dags/tutorial_taskflow_api_virtualenv.py
[2025-12-27T15:00:33.141+0000] {processor.py:183} INFO - Processing /usr/local/lib/python3.11/site-packages/airflow/example_dags/tutorial_taskflow_api_virtualenv.py took 0.067 seconds
[2025-12-27T15:01:34.808+0000] {processor.py:161} INFO - Started process (PID=330) to work on /usr/local/lib/python3.11/site-packages/airflow/example_dags/tutorial_taskflow_api_virtualenv.py
[2025-12-27T15:01:34.809+0000] {processor.py:830} INFO - Processing file /usr/local/lib/python3.11/site-packages/airflow/example_dags/tutorial_taskflow_api_virtualenv.py for tasks to queue
[2025-12-27T15:01:34.812+0000] {logging_mixin.py:188} INFO - [2025-12-27T15:01:34.812+0000] {dagbag.py:545} INFO - Filling up the DagBag from /usr/local/lib/python3.11/site-packages/airflow/example_dags/tutorial_taskflow_api_virtualenv.py
[2025-12-27T15:01:34.821+0000] {logging_mixin.py:188} INFO - [2025-12-27T15:01:34.821+0000] {tutorial_taskflow_api_virtualenv.py:29} WARNING - The tutorial_taskflow_api_virtualenv example DAG requires virtualenv, please install it.
[2025-12-27T15:01:34.822+0000] {processor.py:842} WARNING - No viable dags retrieved from /usr/local/lib/python3.11/site-packages/airflow/example_dags/tutorial_taskflow_api_virtualenv.py
[2025-12-27T15:01:34.850+0000] {processor.py:183} INFO - Processing /usr/local/lib/python3.11/site-packages/airflow/example_dags/tutorial_taskflow_api_virtualenv.py took 0.064 seconds
[2025-12-27T15:03:26.142+0000] {processor.py:161} INFO - Started process (PID=405) to work on /usr/local/lib/python3.11/site-packages/airflow/example_dags/tutorial_taskflow_api_virtualenv.py
[2025-12-27T15:03:26.144+0000] {processor.py:830} INFO - Processing file /usr/local/lib/python3.11/site-packages/airflow/example_dags/tutorial_taskflow_api_virtualenv.py for tasks to queue
[2025-12-27T15:03:26.147+0000] {logging_mixin.py:188} INFO - [2025-12-27T15:03:26.146+0000] {dagbag.py:545} INFO - Filling up the DagBag from /usr/local/lib/python3.11/site-packages/airflow/example_dags/tutorial_taskflow_api_virtualenv.py
[2025-12-27T15:03:26.159+0000] {logging_mixin.py:188} INFO - [2025-12-27T15:03:26.159+0000] {tutorial_taskflow_api_virtualenv.py:29} WARNING - The tutorial_taskflow_api_virtualenv example DAG requires virtualenv, please install it.
[2025-12-27T15:03:26.161+0000] {processor.py:842} WARNING - No viable dags retrieved from /usr/local/lib/python3.11/site-packages/airflow/example_dags/tutorial_taskflow_api_virtualenv.py
[2025-12-27T15:03:26.192+0000] {processor.py:183} INFO - Processing /usr/local/lib/python3.11/site-packages/airflow/example_dags/tutorial_taskflow_api_virtualenv.py took 0.069 seconds
[2025-12-27T15:04:52.601+0000] {processor.py:161} INFO - Started process (PID=466) to work on /usr/local/lib/python3.11/site-packages/airflow/example_dags/tutorial_taskflow_api_virtualenv.py
[2025-12-27T15:04:52.602+0000] {processor.py:830} INFO - Processing file /usr/local/lib/python3.11/site-packages/airflow/example_dags/tutorial_taskflow_api_virtualenv.py for tasks to queue
[2025-12-27T15:04:52.604+0000] {logging_mixin.py:188} INFO - [2025-12-27T15:04:52.604+0000] {dagbag.py:545} INFO - Filling up the DagBag from /usr/local/lib/python3.11/site-packages/airflow/example_dags/tutorial_taskflow_api_virtualenv.py
[2025-12-27T15:04:52.611+0000] {logging_mixin.py:188} INFO - [2025-12-27T15:04:52.611+0000] {tutorial_taskflow_api_virtualenv.py:29} WARNING - The tutorial_taskflow_api_virtualenv example DAG requires virtualenv, please install it.
[2025-12-27T15:04:52.612+0000] {processor.py:842} WARNING - No viable dags retrieved from /usr/local/lib/python3.11/site-packages/airflow/example_dags/tutorial_taskflow_api_virtualenv.py
[2025-12-27T15:04:52.638+0000] {processor.py:183} INFO - Processing /usr/local/lib/python3.11/site-packages/airflow/example_dags/tutorial_taskflow_api_virtualenv.py took 0.061 seconds
[2025-12-27T15:06:21.722+0000] {processor.py:161} INFO - Started process (PID=528) to work on /usr/local/lib/python3.11/site-packages/airflow/example_dags/tutorial_taskflow_api_virtualenv.py
[2025-12-27T15:06:21.723+0000] {processor.py:830} INFO - Processing file /usr/local/lib/python3.11/site-packages/airflow/example_dags/tutorial_taskflow_api_virtualenv.py for tasks to queue
[2025-12-27T15:06:21.725+0000] {logging_mixin.py:188} INFO - [2025-12-27T15:06:21.725+0000] {dagbag.py:545} INFO - Filling up the DagBag from /usr/local/lib/python3.11/site-packages/airflow/example_dags/tutorial_taskflow_api_virtualenv.py
[2025-12-27T15:06:21.734+0000] {logging_mixin.py:188} INFO - [2025-12-27T15:06:21.733+0000] {tutorial_taskflow_api_virtualenv.py:29} WARNING - The tutorial_taskflow_api_virtualenv example DAG requires virtualenv, please install it.
[2025-12-27T15:06:21.734+0000] {processor.py:842} WARNING - No viable dags retrieved from /usr/local/lib/python3.11/site-packages/airflow/example_dags/tutorial_taskflow_api_virtualenv.py
[2025-12-27T15:06:21.763+0000] {processor.py:183} INFO - Processing /usr/local/lib/python3.11/site-packages/airflow/example_dags/tutorial_taskflow_api_virtualenv.py took 0.055 seconds
[2025-12-27T15:07:53.874+0000] {processor.py:161} INFO - Started process (PID=591) to work on /usr/local/lib/python3.11/site-packages/airflow/example_dags/tutorial_taskflow_api_virtualenv.py
[2025-12-27T15:07:53.875+0000] {processor.py:830} INFO - Processing file /usr/local/lib/python3.11/site-packages/airflow/example_dags/tutorial_taskflow_api_virtualenv.py for tasks to queue
[2025-12-27T15:07:53.877+0000] {logging_mixin.py:188} INFO - [2025-12-27T15:07:53.877+0000] {dagbag.py:545} INFO - Filling up the DagBag from /usr/local/lib/python3.11/site-packages/airflow/example_dags/tutorial_taskflow_api_virtualenv.py
[2025-12-27T15:07:53.885+0000] {logging_mixin.py:188} INFO - [2025-12-27T15:07:53.884+0000] {tutorial_taskflow_api_virtualenv.py:29} WARNING - The tutorial_taskflow_api_virtualenv example DAG requires virtualenv, please install it.
[2025-12-27T15:07:53.885+0000] {processor.py:842} WARNING - No viable dags retrieved from /usr/local/lib/python3.11/site-packages/airflow/example_dags/tutorial_taskflow_api_virtualenv.py
[2025-12-27T15:07:53.913+0000] {processor.py:183} INFO - Processing /usr/local/lib/python3.11/site-packages/airflow/example_dags/tutorial_taskflow_api_virtualenv.py took 0.053 seconds
[2025-12-27T15:09:39.366+0000] {processor.py:161} INFO - Started process (PID=658) to work on /usr/local/lib/python3.11/site-packages/airflow/example_dags/tutorial_taskflow_api_virtualenv.py
[2025-12-27T15:09:39.367+0000] {processor.py:830} INFO - Processing file /usr/local/lib/python3.11/site-packages/airflow/example_dags/tutorial_taskflow_api_virtualenv.py for tasks to queue
[2025-12-27T15:09:39.370+0000] {logging_mixin.py:188} INFO - [2025-12-27T15:09:39.369+0000] {dagbag.py:545} INFO - Filling up the DagBag from /usr/local/lib/python3.11/site-packages/airflow/example_dags/tutorial_taskflow_api_virtualenv.py
[2025-12-27T15:09:39.378+0000] {logging_mixin.py:188} INFO - [2025-12-27T15:09:39.377+0000] {tutorial_taskflow_api_virtualenv.py:29} WARNING - The tutorial_taskflow_api_virtualenv example DAG requires virtualenv, please install it.
[2025-12-27T15:09:39.378+0000] {processor.py:842} WARNING - No viable dags retrieved from /usr/local/lib/python3.11/site-packages/airflow/example_dags/tutorial_taskflow_api_virtualenv.py
[2025-12-27T15:09:39.410+0000] {processor.py:183} INFO - Processing /usr/local/lib/python3.11/site-packages/airflow/example_dags/tutorial_taskflow_api_virtualenv.py took 0.063 seconds
[2025-12-27T15:11:30.517+0000] {processor.py:161} INFO - Started process (PID=726) to work on /usr/local/lib/python3.11/site-packages/airflow/example_dags/tutorial_taskflow_api_virtualenv.py
[2025-12-27T15:11:30.518+0000] {processor.py:830} INFO - Processing file /usr/local/lib/python3.11/site-packages/airflow/example_dags/tutorial_taskflow_api_virtualenv.py for tasks to queue
[2025-12-27T15:11:30.520+0000] {logging_mixin.py:188} INFO - [2025-12-27T15:11:30.520+0000] {dagbag.py:545} INFO - Filling up the DagBag from /usr/local/lib/python3.11/site-packages/airflow/example_dags/tutorial_taskflow_api_virtualenv.py
[2025-12-27T15:11:30.527+0000] {logging_mixin.py:188} INFO - [2025-12-27T15:11:30.527+0000] {tutorial_taskflow_api_virtualenv.py:29} WARNING - The tutorial_taskflow_api_virtualenv example DAG requires virtualenv, please install it.
[2025-12-27T15:11:30.527+0000] {processor.py:842} WARNING - No viable dags retrieved from /usr/local/lib/python3.11/site-packages/airflow/example_dags/tutorial_taskflow_api_virtualenv.py
[2025-12-27T15:11:30.554+0000] {processor.py:183} INFO - Processing /usr/local/lib/python3.11/site-packages/airflow/example_dags/tutorial_taskflow_api_virtualenv.py took 0.053 seconds
[2025-12-27T15:13:03.004+0000] {processor.py:161} INFO - Started process (PID=789) to work on /usr/local/lib/python3.11/site-packages/airflow/example_dags/tutorial_taskflow_api_virtualenv.py
[2025-12-27T15:13:03.006+0000] {processor.py:830} INFO - Processing file /usr/local/lib/python3.11/site-packages/airflow/example_dags/tutorial_taskflow_api_virtualenv.py for tasks to queue
[2025-12-27T15:13:03.008+0000] {logging_mixin.py:188} INFO - [2025-12-27T15:13:03.008+0000] {dagbag.py:545} INFO - Filling up the DagBag from /usr/local/lib/python3.11/site-packages/airflow/example_dags/tutorial_taskflow_api_virtualenv.py
[2025-12-27T15:13:03.015+0000] {logging_mixin.py:188} INFO - [2025-12-27T15:13:03.015+0000] {tutorial_taskflow_api_virtualenv.py:29} WARNING - The tutorial_taskflow_api_virtualenv example DAG requires virtualenv, please install it.
[2025-12-27T15:13:03.015+0000] {processor.py:842} WARNING - No viable dags retrieved from /usr/local/lib/python3.11/site-packages/airflow/example_dags/tutorial_taskflow_api_virtualenv.py
[2025-12-27T15:13:03.042+0000] {processor.py:183} INFO - Processing /usr/local/lib/python3.11/site-packages/airflow/example_dags/tutorial_taskflow_api_virtualenv.py took 0.053 seconds
[2025-12-27T15:14:40.180+0000] {processor.py:161} INFO - Started process (PID=852) to work on /usr/local/lib/python3.11/site-packages/airflow/example_dags/tutorial_taskflow_api_virtualenv.py
[2025-12-27T15:14:40.181+0000] {processor.py:830} INFO - Processing file /usr/local/lib/python3.11/site-packages/airflow/example_dags/tutorial_taskflow_api_virtualenv.py for tasks to queue
[2025-12-27T15:14:40.184+0000] {logging_mixin.py:188} INFO - [2025-12-27T15:14:40.184+0000] {dagbag.py:545} INFO - Filling up the DagBag from /usr/local/lib/python3.11/site-packages/airflow/example_dags/tutorial_taskflow_api_virtualenv.py
[2025-12-27T15:14:40.196+0000] {logging_mixin.py:188} INFO - [2025-12-27T15:14:40.196+0000] {tutorial_taskflow_api_virtualenv.py:29} WARNING - The tutorial_taskflow_api_virtualenv example DAG requires virtualenv, please install it.
[2025-12-27T15:14:40.197+0000] {processor.py:842} WARNING - No viable dags retrieved from /usr/local/lib/python3.11/site-packages/airflow/example_dags/tutorial_taskflow_api_virtualenv.py
[2025-12-27T15:14:40.243+0000] {processor.py:183} INFO - Processing /usr/local/lib/python3.11/site-packages/airflow/example_dags/tutorial_taskflow_api_virtualenv.py took 0.080 seconds
[2025-12-27T15:15:38.633+0000] {processor.py:161} INFO - Started process (PID=888) to work on /usr/local/lib/python3.11/site-packages/airflow/example_dags/tutorial_taskflow_api_virtualenv.py
[2025-12-27T15:15:38.634+0000] {processor.py:830} INFO - Processing file /usr/local/lib/python3.11/site-packages/airflow/example_dags/tutorial_taskflow_api_virtualenv.py for tasks to queue
[2025-12-27T15:15:38.636+0000] {logging_mixin.py:188} INFO - [2025-12-27T15:15:38.636+0000] {dagbag.py:545} INFO - Filling up the DagBag from /usr/local/lib/python3.11/site-packages/airflow/example_dags/tutorial_taskflow_api_virtualenv.py
[2025-12-27T15:15:38.644+0000] {logging_mixin.py:188} INFO - [2025-12-27T15:15:38.644+0000] {tutorial_taskflow_api_virtualenv.py:29} WARNING - The tutorial_taskflow_api_virtualenv example DAG requires virtualenv, please install it.
[2025-12-27T15:15:38.645+0000] {processor.py:842} WARNING - No viable dags retrieved from /usr/local/lib/python3.11/site-packages/airflow/example_dags/tutorial_taskflow_api_virtualenv.py
[2025-12-27T15:15:38.681+0000] {processor.py:183} INFO - Processing /usr/local/lib/python3.11/site-packages/airflow/example_dags/tutorial_taskflow_api_virtualenv.py took 0.064 seconds
[2025-12-27T15:17:21.892+0000] {processor.py:161} INFO - Started process (PID=952) to work on /usr/local/lib/python3.11/site-packages/airflow/example_dags/tutorial_taskflow_api_virtualenv.py
[2025-12-27T15:17:21.893+0000] {processor.py:830} INFO - Processing file /usr/local/lib/python3.11/site-packages/airflow/example_dags/tutorial_taskflow_api_virtualenv.py for tasks to queue
[2025-12-27T15:17:21.897+0000] {logging_mixin.py:188} INFO - [2025-12-27T15:17:21.896+0000] {dagbag.py:545} INFO - Filling up the DagBag from /usr/local/lib/python3.11/site-packages/airflow/example_dags/tutorial_taskflow_api_virtualenv.py
[2025-12-27T15:17:21.906+0000] {logging_mixin.py:188} INFO - [2025-12-27T15:17:21.905+0000] {tutorial_taskflow_api_virtualenv.py:29} WARNING - The tutorial_taskflow_api_virtualenv example DAG requires virtualenv, please install it.
[2025-12-27T15:17:21.907+0000] {processor.py:842} WARNING - No viable dags retrieved from /usr/local/lib/python3.11/site-packages/airflow/example_dags/tutorial_taskflow_api_virtualenv.py
[2025-12-27T15:17:21.940+0000] {processor.py:183} INFO - Processing /usr/local/lib/python3.11/site-packages/airflow/example_dags/tutorial_taskflow_api_virtualenv.py took 0.072 seconds
[2025-12-27T15:18:18.540+0000] {processor.py:161} INFO - Started process (PID=988) to work on /usr/local/lib/python3.11/site-packages/airflow/example_dags/tutorial_taskflow_api_virtualenv.py
[2025-12-27T15:18:18.541+0000] {processor.py:830} INFO - Processing file /usr/local/lib/python3.11/site-packages/airflow/example_dags/tutorial_taskflow_api_virtualenv.py for tasks to queue
[2025-12-27T15:18:18.544+0000] {logging_mixin.py:188} INFO - [2025-12-27T15:18:18.543+0000] {dagbag.py:545} INFO - Filling up the DagBag from /usr/local/lib/python3.11/site-packages/airflow/example_dags/tutorial_taskflow_api_virtualenv.py
[2025-12-27T15:18:18.552+0000] {logging_mixin.py:188} INFO - [2025-12-27T15:18:18.552+0000] {tutorial_taskflow_api_virtualenv.py:29} WARNING - The tutorial_taskflow_api_virtualenv example DAG requires virtualenv, please install it.
[2025-12-27T15:18:18.553+0000] {processor.py:842} WARNING - No viable dags retrieved from /usr/local/lib/python3.11/site-packages/airflow/example_dags/tutorial_taskflow_api_virtualenv.py
[2025-12-27T15:18:18.580+0000] {processor.py:183} INFO - Processing /usr/local/lib/python3.11/site-packages/airflow/example_dags/tutorial_taskflow_api_virtualenv.py took 0.061 seconds
[2025-12-27T15:20:04.096+0000] {processor.py:161} INFO - Started process (PID=1054) to work on /usr/local/lib/python3.11/site-packages/airflow/example_dags/tutorial_taskflow_api_virtualenv.py
[2025-12-27T15:20:04.097+0000] {processor.py:830} INFO - Processing file /usr/local/lib/python3.11/site-packages/airflow/example_dags/tutorial_taskflow_api_virtualenv.py for tasks to queue
[2025-12-27T15:20:04.100+0000] {logging_mixin.py:188} INFO - [2025-12-27T15:20:04.099+0000] {dagbag.py:545} INFO - Filling up the DagBag from /usr/local/lib/python3.11/site-packages/airflow/example_dags/tutorial_taskflow_api_virtualenv.py
[2025-12-27T15:20:04.111+0000] {logging_mixin.py:188} INFO - [2025-12-27T15:20:04.111+0000] {tutorial_taskflow_api_virtualenv.py:29} WARNING - The tutorial_taskflow_api_virtualenv example DAG requires virtualenv, please install it.
[2025-12-27T15:20:04.112+0000] {processor.py:842} WARNING - No viable dags retrieved from /usr/local/lib/python3.11/site-packages/airflow/example_dags/tutorial_taskflow_api_virtualenv.py
[2025-12-27T15:20:04.328+0000] {processor.py:183} INFO - Processing /usr/local/lib/python3.11/site-packages/airflow/example_dags/tutorial_taskflow_api_virtualenv.py took 0.257 seconds
[2025-12-27T15:31:04.813+0000] {processor.py:161} INFO - Started process (PID=46) to work on /usr/local/lib/python3.11/site-packages/airflow/example_dags/tutorial_taskflow_api_virtualenv.py
[2025-12-27T15:31:04.815+0000] {processor.py:830} INFO - Processing file /usr/local/lib/python3.11/site-packages/airflow/example_dags/tutorial_taskflow_api_virtualenv.py for tasks to queue
[2025-12-27T15:31:04.820+0000] {logging_mixin.py:188} INFO - [2025-12-27T15:31:04.820+0000] {dagbag.py:545} INFO - Filling up the DagBag from /usr/local/lib/python3.11/site-packages/airflow/example_dags/tutorial_taskflow_api_virtualenv.py
[2025-12-27T15:31:04.839+0000] {logging_mixin.py:188} INFO - [2025-12-27T15:31:04.839+0000] {tutorial_taskflow_api_virtualenv.py:29} WARNING - The tutorial_taskflow_api_virtualenv example DAG requires virtualenv, please install it.
[2025-12-27T15:31:04.840+0000] {processor.py:842} WARNING - No viable dags retrieved from /usr/local/lib/python3.11/site-packages/airflow/example_dags/tutorial_taskflow_api_virtualenv.py
[2025-12-27T15:31:04.887+0000] {processor.py:183} INFO - Processing /usr/local/lib/python3.11/site-packages/airflow/example_dags/tutorial_taskflow_api_virtualenv.py took 0.094 seconds
[2025-12-27T15:32:38.015+0000] {processor.py:161} INFO - Started process (PID=98) to work on /usr/local/lib/python3.11/site-packages/airflow/example_dags/tutorial_taskflow_api_virtualenv.py
[2025-12-27T15:32:38.016+0000] {processor.py:830} INFO - Processing file /usr/local/lib/python3.11/site-packages/airflow/example_dags/tutorial_taskflow_api_virtualenv.py for tasks to queue
[2025-12-27T15:32:38.018+0000] {logging_mixin.py:188} INFO - [2025-12-27T15:32:38.018+0000] {dagbag.py:545} INFO - Filling up the DagBag from /usr/local/lib/python3.11/site-packages/airflow/example_dags/tutorial_taskflow_api_virtualenv.py
[2025-12-27T15:32:38.026+0000] {logging_mixin.py:188} INFO - [2025-12-27T15:32:38.026+0000] {tutorial_taskflow_api_virtualenv.py:29} WARNING - The tutorial_taskflow_api_virtualenv example DAG requires virtualenv, please install it.
[2025-12-27T15:32:38.027+0000] {processor.py:842} WARNING - No viable dags retrieved from /usr/local/lib/python3.11/site-packages/airflow/example_dags/tutorial_taskflow_api_virtualenv.py
[2025-12-27T15:32:38.050+0000] {processor.py:183} INFO - Processing /usr/local/lib/python3.11/site-packages/airflow/example_dags/tutorial_taskflow_api_virtualenv.py took 0.049 seconds
[2025-12-27T15:33:36.309+0000] {processor.py:161} INFO - Started process (PID=137) to work on /usr/local/lib/python3.11/site-packages/airflow/example_dags/tutorial_taskflow_api_virtualenv.py
[2025-12-27T15:33:36.310+0000] {processor.py:830} INFO - Processing file /usr/local/lib/python3.11/site-packages/airflow/example_dags/tutorial_taskflow_api_virtualenv.py for tasks to queue
[2025-12-27T15:33:36.312+0000] {logging_mixin.py:188} INFO - [2025-12-27T15:33:36.312+0000] {dagbag.py:545} INFO - Filling up the DagBag from /usr/local/lib/python3.11/site-packages/airflow/example_dags/tutorial_taskflow_api_virtualenv.py
[2025-12-27T15:33:36.331+0000] {logging_mixin.py:188} INFO - [2025-12-27T15:33:36.330+0000] {tutorial_taskflow_api_virtualenv.py:29} WARNING - The tutorial_taskflow_api_virtualenv example DAG requires virtualenv, please install it.
[2025-12-27T15:33:36.340+0000] {processor.py:842} WARNING - No viable dags retrieved from /usr/local/lib/python3.11/site-packages/airflow/example_dags/tutorial_taskflow_api_virtualenv.py
[2025-12-27T15:33:36.369+0000] {processor.py:183} INFO - Processing /usr/local/lib/python3.11/site-packages/airflow/example_dags/tutorial_taskflow_api_virtualenv.py took 0.075 seconds
[2025-12-27T15:35:11.415+0000] {processor.py:161} INFO - Started process (PID=201) to work on /usr/local/lib/python3.11/site-packages/airflow/example_dags/tutorial_taskflow_api_virtualenv.py
[2025-12-27T15:35:11.416+0000] {processor.py:830} INFO - Processing file /usr/local/lib/python3.11/site-packages/airflow/example_dags/tutorial_taskflow_api_virtualenv.py for tasks to queue
[2025-12-27T15:35:11.418+0000] {logging_mixin.py:188} INFO - [2025-12-27T15:35:11.417+0000] {dagbag.py:545} INFO - Filling up the DagBag from /usr/local/lib/python3.11/site-packages/airflow/example_dags/tutorial_taskflow_api_virtualenv.py
[2025-12-27T15:35:11.425+0000] {logging_mixin.py:188} INFO - [2025-12-27T15:35:11.425+0000] {tutorial_taskflow_api_virtualenv.py:29} WARNING - The tutorial_taskflow_api_virtualenv example DAG requires virtualenv, please install it.
[2025-12-27T15:35:11.426+0000] {processor.py:842} WARNING - No viable dags retrieved from /usr/local/lib/python3.11/site-packages/airflow/example_dags/tutorial_taskflow_api_virtualenv.py
[2025-12-27T15:35:11.452+0000] {processor.py:183} INFO - Processing /usr/local/lib/python3.11/site-packages/airflow/example_dags/tutorial_taskflow_api_virtualenv.py took 0.050 seconds
[2025-12-27T15:36:45.690+0000] {processor.py:161} INFO - Started process (PID=264) to work on /usr/local/lib/python3.11/site-packages/airflow/example_dags/tutorial_taskflow_api_virtualenv.py
[2025-12-27T15:36:45.697+0000] {processor.py:830} INFO - Processing file /usr/local/lib/python3.11/site-packages/airflow/example_dags/tutorial_taskflow_api_virtualenv.py for tasks to queue
[2025-12-27T15:36:45.704+0000] {logging_mixin.py:188} INFO - [2025-12-27T15:36:45.703+0000] {dagbag.py:545} INFO - Filling up the DagBag from /usr/local/lib/python3.11/site-packages/airflow/example_dags/tutorial_taskflow_api_virtualenv.py
[2025-12-27T15:36:45.711+0000] {logging_mixin.py:188} INFO - [2025-12-27T15:36:45.711+0000] {tutorial_taskflow_api_virtualenv.py:29} WARNING - The tutorial_taskflow_api_virtualenv example DAG requires virtualenv, please install it.
[2025-12-27T15:36:45.712+0000] {processor.py:842} WARNING - No viable dags retrieved from /usr/local/lib/python3.11/site-packages/airflow/example_dags/tutorial_taskflow_api_virtualenv.py
[2025-12-27T15:36:45.737+0000] {processor.py:183} INFO - Processing /usr/local/lib/python3.11/site-packages/airflow/example_dags/tutorial_taskflow_api_virtualenv.py took 0.073 seconds
[2025-12-27T15:38:15.112+0000] {processor.py:161} INFO - Started process (PID=326) to work on /usr/local/lib/python3.11/site-packages/airflow/example_dags/tutorial_taskflow_api_virtualenv.py
[2025-12-27T15:38:15.113+0000] {processor.py:830} INFO - Processing file /usr/local/lib/python3.11/site-packages/airflow/example_dags/tutorial_taskflow_api_virtualenv.py for tasks to queue
[2025-12-27T15:38:15.116+0000] {logging_mixin.py:188} INFO - [2025-12-27T15:38:15.116+0000] {dagbag.py:545} INFO - Filling up the DagBag from /usr/local/lib/python3.11/site-packages/airflow/example_dags/tutorial_taskflow_api_virtualenv.py
[2025-12-27T15:38:15.192+0000] {logging_mixin.py:188} INFO - [2025-12-27T15:38:15.192+0000] {tutorial_taskflow_api_virtualenv.py:29} WARNING - The tutorial_taskflow_api_virtualenv example DAG requires virtualenv, please install it.
[2025-12-27T15:38:15.193+0000] {processor.py:842} WARNING - No viable dags retrieved from /usr/local/lib/python3.11/site-packages/airflow/example_dags/tutorial_taskflow_api_virtualenv.py
[2025-12-27T15:38:15.262+0000] {processor.py:183} INFO - Processing /usr/local/lib/python3.11/site-packages/airflow/example_dags/tutorial_taskflow_api_virtualenv.py took 0.165 seconds
[2025-12-27T15:40:03.072+0000] {processor.py:161} INFO - Started process (PID=391) to work on /usr/local/lib/python3.11/site-packages/airflow/example_dags/tutorial_taskflow_api_virtualenv.py
[2025-12-27T15:40:03.073+0000] {processor.py:830} INFO - Processing file /usr/local/lib/python3.11/site-packages/airflow/example_dags/tutorial_taskflow_api_virtualenv.py for tasks to queue
[2025-12-27T15:40:03.076+0000] {logging_mixin.py:188} INFO - [2025-12-27T15:40:03.075+0000] {dagbag.py:545} INFO - Filling up the DagBag from /usr/local/lib/python3.11/site-packages/airflow/example_dags/tutorial_taskflow_api_virtualenv.py
[2025-12-27T15:40:03.085+0000] {logging_mixin.py:188} INFO - [2025-12-27T15:40:03.085+0000] {tutorial_taskflow_api_virtualenv.py:29} WARNING - The tutorial_taskflow_api_virtualenv example DAG requires virtualenv, please install it.
[2025-12-27T15:40:03.086+0000] {processor.py:842} WARNING - No viable dags retrieved from /usr/local/lib/python3.11/site-packages/airflow/example_dags/tutorial_taskflow_api_virtualenv.py
[2025-12-27T15:40:03.115+0000] {processor.py:183} INFO - Processing /usr/local/lib/python3.11/site-packages/airflow/example_dags/tutorial_taskflow_api_virtualenv.py took 0.064 seconds
[2025-12-27T15:41:40.522+0000] {processor.py:161} INFO - Started process (PID=456) to work on /usr/local/lib/python3.11/site-packages/airflow/example_dags/tutorial_taskflow_api_virtualenv.py
[2025-12-27T15:41:40.523+0000] {processor.py:830} INFO - Processing file /usr/local/lib/python3.11/site-packages/airflow/example_dags/tutorial_taskflow_api_virtualenv.py for tasks to queue
[2025-12-27T15:41:40.526+0000] {logging_mixin.py:188} INFO - [2025-12-27T15:41:40.526+0000] {dagbag.py:545} INFO - Filling up the DagBag from /usr/local/lib/python3.11/site-packages/airflow/example_dags/tutorial_taskflow_api_virtualenv.py
[2025-12-27T15:41:40.535+0000] {logging_mixin.py:188} INFO - [2025-12-27T15:41:40.535+0000] {tutorial_taskflow_api_virtualenv.py:29} WARNING - The tutorial_taskflow_api_virtualenv example DAG requires virtualenv, please install it.
[2025-12-27T15:41:40.536+0000] {processor.py:842} WARNING - No viable dags retrieved from /usr/local/lib/python3.11/site-packages/airflow/example_dags/tutorial_taskflow_api_virtualenv.py
[2025-12-27T15:41:40.570+0000] {processor.py:183} INFO - Processing /usr/local/lib/python3.11/site-packages/airflow/example_dags/tutorial_taskflow_api_virtualenv.py took 0.066 seconds
[2025-12-27T15:44:02.108+0000] {processor.py:161} INFO - Started process (PID=50) to work on /usr/local/lib/python3.11/site-packages/airflow/example_dags/tutorial_taskflow_api_virtualenv.py
[2025-12-27T15:44:02.109+0000] {processor.py:830} INFO - Processing file /usr/local/lib/python3.11/site-packages/airflow/example_dags/tutorial_taskflow_api_virtualenv.py for tasks to queue
[2025-12-27T15:44:02.111+0000] {logging_mixin.py:188} INFO - [2025-12-27T15:44:02.111+0000] {dagbag.py:545} INFO - Filling up the DagBag from /usr/local/lib/python3.11/site-packages/airflow/example_dags/tutorial_taskflow_api_virtualenv.py
[2025-12-27T15:44:02.119+0000] {logging_mixin.py:188} INFO - [2025-12-27T15:44:02.119+0000] {tutorial_taskflow_api_virtualenv.py:29} WARNING - The tutorial_taskflow_api_virtualenv example DAG requires virtualenv, please install it.
[2025-12-27T15:44:02.119+0000] {processor.py:842} WARNING - No viable dags retrieved from /usr/local/lib/python3.11/site-packages/airflow/example_dags/tutorial_taskflow_api_virtualenv.py
[2025-12-27T15:44:02.149+0000] {processor.py:183} INFO - Processing /usr/local/lib/python3.11/site-packages/airflow/example_dags/tutorial_taskflow_api_virtualenv.py took 0.054 seconds
[2025-12-27T15:45:22.016+0000] {processor.py:161} INFO - Started process (PID=102) to work on /usr/local/lib/python3.11/site-packages/airflow/example_dags/tutorial_taskflow_api_virtualenv.py
[2025-12-27T15:45:22.017+0000] {processor.py:830} INFO - Processing file /usr/local/lib/python3.11/site-packages/airflow/example_dags/tutorial_taskflow_api_virtualenv.py for tasks to queue
[2025-12-27T15:45:22.019+0000] {logging_mixin.py:188} INFO - [2025-12-27T15:45:22.018+0000] {dagbag.py:545} INFO - Filling up the DagBag from /usr/local/lib/python3.11/site-packages/airflow/example_dags/tutorial_taskflow_api_virtualenv.py
[2025-12-27T15:45:22.024+0000] {logging_mixin.py:188} INFO - [2025-12-27T15:45:22.024+0000] {tutorial_taskflow_api_virtualenv.py:29} WARNING - The tutorial_taskflow_api_virtualenv example DAG requires virtualenv, please install it.
[2025-12-27T15:45:22.024+0000] {processor.py:842} WARNING - No viable dags retrieved from /usr/local/lib/python3.11/site-packages/airflow/example_dags/tutorial_taskflow_api_virtualenv.py
[2025-12-27T15:45:22.045+0000] {processor.py:183} INFO - Processing /usr/local/lib/python3.11/site-packages/airflow/example_dags/tutorial_taskflow_api_virtualenv.py took 0.042 seconds
[2025-12-27T15:47:04.036+0000] {processor.py:161} INFO - Started process (PID=191) to work on /usr/local/lib/python3.11/site-packages/airflow/example_dags/tutorial_taskflow_api_virtualenv.py
[2025-12-27T15:47:04.038+0000] {processor.py:830} INFO - Processing file /usr/local/lib/python3.11/site-packages/airflow/example_dags/tutorial_taskflow_api_virtualenv.py for tasks to queue
[2025-12-27T15:47:04.041+0000] {logging_mixin.py:188} INFO - [2025-12-27T15:47:04.040+0000] {dagbag.py:545} INFO - Filling up the DagBag from /usr/local/lib/python3.11/site-packages/airflow/example_dags/tutorial_taskflow_api_virtualenv.py
[2025-12-27T15:47:04.048+0000] {logging_mixin.py:188} INFO - [2025-12-27T15:47:04.047+0000] {tutorial_taskflow_api_virtualenv.py:29} WARNING - The tutorial_taskflow_api_virtualenv example DAG requires virtualenv, please install it.
[2025-12-27T15:47:04.048+0000] {processor.py:842} WARNING - No viable dags retrieved from /usr/local/lib/python3.11/site-packages/airflow/example_dags/tutorial_taskflow_api_virtualenv.py
[2025-12-27T15:47:04.077+0000] {processor.py:183} INFO - Processing /usr/local/lib/python3.11/site-packages/airflow/example_dags/tutorial_taskflow_api_virtualenv.py took 0.057 seconds
[2025-12-27T15:48:39.702+0000] {processor.py:161} INFO - Started process (PID=266) to work on /usr/local/lib/python3.11/site-packages/airflow/example_dags/tutorial_taskflow_api_virtualenv.py
[2025-12-27T15:48:39.703+0000] {processor.py:830} INFO - Processing file /usr/local/lib/python3.11/site-packages/airflow/example_dags/tutorial_taskflow_api_virtualenv.py for tasks to queue
[2025-12-27T15:48:39.706+0000] {logging_mixin.py:188} INFO - [2025-12-27T15:48:39.706+0000] {dagbag.py:545} INFO - Filling up the DagBag from /usr/local/lib/python3.11/site-packages/airflow/example_dags/tutorial_taskflow_api_virtualenv.py
[2025-12-27T15:48:39.713+0000] {logging_mixin.py:188} INFO - [2025-12-27T15:48:39.713+0000] {tutorial_taskflow_api_virtualenv.py:29} WARNING - The tutorial_taskflow_api_virtualenv example DAG requires virtualenv, please install it.
[2025-12-27T15:48:39.714+0000] {processor.py:842} WARNING - No viable dags retrieved from /usr/local/lib/python3.11/site-packages/airflow/example_dags/tutorial_taskflow_api_virtualenv.py
[2025-12-27T15:48:39.740+0000] {processor.py:183} INFO - Processing /usr/local/lib/python3.11/site-packages/airflow/example_dags/tutorial_taskflow_api_virtualenv.py took 0.054 seconds
[2025-12-27T15:50:13.662+0000] {processor.py:161} INFO - Started process (PID=332) to work on /usr/local/lib/python3.11/site-packages/airflow/example_dags/tutorial_taskflow_api_virtualenv.py
[2025-12-27T15:50:13.663+0000] {processor.py:830} INFO - Processing file /usr/local/lib/python3.11/site-packages/airflow/example_dags/tutorial_taskflow_api_virtualenv.py for tasks to queue
[2025-12-27T15:50:13.665+0000] {logging_mixin.py:188} INFO - [2025-12-27T15:50:13.665+0000] {dagbag.py:545} INFO - Filling up the DagBag from /usr/local/lib/python3.11/site-packages/airflow/example_dags/tutorial_taskflow_api_virtualenv.py
[2025-12-27T15:50:13.672+0000] {logging_mixin.py:188} INFO - [2025-12-27T15:50:13.672+0000] {tutorial_taskflow_api_virtualenv.py:29} WARNING - The tutorial_taskflow_api_virtualenv example DAG requires virtualenv, please install it.
[2025-12-27T15:50:13.673+0000] {processor.py:842} WARNING - No viable dags retrieved from /usr/local/lib/python3.11/site-packages/airflow/example_dags/tutorial_taskflow_api_virtualenv.py
[2025-12-27T15:50:13.700+0000] {processor.py:183} INFO - Processing /usr/local/lib/python3.11/site-packages/airflow/example_dags/tutorial_taskflow_api_virtualenv.py took 0.051 seconds
[2025-12-27T15:51:46.579+0000] {processor.py:161} INFO - Started process (PID=408) to work on /usr/local/lib/python3.11/site-packages/airflow/example_dags/tutorial_taskflow_api_virtualenv.py
[2025-12-27T15:51:46.581+0000] {processor.py:830} INFO - Processing file /usr/local/lib/python3.11/site-packages/airflow/example_dags/tutorial_taskflow_api_virtualenv.py for tasks to queue
[2025-12-27T15:51:46.584+0000] {logging_mixin.py:188} INFO - [2025-12-27T15:51:46.583+0000] {dagbag.py:545} INFO - Filling up the DagBag from /usr/local/lib/python3.11/site-packages/airflow/example_dags/tutorial_taskflow_api_virtualenv.py
[2025-12-27T15:51:46.593+0000] {logging_mixin.py:188} INFO - [2025-12-27T15:51:46.593+0000] {tutorial_taskflow_api_virtualenv.py:29} WARNING - The tutorial_taskflow_api_virtualenv example DAG requires virtualenv, please install it.
[2025-12-27T15:51:46.595+0000] {processor.py:842} WARNING - No viable dags retrieved from /usr/local/lib/python3.11/site-packages/airflow/example_dags/tutorial_taskflow_api_virtualenv.py
[2025-12-27T15:51:46.637+0000] {processor.py:183} INFO - Processing /usr/local/lib/python3.11/site-packages/airflow/example_dags/tutorial_taskflow_api_virtualenv.py took 0.075 seconds
[2025-12-27T15:53:17.783+0000] {processor.py:161} INFO - Started process (PID=489) to work on /usr/local/lib/python3.11/site-packages/airflow/example_dags/tutorial_taskflow_api_virtualenv.py
[2025-12-27T15:53:17.784+0000] {processor.py:830} INFO - Processing file /usr/local/lib/python3.11/site-packages/airflow/example_dags/tutorial_taskflow_api_virtualenv.py for tasks to queue
[2025-12-27T15:53:17.787+0000] {logging_mixin.py:188} INFO - [2025-12-27T15:53:17.786+0000] {dagbag.py:545} INFO - Filling up the DagBag from /usr/local/lib/python3.11/site-packages/airflow/example_dags/tutorial_taskflow_api_virtualenv.py
[2025-12-27T15:53:17.794+0000] {logging_mixin.py:188} INFO - [2025-12-27T15:53:17.794+0000] {tutorial_taskflow_api_virtualenv.py:29} WARNING - The tutorial_taskflow_api_virtualenv example DAG requires virtualenv, please install it.
[2025-12-27T15:53:17.795+0000] {processor.py:842} WARNING - No viable dags retrieved from /usr/local/lib/python3.11/site-packages/airflow/example_dags/tutorial_taskflow_api_virtualenv.py
[2025-12-27T15:53:17.824+0000] {processor.py:183} INFO - Processing /usr/local/lib/python3.11/site-packages/airflow/example_dags/tutorial_taskflow_api_virtualenv.py took 0.056 seconds
[2025-12-27T15:54:49.404+0000] {processor.py:161} INFO - Started process (PID=559) to work on /usr/local/lib/python3.11/site-packages/airflow/example_dags/tutorial_taskflow_api_virtualenv.py
[2025-12-27T15:54:49.406+0000] {processor.py:830} INFO - Processing file /usr/local/lib/python3.11/site-packages/airflow/example_dags/tutorial_taskflow_api_virtualenv.py for tasks to queue
[2025-12-27T15:54:49.409+0000] {logging_mixin.py:188} INFO - [2025-12-27T15:54:49.409+0000] {dagbag.py:545} INFO - Filling up the DagBag from /usr/local/lib/python3.11/site-packages/airflow/example_dags/tutorial_taskflow_api_virtualenv.py
[2025-12-27T15:54:49.419+0000] {logging_mixin.py:188} INFO - [2025-12-27T15:54:49.418+0000] {tutorial_taskflow_api_virtualenv.py:29} WARNING - The tutorial_taskflow_api_virtualenv example DAG requires virtualenv, please install it.
[2025-12-27T15:54:49.419+0000] {processor.py:842} WARNING - No viable dags retrieved from /usr/local/lib/python3.11/site-packages/airflow/example_dags/tutorial_taskflow_api_virtualenv.py
[2025-12-27T15:54:49.461+0000] {processor.py:183} INFO - Processing /usr/local/lib/python3.11/site-packages/airflow/example_dags/tutorial_taskflow_api_virtualenv.py took 0.075 seconds
[2025-12-27T15:56:23.881+0000] {processor.py:161} INFO - Started process (PID=629) to work on /usr/local/lib/python3.11/site-packages/airflow/example_dags/tutorial_taskflow_api_virtualenv.py
[2025-12-27T15:56:23.882+0000] {processor.py:830} INFO - Processing file /usr/local/lib/python3.11/site-packages/airflow/example_dags/tutorial_taskflow_api_virtualenv.py for tasks to queue
[2025-12-27T15:56:23.884+0000] {logging_mixin.py:188} INFO - [2025-12-27T15:56:23.884+0000] {dagbag.py:545} INFO - Filling up the DagBag from /usr/local/lib/python3.11/site-packages/airflow/example_dags/tutorial_taskflow_api_virtualenv.py
[2025-12-27T15:56:23.890+0000] {logging_mixin.py:188} INFO - [2025-12-27T15:56:23.890+0000] {tutorial_taskflow_api_virtualenv.py:29} WARNING - The tutorial_taskflow_api_virtualenv example DAG requires virtualenv, please install it.
[2025-12-27T15:56:23.890+0000] {processor.py:842} WARNING - No viable dags retrieved from /usr/local/lib/python3.11/site-packages/airflow/example_dags/tutorial_taskflow_api_virtualenv.py
[2025-12-27T15:56:23.917+0000] {processor.py:183} INFO - Processing /usr/local/lib/python3.11/site-packages/airflow/example_dags/tutorial_taskflow_api_virtualenv.py took 0.053 seconds
[2025-12-27T15:57:53.969+0000] {processor.py:161} INFO - Started process (PID=691) to work on /usr/local/lib/python3.11/site-packages/airflow/example_dags/tutorial_taskflow_api_virtualenv.py
[2025-12-27T15:57:53.970+0000] {processor.py:830} INFO - Processing file /usr/local/lib/python3.11/site-packages/airflow/example_dags/tutorial_taskflow_api_virtualenv.py for tasks to queue
[2025-12-27T15:57:53.972+0000] {logging_mixin.py:188} INFO - [2025-12-27T15:57:53.971+0000] {dagbag.py:545} INFO - Filling up the DagBag from /usr/local/lib/python3.11/site-packages/airflow/example_dags/tutorial_taskflow_api_virtualenv.py
[2025-12-27T15:57:53.979+0000] {logging_mixin.py:188} INFO - [2025-12-27T15:57:53.979+0000] {tutorial_taskflow_api_virtualenv.py:29} WARNING - The tutorial_taskflow_api_virtualenv example DAG requires virtualenv, please install it.
[2025-12-27T15:57:53.980+0000] {processor.py:842} WARNING - No viable dags retrieved from /usr/local/lib/python3.11/site-packages/airflow/example_dags/tutorial_taskflow_api_virtualenv.py
[2025-12-27T15:57:54.006+0000] {processor.py:183} INFO - Processing /usr/local/lib/python3.11/site-packages/airflow/example_dags/tutorial_taskflow_api_virtualenv.py took 0.057 seconds
[2025-12-27T15:59:33.735+0000] {processor.py:161} INFO - Started process (PID=754) to work on /usr/local/lib/python3.11/site-packages/airflow/example_dags/tutorial_taskflow_api_virtualenv.py
[2025-12-27T15:59:33.748+0000] {processor.py:830} INFO - Processing file /usr/local/lib/python3.11/site-packages/airflow/example_dags/tutorial_taskflow_api_virtualenv.py for tasks to queue
[2025-12-27T15:59:33.757+0000] {logging_mixin.py:188} INFO - [2025-12-27T15:59:33.756+0000] {dagbag.py:545} INFO - Filling up the DagBag from /usr/local/lib/python3.11/site-packages/airflow/example_dags/tutorial_taskflow_api_virtualenv.py
[2025-12-27T15:59:33.774+0000] {logging_mixin.py:188} INFO - [2025-12-27T15:59:33.773+0000] {tutorial_taskflow_api_virtualenv.py:29} WARNING - The tutorial_taskflow_api_virtualenv example DAG requires virtualenv, please install it.
[2025-12-27T15:59:33.774+0000] {processor.py:842} WARNING - No viable dags retrieved from /usr/local/lib/python3.11/site-packages/airflow/example_dags/tutorial_taskflow_api_virtualenv.py
[2025-12-27T15:59:33.835+0000] {processor.py:183} INFO - Processing /usr/local/lib/python3.11/site-packages/airflow/example_dags/tutorial_taskflow_api_virtualenv.py took 0.230 seconds
[2025-12-27T16:00:26.387+0000] {processor.py:161} INFO - Started process (PID=787) to work on /usr/local/lib/python3.11/site-packages/airflow/example_dags/tutorial_taskflow_api_virtualenv.py
[2025-12-27T16:00:26.389+0000] {processor.py:830} INFO - Processing file /usr/local/lib/python3.11/site-packages/airflow/example_dags/tutorial_taskflow_api_virtualenv.py for tasks to queue
[2025-12-27T16:00:26.391+0000] {logging_mixin.py:188} INFO - [2025-12-27T16:00:26.390+0000] {dagbag.py:545} INFO - Filling up the DagBag from /usr/local/lib/python3.11/site-packages/airflow/example_dags/tutorial_taskflow_api_virtualenv.py
[2025-12-27T16:00:26.399+0000] {logging_mixin.py:188} INFO - [2025-12-27T16:00:26.399+0000] {tutorial_taskflow_api_virtualenv.py:29} WARNING - The tutorial_taskflow_api_virtualenv example DAG requires virtualenv, please install it.
[2025-12-27T16:00:26.400+0000] {processor.py:842} WARNING - No viable dags retrieved from /usr/local/lib/python3.11/site-packages/airflow/example_dags/tutorial_taskflow_api_virtualenv.py
[2025-12-27T16:00:26.429+0000] {processor.py:183} INFO - Processing /usr/local/lib/python3.11/site-packages/airflow/example_dags/tutorial_taskflow_api_virtualenv.py took 0.059 seconds
[2025-12-27T16:01:27.005+0000] {processor.py:161} INFO - Started process (PID=823) to work on /usr/local/lib/python3.11/site-packages/airflow/example_dags/tutorial_taskflow_api_virtualenv.py
[2025-12-27T16:01:27.006+0000] {processor.py:830} INFO - Processing file /usr/local/lib/python3.11/site-packages/airflow/example_dags/tutorial_taskflow_api_virtualenv.py for tasks to queue
[2025-12-27T16:01:27.008+0000] {logging_mixin.py:188} INFO - [2025-12-27T16:01:27.008+0000] {dagbag.py:545} INFO - Filling up the DagBag from /usr/local/lib/python3.11/site-packages/airflow/example_dags/tutorial_taskflow_api_virtualenv.py
[2025-12-27T16:01:27.016+0000] {logging_mixin.py:188} INFO - [2025-12-27T16:01:27.016+0000] {tutorial_taskflow_api_virtualenv.py:29} WARNING - The tutorial_taskflow_api_virtualenv example DAG requires virtualenv, please install it.
[2025-12-27T16:01:27.017+0000] {processor.py:842} WARNING - No viable dags retrieved from /usr/local/lib/python3.11/site-packages/airflow/example_dags/tutorial_taskflow_api_virtualenv.py
[2025-12-27T16:01:27.046+0000] {processor.py:183} INFO - Processing /usr/local/lib/python3.11/site-packages/airflow/example_dags/tutorial_taskflow_api_virtualenv.py took 0.055 seconds
