[2025-12-27T13:46:45.781+0000] {processor.py:161} INFO - Started process (PID=64) to work on /usr/local/lib/python3.11/site-packages/airflow/example_dags/tutorial_taskflow_api.py
[2025-12-27T13:46:45.783+0000] {processor.py:830} INFO - Processing file /usr/local/lib/python3.11/site-packages/airflow/example_dags/tutorial_taskflow_api.py for tasks to queue
[2025-12-27T13:46:45.785+0000] {logging_mixin.py:188} INFO - [2025-12-27T13:46:45.785+0000] {dagbag.py:545} INFO - Filling up the DagBag from /usr/local/lib/python3.11/site-packages/airflow/example_dags/tutorial_taskflow_api.py
[2025-12-27T13:46:45.795+0000] {processor.py:840} INFO - DAG(s) 'tutorial_taskflow_api' retrieved from /usr/local/lib/python3.11/site-packages/airflow/example_dags/tutorial_taskflow_api.py
[2025-12-27T13:46:46.229+0000] {logging_mixin.py:188} INFO - [2025-12-27T13:46:46.228+0000] {override.py:1930} INFO - Created Permission View: can edit on DAG:tutorial_taskflow_api
[2025-12-27T13:46:46.366+0000] {logging_mixin.py:188} INFO - [2025-12-27T13:46:46.365+0000] {override.py:1930} INFO - Created Permission View: can read on DAG:tutorial_taskflow_api
[2025-12-27T13:46:46.515+0000] {logging_mixin.py:188} INFO - [2025-12-27T13:46:46.514+0000] {override.py:1930} INFO - Created Permission View: can delete on DAG:tutorial_taskflow_api
[2025-12-27T13:46:46.516+0000] {logging_mixin.py:188} INFO - [2025-12-27T13:46:46.516+0000] {dag.py:3096} INFO - Sync 1 DAGs
[2025-12-27T13:46:46.543+0000] {logging_mixin.py:188} INFO - [2025-12-27T13:46:46.543+0000] {dag.py:3118} INFO - Creating ORM DAG for tutorial_taskflow_api
[2025-12-27T13:46:46.544+0000] {logging_mixin.py:188} INFO - [2025-12-27T13:46:46.544+0000] {dag.py:3954} INFO - Setting next_dagrun for tutorial_taskflow_api to None, run_after=None
[2025-12-27T13:46:46.804+0000] {processor.py:183} INFO - Processing /usr/local/lib/python3.11/site-packages/airflow/example_dags/tutorial_taskflow_api.py took 1.035 seconds
[2025-12-27T13:48:18.154+0000] {processor.py:161} INFO - Started process (PID=116) to work on /usr/local/lib/python3.11/site-packages/airflow/example_dags/tutorial_taskflow_api.py
[2025-12-27T13:48:18.156+0000] {processor.py:830} INFO - Processing file /usr/local/lib/python3.11/site-packages/airflow/example_dags/tutorial_taskflow_api.py for tasks to queue
[2025-12-27T13:48:18.159+0000] {logging_mixin.py:188} INFO - [2025-12-27T13:48:18.158+0000] {dagbag.py:545} INFO - Filling up the DagBag from /usr/local/lib/python3.11/site-packages/airflow/example_dags/tutorial_taskflow_api.py
[2025-12-27T13:48:18.166+0000] {processor.py:840} INFO - DAG(s) 'tutorial_taskflow_api' retrieved from /usr/local/lib/python3.11/site-packages/airflow/example_dags/tutorial_taskflow_api.py
[2025-12-27T13:48:18.196+0000] {logging_mixin.py:188} INFO - [2025-12-27T13:48:18.196+0000] {dag.py:3096} INFO - Sync 1 DAGs
[2025-12-27T13:48:18.212+0000] {logging_mixin.py:188} INFO - [2025-12-27T13:48:18.211+0000] {dag.py:3954} INFO - Setting next_dagrun for tutorial_taskflow_api to None, run_after=None
[2025-12-27T13:48:18.472+0000] {processor.py:183} INFO - Processing /usr/local/lib/python3.11/site-packages/airflow/example_dags/tutorial_taskflow_api.py took 0.334 seconds
[2025-12-27T13:49:51.346+0000] {processor.py:161} INFO - Started process (PID=179) to work on /usr/local/lib/python3.11/site-packages/airflow/example_dags/tutorial_taskflow_api.py
[2025-12-27T13:49:51.348+0000] {processor.py:830} INFO - Processing file /usr/local/lib/python3.11/site-packages/airflow/example_dags/tutorial_taskflow_api.py for tasks to queue
[2025-12-27T13:49:51.350+0000] {logging_mixin.py:188} INFO - [2025-12-27T13:49:51.349+0000] {dagbag.py:545} INFO - Filling up the DagBag from /usr/local/lib/python3.11/site-packages/airflow/example_dags/tutorial_taskflow_api.py
[2025-12-27T13:49:51.357+0000] {processor.py:840} INFO - DAG(s) 'tutorial_taskflow_api' retrieved from /usr/local/lib/python3.11/site-packages/airflow/example_dags/tutorial_taskflow_api.py
[2025-12-27T13:49:51.388+0000] {logging_mixin.py:188} INFO - [2025-12-27T13:49:51.388+0000] {dag.py:3096} INFO - Sync 1 DAGs
[2025-12-27T13:49:51.406+0000] {logging_mixin.py:188} INFO - [2025-12-27T13:49:51.406+0000] {dag.py:3954} INFO - Setting next_dagrun for tutorial_taskflow_api to None, run_after=None
[2025-12-27T13:49:51.660+0000] {processor.py:183} INFO - Processing /usr/local/lib/python3.11/site-packages/airflow/example_dags/tutorial_taskflow_api.py took 0.328 seconds
[2025-12-27T13:51:16.616+0000] {processor.py:161} INFO - Started process (PID=240) to work on /usr/local/lib/python3.11/site-packages/airflow/example_dags/tutorial_taskflow_api.py
[2025-12-27T13:51:16.617+0000] {processor.py:830} INFO - Processing file /usr/local/lib/python3.11/site-packages/airflow/example_dags/tutorial_taskflow_api.py for tasks to queue
[2025-12-27T13:51:16.619+0000] {logging_mixin.py:188} INFO - [2025-12-27T13:51:16.619+0000] {dagbag.py:545} INFO - Filling up the DagBag from /usr/local/lib/python3.11/site-packages/airflow/example_dags/tutorial_taskflow_api.py
[2025-12-27T13:51:16.629+0000] {processor.py:840} INFO - DAG(s) 'tutorial_taskflow_api' retrieved from /usr/local/lib/python3.11/site-packages/airflow/example_dags/tutorial_taskflow_api.py
[2025-12-27T13:51:16.664+0000] {logging_mixin.py:188} INFO - [2025-12-27T13:51:16.664+0000] {dag.py:3096} INFO - Sync 1 DAGs
[2025-12-27T13:51:16.690+0000] {logging_mixin.py:188} INFO - [2025-12-27T13:51:16.690+0000] {dag.py:3954} INFO - Setting next_dagrun for tutorial_taskflow_api to None, run_after=None
[2025-12-27T13:51:17.068+0000] {processor.py:183} INFO - Processing /usr/local/lib/python3.11/site-packages/airflow/example_dags/tutorial_taskflow_api.py took 0.466 seconds
[2025-12-27T13:52:40.580+0000] {processor.py:161} INFO - Started process (PID=300) to work on /usr/local/lib/python3.11/site-packages/airflow/example_dags/tutorial_taskflow_api.py
[2025-12-27T13:52:40.581+0000] {processor.py:830} INFO - Processing file /usr/local/lib/python3.11/site-packages/airflow/example_dags/tutorial_taskflow_api.py for tasks to queue
[2025-12-27T13:52:40.583+0000] {logging_mixin.py:188} INFO - [2025-12-27T13:52:40.583+0000] {dagbag.py:545} INFO - Filling up the DagBag from /usr/local/lib/python3.11/site-packages/airflow/example_dags/tutorial_taskflow_api.py
[2025-12-27T13:52:40.591+0000] {processor.py:840} INFO - DAG(s) 'tutorial_taskflow_api' retrieved from /usr/local/lib/python3.11/site-packages/airflow/example_dags/tutorial_taskflow_api.py
[2025-12-27T13:52:40.622+0000] {logging_mixin.py:188} INFO - [2025-12-27T13:52:40.621+0000] {dag.py:3096} INFO - Sync 1 DAGs
[2025-12-27T13:52:40.639+0000] {logging_mixin.py:188} INFO - [2025-12-27T13:52:40.639+0000] {dag.py:3954} INFO - Setting next_dagrun for tutorial_taskflow_api to None, run_after=None
[2025-12-27T13:52:40.942+0000] {processor.py:183} INFO - Processing /usr/local/lib/python3.11/site-packages/airflow/example_dags/tutorial_taskflow_api.py took 0.375 seconds
[2025-12-27T13:54:04.825+0000] {processor.py:161} INFO - Started process (PID=361) to work on /usr/local/lib/python3.11/site-packages/airflow/example_dags/tutorial_taskflow_api.py
[2025-12-27T13:54:04.826+0000] {processor.py:830} INFO - Processing file /usr/local/lib/python3.11/site-packages/airflow/example_dags/tutorial_taskflow_api.py for tasks to queue
[2025-12-27T13:54:04.829+0000] {logging_mixin.py:188} INFO - [2025-12-27T13:54:04.829+0000] {dagbag.py:545} INFO - Filling up the DagBag from /usr/local/lib/python3.11/site-packages/airflow/example_dags/tutorial_taskflow_api.py
[2025-12-27T13:54:04.837+0000] {processor.py:840} INFO - DAG(s) 'tutorial_taskflow_api' retrieved from /usr/local/lib/python3.11/site-packages/airflow/example_dags/tutorial_taskflow_api.py
[2025-12-27T13:54:04.868+0000] {logging_mixin.py:188} INFO - [2025-12-27T13:54:04.868+0000] {dag.py:3096} INFO - Sync 1 DAGs
[2025-12-27T13:54:04.885+0000] {logging_mixin.py:188} INFO - [2025-12-27T13:54:04.885+0000] {dag.py:3954} INFO - Setting next_dagrun for tutorial_taskflow_api to None, run_after=None
[2025-12-27T13:54:05.100+0000] {processor.py:183} INFO - Processing /usr/local/lib/python3.11/site-packages/airflow/example_dags/tutorial_taskflow_api.py took 0.289 seconds
[2025-12-27T13:55:29.512+0000] {processor.py:161} INFO - Started process (PID=423) to work on /usr/local/lib/python3.11/site-packages/airflow/example_dags/tutorial_taskflow_api.py
[2025-12-27T13:55:29.514+0000] {processor.py:830} INFO - Processing file /usr/local/lib/python3.11/site-packages/airflow/example_dags/tutorial_taskflow_api.py for tasks to queue
[2025-12-27T13:55:29.517+0000] {logging_mixin.py:188} INFO - [2025-12-27T13:55:29.516+0000] {dagbag.py:545} INFO - Filling up the DagBag from /usr/local/lib/python3.11/site-packages/airflow/example_dags/tutorial_taskflow_api.py
[2025-12-27T13:55:29.531+0000] {processor.py:840} INFO - DAG(s) 'tutorial_taskflow_api' retrieved from /usr/local/lib/python3.11/site-packages/airflow/example_dags/tutorial_taskflow_api.py
[2025-12-27T13:55:29.568+0000] {logging_mixin.py:188} INFO - [2025-12-27T13:55:29.568+0000] {dag.py:3096} INFO - Sync 1 DAGs
[2025-12-27T13:55:29.587+0000] {logging_mixin.py:188} INFO - [2025-12-27T13:55:29.586+0000] {dag.py:3954} INFO - Setting next_dagrun for tutorial_taskflow_api to None, run_after=None
[2025-12-27T13:55:29.872+0000] {processor.py:183} INFO - Processing /usr/local/lib/python3.11/site-packages/airflow/example_dags/tutorial_taskflow_api.py took 0.378 seconds
[2025-12-27T13:56:54.669+0000] {processor.py:161} INFO - Started process (PID=484) to work on /usr/local/lib/python3.11/site-packages/airflow/example_dags/tutorial_taskflow_api.py
[2025-12-27T13:56:54.670+0000] {processor.py:830} INFO - Processing file /usr/local/lib/python3.11/site-packages/airflow/example_dags/tutorial_taskflow_api.py for tasks to queue
[2025-12-27T13:56:54.673+0000] {logging_mixin.py:188} INFO - [2025-12-27T13:56:54.672+0000] {dagbag.py:545} INFO - Filling up the DagBag from /usr/local/lib/python3.11/site-packages/airflow/example_dags/tutorial_taskflow_api.py
[2025-12-27T13:56:54.681+0000] {processor.py:840} INFO - DAG(s) 'tutorial_taskflow_api' retrieved from /usr/local/lib/python3.11/site-packages/airflow/example_dags/tutorial_taskflow_api.py
[2025-12-27T13:56:54.715+0000] {logging_mixin.py:188} INFO - [2025-12-27T13:56:54.715+0000] {dag.py:3096} INFO - Sync 1 DAGs
[2025-12-27T13:56:54.735+0000] {logging_mixin.py:188} INFO - [2025-12-27T13:56:54.735+0000] {dag.py:3954} INFO - Setting next_dagrun for tutorial_taskflow_api to None, run_after=None
[2025-12-27T13:56:54.937+0000] {processor.py:183} INFO - Processing /usr/local/lib/python3.11/site-packages/airflow/example_dags/tutorial_taskflow_api.py took 0.285 seconds
[2025-12-27T13:58:20.056+0000] {processor.py:161} INFO - Started process (PID=545) to work on /usr/local/lib/python3.11/site-packages/airflow/example_dags/tutorial_taskflow_api.py
[2025-12-27T13:58:20.057+0000] {processor.py:830} INFO - Processing file /usr/local/lib/python3.11/site-packages/airflow/example_dags/tutorial_taskflow_api.py for tasks to queue
[2025-12-27T13:58:20.059+0000] {logging_mixin.py:188} INFO - [2025-12-27T13:58:20.059+0000] {dagbag.py:545} INFO - Filling up the DagBag from /usr/local/lib/python3.11/site-packages/airflow/example_dags/tutorial_taskflow_api.py
[2025-12-27T13:58:20.066+0000] {processor.py:840} INFO - DAG(s) 'tutorial_taskflow_api' retrieved from /usr/local/lib/python3.11/site-packages/airflow/example_dags/tutorial_taskflow_api.py
[2025-12-27T13:58:20.098+0000] {logging_mixin.py:188} INFO - [2025-12-27T13:58:20.098+0000] {dag.py:3096} INFO - Sync 1 DAGs
[2025-12-27T13:58:20.118+0000] {logging_mixin.py:188} INFO - [2025-12-27T13:58:20.117+0000] {dag.py:3954} INFO - Setting next_dagrun for tutorial_taskflow_api to None, run_after=None
[2025-12-27T13:58:20.364+0000] {processor.py:183} INFO - Processing /usr/local/lib/python3.11/site-packages/airflow/example_dags/tutorial_taskflow_api.py took 0.321 seconds
[2025-12-27T13:59:45.743+0000] {processor.py:161} INFO - Started process (PID=606) to work on /usr/local/lib/python3.11/site-packages/airflow/example_dags/tutorial_taskflow_api.py
[2025-12-27T13:59:45.745+0000] {processor.py:830} INFO - Processing file /usr/local/lib/python3.11/site-packages/airflow/example_dags/tutorial_taskflow_api.py for tasks to queue
[2025-12-27T13:59:45.747+0000] {logging_mixin.py:188} INFO - [2025-12-27T13:59:45.746+0000] {dagbag.py:545} INFO - Filling up the DagBag from /usr/local/lib/python3.11/site-packages/airflow/example_dags/tutorial_taskflow_api.py
[2025-12-27T13:59:45.755+0000] {processor.py:840} INFO - DAG(s) 'tutorial_taskflow_api' retrieved from /usr/local/lib/python3.11/site-packages/airflow/example_dags/tutorial_taskflow_api.py
[2025-12-27T13:59:45.790+0000] {logging_mixin.py:188} INFO - [2025-12-27T13:59:45.790+0000] {dag.py:3096} INFO - Sync 1 DAGs
[2025-12-27T13:59:45.809+0000] {logging_mixin.py:188} INFO - [2025-12-27T13:59:45.809+0000] {dag.py:3954} INFO - Setting next_dagrun for tutorial_taskflow_api to None, run_after=None
[2025-12-27T13:59:46.017+0000] {processor.py:183} INFO - Processing /usr/local/lib/python3.11/site-packages/airflow/example_dags/tutorial_taskflow_api.py took 0.291 seconds
[2025-12-27T14:01:22.846+0000] {processor.py:161} INFO - Started process (PID=671) to work on /usr/local/lib/python3.11/site-packages/airflow/example_dags/tutorial_taskflow_api.py
[2025-12-27T14:01:22.849+0000] {processor.py:830} INFO - Processing file /usr/local/lib/python3.11/site-packages/airflow/example_dags/tutorial_taskflow_api.py for tasks to queue
[2025-12-27T14:01:22.852+0000] {logging_mixin.py:188} INFO - [2025-12-27T14:01:22.851+0000] {dagbag.py:545} INFO - Filling up the DagBag from /usr/local/lib/python3.11/site-packages/airflow/example_dags/tutorial_taskflow_api.py
[2025-12-27T14:01:22.863+0000] {processor.py:840} INFO - DAG(s) 'tutorial_taskflow_api' retrieved from /usr/local/lib/python3.11/site-packages/airflow/example_dags/tutorial_taskflow_api.py
[2025-12-27T14:01:22.900+0000] {logging_mixin.py:188} INFO - [2025-12-27T14:01:22.900+0000] {dag.py:3096} INFO - Sync 1 DAGs
[2025-12-27T14:01:22.923+0000] {logging_mixin.py:188} INFO - [2025-12-27T14:01:22.923+0000] {dag.py:3954} INFO - Setting next_dagrun for tutorial_taskflow_api to None, run_after=None
[2025-12-27T14:01:25.363+0000] {processor.py:183} INFO - Processing /usr/local/lib/python3.11/site-packages/airflow/example_dags/tutorial_taskflow_api.py took 2.535 seconds
[2025-12-27T14:03:53.723+0000] {processor.py:161} INFO - Started process (PID=748) to work on /usr/local/lib/python3.11/site-packages/airflow/example_dags/tutorial_taskflow_api.py
[2025-12-27T14:03:53.725+0000] {processor.py:830} INFO - Processing file /usr/local/lib/python3.11/site-packages/airflow/example_dags/tutorial_taskflow_api.py for tasks to queue
[2025-12-27T14:03:53.728+0000] {logging_mixin.py:188} INFO - [2025-12-27T14:03:53.727+0000] {dagbag.py:545} INFO - Filling up the DagBag from /usr/local/lib/python3.11/site-packages/airflow/example_dags/tutorial_taskflow_api.py
[2025-12-27T14:03:53.745+0000] {processor.py:840} INFO - DAG(s) 'tutorial_taskflow_api' retrieved from /usr/local/lib/python3.11/site-packages/airflow/example_dags/tutorial_taskflow_api.py
[2025-12-27T14:03:53.789+0000] {logging_mixin.py:188} INFO - [2025-12-27T14:03:53.789+0000] {dag.py:3096} INFO - Sync 1 DAGs
[2025-12-27T14:03:53.815+0000] {logging_mixin.py:188} INFO - [2025-12-27T14:03:53.814+0000] {dag.py:3954} INFO - Setting next_dagrun for tutorial_taskflow_api to None, run_after=None
[2025-12-27T14:03:54.071+0000] {processor.py:183} INFO - Processing /usr/local/lib/python3.11/site-packages/airflow/example_dags/tutorial_taskflow_api.py took 0.366 seconds
[2025-12-27T14:05:36.346+0000] {processor.py:161} INFO - Started process (PID=831) to work on /usr/local/lib/python3.11/site-packages/airflow/example_dags/tutorial_taskflow_api.py
[2025-12-27T14:05:36.348+0000] {processor.py:830} INFO - Processing file /usr/local/lib/python3.11/site-packages/airflow/example_dags/tutorial_taskflow_api.py for tasks to queue
[2025-12-27T14:05:36.356+0000] {logging_mixin.py:188} INFO - [2025-12-27T14:05:36.355+0000] {dagbag.py:545} INFO - Filling up the DagBag from /usr/local/lib/python3.11/site-packages/airflow/example_dags/tutorial_taskflow_api.py
[2025-12-27T14:05:36.378+0000] {processor.py:840} INFO - DAG(s) 'tutorial_taskflow_api' retrieved from /usr/local/lib/python3.11/site-packages/airflow/example_dags/tutorial_taskflow_api.py
[2025-12-27T14:05:36.453+0000] {logging_mixin.py:188} INFO - [2025-12-27T14:05:36.453+0000] {dag.py:3096} INFO - Sync 1 DAGs
[2025-12-27T14:05:36.492+0000] {logging_mixin.py:188} INFO - [2025-12-27T14:05:36.492+0000] {dag.py:3954} INFO - Setting next_dagrun for tutorial_taskflow_api to None, run_after=None
[2025-12-27T14:05:36.691+0000] {processor.py:183} INFO - Processing /usr/local/lib/python3.11/site-packages/airflow/example_dags/tutorial_taskflow_api.py took 0.369 seconds
[2025-12-27T14:07:24.736+0000] {processor.py:161} INFO - Started process (PID=899) to work on /usr/local/lib/python3.11/site-packages/airflow/example_dags/tutorial_taskflow_api.py
[2025-12-27T14:07:24.739+0000] {processor.py:830} INFO - Processing file /usr/local/lib/python3.11/site-packages/airflow/example_dags/tutorial_taskflow_api.py for tasks to queue
[2025-12-27T14:07:24.744+0000] {logging_mixin.py:188} INFO - [2025-12-27T14:07:24.743+0000] {dagbag.py:545} INFO - Filling up the DagBag from /usr/local/lib/python3.11/site-packages/airflow/example_dags/tutorial_taskflow_api.py
[2025-12-27T14:07:24.755+0000] {processor.py:840} INFO - DAG(s) 'tutorial_taskflow_api' retrieved from /usr/local/lib/python3.11/site-packages/airflow/example_dags/tutorial_taskflow_api.py
[2025-12-27T14:07:24.801+0000] {logging_mixin.py:188} INFO - [2025-12-27T14:07:24.801+0000] {dag.py:3096} INFO - Sync 1 DAGs
[2025-12-27T14:07:24.824+0000] {logging_mixin.py:188} INFO - [2025-12-27T14:07:24.823+0000] {dag.py:3954} INFO - Setting next_dagrun for tutorial_taskflow_api to None, run_after=None
[2025-12-27T14:07:25.062+0000] {processor.py:183} INFO - Processing /usr/local/lib/python3.11/site-packages/airflow/example_dags/tutorial_taskflow_api.py took 0.353 seconds
[2025-12-27T14:09:09.832+0000] {processor.py:161} INFO - Started process (PID=965) to work on /usr/local/lib/python3.11/site-packages/airflow/example_dags/tutorial_taskflow_api.py
[2025-12-27T14:09:09.834+0000] {processor.py:830} INFO - Processing file /usr/local/lib/python3.11/site-packages/airflow/example_dags/tutorial_taskflow_api.py for tasks to queue
[2025-12-27T14:09:09.837+0000] {logging_mixin.py:188} INFO - [2025-12-27T14:09:09.837+0000] {dagbag.py:545} INFO - Filling up the DagBag from /usr/local/lib/python3.11/site-packages/airflow/example_dags/tutorial_taskflow_api.py
[2025-12-27T14:09:09.848+0000] {processor.py:840} INFO - DAG(s) 'tutorial_taskflow_api' retrieved from /usr/local/lib/python3.11/site-packages/airflow/example_dags/tutorial_taskflow_api.py
[2025-12-27T14:09:09.895+0000] {logging_mixin.py:188} INFO - [2025-12-27T14:09:09.894+0000] {dag.py:3096} INFO - Sync 1 DAGs
[2025-12-27T14:09:09.921+0000] {logging_mixin.py:188} INFO - [2025-12-27T14:09:09.920+0000] {dag.py:3954} INFO - Setting next_dagrun for tutorial_taskflow_api to None, run_after=None
[2025-12-27T14:09:10.209+0000] {processor.py:183} INFO - Processing /usr/local/lib/python3.11/site-packages/airflow/example_dags/tutorial_taskflow_api.py took 0.398 seconds
[2025-12-27T14:10:55.810+0000] {processor.py:161} INFO - Started process (PID=1030) to work on /usr/local/lib/python3.11/site-packages/airflow/example_dags/tutorial_taskflow_api.py
[2025-12-27T14:10:55.811+0000] {processor.py:830} INFO - Processing file /usr/local/lib/python3.11/site-packages/airflow/example_dags/tutorial_taskflow_api.py for tasks to queue
[2025-12-27T14:10:55.814+0000] {logging_mixin.py:188} INFO - [2025-12-27T14:10:55.813+0000] {dagbag.py:545} INFO - Filling up the DagBag from /usr/local/lib/python3.11/site-packages/airflow/example_dags/tutorial_taskflow_api.py
[2025-12-27T14:10:55.824+0000] {processor.py:840} INFO - DAG(s) 'tutorial_taskflow_api' retrieved from /usr/local/lib/python3.11/site-packages/airflow/example_dags/tutorial_taskflow_api.py
[2025-12-27T14:10:55.891+0000] {logging_mixin.py:188} INFO - [2025-12-27T14:10:55.891+0000] {dag.py:3096} INFO - Sync 1 DAGs
[2025-12-27T14:10:55.921+0000] {logging_mixin.py:188} INFO - [2025-12-27T14:10:55.921+0000] {dag.py:3954} INFO - Setting next_dagrun for tutorial_taskflow_api to None, run_after=None
[2025-12-27T14:10:56.196+0000] {processor.py:183} INFO - Processing /usr/local/lib/python3.11/site-packages/airflow/example_dags/tutorial_taskflow_api.py took 0.406 seconds
[2025-12-27T14:13:06.302+0000] {processor.py:161} INFO - Started process (PID=1102) to work on /usr/local/lib/python3.11/site-packages/airflow/example_dags/tutorial_taskflow_api.py
[2025-12-27T14:13:06.303+0000] {processor.py:830} INFO - Processing file /usr/local/lib/python3.11/site-packages/airflow/example_dags/tutorial_taskflow_api.py for tasks to queue
[2025-12-27T14:13:06.306+0000] {logging_mixin.py:188} INFO - [2025-12-27T14:13:06.305+0000] {dagbag.py:545} INFO - Filling up the DagBag from /usr/local/lib/python3.11/site-packages/airflow/example_dags/tutorial_taskflow_api.py
[2025-12-27T14:13:06.314+0000] {processor.py:840} INFO - DAG(s) 'tutorial_taskflow_api' retrieved from /usr/local/lib/python3.11/site-packages/airflow/example_dags/tutorial_taskflow_api.py
[2025-12-27T14:13:06.542+0000] {logging_mixin.py:188} INFO - [2025-12-27T14:13:06.542+0000] {dag.py:3096} INFO - Sync 1 DAGs
[2025-12-27T14:13:06.572+0000] {logging_mixin.py:188} INFO - [2025-12-27T14:13:06.572+0000] {dag.py:3954} INFO - Setting next_dagrun for tutorial_taskflow_api to None, run_after=None
[2025-12-27T14:13:06.837+0000] {processor.py:183} INFO - Processing /usr/local/lib/python3.11/site-packages/airflow/example_dags/tutorial_taskflow_api.py took 0.557 seconds
[2025-12-27T14:15:04.050+0000] {processor.py:161} INFO - Started process (PID=1169) to work on /usr/local/lib/python3.11/site-packages/airflow/example_dags/tutorial_taskflow_api.py
[2025-12-27T14:15:04.051+0000] {processor.py:830} INFO - Processing file /usr/local/lib/python3.11/site-packages/airflow/example_dags/tutorial_taskflow_api.py for tasks to queue
[2025-12-27T14:15:04.058+0000] {logging_mixin.py:188} INFO - [2025-12-27T14:15:04.056+0000] {dagbag.py:545} INFO - Filling up the DagBag from /usr/local/lib/python3.11/site-packages/airflow/example_dags/tutorial_taskflow_api.py
[2025-12-27T14:15:04.077+0000] {processor.py:840} INFO - DAG(s) 'tutorial_taskflow_api' retrieved from /usr/local/lib/python3.11/site-packages/airflow/example_dags/tutorial_taskflow_api.py
[2025-12-27T14:15:04.141+0000] {logging_mixin.py:188} INFO - [2025-12-27T14:15:04.141+0000] {dag.py:3096} INFO - Sync 1 DAGs
[2025-12-27T14:15:04.163+0000] {logging_mixin.py:188} INFO - [2025-12-27T14:15:04.163+0000] {dag.py:3954} INFO - Setting next_dagrun for tutorial_taskflow_api to None, run_after=None
[2025-12-27T14:15:04.380+0000] {processor.py:183} INFO - Processing /usr/local/lib/python3.11/site-packages/airflow/example_dags/tutorial_taskflow_api.py took 0.368 seconds
[2025-12-27T14:32:39.713+0000] {processor.py:161} INFO - Started process (PID=60) to work on /usr/local/lib/python3.11/site-packages/airflow/example_dags/tutorial_taskflow_api.py
[2025-12-27T14:32:39.715+0000] {processor.py:830} INFO - Processing file /usr/local/lib/python3.11/site-packages/airflow/example_dags/tutorial_taskflow_api.py for tasks to queue
[2025-12-27T14:32:39.722+0000] {logging_mixin.py:188} INFO - [2025-12-27T14:32:39.721+0000] {dagbag.py:545} INFO - Filling up the DagBag from /usr/local/lib/python3.11/site-packages/airflow/example_dags/tutorial_taskflow_api.py
[2025-12-27T14:32:39.743+0000] {processor.py:840} INFO - DAG(s) 'tutorial_taskflow_api' retrieved from /usr/local/lib/python3.11/site-packages/airflow/example_dags/tutorial_taskflow_api.py
[2025-12-27T14:32:39.936+0000] {logging_mixin.py:188} INFO - [2025-12-27T14:32:39.936+0000] {dag.py:3096} INFO - Sync 1 DAGs
[2025-12-27T14:32:39.953+0000] {logging_mixin.py:188} INFO - [2025-12-27T14:32:39.952+0000] {dag.py:3954} INFO - Setting next_dagrun for tutorial_taskflow_api to None, run_after=None
[2025-12-27T14:32:40.234+0000] {processor.py:183} INFO - Processing /usr/local/lib/python3.11/site-packages/airflow/example_dags/tutorial_taskflow_api.py took 0.548 seconds
[2025-12-27T14:34:05.577+0000] {processor.py:161} INFO - Started process (PID=112) to work on /usr/local/lib/python3.11/site-packages/airflow/example_dags/tutorial_taskflow_api.py
[2025-12-27T14:34:05.584+0000] {processor.py:830} INFO - Processing file /usr/local/lib/python3.11/site-packages/airflow/example_dags/tutorial_taskflow_api.py for tasks to queue
[2025-12-27T14:34:05.588+0000] {logging_mixin.py:188} INFO - [2025-12-27T14:34:05.588+0000] {dagbag.py:545} INFO - Filling up the DagBag from /usr/local/lib/python3.11/site-packages/airflow/example_dags/tutorial_taskflow_api.py
[2025-12-27T14:34:05.623+0000] {processor.py:840} INFO - DAG(s) 'tutorial_taskflow_api' retrieved from /usr/local/lib/python3.11/site-packages/airflow/example_dags/tutorial_taskflow_api.py
[2025-12-27T14:34:05.694+0000] {logging_mixin.py:188} INFO - [2025-12-27T14:34:05.694+0000] {dag.py:3096} INFO - Sync 1 DAGs
[2025-12-27T14:34:05.744+0000] {logging_mixin.py:188} INFO - [2025-12-27T14:34:05.743+0000] {dag.py:3954} INFO - Setting next_dagrun for tutorial_taskflow_api to None, run_after=None
[2025-12-27T14:34:06.003+0000] {processor.py:183} INFO - Processing /usr/local/lib/python3.11/site-packages/airflow/example_dags/tutorial_taskflow_api.py took 0.468 seconds
[2025-12-27T14:35:54.434+0000] {processor.py:161} INFO - Started process (PID=179) to work on /usr/local/lib/python3.11/site-packages/airflow/example_dags/tutorial_taskflow_api.py
[2025-12-27T14:35:54.435+0000] {processor.py:830} INFO - Processing file /usr/local/lib/python3.11/site-packages/airflow/example_dags/tutorial_taskflow_api.py for tasks to queue
[2025-12-27T14:35:54.439+0000] {logging_mixin.py:188} INFO - [2025-12-27T14:35:54.438+0000] {dagbag.py:545} INFO - Filling up the DagBag from /usr/local/lib/python3.11/site-packages/airflow/example_dags/tutorial_taskflow_api.py
[2025-12-27T14:35:54.450+0000] {processor.py:840} INFO - DAG(s) 'tutorial_taskflow_api' retrieved from /usr/local/lib/python3.11/site-packages/airflow/example_dags/tutorial_taskflow_api.py
[2025-12-27T14:35:54.490+0000] {logging_mixin.py:188} INFO - [2025-12-27T14:35:54.489+0000] {dag.py:3096} INFO - Sync 1 DAGs
[2025-12-27T14:35:54.508+0000] {logging_mixin.py:188} INFO - [2025-12-27T14:35:54.508+0000] {dag.py:3954} INFO - Setting next_dagrun for tutorial_taskflow_api to None, run_after=None
[2025-12-27T14:35:54.734+0000] {processor.py:183} INFO - Processing /usr/local/lib/python3.11/site-packages/airflow/example_dags/tutorial_taskflow_api.py took 0.320 seconds
[2025-12-27T14:54:09.564+0000] {processor.py:161} INFO - Started process (PID=64) to work on /usr/local/lib/python3.11/site-packages/airflow/example_dags/tutorial_taskflow_api.py
[2025-12-27T14:54:09.565+0000] {processor.py:830} INFO - Processing file /usr/local/lib/python3.11/site-packages/airflow/example_dags/tutorial_taskflow_api.py for tasks to queue
[2025-12-27T14:54:09.568+0000] {logging_mixin.py:188} INFO - [2025-12-27T14:54:09.567+0000] {dagbag.py:545} INFO - Filling up the DagBag from /usr/local/lib/python3.11/site-packages/airflow/example_dags/tutorial_taskflow_api.py
[2025-12-27T14:54:09.576+0000] {processor.py:840} INFO - DAG(s) 'tutorial_taskflow_api' retrieved from /usr/local/lib/python3.11/site-packages/airflow/example_dags/tutorial_taskflow_api.py
[2025-12-27T14:54:10.003+0000] {logging_mixin.py:188} INFO - [2025-12-27T14:54:10.002+0000] {override.py:1930} INFO - Created Permission View: can delete on DAG:tutorial_taskflow_api
[2025-12-27T14:54:10.139+0000] {logging_mixin.py:188} INFO - [2025-12-27T14:54:10.139+0000] {override.py:1930} INFO - Created Permission View: can edit on DAG:tutorial_taskflow_api
[2025-12-27T14:54:10.300+0000] {logging_mixin.py:188} INFO - [2025-12-27T14:54:10.299+0000] {override.py:1930} INFO - Created Permission View: can read on DAG:tutorial_taskflow_api
[2025-12-27T14:54:10.301+0000] {logging_mixin.py:188} INFO - [2025-12-27T14:54:10.301+0000] {dag.py:3096} INFO - Sync 1 DAGs
[2025-12-27T14:54:10.334+0000] {logging_mixin.py:188} INFO - [2025-12-27T14:54:10.334+0000] {dag.py:3118} INFO - Creating ORM DAG for tutorial_taskflow_api
[2025-12-27T14:54:10.336+0000] {logging_mixin.py:188} INFO - [2025-12-27T14:54:10.335+0000] {dag.py:3954} INFO - Setting next_dagrun for tutorial_taskflow_api to None, run_after=None
[2025-12-27T14:54:10.561+0000] {processor.py:183} INFO - Processing /usr/local/lib/python3.11/site-packages/airflow/example_dags/tutorial_taskflow_api.py took 1.013 seconds
[2025-12-27T14:55:55.675+0000] {processor.py:161} INFO - Started process (PID=116) to work on /usr/local/lib/python3.11/site-packages/airflow/example_dags/tutorial_taskflow_api.py
[2025-12-27T14:55:55.677+0000] {processor.py:830} INFO - Processing file /usr/local/lib/python3.11/site-packages/airflow/example_dags/tutorial_taskflow_api.py for tasks to queue
[2025-12-27T14:55:55.679+0000] {logging_mixin.py:188} INFO - [2025-12-27T14:55:55.679+0000] {dagbag.py:545} INFO - Filling up the DagBag from /usr/local/lib/python3.11/site-packages/airflow/example_dags/tutorial_taskflow_api.py
[2025-12-27T14:55:55.687+0000] {processor.py:840} INFO - DAG(s) 'tutorial_taskflow_api' retrieved from /usr/local/lib/python3.11/site-packages/airflow/example_dags/tutorial_taskflow_api.py
[2025-12-27T14:55:55.723+0000] {logging_mixin.py:188} INFO - [2025-12-27T14:55:55.723+0000] {dag.py:3096} INFO - Sync 1 DAGs
[2025-12-27T14:55:55.741+0000] {logging_mixin.py:188} INFO - [2025-12-27T14:55:55.740+0000] {dag.py:3954} INFO - Setting next_dagrun for tutorial_taskflow_api to None, run_after=None
[2025-12-27T14:55:56.143+0000] {processor.py:183} INFO - Processing /usr/local/lib/python3.11/site-packages/airflow/example_dags/tutorial_taskflow_api.py took 0.482 seconds
[2025-12-27T14:57:44.894+0000] {processor.py:161} INFO - Started process (PID=183) to work on /usr/local/lib/python3.11/site-packages/airflow/example_dags/tutorial_taskflow_api.py
[2025-12-27T14:57:44.896+0000] {processor.py:830} INFO - Processing file /usr/local/lib/python3.11/site-packages/airflow/example_dags/tutorial_taskflow_api.py for tasks to queue
[2025-12-27T14:57:44.898+0000] {logging_mixin.py:188} INFO - [2025-12-27T14:57:44.898+0000] {dagbag.py:545} INFO - Filling up the DagBag from /usr/local/lib/python3.11/site-packages/airflow/example_dags/tutorial_taskflow_api.py
[2025-12-27T14:57:44.908+0000] {processor.py:840} INFO - DAG(s) 'tutorial_taskflow_api' retrieved from /usr/local/lib/python3.11/site-packages/airflow/example_dags/tutorial_taskflow_api.py
[2025-12-27T14:57:44.944+0000] {logging_mixin.py:188} INFO - [2025-12-27T14:57:44.943+0000] {dag.py:3096} INFO - Sync 1 DAGs
[2025-12-27T14:57:44.968+0000] {logging_mixin.py:188} INFO - [2025-12-27T14:57:44.968+0000] {dag.py:3954} INFO - Setting next_dagrun for tutorial_taskflow_api to None, run_after=None
[2025-12-27T14:57:45.370+0000] {processor.py:183} INFO - Processing /usr/local/lib/python3.11/site-packages/airflow/example_dags/tutorial_taskflow_api.py took 0.491 seconds
[2025-12-27T14:59:43.372+0000] {processor.py:161} INFO - Started process (PID=264) to work on /usr/local/lib/python3.11/site-packages/airflow/example_dags/tutorial_taskflow_api.py
[2025-12-27T14:59:43.373+0000] {processor.py:830} INFO - Processing file /usr/local/lib/python3.11/site-packages/airflow/example_dags/tutorial_taskflow_api.py for tasks to queue
[2025-12-27T14:59:43.376+0000] {logging_mixin.py:188} INFO - [2025-12-27T14:59:43.375+0000] {dagbag.py:545} INFO - Filling up the DagBag from /usr/local/lib/python3.11/site-packages/airflow/example_dags/tutorial_taskflow_api.py
[2025-12-27T14:59:43.384+0000] {processor.py:840} INFO - DAG(s) 'tutorial_taskflow_api' retrieved from /usr/local/lib/python3.11/site-packages/airflow/example_dags/tutorial_taskflow_api.py
[2025-12-27T14:59:43.415+0000] {logging_mixin.py:188} INFO - [2025-12-27T14:59:43.414+0000] {dag.py:3096} INFO - Sync 1 DAGs
[2025-12-27T14:59:43.432+0000] {logging_mixin.py:188} INFO - [2025-12-27T14:59:43.432+0000] {dag.py:3954} INFO - Setting next_dagrun for tutorial_taskflow_api to None, run_after=None
[2025-12-27T14:59:43.759+0000] {processor.py:183} INFO - Processing /usr/local/lib/python3.11/site-packages/airflow/example_dags/tutorial_taskflow_api.py took 0.401 seconds
[2025-12-27T15:01:47.634+0000] {processor.py:161} INFO - Started process (PID=337) to work on /usr/local/lib/python3.11/site-packages/airflow/example_dags/tutorial_taskflow_api.py
[2025-12-27T15:01:47.635+0000] {processor.py:830} INFO - Processing file /usr/local/lib/python3.11/site-packages/airflow/example_dags/tutorial_taskflow_api.py for tasks to queue
[2025-12-27T15:01:47.638+0000] {logging_mixin.py:188} INFO - [2025-12-27T15:01:47.637+0000] {dagbag.py:545} INFO - Filling up the DagBag from /usr/local/lib/python3.11/site-packages/airflow/example_dags/tutorial_taskflow_api.py
[2025-12-27T15:01:47.647+0000] {processor.py:840} INFO - DAG(s) 'tutorial_taskflow_api' retrieved from /usr/local/lib/python3.11/site-packages/airflow/example_dags/tutorial_taskflow_api.py
[2025-12-27T15:01:47.678+0000] {logging_mixin.py:188} INFO - [2025-12-27T15:01:47.678+0000] {dag.py:3096} INFO - Sync 1 DAGs
[2025-12-27T15:01:47.696+0000] {logging_mixin.py:188} INFO - [2025-12-27T15:01:47.696+0000] {dag.py:3954} INFO - Setting next_dagrun for tutorial_taskflow_api to None, run_after=None
[2025-12-27T15:01:47.918+0000] {processor.py:183} INFO - Processing /usr/local/lib/python3.11/site-packages/airflow/example_dags/tutorial_taskflow_api.py took 0.298 seconds
[2025-12-27T15:03:40.629+0000] {processor.py:161} INFO - Started process (PID=415) to work on /usr/local/lib/python3.11/site-packages/airflow/example_dags/tutorial_taskflow_api.py
[2025-12-27T15:03:40.630+0000] {processor.py:830} INFO - Processing file /usr/local/lib/python3.11/site-packages/airflow/example_dags/tutorial_taskflow_api.py for tasks to queue
[2025-12-27T15:03:40.632+0000] {logging_mixin.py:188} INFO - [2025-12-27T15:03:40.632+0000] {dagbag.py:545} INFO - Filling up the DagBag from /usr/local/lib/python3.11/site-packages/airflow/example_dags/tutorial_taskflow_api.py
[2025-12-27T15:03:40.640+0000] {processor.py:840} INFO - DAG(s) 'tutorial_taskflow_api' retrieved from /usr/local/lib/python3.11/site-packages/airflow/example_dags/tutorial_taskflow_api.py
[2025-12-27T15:03:40.674+0000] {logging_mixin.py:188} INFO - [2025-12-27T15:03:40.673+0000] {dag.py:3096} INFO - Sync 1 DAGs
[2025-12-27T15:03:40.692+0000] {logging_mixin.py:188} INFO - [2025-12-27T15:03:40.692+0000] {dag.py:3954} INFO - Setting next_dagrun for tutorial_taskflow_api to None, run_after=None
[2025-12-27T15:03:40.889+0000] {processor.py:183} INFO - Processing /usr/local/lib/python3.11/site-packages/airflow/example_dags/tutorial_taskflow_api.py took 0.275 seconds
[2025-12-27T15:05:06.968+0000] {processor.py:161} INFO - Started process (PID=476) to work on /usr/local/lib/python3.11/site-packages/airflow/example_dags/tutorial_taskflow_api.py
[2025-12-27T15:05:06.969+0000] {processor.py:830} INFO - Processing file /usr/local/lib/python3.11/site-packages/airflow/example_dags/tutorial_taskflow_api.py for tasks to queue
[2025-12-27T15:05:06.972+0000] {logging_mixin.py:188} INFO - [2025-12-27T15:05:06.971+0000] {dagbag.py:545} INFO - Filling up the DagBag from /usr/local/lib/python3.11/site-packages/airflow/example_dags/tutorial_taskflow_api.py
[2025-12-27T15:05:06.980+0000] {processor.py:840} INFO - DAG(s) 'tutorial_taskflow_api' retrieved from /usr/local/lib/python3.11/site-packages/airflow/example_dags/tutorial_taskflow_api.py
[2025-12-27T15:05:07.017+0000] {logging_mixin.py:188} INFO - [2025-12-27T15:05:07.017+0000] {dag.py:3096} INFO - Sync 1 DAGs
[2025-12-27T15:05:07.041+0000] {logging_mixin.py:188} INFO - [2025-12-27T15:05:07.041+0000] {dag.py:3954} INFO - Setting next_dagrun for tutorial_taskflow_api to None, run_after=None
[2025-12-27T15:05:07.329+0000] {processor.py:183} INFO - Processing /usr/local/lib/python3.11/site-packages/airflow/example_dags/tutorial_taskflow_api.py took 0.378 seconds
[2025-12-27T15:06:36.314+0000] {processor.py:161} INFO - Started process (PID=538) to work on /usr/local/lib/python3.11/site-packages/airflow/example_dags/tutorial_taskflow_api.py
[2025-12-27T15:06:36.315+0000] {processor.py:830} INFO - Processing file /usr/local/lib/python3.11/site-packages/airflow/example_dags/tutorial_taskflow_api.py for tasks to queue
[2025-12-27T15:06:36.318+0000] {logging_mixin.py:188} INFO - [2025-12-27T15:06:36.317+0000] {dagbag.py:545} INFO - Filling up the DagBag from /usr/local/lib/python3.11/site-packages/airflow/example_dags/tutorial_taskflow_api.py
[2025-12-27T15:06:36.325+0000] {processor.py:840} INFO - DAG(s) 'tutorial_taskflow_api' retrieved from /usr/local/lib/python3.11/site-packages/airflow/example_dags/tutorial_taskflow_api.py
[2025-12-27T15:06:36.359+0000] {logging_mixin.py:188} INFO - [2025-12-27T15:06:36.359+0000] {dag.py:3096} INFO - Sync 1 DAGs
[2025-12-27T15:06:36.377+0000] {logging_mixin.py:188} INFO - [2025-12-27T15:06:36.377+0000] {dag.py:3954} INFO - Setting next_dagrun for tutorial_taskflow_api to None, run_after=None
[2025-12-27T15:06:36.659+0000] {processor.py:183} INFO - Processing /usr/local/lib/python3.11/site-packages/airflow/example_dags/tutorial_taskflow_api.py took 0.360 seconds
[2025-12-27T15:08:07.901+0000] {processor.py:161} INFO - Started process (PID=601) to work on /usr/local/lib/python3.11/site-packages/airflow/example_dags/tutorial_taskflow_api.py
[2025-12-27T15:08:07.903+0000] {processor.py:830} INFO - Processing file /usr/local/lib/python3.11/site-packages/airflow/example_dags/tutorial_taskflow_api.py for tasks to queue
[2025-12-27T15:08:07.906+0000] {logging_mixin.py:188} INFO - [2025-12-27T15:08:07.905+0000] {dagbag.py:545} INFO - Filling up the DagBag from /usr/local/lib/python3.11/site-packages/airflow/example_dags/tutorial_taskflow_api.py
[2025-12-27T15:08:07.916+0000] {processor.py:840} INFO - DAG(s) 'tutorial_taskflow_api' retrieved from /usr/local/lib/python3.11/site-packages/airflow/example_dags/tutorial_taskflow_api.py
[2025-12-27T15:08:07.978+0000] {logging_mixin.py:188} INFO - [2025-12-27T15:08:07.978+0000] {dag.py:3096} INFO - Sync 1 DAGs
[2025-12-27T15:08:08.009+0000] {logging_mixin.py:188} INFO - [2025-12-27T15:08:08.009+0000] {dag.py:3954} INFO - Setting next_dagrun for tutorial_taskflow_api to None, run_after=None
[2025-12-27T15:08:08.206+0000] {processor.py:183} INFO - Processing /usr/local/lib/python3.11/site-packages/airflow/example_dags/tutorial_taskflow_api.py took 0.322 seconds
[2025-12-27T15:09:54.829+0000] {processor.py:161} INFO - Started process (PID=668) to work on /usr/local/lib/python3.11/site-packages/airflow/example_dags/tutorial_taskflow_api.py
[2025-12-27T15:09:54.832+0000] {processor.py:830} INFO - Processing file /usr/local/lib/python3.11/site-packages/airflow/example_dags/tutorial_taskflow_api.py for tasks to queue
[2025-12-27T15:09:54.835+0000] {logging_mixin.py:188} INFO - [2025-12-27T15:09:54.834+0000] {dagbag.py:545} INFO - Filling up the DagBag from /usr/local/lib/python3.11/site-packages/airflow/example_dags/tutorial_taskflow_api.py
[2025-12-27T15:09:54.845+0000] {processor.py:840} INFO - DAG(s) 'tutorial_taskflow_api' retrieved from /usr/local/lib/python3.11/site-packages/airflow/example_dags/tutorial_taskflow_api.py
[2025-12-27T15:09:54.876+0000] {logging_mixin.py:188} INFO - [2025-12-27T15:09:54.876+0000] {dag.py:3096} INFO - Sync 1 DAGs
[2025-12-27T15:09:54.899+0000] {logging_mixin.py:188} INFO - [2025-12-27T15:09:54.899+0000] {dag.py:3954} INFO - Setting next_dagrun for tutorial_taskflow_api to None, run_after=None
[2025-12-27T15:09:55.122+0000] {processor.py:183} INFO - Processing /usr/local/lib/python3.11/site-packages/airflow/example_dags/tutorial_taskflow_api.py took 0.309 seconds
[2025-12-27T15:11:45.160+0000] {processor.py:161} INFO - Started process (PID=736) to work on /usr/local/lib/python3.11/site-packages/airflow/example_dags/tutorial_taskflow_api.py
[2025-12-27T15:11:45.161+0000] {processor.py:830} INFO - Processing file /usr/local/lib/python3.11/site-packages/airflow/example_dags/tutorial_taskflow_api.py for tasks to queue
[2025-12-27T15:11:45.164+0000] {logging_mixin.py:188} INFO - [2025-12-27T15:11:45.164+0000] {dagbag.py:545} INFO - Filling up the DagBag from /usr/local/lib/python3.11/site-packages/airflow/example_dags/tutorial_taskflow_api.py
[2025-12-27T15:11:45.172+0000] {processor.py:840} INFO - DAG(s) 'tutorial_taskflow_api' retrieved from /usr/local/lib/python3.11/site-packages/airflow/example_dags/tutorial_taskflow_api.py
[2025-12-27T15:11:45.213+0000] {logging_mixin.py:188} INFO - [2025-12-27T15:11:45.213+0000] {dag.py:3096} INFO - Sync 1 DAGs
[2025-12-27T15:11:45.236+0000] {logging_mixin.py:188} INFO - [2025-12-27T15:11:45.236+0000] {dag.py:3954} INFO - Setting next_dagrun for tutorial_taskflow_api to None, run_after=None
[2025-12-27T15:11:45.445+0000] {processor.py:183} INFO - Processing /usr/local/lib/python3.11/site-packages/airflow/example_dags/tutorial_taskflow_api.py took 0.299 seconds
[2025-12-27T15:13:18.001+0000] {processor.py:161} INFO - Started process (PID=799) to work on /usr/local/lib/python3.11/site-packages/airflow/example_dags/tutorial_taskflow_api.py
[2025-12-27T15:13:18.003+0000] {processor.py:830} INFO - Processing file /usr/local/lib/python3.11/site-packages/airflow/example_dags/tutorial_taskflow_api.py for tasks to queue
[2025-12-27T15:13:18.005+0000] {logging_mixin.py:188} INFO - [2025-12-27T15:13:18.005+0000] {dagbag.py:545} INFO - Filling up the DagBag from /usr/local/lib/python3.11/site-packages/airflow/example_dags/tutorial_taskflow_api.py
[2025-12-27T15:13:18.025+0000] {processor.py:840} INFO - DAG(s) 'tutorial_taskflow_api' retrieved from /usr/local/lib/python3.11/site-packages/airflow/example_dags/tutorial_taskflow_api.py
[2025-12-27T15:13:18.163+0000] {logging_mixin.py:188} INFO - [2025-12-27T15:13:18.163+0000] {dag.py:3096} INFO - Sync 1 DAGs
[2025-12-27T15:13:18.198+0000] {logging_mixin.py:188} INFO - [2025-12-27T15:13:18.198+0000] {dag.py:3954} INFO - Setting next_dagrun for tutorial_taskflow_api to None, run_after=None
[2025-12-27T15:13:18.533+0000] {processor.py:183} INFO - Processing /usr/local/lib/python3.11/site-packages/airflow/example_dags/tutorial_taskflow_api.py took 0.566 seconds
[2025-12-27T15:14:57.280+0000] {processor.py:161} INFO - Started process (PID=862) to work on /usr/local/lib/python3.11/site-packages/airflow/example_dags/tutorial_taskflow_api.py
[2025-12-27T15:14:57.288+0000] {processor.py:830} INFO - Processing file /usr/local/lib/python3.11/site-packages/airflow/example_dags/tutorial_taskflow_api.py for tasks to queue
[2025-12-27T15:14:57.291+0000] {logging_mixin.py:188} INFO - [2025-12-27T15:14:57.290+0000] {dagbag.py:545} INFO - Filling up the DagBag from /usr/local/lib/python3.11/site-packages/airflow/example_dags/tutorial_taskflow_api.py
[2025-12-27T15:14:57.300+0000] {processor.py:840} INFO - DAG(s) 'tutorial_taskflow_api' retrieved from /usr/local/lib/python3.11/site-packages/airflow/example_dags/tutorial_taskflow_api.py
[2025-12-27T15:14:57.362+0000] {logging_mixin.py:188} INFO - [2025-12-27T15:14:57.362+0000] {dag.py:3096} INFO - Sync 1 DAGs
[2025-12-27T15:14:57.404+0000] {logging_mixin.py:188} INFO - [2025-12-27T15:14:57.404+0000] {dag.py:3954} INFO - Setting next_dagrun for tutorial_taskflow_api to None, run_after=None
[2025-12-27T15:14:57.811+0000] {processor.py:183} INFO - Processing /usr/local/lib/python3.11/site-packages/airflow/example_dags/tutorial_taskflow_api.py took 0.553 seconds
[2025-12-27T15:16:47.471+0000] {processor.py:161} INFO - Started process (PID=929) to work on /usr/local/lib/python3.11/site-packages/airflow/example_dags/tutorial_taskflow_api.py
[2025-12-27T15:16:47.472+0000] {processor.py:830} INFO - Processing file /usr/local/lib/python3.11/site-packages/airflow/example_dags/tutorial_taskflow_api.py for tasks to queue
[2025-12-27T15:16:47.476+0000] {logging_mixin.py:188} INFO - [2025-12-27T15:16:47.475+0000] {dagbag.py:545} INFO - Filling up the DagBag from /usr/local/lib/python3.11/site-packages/airflow/example_dags/tutorial_taskflow_api.py
[2025-12-27T15:16:47.486+0000] {processor.py:840} INFO - DAG(s) 'tutorial_taskflow_api' retrieved from /usr/local/lib/python3.11/site-packages/airflow/example_dags/tutorial_taskflow_api.py
[2025-12-27T15:16:47.520+0000] {logging_mixin.py:188} INFO - [2025-12-27T15:16:47.520+0000] {dag.py:3096} INFO - Sync 1 DAGs
[2025-12-27T15:16:47.540+0000] {logging_mixin.py:188} INFO - [2025-12-27T15:16:47.539+0000] {dag.py:3954} INFO - Setting next_dagrun for tutorial_taskflow_api to None, run_after=None
[2025-12-27T15:16:47.766+0000] {processor.py:183} INFO - Processing /usr/local/lib/python3.11/site-packages/airflow/example_dags/tutorial_taskflow_api.py took 0.312 seconds
[2025-12-27T15:18:31.072+0000] {processor.py:161} INFO - Started process (PID=996) to work on /usr/local/lib/python3.11/site-packages/airflow/example_dags/tutorial_taskflow_api.py
[2025-12-27T15:18:31.073+0000] {processor.py:830} INFO - Processing file /usr/local/lib/python3.11/site-packages/airflow/example_dags/tutorial_taskflow_api.py for tasks to queue
[2025-12-27T15:18:31.076+0000] {logging_mixin.py:188} INFO - [2025-12-27T15:18:31.075+0000] {dagbag.py:545} INFO - Filling up the DagBag from /usr/local/lib/python3.11/site-packages/airflow/example_dags/tutorial_taskflow_api.py
[2025-12-27T15:18:31.083+0000] {processor.py:840} INFO - DAG(s) 'tutorial_taskflow_api' retrieved from /usr/local/lib/python3.11/site-packages/airflow/example_dags/tutorial_taskflow_api.py
[2025-12-27T15:18:31.115+0000] {logging_mixin.py:188} INFO - [2025-12-27T15:18:31.115+0000] {dag.py:3096} INFO - Sync 1 DAGs
[2025-12-27T15:18:31.137+0000] {logging_mixin.py:188} INFO - [2025-12-27T15:18:31.137+0000] {dag.py:3954} INFO - Setting next_dagrun for tutorial_taskflow_api to None, run_after=None
[2025-12-27T15:18:31.403+0000] {processor.py:183} INFO - Processing /usr/local/lib/python3.11/site-packages/airflow/example_dags/tutorial_taskflow_api.py took 0.344 seconds
[2025-12-27T15:20:17.291+0000] {processor.py:161} INFO - Started process (PID=1062) to work on /usr/local/lib/python3.11/site-packages/airflow/example_dags/tutorial_taskflow_api.py
[2025-12-27T15:20:17.293+0000] {processor.py:830} INFO - Processing file /usr/local/lib/python3.11/site-packages/airflow/example_dags/tutorial_taskflow_api.py for tasks to queue
[2025-12-27T15:20:17.296+0000] {logging_mixin.py:188} INFO - [2025-12-27T15:20:17.295+0000] {dagbag.py:545} INFO - Filling up the DagBag from /usr/local/lib/python3.11/site-packages/airflow/example_dags/tutorial_taskflow_api.py
[2025-12-27T15:20:17.304+0000] {processor.py:840} INFO - DAG(s) 'tutorial_taskflow_api' retrieved from /usr/local/lib/python3.11/site-packages/airflow/example_dags/tutorial_taskflow_api.py
[2025-12-27T15:20:17.339+0000] {logging_mixin.py:188} INFO - [2025-12-27T15:20:17.339+0000] {dag.py:3096} INFO - Sync 1 DAGs
[2025-12-27T15:20:17.362+0000] {logging_mixin.py:188} INFO - [2025-12-27T15:20:17.361+0000] {dag.py:3954} INFO - Setting next_dagrun for tutorial_taskflow_api to None, run_after=None
[2025-12-27T15:20:17.827+0000] {processor.py:183} INFO - Processing /usr/local/lib/python3.11/site-packages/airflow/example_dags/tutorial_taskflow_api.py took 0.551 seconds
[2025-12-27T15:31:24.794+0000] {processor.py:161} INFO - Started process (PID=59) to work on /usr/local/lib/python3.11/site-packages/airflow/example_dags/tutorial_taskflow_api.py
[2025-12-27T15:31:24.796+0000] {processor.py:830} INFO - Processing file /usr/local/lib/python3.11/site-packages/airflow/example_dags/tutorial_taskflow_api.py for tasks to queue
[2025-12-27T15:31:24.798+0000] {logging_mixin.py:188} INFO - [2025-12-27T15:31:24.798+0000] {dagbag.py:545} INFO - Filling up the DagBag from /usr/local/lib/python3.11/site-packages/airflow/example_dags/tutorial_taskflow_api.py
[2025-12-27T15:31:24.817+0000] {processor.py:840} INFO - DAG(s) 'tutorial_taskflow_api' retrieved from /usr/local/lib/python3.11/site-packages/airflow/example_dags/tutorial_taskflow_api.py
[2025-12-27T15:31:25.003+0000] {logging_mixin.py:188} INFO - [2025-12-27T15:31:25.002+0000] {dag.py:3096} INFO - Sync 1 DAGs
[2025-12-27T15:31:25.016+0000] {logging_mixin.py:188} INFO - [2025-12-27T15:31:25.016+0000] {dag.py:3954} INFO - Setting next_dagrun for tutorial_taskflow_api to None, run_after=None
[2025-12-27T15:31:25.234+0000] {processor.py:183} INFO - Processing /usr/local/lib/python3.11/site-packages/airflow/example_dags/tutorial_taskflow_api.py took 0.462 seconds
[2025-12-27T15:32:55.551+0000] {processor.py:161} INFO - Started process (PID=111) to work on /usr/local/lib/python3.11/site-packages/airflow/example_dags/tutorial_taskflow_api.py
[2025-12-27T15:32:55.552+0000] {processor.py:830} INFO - Processing file /usr/local/lib/python3.11/site-packages/airflow/example_dags/tutorial_taskflow_api.py for tasks to queue
[2025-12-27T15:32:55.554+0000] {logging_mixin.py:188} INFO - [2025-12-27T15:32:55.554+0000] {dagbag.py:545} INFO - Filling up the DagBag from /usr/local/lib/python3.11/site-packages/airflow/example_dags/tutorial_taskflow_api.py
[2025-12-27T15:32:55.562+0000] {processor.py:840} INFO - DAG(s) 'tutorial_taskflow_api' retrieved from /usr/local/lib/python3.11/site-packages/airflow/example_dags/tutorial_taskflow_api.py
[2025-12-27T15:32:55.597+0000] {logging_mixin.py:188} INFO - [2025-12-27T15:32:55.596+0000] {dag.py:3096} INFO - Sync 1 DAGs
[2025-12-27T15:32:55.615+0000] {logging_mixin.py:188} INFO - [2025-12-27T15:32:55.615+0000] {dag.py:3954} INFO - Setting next_dagrun for tutorial_taskflow_api to None, run_after=None
[2025-12-27T15:32:55.785+0000] {processor.py:183} INFO - Processing /usr/local/lib/python3.11/site-packages/airflow/example_dags/tutorial_taskflow_api.py took 0.248 seconds
[2025-12-27T15:34:34.815+0000] {processor.py:161} INFO - Started process (PID=176) to work on /usr/local/lib/python3.11/site-packages/airflow/example_dags/tutorial_taskflow_api.py
[2025-12-27T15:34:34.817+0000] {processor.py:830} INFO - Processing file /usr/local/lib/python3.11/site-packages/airflow/example_dags/tutorial_taskflow_api.py for tasks to queue
[2025-12-27T15:34:34.820+0000] {logging_mixin.py:188} INFO - [2025-12-27T15:34:34.819+0000] {dagbag.py:545} INFO - Filling up the DagBag from /usr/local/lib/python3.11/site-packages/airflow/example_dags/tutorial_taskflow_api.py
[2025-12-27T15:34:34.841+0000] {processor.py:840} INFO - DAG(s) 'tutorial_taskflow_api' retrieved from /usr/local/lib/python3.11/site-packages/airflow/example_dags/tutorial_taskflow_api.py
[2025-12-27T15:34:34.914+0000] {logging_mixin.py:188} INFO - [2025-12-27T15:34:34.914+0000] {dag.py:3096} INFO - Sync 1 DAGs
[2025-12-27T15:34:34.950+0000] {logging_mixin.py:188} INFO - [2025-12-27T15:34:34.950+0000] {dag.py:3954} INFO - Setting next_dagrun for tutorial_taskflow_api to None, run_after=None
[2025-12-27T15:34:35.145+0000] {processor.py:183} INFO - Processing /usr/local/lib/python3.11/site-packages/airflow/example_dags/tutorial_taskflow_api.py took 0.394 seconds
[2025-12-27T15:36:04.655+0000] {processor.py:161} INFO - Started process (PID=239) to work on /usr/local/lib/python3.11/site-packages/airflow/example_dags/tutorial_taskflow_api.py
[2025-12-27T15:36:04.656+0000] {processor.py:830} INFO - Processing file /usr/local/lib/python3.11/site-packages/airflow/example_dags/tutorial_taskflow_api.py for tasks to queue
[2025-12-27T15:36:04.659+0000] {logging_mixin.py:188} INFO - [2025-12-27T15:36:04.658+0000] {dagbag.py:545} INFO - Filling up the DagBag from /usr/local/lib/python3.11/site-packages/airflow/example_dags/tutorial_taskflow_api.py
[2025-12-27T15:36:04.666+0000] {processor.py:840} INFO - DAG(s) 'tutorial_taskflow_api' retrieved from /usr/local/lib/python3.11/site-packages/airflow/example_dags/tutorial_taskflow_api.py
[2025-12-27T15:36:04.694+0000] {logging_mixin.py:188} INFO - [2025-12-27T15:36:04.694+0000] {dag.py:3096} INFO - Sync 1 DAGs
[2025-12-27T15:36:04.712+0000] {logging_mixin.py:188} INFO - [2025-12-27T15:36:04.712+0000] {dag.py:3954} INFO - Setting next_dagrun for tutorial_taskflow_api to None, run_after=None
[2025-12-27T15:36:04.945+0000] {processor.py:183} INFO - Processing /usr/local/lib/python3.11/site-packages/airflow/example_dags/tutorial_taskflow_api.py took 0.304 seconds
[2025-12-27T15:37:41.358+0000] {processor.py:161} INFO - Started process (PID=303) to work on /usr/local/lib/python3.11/site-packages/airflow/example_dags/tutorial_taskflow_api.py
[2025-12-27T15:37:41.359+0000] {processor.py:830} INFO - Processing file /usr/local/lib/python3.11/site-packages/airflow/example_dags/tutorial_taskflow_api.py for tasks to queue
[2025-12-27T15:37:41.362+0000] {logging_mixin.py:188} INFO - [2025-12-27T15:37:41.361+0000] {dagbag.py:545} INFO - Filling up the DagBag from /usr/local/lib/python3.11/site-packages/airflow/example_dags/tutorial_taskflow_api.py
[2025-12-27T15:37:41.370+0000] {processor.py:840} INFO - DAG(s) 'tutorial_taskflow_api' retrieved from /usr/local/lib/python3.11/site-packages/airflow/example_dags/tutorial_taskflow_api.py
[2025-12-27T15:37:41.403+0000] {logging_mixin.py:188} INFO - [2025-12-27T15:37:41.402+0000] {dag.py:3096} INFO - Sync 1 DAGs
[2025-12-27T15:37:41.421+0000] {logging_mixin.py:188} INFO - [2025-12-27T15:37:41.421+0000] {dag.py:3954} INFO - Setting next_dagrun for tutorial_taskflow_api to None, run_after=None
[2025-12-27T15:37:41.581+0000] {processor.py:183} INFO - Processing /usr/local/lib/python3.11/site-packages/airflow/example_dags/tutorial_taskflow_api.py took 0.237 seconds
[2025-12-27T15:39:15.256+0000] {processor.py:161} INFO - Started process (PID=365) to work on /usr/local/lib/python3.11/site-packages/airflow/example_dags/tutorial_taskflow_api.py
[2025-12-27T15:39:15.259+0000] {processor.py:830} INFO - Processing file /usr/local/lib/python3.11/site-packages/airflow/example_dags/tutorial_taskflow_api.py for tasks to queue
[2025-12-27T15:39:15.263+0000] {logging_mixin.py:188} INFO - [2025-12-27T15:39:15.263+0000] {dagbag.py:545} INFO - Filling up the DagBag from /usr/local/lib/python3.11/site-packages/airflow/example_dags/tutorial_taskflow_api.py
[2025-12-27T15:39:15.287+0000] {processor.py:840} INFO - DAG(s) 'tutorial_taskflow_api' retrieved from /usr/local/lib/python3.11/site-packages/airflow/example_dags/tutorial_taskflow_api.py
[2025-12-27T15:39:15.361+0000] {logging_mixin.py:188} INFO - [2025-12-27T15:39:15.361+0000] {dag.py:3096} INFO - Sync 1 DAGs
[2025-12-27T15:39:15.392+0000] {logging_mixin.py:188} INFO - [2025-12-27T15:39:15.391+0000] {dag.py:3954} INFO - Setting next_dagrun for tutorial_taskflow_api to None, run_after=None
[2025-12-27T15:39:15.592+0000] {processor.py:183} INFO - Processing /usr/local/lib/python3.11/site-packages/airflow/example_dags/tutorial_taskflow_api.py took 0.377 seconds
[2025-12-27T15:41:00.262+0000] {processor.py:161} INFO - Started process (PID=430) to work on /usr/local/lib/python3.11/site-packages/airflow/example_dags/tutorial_taskflow_api.py
[2025-12-27T15:41:00.265+0000] {processor.py:830} INFO - Processing file /usr/local/lib/python3.11/site-packages/airflow/example_dags/tutorial_taskflow_api.py for tasks to queue
[2025-12-27T15:41:00.270+0000] {logging_mixin.py:188} INFO - [2025-12-27T15:41:00.269+0000] {dagbag.py:545} INFO - Filling up the DagBag from /usr/local/lib/python3.11/site-packages/airflow/example_dags/tutorial_taskflow_api.py
[2025-12-27T15:41:00.290+0000] {processor.py:840} INFO - DAG(s) 'tutorial_taskflow_api' retrieved from /usr/local/lib/python3.11/site-packages/airflow/example_dags/tutorial_taskflow_api.py
[2025-12-27T15:41:00.663+0000] {logging_mixin.py:188} INFO - [2025-12-27T15:41:00.663+0000] {dag.py:3096} INFO - Sync 1 DAGs
[2025-12-27T15:41:00.683+0000] {logging_mixin.py:188} INFO - [2025-12-27T15:41:00.683+0000] {dag.py:3954} INFO - Setting next_dagrun for tutorial_taskflow_api to None, run_after=None
[2025-12-27T15:41:00.950+0000] {processor.py:183} INFO - Processing /usr/local/lib/python3.11/site-packages/airflow/example_dags/tutorial_taskflow_api.py took 0.721 seconds
[2025-12-27T15:44:22.112+0000] {processor.py:161} INFO - Started process (PID=63) to work on /usr/local/lib/python3.11/site-packages/airflow/example_dags/tutorial_taskflow_api.py
[2025-12-27T15:44:22.113+0000] {processor.py:830} INFO - Processing file /usr/local/lib/python3.11/site-packages/airflow/example_dags/tutorial_taskflow_api.py for tasks to queue
[2025-12-27T15:44:22.116+0000] {logging_mixin.py:188} INFO - [2025-12-27T15:44:22.116+0000] {dagbag.py:545} INFO - Filling up the DagBag from /usr/local/lib/python3.11/site-packages/airflow/example_dags/tutorial_taskflow_api.py
[2025-12-27T15:44:22.124+0000] {processor.py:840} INFO - DAG(s) 'tutorial_taskflow_api' retrieved from /usr/local/lib/python3.11/site-packages/airflow/example_dags/tutorial_taskflow_api.py
[2025-12-27T15:44:22.312+0000] {logging_mixin.py:188} INFO - [2025-12-27T15:44:22.312+0000] {dag.py:3096} INFO - Sync 1 DAGs
[2025-12-27T15:44:22.329+0000] {logging_mixin.py:188} INFO - [2025-12-27T15:44:22.329+0000] {dag.py:3954} INFO - Setting next_dagrun for tutorial_taskflow_api to None, run_after=None
[2025-12-27T15:44:22.536+0000] {processor.py:183} INFO - Processing /usr/local/lib/python3.11/site-packages/airflow/example_dags/tutorial_taskflow_api.py took 0.438 seconds
[2025-12-27T15:45:40.091+0000] {processor.py:161} INFO - Started process (PID=115) to work on /usr/local/lib/python3.11/site-packages/airflow/example_dags/tutorial_taskflow_api.py
[2025-12-27T15:45:40.092+0000] {processor.py:830} INFO - Processing file /usr/local/lib/python3.11/site-packages/airflow/example_dags/tutorial_taskflow_api.py for tasks to queue
[2025-12-27T15:45:40.094+0000] {logging_mixin.py:188} INFO - [2025-12-27T15:45:40.094+0000] {dagbag.py:545} INFO - Filling up the DagBag from /usr/local/lib/python3.11/site-packages/airflow/example_dags/tutorial_taskflow_api.py
[2025-12-27T15:45:40.102+0000] {processor.py:840} INFO - DAG(s) 'tutorial_taskflow_api' retrieved from /usr/local/lib/python3.11/site-packages/airflow/example_dags/tutorial_taskflow_api.py
[2025-12-27T15:45:40.132+0000] {logging_mixin.py:188} INFO - [2025-12-27T15:45:40.132+0000] {dag.py:3096} INFO - Sync 1 DAGs
[2025-12-27T15:45:40.150+0000] {logging_mixin.py:188} INFO - [2025-12-27T15:45:40.150+0000] {dag.py:3954} INFO - Setting next_dagrun for tutorial_taskflow_api to None, run_after=None
[2025-12-27T15:45:40.341+0000] {processor.py:183} INFO - Processing /usr/local/lib/python3.11/site-packages/airflow/example_dags/tutorial_taskflow_api.py took 0.263 seconds
[2025-12-27T15:47:24.089+0000] {processor.py:161} INFO - Started process (PID=204) to work on /usr/local/lib/python3.11/site-packages/airflow/example_dags/tutorial_taskflow_api.py
[2025-12-27T15:47:24.090+0000] {processor.py:830} INFO - Processing file /usr/local/lib/python3.11/site-packages/airflow/example_dags/tutorial_taskflow_api.py for tasks to queue
[2025-12-27T15:47:24.093+0000] {logging_mixin.py:188} INFO - [2025-12-27T15:47:24.093+0000] {dagbag.py:545} INFO - Filling up the DagBag from /usr/local/lib/python3.11/site-packages/airflow/example_dags/tutorial_taskflow_api.py
[2025-12-27T15:47:24.104+0000] {processor.py:840} INFO - DAG(s) 'tutorial_taskflow_api' retrieved from /usr/local/lib/python3.11/site-packages/airflow/example_dags/tutorial_taskflow_api.py
[2025-12-27T15:47:24.140+0000] {logging_mixin.py:188} INFO - [2025-12-27T15:47:24.140+0000] {dag.py:3096} INFO - Sync 1 DAGs
[2025-12-27T15:47:24.161+0000] {logging_mixin.py:188} INFO - [2025-12-27T15:47:24.160+0000] {dag.py:3954} INFO - Setting next_dagrun for tutorial_taskflow_api to None, run_after=None
[2025-12-27T15:47:25.239+0000] {processor.py:183} INFO - Processing /usr/local/lib/python3.11/site-packages/airflow/example_dags/tutorial_taskflow_api.py took 1.171 seconds
[2025-12-27T15:48:57.660+0000] {processor.py:161} INFO - Started process (PID=279) to work on /usr/local/lib/python3.11/site-packages/airflow/example_dags/tutorial_taskflow_api.py
[2025-12-27T15:48:57.661+0000] {processor.py:830} INFO - Processing file /usr/local/lib/python3.11/site-packages/airflow/example_dags/tutorial_taskflow_api.py for tasks to queue
[2025-12-27T15:48:57.663+0000] {logging_mixin.py:188} INFO - [2025-12-27T15:48:57.663+0000] {dagbag.py:545} INFO - Filling up the DagBag from /usr/local/lib/python3.11/site-packages/airflow/example_dags/tutorial_taskflow_api.py
[2025-12-27T15:48:57.670+0000] {processor.py:840} INFO - DAG(s) 'tutorial_taskflow_api' retrieved from /usr/local/lib/python3.11/site-packages/airflow/example_dags/tutorial_taskflow_api.py
[2025-12-27T15:48:57.703+0000] {logging_mixin.py:188} INFO - [2025-12-27T15:48:57.703+0000] {dag.py:3096} INFO - Sync 1 DAGs
[2025-12-27T15:48:57.721+0000] {logging_mixin.py:188} INFO - [2025-12-27T15:48:57.721+0000] {dag.py:3954} INFO - Setting next_dagrun for tutorial_taskflow_api to None, run_after=None
[2025-12-27T15:48:57.931+0000] {processor.py:183} INFO - Processing /usr/local/lib/python3.11/site-packages/airflow/example_dags/tutorial_taskflow_api.py took 0.284 seconds
[2025-12-27T15:50:33.520+0000] {processor.py:161} INFO - Started process (PID=345) to work on /usr/local/lib/python3.11/site-packages/airflow/example_dags/tutorial_taskflow_api.py
[2025-12-27T15:50:33.521+0000] {processor.py:830} INFO - Processing file /usr/local/lib/python3.11/site-packages/airflow/example_dags/tutorial_taskflow_api.py for tasks to queue
[2025-12-27T15:50:33.522+0000] {logging_mixin.py:188} INFO - [2025-12-27T15:50:33.522+0000] {dagbag.py:545} INFO - Filling up the DagBag from /usr/local/lib/python3.11/site-packages/airflow/example_dags/tutorial_taskflow_api.py
[2025-12-27T15:50:33.527+0000] {processor.py:840} INFO - DAG(s) 'tutorial_taskflow_api' retrieved from /usr/local/lib/python3.11/site-packages/airflow/example_dags/tutorial_taskflow_api.py
[2025-12-27T15:50:33.552+0000] {logging_mixin.py:188} INFO - [2025-12-27T15:50:33.552+0000] {dag.py:3096} INFO - Sync 1 DAGs
[2025-12-27T15:50:33.568+0000] {logging_mixin.py:188} INFO - [2025-12-27T15:50:33.568+0000] {dag.py:3954} INFO - Setting next_dagrun for tutorial_taskflow_api to None, run_after=None
[2025-12-27T15:50:33.772+0000] {processor.py:183} INFO - Processing /usr/local/lib/python3.11/site-packages/airflow/example_dags/tutorial_taskflow_api.py took 0.393 seconds
[2025-12-27T15:52:03.989+0000] {processor.py:161} INFO - Started process (PID=421) to work on /usr/local/lib/python3.11/site-packages/airflow/example_dags/tutorial_taskflow_api.py
[2025-12-27T15:52:03.990+0000] {processor.py:830} INFO - Processing file /usr/local/lib/python3.11/site-packages/airflow/example_dags/tutorial_taskflow_api.py for tasks to queue
[2025-12-27T15:52:03.992+0000] {logging_mixin.py:188} INFO - [2025-12-27T15:52:03.992+0000] {dagbag.py:545} INFO - Filling up the DagBag from /usr/local/lib/python3.11/site-packages/airflow/example_dags/tutorial_taskflow_api.py
[2025-12-27T15:52:04.000+0000] {processor.py:840} INFO - DAG(s) 'tutorial_taskflow_api' retrieved from /usr/local/lib/python3.11/site-packages/airflow/example_dags/tutorial_taskflow_api.py
[2025-12-27T15:52:04.042+0000] {logging_mixin.py:188} INFO - [2025-12-27T15:52:04.042+0000] {dag.py:3096} INFO - Sync 1 DAGs
[2025-12-27T15:52:04.061+0000] {logging_mixin.py:188} INFO - [2025-12-27T15:52:04.061+0000] {dag.py:3954} INFO - Setting next_dagrun for tutorial_taskflow_api to None, run_after=None
[2025-12-27T15:52:04.238+0000] {processor.py:183} INFO - Processing /usr/local/lib/python3.11/site-packages/airflow/example_dags/tutorial_taskflow_api.py took 0.262 seconds
[2025-12-27T15:53:37.600+0000] {processor.py:161} INFO - Started process (PID=502) to work on /usr/local/lib/python3.11/site-packages/airflow/example_dags/tutorial_taskflow_api.py
[2025-12-27T15:53:37.602+0000] {processor.py:830} INFO - Processing file /usr/local/lib/python3.11/site-packages/airflow/example_dags/tutorial_taskflow_api.py for tasks to queue
[2025-12-27T15:53:37.604+0000] {logging_mixin.py:188} INFO - [2025-12-27T15:53:37.604+0000] {dagbag.py:545} INFO - Filling up the DagBag from /usr/local/lib/python3.11/site-packages/airflow/example_dags/tutorial_taskflow_api.py
[2025-12-27T15:53:37.615+0000] {processor.py:840} INFO - DAG(s) 'tutorial_taskflow_api' retrieved from /usr/local/lib/python3.11/site-packages/airflow/example_dags/tutorial_taskflow_api.py
[2025-12-27T15:53:37.654+0000] {logging_mixin.py:188} INFO - [2025-12-27T15:53:37.653+0000] {dag.py:3096} INFO - Sync 1 DAGs
[2025-12-27T15:53:37.673+0000] {logging_mixin.py:188} INFO - [2025-12-27T15:53:37.673+0000] {dag.py:3954} INFO - Setting next_dagrun for tutorial_taskflow_api to None, run_after=None
[2025-12-27T15:53:37.897+0000] {processor.py:183} INFO - Processing /usr/local/lib/python3.11/site-packages/airflow/example_dags/tutorial_taskflow_api.py took 0.317 seconds
[2025-12-27T15:55:08.523+0000] {processor.py:161} INFO - Started process (PID=572) to work on /usr/local/lib/python3.11/site-packages/airflow/example_dags/tutorial_taskflow_api.py
[2025-12-27T15:55:08.524+0000] {processor.py:830} INFO - Processing file /usr/local/lib/python3.11/site-packages/airflow/example_dags/tutorial_taskflow_api.py for tasks to queue
[2025-12-27T15:55:08.527+0000] {logging_mixin.py:188} INFO - [2025-12-27T15:55:08.527+0000] {dagbag.py:545} INFO - Filling up the DagBag from /usr/local/lib/python3.11/site-packages/airflow/example_dags/tutorial_taskflow_api.py
[2025-12-27T15:55:08.537+0000] {processor.py:840} INFO - DAG(s) 'tutorial_taskflow_api' retrieved from /usr/local/lib/python3.11/site-packages/airflow/example_dags/tutorial_taskflow_api.py
[2025-12-27T15:55:08.578+0000] {logging_mixin.py:188} INFO - [2025-12-27T15:55:08.578+0000] {dag.py:3096} INFO - Sync 1 DAGs
[2025-12-27T15:55:08.638+0000] {logging_mixin.py:188} INFO - [2025-12-27T15:55:08.638+0000] {dag.py:3954} INFO - Setting next_dagrun for tutorial_taskflow_api to None, run_after=None
[2025-12-27T15:55:09.010+0000] {processor.py:183} INFO - Processing /usr/local/lib/python3.11/site-packages/airflow/example_dags/tutorial_taskflow_api.py took 0.508 seconds
[2025-12-27T15:56:41.188+0000] {processor.py:161} INFO - Started process (PID=642) to work on /usr/local/lib/python3.11/site-packages/airflow/example_dags/tutorial_taskflow_api.py
[2025-12-27T15:56:41.190+0000] {processor.py:830} INFO - Processing file /usr/local/lib/python3.11/site-packages/airflow/example_dags/tutorial_taskflow_api.py for tasks to queue
[2025-12-27T15:56:41.192+0000] {logging_mixin.py:188} INFO - [2025-12-27T15:56:41.192+0000] {dagbag.py:545} INFO - Filling up the DagBag from /usr/local/lib/python3.11/site-packages/airflow/example_dags/tutorial_taskflow_api.py
[2025-12-27T15:56:41.202+0000] {processor.py:840} INFO - DAG(s) 'tutorial_taskflow_api' retrieved from /usr/local/lib/python3.11/site-packages/airflow/example_dags/tutorial_taskflow_api.py
[2025-12-27T15:56:41.233+0000] {logging_mixin.py:188} INFO - [2025-12-27T15:56:41.233+0000] {dag.py:3096} INFO - Sync 1 DAGs
[2025-12-27T15:56:41.252+0000] {logging_mixin.py:188} INFO - [2025-12-27T15:56:41.252+0000] {dag.py:3954} INFO - Setting next_dagrun for tutorial_taskflow_api to None, run_after=None
[2025-12-27T15:56:41.536+0000] {processor.py:183} INFO - Processing /usr/local/lib/python3.11/site-packages/airflow/example_dags/tutorial_taskflow_api.py took 0.377 seconds
[2025-12-27T15:58:11.589+0000] {processor.py:161} INFO - Started process (PID=704) to work on /usr/local/lib/python3.11/site-packages/airflow/example_dags/tutorial_taskflow_api.py
[2025-12-27T15:58:11.590+0000] {processor.py:830} INFO - Processing file /usr/local/lib/python3.11/site-packages/airflow/example_dags/tutorial_taskflow_api.py for tasks to queue
[2025-12-27T15:58:11.592+0000] {logging_mixin.py:188} INFO - [2025-12-27T15:58:11.592+0000] {dagbag.py:545} INFO - Filling up the DagBag from /usr/local/lib/python3.11/site-packages/airflow/example_dags/tutorial_taskflow_api.py
[2025-12-27T15:58:11.600+0000] {processor.py:840} INFO - DAG(s) 'tutorial_taskflow_api' retrieved from /usr/local/lib/python3.11/site-packages/airflow/example_dags/tutorial_taskflow_api.py
[2025-12-27T15:58:11.640+0000] {logging_mixin.py:188} INFO - [2025-12-27T15:58:11.639+0000] {dag.py:3096} INFO - Sync 1 DAGs
[2025-12-27T15:58:11.663+0000] {logging_mixin.py:188} INFO - [2025-12-27T15:58:11.663+0000] {dag.py:3954} INFO - Setting next_dagrun for tutorial_taskflow_api to None, run_after=None
[2025-12-27T15:58:11.863+0000] {processor.py:183} INFO - Processing /usr/local/lib/python3.11/site-packages/airflow/example_dags/tutorial_taskflow_api.py took 0.292 seconds
[2025-12-27T15:59:55.871+0000] {processor.py:161} INFO - Started process (PID=767) to work on /usr/local/lib/python3.11/site-packages/airflow/example_dags/tutorial_taskflow_api.py
[2025-12-27T15:59:55.872+0000] {processor.py:830} INFO - Processing file /usr/local/lib/python3.11/site-packages/airflow/example_dags/tutorial_taskflow_api.py for tasks to queue
[2025-12-27T15:59:55.874+0000] {logging_mixin.py:188} INFO - [2025-12-27T15:59:55.874+0000] {dagbag.py:545} INFO - Filling up the DagBag from /usr/local/lib/python3.11/site-packages/airflow/example_dags/tutorial_taskflow_api.py
[2025-12-27T15:59:55.882+0000] {processor.py:840} INFO - DAG(s) 'tutorial_taskflow_api' retrieved from /usr/local/lib/python3.11/site-packages/airflow/example_dags/tutorial_taskflow_api.py
[2025-12-27T15:59:55.916+0000] {logging_mixin.py:188} INFO - [2025-12-27T15:59:55.916+0000] {dag.py:3096} INFO - Sync 1 DAGs
[2025-12-27T15:59:55.934+0000] {logging_mixin.py:188} INFO - [2025-12-27T15:59:55.934+0000] {dag.py:3954} INFO - Setting next_dagrun for tutorial_taskflow_api to None, run_after=None
[2025-12-27T15:59:56.111+0000] {processor.py:183} INFO - Processing /usr/local/lib/python3.11/site-packages/airflow/example_dags/tutorial_taskflow_api.py took 0.255 seconds
[2025-12-27T16:01:47.350+0000] {processor.py:161} INFO - Started process (PID=836) to work on /usr/local/lib/python3.11/site-packages/airflow/example_dags/tutorial_taskflow_api.py
[2025-12-27T16:01:47.352+0000] {processor.py:830} INFO - Processing file /usr/local/lib/python3.11/site-packages/airflow/example_dags/tutorial_taskflow_api.py for tasks to queue
[2025-12-27T16:01:47.356+0000] {logging_mixin.py:188} INFO - [2025-12-27T16:01:47.355+0000] {dagbag.py:545} INFO - Filling up the DagBag from /usr/local/lib/python3.11/site-packages/airflow/example_dags/tutorial_taskflow_api.py
[2025-12-27T16:01:47.370+0000] {processor.py:840} INFO - DAG(s) 'tutorial_taskflow_api' retrieved from /usr/local/lib/python3.11/site-packages/airflow/example_dags/tutorial_taskflow_api.py
[2025-12-27T16:01:47.414+0000] {logging_mixin.py:188} INFO - [2025-12-27T16:01:47.414+0000] {dag.py:3096} INFO - Sync 1 DAGs
[2025-12-27T16:01:47.444+0000] {logging_mixin.py:188} INFO - [2025-12-27T16:01:47.444+0000] {dag.py:3954} INFO - Setting next_dagrun for tutorial_taskflow_api to None, run_after=None
[2025-12-27T16:01:47.632+0000] {processor.py:183} INFO - Processing /usr/local/lib/python3.11/site-packages/airflow/example_dags/tutorial_taskflow_api.py took 0.304 seconds
[2025-12-27T21:00:27.005+0000] {processor.py:161} INFO - Started process (PID=64) to work on /usr/local/lib/python3.11/site-packages/airflow/example_dags/tutorial_taskflow_api.py
[2025-12-27T21:00:27.043+0000] {processor.py:830} INFO - Processing file /usr/local/lib/python3.11/site-packages/airflow/example_dags/tutorial_taskflow_api.py for tasks to queue
[2025-12-27T21:00:27.045+0000] {logging_mixin.py:188} INFO - [2025-12-27T21:00:27.045+0000] {dagbag.py:545} INFO - Filling up the DagBag from /usr/local/lib/python3.11/site-packages/airflow/example_dags/tutorial_taskflow_api.py
[2025-12-27T21:00:27.053+0000] {processor.py:840} INFO - DAG(s) 'tutorial_taskflow_api' retrieved from /usr/local/lib/python3.11/site-packages/airflow/example_dags/tutorial_taskflow_api.py
[2025-12-27T21:00:27.234+0000] {logging_mixin.py:188} INFO - [2025-12-27T21:00:27.234+0000] {dag.py:3096} INFO - Sync 1 DAGs
[2025-12-27T21:00:27.249+0000] {logging_mixin.py:188} INFO - [2025-12-27T21:00:27.249+0000] {dag.py:3954} INFO - Setting next_dagrun for tutorial_taskflow_api to None, run_after=None
[2025-12-27T21:00:27.444+0000] {processor.py:183} INFO - Processing /usr/local/lib/python3.11/site-packages/airflow/example_dags/tutorial_taskflow_api.py took 0.463 seconds
[2025-12-27T21:01:44.074+0000] {processor.py:161} INFO - Started process (PID=116) to work on /usr/local/lib/python3.11/site-packages/airflow/example_dags/tutorial_taskflow_api.py
[2025-12-27T21:01:44.075+0000] {processor.py:830} INFO - Processing file /usr/local/lib/python3.11/site-packages/airflow/example_dags/tutorial_taskflow_api.py for tasks to queue
[2025-12-27T21:01:44.077+0000] {logging_mixin.py:188} INFO - [2025-12-27T21:01:44.076+0000] {dagbag.py:545} INFO - Filling up the DagBag from /usr/local/lib/python3.11/site-packages/airflow/example_dags/tutorial_taskflow_api.py
[2025-12-27T21:01:44.089+0000] {processor.py:840} INFO - DAG(s) 'tutorial_taskflow_api' retrieved from /usr/local/lib/python3.11/site-packages/airflow/example_dags/tutorial_taskflow_api.py
[2025-12-27T21:01:44.166+0000] {logging_mixin.py:188} INFO - [2025-12-27T21:01:44.166+0000] {dag.py:3096} INFO - Sync 1 DAGs
[2025-12-27T21:01:44.188+0000] {logging_mixin.py:188} INFO - [2025-12-27T21:01:44.188+0000] {dag.py:3954} INFO - Setting next_dagrun for tutorial_taskflow_api to None, run_after=None
[2025-12-27T21:01:44.370+0000] {processor.py:183} INFO - Processing /usr/local/lib/python3.11/site-packages/airflow/example_dags/tutorial_taskflow_api.py took 0.313 seconds
[2025-12-27T21:03:07.547+0000] {processor.py:161} INFO - Started process (PID=177) to work on /usr/local/lib/python3.11/site-packages/airflow/example_dags/tutorial_taskflow_api.py
[2025-12-27T21:03:07.548+0000] {processor.py:830} INFO - Processing file /usr/local/lib/python3.11/site-packages/airflow/example_dags/tutorial_taskflow_api.py for tasks to queue
[2025-12-27T21:03:07.550+0000] {logging_mixin.py:188} INFO - [2025-12-27T21:03:07.549+0000] {dagbag.py:545} INFO - Filling up the DagBag from /usr/local/lib/python3.11/site-packages/airflow/example_dags/tutorial_taskflow_api.py
[2025-12-27T21:03:07.564+0000] {processor.py:840} INFO - DAG(s) 'tutorial_taskflow_api' retrieved from /usr/local/lib/python3.11/site-packages/airflow/example_dags/tutorial_taskflow_api.py
[2025-12-27T21:03:07.604+0000] {logging_mixin.py:188} INFO - [2025-12-27T21:03:07.604+0000] {dag.py:3096} INFO - Sync 1 DAGs
[2025-12-27T21:03:07.638+0000] {logging_mixin.py:188} INFO - [2025-12-27T21:03:07.637+0000] {dag.py:3954} INFO - Setting next_dagrun for tutorial_taskflow_api to None, run_after=None
[2025-12-27T21:03:07.831+0000] {processor.py:183} INFO - Processing /usr/local/lib/python3.11/site-packages/airflow/example_dags/tutorial_taskflow_api.py took 0.301 seconds
[2025-12-27T21:04:34.657+0000] {processor.py:161} INFO - Started process (PID=237) to work on /usr/local/lib/python3.11/site-packages/airflow/example_dags/tutorial_taskflow_api.py
[2025-12-27T21:04:34.659+0000] {processor.py:830} INFO - Processing file /usr/local/lib/python3.11/site-packages/airflow/example_dags/tutorial_taskflow_api.py for tasks to queue
[2025-12-27T21:04:34.660+0000] {logging_mixin.py:188} INFO - [2025-12-27T21:04:34.659+0000] {dagbag.py:545} INFO - Filling up the DagBag from /usr/local/lib/python3.11/site-packages/airflow/example_dags/tutorial_taskflow_api.py
[2025-12-27T21:04:34.667+0000] {processor.py:840} INFO - DAG(s) 'tutorial_taskflow_api' retrieved from /usr/local/lib/python3.11/site-packages/airflow/example_dags/tutorial_taskflow_api.py
[2025-12-27T21:04:34.713+0000] {logging_mixin.py:188} INFO - [2025-12-27T21:04:34.713+0000] {dag.py:3096} INFO - Sync 1 DAGs
[2025-12-27T21:04:34.739+0000] {logging_mixin.py:188} INFO - [2025-12-27T21:04:34.739+0000] {dag.py:3954} INFO - Setting next_dagrun for tutorial_taskflow_api to None, run_after=None
[2025-12-27T21:04:34.944+0000] {processor.py:183} INFO - Processing /usr/local/lib/python3.11/site-packages/airflow/example_dags/tutorial_taskflow_api.py took 0.304 seconds
[2025-12-27T21:06:24.696+0000] {processor.py:161} INFO - Started process (PID=303) to work on /usr/local/lib/python3.11/site-packages/airflow/example_dags/tutorial_taskflow_api.py
[2025-12-27T21:06:24.697+0000] {processor.py:830} INFO - Processing file /usr/local/lib/python3.11/site-packages/airflow/example_dags/tutorial_taskflow_api.py for tasks to queue
[2025-12-27T21:06:24.698+0000] {logging_mixin.py:188} INFO - [2025-12-27T21:06:24.698+0000] {dagbag.py:545} INFO - Filling up the DagBag from /usr/local/lib/python3.11/site-packages/airflow/example_dags/tutorial_taskflow_api.py
[2025-12-27T21:06:24.705+0000] {processor.py:840} INFO - DAG(s) 'tutorial_taskflow_api' retrieved from /usr/local/lib/python3.11/site-packages/airflow/example_dags/tutorial_taskflow_api.py
[2025-12-27T21:06:24.731+0000] {logging_mixin.py:188} INFO - [2025-12-27T21:06:24.731+0000] {dag.py:3096} INFO - Sync 1 DAGs
[2025-12-27T21:06:24.747+0000] {logging_mixin.py:188} INFO - [2025-12-27T21:06:24.746+0000] {dag.py:3954} INFO - Setting next_dagrun for tutorial_taskflow_api to None, run_after=None
[2025-12-27T21:06:25.055+0000] {processor.py:183} INFO - Processing /usr/local/lib/python3.11/site-packages/airflow/example_dags/tutorial_taskflow_api.py took 0.534 seconds
[2025-12-27T21:19:56.046+0000] {processor.py:161} INFO - Started process (PID=59) to work on /usr/local/lib/python3.11/site-packages/airflow/example_dags/tutorial_taskflow_api.py
[2025-12-27T21:19:56.091+0000] {processor.py:830} INFO - Processing file /usr/local/lib/python3.11/site-packages/airflow/example_dags/tutorial_taskflow_api.py for tasks to queue
[2025-12-27T21:19:56.094+0000] {logging_mixin.py:188} INFO - [2025-12-27T21:19:56.093+0000] {dagbag.py:545} INFO - Filling up the DagBag from /usr/local/lib/python3.11/site-packages/airflow/example_dags/tutorial_taskflow_api.py
[2025-12-27T21:19:56.104+0000] {processor.py:840} INFO - DAG(s) 'tutorial_taskflow_api' retrieved from /usr/local/lib/python3.11/site-packages/airflow/example_dags/tutorial_taskflow_api.py
[2025-12-27T21:19:56.282+0000] {logging_mixin.py:188} INFO - [2025-12-27T21:19:56.282+0000] {dag.py:3096} INFO - Sync 1 DAGs
[2025-12-27T21:19:56.298+0000] {logging_mixin.py:188} INFO - [2025-12-27T21:19:56.297+0000] {dag.py:3954} INFO - Setting next_dagrun for tutorial_taskflow_api to None, run_after=None
[2025-12-27T21:19:56.507+0000] {processor.py:183} INFO - Processing /usr/local/lib/python3.11/site-packages/airflow/example_dags/tutorial_taskflow_api.py took 0.481 seconds
[2025-12-27T21:21:18.396+0000] {processor.py:161} INFO - Started process (PID=118) to work on /usr/local/lib/python3.11/site-packages/airflow/example_dags/tutorial_taskflow_api.py
[2025-12-27T21:21:18.397+0000] {processor.py:830} INFO - Processing file /usr/local/lib/python3.11/site-packages/airflow/example_dags/tutorial_taskflow_api.py for tasks to queue
[2025-12-27T21:21:18.400+0000] {logging_mixin.py:188} INFO - [2025-12-27T21:21:18.400+0000] {dagbag.py:545} INFO - Filling up the DagBag from /usr/local/lib/python3.11/site-packages/airflow/example_dags/tutorial_taskflow_api.py
[2025-12-27T21:21:18.409+0000] {processor.py:840} INFO - DAG(s) 'tutorial_taskflow_api' retrieved from /usr/local/lib/python3.11/site-packages/airflow/example_dags/tutorial_taskflow_api.py
[2025-12-27T21:21:18.439+0000] {logging_mixin.py:188} INFO - [2025-12-27T21:21:18.439+0000] {dag.py:3096} INFO - Sync 1 DAGs
[2025-12-27T21:21:18.456+0000] {logging_mixin.py:188} INFO - [2025-12-27T21:21:18.456+0000] {dag.py:3954} INFO - Setting next_dagrun for tutorial_taskflow_api to None, run_after=None
[2025-12-27T21:21:18.715+0000] {processor.py:183} INFO - Processing /usr/local/lib/python3.11/site-packages/airflow/example_dags/tutorial_taskflow_api.py took 0.347 seconds
[2025-12-27T21:22:55.258+0000] {processor.py:161} INFO - Started process (PID=183) to work on /usr/local/lib/python3.11/site-packages/airflow/example_dags/tutorial_taskflow_api.py
[2025-12-27T21:22:55.259+0000] {processor.py:830} INFO - Processing file /usr/local/lib/python3.11/site-packages/airflow/example_dags/tutorial_taskflow_api.py for tasks to queue
[2025-12-27T21:22:55.262+0000] {logging_mixin.py:188} INFO - [2025-12-27T21:22:55.261+0000] {dagbag.py:545} INFO - Filling up the DagBag from /usr/local/lib/python3.11/site-packages/airflow/example_dags/tutorial_taskflow_api.py
[2025-12-27T21:22:55.270+0000] {processor.py:840} INFO - DAG(s) 'tutorial_taskflow_api' retrieved from /usr/local/lib/python3.11/site-packages/airflow/example_dags/tutorial_taskflow_api.py
[2025-12-27T21:22:55.298+0000] {logging_mixin.py:188} INFO - [2025-12-27T21:22:55.298+0000] {dag.py:3096} INFO - Sync 1 DAGs
[2025-12-27T21:22:55.316+0000] {logging_mixin.py:188} INFO - [2025-12-27T21:22:55.316+0000] {dag.py:3954} INFO - Setting next_dagrun for tutorial_taskflow_api to None, run_after=None
[2025-12-27T21:22:55.558+0000] {processor.py:183} INFO - Processing /usr/local/lib/python3.11/site-packages/airflow/example_dags/tutorial_taskflow_api.py took 0.321 seconds
[2025-12-27T21:24:24.054+0000] {processor.py:161} INFO - Started process (PID=245) to work on /usr/local/lib/python3.11/site-packages/airflow/example_dags/tutorial_taskflow_api.py
[2025-12-27T21:24:24.055+0000] {processor.py:830} INFO - Processing file /usr/local/lib/python3.11/site-packages/airflow/example_dags/tutorial_taskflow_api.py for tasks to queue
[2025-12-27T21:24:24.057+0000] {logging_mixin.py:188} INFO - [2025-12-27T21:24:24.057+0000] {dagbag.py:545} INFO - Filling up the DagBag from /usr/local/lib/python3.11/site-packages/airflow/example_dags/tutorial_taskflow_api.py
[2025-12-27T21:24:24.065+0000] {processor.py:840} INFO - DAG(s) 'tutorial_taskflow_api' retrieved from /usr/local/lib/python3.11/site-packages/airflow/example_dags/tutorial_taskflow_api.py
[2025-12-27T21:24:24.098+0000] {logging_mixin.py:188} INFO - [2025-12-27T21:24:24.097+0000] {dag.py:3096} INFO - Sync 1 DAGs
[2025-12-27T21:24:24.116+0000] {logging_mixin.py:188} INFO - [2025-12-27T21:24:24.116+0000] {dag.py:3954} INFO - Setting next_dagrun for tutorial_taskflow_api to None, run_after=None
[2025-12-27T21:24:24.339+0000] {processor.py:183} INFO - Processing /usr/local/lib/python3.11/site-packages/airflow/example_dags/tutorial_taskflow_api.py took 0.300 seconds
[2025-12-27T21:26:12.450+0000] {processor.py:161} INFO - Started process (PID=309) to work on /usr/local/lib/python3.11/site-packages/airflow/example_dags/tutorial_taskflow_api.py
[2025-12-27T21:26:12.451+0000] {processor.py:830} INFO - Processing file /usr/local/lib/python3.11/site-packages/airflow/example_dags/tutorial_taskflow_api.py for tasks to queue
[2025-12-27T21:26:12.452+0000] {logging_mixin.py:188} INFO - [2025-12-27T21:26:12.452+0000] {dagbag.py:545} INFO - Filling up the DagBag from /usr/local/lib/python3.11/site-packages/airflow/example_dags/tutorial_taskflow_api.py
[2025-12-27T21:26:12.457+0000] {processor.py:840} INFO - DAG(s) 'tutorial_taskflow_api' retrieved from /usr/local/lib/python3.11/site-packages/airflow/example_dags/tutorial_taskflow_api.py
[2025-12-27T21:26:12.488+0000] {logging_mixin.py:188} INFO - [2025-12-27T21:26:12.488+0000] {dag.py:3096} INFO - Sync 1 DAGs
[2025-12-27T21:26:12.508+0000] {logging_mixin.py:188} INFO - [2025-12-27T21:26:12.508+0000] {dag.py:3954} INFO - Setting next_dagrun for tutorial_taskflow_api to None, run_after=None
[2025-12-27T21:26:12.706+0000] {processor.py:183} INFO - Processing /usr/local/lib/python3.11/site-packages/airflow/example_dags/tutorial_taskflow_api.py took 0.415 seconds
[2025-12-27T21:27:41.561+0000] {processor.py:161} INFO - Started process (PID=419) to work on /usr/local/lib/python3.11/site-packages/airflow/example_dags/tutorial_taskflow_api.py
[2025-12-27T21:27:41.563+0000] {processor.py:830} INFO - Processing file /usr/local/lib/python3.11/site-packages/airflow/example_dags/tutorial_taskflow_api.py for tasks to queue
[2025-12-27T21:27:41.566+0000] {logging_mixin.py:188} INFO - [2025-12-27T21:27:41.566+0000] {dagbag.py:545} INFO - Filling up the DagBag from /usr/local/lib/python3.11/site-packages/airflow/example_dags/tutorial_taskflow_api.py
[2025-12-27T21:27:41.579+0000] {processor.py:840} INFO - DAG(s) 'tutorial_taskflow_api' retrieved from /usr/local/lib/python3.11/site-packages/airflow/example_dags/tutorial_taskflow_api.py
[2025-12-27T21:27:41.620+0000] {logging_mixin.py:188} INFO - [2025-12-27T21:27:41.619+0000] {dag.py:3096} INFO - Sync 1 DAGs
[2025-12-27T21:27:41.662+0000] {logging_mixin.py:188} INFO - [2025-12-27T21:27:41.662+0000] {dag.py:3954} INFO - Setting next_dagrun for tutorial_taskflow_api to None, run_after=None
[2025-12-27T21:27:41.994+0000] {processor.py:183} INFO - Processing /usr/local/lib/python3.11/site-packages/airflow/example_dags/tutorial_taskflow_api.py took 0.451 seconds
[2025-12-27T21:29:14.838+0000] {processor.py:161} INFO - Started process (PID=662) to work on /usr/local/lib/python3.11/site-packages/airflow/example_dags/tutorial_taskflow_api.py
[2025-12-27T21:29:14.840+0000] {processor.py:830} INFO - Processing file /usr/local/lib/python3.11/site-packages/airflow/example_dags/tutorial_taskflow_api.py for tasks to queue
[2025-12-27T21:29:14.844+0000] {logging_mixin.py:188} INFO - [2025-12-27T21:29:14.842+0000] {dagbag.py:545} INFO - Filling up the DagBag from /usr/local/lib/python3.11/site-packages/airflow/example_dags/tutorial_taskflow_api.py
[2025-12-27T21:29:14.859+0000] {processor.py:840} INFO - DAG(s) 'tutorial_taskflow_api' retrieved from /usr/local/lib/python3.11/site-packages/airflow/example_dags/tutorial_taskflow_api.py
[2025-12-27T21:29:14.946+0000] {logging_mixin.py:188} INFO - [2025-12-27T21:29:14.946+0000] {dag.py:3096} INFO - Sync 1 DAGs
[2025-12-27T21:29:15.012+0000] {logging_mixin.py:188} INFO - [2025-12-27T21:29:15.012+0000] {dag.py:3954} INFO - Setting next_dagrun for tutorial_taskflow_api to None, run_after=None
[2025-12-27T21:29:15.261+0000] {processor.py:183} INFO - Processing /usr/local/lib/python3.11/site-packages/airflow/example_dags/tutorial_taskflow_api.py took 0.449 seconds
[2025-12-27T21:32:59.881+0000] {processor.py:161} INFO - Started process (PID=60) to work on /usr/local/lib/python3.11/site-packages/airflow/example_dags/tutorial_taskflow_api.py
[2025-12-27T21:32:59.882+0000] {processor.py:830} INFO - Processing file /usr/local/lib/python3.11/site-packages/airflow/example_dags/tutorial_taskflow_api.py for tasks to queue
[2025-12-27T21:32:59.884+0000] {logging_mixin.py:188} INFO - [2025-12-27T21:32:59.884+0000] {dagbag.py:545} INFO - Filling up the DagBag from /usr/local/lib/python3.11/site-packages/airflow/example_dags/tutorial_taskflow_api.py
[2025-12-27T21:32:59.892+0000] {processor.py:840} INFO - DAG(s) 'tutorial_taskflow_api' retrieved from /usr/local/lib/python3.11/site-packages/airflow/example_dags/tutorial_taskflow_api.py
[2025-12-27T21:33:00.072+0000] {logging_mixin.py:188} INFO - [2025-12-27T21:33:00.072+0000] {dag.py:3096} INFO - Sync 1 DAGs
[2025-12-27T21:33:00.089+0000] {logging_mixin.py:188} INFO - [2025-12-27T21:33:00.089+0000] {dag.py:3954} INFO - Setting next_dagrun for tutorial_taskflow_api to None, run_after=None
[2025-12-27T21:33:00.419+0000] {processor.py:183} INFO - Processing /usr/local/lib/python3.11/site-packages/airflow/example_dags/tutorial_taskflow_api.py took 0.552 seconds
