[2025-12-27T13:47:32.788+0000] {processor.py:161} INFO - Started process (PID=84) to work on /usr/local/lib/python3.11/site-packages/airflow/example_dags/plugins/event_listener.py
[2025-12-27T13:47:32.790+0000] {processor.py:830} INFO - Processing file /usr/local/lib/python3.11/site-packages/airflow/example_dags/plugins/event_listener.py for tasks to queue
[2025-12-27T13:47:32.792+0000] {logging_mixin.py:188} INFO - [2025-12-27T13:47:32.792+0000] {dagbag.py:545} INFO - Filling up the DagBag from /usr/local/lib/python3.11/site-packages/airflow/example_dags/plugins/event_listener.py
[2025-12-27T13:47:32.797+0000] {processor.py:842} WARNING - No viable dags retrieved from /usr/local/lib/python3.11/site-packages/airflow/example_dags/plugins/event_listener.py
[2025-12-27T13:47:32.831+0000] {processor.py:183} INFO - Processing /usr/local/lib/python3.11/site-packages/airflow/example_dags/plugins/event_listener.py took 0.061 seconds
[2025-12-27T13:49:11.110+0000] {processor.py:161} INFO - Started process (PID=152) to work on /usr/local/lib/python3.11/site-packages/airflow/example_dags/plugins/event_listener.py
[2025-12-27T13:49:11.112+0000] {processor.py:830} INFO - Processing file /usr/local/lib/python3.11/site-packages/airflow/example_dags/plugins/event_listener.py for tasks to queue
[2025-12-27T13:49:11.115+0000] {logging_mixin.py:188} INFO - [2025-12-27T13:49:11.115+0000] {dagbag.py:545} INFO - Filling up the DagBag from /usr/local/lib/python3.11/site-packages/airflow/example_dags/plugins/event_listener.py
[2025-12-27T13:49:11.118+0000] {processor.py:842} WARNING - No viable dags retrieved from /usr/local/lib/python3.11/site-packages/airflow/example_dags/plugins/event_listener.py
[2025-12-27T13:49:11.148+0000] {processor.py:183} INFO - Processing /usr/local/lib/python3.11/site-packages/airflow/example_dags/plugins/event_listener.py took 0.053 seconds
[2025-12-27T13:50:46.244+0000] {processor.py:161} INFO - Started process (PID=217) to work on /usr/local/lib/python3.11/site-packages/airflow/example_dags/plugins/event_listener.py
[2025-12-27T13:50:46.245+0000] {processor.py:830} INFO - Processing file /usr/local/lib/python3.11/site-packages/airflow/example_dags/plugins/event_listener.py for tasks to queue
[2025-12-27T13:50:46.248+0000] {logging_mixin.py:188} INFO - [2025-12-27T13:50:46.248+0000] {dagbag.py:545} INFO - Filling up the DagBag from /usr/local/lib/python3.11/site-packages/airflow/example_dags/plugins/event_listener.py
[2025-12-27T13:50:46.251+0000] {processor.py:842} WARNING - No viable dags retrieved from /usr/local/lib/python3.11/site-packages/airflow/example_dags/plugins/event_listener.py
[2025-12-27T13:50:46.277+0000] {processor.py:183} INFO - Processing /usr/local/lib/python3.11/site-packages/airflow/example_dags/plugins/event_listener.py took 0.050 seconds
[2025-12-27T13:52:10.061+0000] {processor.py:161} INFO - Started process (PID=278) to work on /usr/local/lib/python3.11/site-packages/airflow/example_dags/plugins/event_listener.py
[2025-12-27T13:52:10.062+0000] {processor.py:830} INFO - Processing file /usr/local/lib/python3.11/site-packages/airflow/example_dags/plugins/event_listener.py for tasks to queue
[2025-12-27T13:52:10.065+0000] {logging_mixin.py:188} INFO - [2025-12-27T13:52:10.064+0000] {dagbag.py:545} INFO - Filling up the DagBag from /usr/local/lib/python3.11/site-packages/airflow/example_dags/plugins/event_listener.py
[2025-12-27T13:52:10.070+0000] {processor.py:842} WARNING - No viable dags retrieved from /usr/local/lib/python3.11/site-packages/airflow/example_dags/plugins/event_listener.py
[2025-12-27T13:52:10.104+0000] {processor.py:183} INFO - Processing /usr/local/lib/python3.11/site-packages/airflow/example_dags/plugins/event_listener.py took 0.062 seconds
[2025-12-27T13:53:30.536+0000] {processor.py:161} INFO - Started process (PID=337) to work on /usr/local/lib/python3.11/site-packages/airflow/example_dags/plugins/event_listener.py
[2025-12-27T13:53:30.537+0000] {processor.py:830} INFO - Processing file /usr/local/lib/python3.11/site-packages/airflow/example_dags/plugins/event_listener.py for tasks to queue
[2025-12-27T13:53:30.540+0000] {logging_mixin.py:188} INFO - [2025-12-27T13:53:30.539+0000] {dagbag.py:545} INFO - Filling up the DagBag from /usr/local/lib/python3.11/site-packages/airflow/example_dags/plugins/event_listener.py
[2025-12-27T13:53:30.543+0000] {processor.py:842} WARNING - No viable dags retrieved from /usr/local/lib/python3.11/site-packages/airflow/example_dags/plugins/event_listener.py
[2025-12-27T13:53:30.569+0000] {processor.py:183} INFO - Processing /usr/local/lib/python3.11/site-packages/airflow/example_dags/plugins/event_listener.py took 0.046 seconds
[2025-12-27T13:54:55.919+0000] {processor.py:161} INFO - Started process (PID=399) to work on /usr/local/lib/python3.11/site-packages/airflow/example_dags/plugins/event_listener.py
[2025-12-27T13:54:55.920+0000] {processor.py:830} INFO - Processing file /usr/local/lib/python3.11/site-packages/airflow/example_dags/plugins/event_listener.py for tasks to queue
[2025-12-27T13:54:55.922+0000] {logging_mixin.py:188} INFO - [2025-12-27T13:54:55.922+0000] {dagbag.py:545} INFO - Filling up the DagBag from /usr/local/lib/python3.11/site-packages/airflow/example_dags/plugins/event_listener.py
[2025-12-27T13:54:55.925+0000] {processor.py:842} WARNING - No viable dags retrieved from /usr/local/lib/python3.11/site-packages/airflow/example_dags/plugins/event_listener.py
[2025-12-27T13:54:55.954+0000] {processor.py:183} INFO - Processing /usr/local/lib/python3.11/site-packages/airflow/example_dags/plugins/event_listener.py took 0.050 seconds
[2025-12-27T13:56:19.447+0000] {processor.py:161} INFO - Started process (PID=460) to work on /usr/local/lib/python3.11/site-packages/airflow/example_dags/plugins/event_listener.py
[2025-12-27T13:56:19.448+0000] {processor.py:830} INFO - Processing file /usr/local/lib/python3.11/site-packages/airflow/example_dags/plugins/event_listener.py for tasks to queue
[2025-12-27T13:56:19.451+0000] {logging_mixin.py:188} INFO - [2025-12-27T13:56:19.451+0000] {dagbag.py:545} INFO - Filling up the DagBag from /usr/local/lib/python3.11/site-packages/airflow/example_dags/plugins/event_listener.py
[2025-12-27T13:56:19.455+0000] {processor.py:842} WARNING - No viable dags retrieved from /usr/local/lib/python3.11/site-packages/airflow/example_dags/plugins/event_listener.py
[2025-12-27T13:56:19.480+0000] {processor.py:183} INFO - Processing /usr/local/lib/python3.11/site-packages/airflow/example_dags/plugins/event_listener.py took 0.046 seconds
[2025-12-27T13:57:49.967+0000] {processor.py:161} INFO - Started process (PID=522) to work on /usr/local/lib/python3.11/site-packages/airflow/example_dags/plugins/event_listener.py
[2025-12-27T13:57:49.968+0000] {processor.py:830} INFO - Processing file /usr/local/lib/python3.11/site-packages/airflow/example_dags/plugins/event_listener.py for tasks to queue
[2025-12-27T13:57:49.972+0000] {logging_mixin.py:188} INFO - [2025-12-27T13:57:49.971+0000] {dagbag.py:545} INFO - Filling up the DagBag from /usr/local/lib/python3.11/site-packages/airflow/example_dags/plugins/event_listener.py
[2025-12-27T13:57:49.975+0000] {processor.py:842} WARNING - No viable dags retrieved from /usr/local/lib/python3.11/site-packages/airflow/example_dags/plugins/event_listener.py
[2025-12-27T13:57:50.006+0000] {processor.py:183} INFO - Processing /usr/local/lib/python3.11/site-packages/airflow/example_dags/plugins/event_listener.py took 0.056 seconds
[2025-12-27T13:59:12.119+0000] {processor.py:161} INFO - Started process (PID=582) to work on /usr/local/lib/python3.11/site-packages/airflow/example_dags/plugins/event_listener.py
[2025-12-27T13:59:12.121+0000] {processor.py:830} INFO - Processing file /usr/local/lib/python3.11/site-packages/airflow/example_dags/plugins/event_listener.py for tasks to queue
[2025-12-27T13:59:12.124+0000] {logging_mixin.py:188} INFO - [2025-12-27T13:59:12.124+0000] {dagbag.py:545} INFO - Filling up the DagBag from /usr/local/lib/python3.11/site-packages/airflow/example_dags/plugins/event_listener.py
[2025-12-27T13:59:12.128+0000] {processor.py:842} WARNING - No viable dags retrieved from /usr/local/lib/python3.11/site-packages/airflow/example_dags/plugins/event_listener.py
[2025-12-27T13:59:12.156+0000] {processor.py:183} INFO - Processing /usr/local/lib/python3.11/site-packages/airflow/example_dags/plugins/event_listener.py took 0.057 seconds
[2025-12-27T14:00:43.733+0000] {processor.py:161} INFO - Started process (PID=643) to work on /usr/local/lib/python3.11/site-packages/airflow/example_dags/plugins/event_listener.py
[2025-12-27T14:00:43.735+0000] {processor.py:830} INFO - Processing file /usr/local/lib/python3.11/site-packages/airflow/example_dags/plugins/event_listener.py for tasks to queue
[2025-12-27T14:00:43.740+0000] {logging_mixin.py:188} INFO - [2025-12-27T14:00:43.739+0000] {dagbag.py:545} INFO - Filling up the DagBag from /usr/local/lib/python3.11/site-packages/airflow/example_dags/plugins/event_listener.py
[2025-12-27T14:00:43.744+0000] {processor.py:842} WARNING - No viable dags retrieved from /usr/local/lib/python3.11/site-packages/airflow/example_dags/plugins/event_listener.py
[2025-12-27T14:00:43.774+0000] {processor.py:183} INFO - Processing /usr/local/lib/python3.11/site-packages/airflow/example_dags/plugins/event_listener.py took 0.062 seconds
[2025-12-27T14:03:11.219+0000] {processor.py:161} INFO - Started process (PID=722) to work on /usr/local/lib/python3.11/site-packages/airflow/example_dags/plugins/event_listener.py
[2025-12-27T14:03:11.220+0000] {processor.py:830} INFO - Processing file /usr/local/lib/python3.11/site-packages/airflow/example_dags/plugins/event_listener.py for tasks to queue
[2025-12-27T14:03:11.223+0000] {logging_mixin.py:188} INFO - [2025-12-27T14:03:11.222+0000] {dagbag.py:545} INFO - Filling up the DagBag from /usr/local/lib/python3.11/site-packages/airflow/example_dags/plugins/event_listener.py
[2025-12-27T14:03:11.227+0000] {processor.py:842} WARNING - No viable dags retrieved from /usr/local/lib/python3.11/site-packages/airflow/example_dags/plugins/event_listener.py
[2025-12-27T14:03:11.260+0000] {processor.py:183} INFO - Processing /usr/local/lib/python3.11/site-packages/airflow/example_dags/plugins/event_listener.py took 0.059 seconds
[2025-12-27T14:05:00.662+0000] {processor.py:161} INFO - Started process (PID=798) to work on /usr/local/lib/python3.11/site-packages/airflow/example_dags/plugins/event_listener.py
[2025-12-27T14:05:00.663+0000] {processor.py:830} INFO - Processing file /usr/local/lib/python3.11/site-packages/airflow/example_dags/plugins/event_listener.py for tasks to queue
[2025-12-27T14:05:00.666+0000] {logging_mixin.py:188} INFO - [2025-12-27T14:05:00.665+0000] {dagbag.py:545} INFO - Filling up the DagBag from /usr/local/lib/python3.11/site-packages/airflow/example_dags/plugins/event_listener.py
[2025-12-27T14:05:00.669+0000] {processor.py:842} WARNING - No viable dags retrieved from /usr/local/lib/python3.11/site-packages/airflow/example_dags/plugins/event_listener.py
[2025-12-27T14:05:00.695+0000] {processor.py:183} INFO - Processing /usr/local/lib/python3.11/site-packages/airflow/example_dags/plugins/event_listener.py took 0.046 seconds
[2025-12-27T14:06:47.531+0000] {processor.py:161} INFO - Started process (PID=875) to work on /usr/local/lib/python3.11/site-packages/airflow/example_dags/plugins/event_listener.py
[2025-12-27T14:06:47.532+0000] {processor.py:830} INFO - Processing file /usr/local/lib/python3.11/site-packages/airflow/example_dags/plugins/event_listener.py for tasks to queue
[2025-12-27T14:06:47.534+0000] {logging_mixin.py:188} INFO - [2025-12-27T14:06:47.534+0000] {dagbag.py:545} INFO - Filling up the DagBag from /usr/local/lib/python3.11/site-packages/airflow/example_dags/plugins/event_listener.py
[2025-12-27T14:06:47.537+0000] {processor.py:842} WARNING - No viable dags retrieved from /usr/local/lib/python3.11/site-packages/airflow/example_dags/plugins/event_listener.py
[2025-12-27T14:06:47.563+0000] {processor.py:183} INFO - Processing /usr/local/lib/python3.11/site-packages/airflow/example_dags/plugins/event_listener.py took 0.054 seconds
[2025-12-27T14:08:30.926+0000] {processor.py:161} INFO - Started process (PID=939) to work on /usr/local/lib/python3.11/site-packages/airflow/example_dags/plugins/event_listener.py
[2025-12-27T14:08:30.927+0000] {processor.py:830} INFO - Processing file /usr/local/lib/python3.11/site-packages/airflow/example_dags/plugins/event_listener.py for tasks to queue
[2025-12-27T14:08:30.930+0000] {logging_mixin.py:188} INFO - [2025-12-27T14:08:30.929+0000] {dagbag.py:545} INFO - Filling up the DagBag from /usr/local/lib/python3.11/site-packages/airflow/example_dags/plugins/event_listener.py
[2025-12-27T14:08:30.933+0000] {processor.py:842} WARNING - No viable dags retrieved from /usr/local/lib/python3.11/site-packages/airflow/example_dags/plugins/event_listener.py
[2025-12-27T14:08:30.971+0000] {processor.py:183} INFO - Processing /usr/local/lib/python3.11/site-packages/airflow/example_dags/plugins/event_listener.py took 0.061 seconds
[2025-12-27T14:10:07.748+0000] {processor.py:161} INFO - Started process (PID=1003) to work on /usr/local/lib/python3.11/site-packages/airflow/example_dags/plugins/event_listener.py
[2025-12-27T14:10:07.749+0000] {processor.py:830} INFO - Processing file /usr/local/lib/python3.11/site-packages/airflow/example_dags/plugins/event_listener.py for tasks to queue
[2025-12-27T14:10:07.752+0000] {logging_mixin.py:188} INFO - [2025-12-27T14:10:07.751+0000] {dagbag.py:545} INFO - Filling up the DagBag from /usr/local/lib/python3.11/site-packages/airflow/example_dags/plugins/event_listener.py
[2025-12-27T14:10:07.757+0000] {processor.py:842} WARNING - No viable dags retrieved from /usr/local/lib/python3.11/site-packages/airflow/example_dags/plugins/event_listener.py
[2025-12-27T14:10:07.786+0000] {processor.py:183} INFO - Processing /usr/local/lib/python3.11/site-packages/airflow/example_dags/plugins/event_listener.py took 0.057 seconds
[2025-12-27T14:12:16.516+0000] {processor.py:161} INFO - Started process (PID=1075) to work on /usr/local/lib/python3.11/site-packages/airflow/example_dags/plugins/event_listener.py
[2025-12-27T14:12:16.537+0000] {processor.py:830} INFO - Processing file /usr/local/lib/python3.11/site-packages/airflow/example_dags/plugins/event_listener.py for tasks to queue
[2025-12-27T14:12:16.540+0000] {logging_mixin.py:188} INFO - [2025-12-27T14:12:16.540+0000] {dagbag.py:545} INFO - Filling up the DagBag from /usr/local/lib/python3.11/site-packages/airflow/example_dags/plugins/event_listener.py
[2025-12-27T14:12:16.543+0000] {processor.py:842} WARNING - No viable dags retrieved from /usr/local/lib/python3.11/site-packages/airflow/example_dags/plugins/event_listener.py
[2025-12-27T14:12:16.572+0000] {processor.py:183} INFO - Processing /usr/local/lib/python3.11/site-packages/airflow/example_dags/plugins/event_listener.py took 0.075 seconds
[2025-12-27T14:14:16.517+0000] {processor.py:161} INFO - Started process (PID=1145) to work on /usr/local/lib/python3.11/site-packages/airflow/example_dags/plugins/event_listener.py
[2025-12-27T14:14:16.519+0000] {processor.py:830} INFO - Processing file /usr/local/lib/python3.11/site-packages/airflow/example_dags/plugins/event_listener.py for tasks to queue
[2025-12-27T14:14:16.521+0000] {logging_mixin.py:188} INFO - [2025-12-27T14:14:16.521+0000] {dagbag.py:545} INFO - Filling up the DagBag from /usr/local/lib/python3.11/site-packages/airflow/example_dags/plugins/event_listener.py
[2025-12-27T14:14:16.524+0000] {processor.py:842} WARNING - No viable dags retrieved from /usr/local/lib/python3.11/site-packages/airflow/example_dags/plugins/event_listener.py
[2025-12-27T14:14:16.554+0000] {processor.py:183} INFO - Processing /usr/local/lib/python3.11/site-packages/airflow/example_dags/plugins/event_listener.py took 0.052 seconds
[2025-12-27T14:33:13.951+0000] {processor.py:161} INFO - Started process (PID=80) to work on /usr/local/lib/python3.11/site-packages/airflow/example_dags/plugins/event_listener.py
[2025-12-27T14:33:13.953+0000] {processor.py:830} INFO - Processing file /usr/local/lib/python3.11/site-packages/airflow/example_dags/plugins/event_listener.py for tasks to queue
[2025-12-27T14:33:13.956+0000] {logging_mixin.py:188} INFO - [2025-12-27T14:33:13.955+0000] {dagbag.py:545} INFO - Filling up the DagBag from /usr/local/lib/python3.11/site-packages/airflow/example_dags/plugins/event_listener.py
[2025-12-27T14:33:13.960+0000] {processor.py:842} WARNING - No viable dags retrieved from /usr/local/lib/python3.11/site-packages/airflow/example_dags/plugins/event_listener.py
[2025-12-27T14:33:13.984+0000] {processor.py:183} INFO - Processing /usr/local/lib/python3.11/site-packages/airflow/example_dags/plugins/event_listener.py took 0.053 seconds
[2025-12-27T14:35:06.581+0000] {processor.py:161} INFO - Started process (PID=148) to work on /usr/local/lib/python3.11/site-packages/airflow/example_dags/plugins/event_listener.py
[2025-12-27T14:35:06.582+0000] {processor.py:830} INFO - Processing file /usr/local/lib/python3.11/site-packages/airflow/example_dags/plugins/event_listener.py for tasks to queue
[2025-12-27T14:35:06.585+0000] {logging_mixin.py:188} INFO - [2025-12-27T14:35:06.585+0000] {dagbag.py:545} INFO - Filling up the DagBag from /usr/local/lib/python3.11/site-packages/airflow/example_dags/plugins/event_listener.py
[2025-12-27T14:35:06.588+0000] {processor.py:842} WARNING - No viable dags retrieved from /usr/local/lib/python3.11/site-packages/airflow/example_dags/plugins/event_listener.py
[2025-12-27T14:35:06.612+0000] {processor.py:183} INFO - Processing /usr/local/lib/python3.11/site-packages/airflow/example_dags/plugins/event_listener.py took 0.046 seconds
[2025-12-27T14:55:03.817+0000] {processor.py:161} INFO - Started process (PID=84) to work on /usr/local/lib/python3.11/site-packages/airflow/example_dags/plugins/event_listener.py
[2025-12-27T14:55:03.819+0000] {processor.py:830} INFO - Processing file /usr/local/lib/python3.11/site-packages/airflow/example_dags/plugins/event_listener.py for tasks to queue
[2025-12-27T14:55:03.821+0000] {logging_mixin.py:188} INFO - [2025-12-27T14:55:03.821+0000] {dagbag.py:545} INFO - Filling up the DagBag from /usr/local/lib/python3.11/site-packages/airflow/example_dags/plugins/event_listener.py
[2025-12-27T14:55:03.824+0000] {processor.py:842} WARNING - No viable dags retrieved from /usr/local/lib/python3.11/site-packages/airflow/example_dags/plugins/event_listener.py
[2025-12-27T14:55:03.869+0000] {processor.py:183} INFO - Processing /usr/local/lib/python3.11/site-packages/airflow/example_dags/plugins/event_listener.py took 0.064 seconds
[2025-12-27T14:57:01.415+0000] {processor.py:161} INFO - Started process (PID=157) to work on /usr/local/lib/python3.11/site-packages/airflow/example_dags/plugins/event_listener.py
[2025-12-27T14:57:01.417+0000] {processor.py:830} INFO - Processing file /usr/local/lib/python3.11/site-packages/airflow/example_dags/plugins/event_listener.py for tasks to queue
[2025-12-27T14:57:01.420+0000] {logging_mixin.py:188} INFO - [2025-12-27T14:57:01.420+0000] {dagbag.py:545} INFO - Filling up the DagBag from /usr/local/lib/python3.11/site-packages/airflow/example_dags/plugins/event_listener.py
[2025-12-27T14:57:01.426+0000] {processor.py:842} WARNING - No viable dags retrieved from /usr/local/lib/python3.11/site-packages/airflow/example_dags/plugins/event_listener.py
[2025-12-27T14:57:01.469+0000] {processor.py:183} INFO - Processing /usr/local/lib/python3.11/site-packages/airflow/example_dags/plugins/event_listener.py took 0.078 seconds
[2025-12-27T14:59:07.730+0000] {processor.py:161} INFO - Started process (PID=232) to work on /usr/local/lib/python3.11/site-packages/airflow/example_dags/plugins/event_listener.py
[2025-12-27T14:59:07.731+0000] {processor.py:830} INFO - Processing file /usr/local/lib/python3.11/site-packages/airflow/example_dags/plugins/event_listener.py for tasks to queue
[2025-12-27T14:59:07.734+0000] {logging_mixin.py:188} INFO - [2025-12-27T14:59:07.733+0000] {dagbag.py:545} INFO - Filling up the DagBag from /usr/local/lib/python3.11/site-packages/airflow/example_dags/plugins/event_listener.py
[2025-12-27T14:59:07.736+0000] {processor.py:842} WARNING - No viable dags retrieved from /usr/local/lib/python3.11/site-packages/airflow/example_dags/plugins/event_listener.py
[2025-12-27T14:59:07.767+0000] {processor.py:183} INFO - Processing /usr/local/lib/python3.11/site-packages/airflow/example_dags/plugins/event_listener.py took 0.050 seconds
[2025-12-27T15:01:04.085+0000] {processor.py:161} INFO - Started process (PID=311) to work on /usr/local/lib/python3.11/site-packages/airflow/example_dags/plugins/event_listener.py
[2025-12-27T15:01:04.087+0000] {processor.py:830} INFO - Processing file /usr/local/lib/python3.11/site-packages/airflow/example_dags/plugins/event_listener.py for tasks to queue
[2025-12-27T15:01:04.089+0000] {logging_mixin.py:188} INFO - [2025-12-27T15:01:04.089+0000] {dagbag.py:545} INFO - Filling up the DagBag from /usr/local/lib/python3.11/site-packages/airflow/example_dags/plugins/event_listener.py
[2025-12-27T15:01:04.092+0000] {processor.py:842} WARNING - No viable dags retrieved from /usr/local/lib/python3.11/site-packages/airflow/example_dags/plugins/event_listener.py
[2025-12-27T15:01:04.122+0000] {processor.py:183} INFO - Processing /usr/local/lib/python3.11/site-packages/airflow/example_dags/plugins/event_listener.py took 0.052 seconds
[2025-12-27T15:02:59.210+0000] {processor.py:161} INFO - Started process (PID=386) to work on /usr/local/lib/python3.11/site-packages/airflow/example_dags/plugins/event_listener.py
[2025-12-27T15:02:59.212+0000] {processor.py:830} INFO - Processing file /usr/local/lib/python3.11/site-packages/airflow/example_dags/plugins/event_listener.py for tasks to queue
[2025-12-27T15:02:59.215+0000] {logging_mixin.py:188} INFO - [2025-12-27T15:02:59.214+0000] {dagbag.py:545} INFO - Filling up the DagBag from /usr/local/lib/python3.11/site-packages/airflow/example_dags/plugins/event_listener.py
[2025-12-27T15:02:59.219+0000] {processor.py:842} WARNING - No viable dags retrieved from /usr/local/lib/python3.11/site-packages/airflow/example_dags/plugins/event_listener.py
[2025-12-27T15:02:59.270+0000] {processor.py:183} INFO - Processing /usr/local/lib/python3.11/site-packages/airflow/example_dags/plugins/event_listener.py took 0.083 seconds
[2025-12-27T15:04:34.185+0000] {processor.py:161} INFO - Started process (PID=453) to work on /usr/local/lib/python3.11/site-packages/airflow/example_dags/plugins/event_listener.py
[2025-12-27T15:04:34.186+0000] {processor.py:830} INFO - Processing file /usr/local/lib/python3.11/site-packages/airflow/example_dags/plugins/event_listener.py for tasks to queue
[2025-12-27T15:04:34.189+0000] {logging_mixin.py:188} INFO - [2025-12-27T15:04:34.189+0000] {dagbag.py:545} INFO - Filling up the DagBag from /usr/local/lib/python3.11/site-packages/airflow/example_dags/plugins/event_listener.py
[2025-12-27T15:04:34.193+0000] {processor.py:842} WARNING - No viable dags retrieved from /usr/local/lib/python3.11/site-packages/airflow/example_dags/plugins/event_listener.py
[2025-12-27T15:04:34.231+0000] {processor.py:183} INFO - Processing /usr/local/lib/python3.11/site-packages/airflow/example_dags/plugins/event_listener.py took 0.063 seconds
[2025-12-27T15:06:01.527+0000] {processor.py:161} INFO - Started process (PID=514) to work on /usr/local/lib/python3.11/site-packages/airflow/example_dags/plugins/event_listener.py
[2025-12-27T15:06:01.528+0000] {processor.py:830} INFO - Processing file /usr/local/lib/python3.11/site-packages/airflow/example_dags/plugins/event_listener.py for tasks to queue
[2025-12-27T15:06:01.531+0000] {logging_mixin.py:188} INFO - [2025-12-27T15:06:01.530+0000] {dagbag.py:545} INFO - Filling up the DagBag from /usr/local/lib/python3.11/site-packages/airflow/example_dags/plugins/event_listener.py
[2025-12-27T15:06:01.533+0000] {processor.py:842} WARNING - No viable dags retrieved from /usr/local/lib/python3.11/site-packages/airflow/example_dags/plugins/event_listener.py
[2025-12-27T15:06:01.562+0000] {processor.py:183} INFO - Processing /usr/local/lib/python3.11/site-packages/airflow/example_dags/plugins/event_listener.py took 0.048 seconds
[2025-12-27T15:07:32.338+0000] {processor.py:161} INFO - Started process (PID=576) to work on /usr/local/lib/python3.11/site-packages/airflow/example_dags/plugins/event_listener.py
[2025-12-27T15:07:32.339+0000] {processor.py:830} INFO - Processing file /usr/local/lib/python3.11/site-packages/airflow/example_dags/plugins/event_listener.py for tasks to queue
[2025-12-27T15:07:32.342+0000] {logging_mixin.py:188} INFO - [2025-12-27T15:07:32.341+0000] {dagbag.py:545} INFO - Filling up the DagBag from /usr/local/lib/python3.11/site-packages/airflow/example_dags/plugins/event_listener.py
[2025-12-27T15:07:32.344+0000] {processor.py:842} WARNING - No viable dags retrieved from /usr/local/lib/python3.11/site-packages/airflow/example_dags/plugins/event_listener.py
[2025-12-27T15:07:32.371+0000] {processor.py:183} INFO - Processing /usr/local/lib/python3.11/site-packages/airflow/example_dags/plugins/event_listener.py took 0.046 seconds
[2025-12-27T15:09:12.440+0000] {processor.py:161} INFO - Started process (PID=640) to work on /usr/local/lib/python3.11/site-packages/airflow/example_dags/plugins/event_listener.py
[2025-12-27T15:09:12.442+0000] {processor.py:830} INFO - Processing file /usr/local/lib/python3.11/site-packages/airflow/example_dags/plugins/event_listener.py for tasks to queue
[2025-12-27T15:09:12.445+0000] {logging_mixin.py:188} INFO - [2025-12-27T15:09:12.444+0000] {dagbag.py:545} INFO - Filling up the DagBag from /usr/local/lib/python3.11/site-packages/airflow/example_dags/plugins/event_listener.py
[2025-12-27T15:09:12.451+0000] {processor.py:842} WARNING - No viable dags retrieved from /usr/local/lib/python3.11/site-packages/airflow/example_dags/plugins/event_listener.py
[2025-12-27T15:09:12.481+0000] {processor.py:183} INFO - Processing /usr/local/lib/python3.11/site-packages/airflow/example_dags/plugins/event_listener.py took 0.064 seconds
[2025-12-27T15:11:00.988+0000] {processor.py:161} INFO - Started process (PID=708) to work on /usr/local/lib/python3.11/site-packages/airflow/example_dags/plugins/event_listener.py
[2025-12-27T15:11:00.990+0000] {processor.py:830} INFO - Processing file /usr/local/lib/python3.11/site-packages/airflow/example_dags/plugins/event_listener.py for tasks to queue
[2025-12-27T15:11:01.003+0000] {logging_mixin.py:188} INFO - [2025-12-27T15:11:01.002+0000] {dagbag.py:545} INFO - Filling up the DagBag from /usr/local/lib/python3.11/site-packages/airflow/example_dags/plugins/event_listener.py
[2025-12-27T15:11:01.025+0000] {processor.py:842} WARNING - No viable dags retrieved from /usr/local/lib/python3.11/site-packages/airflow/example_dags/plugins/event_listener.py
[2025-12-27T15:11:01.104+0000] {processor.py:183} INFO - Processing /usr/local/lib/python3.11/site-packages/airflow/example_dags/plugins/event_listener.py took 0.150 seconds
[2025-12-27T15:12:40.471+0000] {processor.py:161} INFO - Started process (PID=774) to work on /usr/local/lib/python3.11/site-packages/airflow/example_dags/plugins/event_listener.py
[2025-12-27T15:12:40.472+0000] {processor.py:830} INFO - Processing file /usr/local/lib/python3.11/site-packages/airflow/example_dags/plugins/event_listener.py for tasks to queue
[2025-12-27T15:12:40.475+0000] {logging_mixin.py:188} INFO - [2025-12-27T15:12:40.474+0000] {dagbag.py:545} INFO - Filling up the DagBag from /usr/local/lib/python3.11/site-packages/airflow/example_dags/plugins/event_listener.py
[2025-12-27T15:12:40.477+0000] {processor.py:842} WARNING - No viable dags retrieved from /usr/local/lib/python3.11/site-packages/airflow/example_dags/plugins/event_listener.py
[2025-12-27T15:12:40.503+0000] {processor.py:183} INFO - Processing /usr/local/lib/python3.11/site-packages/airflow/example_dags/plugins/event_listener.py took 0.045 seconds
[2025-12-27T15:14:18.000+0000] {processor.py:161} INFO - Started process (PID=838) to work on /usr/local/lib/python3.11/site-packages/airflow/example_dags/plugins/event_listener.py
[2025-12-27T15:14:18.002+0000] {processor.py:830} INFO - Processing file /usr/local/lib/python3.11/site-packages/airflow/example_dags/plugins/event_listener.py for tasks to queue
[2025-12-27T15:14:18.005+0000] {logging_mixin.py:188} INFO - [2025-12-27T15:14:18.005+0000] {dagbag.py:545} INFO - Filling up the DagBag from /usr/local/lib/python3.11/site-packages/airflow/example_dags/plugins/event_listener.py
[2025-12-27T15:14:18.009+0000] {processor.py:842} WARNING - No viable dags retrieved from /usr/local/lib/python3.11/site-packages/airflow/example_dags/plugins/event_listener.py
[2025-12-27T15:14:18.054+0000] {processor.py:183} INFO - Processing /usr/local/lib/python3.11/site-packages/airflow/example_dags/plugins/event_listener.py took 0.073 seconds
[2025-12-27T15:16:02.084+0000] {processor.py:161} INFO - Started process (PID=905) to work on /usr/local/lib/python3.11/site-packages/airflow/example_dags/plugins/event_listener.py
[2025-12-27T15:16:02.086+0000] {processor.py:830} INFO - Processing file /usr/local/lib/python3.11/site-packages/airflow/example_dags/plugins/event_listener.py for tasks to queue
[2025-12-27T15:16:02.099+0000] {logging_mixin.py:188} INFO - [2025-12-27T15:16:02.099+0000] {dagbag.py:545} INFO - Filling up the DagBag from /usr/local/lib/python3.11/site-packages/airflow/example_dags/plugins/event_listener.py
[2025-12-27T15:16:02.104+0000] {processor.py:842} WARNING - No viable dags retrieved from /usr/local/lib/python3.11/site-packages/airflow/example_dags/plugins/event_listener.py
[2025-12-27T15:16:02.164+0000] {processor.py:183} INFO - Processing /usr/local/lib/python3.11/site-packages/airflow/example_dags/plugins/event_listener.py took 0.130 seconds
[2025-12-27T15:17:50.436+0000] {processor.py:161} INFO - Started process (PID=969) to work on /usr/local/lib/python3.11/site-packages/airflow/example_dags/plugins/event_listener.py
[2025-12-27T15:17:50.438+0000] {processor.py:830} INFO - Processing file /usr/local/lib/python3.11/site-packages/airflow/example_dags/plugins/event_listener.py for tasks to queue
[2025-12-27T15:17:50.442+0000] {logging_mixin.py:188} INFO - [2025-12-27T15:17:50.442+0000] {dagbag.py:545} INFO - Filling up the DagBag from /usr/local/lib/python3.11/site-packages/airflow/example_dags/plugins/event_listener.py
[2025-12-27T15:17:50.447+0000] {processor.py:842} WARNING - No viable dags retrieved from /usr/local/lib/python3.11/site-packages/airflow/example_dags/plugins/event_listener.py
[2025-12-27T15:17:50.494+0000] {processor.py:183} INFO - Processing /usr/local/lib/python3.11/site-packages/airflow/example_dags/plugins/event_listener.py took 0.076 seconds
[2025-12-27T15:19:35.887+0000] {processor.py:161} INFO - Started process (PID=1036) to work on /usr/local/lib/python3.11/site-packages/airflow/example_dags/plugins/event_listener.py
[2025-12-27T15:19:35.889+0000] {processor.py:830} INFO - Processing file /usr/local/lib/python3.11/site-packages/airflow/example_dags/plugins/event_listener.py for tasks to queue
[2025-12-27T15:19:35.892+0000] {logging_mixin.py:188} INFO - [2025-12-27T15:19:35.891+0000] {dagbag.py:545} INFO - Filling up the DagBag from /usr/local/lib/python3.11/site-packages/airflow/example_dags/plugins/event_listener.py
[2025-12-27T15:19:35.896+0000] {processor.py:842} WARNING - No viable dags retrieved from /usr/local/lib/python3.11/site-packages/airflow/example_dags/plugins/event_listener.py
[2025-12-27T15:19:35.923+0000] {processor.py:183} INFO - Processing /usr/local/lib/python3.11/site-packages/airflow/example_dags/plugins/event_listener.py took 0.054 seconds
[2025-12-27T15:32:05.095+0000] {processor.py:161} INFO - Started process (PID=79) to work on /usr/local/lib/python3.11/site-packages/airflow/example_dags/plugins/event_listener.py
[2025-12-27T15:32:05.104+0000] {processor.py:830} INFO - Processing file /usr/local/lib/python3.11/site-packages/airflow/example_dags/plugins/event_listener.py for tasks to queue
[2025-12-27T15:32:05.112+0000] {logging_mixin.py:188} INFO - [2025-12-27T15:32:05.111+0000] {dagbag.py:545} INFO - Filling up the DagBag from /usr/local/lib/python3.11/site-packages/airflow/example_dags/plugins/event_listener.py
[2025-12-27T15:32:05.126+0000] {processor.py:842} WARNING - No viable dags retrieved from /usr/local/lib/python3.11/site-packages/airflow/example_dags/plugins/event_listener.py
[2025-12-27T15:32:05.202+0000] {processor.py:183} INFO - Processing /usr/local/lib/python3.11/site-packages/airflow/example_dags/plugins/event_listener.py took 0.172 seconds
[2025-12-27T15:33:56.493+0000] {processor.py:161} INFO - Started process (PID=151) to work on /usr/local/lib/python3.11/site-packages/airflow/example_dags/plugins/event_listener.py
[2025-12-27T15:33:56.495+0000] {processor.py:830} INFO - Processing file /usr/local/lib/python3.11/site-packages/airflow/example_dags/plugins/event_listener.py for tasks to queue
[2025-12-27T15:33:56.497+0000] {logging_mixin.py:188} INFO - [2025-12-27T15:33:56.497+0000] {dagbag.py:545} INFO - Filling up the DagBag from /usr/local/lib/python3.11/site-packages/airflow/example_dags/plugins/event_listener.py
[2025-12-27T15:33:56.502+0000] {processor.py:842} WARNING - No viable dags retrieved from /usr/local/lib/python3.11/site-packages/airflow/example_dags/plugins/event_listener.py
[2025-12-27T15:33:56.530+0000] {processor.py:183} INFO - Processing /usr/local/lib/python3.11/site-packages/airflow/example_dags/plugins/event_listener.py took 0.056 seconds
[2025-12-27T15:35:31.100+0000] {processor.py:161} INFO - Started process (PID=215) to work on /usr/local/lib/python3.11/site-packages/airflow/example_dags/plugins/event_listener.py
[2025-12-27T15:35:31.102+0000] {processor.py:830} INFO - Processing file /usr/local/lib/python3.11/site-packages/airflow/example_dags/plugins/event_listener.py for tasks to queue
[2025-12-27T15:35:31.104+0000] {logging_mixin.py:188} INFO - [2025-12-27T15:35:31.104+0000] {dagbag.py:545} INFO - Filling up the DagBag from /usr/local/lib/python3.11/site-packages/airflow/example_dags/plugins/event_listener.py
[2025-12-27T15:35:31.107+0000] {processor.py:842} WARNING - No viable dags retrieved from /usr/local/lib/python3.11/site-packages/airflow/example_dags/plugins/event_listener.py
[2025-12-27T15:35:31.136+0000] {processor.py:183} INFO - Processing /usr/local/lib/python3.11/site-packages/airflow/example_dags/plugins/event_listener.py took 0.050 seconds
[2025-12-27T15:37:05.801+0000] {processor.py:161} INFO - Started process (PID=278) to work on /usr/local/lib/python3.11/site-packages/airflow/example_dags/plugins/event_listener.py
[2025-12-27T15:37:05.802+0000] {processor.py:830} INFO - Processing file /usr/local/lib/python3.11/site-packages/airflow/example_dags/plugins/event_listener.py for tasks to queue
[2025-12-27T15:37:05.804+0000] {logging_mixin.py:188} INFO - [2025-12-27T15:37:05.804+0000] {dagbag.py:545} INFO - Filling up the DagBag from /usr/local/lib/python3.11/site-packages/airflow/example_dags/plugins/event_listener.py
[2025-12-27T15:37:05.807+0000] {processor.py:842} WARNING - No viable dags retrieved from /usr/local/lib/python3.11/site-packages/airflow/example_dags/plugins/event_listener.py
[2025-12-27T15:37:05.834+0000] {processor.py:183} INFO - Processing /usr/local/lib/python3.11/site-packages/airflow/example_dags/plugins/event_listener.py took 0.047 seconds
[2025-12-27T15:38:36.119+0000] {processor.py:161} INFO - Started process (PID=340) to work on /usr/local/lib/python3.11/site-packages/airflow/example_dags/plugins/event_listener.py
[2025-12-27T15:38:36.120+0000] {processor.py:830} INFO - Processing file /usr/local/lib/python3.11/site-packages/airflow/example_dags/plugins/event_listener.py for tasks to queue
[2025-12-27T15:38:36.122+0000] {logging_mixin.py:188} INFO - [2025-12-27T15:38:36.122+0000] {dagbag.py:545} INFO - Filling up the DagBag from /usr/local/lib/python3.11/site-packages/airflow/example_dags/plugins/event_listener.py
[2025-12-27T15:38:36.127+0000] {processor.py:842} WARNING - No viable dags retrieved from /usr/local/lib/python3.11/site-packages/airflow/example_dags/plugins/event_listener.py
[2025-12-27T15:38:36.162+0000] {processor.py:183} INFO - Processing /usr/local/lib/python3.11/site-packages/airflow/example_dags/plugins/event_listener.py took 0.057 seconds
[2025-12-27T15:40:22.905+0000] {processor.py:161} INFO - Started process (PID=406) to work on /usr/local/lib/python3.11/site-packages/airflow/example_dags/plugins/event_listener.py
[2025-12-27T15:40:22.907+0000] {processor.py:830} INFO - Processing file /usr/local/lib/python3.11/site-packages/airflow/example_dags/plugins/event_listener.py for tasks to queue
[2025-12-27T15:40:22.909+0000] {logging_mixin.py:188} INFO - [2025-12-27T15:40:22.908+0000] {dagbag.py:545} INFO - Filling up the DagBag from /usr/local/lib/python3.11/site-packages/airflow/example_dags/plugins/event_listener.py
[2025-12-27T15:40:22.911+0000] {processor.py:842} WARNING - No viable dags retrieved from /usr/local/lib/python3.11/site-packages/airflow/example_dags/plugins/event_listener.py
[2025-12-27T15:40:22.932+0000] {processor.py:183} INFO - Processing /usr/local/lib/python3.11/site-packages/airflow/example_dags/plugins/event_listener.py took 0.040 seconds
[2025-12-27T15:42:04.052+0000] {processor.py:161} INFO - Started process (PID=471) to work on /usr/local/lib/python3.11/site-packages/airflow/example_dags/plugins/event_listener.py
[2025-12-27T15:42:04.054+0000] {processor.py:830} INFO - Processing file /usr/local/lib/python3.11/site-packages/airflow/example_dags/plugins/event_listener.py for tasks to queue
[2025-12-27T15:42:04.056+0000] {logging_mixin.py:188} INFO - [2025-12-27T15:42:04.055+0000] {dagbag.py:545} INFO - Filling up the DagBag from /usr/local/lib/python3.11/site-packages/airflow/example_dags/plugins/event_listener.py
[2025-12-27T15:42:04.059+0000] {processor.py:842} WARNING - No viable dags retrieved from /usr/local/lib/python3.11/site-packages/airflow/example_dags/plugins/event_listener.py
[2025-12-27T15:42:04.089+0000] {processor.py:183} INFO - Processing /usr/local/lib/python3.11/site-packages/airflow/example_dags/plugins/event_listener.py took 0.051 seconds
[2025-12-27T15:44:51.389+0000] {processor.py:161} INFO - Started process (PID=83) to work on /usr/local/lib/python3.11/site-packages/airflow/example_dags/plugins/event_listener.py
[2025-12-27T15:44:51.390+0000] {processor.py:830} INFO - Processing file /usr/local/lib/python3.11/site-packages/airflow/example_dags/plugins/event_listener.py for tasks to queue
[2025-12-27T15:44:51.393+0000] {logging_mixin.py:188} INFO - [2025-12-27T15:44:51.392+0000] {dagbag.py:545} INFO - Filling up the DagBag from /usr/local/lib/python3.11/site-packages/airflow/example_dags/plugins/event_listener.py
[2025-12-27T15:44:51.395+0000] {processor.py:842} WARNING - No viable dags retrieved from /usr/local/lib/python3.11/site-packages/airflow/example_dags/plugins/event_listener.py
[2025-12-27T15:44:51.422+0000] {processor.py:183} INFO - Processing /usr/local/lib/python3.11/site-packages/airflow/example_dags/plugins/event_listener.py took 0.045 seconds
[2025-12-27T15:46:36.883+0000] {processor.py:161} INFO - Started process (PID=153) to work on /usr/local/lib/python3.11/site-packages/airflow/example_dags/plugins/event_listener.py
[2025-12-27T15:46:36.885+0000] {processor.py:830} INFO - Processing file /usr/local/lib/python3.11/site-packages/airflow/example_dags/plugins/event_listener.py for tasks to queue
[2025-12-27T15:46:36.888+0000] {logging_mixin.py:188} INFO - [2025-12-27T15:46:36.887+0000] {dagbag.py:545} INFO - Filling up the DagBag from /usr/local/lib/python3.11/site-packages/airflow/example_dags/plugins/event_listener.py
[2025-12-27T15:46:36.892+0000] {processor.py:842} WARNING - No viable dags retrieved from /usr/local/lib/python3.11/site-packages/airflow/example_dags/plugins/event_listener.py
[2025-12-27T15:46:36.926+0000] {processor.py:183} INFO - Processing /usr/local/lib/python3.11/site-packages/airflow/example_dags/plugins/event_listener.py took 0.057 seconds
[2025-12-27T15:48:14.449+0000] {processor.py:161} INFO - Started process (PID=249) to work on /usr/local/lib/python3.11/site-packages/airflow/example_dags/plugins/event_listener.py
[2025-12-27T15:48:14.450+0000] {processor.py:830} INFO - Processing file /usr/local/lib/python3.11/site-packages/airflow/example_dags/plugins/event_listener.py for tasks to queue
[2025-12-27T15:48:14.452+0000] {logging_mixin.py:188} INFO - [2025-12-27T15:48:14.452+0000] {dagbag.py:545} INFO - Filling up the DagBag from /usr/local/lib/python3.11/site-packages/airflow/example_dags/plugins/event_listener.py
[2025-12-27T15:48:14.455+0000] {processor.py:842} WARNING - No viable dags retrieved from /usr/local/lib/python3.11/site-packages/airflow/example_dags/plugins/event_listener.py
[2025-12-27T15:48:14.481+0000] {processor.py:183} INFO - Processing /usr/local/lib/python3.11/site-packages/airflow/example_dags/plugins/event_listener.py took 0.045 seconds
[2025-12-27T15:49:43.925+0000] {processor.py:161} INFO - Started process (PID=314) to work on /usr/local/lib/python3.11/site-packages/airflow/example_dags/plugins/event_listener.py
[2025-12-27T15:49:43.927+0000] {processor.py:830} INFO - Processing file /usr/local/lib/python3.11/site-packages/airflow/example_dags/plugins/event_listener.py for tasks to queue
[2025-12-27T15:49:43.929+0000] {logging_mixin.py:188} INFO - [2025-12-27T15:49:43.929+0000] {dagbag.py:545} INFO - Filling up the DagBag from /usr/local/lib/python3.11/site-packages/airflow/example_dags/plugins/event_listener.py
[2025-12-27T15:49:43.933+0000] {processor.py:842} WARNING - No viable dags retrieved from /usr/local/lib/python3.11/site-packages/airflow/example_dags/plugins/event_listener.py
[2025-12-27T15:49:44.172+0000] {processor.py:183} INFO - Processing /usr/local/lib/python3.11/site-packages/airflow/example_dags/plugins/event_listener.py took 0.263 seconds
[2025-12-27T15:51:21.185+0000] {processor.py:161} INFO - Started process (PID=391) to work on /usr/local/lib/python3.11/site-packages/airflow/example_dags/plugins/event_listener.py
[2025-12-27T15:51:21.188+0000] {processor.py:830} INFO - Processing file /usr/local/lib/python3.11/site-packages/airflow/example_dags/plugins/event_listener.py for tasks to queue
[2025-12-27T15:51:21.191+0000] {logging_mixin.py:188} INFO - [2025-12-27T15:51:21.191+0000] {dagbag.py:545} INFO - Filling up the DagBag from /usr/local/lib/python3.11/site-packages/airflow/example_dags/plugins/event_listener.py
[2025-12-27T15:51:21.195+0000] {processor.py:842} WARNING - No viable dags retrieved from /usr/local/lib/python3.11/site-packages/airflow/example_dags/plugins/event_listener.py
[2025-12-27T15:51:21.225+0000] {processor.py:183} INFO - Processing /usr/local/lib/python3.11/site-packages/airflow/example_dags/plugins/event_listener.py took 0.055 seconds
[2025-12-27T15:52:52.654+0000] {processor.py:161} INFO - Started process (PID=471) to work on /usr/local/lib/python3.11/site-packages/airflow/example_dags/plugins/event_listener.py
[2025-12-27T15:52:52.655+0000] {processor.py:830} INFO - Processing file /usr/local/lib/python3.11/site-packages/airflow/example_dags/plugins/event_listener.py for tasks to queue
[2025-12-27T15:52:52.658+0000] {logging_mixin.py:188} INFO - [2025-12-27T15:52:52.657+0000] {dagbag.py:545} INFO - Filling up the DagBag from /usr/local/lib/python3.11/site-packages/airflow/example_dags/plugins/event_listener.py
[2025-12-27T15:52:52.661+0000] {processor.py:842} WARNING - No viable dags retrieved from /usr/local/lib/python3.11/site-packages/airflow/example_dags/plugins/event_listener.py
[2025-12-27T15:52:52.685+0000] {processor.py:183} INFO - Processing /usr/local/lib/python3.11/site-packages/airflow/example_dags/plugins/event_listener.py took 0.049 seconds
[2025-12-27T15:54:25.221+0000] {processor.py:161} INFO - Started process (PID=535) to work on /usr/local/lib/python3.11/site-packages/airflow/example_dags/plugins/event_listener.py
[2025-12-27T15:54:25.223+0000] {processor.py:830} INFO - Processing file /usr/local/lib/python3.11/site-packages/airflow/example_dags/plugins/event_listener.py for tasks to queue
[2025-12-27T15:54:25.226+0000] {logging_mixin.py:188} INFO - [2025-12-27T15:54:25.225+0000] {dagbag.py:545} INFO - Filling up the DagBag from /usr/local/lib/python3.11/site-packages/airflow/example_dags/plugins/event_listener.py
[2025-12-27T15:54:25.231+0000] {processor.py:842} WARNING - No viable dags retrieved from /usr/local/lib/python3.11/site-packages/airflow/example_dags/plugins/event_listener.py
[2025-12-27T15:54:25.263+0000] {processor.py:183} INFO - Processing /usr/local/lib/python3.11/site-packages/airflow/example_dags/plugins/event_listener.py took 0.062 seconds
[2025-12-27T15:55:56.878+0000] {processor.py:161} INFO - Started process (PID=605) to work on /usr/local/lib/python3.11/site-packages/airflow/example_dags/plugins/event_listener.py
[2025-12-27T15:55:56.880+0000] {processor.py:830} INFO - Processing file /usr/local/lib/python3.11/site-packages/airflow/example_dags/plugins/event_listener.py for tasks to queue
[2025-12-27T15:55:56.882+0000] {logging_mixin.py:188} INFO - [2025-12-27T15:55:56.882+0000] {dagbag.py:545} INFO - Filling up the DagBag from /usr/local/lib/python3.11/site-packages/airflow/example_dags/plugins/event_listener.py
[2025-12-27T15:55:56.885+0000] {processor.py:842} WARNING - No viable dags retrieved from /usr/local/lib/python3.11/site-packages/airflow/example_dags/plugins/event_listener.py
[2025-12-27T15:55:56.914+0000] {processor.py:183} INFO - Processing /usr/local/lib/python3.11/site-packages/airflow/example_dags/plugins/event_listener.py took 0.051 seconds
[2025-12-27T15:57:29.992+0000] {processor.py:161} INFO - Started process (PID=673) to work on /usr/local/lib/python3.11/site-packages/airflow/example_dags/plugins/event_listener.py
[2025-12-27T15:57:29.993+0000] {processor.py:830} INFO - Processing file /usr/local/lib/python3.11/site-packages/airflow/example_dags/plugins/event_listener.py for tasks to queue
[2025-12-27T15:57:29.996+0000] {logging_mixin.py:188} INFO - [2025-12-27T15:57:29.995+0000] {dagbag.py:545} INFO - Filling up the DagBag from /usr/local/lib/python3.11/site-packages/airflow/example_dags/plugins/event_listener.py
[2025-12-27T15:57:29.998+0000] {processor.py:842} WARNING - No viable dags retrieved from /usr/local/lib/python3.11/site-packages/airflow/example_dags/plugins/event_listener.py
[2025-12-27T15:57:30.027+0000] {processor.py:183} INFO - Processing /usr/local/lib/python3.11/site-packages/airflow/example_dags/plugins/event_listener.py took 0.050 seconds
[2025-12-27T15:58:59.112+0000] {processor.py:161} INFO - Started process (PID=736) to work on /usr/local/lib/python3.11/site-packages/airflow/example_dags/plugins/event_listener.py
[2025-12-27T15:58:59.114+0000] {processor.py:830} INFO - Processing file /usr/local/lib/python3.11/site-packages/airflow/example_dags/plugins/event_listener.py for tasks to queue
[2025-12-27T15:58:59.117+0000] {logging_mixin.py:188} INFO - [2025-12-27T15:58:59.116+0000] {dagbag.py:545} INFO - Filling up the DagBag from /usr/local/lib/python3.11/site-packages/airflow/example_dags/plugins/event_listener.py
[2025-12-27T15:58:59.121+0000] {processor.py:842} WARNING - No viable dags retrieved from /usr/local/lib/python3.11/site-packages/airflow/example_dags/plugins/event_listener.py
[2025-12-27T15:58:59.153+0000] {processor.py:183} INFO - Processing /usr/local/lib/python3.11/site-packages/airflow/example_dags/plugins/event_listener.py took 0.064 seconds
[2025-12-27T16:00:53.032+0000] {processor.py:161} INFO - Started process (PID=804) to work on /usr/local/lib/python3.11/site-packages/airflow/example_dags/plugins/event_listener.py
[2025-12-27T16:00:53.033+0000] {processor.py:830} INFO - Processing file /usr/local/lib/python3.11/site-packages/airflow/example_dags/plugins/event_listener.py for tasks to queue
[2025-12-27T16:00:53.035+0000] {logging_mixin.py:188} INFO - [2025-12-27T16:00:53.035+0000] {dagbag.py:545} INFO - Filling up the DagBag from /usr/local/lib/python3.11/site-packages/airflow/example_dags/plugins/event_listener.py
[2025-12-27T16:00:53.038+0000] {processor.py:842} WARNING - No viable dags retrieved from /usr/local/lib/python3.11/site-packages/airflow/example_dags/plugins/event_listener.py
[2025-12-27T16:00:53.060+0000] {processor.py:183} INFO - Processing /usr/local/lib/python3.11/site-packages/airflow/example_dags/plugins/event_listener.py took 0.042 seconds
