[2025-12-27T13:47:31.707+0000] {processor.py:161} INFO - Started process (PID=83) to work on /usr/local/lib/python3.11/site-packages/airflow/example_dags/plugins/listener_plugin.py
[2025-12-27T13:47:31.708+0000] {processor.py:830} INFO - Processing file /usr/local/lib/python3.11/site-packages/airflow/example_dags/plugins/listener_plugin.py for tasks to queue
[2025-12-27T13:47:31.710+0000] {logging_mixin.py:188} INFO - [2025-12-27T13:47:31.710+0000] {dagbag.py:545} INFO - Filling up the DagBag from /usr/local/lib/python3.11/site-packages/airflow/example_dags/plugins/listener_plugin.py
[2025-12-27T13:47:31.714+0000] {processor.py:842} WARNING - No viable dags retrieved from /usr/local/lib/python3.11/site-packages/airflow/example_dags/plugins/listener_plugin.py
[2025-12-27T13:47:31.738+0000] {processor.py:183} INFO - Processing /usr/local/lib/python3.11/site-packages/airflow/example_dags/plugins/listener_plugin.py took 0.043 seconds
[2025-12-27T13:49:09.856+0000] {processor.py:161} INFO - Started process (PID=151) to work on /usr/local/lib/python3.11/site-packages/airflow/example_dags/plugins/listener_plugin.py
[2025-12-27T13:49:09.858+0000] {processor.py:830} INFO - Processing file /usr/local/lib/python3.11/site-packages/airflow/example_dags/plugins/listener_plugin.py for tasks to queue
[2025-12-27T13:49:09.861+0000] {logging_mixin.py:188} INFO - [2025-12-27T13:49:09.861+0000] {dagbag.py:545} INFO - Filling up the DagBag from /usr/local/lib/python3.11/site-packages/airflow/example_dags/plugins/listener_plugin.py
[2025-12-27T13:49:09.865+0000] {processor.py:842} WARNING - No viable dags retrieved from /usr/local/lib/python3.11/site-packages/airflow/example_dags/plugins/listener_plugin.py
[2025-12-27T13:49:09.897+0000] {processor.py:183} INFO - Processing /usr/local/lib/python3.11/site-packages/airflow/example_dags/plugins/listener_plugin.py took 0.053 seconds
[2025-12-27T13:50:45.031+0000] {processor.py:161} INFO - Started process (PID=216) to work on /usr/local/lib/python3.11/site-packages/airflow/example_dags/plugins/listener_plugin.py
[2025-12-27T13:50:45.033+0000] {processor.py:830} INFO - Processing file /usr/local/lib/python3.11/site-packages/airflow/example_dags/plugins/listener_plugin.py for tasks to queue
[2025-12-27T13:50:45.035+0000] {logging_mixin.py:188} INFO - [2025-12-27T13:50:45.035+0000] {dagbag.py:545} INFO - Filling up the DagBag from /usr/local/lib/python3.11/site-packages/airflow/example_dags/plugins/listener_plugin.py
[2025-12-27T13:50:45.038+0000] {processor.py:842} WARNING - No viable dags retrieved from /usr/local/lib/python3.11/site-packages/airflow/example_dags/plugins/listener_plugin.py
[2025-12-27T13:50:45.071+0000] {processor.py:183} INFO - Processing /usr/local/lib/python3.11/site-packages/airflow/example_dags/plugins/listener_plugin.py took 0.058 seconds
[2025-12-27T13:52:08.735+0000] {processor.py:161} INFO - Started process (PID=277) to work on /usr/local/lib/python3.11/site-packages/airflow/example_dags/plugins/listener_plugin.py
[2025-12-27T13:52:08.736+0000] {processor.py:830} INFO - Processing file /usr/local/lib/python3.11/site-packages/airflow/example_dags/plugins/listener_plugin.py for tasks to queue
[2025-12-27T13:52:08.739+0000] {logging_mixin.py:188} INFO - [2025-12-27T13:52:08.738+0000] {dagbag.py:545} INFO - Filling up the DagBag from /usr/local/lib/python3.11/site-packages/airflow/example_dags/plugins/listener_plugin.py
[2025-12-27T13:52:08.742+0000] {processor.py:842} WARNING - No viable dags retrieved from /usr/local/lib/python3.11/site-packages/airflow/example_dags/plugins/listener_plugin.py
[2025-12-27T13:52:08.769+0000] {processor.py:183} INFO - Processing /usr/local/lib/python3.11/site-packages/airflow/example_dags/plugins/listener_plugin.py took 0.048 seconds
[2025-12-27T13:53:30.121+0000] {processor.py:161} INFO - Started process (PID=336) to work on /usr/local/lib/python3.11/site-packages/airflow/example_dags/plugins/listener_plugin.py
[2025-12-27T13:53:30.122+0000] {processor.py:830} INFO - Processing file /usr/local/lib/python3.11/site-packages/airflow/example_dags/plugins/listener_plugin.py for tasks to queue
[2025-12-27T13:53:30.125+0000] {logging_mixin.py:188} INFO - [2025-12-27T13:53:30.124+0000] {dagbag.py:545} INFO - Filling up the DagBag from /usr/local/lib/python3.11/site-packages/airflow/example_dags/plugins/listener_plugin.py
[2025-12-27T13:53:30.129+0000] {processor.py:842} WARNING - No viable dags retrieved from /usr/local/lib/python3.11/site-packages/airflow/example_dags/plugins/listener_plugin.py
[2025-12-27T13:53:30.155+0000] {processor.py:183} INFO - Processing /usr/local/lib/python3.11/site-packages/airflow/example_dags/plugins/listener_plugin.py took 0.051 seconds
[2025-12-27T13:54:54.690+0000] {processor.py:161} INFO - Started process (PID=398) to work on /usr/local/lib/python3.11/site-packages/airflow/example_dags/plugins/listener_plugin.py
[2025-12-27T13:54:54.691+0000] {processor.py:830} INFO - Processing file /usr/local/lib/python3.11/site-packages/airflow/example_dags/plugins/listener_plugin.py for tasks to queue
[2025-12-27T13:54:54.693+0000] {logging_mixin.py:188} INFO - [2025-12-27T13:54:54.693+0000] {dagbag.py:545} INFO - Filling up the DagBag from /usr/local/lib/python3.11/site-packages/airflow/example_dags/plugins/listener_plugin.py
[2025-12-27T13:54:54.696+0000] {processor.py:842} WARNING - No viable dags retrieved from /usr/local/lib/python3.11/site-packages/airflow/example_dags/plugins/listener_plugin.py
[2025-12-27T13:54:54.720+0000] {processor.py:183} INFO - Processing /usr/local/lib/python3.11/site-packages/airflow/example_dags/plugins/listener_plugin.py took 0.044 seconds
[2025-12-27T13:56:18.234+0000] {processor.py:161} INFO - Started process (PID=459) to work on /usr/local/lib/python3.11/site-packages/airflow/example_dags/plugins/listener_plugin.py
[2025-12-27T13:56:18.235+0000] {processor.py:830} INFO - Processing file /usr/local/lib/python3.11/site-packages/airflow/example_dags/plugins/listener_plugin.py for tasks to queue
[2025-12-27T13:56:18.237+0000] {logging_mixin.py:188} INFO - [2025-12-27T13:56:18.237+0000] {dagbag.py:545} INFO - Filling up the DagBag from /usr/local/lib/python3.11/site-packages/airflow/example_dags/plugins/listener_plugin.py
[2025-12-27T13:56:18.240+0000] {processor.py:842} WARNING - No viable dags retrieved from /usr/local/lib/python3.11/site-packages/airflow/example_dags/plugins/listener_plugin.py
[2025-12-27T13:56:18.266+0000] {processor.py:183} INFO - Processing /usr/local/lib/python3.11/site-packages/airflow/example_dags/plugins/listener_plugin.py took 0.046 seconds
[2025-12-27T13:57:48.749+0000] {processor.py:161} INFO - Started process (PID=521) to work on /usr/local/lib/python3.11/site-packages/airflow/example_dags/plugins/listener_plugin.py
[2025-12-27T13:57:48.751+0000] {processor.py:830} INFO - Processing file /usr/local/lib/python3.11/site-packages/airflow/example_dags/plugins/listener_plugin.py for tasks to queue
[2025-12-27T13:57:48.754+0000] {logging_mixin.py:188} INFO - [2025-12-27T13:57:48.753+0000] {dagbag.py:545} INFO - Filling up the DagBag from /usr/local/lib/python3.11/site-packages/airflow/example_dags/plugins/listener_plugin.py
[2025-12-27T13:57:48.759+0000] {processor.py:842} WARNING - No viable dags retrieved from /usr/local/lib/python3.11/site-packages/airflow/example_dags/plugins/listener_plugin.py
[2025-12-27T13:57:48.788+0000] {processor.py:183} INFO - Processing /usr/local/lib/python3.11/site-packages/airflow/example_dags/plugins/listener_plugin.py took 0.062 seconds
[2025-12-27T13:59:10.816+0000] {processor.py:161} INFO - Started process (PID=581) to work on /usr/local/lib/python3.11/site-packages/airflow/example_dags/plugins/listener_plugin.py
[2025-12-27T13:59:10.817+0000] {processor.py:830} INFO - Processing file /usr/local/lib/python3.11/site-packages/airflow/example_dags/plugins/listener_plugin.py for tasks to queue
[2025-12-27T13:59:10.819+0000] {logging_mixin.py:188} INFO - [2025-12-27T13:59:10.819+0000] {dagbag.py:545} INFO - Filling up the DagBag from /usr/local/lib/python3.11/site-packages/airflow/example_dags/plugins/listener_plugin.py
[2025-12-27T13:59:10.823+0000] {processor.py:842} WARNING - No viable dags retrieved from /usr/local/lib/python3.11/site-packages/airflow/example_dags/plugins/listener_plugin.py
[2025-12-27T13:59:10.848+0000] {processor.py:183} INFO - Processing /usr/local/lib/python3.11/site-packages/airflow/example_dags/plugins/listener_plugin.py took 0.046 seconds
[2025-12-27T14:00:42.306+0000] {processor.py:161} INFO - Started process (PID=642) to work on /usr/local/lib/python3.11/site-packages/airflow/example_dags/plugins/listener_plugin.py
[2025-12-27T14:00:42.308+0000] {processor.py:830} INFO - Processing file /usr/local/lib/python3.11/site-packages/airflow/example_dags/plugins/listener_plugin.py for tasks to queue
[2025-12-27T14:00:42.311+0000] {logging_mixin.py:188} INFO - [2025-12-27T14:00:42.311+0000] {dagbag.py:545} INFO - Filling up the DagBag from /usr/local/lib/python3.11/site-packages/airflow/example_dags/plugins/listener_plugin.py
[2025-12-27T14:00:42.317+0000] {processor.py:842} WARNING - No viable dags retrieved from /usr/local/lib/python3.11/site-packages/airflow/example_dags/plugins/listener_plugin.py
[2025-12-27T14:00:42.344+0000] {processor.py:183} INFO - Processing /usr/local/lib/python3.11/site-packages/airflow/example_dags/plugins/listener_plugin.py took 0.055 seconds
[2025-12-27T14:03:10.077+0000] {processor.py:161} INFO - Started process (PID=721) to work on /usr/local/lib/python3.11/site-packages/airflow/example_dags/plugins/listener_plugin.py
[2025-12-27T14:03:10.078+0000] {processor.py:830} INFO - Processing file /usr/local/lib/python3.11/site-packages/airflow/example_dags/plugins/listener_plugin.py for tasks to queue
[2025-12-27T14:03:10.080+0000] {logging_mixin.py:188} INFO - [2025-12-27T14:03:10.080+0000] {dagbag.py:545} INFO - Filling up the DagBag from /usr/local/lib/python3.11/site-packages/airflow/example_dags/plugins/listener_plugin.py
[2025-12-27T14:03:10.084+0000] {processor.py:842} WARNING - No viable dags retrieved from /usr/local/lib/python3.11/site-packages/airflow/example_dags/plugins/listener_plugin.py
[2025-12-27T14:03:10.112+0000] {processor.py:183} INFO - Processing /usr/local/lib/python3.11/site-packages/airflow/example_dags/plugins/listener_plugin.py took 0.053 seconds
[2025-12-27T14:04:59.285+0000] {processor.py:161} INFO - Started process (PID=797) to work on /usr/local/lib/python3.11/site-packages/airflow/example_dags/plugins/listener_plugin.py
[2025-12-27T14:04:59.287+0000] {processor.py:830} INFO - Processing file /usr/local/lib/python3.11/site-packages/airflow/example_dags/plugins/listener_plugin.py for tasks to queue
[2025-12-27T14:04:59.290+0000] {logging_mixin.py:188} INFO - [2025-12-27T14:04:59.289+0000] {dagbag.py:545} INFO - Filling up the DagBag from /usr/local/lib/python3.11/site-packages/airflow/example_dags/plugins/listener_plugin.py
[2025-12-27T14:04:59.293+0000] {processor.py:842} WARNING - No viable dags retrieved from /usr/local/lib/python3.11/site-packages/airflow/example_dags/plugins/listener_plugin.py
[2025-12-27T14:04:59.319+0000] {processor.py:183} INFO - Processing /usr/local/lib/python3.11/site-packages/airflow/example_dags/plugins/listener_plugin.py took 0.049 seconds
[2025-12-27T14:06:46.915+0000] {processor.py:161} INFO - Started process (PID=874) to work on /usr/local/lib/python3.11/site-packages/airflow/example_dags/plugins/listener_plugin.py
[2025-12-27T14:06:46.917+0000] {processor.py:830} INFO - Processing file /usr/local/lib/python3.11/site-packages/airflow/example_dags/plugins/listener_plugin.py for tasks to queue
[2025-12-27T14:06:46.923+0000] {logging_mixin.py:188} INFO - [2025-12-27T14:06:46.922+0000] {dagbag.py:545} INFO - Filling up the DagBag from /usr/local/lib/python3.11/site-packages/airflow/example_dags/plugins/listener_plugin.py
[2025-12-27T14:06:46.929+0000] {processor.py:842} WARNING - No viable dags retrieved from /usr/local/lib/python3.11/site-packages/airflow/example_dags/plugins/listener_plugin.py
[2025-12-27T14:06:46.965+0000] {processor.py:183} INFO - Processing /usr/local/lib/python3.11/site-packages/airflow/example_dags/plugins/listener_plugin.py took 0.071 seconds
[2025-12-27T14:08:29.459+0000] {processor.py:161} INFO - Started process (PID=938) to work on /usr/local/lib/python3.11/site-packages/airflow/example_dags/plugins/listener_plugin.py
[2025-12-27T14:08:29.460+0000] {processor.py:830} INFO - Processing file /usr/local/lib/python3.11/site-packages/airflow/example_dags/plugins/listener_plugin.py for tasks to queue
[2025-12-27T14:08:29.462+0000] {logging_mixin.py:188} INFO - [2025-12-27T14:08:29.462+0000] {dagbag.py:545} INFO - Filling up the DagBag from /usr/local/lib/python3.11/site-packages/airflow/example_dags/plugins/listener_plugin.py
[2025-12-27T14:08:29.466+0000] {processor.py:842} WARNING - No viable dags retrieved from /usr/local/lib/python3.11/site-packages/airflow/example_dags/plugins/listener_plugin.py
[2025-12-27T14:08:29.491+0000] {processor.py:183} INFO - Processing /usr/local/lib/python3.11/site-packages/airflow/example_dags/plugins/listener_plugin.py took 0.049 seconds
[2025-12-27T14:10:06.583+0000] {processor.py:161} INFO - Started process (PID=1002) to work on /usr/local/lib/python3.11/site-packages/airflow/example_dags/plugins/listener_plugin.py
[2025-12-27T14:10:06.584+0000] {processor.py:830} INFO - Processing file /usr/local/lib/python3.11/site-packages/airflow/example_dags/plugins/listener_plugin.py for tasks to queue
[2025-12-27T14:10:06.586+0000] {logging_mixin.py:188} INFO - [2025-12-27T14:10:06.585+0000] {dagbag.py:545} INFO - Filling up the DagBag from /usr/local/lib/python3.11/site-packages/airflow/example_dags/plugins/listener_plugin.py
[2025-12-27T14:10:06.591+0000] {processor.py:842} WARNING - No viable dags retrieved from /usr/local/lib/python3.11/site-packages/airflow/example_dags/plugins/listener_plugin.py
[2025-12-27T14:10:06.617+0000] {processor.py:183} INFO - Processing /usr/local/lib/python3.11/site-packages/airflow/example_dags/plugins/listener_plugin.py took 0.051 seconds
[2025-12-27T14:12:15.032+0000] {processor.py:161} INFO - Started process (PID=1074) to work on /usr/local/lib/python3.11/site-packages/airflow/example_dags/plugins/listener_plugin.py
[2025-12-27T14:12:15.045+0000] {processor.py:830} INFO - Processing file /usr/local/lib/python3.11/site-packages/airflow/example_dags/plugins/listener_plugin.py for tasks to queue
[2025-12-27T14:12:15.048+0000] {logging_mixin.py:188} INFO - [2025-12-27T14:12:15.048+0000] {dagbag.py:545} INFO - Filling up the DagBag from /usr/local/lib/python3.11/site-packages/airflow/example_dags/plugins/listener_plugin.py
[2025-12-27T14:12:15.052+0000] {processor.py:842} WARNING - No viable dags retrieved from /usr/local/lib/python3.11/site-packages/airflow/example_dags/plugins/listener_plugin.py
[2025-12-27T14:12:15.278+0000] {processor.py:183} INFO - Processing /usr/local/lib/python3.11/site-packages/airflow/example_dags/plugins/listener_plugin.py took 0.276 seconds
[2025-12-27T14:14:15.292+0000] {processor.py:161} INFO - Started process (PID=1144) to work on /usr/local/lib/python3.11/site-packages/airflow/example_dags/plugins/listener_plugin.py
[2025-12-27T14:14:15.297+0000] {processor.py:830} INFO - Processing file /usr/local/lib/python3.11/site-packages/airflow/example_dags/plugins/listener_plugin.py for tasks to queue
[2025-12-27T14:14:15.300+0000] {logging_mixin.py:188} INFO - [2025-12-27T14:14:15.299+0000] {dagbag.py:545} INFO - Filling up the DagBag from /usr/local/lib/python3.11/site-packages/airflow/example_dags/plugins/listener_plugin.py
[2025-12-27T14:14:15.303+0000] {processor.py:842} WARNING - No viable dags retrieved from /usr/local/lib/python3.11/site-packages/airflow/example_dags/plugins/listener_plugin.py
[2025-12-27T14:14:15.335+0000] {processor.py:183} INFO - Processing /usr/local/lib/python3.11/site-packages/airflow/example_dags/plugins/listener_plugin.py took 0.064 seconds
[2025-12-27T14:33:12.716+0000] {processor.py:161} INFO - Started process (PID=79) to work on /usr/local/lib/python3.11/site-packages/airflow/example_dags/plugins/listener_plugin.py
[2025-12-27T14:33:12.718+0000] {processor.py:830} INFO - Processing file /usr/local/lib/python3.11/site-packages/airflow/example_dags/plugins/listener_plugin.py for tasks to queue
[2025-12-27T14:33:12.721+0000] {logging_mixin.py:188} INFO - [2025-12-27T14:33:12.721+0000] {dagbag.py:545} INFO - Filling up the DagBag from /usr/local/lib/python3.11/site-packages/airflow/example_dags/plugins/listener_plugin.py
[2025-12-27T14:33:12.726+0000] {processor.py:842} WARNING - No viable dags retrieved from /usr/local/lib/python3.11/site-packages/airflow/example_dags/plugins/listener_plugin.py
[2025-12-27T14:33:12.757+0000] {processor.py:183} INFO - Processing /usr/local/lib/python3.11/site-packages/airflow/example_dags/plugins/listener_plugin.py took 0.059 seconds
[2025-12-27T14:35:05.240+0000] {processor.py:161} INFO - Started process (PID=147) to work on /usr/local/lib/python3.11/site-packages/airflow/example_dags/plugins/listener_plugin.py
[2025-12-27T14:35:05.243+0000] {processor.py:830} INFO - Processing file /usr/local/lib/python3.11/site-packages/airflow/example_dags/plugins/listener_plugin.py for tasks to queue
[2025-12-27T14:35:05.246+0000] {logging_mixin.py:188} INFO - [2025-12-27T14:35:05.245+0000] {dagbag.py:545} INFO - Filling up the DagBag from /usr/local/lib/python3.11/site-packages/airflow/example_dags/plugins/listener_plugin.py
[2025-12-27T14:35:05.249+0000] {processor.py:842} WARNING - No viable dags retrieved from /usr/local/lib/python3.11/site-packages/airflow/example_dags/plugins/listener_plugin.py
[2025-12-27T14:35:05.276+0000] {processor.py:183} INFO - Processing /usr/local/lib/python3.11/site-packages/airflow/example_dags/plugins/listener_plugin.py took 0.057 seconds
[2025-12-27T14:55:02.410+0000] {processor.py:161} INFO - Started process (PID=83) to work on /usr/local/lib/python3.11/site-packages/airflow/example_dags/plugins/listener_plugin.py
[2025-12-27T14:55:02.412+0000] {processor.py:830} INFO - Processing file /usr/local/lib/python3.11/site-packages/airflow/example_dags/plugins/listener_plugin.py for tasks to queue
[2025-12-27T14:55:02.416+0000] {logging_mixin.py:188} INFO - [2025-12-27T14:55:02.415+0000] {dagbag.py:545} INFO - Filling up the DagBag from /usr/local/lib/python3.11/site-packages/airflow/example_dags/plugins/listener_plugin.py
[2025-12-27T14:55:02.421+0000] {processor.py:842} WARNING - No viable dags retrieved from /usr/local/lib/python3.11/site-packages/airflow/example_dags/plugins/listener_plugin.py
[2025-12-27T14:55:02.581+0000] {processor.py:183} INFO - Processing /usr/local/lib/python3.11/site-packages/airflow/example_dags/plugins/listener_plugin.py took 0.184 seconds
[2025-12-27T14:57:00.145+0000] {processor.py:161} INFO - Started process (PID=156) to work on /usr/local/lib/python3.11/site-packages/airflow/example_dags/plugins/listener_plugin.py
[2025-12-27T14:57:00.146+0000] {processor.py:830} INFO - Processing file /usr/local/lib/python3.11/site-packages/airflow/example_dags/plugins/listener_plugin.py for tasks to queue
[2025-12-27T14:57:00.148+0000] {logging_mixin.py:188} INFO - [2025-12-27T14:57:00.148+0000] {dagbag.py:545} INFO - Filling up the DagBag from /usr/local/lib/python3.11/site-packages/airflow/example_dags/plugins/listener_plugin.py
[2025-12-27T14:57:00.152+0000] {processor.py:842} WARNING - No viable dags retrieved from /usr/local/lib/python3.11/site-packages/airflow/example_dags/plugins/listener_plugin.py
[2025-12-27T14:57:00.180+0000] {processor.py:183} INFO - Processing /usr/local/lib/python3.11/site-packages/airflow/example_dags/plugins/listener_plugin.py took 0.049 seconds
[2025-12-27T14:59:06.289+0000] {processor.py:161} INFO - Started process (PID=231) to work on /usr/local/lib/python3.11/site-packages/airflow/example_dags/plugins/listener_plugin.py
[2025-12-27T14:59:06.292+0000] {processor.py:830} INFO - Processing file /usr/local/lib/python3.11/site-packages/airflow/example_dags/plugins/listener_plugin.py for tasks to queue
[2025-12-27T14:59:06.307+0000] {logging_mixin.py:188} INFO - [2025-12-27T14:59:06.307+0000] {dagbag.py:545} INFO - Filling up the DagBag from /usr/local/lib/python3.11/site-packages/airflow/example_dags/plugins/listener_plugin.py
[2025-12-27T14:59:06.318+0000] {processor.py:842} WARNING - No viable dags retrieved from /usr/local/lib/python3.11/site-packages/airflow/example_dags/plugins/listener_plugin.py
[2025-12-27T14:59:06.411+0000] {processor.py:183} INFO - Processing /usr/local/lib/python3.11/site-packages/airflow/example_dags/plugins/listener_plugin.py took 0.157 seconds
[2025-12-27T15:01:02.724+0000] {processor.py:161} INFO - Started process (PID=310) to work on /usr/local/lib/python3.11/site-packages/airflow/example_dags/plugins/listener_plugin.py
[2025-12-27T15:01:02.725+0000] {processor.py:830} INFO - Processing file /usr/local/lib/python3.11/site-packages/airflow/example_dags/plugins/listener_plugin.py for tasks to queue
[2025-12-27T15:01:02.728+0000] {logging_mixin.py:188} INFO - [2025-12-27T15:01:02.727+0000] {dagbag.py:545} INFO - Filling up the DagBag from /usr/local/lib/python3.11/site-packages/airflow/example_dags/plugins/listener_plugin.py
[2025-12-27T15:01:02.733+0000] {processor.py:842} WARNING - No viable dags retrieved from /usr/local/lib/python3.11/site-packages/airflow/example_dags/plugins/listener_plugin.py
[2025-12-27T15:01:02.768+0000] {processor.py:183} INFO - Processing /usr/local/lib/python3.11/site-packages/airflow/example_dags/plugins/listener_plugin.py took 0.073 seconds
[2025-12-27T15:02:57.655+0000] {processor.py:161} INFO - Started process (PID=385) to work on /usr/local/lib/python3.11/site-packages/airflow/example_dags/plugins/listener_plugin.py
[2025-12-27T15:02:57.656+0000] {processor.py:830} INFO - Processing file /usr/local/lib/python3.11/site-packages/airflow/example_dags/plugins/listener_plugin.py for tasks to queue
[2025-12-27T15:02:57.659+0000] {logging_mixin.py:188} INFO - [2025-12-27T15:02:57.658+0000] {dagbag.py:545} INFO - Filling up the DagBag from /usr/local/lib/python3.11/site-packages/airflow/example_dags/plugins/listener_plugin.py
[2025-12-27T15:02:57.663+0000] {processor.py:842} WARNING - No viable dags retrieved from /usr/local/lib/python3.11/site-packages/airflow/example_dags/plugins/listener_plugin.py
[2025-12-27T15:02:57.689+0000] {processor.py:183} INFO - Processing /usr/local/lib/python3.11/site-packages/airflow/example_dags/plugins/listener_plugin.py took 0.050 seconds
[2025-12-27T15:04:32.991+0000] {processor.py:161} INFO - Started process (PID=452) to work on /usr/local/lib/python3.11/site-packages/airflow/example_dags/plugins/listener_plugin.py
[2025-12-27T15:04:32.992+0000] {processor.py:830} INFO - Processing file /usr/local/lib/python3.11/site-packages/airflow/example_dags/plugins/listener_plugin.py for tasks to queue
[2025-12-27T15:04:32.994+0000] {logging_mixin.py:188} INFO - [2025-12-27T15:04:32.994+0000] {dagbag.py:545} INFO - Filling up the DagBag from /usr/local/lib/python3.11/site-packages/airflow/example_dags/plugins/listener_plugin.py
[2025-12-27T15:04:33.000+0000] {processor.py:842} WARNING - No viable dags retrieved from /usr/local/lib/python3.11/site-packages/airflow/example_dags/plugins/listener_plugin.py
[2025-12-27T15:04:33.027+0000] {processor.py:183} INFO - Processing /usr/local/lib/python3.11/site-packages/airflow/example_dags/plugins/listener_plugin.py took 0.052 seconds
[2025-12-27T15:06:00.299+0000] {processor.py:161} INFO - Started process (PID=513) to work on /usr/local/lib/python3.11/site-packages/airflow/example_dags/plugins/listener_plugin.py
[2025-12-27T15:06:00.300+0000] {processor.py:830} INFO - Processing file /usr/local/lib/python3.11/site-packages/airflow/example_dags/plugins/listener_plugin.py for tasks to queue
[2025-12-27T15:06:00.303+0000] {logging_mixin.py:188} INFO - [2025-12-27T15:06:00.302+0000] {dagbag.py:545} INFO - Filling up the DagBag from /usr/local/lib/python3.11/site-packages/airflow/example_dags/plugins/listener_plugin.py
[2025-12-27T15:06:00.306+0000] {processor.py:842} WARNING - No viable dags retrieved from /usr/local/lib/python3.11/site-packages/airflow/example_dags/plugins/listener_plugin.py
[2025-12-27T15:06:00.331+0000] {processor.py:183} INFO - Processing /usr/local/lib/python3.11/site-packages/airflow/example_dags/plugins/listener_plugin.py took 0.045 seconds
[2025-12-27T15:07:31.138+0000] {processor.py:161} INFO - Started process (PID=575) to work on /usr/local/lib/python3.11/site-packages/airflow/example_dags/plugins/listener_plugin.py
[2025-12-27T15:07:31.139+0000] {processor.py:830} INFO - Processing file /usr/local/lib/python3.11/site-packages/airflow/example_dags/plugins/listener_plugin.py for tasks to queue
[2025-12-27T15:07:31.141+0000] {logging_mixin.py:188} INFO - [2025-12-27T15:07:31.141+0000] {dagbag.py:545} INFO - Filling up the DagBag from /usr/local/lib/python3.11/site-packages/airflow/example_dags/plugins/listener_plugin.py
[2025-12-27T15:07:31.145+0000] {processor.py:842} WARNING - No viable dags retrieved from /usr/local/lib/python3.11/site-packages/airflow/example_dags/plugins/listener_plugin.py
[2025-12-27T15:07:31.169+0000] {processor.py:183} INFO - Processing /usr/local/lib/python3.11/site-packages/airflow/example_dags/plugins/listener_plugin.py took 0.046 seconds
[2025-12-27T15:09:11.094+0000] {processor.py:161} INFO - Started process (PID=639) to work on /usr/local/lib/python3.11/site-packages/airflow/example_dags/plugins/listener_plugin.py
[2025-12-27T15:09:11.096+0000] {processor.py:830} INFO - Processing file /usr/local/lib/python3.11/site-packages/airflow/example_dags/plugins/listener_plugin.py for tasks to queue
[2025-12-27T15:09:11.105+0000] {logging_mixin.py:188} INFO - [2025-12-27T15:09:11.102+0000] {dagbag.py:545} INFO - Filling up the DagBag from /usr/local/lib/python3.11/site-packages/airflow/example_dags/plugins/listener_plugin.py
[2025-12-27T15:09:11.111+0000] {processor.py:842} WARNING - No viable dags retrieved from /usr/local/lib/python3.11/site-packages/airflow/example_dags/plugins/listener_plugin.py
[2025-12-27T15:09:11.215+0000] {processor.py:183} INFO - Processing /usr/local/lib/python3.11/site-packages/airflow/example_dags/plugins/listener_plugin.py took 0.141 seconds
[2025-12-27T15:10:59.511+0000] {processor.py:161} INFO - Started process (PID=707) to work on /usr/local/lib/python3.11/site-packages/airflow/example_dags/plugins/listener_plugin.py
[2025-12-27T15:10:59.512+0000] {processor.py:830} INFO - Processing file /usr/local/lib/python3.11/site-packages/airflow/example_dags/plugins/listener_plugin.py for tasks to queue
[2025-12-27T15:10:59.531+0000] {logging_mixin.py:188} INFO - [2025-12-27T15:10:59.530+0000] {dagbag.py:545} INFO - Filling up the DagBag from /usr/local/lib/python3.11/site-packages/airflow/example_dags/plugins/listener_plugin.py
[2025-12-27T15:10:59.535+0000] {processor.py:842} WARNING - No viable dags retrieved from /usr/local/lib/python3.11/site-packages/airflow/example_dags/plugins/listener_plugin.py
[2025-12-27T15:10:59.559+0000] {processor.py:183} INFO - Processing /usr/local/lib/python3.11/site-packages/airflow/example_dags/plugins/listener_plugin.py took 0.065 seconds
[2025-12-27T15:12:38.974+0000] {processor.py:161} INFO - Started process (PID=773) to work on /usr/local/lib/python3.11/site-packages/airflow/example_dags/plugins/listener_plugin.py
[2025-12-27T15:12:38.976+0000] {processor.py:830} INFO - Processing file /usr/local/lib/python3.11/site-packages/airflow/example_dags/plugins/listener_plugin.py for tasks to queue
[2025-12-27T15:12:38.989+0000] {logging_mixin.py:188} INFO - [2025-12-27T15:12:38.988+0000] {dagbag.py:545} INFO - Filling up the DagBag from /usr/local/lib/python3.11/site-packages/airflow/example_dags/plugins/listener_plugin.py
[2025-12-27T15:12:39.004+0000] {processor.py:842} WARNING - No viable dags retrieved from /usr/local/lib/python3.11/site-packages/airflow/example_dags/plugins/listener_plugin.py
[2025-12-27T15:12:39.074+0000] {processor.py:183} INFO - Processing /usr/local/lib/python3.11/site-packages/airflow/example_dags/plugins/listener_plugin.py took 0.144 seconds
[2025-12-27T15:14:16.784+0000] {processor.py:161} INFO - Started process (PID=837) to work on /usr/local/lib/python3.11/site-packages/airflow/example_dags/plugins/listener_plugin.py
[2025-12-27T15:14:16.785+0000] {processor.py:830} INFO - Processing file /usr/local/lib/python3.11/site-packages/airflow/example_dags/plugins/listener_plugin.py for tasks to queue
[2025-12-27T15:14:16.788+0000] {logging_mixin.py:188} INFO - [2025-12-27T15:14:16.787+0000] {dagbag.py:545} INFO - Filling up the DagBag from /usr/local/lib/python3.11/site-packages/airflow/example_dags/plugins/listener_plugin.py
[2025-12-27T15:14:16.791+0000] {processor.py:842} WARNING - No viable dags retrieved from /usr/local/lib/python3.11/site-packages/airflow/example_dags/plugins/listener_plugin.py
[2025-12-27T15:14:16.815+0000] {processor.py:183} INFO - Processing /usr/local/lib/python3.11/site-packages/airflow/example_dags/plugins/listener_plugin.py took 0.045 seconds
[2025-12-27T15:16:00.197+0000] {processor.py:161} INFO - Started process (PID=904) to work on /usr/local/lib/python3.11/site-packages/airflow/example_dags/plugins/listener_plugin.py
[2025-12-27T15:16:00.199+0000] {processor.py:830} INFO - Processing file /usr/local/lib/python3.11/site-packages/airflow/example_dags/plugins/listener_plugin.py for tasks to queue
[2025-12-27T15:16:00.202+0000] {logging_mixin.py:188} INFO - [2025-12-27T15:16:00.201+0000] {dagbag.py:545} INFO - Filling up the DagBag from /usr/local/lib/python3.11/site-packages/airflow/example_dags/plugins/listener_plugin.py
[2025-12-27T15:16:00.216+0000] {processor.py:842} WARNING - No viable dags retrieved from /usr/local/lib/python3.11/site-packages/airflow/example_dags/plugins/listener_plugin.py
[2025-12-27T15:16:00.260+0000] {processor.py:183} INFO - Processing /usr/local/lib/python3.11/site-packages/airflow/example_dags/plugins/listener_plugin.py took 0.102 seconds
[2025-12-27T15:17:48.793+0000] {processor.py:161} INFO - Started process (PID=968) to work on /usr/local/lib/python3.11/site-packages/airflow/example_dags/plugins/listener_plugin.py
[2025-12-27T15:17:48.795+0000] {processor.py:830} INFO - Processing file /usr/local/lib/python3.11/site-packages/airflow/example_dags/plugins/listener_plugin.py for tasks to queue
[2025-12-27T15:17:48.798+0000] {logging_mixin.py:188} INFO - [2025-12-27T15:17:48.798+0000] {dagbag.py:545} INFO - Filling up the DagBag from /usr/local/lib/python3.11/site-packages/airflow/example_dags/plugins/listener_plugin.py
[2025-12-27T15:17:48.804+0000] {processor.py:842} WARNING - No viable dags retrieved from /usr/local/lib/python3.11/site-packages/airflow/example_dags/plugins/listener_plugin.py
[2025-12-27T15:17:48.865+0000] {processor.py:183} INFO - Processing /usr/local/lib/python3.11/site-packages/airflow/example_dags/plugins/listener_plugin.py took 0.111 seconds
[2025-12-27T15:19:34.629+0000] {processor.py:161} INFO - Started process (PID=1035) to work on /usr/local/lib/python3.11/site-packages/airflow/example_dags/plugins/listener_plugin.py
[2025-12-27T15:19:34.630+0000] {processor.py:830} INFO - Processing file /usr/local/lib/python3.11/site-packages/airflow/example_dags/plugins/listener_plugin.py for tasks to queue
[2025-12-27T15:19:34.633+0000] {logging_mixin.py:188} INFO - [2025-12-27T15:19:34.632+0000] {dagbag.py:545} INFO - Filling up the DagBag from /usr/local/lib/python3.11/site-packages/airflow/example_dags/plugins/listener_plugin.py
[2025-12-27T15:19:34.636+0000] {processor.py:842} WARNING - No viable dags retrieved from /usr/local/lib/python3.11/site-packages/airflow/example_dags/plugins/listener_plugin.py
[2025-12-27T15:19:34.664+0000] {processor.py:183} INFO - Processing /usr/local/lib/python3.11/site-packages/airflow/example_dags/plugins/listener_plugin.py took 0.049 seconds
[2025-12-27T15:32:03.290+0000] {processor.py:161} INFO - Started process (PID=78) to work on /usr/local/lib/python3.11/site-packages/airflow/example_dags/plugins/listener_plugin.py
[2025-12-27T15:32:03.292+0000] {processor.py:830} INFO - Processing file /usr/local/lib/python3.11/site-packages/airflow/example_dags/plugins/listener_plugin.py for tasks to queue
[2025-12-27T15:32:03.295+0000] {logging_mixin.py:188} INFO - [2025-12-27T15:32:03.295+0000] {dagbag.py:545} INFO - Filling up the DagBag from /usr/local/lib/python3.11/site-packages/airflow/example_dags/plugins/listener_plugin.py
[2025-12-27T15:32:03.299+0000] {processor.py:842} WARNING - No viable dags retrieved from /usr/local/lib/python3.11/site-packages/airflow/example_dags/plugins/listener_plugin.py
[2025-12-27T15:32:03.332+0000] {processor.py:183} INFO - Processing /usr/local/lib/python3.11/site-packages/airflow/example_dags/plugins/listener_plugin.py took 0.059 seconds
[2025-12-27T15:33:55.264+0000] {processor.py:161} INFO - Started process (PID=150) to work on /usr/local/lib/python3.11/site-packages/airflow/example_dags/plugins/listener_plugin.py
[2025-12-27T15:33:55.265+0000] {processor.py:830} INFO - Processing file /usr/local/lib/python3.11/site-packages/airflow/example_dags/plugins/listener_plugin.py for tasks to queue
[2025-12-27T15:33:55.267+0000] {logging_mixin.py:188} INFO - [2025-12-27T15:33:55.267+0000] {dagbag.py:545} INFO - Filling up the DagBag from /usr/local/lib/python3.11/site-packages/airflow/example_dags/plugins/listener_plugin.py
[2025-12-27T15:33:55.271+0000] {processor.py:842} WARNING - No viable dags retrieved from /usr/local/lib/python3.11/site-packages/airflow/example_dags/plugins/listener_plugin.py
[2025-12-27T15:33:55.299+0000] {processor.py:183} INFO - Processing /usr/local/lib/python3.11/site-packages/airflow/example_dags/plugins/listener_plugin.py took 0.048 seconds
[2025-12-27T15:35:29.878+0000] {processor.py:161} INFO - Started process (PID=214) to work on /usr/local/lib/python3.11/site-packages/airflow/example_dags/plugins/listener_plugin.py
[2025-12-27T15:35:29.879+0000] {processor.py:830} INFO - Processing file /usr/local/lib/python3.11/site-packages/airflow/example_dags/plugins/listener_plugin.py for tasks to queue
[2025-12-27T15:35:29.882+0000] {logging_mixin.py:188} INFO - [2025-12-27T15:35:29.881+0000] {dagbag.py:545} INFO - Filling up the DagBag from /usr/local/lib/python3.11/site-packages/airflow/example_dags/plugins/listener_plugin.py
[2025-12-27T15:35:29.885+0000] {processor.py:842} WARNING - No viable dags retrieved from /usr/local/lib/python3.11/site-packages/airflow/example_dags/plugins/listener_plugin.py
[2025-12-27T15:35:29.910+0000] {processor.py:183} INFO - Processing /usr/local/lib/python3.11/site-packages/airflow/example_dags/plugins/listener_plugin.py took 0.046 seconds
[2025-12-27T15:37:04.468+0000] {processor.py:161} INFO - Started process (PID=277) to work on /usr/local/lib/python3.11/site-packages/airflow/example_dags/plugins/listener_plugin.py
[2025-12-27T15:37:04.470+0000] {processor.py:830} INFO - Processing file /usr/local/lib/python3.11/site-packages/airflow/example_dags/plugins/listener_plugin.py for tasks to queue
[2025-12-27T15:37:04.473+0000] {logging_mixin.py:188} INFO - [2025-12-27T15:37:04.472+0000] {dagbag.py:545} INFO - Filling up the DagBag from /usr/local/lib/python3.11/site-packages/airflow/example_dags/plugins/listener_plugin.py
[2025-12-27T15:37:04.478+0000] {processor.py:842} WARNING - No viable dags retrieved from /usr/local/lib/python3.11/site-packages/airflow/example_dags/plugins/listener_plugin.py
[2025-12-27T15:37:04.538+0000] {processor.py:183} INFO - Processing /usr/local/lib/python3.11/site-packages/airflow/example_dags/plugins/listener_plugin.py took 0.094 seconds
[2025-12-27T15:38:34.926+0000] {processor.py:161} INFO - Started process (PID=339) to work on /usr/local/lib/python3.11/site-packages/airflow/example_dags/plugins/listener_plugin.py
[2025-12-27T15:38:34.928+0000] {processor.py:830} INFO - Processing file /usr/local/lib/python3.11/site-packages/airflow/example_dags/plugins/listener_plugin.py for tasks to queue
[2025-12-27T15:38:34.930+0000] {logging_mixin.py:188} INFO - [2025-12-27T15:38:34.930+0000] {dagbag.py:545} INFO - Filling up the DagBag from /usr/local/lib/python3.11/site-packages/airflow/example_dags/plugins/listener_plugin.py
[2025-12-27T15:38:34.934+0000] {processor.py:842} WARNING - No viable dags retrieved from /usr/local/lib/python3.11/site-packages/airflow/example_dags/plugins/listener_plugin.py
[2025-12-27T15:38:34.958+0000] {processor.py:183} INFO - Processing /usr/local/lib/python3.11/site-packages/airflow/example_dags/plugins/listener_plugin.py took 0.052 seconds
[2025-12-27T15:40:21.581+0000] {processor.py:161} INFO - Started process (PID=405) to work on /usr/local/lib/python3.11/site-packages/airflow/example_dags/plugins/listener_plugin.py
[2025-12-27T15:40:21.583+0000] {processor.py:830} INFO - Processing file /usr/local/lib/python3.11/site-packages/airflow/example_dags/plugins/listener_plugin.py for tasks to queue
[2025-12-27T15:40:21.586+0000] {logging_mixin.py:188} INFO - [2025-12-27T15:40:21.585+0000] {dagbag.py:545} INFO - Filling up the DagBag from /usr/local/lib/python3.11/site-packages/airflow/example_dags/plugins/listener_plugin.py
[2025-12-27T15:40:21.592+0000] {processor.py:842} WARNING - No viable dags retrieved from /usr/local/lib/python3.11/site-packages/airflow/example_dags/plugins/listener_plugin.py
[2025-12-27T15:40:21.630+0000] {processor.py:183} INFO - Processing /usr/local/lib/python3.11/site-packages/airflow/example_dags/plugins/listener_plugin.py took 0.080 seconds
[2025-12-27T15:42:02.739+0000] {processor.py:161} INFO - Started process (PID=470) to work on /usr/local/lib/python3.11/site-packages/airflow/example_dags/plugins/listener_plugin.py
[2025-12-27T15:42:02.741+0000] {processor.py:830} INFO - Processing file /usr/local/lib/python3.11/site-packages/airflow/example_dags/plugins/listener_plugin.py for tasks to queue
[2025-12-27T15:42:02.749+0000] {logging_mixin.py:188} INFO - [2025-12-27T15:42:02.745+0000] {dagbag.py:545} INFO - Filling up the DagBag from /usr/local/lib/python3.11/site-packages/airflow/example_dags/plugins/listener_plugin.py
[2025-12-27T15:42:02.754+0000] {processor.py:842} WARNING - No viable dags retrieved from /usr/local/lib/python3.11/site-packages/airflow/example_dags/plugins/listener_plugin.py
[2025-12-27T15:42:02.890+0000] {processor.py:183} INFO - Processing /usr/local/lib/python3.11/site-packages/airflow/example_dags/plugins/listener_plugin.py took 0.169 seconds
[2025-12-27T15:44:50.803+0000] {processor.py:161} INFO - Started process (PID=82) to work on /usr/local/lib/python3.11/site-packages/airflow/example_dags/plugins/listener_plugin.py
[2025-12-27T15:44:50.804+0000] {processor.py:830} INFO - Processing file /usr/local/lib/python3.11/site-packages/airflow/example_dags/plugins/listener_plugin.py for tasks to queue
[2025-12-27T15:44:50.806+0000] {logging_mixin.py:188} INFO - [2025-12-27T15:44:50.806+0000] {dagbag.py:545} INFO - Filling up the DagBag from /usr/local/lib/python3.11/site-packages/airflow/example_dags/plugins/listener_plugin.py
[2025-12-27T15:44:50.810+0000] {processor.py:842} WARNING - No viable dags retrieved from /usr/local/lib/python3.11/site-packages/airflow/example_dags/plugins/listener_plugin.py
[2025-12-27T15:44:50.838+0000] {processor.py:183} INFO - Processing /usr/local/lib/python3.11/site-packages/airflow/example_dags/plugins/listener_plugin.py took 0.048 seconds
[2025-12-27T15:46:35.752+0000] {processor.py:161} INFO - Started process (PID=152) to work on /usr/local/lib/python3.11/site-packages/airflow/example_dags/plugins/listener_plugin.py
[2025-12-27T15:46:35.753+0000] {processor.py:830} INFO - Processing file /usr/local/lib/python3.11/site-packages/airflow/example_dags/plugins/listener_plugin.py for tasks to queue
[2025-12-27T15:46:35.755+0000] {logging_mixin.py:188} INFO - [2025-12-27T15:46:35.755+0000] {dagbag.py:545} INFO - Filling up the DagBag from /usr/local/lib/python3.11/site-packages/airflow/example_dags/plugins/listener_plugin.py
[2025-12-27T15:46:35.759+0000] {processor.py:842} WARNING - No viable dags retrieved from /usr/local/lib/python3.11/site-packages/airflow/example_dags/plugins/listener_plugin.py
[2025-12-27T15:46:35.787+0000] {processor.py:183} INFO - Processing /usr/local/lib/python3.11/site-packages/airflow/example_dags/plugins/listener_plugin.py took 0.051 seconds
[2025-12-27T15:48:13.243+0000] {processor.py:161} INFO - Started process (PID=247) to work on /usr/local/lib/python3.11/site-packages/airflow/example_dags/plugins/listener_plugin.py
[2025-12-27T15:48:13.244+0000] {processor.py:830} INFO - Processing file /usr/local/lib/python3.11/site-packages/airflow/example_dags/plugins/listener_plugin.py for tasks to queue
[2025-12-27T15:48:13.246+0000] {logging_mixin.py:188} INFO - [2025-12-27T15:48:13.246+0000] {dagbag.py:545} INFO - Filling up the DagBag from /usr/local/lib/python3.11/site-packages/airflow/example_dags/plugins/listener_plugin.py
[2025-12-27T15:48:13.250+0000] {processor.py:842} WARNING - No viable dags retrieved from /usr/local/lib/python3.11/site-packages/airflow/example_dags/plugins/listener_plugin.py
[2025-12-27T15:48:13.277+0000] {processor.py:183} INFO - Processing /usr/local/lib/python3.11/site-packages/airflow/example_dags/plugins/listener_plugin.py took 0.047 seconds
[2025-12-27T15:49:42.644+0000] {processor.py:161} INFO - Started process (PID=313) to work on /usr/local/lib/python3.11/site-packages/airflow/example_dags/plugins/listener_plugin.py
[2025-12-27T15:49:42.645+0000] {processor.py:830} INFO - Processing file /usr/local/lib/python3.11/site-packages/airflow/example_dags/plugins/listener_plugin.py for tasks to queue
[2025-12-27T15:49:42.647+0000] {logging_mixin.py:188} INFO - [2025-12-27T15:49:42.647+0000] {dagbag.py:545} INFO - Filling up the DagBag from /usr/local/lib/python3.11/site-packages/airflow/example_dags/plugins/listener_plugin.py
[2025-12-27T15:49:42.651+0000] {processor.py:842} WARNING - No viable dags retrieved from /usr/local/lib/python3.11/site-packages/airflow/example_dags/plugins/listener_plugin.py
[2025-12-27T15:49:42.683+0000] {processor.py:183} INFO - Processing /usr/local/lib/python3.11/site-packages/airflow/example_dags/plugins/listener_plugin.py took 0.053 seconds
[2025-12-27T15:51:19.961+0000] {processor.py:161} INFO - Started process (PID=390) to work on /usr/local/lib/python3.11/site-packages/airflow/example_dags/plugins/listener_plugin.py
[2025-12-27T15:51:19.962+0000] {processor.py:830} INFO - Processing file /usr/local/lib/python3.11/site-packages/airflow/example_dags/plugins/listener_plugin.py for tasks to queue
[2025-12-27T15:51:19.964+0000] {logging_mixin.py:188} INFO - [2025-12-27T15:51:19.963+0000] {dagbag.py:545} INFO - Filling up the DagBag from /usr/local/lib/python3.11/site-packages/airflow/example_dags/plugins/listener_plugin.py
[2025-12-27T15:51:19.967+0000] {processor.py:842} WARNING - No viable dags retrieved from /usr/local/lib/python3.11/site-packages/airflow/example_dags/plugins/listener_plugin.py
[2025-12-27T15:51:19.995+0000] {processor.py:183} INFO - Processing /usr/local/lib/python3.11/site-packages/airflow/example_dags/plugins/listener_plugin.py took 0.050 seconds
[2025-12-27T15:52:51.350+0000] {processor.py:161} INFO - Started process (PID=470) to work on /usr/local/lib/python3.11/site-packages/airflow/example_dags/plugins/listener_plugin.py
[2025-12-27T15:52:51.351+0000] {processor.py:830} INFO - Processing file /usr/local/lib/python3.11/site-packages/airflow/example_dags/plugins/listener_plugin.py for tasks to queue
[2025-12-27T15:52:51.353+0000] {logging_mixin.py:188} INFO - [2025-12-27T15:52:51.353+0000] {dagbag.py:545} INFO - Filling up the DagBag from /usr/local/lib/python3.11/site-packages/airflow/example_dags/plugins/listener_plugin.py
[2025-12-27T15:52:51.357+0000] {processor.py:842} WARNING - No viable dags retrieved from /usr/local/lib/python3.11/site-packages/airflow/example_dags/plugins/listener_plugin.py
[2025-12-27T15:52:51.385+0000] {processor.py:183} INFO - Processing /usr/local/lib/python3.11/site-packages/airflow/example_dags/plugins/listener_plugin.py took 0.049 seconds
[2025-12-27T15:54:23.970+0000] {processor.py:161} INFO - Started process (PID=534) to work on /usr/local/lib/python3.11/site-packages/airflow/example_dags/plugins/listener_plugin.py
[2025-12-27T15:54:23.971+0000] {processor.py:830} INFO - Processing file /usr/local/lib/python3.11/site-packages/airflow/example_dags/plugins/listener_plugin.py for tasks to queue
[2025-12-27T15:54:23.974+0000] {logging_mixin.py:188} INFO - [2025-12-27T15:54:23.973+0000] {dagbag.py:545} INFO - Filling up the DagBag from /usr/local/lib/python3.11/site-packages/airflow/example_dags/plugins/listener_plugin.py
[2025-12-27T15:54:23.979+0000] {processor.py:842} WARNING - No viable dags retrieved from /usr/local/lib/python3.11/site-packages/airflow/example_dags/plugins/listener_plugin.py
[2025-12-27T15:54:24.008+0000] {processor.py:183} INFO - Processing /usr/local/lib/python3.11/site-packages/airflow/example_dags/plugins/listener_plugin.py took 0.056 seconds
[2025-12-27T15:55:55.371+0000] {processor.py:161} INFO - Started process (PID=604) to work on /usr/local/lib/python3.11/site-packages/airflow/example_dags/plugins/listener_plugin.py
[2025-12-27T15:55:55.373+0000] {processor.py:830} INFO - Processing file /usr/local/lib/python3.11/site-packages/airflow/example_dags/plugins/listener_plugin.py for tasks to queue
[2025-12-27T15:55:55.375+0000] {logging_mixin.py:188} INFO - [2025-12-27T15:55:55.375+0000] {dagbag.py:545} INFO - Filling up the DagBag from /usr/local/lib/python3.11/site-packages/airflow/example_dags/plugins/listener_plugin.py
[2025-12-27T15:55:55.380+0000] {processor.py:842} WARNING - No viable dags retrieved from /usr/local/lib/python3.11/site-packages/airflow/example_dags/plugins/listener_plugin.py
[2025-12-27T15:55:55.412+0000] {processor.py:183} INFO - Processing /usr/local/lib/python3.11/site-packages/airflow/example_dags/plugins/listener_plugin.py took 0.057 seconds
[2025-12-27T15:57:28.495+0000] {processor.py:161} INFO - Started process (PID=672) to work on /usr/local/lib/python3.11/site-packages/airflow/example_dags/plugins/listener_plugin.py
[2025-12-27T15:57:28.496+0000] {processor.py:830} INFO - Processing file /usr/local/lib/python3.11/site-packages/airflow/example_dags/plugins/listener_plugin.py for tasks to queue
[2025-12-27T15:57:28.500+0000] {logging_mixin.py:188} INFO - [2025-12-27T15:57:28.499+0000] {dagbag.py:545} INFO - Filling up the DagBag from /usr/local/lib/python3.11/site-packages/airflow/example_dags/plugins/listener_plugin.py
[2025-12-27T15:57:28.503+0000] {processor.py:842} WARNING - No viable dags retrieved from /usr/local/lib/python3.11/site-packages/airflow/example_dags/plugins/listener_plugin.py
[2025-12-27T15:57:28.539+0000] {processor.py:183} INFO - Processing /usr/local/lib/python3.11/site-packages/airflow/example_dags/plugins/listener_plugin.py took 0.065 seconds
[2025-12-27T15:58:57.860+0000] {processor.py:161} INFO - Started process (PID=735) to work on /usr/local/lib/python3.11/site-packages/airflow/example_dags/plugins/listener_plugin.py
[2025-12-27T15:58:57.862+0000] {processor.py:830} INFO - Processing file /usr/local/lib/python3.11/site-packages/airflow/example_dags/plugins/listener_plugin.py for tasks to queue
[2025-12-27T15:58:57.865+0000] {logging_mixin.py:188} INFO - [2025-12-27T15:58:57.864+0000] {dagbag.py:545} INFO - Filling up the DagBag from /usr/local/lib/python3.11/site-packages/airflow/example_dags/plugins/listener_plugin.py
[2025-12-27T15:58:57.868+0000] {processor.py:842} WARNING - No viable dags retrieved from /usr/local/lib/python3.11/site-packages/airflow/example_dags/plugins/listener_plugin.py
[2025-12-27T15:58:57.895+0000] {processor.py:183} INFO - Processing /usr/local/lib/python3.11/site-packages/airflow/example_dags/plugins/listener_plugin.py took 0.054 seconds
[2025-12-27T16:00:51.801+0000] {processor.py:161} INFO - Started process (PID=803) to work on /usr/local/lib/python3.11/site-packages/airflow/example_dags/plugins/listener_plugin.py
[2025-12-27T16:00:51.802+0000] {processor.py:830} INFO - Processing file /usr/local/lib/python3.11/site-packages/airflow/example_dags/plugins/listener_plugin.py for tasks to queue
[2025-12-27T16:00:51.804+0000] {logging_mixin.py:188} INFO - [2025-12-27T16:00:51.803+0000] {dagbag.py:545} INFO - Filling up the DagBag from /usr/local/lib/python3.11/site-packages/airflow/example_dags/plugins/listener_plugin.py
[2025-12-27T16:00:51.808+0000] {processor.py:842} WARNING - No viable dags retrieved from /usr/local/lib/python3.11/site-packages/airflow/example_dags/plugins/listener_plugin.py
[2025-12-27T16:00:51.837+0000] {processor.py:183} INFO - Processing /usr/local/lib/python3.11/site-packages/airflow/example_dags/plugins/listener_plugin.py took 0.050 seconds
[2025-12-27T21:00:56.907+0000] {processor.py:161} INFO - Started process (PID=83) to work on /usr/local/lib/python3.11/site-packages/airflow/example_dags/plugins/listener_plugin.py
[2025-12-27T21:00:56.956+0000] {processor.py:830} INFO - Processing file /usr/local/lib/python3.11/site-packages/airflow/example_dags/plugins/listener_plugin.py for tasks to queue
[2025-12-27T21:00:56.957+0000] {logging_mixin.py:188} INFO - [2025-12-27T21:00:56.957+0000] {dagbag.py:545} INFO - Filling up the DagBag from /usr/local/lib/python3.11/site-packages/airflow/example_dags/plugins/listener_plugin.py
[2025-12-27T21:00:56.961+0000] {processor.py:842} WARNING - No viable dags retrieved from /usr/local/lib/python3.11/site-packages/airflow/example_dags/plugins/listener_plugin.py
[2025-12-27T21:00:56.991+0000] {processor.py:183} INFO - Processing /usr/local/lib/python3.11/site-packages/airflow/example_dags/plugins/listener_plugin.py took 0.097 seconds
[2025-12-27T21:02:23.817+0000] {processor.py:161} INFO - Started process (PID=145) to work on /usr/local/lib/python3.11/site-packages/airflow/example_dags/plugins/listener_plugin.py
[2025-12-27T21:02:23.819+0000] {processor.py:830} INFO - Processing file /usr/local/lib/python3.11/site-packages/airflow/example_dags/plugins/listener_plugin.py for tasks to queue
[2025-12-27T21:02:23.820+0000] {logging_mixin.py:188} INFO - [2025-12-27T21:02:23.820+0000] {dagbag.py:545} INFO - Filling up the DagBag from /usr/local/lib/python3.11/site-packages/airflow/example_dags/plugins/listener_plugin.py
[2025-12-27T21:02:23.823+0000] {processor.py:842} WARNING - No viable dags retrieved from /usr/local/lib/python3.11/site-packages/airflow/example_dags/plugins/listener_plugin.py
[2025-12-27T21:02:23.848+0000] {processor.py:183} INFO - Processing /usr/local/lib/python3.11/site-packages/airflow/example_dags/plugins/listener_plugin.py took 0.045 seconds
[2025-12-27T21:03:49.572+0000] {processor.py:161} INFO - Started process (PID=207) to work on /usr/local/lib/python3.11/site-packages/airflow/example_dags/plugins/listener_plugin.py
[2025-12-27T21:03:49.573+0000] {processor.py:830} INFO - Processing file /usr/local/lib/python3.11/site-packages/airflow/example_dags/plugins/listener_plugin.py for tasks to queue
[2025-12-27T21:03:49.575+0000] {logging_mixin.py:188} INFO - [2025-12-27T21:03:49.574+0000] {dagbag.py:545} INFO - Filling up the DagBag from /usr/local/lib/python3.11/site-packages/airflow/example_dags/plugins/listener_plugin.py
[2025-12-27T21:03:49.578+0000] {processor.py:842} WARNING - No viable dags retrieved from /usr/local/lib/python3.11/site-packages/airflow/example_dags/plugins/listener_plugin.py
[2025-12-27T21:03:49.621+0000] {processor.py:183} INFO - Processing /usr/local/lib/python3.11/site-packages/airflow/example_dags/plugins/listener_plugin.py took 0.070 seconds
[2025-12-27T21:05:27.483+0000] {processor.py:161} INFO - Started process (PID=270) to work on /usr/local/lib/python3.11/site-packages/airflow/example_dags/plugins/listener_plugin.py
[2025-12-27T21:05:27.484+0000] {processor.py:830} INFO - Processing file /usr/local/lib/python3.11/site-packages/airflow/example_dags/plugins/listener_plugin.py for tasks to queue
[2025-12-27T21:05:27.486+0000] {logging_mixin.py:188} INFO - [2025-12-27T21:05:27.486+0000] {dagbag.py:545} INFO - Filling up the DagBag from /usr/local/lib/python3.11/site-packages/airflow/example_dags/plugins/listener_plugin.py
[2025-12-27T21:05:27.489+0000] {processor.py:842} WARNING - No viable dags retrieved from /usr/local/lib/python3.11/site-packages/airflow/example_dags/plugins/listener_plugin.py
[2025-12-27T21:05:27.519+0000] {processor.py:183} INFO - Processing /usr/local/lib/python3.11/site-packages/airflow/example_dags/plugins/listener_plugin.py took 0.051 seconds
[2025-12-27T21:20:27.701+0000] {processor.py:161} INFO - Started process (PID=78) to work on /usr/local/lib/python3.11/site-packages/airflow/example_dags/plugins/listener_plugin.py
[2025-12-27T21:20:27.761+0000] {processor.py:830} INFO - Processing file /usr/local/lib/python3.11/site-packages/airflow/example_dags/plugins/listener_plugin.py for tasks to queue
[2025-12-27T21:20:27.764+0000] {logging_mixin.py:188} INFO - [2025-12-27T21:20:27.763+0000] {dagbag.py:545} INFO - Filling up the DagBag from /usr/local/lib/python3.11/site-packages/airflow/example_dags/plugins/listener_plugin.py
[2025-12-27T21:20:27.767+0000] {processor.py:842} WARNING - No viable dags retrieved from /usr/local/lib/python3.11/site-packages/airflow/example_dags/plugins/listener_plugin.py
[2025-12-27T21:20:27.887+0000] {processor.py:183} INFO - Processing /usr/local/lib/python3.11/site-packages/airflow/example_dags/plugins/listener_plugin.py took 0.206 seconds
[2025-12-27T21:22:08.235+0000] {processor.py:161} INFO - Started process (PID=152) to work on /usr/local/lib/python3.11/site-packages/airflow/example_dags/plugins/listener_plugin.py
[2025-12-27T21:22:08.236+0000] {processor.py:830} INFO - Processing file /usr/local/lib/python3.11/site-packages/airflow/example_dags/plugins/listener_plugin.py for tasks to queue
[2025-12-27T21:22:08.239+0000] {logging_mixin.py:188} INFO - [2025-12-27T21:22:08.238+0000] {dagbag.py:545} INFO - Filling up the DagBag from /usr/local/lib/python3.11/site-packages/airflow/example_dags/plugins/listener_plugin.py
[2025-12-27T21:22:08.242+0000] {processor.py:842} WARNING - No viable dags retrieved from /usr/local/lib/python3.11/site-packages/airflow/example_dags/plugins/listener_plugin.py
[2025-12-27T21:22:08.270+0000] {processor.py:183} INFO - Processing /usr/local/lib/python3.11/site-packages/airflow/example_dags/plugins/listener_plugin.py took 0.053 seconds
[2025-12-27T21:23:41.199+0000] {processor.py:161} INFO - Started process (PID=216) to work on /usr/local/lib/python3.11/site-packages/airflow/example_dags/plugins/listener_plugin.py
[2025-12-27T21:23:41.201+0000] {processor.py:830} INFO - Processing file /usr/local/lib/python3.11/site-packages/airflow/example_dags/plugins/listener_plugin.py for tasks to queue
[2025-12-27T21:23:41.203+0000] {logging_mixin.py:188} INFO - [2025-12-27T21:23:41.203+0000] {dagbag.py:545} INFO - Filling up the DagBag from /usr/local/lib/python3.11/site-packages/airflow/example_dags/plugins/listener_plugin.py
[2025-12-27T21:23:41.207+0000] {processor.py:842} WARNING - No viable dags retrieved from /usr/local/lib/python3.11/site-packages/airflow/example_dags/plugins/listener_plugin.py
[2025-12-27T21:23:41.235+0000] {processor.py:183} INFO - Processing /usr/local/lib/python3.11/site-packages/airflow/example_dags/plugins/listener_plugin.py took 0.051 seconds
[2025-12-27T21:25:19.519+0000] {processor.py:161} INFO - Started process (PID=279) to work on /usr/local/lib/python3.11/site-packages/airflow/example_dags/plugins/listener_plugin.py
[2025-12-27T21:25:19.521+0000] {processor.py:830} INFO - Processing file /usr/local/lib/python3.11/site-packages/airflow/example_dags/plugins/listener_plugin.py for tasks to queue
[2025-12-27T21:25:19.523+0000] {logging_mixin.py:188} INFO - [2025-12-27T21:25:19.523+0000] {dagbag.py:545} INFO - Filling up the DagBag from /usr/local/lib/python3.11/site-packages/airflow/example_dags/plugins/listener_plugin.py
[2025-12-27T21:25:19.527+0000] {processor.py:842} WARNING - No viable dags retrieved from /usr/local/lib/python3.11/site-packages/airflow/example_dags/plugins/listener_plugin.py
[2025-12-27T21:25:19.552+0000] {processor.py:183} INFO - Processing /usr/local/lib/python3.11/site-packages/airflow/example_dags/plugins/listener_plugin.py took 0.049 seconds
[2025-12-27T21:27:02.379+0000] {processor.py:161} INFO - Started process (PID=368) to work on /usr/local/lib/python3.11/site-packages/airflow/example_dags/plugins/listener_plugin.py
[2025-12-27T21:27:02.381+0000] {processor.py:830} INFO - Processing file /usr/local/lib/python3.11/site-packages/airflow/example_dags/plugins/listener_plugin.py for tasks to queue
[2025-12-27T21:27:02.383+0000] {logging_mixin.py:188} INFO - [2025-12-27T21:27:02.382+0000] {dagbag.py:545} INFO - Filling up the DagBag from /usr/local/lib/python3.11/site-packages/airflow/example_dags/plugins/listener_plugin.py
[2025-12-27T21:27:02.386+0000] {processor.py:842} WARNING - No viable dags retrieved from /usr/local/lib/python3.11/site-packages/airflow/example_dags/plugins/listener_plugin.py
[2025-12-27T21:27:02.412+0000] {processor.py:183} INFO - Processing /usr/local/lib/python3.11/site-packages/airflow/example_dags/plugins/listener_plugin.py took 0.054 seconds
[2025-12-27T21:28:32.650+0000] {processor.py:161} INFO - Started process (PID=632) to work on /usr/local/lib/python3.11/site-packages/airflow/example_dags/plugins/listener_plugin.py
[2025-12-27T21:28:32.652+0000] {processor.py:830} INFO - Processing file /usr/local/lib/python3.11/site-packages/airflow/example_dags/plugins/listener_plugin.py for tasks to queue
[2025-12-27T21:28:32.654+0000] {logging_mixin.py:188} INFO - [2025-12-27T21:28:32.654+0000] {dagbag.py:545} INFO - Filling up the DagBag from /usr/local/lib/python3.11/site-packages/airflow/example_dags/plugins/listener_plugin.py
[2025-12-27T21:28:32.657+0000] {processor.py:842} WARNING - No viable dags retrieved from /usr/local/lib/python3.11/site-packages/airflow/example_dags/plugins/listener_plugin.py
[2025-12-27T21:28:32.684+0000] {processor.py:183} INFO - Processing /usr/local/lib/python3.11/site-packages/airflow/example_dags/plugins/listener_plugin.py took 0.050 seconds
[2025-12-27T21:33:30.642+0000] {processor.py:161} INFO - Started process (PID=79) to work on /usr/local/lib/python3.11/site-packages/airflow/example_dags/plugins/listener_plugin.py
[2025-12-27T21:33:30.644+0000] {processor.py:830} INFO - Processing file /usr/local/lib/python3.11/site-packages/airflow/example_dags/plugins/listener_plugin.py for tasks to queue
[2025-12-27T21:33:30.648+0000] {logging_mixin.py:188} INFO - [2025-12-27T21:33:30.647+0000] {dagbag.py:545} INFO - Filling up the DagBag from /usr/local/lib/python3.11/site-packages/airflow/example_dags/plugins/listener_plugin.py
[2025-12-27T21:33:30.652+0000] {processor.py:842} WARNING - No viable dags retrieved from /usr/local/lib/python3.11/site-packages/airflow/example_dags/plugins/listener_plugin.py
[2025-12-27T21:33:30.683+0000] {processor.py:183} INFO - Processing /usr/local/lib/python3.11/site-packages/airflow/example_dags/plugins/listener_plugin.py took 0.058 seconds
