[2025-12-27T13:47:30.149+0000] {processor.py:161} INFO - Started process (PID=82) to work on /usr/local/lib/python3.11/site-packages/airflow/example_dags/plugins/workday.py
[2025-12-27T13:47:30.151+0000] {processor.py:830} INFO - Processing file /usr/local/lib/python3.11/site-packages/airflow/example_dags/plugins/workday.py for tasks to queue
[2025-12-27T13:47:30.153+0000] {logging_mixin.py:188} INFO - [2025-12-27T13:47:30.153+0000] {dagbag.py:545} INFO - Filling up the DagBag from /usr/local/lib/python3.11/site-packages/airflow/example_dags/plugins/workday.py
[2025-12-27T13:47:30.160+0000] {logging_mixin.py:188} INFO - [2025-12-27T13:47:30.160+0000] {workday.py:41} WARNING - Could not import pandas. Holidays will not be considered.
[2025-12-27T13:47:30.161+0000] {processor.py:842} WARNING - No viable dags retrieved from /usr/local/lib/python3.11/site-packages/airflow/example_dags/plugins/workday.py
[2025-12-27T13:47:30.187+0000] {processor.py:183} INFO - Processing /usr/local/lib/python3.11/site-packages/airflow/example_dags/plugins/workday.py took 0.052 seconds
[2025-12-27T13:49:08.449+0000] {processor.py:161} INFO - Started process (PID=150) to work on /usr/local/lib/python3.11/site-packages/airflow/example_dags/plugins/workday.py
[2025-12-27T13:49:08.451+0000] {processor.py:830} INFO - Processing file /usr/local/lib/python3.11/site-packages/airflow/example_dags/plugins/workday.py for tasks to queue
[2025-12-27T13:49:08.453+0000] {logging_mixin.py:188} INFO - [2025-12-27T13:49:08.453+0000] {dagbag.py:545} INFO - Filling up the DagBag from /usr/local/lib/python3.11/site-packages/airflow/example_dags/plugins/workday.py
[2025-12-27T13:49:08.466+0000] {logging_mixin.py:188} INFO - [2025-12-27T13:49:08.466+0000] {workday.py:41} WARNING - Could not import pandas. Holidays will not be considered.
[2025-12-27T13:49:08.467+0000] {processor.py:842} WARNING - No viable dags retrieved from /usr/local/lib/python3.11/site-packages/airflow/example_dags/plugins/workday.py
[2025-12-27T13:49:08.500+0000] {processor.py:183} INFO - Processing /usr/local/lib/python3.11/site-packages/airflow/example_dags/plugins/workday.py took 0.071 seconds
[2025-12-27T13:50:43.601+0000] {processor.py:161} INFO - Started process (PID=215) to work on /usr/local/lib/python3.11/site-packages/airflow/example_dags/plugins/workday.py
[2025-12-27T13:50:43.602+0000] {processor.py:830} INFO - Processing file /usr/local/lib/python3.11/site-packages/airflow/example_dags/plugins/workday.py for tasks to queue
[2025-12-27T13:50:43.606+0000] {logging_mixin.py:188} INFO - [2025-12-27T13:50:43.606+0000] {dagbag.py:545} INFO - Filling up the DagBag from /usr/local/lib/python3.11/site-packages/airflow/example_dags/plugins/workday.py
[2025-12-27T13:50:43.618+0000] {logging_mixin.py:188} INFO - [2025-12-27T13:50:43.618+0000] {workday.py:41} WARNING - Could not import pandas. Holidays will not be considered.
[2025-12-27T13:50:43.619+0000] {processor.py:842} WARNING - No viable dags retrieved from /usr/local/lib/python3.11/site-packages/airflow/example_dags/plugins/workday.py
[2025-12-27T13:50:43.662+0000] {processor.py:183} INFO - Processing /usr/local/lib/python3.11/site-packages/airflow/example_dags/plugins/workday.py took 0.080 seconds
[2025-12-27T13:52:07.368+0000] {processor.py:161} INFO - Started process (PID=276) to work on /usr/local/lib/python3.11/site-packages/airflow/example_dags/plugins/workday.py
[2025-12-27T13:52:07.369+0000] {processor.py:830} INFO - Processing file /usr/local/lib/python3.11/site-packages/airflow/example_dags/plugins/workday.py for tasks to queue
[2025-12-27T13:52:07.373+0000] {logging_mixin.py:188} INFO - [2025-12-27T13:52:07.372+0000] {dagbag.py:545} INFO - Filling up the DagBag from /usr/local/lib/python3.11/site-packages/airflow/example_dags/plugins/workday.py
[2025-12-27T13:52:07.383+0000] {logging_mixin.py:188} INFO - [2025-12-27T13:52:07.383+0000] {workday.py:41} WARNING - Could not import pandas. Holidays will not be considered.
[2025-12-27T13:52:07.384+0000] {processor.py:842} WARNING - No viable dags retrieved from /usr/local/lib/python3.11/site-packages/airflow/example_dags/plugins/workday.py
[2025-12-27T13:52:07.416+0000] {processor.py:183} INFO - Processing /usr/local/lib/python3.11/site-packages/airflow/example_dags/plugins/workday.py took 0.070 seconds
[2025-12-27T13:53:28.925+0000] {processor.py:161} INFO - Started process (PID=335) to work on /usr/local/lib/python3.11/site-packages/airflow/example_dags/plugins/workday.py
[2025-12-27T13:53:28.927+0000] {processor.py:830} INFO - Processing file /usr/local/lib/python3.11/site-packages/airflow/example_dags/plugins/workday.py for tasks to queue
[2025-12-27T13:53:28.930+0000] {logging_mixin.py:188} INFO - [2025-12-27T13:53:28.929+0000] {dagbag.py:545} INFO - Filling up the DagBag from /usr/local/lib/python3.11/site-packages/airflow/example_dags/plugins/workday.py
[2025-12-27T13:53:28.942+0000] {logging_mixin.py:188} INFO - [2025-12-27T13:53:28.941+0000] {workday.py:41} WARNING - Could not import pandas. Holidays will not be considered.
[2025-12-27T13:53:28.943+0000] {processor.py:842} WARNING - No viable dags retrieved from /usr/local/lib/python3.11/site-packages/airflow/example_dags/plugins/workday.py
[2025-12-27T13:53:28.975+0000] {processor.py:183} INFO - Processing /usr/local/lib/python3.11/site-packages/airflow/example_dags/plugins/workday.py took 0.068 seconds
[2025-12-27T13:54:53.295+0000] {processor.py:161} INFO - Started process (PID=397) to work on /usr/local/lib/python3.11/site-packages/airflow/example_dags/plugins/workday.py
[2025-12-27T13:54:53.297+0000] {processor.py:830} INFO - Processing file /usr/local/lib/python3.11/site-packages/airflow/example_dags/plugins/workday.py for tasks to queue
[2025-12-27T13:54:53.299+0000] {logging_mixin.py:188} INFO - [2025-12-27T13:54:53.298+0000] {dagbag.py:545} INFO - Filling up the DagBag from /usr/local/lib/python3.11/site-packages/airflow/example_dags/plugins/workday.py
[2025-12-27T13:54:53.308+0000] {logging_mixin.py:188} INFO - [2025-12-27T13:54:53.308+0000] {workday.py:41} WARNING - Could not import pandas. Holidays will not be considered.
[2025-12-27T13:54:53.309+0000] {processor.py:842} WARNING - No viable dags retrieved from /usr/local/lib/python3.11/site-packages/airflow/example_dags/plugins/workday.py
[2025-12-27T13:54:53.332+0000] {processor.py:183} INFO - Processing /usr/local/lib/python3.11/site-packages/airflow/example_dags/plugins/workday.py took 0.050 seconds
[2025-12-27T13:56:17.942+0000] {processor.py:161} INFO - Started process (PID=458) to work on /usr/local/lib/python3.11/site-packages/airflow/example_dags/plugins/workday.py
[2025-12-27T13:56:17.943+0000] {processor.py:830} INFO - Processing file /usr/local/lib/python3.11/site-packages/airflow/example_dags/plugins/workday.py for tasks to queue
[2025-12-27T13:56:17.945+0000] {logging_mixin.py:188} INFO - [2025-12-27T13:56:17.945+0000] {dagbag.py:545} INFO - Filling up the DagBag from /usr/local/lib/python3.11/site-packages/airflow/example_dags/plugins/workday.py
[2025-12-27T13:56:17.953+0000] {logging_mixin.py:188} INFO - [2025-12-27T13:56:17.953+0000] {workday.py:41} WARNING - Could not import pandas. Holidays will not be considered.
[2025-12-27T13:56:17.954+0000] {processor.py:842} WARNING - No viable dags retrieved from /usr/local/lib/python3.11/site-packages/airflow/example_dags/plugins/workday.py
[2025-12-27T13:56:17.977+0000] {processor.py:183} INFO - Processing /usr/local/lib/python3.11/site-packages/airflow/example_dags/plugins/workday.py took 0.051 seconds
[2025-12-27T13:57:47.793+0000] {processor.py:161} INFO - Started process (PID=520) to work on /usr/local/lib/python3.11/site-packages/airflow/example_dags/plugins/workday.py
[2025-12-27T13:57:47.794+0000] {processor.py:830} INFO - Processing file /usr/local/lib/python3.11/site-packages/airflow/example_dags/plugins/workday.py for tasks to queue
[2025-12-27T13:57:47.797+0000] {logging_mixin.py:188} INFO - [2025-12-27T13:57:47.796+0000] {dagbag.py:545} INFO - Filling up the DagBag from /usr/local/lib/python3.11/site-packages/airflow/example_dags/plugins/workday.py
[2025-12-27T13:57:47.805+0000] {logging_mixin.py:188} INFO - [2025-12-27T13:57:47.805+0000] {workday.py:41} WARNING - Could not import pandas. Holidays will not be considered.
[2025-12-27T13:57:47.806+0000] {processor.py:842} WARNING - No viable dags retrieved from /usr/local/lib/python3.11/site-packages/airflow/example_dags/plugins/workday.py
[2025-12-27T13:57:47.832+0000] {processor.py:183} INFO - Processing /usr/local/lib/python3.11/site-packages/airflow/example_dags/plugins/workday.py took 0.054 seconds
[2025-12-27T13:59:09.345+0000] {processor.py:161} INFO - Started process (PID=580) to work on /usr/local/lib/python3.11/site-packages/airflow/example_dags/plugins/workday.py
[2025-12-27T13:59:09.346+0000] {processor.py:830} INFO - Processing file /usr/local/lib/python3.11/site-packages/airflow/example_dags/plugins/workday.py for tasks to queue
[2025-12-27T13:59:09.349+0000] {logging_mixin.py:188} INFO - [2025-12-27T13:59:09.349+0000] {dagbag.py:545} INFO - Filling up the DagBag from /usr/local/lib/python3.11/site-packages/airflow/example_dags/plugins/workday.py
[2025-12-27T13:59:09.363+0000] {logging_mixin.py:188} INFO - [2025-12-27T13:59:09.363+0000] {workday.py:41} WARNING - Could not import pandas. Holidays will not be considered.
[2025-12-27T13:59:09.365+0000] {processor.py:842} WARNING - No viable dags retrieved from /usr/local/lib/python3.11/site-packages/airflow/example_dags/plugins/workday.py
[2025-12-27T13:59:09.398+0000] {processor.py:183} INFO - Processing /usr/local/lib/python3.11/site-packages/airflow/example_dags/plugins/workday.py took 0.074 seconds
[2025-12-27T14:00:41.577+0000] {processor.py:161} INFO - Started process (PID=641) to work on /usr/local/lib/python3.11/site-packages/airflow/example_dags/plugins/workday.py
[2025-12-27T14:00:41.578+0000] {processor.py:830} INFO - Processing file /usr/local/lib/python3.11/site-packages/airflow/example_dags/plugins/workday.py for tasks to queue
[2025-12-27T14:00:41.581+0000] {logging_mixin.py:188} INFO - [2025-12-27T14:00:41.580+0000] {dagbag.py:545} INFO - Filling up the DagBag from /usr/local/lib/python3.11/site-packages/airflow/example_dags/plugins/workday.py
[2025-12-27T14:00:41.591+0000] {logging_mixin.py:188} INFO - [2025-12-27T14:00:41.591+0000] {workday.py:41} WARNING - Could not import pandas. Holidays will not be considered.
[2025-12-27T14:00:41.592+0000] {processor.py:842} WARNING - No viable dags retrieved from /usr/local/lib/python3.11/site-packages/airflow/example_dags/plugins/workday.py
[2025-12-27T14:00:41.626+0000] {processor.py:183} INFO - Processing /usr/local/lib/python3.11/site-packages/airflow/example_dags/plugins/workday.py took 0.065 seconds
[2025-12-27T14:03:08.629+0000] {processor.py:161} INFO - Started process (PID=720) to work on /usr/local/lib/python3.11/site-packages/airflow/example_dags/plugins/workday.py
[2025-12-27T14:03:08.631+0000] {processor.py:830} INFO - Processing file /usr/local/lib/python3.11/site-packages/airflow/example_dags/plugins/workday.py for tasks to queue
[2025-12-27T14:03:08.634+0000] {logging_mixin.py:188} INFO - [2025-12-27T14:03:08.633+0000] {dagbag.py:545} INFO - Filling up the DagBag from /usr/local/lib/python3.11/site-packages/airflow/example_dags/plugins/workday.py
[2025-12-27T14:03:08.646+0000] {logging_mixin.py:188} INFO - [2025-12-27T14:03:08.646+0000] {workday.py:41} WARNING - Could not import pandas. Holidays will not be considered.
[2025-12-27T14:03:08.647+0000] {processor.py:842} WARNING - No viable dags retrieved from /usr/local/lib/python3.11/site-packages/airflow/example_dags/plugins/workday.py
[2025-12-27T14:03:08.683+0000] {processor.py:183} INFO - Processing /usr/local/lib/python3.11/site-packages/airflow/example_dags/plugins/workday.py took 0.094 seconds
[2025-12-27T14:04:57.929+0000] {processor.py:161} INFO - Started process (PID=796) to work on /usr/local/lib/python3.11/site-packages/airflow/example_dags/plugins/workday.py
[2025-12-27T14:04:57.930+0000] {processor.py:830} INFO - Processing file /usr/local/lib/python3.11/site-packages/airflow/example_dags/plugins/workday.py for tasks to queue
[2025-12-27T14:04:57.933+0000] {logging_mixin.py:188} INFO - [2025-12-27T14:04:57.932+0000] {dagbag.py:545} INFO - Filling up the DagBag from /usr/local/lib/python3.11/site-packages/airflow/example_dags/plugins/workday.py
[2025-12-27T14:04:57.944+0000] {logging_mixin.py:188} INFO - [2025-12-27T14:04:57.944+0000] {workday.py:41} WARNING - Could not import pandas. Holidays will not be considered.
[2025-12-27T14:04:57.945+0000] {processor.py:842} WARNING - No viable dags retrieved from /usr/local/lib/python3.11/site-packages/airflow/example_dags/plugins/workday.py
[2025-12-27T14:04:57.991+0000] {processor.py:183} INFO - Processing /usr/local/lib/python3.11/site-packages/airflow/example_dags/plugins/workday.py took 0.079 seconds
[2025-12-27T14:06:45.699+0000] {processor.py:161} INFO - Started process (PID=873) to work on /usr/local/lib/python3.11/site-packages/airflow/example_dags/plugins/workday.py
[2025-12-27T14:06:45.700+0000] {processor.py:830} INFO - Processing file /usr/local/lib/python3.11/site-packages/airflow/example_dags/plugins/workday.py for tasks to queue
[2025-12-27T14:06:45.702+0000] {logging_mixin.py:188} INFO - [2025-12-27T14:06:45.702+0000] {dagbag.py:545} INFO - Filling up the DagBag from /usr/local/lib/python3.11/site-packages/airflow/example_dags/plugins/workday.py
[2025-12-27T14:06:45.711+0000] {logging_mixin.py:188} INFO - [2025-12-27T14:06:45.711+0000] {workday.py:41} WARNING - Could not import pandas. Holidays will not be considered.
[2025-12-27T14:06:45.712+0000] {processor.py:842} WARNING - No viable dags retrieved from /usr/local/lib/python3.11/site-packages/airflow/example_dags/plugins/workday.py
[2025-12-27T14:06:45.739+0000] {processor.py:183} INFO - Processing /usr/local/lib/python3.11/site-packages/airflow/example_dags/plugins/workday.py took 0.062 seconds
[2025-12-27T14:08:28.482+0000] {processor.py:161} INFO - Started process (PID=937) to work on /usr/local/lib/python3.11/site-packages/airflow/example_dags/plugins/workday.py
[2025-12-27T14:08:28.483+0000] {processor.py:830} INFO - Processing file /usr/local/lib/python3.11/site-packages/airflow/example_dags/plugins/workday.py for tasks to queue
[2025-12-27T14:08:28.486+0000] {logging_mixin.py:188} INFO - [2025-12-27T14:08:28.486+0000] {dagbag.py:545} INFO - Filling up the DagBag from /usr/local/lib/python3.11/site-packages/airflow/example_dags/plugins/workday.py
[2025-12-27T14:08:28.496+0000] {logging_mixin.py:188} INFO - [2025-12-27T14:08:28.495+0000] {workday.py:41} WARNING - Could not import pandas. Holidays will not be considered.
[2025-12-27T14:08:28.496+0000] {processor.py:842} WARNING - No viable dags retrieved from /usr/local/lib/python3.11/site-packages/airflow/example_dags/plugins/workday.py
[2025-12-27T14:08:28.522+0000] {processor.py:183} INFO - Processing /usr/local/lib/python3.11/site-packages/airflow/example_dags/plugins/workday.py took 0.056 seconds
[2025-12-27T14:10:05.312+0000] {processor.py:161} INFO - Started process (PID=1001) to work on /usr/local/lib/python3.11/site-packages/airflow/example_dags/plugins/workday.py
[2025-12-27T14:10:05.316+0000] {processor.py:830} INFO - Processing file /usr/local/lib/python3.11/site-packages/airflow/example_dags/plugins/workday.py for tasks to queue
[2025-12-27T14:10:05.325+0000] {logging_mixin.py:188} INFO - [2025-12-27T14:10:05.325+0000] {dagbag.py:545} INFO - Filling up the DagBag from /usr/local/lib/python3.11/site-packages/airflow/example_dags/plugins/workday.py
[2025-12-27T14:10:05.340+0000] {logging_mixin.py:188} INFO - [2025-12-27T14:10:05.340+0000] {workday.py:41} WARNING - Could not import pandas. Holidays will not be considered.
[2025-12-27T14:10:05.341+0000] {processor.py:842} WARNING - No viable dags retrieved from /usr/local/lib/python3.11/site-packages/airflow/example_dags/plugins/workday.py
[2025-12-27T14:10:05.365+0000] {processor.py:183} INFO - Processing /usr/local/lib/python3.11/site-packages/airflow/example_dags/plugins/workday.py took 0.084 seconds
[2025-12-27T14:12:14.248+0000] {processor.py:161} INFO - Started process (PID=1073) to work on /usr/local/lib/python3.11/site-packages/airflow/example_dags/plugins/workday.py
[2025-12-27T14:12:14.267+0000] {processor.py:830} INFO - Processing file /usr/local/lib/python3.11/site-packages/airflow/example_dags/plugins/workday.py for tasks to queue
[2025-12-27T14:12:14.269+0000] {logging_mixin.py:188} INFO - [2025-12-27T14:12:14.269+0000] {dagbag.py:545} INFO - Filling up the DagBag from /usr/local/lib/python3.11/site-packages/airflow/example_dags/plugins/workday.py
[2025-12-27T14:12:14.281+0000] {logging_mixin.py:188} INFO - [2025-12-27T14:12:14.280+0000] {workday.py:41} WARNING - Could not import pandas. Holidays will not be considered.
[2025-12-27T14:12:14.282+0000] {processor.py:842} WARNING - No viable dags retrieved from /usr/local/lib/python3.11/site-packages/airflow/example_dags/plugins/workday.py
[2025-12-27T14:12:14.314+0000] {processor.py:183} INFO - Processing /usr/local/lib/python3.11/site-packages/airflow/example_dags/plugins/workday.py took 0.083 seconds
[2025-12-27T14:14:13.469+0000] {processor.py:161} INFO - Started process (PID=1143) to work on /usr/local/lib/python3.11/site-packages/airflow/example_dags/plugins/workday.py
[2025-12-27T14:14:13.474+0000] {processor.py:830} INFO - Processing file /usr/local/lib/python3.11/site-packages/airflow/example_dags/plugins/workday.py for tasks to queue
[2025-12-27T14:14:13.479+0000] {logging_mixin.py:188} INFO - [2025-12-27T14:14:13.478+0000] {dagbag.py:545} INFO - Filling up the DagBag from /usr/local/lib/python3.11/site-packages/airflow/example_dags/plugins/workday.py
[2025-12-27T14:14:13.573+0000] {logging_mixin.py:188} INFO - [2025-12-27T14:14:13.573+0000] {workday.py:41} WARNING - Could not import pandas. Holidays will not be considered.
[2025-12-27T14:14:13.612+0000] {processor.py:842} WARNING - No viable dags retrieved from /usr/local/lib/python3.11/site-packages/airflow/example_dags/plugins/workday.py
[2025-12-27T14:14:14.022+0000] {processor.py:183} INFO - Processing /usr/local/lib/python3.11/site-packages/airflow/example_dags/plugins/workday.py took 0.591 seconds
[2025-12-27T14:33:11.450+0000] {processor.py:161} INFO - Started process (PID=78) to work on /usr/local/lib/python3.11/site-packages/airflow/example_dags/plugins/workday.py
[2025-12-27T14:33:11.452+0000] {processor.py:830} INFO - Processing file /usr/local/lib/python3.11/site-packages/airflow/example_dags/plugins/workday.py for tasks to queue
[2025-12-27T14:33:11.454+0000] {logging_mixin.py:188} INFO - [2025-12-27T14:33:11.454+0000] {dagbag.py:545} INFO - Filling up the DagBag from /usr/local/lib/python3.11/site-packages/airflow/example_dags/plugins/workday.py
[2025-12-27T14:33:11.461+0000] {logging_mixin.py:188} INFO - [2025-12-27T14:33:11.461+0000] {workday.py:41} WARNING - Could not import pandas. Holidays will not be considered.
[2025-12-27T14:33:11.462+0000] {processor.py:842} WARNING - No viable dags retrieved from /usr/local/lib/python3.11/site-packages/airflow/example_dags/plugins/workday.py
[2025-12-27T14:33:11.492+0000] {processor.py:183} INFO - Processing /usr/local/lib/python3.11/site-packages/airflow/example_dags/plugins/workday.py took 0.054 seconds
[2025-12-27T14:35:03.971+0000] {processor.py:161} INFO - Started process (PID=146) to work on /usr/local/lib/python3.11/site-packages/airflow/example_dags/plugins/workday.py
[2025-12-27T14:35:03.973+0000] {processor.py:830} INFO - Processing file /usr/local/lib/python3.11/site-packages/airflow/example_dags/plugins/workday.py for tasks to queue
[2025-12-27T14:35:03.975+0000] {logging_mixin.py:188} INFO - [2025-12-27T14:35:03.975+0000] {dagbag.py:545} INFO - Filling up the DagBag from /usr/local/lib/python3.11/site-packages/airflow/example_dags/plugins/workday.py
[2025-12-27T14:35:03.982+0000] {logging_mixin.py:188} INFO - [2025-12-27T14:35:03.982+0000] {workday.py:41} WARNING - Could not import pandas. Holidays will not be considered.
[2025-12-27T14:35:03.983+0000] {processor.py:842} WARNING - No viable dags retrieved from /usr/local/lib/python3.11/site-packages/airflow/example_dags/plugins/workday.py
[2025-12-27T14:35:04.009+0000] {processor.py:183} INFO - Processing /usr/local/lib/python3.11/site-packages/airflow/example_dags/plugins/workday.py took 0.051 seconds
[2025-12-27T14:55:01.099+0000] {processor.py:161} INFO - Started process (PID=82) to work on /usr/local/lib/python3.11/site-packages/airflow/example_dags/plugins/workday.py
[2025-12-27T14:55:01.100+0000] {processor.py:830} INFO - Processing file /usr/local/lib/python3.11/site-packages/airflow/example_dags/plugins/workday.py for tasks to queue
[2025-12-27T14:55:01.102+0000] {logging_mixin.py:188} INFO - [2025-12-27T14:55:01.102+0000] {dagbag.py:545} INFO - Filling up the DagBag from /usr/local/lib/python3.11/site-packages/airflow/example_dags/plugins/workday.py
[2025-12-27T14:55:01.112+0000] {logging_mixin.py:188} INFO - [2025-12-27T14:55:01.112+0000] {workday.py:41} WARNING - Could not import pandas. Holidays will not be considered.
[2025-12-27T14:55:01.113+0000] {processor.py:842} WARNING - No viable dags retrieved from /usr/local/lib/python3.11/site-packages/airflow/example_dags/plugins/workday.py
[2025-12-27T14:55:01.154+0000] {processor.py:183} INFO - Processing /usr/local/lib/python3.11/site-packages/airflow/example_dags/plugins/workday.py took 0.071 seconds
[2025-12-27T14:56:58.841+0000] {processor.py:161} INFO - Started process (PID=155) to work on /usr/local/lib/python3.11/site-packages/airflow/example_dags/plugins/workday.py
[2025-12-27T14:56:58.843+0000] {processor.py:830} INFO - Processing file /usr/local/lib/python3.11/site-packages/airflow/example_dags/plugins/workday.py for tasks to queue
[2025-12-27T14:56:58.848+0000] {logging_mixin.py:188} INFO - [2025-12-27T14:56:58.847+0000] {dagbag.py:545} INFO - Filling up the DagBag from /usr/local/lib/python3.11/site-packages/airflow/example_dags/plugins/workday.py
[2025-12-27T14:56:58.858+0000] {logging_mixin.py:188} INFO - [2025-12-27T14:56:58.858+0000] {workday.py:41} WARNING - Could not import pandas. Holidays will not be considered.
[2025-12-27T14:56:58.859+0000] {processor.py:842} WARNING - No viable dags retrieved from /usr/local/lib/python3.11/site-packages/airflow/example_dags/plugins/workday.py
[2025-12-27T14:56:58.898+0000] {processor.py:183} INFO - Processing /usr/local/lib/python3.11/site-packages/airflow/example_dags/plugins/workday.py took 0.077 seconds
[2025-12-27T14:59:04.966+0000] {processor.py:161} INFO - Started process (PID=230) to work on /usr/local/lib/python3.11/site-packages/airflow/example_dags/plugins/workday.py
[2025-12-27T14:59:04.968+0000] {processor.py:830} INFO - Processing file /usr/local/lib/python3.11/site-packages/airflow/example_dags/plugins/workday.py for tasks to queue
[2025-12-27T14:59:04.971+0000] {logging_mixin.py:188} INFO - [2025-12-27T14:59:04.970+0000] {dagbag.py:545} INFO - Filling up the DagBag from /usr/local/lib/python3.11/site-packages/airflow/example_dags/plugins/workday.py
[2025-12-27T14:59:04.978+0000] {logging_mixin.py:188} INFO - [2025-12-27T14:59:04.978+0000] {workday.py:41} WARNING - Could not import pandas. Holidays will not be considered.
[2025-12-27T14:59:04.978+0000] {processor.py:842} WARNING - No viable dags retrieved from /usr/local/lib/python3.11/site-packages/airflow/example_dags/plugins/workday.py
[2025-12-27T14:59:05.009+0000] {processor.py:183} INFO - Processing /usr/local/lib/python3.11/site-packages/airflow/example_dags/plugins/workday.py took 0.062 seconds
[2025-12-27T15:01:01.494+0000] {processor.py:161} INFO - Started process (PID=309) to work on /usr/local/lib/python3.11/site-packages/airflow/example_dags/plugins/workday.py
[2025-12-27T15:01:01.495+0000] {processor.py:830} INFO - Processing file /usr/local/lib/python3.11/site-packages/airflow/example_dags/plugins/workday.py for tasks to queue
[2025-12-27T15:01:01.498+0000] {logging_mixin.py:188} INFO - [2025-12-27T15:01:01.497+0000] {dagbag.py:545} INFO - Filling up the DagBag from /usr/local/lib/python3.11/site-packages/airflow/example_dags/plugins/workday.py
[2025-12-27T15:01:01.505+0000] {logging_mixin.py:188} INFO - [2025-12-27T15:01:01.504+0000] {workday.py:41} WARNING - Could not import pandas. Holidays will not be considered.
[2025-12-27T15:01:01.506+0000] {processor.py:842} WARNING - No viable dags retrieved from /usr/local/lib/python3.11/site-packages/airflow/example_dags/plugins/workday.py
[2025-12-27T15:01:01.532+0000] {processor.py:183} INFO - Processing /usr/local/lib/python3.11/site-packages/airflow/example_dags/plugins/workday.py took 0.054 seconds
[2025-12-27T15:02:57.225+0000] {processor.py:161} INFO - Started process (PID=384) to work on /usr/local/lib/python3.11/site-packages/airflow/example_dags/plugins/workday.py
[2025-12-27T15:02:57.226+0000] {processor.py:830} INFO - Processing file /usr/local/lib/python3.11/site-packages/airflow/example_dags/plugins/workday.py for tasks to queue
[2025-12-27T15:02:57.229+0000] {logging_mixin.py:188} INFO - [2025-12-27T15:02:57.228+0000] {dagbag.py:545} INFO - Filling up the DagBag from /usr/local/lib/python3.11/site-packages/airflow/example_dags/plugins/workday.py
[2025-12-27T15:02:57.235+0000] {logging_mixin.py:188} INFO - [2025-12-27T15:02:57.235+0000] {workday.py:41} WARNING - Could not import pandas. Holidays will not be considered.
[2025-12-27T15:02:57.236+0000] {processor.py:842} WARNING - No viable dags retrieved from /usr/local/lib/python3.11/site-packages/airflow/example_dags/plugins/workday.py
[2025-12-27T15:02:57.267+0000] {processor.py:183} INFO - Processing /usr/local/lib/python3.11/site-packages/airflow/example_dags/plugins/workday.py took 0.058 seconds
[2025-12-27T15:04:31.774+0000] {processor.py:161} INFO - Started process (PID=451) to work on /usr/local/lib/python3.11/site-packages/airflow/example_dags/plugins/workday.py
[2025-12-27T15:04:31.775+0000] {processor.py:830} INFO - Processing file /usr/local/lib/python3.11/site-packages/airflow/example_dags/plugins/workday.py for tasks to queue
[2025-12-27T15:04:31.777+0000] {logging_mixin.py:188} INFO - [2025-12-27T15:04:31.777+0000] {dagbag.py:545} INFO - Filling up the DagBag from /usr/local/lib/python3.11/site-packages/airflow/example_dags/plugins/workday.py
[2025-12-27T15:04:31.783+0000] {logging_mixin.py:188} INFO - [2025-12-27T15:04:31.783+0000] {workday.py:41} WARNING - Could not import pandas. Holidays will not be considered.
[2025-12-27T15:04:31.784+0000] {processor.py:842} WARNING - No viable dags retrieved from /usr/local/lib/python3.11/site-packages/airflow/example_dags/plugins/workday.py
[2025-12-27T15:04:31.810+0000] {processor.py:183} INFO - Processing /usr/local/lib/python3.11/site-packages/airflow/example_dags/plugins/workday.py took 0.049 seconds
[2025-12-27T15:05:59.097+0000] {processor.py:161} INFO - Started process (PID=512) to work on /usr/local/lib/python3.11/site-packages/airflow/example_dags/plugins/workday.py
[2025-12-27T15:05:59.099+0000] {processor.py:830} INFO - Processing file /usr/local/lib/python3.11/site-packages/airflow/example_dags/plugins/workday.py for tasks to queue
[2025-12-27T15:05:59.102+0000] {logging_mixin.py:188} INFO - [2025-12-27T15:05:59.101+0000] {dagbag.py:545} INFO - Filling up the DagBag from /usr/local/lib/python3.11/site-packages/airflow/example_dags/plugins/workday.py
[2025-12-27T15:05:59.110+0000] {logging_mixin.py:188} INFO - [2025-12-27T15:05:59.109+0000] {workday.py:41} WARNING - Could not import pandas. Holidays will not be considered.
[2025-12-27T15:05:59.111+0000] {processor.py:842} WARNING - No viable dags retrieved from /usr/local/lib/python3.11/site-packages/airflow/example_dags/plugins/workday.py
[2025-12-27T15:05:59.135+0000] {processor.py:183} INFO - Processing /usr/local/lib/python3.11/site-packages/airflow/example_dags/plugins/workday.py took 0.059 seconds
[2025-12-27T15:07:29.825+0000] {processor.py:161} INFO - Started process (PID=574) to work on /usr/local/lib/python3.11/site-packages/airflow/example_dags/plugins/workday.py
[2025-12-27T15:07:29.827+0000] {processor.py:830} INFO - Processing file /usr/local/lib/python3.11/site-packages/airflow/example_dags/plugins/workday.py for tasks to queue
[2025-12-27T15:07:29.830+0000] {logging_mixin.py:188} INFO - [2025-12-27T15:07:29.829+0000] {dagbag.py:545} INFO - Filling up the DagBag from /usr/local/lib/python3.11/site-packages/airflow/example_dags/plugins/workday.py
[2025-12-27T15:07:29.838+0000] {logging_mixin.py:188} INFO - [2025-12-27T15:07:29.837+0000] {workday.py:41} WARNING - Could not import pandas. Holidays will not be considered.
[2025-12-27T15:07:29.839+0000] {processor.py:842} WARNING - No viable dags retrieved from /usr/local/lib/python3.11/site-packages/airflow/example_dags/plugins/workday.py
[2025-12-27T15:07:29.882+0000] {processor.py:183} INFO - Processing /usr/local/lib/python3.11/site-packages/airflow/example_dags/plugins/workday.py took 0.074 seconds
[2025-12-27T15:09:09.780+0000] {processor.py:161} INFO - Started process (PID=638) to work on /usr/local/lib/python3.11/site-packages/airflow/example_dags/plugins/workday.py
[2025-12-27T15:09:09.781+0000] {processor.py:830} INFO - Processing file /usr/local/lib/python3.11/site-packages/airflow/example_dags/plugins/workday.py for tasks to queue
[2025-12-27T15:09:09.789+0000] {logging_mixin.py:188} INFO - [2025-12-27T15:09:09.788+0000] {dagbag.py:545} INFO - Filling up the DagBag from /usr/local/lib/python3.11/site-packages/airflow/example_dags/plugins/workday.py
[2025-12-27T15:09:09.798+0000] {logging_mixin.py:188} INFO - [2025-12-27T15:09:09.798+0000] {workday.py:41} WARNING - Could not import pandas. Holidays will not be considered.
[2025-12-27T15:09:09.799+0000] {processor.py:842} WARNING - No viable dags retrieved from /usr/local/lib/python3.11/site-packages/airflow/example_dags/plugins/workday.py
[2025-12-27T15:09:09.840+0000] {processor.py:183} INFO - Processing /usr/local/lib/python3.11/site-packages/airflow/example_dags/plugins/workday.py took 0.083 seconds
[2025-12-27T15:10:58.189+0000] {processor.py:161} INFO - Started process (PID=706) to work on /usr/local/lib/python3.11/site-packages/airflow/example_dags/plugins/workday.py
[2025-12-27T15:10:58.191+0000] {processor.py:830} INFO - Processing file /usr/local/lib/python3.11/site-packages/airflow/example_dags/plugins/workday.py for tasks to queue
[2025-12-27T15:10:58.195+0000] {logging_mixin.py:188} INFO - [2025-12-27T15:10:58.194+0000] {dagbag.py:545} INFO - Filling up the DagBag from /usr/local/lib/python3.11/site-packages/airflow/example_dags/plugins/workday.py
[2025-12-27T15:10:58.209+0000] {logging_mixin.py:188} INFO - [2025-12-27T15:10:58.209+0000] {workday.py:41} WARNING - Could not import pandas. Holidays will not be considered.
[2025-12-27T15:10:58.210+0000] {processor.py:842} WARNING - No viable dags retrieved from /usr/local/lib/python3.11/site-packages/airflow/example_dags/plugins/workday.py
[2025-12-27T15:10:58.255+0000] {processor.py:183} INFO - Processing /usr/local/lib/python3.11/site-packages/airflow/example_dags/plugins/workday.py took 0.095 seconds
[2025-12-27T15:12:37.693+0000] {processor.py:161} INFO - Started process (PID=772) to work on /usr/local/lib/python3.11/site-packages/airflow/example_dags/plugins/workday.py
[2025-12-27T15:12:37.695+0000] {processor.py:830} INFO - Processing file /usr/local/lib/python3.11/site-packages/airflow/example_dags/plugins/workday.py for tasks to queue
[2025-12-27T15:12:37.697+0000] {logging_mixin.py:188} INFO - [2025-12-27T15:12:37.697+0000] {dagbag.py:545} INFO - Filling up the DagBag from /usr/local/lib/python3.11/site-packages/airflow/example_dags/plugins/workday.py
[2025-12-27T15:12:37.706+0000] {logging_mixin.py:188} INFO - [2025-12-27T15:12:37.705+0000] {workday.py:41} WARNING - Could not import pandas. Holidays will not be considered.
[2025-12-27T15:12:37.706+0000] {processor.py:842} WARNING - No viable dags retrieved from /usr/local/lib/python3.11/site-packages/airflow/example_dags/plugins/workday.py
[2025-12-27T15:12:37.738+0000] {processor.py:183} INFO - Processing /usr/local/lib/python3.11/site-packages/airflow/example_dags/plugins/workday.py took 0.062 seconds
[2025-12-27T15:14:15.422+0000] {processor.py:161} INFO - Started process (PID=836) to work on /usr/local/lib/python3.11/site-packages/airflow/example_dags/plugins/workday.py
[2025-12-27T15:14:15.424+0000] {processor.py:830} INFO - Processing file /usr/local/lib/python3.11/site-packages/airflow/example_dags/plugins/workday.py for tasks to queue
[2025-12-27T15:14:15.426+0000] {logging_mixin.py:188} INFO - [2025-12-27T15:14:15.426+0000] {dagbag.py:545} INFO - Filling up the DagBag from /usr/local/lib/python3.11/site-packages/airflow/example_dags/plugins/workday.py
[2025-12-27T15:14:15.436+0000] {logging_mixin.py:188} INFO - [2025-12-27T15:14:15.436+0000] {workday.py:41} WARNING - Could not import pandas. Holidays will not be considered.
[2025-12-27T15:14:15.437+0000] {processor.py:842} WARNING - No viable dags retrieved from /usr/local/lib/python3.11/site-packages/airflow/example_dags/plugins/workday.py
[2025-12-27T15:14:15.473+0000] {processor.py:183} INFO - Processing /usr/local/lib/python3.11/site-packages/airflow/example_dags/plugins/workday.py took 0.067 seconds
[2025-12-27T15:15:58.977+0000] {processor.py:161} INFO - Started process (PID=903) to work on /usr/local/lib/python3.11/site-packages/airflow/example_dags/plugins/workday.py
[2025-12-27T15:15:58.979+0000] {processor.py:830} INFO - Processing file /usr/local/lib/python3.11/site-packages/airflow/example_dags/plugins/workday.py for tasks to queue
[2025-12-27T15:15:58.981+0000] {logging_mixin.py:188} INFO - [2025-12-27T15:15:58.981+0000] {dagbag.py:545} INFO - Filling up the DagBag from /usr/local/lib/python3.11/site-packages/airflow/example_dags/plugins/workday.py
[2025-12-27T15:15:58.989+0000] {logging_mixin.py:188} INFO - [2025-12-27T15:15:58.989+0000] {workday.py:41} WARNING - Could not import pandas. Holidays will not be considered.
[2025-12-27T15:15:58.990+0000] {processor.py:842} WARNING - No viable dags retrieved from /usr/local/lib/python3.11/site-packages/airflow/example_dags/plugins/workday.py
[2025-12-27T15:15:59.014+0000] {processor.py:183} INFO - Processing /usr/local/lib/python3.11/site-packages/airflow/example_dags/plugins/workday.py took 0.055 seconds
[2025-12-27T15:17:47.934+0000] {processor.py:161} INFO - Started process (PID=967) to work on /usr/local/lib/python3.11/site-packages/airflow/example_dags/plugins/workday.py
[2025-12-27T15:17:47.935+0000] {processor.py:830} INFO - Processing file /usr/local/lib/python3.11/site-packages/airflow/example_dags/plugins/workday.py for tasks to queue
[2025-12-27T15:17:47.939+0000] {logging_mixin.py:188} INFO - [2025-12-27T15:17:47.938+0000] {dagbag.py:545} INFO - Filling up the DagBag from /usr/local/lib/python3.11/site-packages/airflow/example_dags/plugins/workday.py
[2025-12-27T15:17:47.947+0000] {logging_mixin.py:188} INFO - [2025-12-27T15:17:47.947+0000] {workday.py:41} WARNING - Could not import pandas. Holidays will not be considered.
[2025-12-27T15:17:47.948+0000] {processor.py:842} WARNING - No viable dags retrieved from /usr/local/lib/python3.11/site-packages/airflow/example_dags/plugins/workday.py
[2025-12-27T15:17:47.981+0000] {processor.py:183} INFO - Processing /usr/local/lib/python3.11/site-packages/airflow/example_dags/plugins/workday.py took 0.065 seconds
[2025-12-27T15:19:33.363+0000] {processor.py:161} INFO - Started process (PID=1034) to work on /usr/local/lib/python3.11/site-packages/airflow/example_dags/plugins/workday.py
[2025-12-27T15:19:33.364+0000] {processor.py:830} INFO - Processing file /usr/local/lib/python3.11/site-packages/airflow/example_dags/plugins/workday.py for tasks to queue
[2025-12-27T15:19:33.366+0000] {logging_mixin.py:188} INFO - [2025-12-27T15:19:33.366+0000] {dagbag.py:545} INFO - Filling up the DagBag from /usr/local/lib/python3.11/site-packages/airflow/example_dags/plugins/workday.py
[2025-12-27T15:19:33.377+0000] {logging_mixin.py:188} INFO - [2025-12-27T15:19:33.377+0000] {workday.py:41} WARNING - Could not import pandas. Holidays will not be considered.
[2025-12-27T15:19:33.378+0000] {processor.py:842} WARNING - No viable dags retrieved from /usr/local/lib/python3.11/site-packages/airflow/example_dags/plugins/workday.py
[2025-12-27T15:19:33.416+0000] {processor.py:183} INFO - Processing /usr/local/lib/python3.11/site-packages/airflow/example_dags/plugins/workday.py took 0.070 seconds
[2025-12-27T15:32:01.938+0000] {processor.py:161} INFO - Started process (PID=77) to work on /usr/local/lib/python3.11/site-packages/airflow/example_dags/plugins/workday.py
[2025-12-27T15:32:01.941+0000] {processor.py:830} INFO - Processing file /usr/local/lib/python3.11/site-packages/airflow/example_dags/plugins/workday.py for tasks to queue
[2025-12-27T15:32:01.944+0000] {logging_mixin.py:188} INFO - [2025-12-27T15:32:01.943+0000] {dagbag.py:545} INFO - Filling up the DagBag from /usr/local/lib/python3.11/site-packages/airflow/example_dags/plugins/workday.py
[2025-12-27T15:32:01.953+0000] {logging_mixin.py:188} INFO - [2025-12-27T15:32:01.953+0000] {workday.py:41} WARNING - Could not import pandas. Holidays will not be considered.
[2025-12-27T15:32:01.957+0000] {processor.py:842} WARNING - No viable dags retrieved from /usr/local/lib/python3.11/site-packages/airflow/example_dags/plugins/workday.py
[2025-12-27T15:32:01.997+0000] {processor.py:183} INFO - Processing /usr/local/lib/python3.11/site-packages/airflow/example_dags/plugins/workday.py took 0.081 seconds
[2025-12-27T15:33:54.048+0000] {processor.py:161} INFO - Started process (PID=149) to work on /usr/local/lib/python3.11/site-packages/airflow/example_dags/plugins/workday.py
[2025-12-27T15:33:54.050+0000] {processor.py:830} INFO - Processing file /usr/local/lib/python3.11/site-packages/airflow/example_dags/plugins/workday.py for tasks to queue
[2025-12-27T15:33:54.053+0000] {logging_mixin.py:188} INFO - [2025-12-27T15:33:54.052+0000] {dagbag.py:545} INFO - Filling up the DagBag from /usr/local/lib/python3.11/site-packages/airflow/example_dags/plugins/workday.py
[2025-12-27T15:33:54.063+0000] {logging_mixin.py:188} INFO - [2025-12-27T15:33:54.063+0000] {workday.py:41} WARNING - Could not import pandas. Holidays will not be considered.
[2025-12-27T15:33:54.064+0000] {processor.py:842} WARNING - No viable dags retrieved from /usr/local/lib/python3.11/site-packages/airflow/example_dags/plugins/workday.py
[2025-12-27T15:33:54.094+0000] {processor.py:183} INFO - Processing /usr/local/lib/python3.11/site-packages/airflow/example_dags/plugins/workday.py took 0.062 seconds
[2025-12-27T15:35:28.656+0000] {processor.py:161} INFO - Started process (PID=213) to work on /usr/local/lib/python3.11/site-packages/airflow/example_dags/plugins/workday.py
[2025-12-27T15:35:28.658+0000] {processor.py:830} INFO - Processing file /usr/local/lib/python3.11/site-packages/airflow/example_dags/plugins/workday.py for tasks to queue
[2025-12-27T15:35:28.660+0000] {logging_mixin.py:188} INFO - [2025-12-27T15:35:28.659+0000] {dagbag.py:545} INFO - Filling up the DagBag from /usr/local/lib/python3.11/site-packages/airflow/example_dags/plugins/workday.py
[2025-12-27T15:35:28.667+0000] {logging_mixin.py:188} INFO - [2025-12-27T15:35:28.667+0000] {workday.py:41} WARNING - Could not import pandas. Holidays will not be considered.
[2025-12-27T15:35:28.667+0000] {processor.py:842} WARNING - No viable dags retrieved from /usr/local/lib/python3.11/site-packages/airflow/example_dags/plugins/workday.py
[2025-12-27T15:35:28.695+0000] {processor.py:183} INFO - Processing /usr/local/lib/python3.11/site-packages/airflow/example_dags/plugins/workday.py took 0.052 seconds
[2025-12-27T15:37:03.019+0000] {processor.py:161} INFO - Started process (PID=276) to work on /usr/local/lib/python3.11/site-packages/airflow/example_dags/plugins/workday.py
[2025-12-27T15:37:03.020+0000] {processor.py:830} INFO - Processing file /usr/local/lib/python3.11/site-packages/airflow/example_dags/plugins/workday.py for tasks to queue
[2025-12-27T15:37:03.023+0000] {logging_mixin.py:188} INFO - [2025-12-27T15:37:03.022+0000] {dagbag.py:545} INFO - Filling up the DagBag from /usr/local/lib/python3.11/site-packages/airflow/example_dags/plugins/workday.py
[2025-12-27T15:37:03.030+0000] {logging_mixin.py:188} INFO - [2025-12-27T15:37:03.030+0000] {workday.py:41} WARNING - Could not import pandas. Holidays will not be considered.
[2025-12-27T15:37:03.031+0000] {processor.py:842} WARNING - No viable dags retrieved from /usr/local/lib/python3.11/site-packages/airflow/example_dags/plugins/workday.py
[2025-12-27T15:37:03.056+0000] {processor.py:183} INFO - Processing /usr/local/lib/python3.11/site-packages/airflow/example_dags/plugins/workday.py took 0.056 seconds
[2025-12-27T15:38:33.708+0000] {processor.py:161} INFO - Started process (PID=338) to work on /usr/local/lib/python3.11/site-packages/airflow/example_dags/plugins/workday.py
[2025-12-27T15:38:33.709+0000] {processor.py:830} INFO - Processing file /usr/local/lib/python3.11/site-packages/airflow/example_dags/plugins/workday.py for tasks to queue
[2025-12-27T15:38:33.712+0000] {logging_mixin.py:188} INFO - [2025-12-27T15:38:33.711+0000] {dagbag.py:545} INFO - Filling up the DagBag from /usr/local/lib/python3.11/site-packages/airflow/example_dags/plugins/workday.py
[2025-12-27T15:38:33.719+0000] {logging_mixin.py:188} INFO - [2025-12-27T15:38:33.718+0000] {workday.py:41} WARNING - Could not import pandas. Holidays will not be considered.
[2025-12-27T15:38:33.719+0000] {processor.py:842} WARNING - No viable dags retrieved from /usr/local/lib/python3.11/site-packages/airflow/example_dags/plugins/workday.py
[2025-12-27T15:38:33.744+0000] {processor.py:183} INFO - Processing /usr/local/lib/python3.11/site-packages/airflow/example_dags/plugins/workday.py took 0.049 seconds
[2025-12-27T15:40:20.300+0000] {processor.py:161} INFO - Started process (PID=404) to work on /usr/local/lib/python3.11/site-packages/airflow/example_dags/plugins/workday.py
[2025-12-27T15:40:20.301+0000] {processor.py:830} INFO - Processing file /usr/local/lib/python3.11/site-packages/airflow/example_dags/plugins/workday.py for tasks to queue
[2025-12-27T15:40:20.305+0000] {logging_mixin.py:188} INFO - [2025-12-27T15:40:20.304+0000] {dagbag.py:545} INFO - Filling up the DagBag from /usr/local/lib/python3.11/site-packages/airflow/example_dags/plugins/workday.py
[2025-12-27T15:40:20.313+0000] {logging_mixin.py:188} INFO - [2025-12-27T15:40:20.312+0000] {workday.py:41} WARNING - Could not import pandas. Holidays will not be considered.
[2025-12-27T15:40:20.314+0000] {processor.py:842} WARNING - No viable dags retrieved from /usr/local/lib/python3.11/site-packages/airflow/example_dags/plugins/workday.py
[2025-12-27T15:40:20.353+0000] {processor.py:183} INFO - Processing /usr/local/lib/python3.11/site-packages/airflow/example_dags/plugins/workday.py took 0.072 seconds
[2025-12-27T15:42:02.195+0000] {processor.py:161} INFO - Started process (PID=469) to work on /usr/local/lib/python3.11/site-packages/airflow/example_dags/plugins/workday.py
[2025-12-27T15:42:02.196+0000] {processor.py:830} INFO - Processing file /usr/local/lib/python3.11/site-packages/airflow/example_dags/plugins/workday.py for tasks to queue
[2025-12-27T15:42:02.198+0000] {logging_mixin.py:188} INFO - [2025-12-27T15:42:02.198+0000] {dagbag.py:545} INFO - Filling up the DagBag from /usr/local/lib/python3.11/site-packages/airflow/example_dags/plugins/workday.py
[2025-12-27T15:42:02.205+0000] {logging_mixin.py:188} INFO - [2025-12-27T15:42:02.205+0000] {workday.py:41} WARNING - Could not import pandas. Holidays will not be considered.
[2025-12-27T15:42:02.206+0000] {processor.py:842} WARNING - No viable dags retrieved from /usr/local/lib/python3.11/site-packages/airflow/example_dags/plugins/workday.py
[2025-12-27T15:42:02.253+0000] {processor.py:183} INFO - Processing /usr/local/lib/python3.11/site-packages/airflow/example_dags/plugins/workday.py took 0.074 seconds
[2025-12-27T15:44:50.232+0000] {processor.py:161} INFO - Started process (PID=81) to work on /usr/local/lib/python3.11/site-packages/airflow/example_dags/plugins/workday.py
[2025-12-27T15:44:50.233+0000] {processor.py:830} INFO - Processing file /usr/local/lib/python3.11/site-packages/airflow/example_dags/plugins/workday.py for tasks to queue
[2025-12-27T15:44:50.235+0000] {logging_mixin.py:188} INFO - [2025-12-27T15:44:50.235+0000] {dagbag.py:545} INFO - Filling up the DagBag from /usr/local/lib/python3.11/site-packages/airflow/example_dags/plugins/workday.py
[2025-12-27T15:44:50.243+0000] {logging_mixin.py:188} INFO - [2025-12-27T15:44:50.242+0000] {workday.py:41} WARNING - Could not import pandas. Holidays will not be considered.
[2025-12-27T15:44:50.244+0000] {processor.py:842} WARNING - No viable dags retrieved from /usr/local/lib/python3.11/site-packages/airflow/example_dags/plugins/workday.py
[2025-12-27T15:44:50.269+0000] {processor.py:183} INFO - Processing /usr/local/lib/python3.11/site-packages/airflow/example_dags/plugins/workday.py took 0.050 seconds
[2025-12-27T15:46:34.508+0000] {processor.py:161} INFO - Started process (PID=151) to work on /usr/local/lib/python3.11/site-packages/airflow/example_dags/plugins/workday.py
[2025-12-27T15:46:34.509+0000] {processor.py:830} INFO - Processing file /usr/local/lib/python3.11/site-packages/airflow/example_dags/plugins/workday.py for tasks to queue
[2025-12-27T15:46:34.512+0000] {logging_mixin.py:188} INFO - [2025-12-27T15:46:34.511+0000] {dagbag.py:545} INFO - Filling up the DagBag from /usr/local/lib/python3.11/site-packages/airflow/example_dags/plugins/workday.py
[2025-12-27T15:46:34.519+0000] {logging_mixin.py:188} INFO - [2025-12-27T15:46:34.519+0000] {workday.py:41} WARNING - Could not import pandas. Holidays will not be considered.
[2025-12-27T15:46:34.520+0000] {processor.py:842} WARNING - No viable dags retrieved from /usr/local/lib/python3.11/site-packages/airflow/example_dags/plugins/workday.py
[2025-12-27T15:46:34.548+0000] {processor.py:183} INFO - Processing /usr/local/lib/python3.11/site-packages/airflow/example_dags/plugins/workday.py took 0.053 seconds
[2025-12-27T15:48:11.970+0000] {processor.py:161} INFO - Started process (PID=246) to work on /usr/local/lib/python3.11/site-packages/airflow/example_dags/plugins/workday.py
[2025-12-27T15:48:11.972+0000] {processor.py:830} INFO - Processing file /usr/local/lib/python3.11/site-packages/airflow/example_dags/plugins/workday.py for tasks to queue
[2025-12-27T15:48:11.974+0000] {logging_mixin.py:188} INFO - [2025-12-27T15:48:11.973+0000] {dagbag.py:545} INFO - Filling up the DagBag from /usr/local/lib/python3.11/site-packages/airflow/example_dags/plugins/workday.py
[2025-12-27T15:48:11.980+0000] {logging_mixin.py:188} INFO - [2025-12-27T15:48:11.980+0000] {workday.py:41} WARNING - Could not import pandas. Holidays will not be considered.
[2025-12-27T15:48:11.981+0000] {processor.py:842} WARNING - No viable dags retrieved from /usr/local/lib/python3.11/site-packages/airflow/example_dags/plugins/workday.py
[2025-12-27T15:48:12.015+0000] {processor.py:183} INFO - Processing /usr/local/lib/python3.11/site-packages/airflow/example_dags/plugins/workday.py took 0.057 seconds
[2025-12-27T15:49:41.364+0000] {processor.py:161} INFO - Started process (PID=312) to work on /usr/local/lib/python3.11/site-packages/airflow/example_dags/plugins/workday.py
[2025-12-27T15:49:41.365+0000] {processor.py:830} INFO - Processing file /usr/local/lib/python3.11/site-packages/airflow/example_dags/plugins/workday.py for tasks to queue
[2025-12-27T15:49:41.367+0000] {logging_mixin.py:188} INFO - [2025-12-27T15:49:41.367+0000] {dagbag.py:545} INFO - Filling up the DagBag from /usr/local/lib/python3.11/site-packages/airflow/example_dags/plugins/workday.py
[2025-12-27T15:49:41.375+0000] {logging_mixin.py:188} INFO - [2025-12-27T15:49:41.374+0000] {workday.py:41} WARNING - Could not import pandas. Holidays will not be considered.
[2025-12-27T15:49:41.375+0000] {processor.py:842} WARNING - No viable dags retrieved from /usr/local/lib/python3.11/site-packages/airflow/example_dags/plugins/workday.py
[2025-12-27T15:49:41.406+0000] {processor.py:183} INFO - Processing /usr/local/lib/python3.11/site-packages/airflow/example_dags/plugins/workday.py took 0.055 seconds
[2025-12-27T15:51:19.266+0000] {processor.py:161} INFO - Started process (PID=389) to work on /usr/local/lib/python3.11/site-packages/airflow/example_dags/plugins/workday.py
[2025-12-27T15:51:19.267+0000] {processor.py:830} INFO - Processing file /usr/local/lib/python3.11/site-packages/airflow/example_dags/plugins/workday.py for tasks to queue
[2025-12-27T15:51:19.270+0000] {logging_mixin.py:188} INFO - [2025-12-27T15:51:19.270+0000] {dagbag.py:545} INFO - Filling up the DagBag from /usr/local/lib/python3.11/site-packages/airflow/example_dags/plugins/workday.py
[2025-12-27T15:51:19.278+0000] {logging_mixin.py:188} INFO - [2025-12-27T15:51:19.278+0000] {workday.py:41} WARNING - Could not import pandas. Holidays will not be considered.
[2025-12-27T15:51:19.279+0000] {processor.py:842} WARNING - No viable dags retrieved from /usr/local/lib/python3.11/site-packages/airflow/example_dags/plugins/workday.py
[2025-12-27T15:51:19.306+0000] {processor.py:183} INFO - Processing /usr/local/lib/python3.11/site-packages/airflow/example_dags/plugins/workday.py took 0.058 seconds
[2025-12-27T15:52:49.827+0000] {processor.py:161} INFO - Started process (PID=469) to work on /usr/local/lib/python3.11/site-packages/airflow/example_dags/plugins/workday.py
[2025-12-27T15:52:49.828+0000] {processor.py:830} INFO - Processing file /usr/local/lib/python3.11/site-packages/airflow/example_dags/plugins/workday.py for tasks to queue
[2025-12-27T15:52:49.830+0000] {logging_mixin.py:188} INFO - [2025-12-27T15:52:49.830+0000] {dagbag.py:545} INFO - Filling up the DagBag from /usr/local/lib/python3.11/site-packages/airflow/example_dags/plugins/workday.py
[2025-12-27T15:52:49.837+0000] {logging_mixin.py:188} INFO - [2025-12-27T15:52:49.837+0000] {workday.py:41} WARNING - Could not import pandas. Holidays will not be considered.
[2025-12-27T15:52:49.838+0000] {processor.py:842} WARNING - No viable dags retrieved from /usr/local/lib/python3.11/site-packages/airflow/example_dags/plugins/workday.py
[2025-12-27T15:52:49.864+0000] {processor.py:183} INFO - Processing /usr/local/lib/python3.11/site-packages/airflow/example_dags/plugins/workday.py took 0.050 seconds
[2025-12-27T15:54:22.556+0000] {processor.py:161} INFO - Started process (PID=533) to work on /usr/local/lib/python3.11/site-packages/airflow/example_dags/plugins/workday.py
[2025-12-27T15:54:22.558+0000] {processor.py:830} INFO - Processing file /usr/local/lib/python3.11/site-packages/airflow/example_dags/plugins/workday.py for tasks to queue
[2025-12-27T15:54:22.563+0000] {logging_mixin.py:188} INFO - [2025-12-27T15:54:22.562+0000] {dagbag.py:545} INFO - Filling up the DagBag from /usr/local/lib/python3.11/site-packages/airflow/example_dags/plugins/workday.py
[2025-12-27T15:54:22.589+0000] {logging_mixin.py:188} INFO - [2025-12-27T15:54:22.588+0000] {workday.py:41} WARNING - Could not import pandas. Holidays will not be considered.
[2025-12-27T15:54:22.590+0000] {processor.py:842} WARNING - No viable dags retrieved from /usr/local/lib/python3.11/site-packages/airflow/example_dags/plugins/workday.py
[2025-12-27T15:54:22.647+0000] {processor.py:183} INFO - Processing /usr/local/lib/python3.11/site-packages/airflow/example_dags/plugins/workday.py took 0.140 seconds
[2025-12-27T15:55:54.150+0000] {processor.py:161} INFO - Started process (PID=603) to work on /usr/local/lib/python3.11/site-packages/airflow/example_dags/plugins/workday.py
[2025-12-27T15:55:54.152+0000] {processor.py:830} INFO - Processing file /usr/local/lib/python3.11/site-packages/airflow/example_dags/plugins/workday.py for tasks to queue
[2025-12-27T15:55:54.154+0000] {logging_mixin.py:188} INFO - [2025-12-27T15:55:54.154+0000] {dagbag.py:545} INFO - Filling up the DagBag from /usr/local/lib/python3.11/site-packages/airflow/example_dags/plugins/workday.py
[2025-12-27T15:55:54.162+0000] {logging_mixin.py:188} INFO - [2025-12-27T15:55:54.161+0000] {workday.py:41} WARNING - Could not import pandas. Holidays will not be considered.
[2025-12-27T15:55:54.162+0000] {processor.py:842} WARNING - No viable dags retrieved from /usr/local/lib/python3.11/site-packages/airflow/example_dags/plugins/workday.py
[2025-12-27T15:55:54.193+0000] {processor.py:183} INFO - Processing /usr/local/lib/python3.11/site-packages/airflow/example_dags/plugins/workday.py took 0.060 seconds
[2025-12-27T15:57:27.566+0000] {processor.py:161} INFO - Started process (PID=671) to work on /usr/local/lib/python3.11/site-packages/airflow/example_dags/plugins/workday.py
[2025-12-27T15:57:27.567+0000] {processor.py:830} INFO - Processing file /usr/local/lib/python3.11/site-packages/airflow/example_dags/plugins/workday.py for tasks to queue
[2025-12-27T15:57:27.569+0000] {logging_mixin.py:188} INFO - [2025-12-27T15:57:27.569+0000] {dagbag.py:545} INFO - Filling up the DagBag from /usr/local/lib/python3.11/site-packages/airflow/example_dags/plugins/workday.py
[2025-12-27T15:57:27.578+0000] {logging_mixin.py:188} INFO - [2025-12-27T15:57:27.577+0000] {workday.py:41} WARNING - Could not import pandas. Holidays will not be considered.
[2025-12-27T15:57:27.578+0000] {processor.py:842} WARNING - No viable dags retrieved from /usr/local/lib/python3.11/site-packages/airflow/example_dags/plugins/workday.py
[2025-12-27T15:57:27.612+0000] {processor.py:183} INFO - Processing /usr/local/lib/python3.11/site-packages/airflow/example_dags/plugins/workday.py took 0.065 seconds
[2025-12-27T15:58:56.645+0000] {processor.py:161} INFO - Started process (PID=734) to work on /usr/local/lib/python3.11/site-packages/airflow/example_dags/plugins/workday.py
[2025-12-27T15:58:56.646+0000] {processor.py:830} INFO - Processing file /usr/local/lib/python3.11/site-packages/airflow/example_dags/plugins/workday.py for tasks to queue
[2025-12-27T15:58:56.648+0000] {logging_mixin.py:188} INFO - [2025-12-27T15:58:56.648+0000] {dagbag.py:545} INFO - Filling up the DagBag from /usr/local/lib/python3.11/site-packages/airflow/example_dags/plugins/workday.py
[2025-12-27T15:58:56.655+0000] {logging_mixin.py:188} INFO - [2025-12-27T15:58:56.655+0000] {workday.py:41} WARNING - Could not import pandas. Holidays will not be considered.
[2025-12-27T15:58:56.656+0000] {processor.py:842} WARNING - No viable dags retrieved from /usr/local/lib/python3.11/site-packages/airflow/example_dags/plugins/workday.py
[2025-12-27T15:58:56.681+0000] {processor.py:183} INFO - Processing /usr/local/lib/python3.11/site-packages/airflow/example_dags/plugins/workday.py took 0.051 seconds
[2025-12-27T16:00:50.576+0000] {processor.py:161} INFO - Started process (PID=802) to work on /usr/local/lib/python3.11/site-packages/airflow/example_dags/plugins/workday.py
[2025-12-27T16:00:50.577+0000] {processor.py:830} INFO - Processing file /usr/local/lib/python3.11/site-packages/airflow/example_dags/plugins/workday.py for tasks to queue
[2025-12-27T16:00:50.580+0000] {logging_mixin.py:188} INFO - [2025-12-27T16:00:50.579+0000] {dagbag.py:545} INFO - Filling up the DagBag from /usr/local/lib/python3.11/site-packages/airflow/example_dags/plugins/workday.py
[2025-12-27T16:00:50.586+0000] {logging_mixin.py:188} INFO - [2025-12-27T16:00:50.586+0000] {workday.py:41} WARNING - Could not import pandas. Holidays will not be considered.
[2025-12-27T16:00:50.587+0000] {processor.py:842} WARNING - No viable dags retrieved from /usr/local/lib/python3.11/site-packages/airflow/example_dags/plugins/workday.py
[2025-12-27T16:00:50.616+0000] {processor.py:183} INFO - Processing /usr/local/lib/python3.11/site-packages/airflow/example_dags/plugins/workday.py took 0.055 seconds
